epoch,step,loss
1,1,2.39141845703125
1,2,2.215087890625
1,3,2.53125
2,1,1.6204109191894531
2,2,1.6277084350585938
3,1,1.4104118347167969
3,2,1.353759765625
4,1,1.2336997985839844
4,2,1.0506744384765625
5,1,1.038456916809082
5,2,1.006368637084961
6,1,0.7397675514221191
6,2,0.8245961666107178
7,1,0.659390926361084
7,2,0.6202971935272217
8,1,0.4477023482322693
8,2,0.5367133617401123
9,1,0.5057845711708069
9,2,0.4084733724594116
10,1,0.29235219955444336
10,2,0.34935176372528076
11,1,0.2322908341884613
11,2,0.28698593378067017
12,1,0.2649056017398834
12,2,0.3079174757003784
13,1,0.2464345395565033
13,2,0.264565646648407
14,1,0.11010846495628357
14,2,0.24364598095417023
15,1,0.15207655727863312
15,2,0.23677551746368408
16,1,0.3612893223762512
16,2,0.09367427229881287
17,1,0.19044816493988037
17,2,0.2760278284549713
18,1,0.20082056522369385
18,2,0.1216709241271019
19,1,0.22762416303157806
19,2,0.09700340032577515
20,1,0.29320046305656433
20,2,0.14596538245677948
21,1,0.048303548246622086
21,2,0.20374464988708496
22,1,0.22315825521945953
22,2,0.34892165660858154
23,1,0.17812581360340118
23,2,0.09176584333181381
24,1,0.10290153324604034
24,2,0.11149920523166656
25,1,0.06824794411659241
25,2,0.07616446912288666
26,1,0.12838098406791687
26,2,0.11543013900518417
27,1,0.09468307346105576
27,2,0.03834431990981102
28,1,0.08953159302473068
28,2,0.05535883456468582
29,1,0.05967296287417412
29,2,0.13332831859588623
30,1,0.0800667554140091
30,2,0.17900635302066803
31,1,0.15920966863632202
31,2,0.09302587062120438
32,1,0.0433034785091877
32,2,0.04588214308023453
33,1,0.029781527817249298
33,2,0.10821995139122009
34,1,0.02783834934234619
34,2,0.05179474502801895
35,1,0.02031637355685234
35,2,0.17207176983356476
36,1,0.021701771765947342
36,2,0.0207439623773098
37,1,0.02488776668906212
37,2,0.04904499650001526
38,1,0.12252208590507507
38,2,0.021072203293442726
39,1,0.02068035677075386
39,2,0.044575683772563934
40,1,0.2578887343406677
40,2,0.1560797244310379
41,1,0.06474193930625916
41,2,0.03039923682808876
42,1,0.09821616858243942
42,2,0.07684779912233353
43,1,0.08120358735322952
43,2,0.026611505076289177
44,1,0.02003403753042221
44,2,0.16900506615638733
45,1,0.093046173453331
45,2,0.08022647351026535
46,1,0.13714203238487244
46,2,0.02455931343138218
47,1,0.02087542787194252
47,2,0.10495655983686447
48,1,0.028584828600287437
48,2,0.07970516383647919
49,1,0.050184838473796844
49,2,0.07192786037921906
50,1,0.017868682742118835
50,2,0.01928279548883438
51,1,0.0322406068444252
51,2,0.08893730491399765
52,1,0.03102961927652359
52,2,0.11168106645345688
53,1,0.1231890469789505
53,2,0.023262551054358482
54,1,0.028083782643079758
54,2,0.016988573595881462
55,1,0.04528025537729263
55,2,0.1037033423781395
56,1,0.05199059471487999
56,2,0.07757643610239029
57,1,0.08151061832904816
57,2,0.04384361952543259
58,1,0.08687020093202591
58,2,0.03218461945652962
59,1,0.024340840056538582
59,2,0.025906354188919067
60,1,0.020770695060491562
60,2,0.03345699608325958
61,1,0.019084446132183075
61,2,0.0485583059489727
62,1,0.04427731782197952
62,2,0.0622175969183445
63,1,0.010246774181723595
63,2,0.014405602589249611
64,1,0.010043632239103317
64,2,0.02476675435900688
65,1,0.0478893518447876
65,2,0.016076693311333656
66,1,0.019853858277201653
66,2,0.029815664514899254
67,1,0.08497733622789383
67,2,0.016408436000347137
68,1,0.15596768260002136
68,2,0.024250295013189316
69,1,0.02770896628499031
69,2,0.029550762847065926
70,1,0.015780126675963402
70,2,0.019467435777187347
71,1,0.07808364927768707
71,2,0.08139544725418091
72,1,0.03349819779396057
72,2,0.030322998762130737
73,1,0.03226875886321068
73,2,0.04844222962856293
74,1,0.05136468634009361
74,2,0.014625802636146545
75,1,0.020489515736699104
75,2,0.025362178683280945
76,1,0.01675429381430149
76,2,0.011120384559035301
77,1,0.026086386293172836
77,2,0.0109404306858778
78,1,0.05364425480365753
78,2,0.006803160533308983
79,1,0.08886459469795227
79,2,0.018645944073796272
80,1,0.02829466573894024
80,2,0.03117833286523819
81,1,0.01466245949268341
81,2,0.03339104726910591
82,1,0.028573481366038322
82,2,0.006304644048213959
83,1,0.1208762377500534
83,2,0.02062365412712097
84,1,0.061303965747356415
84,2,0.010274820029735565
85,1,0.08041433990001678
85,2,0.07906072586774826
86,1,0.038624100387096405
86,2,0.14507822692394257
87,1,0.008729984983801842
87,2,0.005700124427676201
88,1,0.07783111184835434
88,2,0.008482538163661957
89,1,0.03278632462024689
89,2,0.015428923070430756
90,1,0.013321783393621445
90,2,0.036216557025909424
91,1,0.03878287971019745
91,2,0.026962563395500183
92,1,0.049487076699733734
92,2,0.08598481118679047
93,1,0.008600262925028801
93,2,0.01812589354813099
94,1,0.014897825196385384
94,2,0.010516209527850151
95,1,0.016420450061559677
95,2,0.017929820343852043
96,1,0.01682213507592678
96,2,0.024758731946349144
97,1,0.008706068620085716
97,2,0.016202012076973915
98,1,0.01256733387708664
98,2,0.013694731518626213
99,1,0.05150901898741722
99,2,0.042479731142520905
100,1,0.018624113872647285
100,2,0.02075916901230812
