epoch,step,loss
1,1,1.5214531421661377
1,2,1.4439189434051514
1,3,1.3899462223052979
1,4,1.3406462669372559
1,5,1.3102633953094482
1,6,1.272297739982605
1,7,1.2429406642913818
1,8,1.2203792333602905
1,9,1.1969350576400757
1,10,1.180890679359436
1,11,1.151116132736206
1,12,1.1302030086517334
1,13,1.1063456535339355
1,14,1.0909779071807861
1,15,1.0720388889312744
1,16,1.0492517948150635
2,1,1.0316627025604248
2,2,1.0126845836639404
2,3,0.9921004772186279
2,4,0.9769904613494873
2,5,0.9597376585006714
2,6,0.9367116093635559
2,7,0.930638313293457
2,8,0.9093174934387207
2,9,0.8932926654815674
2,10,0.882205605506897
2,11,0.8740189671516418
2,12,0.8583264350891113
2,13,0.8563947677612305
2,14,0.8500847816467285
2,15,0.8164471387863159
3,1,0.8089298009872437
3,2,0.8120013475418091
3,3,0.7952316999435425
3,4,0.7940661311149597
3,5,0.7854095101356506
3,6,0.7711353302001953
3,7,0.7550562620162964
3,8,0.7484393119812012
3,9,0.7377947568893433
3,10,0.7294872999191284
3,11,0.7313175201416016
3,12,0.7160567045211792
3,13,0.7169559597969055
3,14,0.7112066745758057
3,15,0.7001979947090149
4,1,0.6880265474319458
4,2,0.6836490631103516
4,3,0.6729382276535034
4,4,0.6763531565666199
4,5,0.6638308763504028
4,6,0.6543225646018982
4,7,0.6523957252502441
4,8,0.6546124815940857
4,9,0.6396329402923584
4,10,0.6299071311950684
4,11,0.6346349716186523
4,12,0.6179988384246826
4,13,0.613490879535675
4,14,0.618994951248169
4,15,0.6104252338409424
5,1,0.5919348001480103
5,2,0.6032801866531372
5,3,0.5896739959716797
5,4,0.5866332054138184
5,5,0.5763318538665771
5,6,0.5634279251098633
5,7,0.5702276825904846
5,8,0.5685266256332397
5,9,0.5505143404006958
5,10,0.5483874082565308
5,11,0.551960825920105
5,12,0.5392680764198303
5,13,0.5335571765899658
5,14,0.5367125868797302
5,15,0.5294853448867798
6,1,0.5188573598861694
6,2,0.5193847417831421
6,3,0.512710690498352
6,4,0.5228281617164612
6,5,0.5082936882972717
6,6,0.5017602443695068
6,7,0.49498316645622253
6,8,0.48902231454849243
6,9,0.48513853549957275
6,10,0.484184592962265
6,11,0.48253679275512695
6,12,0.4824025630950928
6,13,0.4771072268486023
6,14,0.4671567678451538
6,15,0.46656766533851624
7,1,0.45704516768455505
7,2,0.44588011503219604
7,3,0.4674794375896454
7,4,0.441845178604126
7,5,0.44635993242263794
7,6,0.43616679310798645
7,7,0.45200371742248535
7,8,0.4389094114303589
7,9,0.43401098251342773
7,10,0.4190823435783386
7,11,0.44414979219436646
7,12,0.41811367869377136
7,13,0.427292138338089
7,14,0.413863867521286
7,15,0.4201509356498718
8,1,0.4073297381401062
8,2,0.4225744605064392
8,3,0.40088987350463867
8,4,0.40863722562789917
8,5,0.3952265977859497
8,6,0.4047725796699524
8,7,0.3820669949054718
8,8,0.39349812269210815
8,9,0.40271127223968506
8,10,0.3925802409648895
8,11,0.3781271278858185
8,12,0.3726455867290497
8,13,0.3725629448890686
8,14,0.36723196506500244
8,15,0.36266326904296875
9,1,0.37247252464294434
9,2,0.37711215019226074
9,3,0.35805457830429077
9,4,0.36048343777656555
9,5,0.35874271392822266
9,6,0.3548142910003662
9,7,0.35405218601226807
9,8,0.3503400683403015
9,9,0.34549441933631897
9,10,0.3425965905189514
9,11,0.3377726078033447
9,12,0.3406025767326355
9,13,0.34672701358795166
9,14,0.3375285267829895
9,15,0.3392944037914276
10,1,0.34864646196365356
10,2,0.33128565549850464
10,3,0.3238937556743622
10,4,0.32929253578186035
10,5,0.3244999945163727
10,6,0.31813690066337585
10,7,0.31971627473831177
10,8,0.323025107383728
10,9,0.321880578994751
10,10,0.3068901300430298
10,11,0.3193061947822571
10,12,0.3128145933151245
10,13,0.3272538185119629
10,14,0.3051653802394867
10,15,0.2983503043651581
11,1,0.3181261420249939
11,2,0.30183738470077515
11,3,0.28895503282546997
11,4,0.31103307008743286
11,5,0.3124699890613556
11,6,0.2883141040802002
11,7,0.29104894399642944
11,8,0.29215022921562195
11,9,0.2912513017654419
11,10,0.2911831736564636
11,11,0.28441309928894043
11,12,0.2866674065589905
11,13,0.2879493832588196
11,14,0.27841272950172424
11,15,0.2919623851776123
12,1,0.27005627751350403
12,2,0.2649978697299957
12,3,0.3116513192653656
12,4,0.27159321308135986
12,5,0.27432698011398315
12,6,0.26460814476013184
12,7,0.27876728773117065
12,8,0.27177220582962036
12,9,0.270085871219635
12,10,0.2665313482284546
12,11,0.2656494081020355
12,12,0.253278523683548
12,13,0.2652573585510254
12,14,0.2627458870410919
12,15,0.26240241527557373
13,1,0.2560938000679016
13,2,0.2523473799228668
13,3,0.26247677206993103
13,4,0.25069659948349
13,5,0.24208694696426392
13,6,0.24836358428001404
13,7,0.2436961680650711
13,8,0.2626633048057556
13,9,0.24306601285934448
13,10,0.24640482664108276
13,11,0.2479906976222992
13,12,0.25276803970336914
13,13,0.23435644805431366
13,14,0.2425442934036255
13,15,0.23792585730552673
14,1,0.23407334089279175
14,2,0.23727497458457947
14,3,0.2258603423833847
14,4,0.2276727259159088
14,5,0.23587453365325928
14,6,0.24850276112556458
14,7,0.22652548551559448
14,8,0.24084867537021637
14,9,0.2214323729276657
14,10,0.2280539870262146
14,11,0.22485339641571045
14,12,0.23982200026512146
14,13,0.23497557640075684
14,14,0.22060361504554749
14,15,0.24474237859249115
15,1,0.24572086334228516
15,2,0.2191280722618103
15,3,0.2399878054857254
15,4,0.2180064618587494
15,5,0.24282576143741608
15,6,0.2445126473903656
15,7,0.21940463781356812
15,8,0.2281976342201233
15,9,0.2340865135192871
15,10,0.21553660929203033
15,11,0.2192101627588272
15,12,0.22210250794887543
15,13,0.21995294094085693
15,14,0.22920645773410797
15,15,0.22619035840034485
16,1,0.21908432245254517
16,2,0.219977468252182
16,3,0.21978530287742615
16,4,0.20531979203224182
16,5,0.22105629742145538
16,6,0.2244376689195633
16,7,0.2205568552017212
16,8,0.22083768248558044
16,9,0.2094419002532959
16,10,0.21328002214431763
16,11,0.21024110913276672
16,12,0.2000034898519516
16,13,0.20885294675827026
16,14,0.20050151646137238
16,15,0.19713786244392395
17,1,0.21286922693252563
17,2,0.20659668743610382
17,3,0.20252355933189392
17,4,0.2255510836839676
17,5,0.19331127405166626
17,6,0.19340839982032776
17,7,0.19327372312545776
17,8,0.18867500126361847
17,9,0.20557039976119995
17,10,0.2191055417060852
17,11,0.1923421025276184
17,12,0.2298974096775055
17,13,0.20960961282253265
17,14,0.18827208876609802
17,15,0.19994045794010162
18,1,0.20166851580142975
18,2,0.19508978724479675
18,3,0.19971966743469238
18,4,0.18385112285614014
18,5,0.20777404308319092
18,6,0.20532241463661194
18,7,0.19361495971679688
18,8,0.19217804074287415
18,9,0.18546339869499207
18,10,0.19946621358394623
18,11,0.1860530972480774
18,12,0.1948147714138031
18,13,0.20489028096199036
18,14,0.193069189786911
18,15,0.18617521226406097
19,1,0.1801798790693283
19,2,0.18593358993530273
19,3,0.18918752670288086
19,4,0.1873648464679718
19,5,0.18644733726978302
19,6,0.18770191073417664
19,7,0.18791154026985168
19,8,0.17152869701385498
19,9,0.16796179115772247
19,10,0.18594981729984283
19,11,0.18509237468242645
19,12,0.20847132802009583
19,13,0.17854733765125275
19,14,0.20171478390693665
19,15,0.18378230929374695
20,1,0.17748388648033142
20,2,0.1706816405057907
20,3,0.17363396286964417
20,4,0.17301040887832642
20,5,0.18124151229858398
20,6,0.17977581918239594
20,7,0.16648468375205994
20,8,0.18144480884075165
20,9,0.17617805302143097
20,10,0.17302954196929932
20,11,0.17524120211601257
20,12,0.17902299761772156
20,13,0.1674371063709259
20,14,0.17505520582199097
20,15,0.1662774533033371
21,1,0.17418703436851501
21,2,0.15844717621803284
21,3,0.17013783752918243
21,4,0.1642974317073822
21,5,0.17202872037887573
21,6,0.1695048063993454
21,7,0.1665552258491516
21,8,0.16827380657196045
21,9,0.16660597920417786
21,10,0.16767099499702454
21,11,0.15543392300605774
21,12,0.16369232535362244
21,13,0.16879495978355408
21,14,0.16604956984519958
21,15,0.16369834542274475
22,1,0.16475999355316162
22,2,0.16834551095962524
22,3,0.16018891334533691
22,4,0.16721293330192566
22,5,0.1777462363243103
22,6,0.16081872582435608
22,7,0.16764935851097107
22,8,0.15918242931365967
22,9,0.16255950927734375
22,10,0.17215749621391296
22,11,0.16335734724998474
22,12,0.1750653088092804
22,13,0.16399069130420685
22,14,0.15441840887069702
22,15,0.16681352257728577
23,1,0.16733099520206451
23,2,0.16730624437332153
23,3,0.16198033094406128
23,4,0.15750208497047424
23,5,0.1627492755651474
23,6,0.15745091438293457
23,7,0.15081945061683655
23,8,0.1594555377960205
23,9,0.16103936731815338
23,10,0.1680379956960678
23,11,0.1598324030637741
23,12,0.1423637717962265
23,13,0.14638960361480713
23,14,0.17080199718475342
23,15,0.15068891644477844
24,1,0.1524457335472107
24,2,0.1571625918149948
24,3,0.15498927235603333
24,4,0.15179261565208435
24,5,0.1492026448249817
24,6,0.1456851065158844
24,7,0.1583736687898636
24,8,0.1468987911939621
24,9,0.15508633852005005
24,10,0.14950181543827057
24,11,0.1673855483531952
24,12,0.1534404158592224
24,13,0.16390788555145264
24,14,0.14336508512496948
24,15,0.1509101241827011
25,1,0.17824263870716095
25,2,0.15314024686813354
25,3,0.13917705416679382
25,4,0.14560842514038086
25,5,0.15212911367416382
25,6,0.13907137513160706
25,7,0.15121662616729736
25,8,0.15997546911239624
25,9,0.150200754404068
25,10,0.15107092261314392
25,11,0.14716395735740662
25,12,0.1553708165884018
25,13,0.1596851348876953
25,14,0.183519184589386
25,15,0.14689409732818604
26,1,0.1551283597946167
26,2,0.1549973487854004
26,3,0.1542743444442749
26,4,0.14329339563846588
26,5,0.14312084019184113
26,6,0.15357044339179993
26,7,0.14522865414619446
26,8,0.1483396291732788
26,9,0.15248516201972961
26,10,0.14599671959877014
26,11,0.136186420917511
26,12,0.13632899522781372
26,13,0.14678362011909485
26,14,0.1436081826686859
26,15,0.13516804575920105
27,1,0.139254629611969
27,2,0.15014688670635223
27,3,0.12747132778167725
27,4,0.1344941258430481
27,5,0.14479857683181763
27,6,0.1468561589717865
27,7,0.13341933488845825
27,8,0.1324431151151657
27,9,0.13926291465759277
27,10,0.14060689508914948
27,11,0.14184623956680298
27,12,0.13470454514026642
27,13,0.1330646574497223
27,14,0.12937963008880615
27,15,0.14261722564697266
28,1,0.13811206817626953
28,2,0.1416429877281189
28,3,0.14227832853794098
28,4,0.13624334335327148
28,5,0.1541876494884491
28,6,0.1289120614528656
28,7,0.13783928751945496
28,8,0.1448727250099182
28,9,0.12592685222625732
28,10,0.13709072768688202
28,11,0.12969014048576355
28,12,0.13613080978393555
28,13,0.13197720050811768
28,14,0.1333499252796173
28,15,0.13210174441337585
29,1,0.13686630129814148
29,2,0.1257917732000351
29,3,0.1315770447254181
29,4,0.1345628798007965
29,5,0.14626961946487427
29,6,0.13434016704559326
29,7,0.13578328490257263
29,8,0.13901832699775696
29,9,0.12982100248336792
29,10,0.1329735666513443
29,11,0.12805697321891785
29,12,0.1347498595714569
29,13,0.1407967507839203
29,14,0.12670661509037018
29,15,0.1401815414428711
30,1,0.12783727049827576
30,2,0.13599014282226562
30,3,0.13018178939819336
30,4,0.13172970712184906
30,5,0.13617099821567535
30,6,0.12966635823249817
30,7,0.1321512758731842
30,8,0.13515102863311768
30,9,0.1351892650127411
30,10,0.1430976688861847
30,11,0.13669860363006592
30,12,0.13334649801254272
30,13,0.13442829251289368
30,14,0.12812483310699463
30,15,0.12471432983875275
31,1,0.13111740350723267
31,2,0.14072707295417786
31,3,0.13004127144813538
31,4,0.12147825956344604
31,5,0.12064539641141891
31,6,0.12433397024869919
31,7,0.1285465955734253
31,8,0.12366946786642075
31,9,0.13542911410331726
31,10,0.13516627252101898
31,11,0.12219586968421936
31,12,0.1194392591714859
31,13,0.13844725489616394
31,14,0.14138194918632507
31,15,0.12730993330478668
32,1,0.12481192499399185
32,2,0.11873073875904083
32,3,0.1248188316822052
32,4,0.11419428139925003
32,5,0.12535062432289124
32,6,0.13050433993339539
32,7,0.12310720235109329
32,8,0.13119181990623474
32,9,0.12254860252141953
32,10,0.12164780497550964
32,11,0.1307542622089386
32,12,0.1266581416130066
32,13,0.1255243718624115
32,14,0.129760280251503
32,15,0.11794976145029068
33,1,0.14826351404190063
33,2,0.13786464929580688
33,3,0.13283474743366241
33,4,0.12594380974769592
33,5,0.12768134474754333
33,6,0.12315858900547028
33,7,0.14182394742965698
33,8,0.130454882979393
33,9,0.13052842020988464
33,10,0.12036013603210449
33,11,0.12112373113632202
33,12,0.12913715839385986
33,13,0.1242385059595108
33,14,0.12203272432088852
33,15,0.11517278105020523
34,1,0.11482785642147064
34,2,0.11842741072177887
34,3,0.12469089776277542
34,4,0.11691705882549286
34,5,0.11181029677391052
34,6,0.1303768903017044
34,7,0.12087959051132202
34,8,0.12564478814601898
34,9,0.1230057030916214
34,10,0.12724155187606812
34,11,0.12261717766523361
34,12,0.11595824360847473
34,13,0.12858006358146667
34,14,0.12604466080665588
34,15,0.12184415757656097
35,1,0.13174313306808472
35,2,0.11804666370153427
35,3,0.11174586415290833
35,4,0.11820203810930252
35,5,0.1175675094127655
35,6,0.1205296516418457
35,7,0.11761201918125153
35,8,0.11163602769374847
35,9,0.11238808184862137
35,10,0.11642009019851685
35,11,0.1184278205037117
35,12,0.1257447749376297
35,13,0.12082545459270477
35,14,0.10821272432804108
35,15,0.1175982654094696
36,1,0.11612670123577118
36,2,0.11610063910484314
36,3,0.11221291124820709
36,4,0.11613841354846954
36,5,0.11725752055644989
36,6,0.11764195561408997
36,7,0.12503254413604736
36,8,0.12749865651130676
36,9,0.12567387521266937
36,10,0.11060413718223572
36,11,0.11279883980751038
36,12,0.11125069856643677
36,13,0.11078236997127533
36,14,0.12396184355020523
36,15,0.11614324152469635
37,1,0.12022515386343002
37,2,0.1323297768831253
37,3,0.1181371808052063
37,4,0.1188906878232956
37,5,0.11659824103116989
37,6,0.12463372945785522
37,7,0.10794388502836227
37,8,0.111837238073349
37,9,0.11925086379051208
37,10,0.12026296555995941
37,11,0.11469569802284241
37,12,0.11110252141952515
37,13,0.1226726770401001
37,14,0.11519722640514374
37,15,0.11091174930334091
38,1,0.11227387189865112
38,2,0.11101299524307251
38,3,0.1067189872264862
38,4,0.11554403603076935
38,5,0.1528497338294983
38,6,0.12199528515338898
38,7,0.11165031045675278
38,8,0.12059751152992249
38,9,0.11788266897201538
38,10,0.12247268855571747
38,11,0.10674258321523666
38,12,0.12100991606712341
38,13,0.11962228268384933
38,14,0.11489012837409973
38,15,0.12708085775375366
39,1,0.11177252978086472
39,2,0.11518115550279617
39,3,0.12295456975698471
39,4,0.11248330771923065
39,5,0.11298113316297531
39,6,0.1258418709039688
39,7,0.10459329932928085
39,8,0.12022539228200912
39,9,0.11279390752315521
39,10,0.11381038278341293
39,11,0.10981892794370651
39,12,0.11848238855600357
39,13,0.12608829140663147
39,14,0.11063554883003235
39,15,0.11575102806091309
40,1,0.11352832615375519
40,2,0.11630775779485703
40,3,0.10962912440299988
40,4,0.10709600150585175
40,5,0.11780016869306564
40,6,0.1233656257390976
40,7,0.11173349618911743
40,8,0.11735347658395767
40,9,0.12238471210002899
40,10,0.10718144476413727
40,11,0.10788744688034058
40,12,0.13077373802661896
40,13,0.11073824763298035
40,14,0.11052915453910828
40,15,0.11215876787900925
41,1,0.10848201811313629
41,2,0.1042170375585556
41,3,0.10387943685054779
41,4,0.11758235841989517
41,5,0.10424086451530457
41,6,0.10676316171884537
41,7,0.11305247247219086
41,8,0.11019907891750336
41,9,0.12027435749769211
41,10,0.10786774009466171
41,11,0.11373545229434967
41,12,0.10709549486637115
41,13,0.11561974883079529
41,14,0.10522473603487015
41,15,0.10482719540596008
42,1,0.10677791386842728
42,2,0.11178111284971237
42,3,0.09987321496009827
42,4,0.10566523671150208
42,5,0.10576131194829941
42,6,0.10744405537843704
42,7,0.10307413339614868
42,8,0.11228325217962265
42,9,0.10894911736249924
42,10,0.1072564423084259
42,11,0.10629387944936752
42,12,0.11171143501996994
42,13,0.11202681064605713
42,14,0.10356540232896805
42,15,0.11309655755758286
43,1,0.0987548679113388
43,2,0.11358731985092163
43,3,0.11391556262969971
43,4,0.10526558756828308
43,5,0.11210483312606812
43,6,0.10636971890926361
43,7,0.10110636055469513
43,8,0.11239355802536011
43,9,0.1070706844329834
43,10,0.11411798000335693
43,11,0.12438976019620895
43,12,0.10387391597032547
43,13,0.11525300145149231
43,14,0.11231081187725067
43,15,0.11631152033805847
44,1,0.11306655406951904
44,2,0.09857884049415588
44,3,0.10221205651760101
44,4,0.09959448873996735
44,5,0.11041758209466934
44,6,0.10425381362438202
44,7,0.10419911891222
44,8,0.10529658198356628
44,9,0.11008607596158981
44,10,0.10859306156635284
44,11,0.10439540445804596
44,12,0.11421021819114685
44,13,0.09932182729244232
44,14,0.10916728526353836
44,15,0.11276089400053024
45,1,0.09689640253782272
45,2,0.11695834994316101
45,3,0.10719190537929535
45,4,0.1185961365699768
45,5,0.11851471662521362
45,6,0.10080525279045105
45,7,0.10303852707147598
45,8,0.092884361743927
45,9,0.09705682098865509
45,10,0.10482461750507355
45,11,0.10432353615760803
45,12,0.10756608843803406
45,13,0.10163889825344086
45,14,0.10876750200986862
45,15,0.10266426205635071
46,1,0.10809068381786346
46,2,0.11695977300405502
46,3,0.09823031723499298
46,4,0.10926239937543869
46,5,0.10028013586997986
46,6,0.11021950840950012
46,7,0.10893461108207703
46,8,0.10822425782680511
46,9,0.09870891273021698
46,10,0.11890720576047897
46,11,0.10270678997039795
46,12,0.09658244252204895
46,13,0.10165562480688095
46,14,0.10275640338659286
46,15,0.10300900042057037
47,1,0.1092638224363327
47,2,0.10582146048545837
47,3,0.09675294160842896
47,4,0.10112041234970093
47,5,0.10330967605113983
47,6,0.0963934063911438
47,7,0.10813897848129272
47,8,0.10232630372047424
47,9,0.09502195566892624
47,10,0.10187733173370361
47,11,0.10553254187107086
47,12,0.09687024354934692
47,13,0.09697387367486954
47,14,0.09554111957550049
47,15,0.10526184737682343
48,1,0.09617120027542114
48,2,0.10699228942394257
48,3,0.10668136179447174
48,4,0.10165096819400787
48,5,0.1088169515132904
48,6,0.10577549040317535
48,7,0.10942763090133667
48,8,0.10391785949468613
48,9,0.0961090698838234
48,10,0.1006818562746048
48,11,0.09719311445951462
48,12,0.09841839969158173
48,13,0.10386206209659576
48,14,0.10351554304361343
48,15,0.10426042973995209
49,1,0.1027352511882782
49,2,0.09763459861278534
49,3,0.10152313858270645
49,4,0.10168572515249252
49,5,0.10190294682979584
49,6,0.12010692059993744
49,7,0.10162371397018433
49,8,0.10277888923883438
49,9,0.09866565465927124
49,10,0.11603856086730957
49,11,0.10513604432344437
49,12,0.10404172539710999
49,13,0.10094647109508514
49,14,0.09845888614654541
49,15,0.10754460096359253
50,1,0.12048348039388657
50,2,0.10164596885442734
50,3,0.09763166308403015
50,4,0.10021394491195679
50,5,0.11166169494390488
50,6,0.099399633705616
50,7,0.09643624722957611
50,8,0.09688510745763779
50,9,0.09979139268398285
50,10,0.09262510389089584
50,11,0.0951467901468277
50,12,0.0981931984424591
50,13,0.11208351701498032
50,14,0.10506550967693329
50,15,0.09517961740493774
