epoch,step,loss
1,1,1.7235783338546753
1,2,1.6606093645095825
1,3,1.6160061359405518
1,4,1.564468264579773
1,5,1.534253716468811
1,6,1.4985069036483765
1,7,1.4704251289367676
1,8,1.4415876865386963
1,9,1.421208143234253
1,10,1.401456356048584
1,11,1.3809244632720947
1,12,1.3634957075119019
1,13,1.351029634475708
1,14,1.3346245288848877
1,15,1.3227226734161377
1,16,1.3053114414215088
1,17,1.2963221073150635
1,18,1.2803421020507812
1,19,1.2696200609207153
1,20,1.2534892559051514
1,21,1.239497423171997
1,22,1.2299237251281738
1,23,1.219766616821289
1,24,1.2075836658477783
1,25,1.1949481964111328
1,26,1.187673807144165
1,27,1.1717246770858765
1,28,1.16520094871521
1,29,1.1515588760375977
1,30,1.1399695873260498
1,31,1.128087043762207
1,32,1.1193554401397705
1,33,1.1141302585601807
1,34,1.0978896617889404
1,35,1.097520112991333
1,36,1.0857208967208862
1,37,1.073965072631836
1,38,1.0628328323364258
1,39,1.0561816692352295
1,40,1.0492733716964722
1,41,1.0353891849517822
1,42,1.037516474723816
1,43,1.034034013748169
1,44,1.013412594795227
1,45,1.0026651620864868
1,46,0.995079755783081
1,47,0.9846745729446411
1,48,0.9798873066902161
1,49,0.9668231010437012
1,50,0.9665411710739136
1,51,0.9584450721740723
1,52,0.949029266834259
1,53,0.9412600994110107
1,54,0.944183349609375
1,55,0.9310076236724854
1,56,0.9222636222839355
1,57,0.9222676753997803
1,58,0.90878826379776
1,59,0.9102875590324402
1,60,0.8929380178451538
1,61,0.8870298862457275
1,62,0.877926766872406
1,63,0.8716492056846619
1,64,0.8646989464759827
1,65,0.855524480342865
1,66,0.8475855588912964
1,67,0.8444465398788452
1,68,0.8418368697166443
1,69,0.834585428237915
1,70,0.8335097432136536
1,71,0.8231241703033447
1,72,0.8200047016143799
1,73,0.8095746040344238
1,74,0.8206278681755066
1,75,0.7944955825805664
1,76,0.8087151646614075
1,77,0.7853587865829468
2,1,0.7715197801589966
2,2,0.7722132205963135
2,3,0.7686280608177185
2,4,0.7581208348274231
2,5,0.7578606605529785
2,6,0.7439354658126831
2,7,0.7327810525894165
2,8,0.7353975176811218
2,9,0.738285481929779
2,10,0.7249278426170349
2,11,0.7218620777130127
2,12,0.7013791799545288
2,13,0.7150864601135254
2,14,0.6967239379882812
2,15,0.6883209943771362
2,16,0.6886783838272095
2,17,0.6745086312294006
2,18,0.6997286081314087
2,19,0.6691880822181702
2,20,0.6725785136222839
2,21,0.6416501402854919
2,22,0.6495139598846436
2,23,0.6320608258247375
2,24,0.6460293531417847
2,25,0.6307222843170166
2,26,0.6183022856712341
2,27,0.6198022365570068
2,28,0.6300134658813477
2,29,0.6045761108398438
2,30,0.5889796614646912
2,31,0.6041241884231567
2,32,0.5901277661323547
2,33,0.588158369064331
2,34,0.5695559978485107
2,35,0.5734972953796387
2,36,0.5573382377624512
2,37,0.558356761932373
2,38,0.5458217859268188
2,39,0.5520223379135132
2,40,0.5397906303405762
2,41,0.5518416166305542
2,42,0.538573145866394
2,43,0.5260608792304993
2,44,0.5361348390579224
2,45,0.5387228727340698
2,46,0.5026299953460693
2,47,0.5143494606018066
2,48,0.5065282583236694
2,49,0.5087194442749023
2,50,0.4934787452220917
2,51,0.4964142143726349
2,52,0.5003293752670288
2,53,0.4902105927467346
2,54,0.4743415415287018
2,55,0.46611297130584717
2,56,0.4604651629924774
2,57,0.49051547050476074
2,58,0.4689153730869293
2,59,0.465731680393219
2,60,0.4522433280944824
2,61,0.4606340825557709
2,62,0.43060386180877686
2,63,0.4572105407714844
2,64,0.4380517899990082
2,65,0.4350361227989197
2,66,0.44590914249420166
2,67,0.4232640266418457
2,68,0.41682547330856323
2,69,0.42583799362182617
2,70,0.4304666519165039
2,71,0.41009724140167236
2,72,0.43993932008743286
2,73,0.4330368638038635
2,74,0.41814398765563965
2,75,0.4191662073135376
2,76,0.39738228917121887
3,1,0.4165811836719513
3,2,0.3929304778575897
3,3,0.37487953901290894
3,4,0.37910372018814087
3,5,0.3779122233390808
3,6,0.3838447332382202
3,7,0.3721262812614441
3,8,0.3768070340156555
3,9,0.36443662643432617
3,10,0.378048300743103
3,11,0.3587075471878052
3,12,0.3655436336994171
3,13,0.3660799264907837
3,14,0.3663252592086792
3,15,0.3563677966594696
3,16,0.3491729497909546
3,17,0.35988089442253113
3,18,0.3462367355823517
3,19,0.35019564628601074
3,20,0.33459919691085815
3,21,0.3585699796676636
3,22,0.3461301326751709
3,23,0.32743582129478455
3,24,0.32792890071868896
3,25,0.33497482538223267
3,26,0.33467698097229004
3,27,0.3255804181098938
3,28,0.31879758834838867
3,29,0.32252463698387146
3,30,0.3372687101364136
3,31,0.3070734739303589
3,32,0.3095911741256714
3,33,0.32019883394241333
3,34,0.32050591707229614
3,35,0.31790804862976074
3,36,0.30649757385253906
3,37,0.31445950269699097
3,38,0.3127730190753937
3,39,0.28473997116088867
3,40,0.29509249329566956
3,41,0.29484105110168457
3,42,0.3129255771636963
3,43,0.27268385887145996
3,44,0.28218063712120056
3,45,0.3058793246746063
3,46,0.27768415212631226
3,47,0.2913404107093811
3,48,0.27143216133117676
3,49,0.28775733709335327
3,50,0.2851393222808838
3,51,0.2688036561012268
3,52,0.2631283104419708
3,53,0.2607089877128601
3,54,0.2687758803367615
3,55,0.25897079706192017
3,56,0.26231151819229126
3,57,0.26041239500045776
3,58,0.26435667276382446
3,59,0.2486884444952011
3,60,0.26207858324050903
3,61,0.26125508546829224
3,62,0.24401600658893585
3,63,0.24636203050613403
3,64,0.24303096532821655
3,65,0.2590981721878052
3,66,0.24177186191082
3,67,0.25180813670158386
3,68,0.24877944588661194
3,69,0.24187126755714417
3,70,0.23911935091018677
3,71,0.2420070618391037
3,72,0.24370533227920532
3,73,0.23588845133781433
3,74,0.258325457572937
3,75,0.2244850993156433
3,76,0.2352074533700943
4,1,0.24913839995861053
4,2,0.23086810111999512
4,3,0.23198677599430084
4,4,0.23038877546787262
4,5,0.21925154328346252
4,6,0.2254372388124466
4,7,0.2287491410970688
4,8,0.21092361211776733
4,9,0.22484667599201202
4,10,0.21763919293880463
4,11,0.21812057495117188
4,12,0.2201063632965088
4,13,0.22097837924957275
4,14,0.21232476830482483
4,15,0.19780994951725006
4,16,0.20576351881027222
4,17,0.22495192289352417
4,18,0.209732785820961
4,19,0.2177009880542755
4,20,0.21673400700092316
4,21,0.22712527215480804
4,22,0.24657154083251953
4,23,0.22480390965938568
4,24,0.2007550746202469
4,25,0.1985062062740326
4,26,0.19049081206321716
4,27,0.2071920484304428
4,28,0.19092068076133728
4,29,0.1973680853843689
4,30,0.21453602612018585
4,31,0.1895982325077057
4,32,0.20865777134895325
4,33,0.1910402774810791
4,34,0.19558390974998474
4,35,0.2088484764099121
4,36,0.1901138424873352
4,37,0.18713608384132385
4,38,0.17582541704177856
4,39,0.19039876759052277
4,40,0.19565284252166748
4,41,0.20944151282310486
4,42,0.19050642848014832
4,43,0.19483518600463867
4,44,0.1895579695701599
4,45,0.19544990360736847
4,46,0.18904724717140198
4,47,0.1878945529460907
4,48,0.20289617776870728
4,49,0.1937580555677414
4,50,0.1971139758825302
4,51,0.18390709161758423
4,52,0.18053562939167023
4,53,0.1676427721977234
4,54,0.19920861721038818
4,55,0.17361097037792206
4,56,0.17575852572917938
4,57,0.18227455019950867
4,58,0.18473900854587555
4,59,0.1942545622587204
4,60,0.18194445967674255
4,61,0.17659899592399597
4,62,0.1785815954208374
4,63,0.18494418263435364
4,64,0.17604783177375793
4,65,0.18069139122962952
4,66,0.1778576672077179
4,67,0.17063699662685394
4,68,0.18414552509784698
4,69,0.16858229041099548
4,70,0.15917760133743286
4,71,0.17757880687713623
4,72,0.17982499301433563
4,73,0.17805683612823486
4,74,0.17655545473098755
4,75,0.16571876406669617
4,76,0.16606171429157257
5,1,0.15966087579727173
5,2,0.18181923031806946
5,3,0.17050138115882874
5,4,0.16173791885375977
5,5,0.16185280680656433
5,6,0.16356703639030457
5,7,0.16508957743644714
5,8,0.16282325983047485
5,9,0.18078652024269104
5,10,0.16194891929626465
5,11,0.15489375591278076
5,12,0.15233391523361206
5,13,0.1649521142244339
5,14,0.15729662775993347
5,15,0.14951258897781372
5,16,0.1572258174419403
5,17,0.16196134686470032
5,18,0.14598670601844788
5,19,0.1723790168762207
5,20,0.15735474228858948
5,21,0.16642698645591736
5,22,0.15273801982402802
5,23,0.15284878015518188
5,24,0.15275326371192932
5,25,0.15942029654979706
5,26,0.15696509182453156
5,27,0.20963221788406372
5,28,0.15678563714027405
5,29,0.1502731740474701
5,30,0.16294264793395996
5,31,0.20592626929283142
5,32,0.14803490042686462
5,33,0.14971229434013367
5,34,0.166672021150589
5,35,0.16365277767181396
5,36,0.16112852096557617
5,37,0.14502790570259094
5,38,0.13697171211242676
5,39,0.14532864093780518
5,40,0.17171260714530945
5,41,0.1455588936805725
5,42,0.15671764314174652
5,43,0.1304710954427719
5,44,0.1448555886745453
5,45,0.14585398137569427
5,46,0.15939947962760925
5,47,0.1608002632856369
5,48,0.14623676240444183
5,49,0.1464061588048935
5,50,0.14236018061637878
5,51,0.15658774971961975
5,52,0.13678064942359924
5,53,0.1454821228981018
5,54,0.1411176323890686
5,55,0.1351877748966217
5,56,0.1451503336429596
5,57,0.13542604446411133
5,58,0.13054953515529633
5,59,0.14184795320034027
5,60,0.13445034623146057
5,61,0.14579494297504425
5,62,0.129981130361557
5,63,0.12667316198349
5,64,0.1317930668592453
5,65,0.15508191287517548
5,66,0.145219087600708
5,67,0.13824813067913055
5,68,0.12357392907142639
5,69,0.14275109767913818
5,70,0.14049281179904938
5,71,0.14068713784217834
5,72,0.13134726881980896
5,73,0.13169577717781067
5,74,0.13820137083530426
5,75,0.1311805546283722
5,76,0.12644094228744507
6,1,0.12154285609722137
6,2,0.1252145916223526
6,3,0.1332489550113678
6,4,0.12750154733657837
6,5,0.1348249614238739
6,6,0.1354651153087616
6,7,0.12344810366630554
6,8,0.1452808976173401
6,9,0.12087506055831909
6,10,0.13179200887680054
6,11,0.13115935027599335
6,12,0.16734814643859863
6,13,0.11574530601501465
6,14,0.12804165482521057
6,15,0.1322215050458908
6,16,0.12598636746406555
6,17,0.13378135859966278
6,18,0.11971123516559601
6,19,0.13269321620464325
6,20,0.12244891375303268
6,21,0.13064920902252197
6,22,0.13151238858699799
6,23,0.1279449760913849
6,24,0.11568550765514374
6,25,0.1335754692554474
6,26,0.12859421968460083
6,27,0.12240765988826752
6,28,0.13397249579429626
6,29,0.12331029772758484
6,30,0.13771677017211914
6,31,0.11991696059703827
6,32,0.1296839714050293
6,33,0.13439618051052094
6,34,0.12595032155513763
6,35,0.1282617747783661
6,36,0.11954653263092041
6,37,0.12595637142658234
6,38,0.12080378830432892
6,39,0.12803062796592712
6,40,0.12049874663352966
6,41,0.11509604752063751
6,42,0.11635243892669678
6,43,0.12462083995342255
6,44,0.12492623925209045
6,45,0.14493635296821594
6,46,0.11547856777906418
6,47,0.129385307431221
6,48,0.11320548504590988
6,49,0.11261330544948578
6,50,0.12926757335662842
6,51,0.1375022530555725
6,52,0.1336313635110855
6,53,0.13713860511779785
6,54,0.12371670454740524
6,55,0.11897554993629456
6,56,0.11751074343919754
6,57,0.12577109038829803
6,58,0.11953073740005493
6,59,0.1180434599518776
6,60,0.14393877983093262
6,61,0.14629125595092773
6,62,0.12823133170604706
6,63,0.12345243245363235
6,64,0.129307359457016
6,65,0.10759225487709045
6,66,0.11312496662139893
6,67,0.10762274265289307
6,68,0.12657645344734192
6,69,0.1213105320930481
6,70,0.11122963577508926
6,71,0.11886601150035858
6,72,0.11197565495967865
6,73,0.1161159798502922
6,74,0.11667578667402267
6,75,0.12141282111406326
6,76,0.1119905412197113
7,1,0.10926699638366699
7,2,0.10964718461036682
7,3,0.12191536277532578
7,4,0.1052946001291275
7,5,0.12326410412788391
7,6,0.1113087385892868
7,7,0.11379750072956085
7,8,0.11589840054512024
7,9,0.10624779015779495
7,10,0.120213583111763
7,11,0.14154767990112305
7,12,0.11876046657562256
7,13,0.10950485616922379
7,14,0.11316883563995361
7,15,0.1222466453909874
7,16,0.11524482071399689
7,17,0.11646834760904312
7,18,0.1067081019282341
7,19,0.11434459686279297
7,20,0.11755333095788956
7,21,0.11515992134809494
7,22,0.10487288981676102
7,23,0.12192291021347046
7,24,0.12456400692462921
7,25,0.10680627822875977
7,26,0.11357918381690979
7,27,0.11640393733978271
7,28,0.10975952446460724
7,29,0.1118098720908165
7,30,0.1016550362110138
7,31,0.10408194363117218
7,32,0.10510831326246262
7,33,0.11209440231323242
7,34,0.12740939855575562
7,35,0.11780895292758942
7,36,0.10208763182163239
7,37,0.10370860993862152
7,38,0.10908080637454987
7,39,0.10174920409917831
7,40,0.1068820059299469
7,41,0.10566259920597076
7,42,0.09878212213516235
7,43,0.10470585525035858
7,44,0.10390608012676239
7,45,0.0903419777750969
7,46,0.10965831577777863
7,47,0.12529237568378448
7,48,0.12155061960220337
7,49,0.10505063831806183
7,50,0.10071354359388351
7,51,0.09975089877843857
7,52,0.1215716153383255
7,53,0.11713387072086334
7,54,0.10838575661182404
7,55,0.09891196340322495
7,56,0.11262218654155731
7,57,0.09576258063316345
7,58,0.10107041895389557
7,59,0.0865432471036911
7,60,0.12743012607097626
7,61,0.0965023934841156
7,62,0.10107044875621796
7,63,0.1029120534658432
7,64,0.09503575414419174
7,65,0.11207243800163269
7,66,0.09407341480255127
7,67,0.10290761291980743
7,68,0.10047957301139832
7,69,0.1059613972902298
7,70,0.10127760469913483
7,71,0.08723185956478119
7,72,0.09472335875034332
7,73,0.11140334606170654
7,74,0.10248817503452301
7,75,0.10622619837522507
7,76,0.0914512574672699
8,1,0.09249459207057953
8,2,0.09854595363140106
8,3,0.11041989177465439
8,4,0.09364698827266693
8,5,0.09855791926383972
8,6,0.09654359519481659
8,7,0.0897248238325119
8,8,0.09587104618549347
8,9,0.09894320368766785
8,10,0.09773939847946167
8,11,0.09338220953941345
8,12,0.09380808472633362
8,13,0.0780324935913086
8,14,0.09504881501197815
8,15,0.0865914598107338
8,16,0.10680180042982101
8,17,0.09715686738491058
8,18,0.09663527458906174
8,19,0.09048871695995331
8,20,0.0891699343919754
8,21,0.09078489243984222
8,22,0.09528925269842148
8,23,0.08999423682689667
8,24,0.09234224259853363
8,25,0.09175339341163635
8,26,0.10487955808639526
8,27,0.09348224848508835
8,28,0.097191222012043
8,29,0.13386131823062897
8,30,0.1035107970237732
8,31,0.09871916472911835
8,32,0.09169942140579224
8,33,0.0952732115983963
8,34,0.09322075545787811
8,35,0.10023282468318939
8,36,0.10950643569231033
8,37,0.09731403738260269
8,38,0.09775739908218384
8,39,0.10138892382383347
8,40,0.10444280505180359
8,41,0.10699564963579178
8,42,0.09263786673545837
8,43,0.11552387475967407
8,44,0.09391295909881592
8,45,0.09681802988052368
8,46,0.09104549139738083
8,47,0.09890304505825043
8,48,0.11270702630281448
8,49,0.09302376210689545
8,50,0.08960777521133423
8,51,0.09592700004577637
8,52,0.08576270937919617
8,53,0.09709082543849945
8,54,0.09832228720188141
8,55,0.09919381886720657
8,56,0.09484408795833588
8,57,0.08529485017061234
8,58,0.09057124704122543
8,59,0.08681563287973404
8,60,0.09027080237865448
8,61,0.11421762406826019
8,62,0.09503242373466492
8,63,0.09677483141422272
8,64,0.09901784360408783
8,65,0.09490183740854263
8,66,0.08218836784362793
8,67,0.1108836829662323
8,68,0.0903669148683548
8,69,0.095950186252594
8,70,0.08483879268169403
8,71,0.09657380729913712
8,72,0.08727987110614777
8,73,0.08994835615158081
8,74,0.0893615260720253
8,75,0.09318773448467255
8,76,0.10371086746454239
9,1,0.10128176212310791
9,2,0.08495788276195526
9,3,0.08662717044353485
9,4,0.10124960541725159
9,5,0.094866544008255
9,6,0.0952531099319458
9,7,0.08298014849424362
9,8,0.08657975494861603
9,9,0.08760948479175568
9,10,0.09847210347652435
9,11,0.08542075008153915
9,12,0.10854290425777435
9,13,0.09838972985744476
9,14,0.10351721942424774
9,15,0.08491364121437073
9,16,0.09575111418962479
9,17,0.1025894433259964
9,18,0.08143658936023712
9,19,0.09493107348680496
9,20,0.08933047950267792
9,21,0.09332843124866486
9,22,0.07707816362380981
9,23,0.1008058711886406
9,24,0.08828897029161453
9,25,0.08084112405776978
9,26,0.08988654613494873
9,27,0.10998855531215668
9,28,0.09725106507539749
9,29,0.08659128844738007
9,30,0.09747710824012756
9,31,0.08204546570777893
9,32,0.09828600287437439
9,33,0.0893850326538086
9,34,0.08023782074451447
9,35,0.08979061245918274
9,36,0.08949941396713257
9,37,0.08341091871261597
9,38,0.07845715433359146
9,39,0.11009367555379868
9,40,0.0800490528345108
9,41,0.08304805308580399
9,42,0.08208422362804413
9,43,0.09521839022636414
9,44,0.08950270712375641
9,45,0.08605391532182693
9,46,0.08603554964065552
9,47,0.08492016792297363
9,48,0.09446647763252258
9,49,0.09036307036876678
9,50,0.08425918966531754
9,51,0.08411068469285965
9,52,0.08768673241138458
9,53,0.09307292848825455
9,54,0.0924486517906189
9,55,0.08971282839775085
9,56,0.09446890652179718
9,57,0.08871088922023773
9,58,0.08774058520793915
9,59,0.09292994439601898
9,60,0.08298563957214355
9,61,0.08348256349563599
9,62,0.07740946114063263
9,63,0.10336975753307343
9,64,0.08927170932292938
9,65,0.08709897845983505
9,66,0.09052601456642151
9,67,0.08455076068639755
9,68,0.10140006244182587
9,69,0.08307701349258423
9,70,0.09408922493457794
9,71,0.09414135664701462
9,72,0.0816248208284378
9,73,0.085677370429039
9,74,0.08463095128536224
9,75,0.0985177606344223
9,76,0.09088060259819031
10,1,0.0791333019733429
10,2,0.07937759160995483
10,3,0.10633479058742523
10,4,0.08771323412656784
10,5,0.12160837650299072
10,6,0.07789896428585052
10,7,0.09515419602394104
10,8,0.07988721132278442
10,9,0.09956184774637222
10,10,0.08603835105895996
10,11,0.08900098502635956
10,12,0.09575226902961731
10,13,0.08938194066286087
10,14,0.0847039595246315
10,15,0.09390941262245178
10,16,0.08916375041007996
10,17,0.08895540237426758
10,18,0.07997563481330872
10,19,0.09825646132230759
10,20,0.08924766629934311
10,21,0.08645917475223541
10,22,0.08750054240226746
10,23,0.09002184867858887
10,24,0.08300996571779251
10,25,0.089410200715065
10,26,0.08879074454307556
10,27,0.09080997109413147
10,28,0.08534461259841919
10,29,0.08649548888206482
10,30,0.081390880048275
10,31,0.08846624940633774
10,32,0.08098258078098297
10,33,0.10366873443126678
10,34,0.08552025258541107
10,35,0.08381488919258118
10,36,0.08076045662164688
10,37,0.08324041962623596
10,38,0.08180230855941772
10,39,0.08476810157299042
10,40,0.09507754445075989
10,41,0.09307393431663513
10,42,0.07960730791091919
10,43,0.08667995035648346
10,44,0.0902494490146637
10,45,0.07653577625751495
10,46,0.07057416439056396
10,47,0.10057127475738525
10,48,0.14270196855068207
10,49,0.08179566264152527
10,50,0.0844864547252655
10,51,0.077614426612854
10,52,0.0924382209777832
10,53,0.07528996467590332
10,54,0.08814653754234314
10,55,0.08825942873954773
10,56,0.08825276792049408
10,57,0.07836033403873444
10,58,0.08835066854953766
10,59,0.08579367399215698
10,60,0.0800689086318016
10,61,0.07899029552936554
10,62,0.0673462301492691
10,63,0.07654985785484314
10,64,0.0785062164068222
10,65,0.08498160541057587
10,66,0.0810966044664383
10,67,0.08853655308485031
10,68,0.07706448435783386
10,69,0.06953075528144836
10,70,0.07902563363313675
10,71,0.08761417865753174
10,72,0.09582769870758057
10,73,0.07404971122741699
10,74,0.1012946218252182
10,75,0.08567561209201813
10,76,0.0916571095585823
11,1,0.09220413863658905
11,2,0.08107756078243256
11,3,0.09434221684932709
11,4,0.07762967050075531
11,5,0.0983881950378418
11,6,0.0830070748925209
11,7,0.08522117137908936
11,8,0.07813654094934464
11,9,0.10612387955188751
11,10,0.07977425307035446
11,11,0.08289535343647003
11,12,0.09721206873655319
11,13,0.10598303377628326
11,14,0.09506303817033768
11,15,0.09468003362417221
11,16,0.09427434206008911
11,17,0.07734896242618561
11,18,0.10163441300392151
11,19,0.08684255927801132
11,20,0.07881859689950943
11,21,0.07948454469442368
11,22,0.10127685964107513
11,23,0.07854068279266357
11,24,0.09172320365905762
11,25,0.08589170128107071
11,26,0.09696047753095627
11,27,0.09270588308572769
11,28,0.07647118717432022
11,29,0.080553337931633
11,30,0.08543805778026581
11,31,0.08732925355434418
11,32,0.07509693503379822
11,33,0.08426806330680847
11,34,0.07611033320426941
11,35,0.07548747956752777
11,36,0.08485984802246094
11,37,0.07290579378604889
11,38,0.08580946922302246
11,39,0.07271495461463928
11,40,0.07547435164451599
11,41,0.07212038338184357
11,42,0.07330872863531113
11,43,0.07692396640777588
11,44,0.0855737030506134
11,45,0.0823892280459404
11,46,0.08554661273956299
11,47,0.08222442865371704
11,48,0.07502207159996033
11,49,0.07784461975097656
11,50,0.07338550686836243
11,51,0.10800787806510925
11,52,0.0900593101978302
11,53,0.08676951378583908
11,54,0.10644115507602692
11,55,0.09950093179941177
11,56,0.0763331800699234
11,57,0.07964743673801422
11,58,0.07952653616666794
11,59,0.08183707296848297
11,60,0.08063098043203354
11,61,0.07516717165708542
11,62,0.09206363558769226
11,63,0.07586264610290527
11,64,0.07438115030527115
11,65,0.07731331884860992
11,66,0.09918664395809174
11,67,0.0840565413236618
11,68,0.09060342609882355
11,69,0.07179626822471619
11,70,0.06680323928594589
11,71,0.08819489926099777
11,72,0.08455178886651993
11,73,0.08627615869045258
11,74,0.07476216554641724
11,75,0.08026362955570221
11,76,0.0780198872089386
12,1,0.08730228990316391
12,2,0.07376430928707123
12,3,0.06982390582561493
12,4,0.08779767155647278
12,5,0.06566678732633591
12,6,0.0660838857293129
12,7,0.08145119994878769
12,8,0.09012733399868011
12,9,0.0705963596701622
12,10,0.07779041677713394
12,11,0.07493741810321808
12,12,0.07660147547721863
12,13,0.08767256885766983
12,14,0.0778971016407013
12,15,0.07219474017620087
12,16,0.09316979348659515
12,17,0.06529927998781204
12,18,0.07777895033359528
12,19,0.08592583239078522
12,20,0.08518365770578384
12,21,0.07606130093336105
12,22,0.09206660091876984
12,23,0.07893087714910507
12,24,0.09534835815429688
12,25,0.06680835783481598
12,26,0.06838254630565643
12,27,0.07501262426376343
12,28,0.07096035778522491
12,29,0.07728911936283112
12,30,0.0685899555683136
12,31,0.09386173635721207
12,32,0.07050397992134094
12,33,0.07993631064891815
12,34,0.07278284430503845
12,35,0.07323303073644638
12,36,0.08019931614398956
12,37,0.07931636273860931
12,38,0.0736042857170105
12,39,0.07657809555530548
12,40,0.0775897353887558
12,41,0.08551646023988724
12,42,0.08212335407733917
12,43,0.07297459989786148
12,44,0.07617552578449249
12,45,0.08398677408695221
12,46,0.07193409651517868
12,47,0.07089363038539886
12,48,0.08617862313985825
12,49,0.07280340790748596
12,50,0.07346751540899277
12,51,0.09412802755832672
12,52,0.07059302181005478
12,53,0.06994172930717468
12,54,0.08686311542987823
12,55,0.08127812296152115
12,56,0.06790313124656677
12,57,0.09369199723005295
12,58,0.08715039491653442
12,59,0.07160742580890656
12,60,0.08727364242076874
12,61,0.07944822311401367
12,62,0.07534031569957733
12,63,0.07589326798915863
12,64,0.06684336066246033
12,65,0.07235860079526901
12,66,0.0814894288778305
12,67,0.0775342583656311
12,68,0.07730932533740997
12,69,0.07887408882379532
12,70,0.07481688261032104
12,71,0.0783095508813858
12,72,0.07088345289230347
12,73,0.07196979969739914
12,74,0.06695618480443954
12,75,0.06775930523872375
12,76,0.06387443095445633
13,1,0.06648332625627518
13,2,0.07750466465950012
13,3,0.0791144147515297
13,4,0.06493876129388809
13,5,0.07057169079780579
13,6,0.08675409108400345
13,7,0.06752890348434448
13,8,0.08623095601797104
13,9,0.0719810277223587
13,10,0.06779520213603973
13,11,0.07754381746053696
13,12,0.06699575483798981
13,13,0.07549244165420532
13,14,0.07993042469024658
13,15,0.07726704329252243
13,16,0.08609640598297119
13,17,0.07107842713594437
13,18,0.06883947551250458
13,19,0.07641230523586273
13,20,0.09059039503335953
13,21,0.07745206356048584
13,22,0.06590963900089264
13,23,0.08193972706794739
13,24,0.07002991437911987
13,25,0.09900940954685211
13,26,0.08376279473304749
13,27,0.07052776217460632
13,28,0.07605844736099243
13,29,0.07464011758565903
13,30,0.08994735777378082
13,31,0.06639407575130463
13,32,0.07648508995771408
13,33,0.0718972384929657
13,34,0.07724625617265701
13,35,0.06322163343429565
13,36,0.06949132680892944
13,37,0.07365676015615463
13,38,0.0813957005739212
13,39,0.08064448833465576
13,40,0.06625542044639587
13,41,0.08152924478054047
13,42,0.07388293743133545
13,43,0.0722678154706955
13,44,0.08194827288389206
13,45,0.08567464351654053
13,46,0.06477005779743195
13,47,0.07810203731060028
13,48,0.07061491906642914
13,49,0.07346752285957336
13,50,0.07957249879837036
13,51,0.06668450683355331
13,52,0.07478716224431992
13,53,0.07087715715169907
13,54,0.05983852595090866
13,55,0.09216887503862381
13,56,0.07994163781404495
13,57,0.06733684241771698
13,58,0.07643535733222961
13,59,0.07468891143798828
13,60,0.07366491854190826
13,61,0.07436433434486389
13,62,0.07144121825695038
13,63,0.08061128854751587
13,64,0.07357940822839737
13,65,0.06863173842430115
13,66,0.05917190760374069
13,67,0.06434931606054306
13,68,0.06746426224708557
13,69,0.06860488653182983
13,70,0.07883752882480621
13,71,0.06947414577007294
13,72,0.06444059312343597
13,73,0.07590965926647186
13,74,0.06687985360622406
13,75,0.08612702786922455
13,76,0.05854965001344681
14,1,0.0684150755405426
14,2,0.0766107589006424
14,3,0.06773713231086731
14,4,0.06563021242618561
14,5,0.06576105952262878
14,6,0.08275341987609863
14,7,0.07439260184764862
14,8,0.07921463251113892
14,9,0.07074073702096939
14,10,0.06364051252603531
14,11,0.061782356351614
14,12,0.06115089729428291
14,13,0.06816884875297546
14,14,0.07906609028577805
14,15,0.06597204506397247
14,16,0.07048754394054413
14,17,0.06330738961696625
14,18,0.07251076400279999
14,19,0.06674836575984955
14,20,0.07191260159015656
14,21,0.06752718985080719
14,22,0.08074580132961273
14,23,0.07756654918193817
14,24,0.06482397019863129
14,25,0.06580361723899841
14,26,0.06816662847995758
14,27,0.0776812955737114
14,28,0.05836299806833267
14,29,0.07484851777553558
14,30,0.06444086134433746
14,31,0.0666525661945343
14,32,0.06323271244764328
14,33,0.056763213127851486
14,34,0.07260756194591522
14,35,0.07279965281486511
14,36,0.07038462162017822
14,37,0.07975795865058899
14,38,0.06753281503915787
14,39,0.07141487300395966
14,40,0.06608143448829651
14,41,0.09275992214679718
14,42,0.08079788088798523
14,43,0.06871084868907928
14,44,0.06591542810201645
14,45,0.07218499481678009
14,46,0.07949657738208771
14,47,0.06277939677238464
14,48,0.07298068702220917
14,49,0.07137265801429749
14,50,0.08351179957389832
14,51,0.06629157066345215
14,52,0.0667593777179718
14,53,0.06879955530166626
14,54,0.07519100606441498
14,55,0.08043788373470306
14,56,0.07197140157222748
14,57,0.06301746517419815
14,58,0.06849849224090576
14,59,0.07531023025512695
14,60,0.07174514979124069
14,61,0.07451055943965912
14,62,0.06907899677753448
14,63,0.06474350392818451
14,64,0.07385954260826111
14,65,0.06143777817487717
14,66,0.06758788973093033
14,67,0.06539563834667206
14,68,0.06779761612415314
14,69,0.06934092938899994
14,70,0.0704057514667511
14,71,0.06196460872888565
14,72,0.07748875021934509
14,73,0.07832306623458862
14,74,0.07039182633161545
14,75,0.08435460180044174
14,76,0.0694110170006752
15,1,0.06872750073671341
15,2,0.06318917125463486
15,3,0.08136385679244995
15,4,0.07516691088676453
15,5,0.07006847113370895
15,6,0.06827043741941452
15,7,0.07360173761844635
15,8,0.06889725476503372
15,9,0.079221710562706
15,10,0.0660780668258667
15,11,0.06791707873344421
15,12,0.07500538229942322
15,13,0.07691547274589539
15,14,0.06779684126377106
15,15,0.08242180198431015
15,16,0.07298153638839722
15,17,0.07181613147258759
15,18,0.07639965415000916
15,19,0.06918665766716003
15,20,0.07794991135597229
15,21,0.0830875113606453
15,22,0.06696838140487671
15,23,0.06804163753986359
15,24,0.062304265797138214
15,25,0.06904226541519165
15,26,0.07168492674827576
15,27,0.074122853577137
15,28,0.0687888041138649
15,29,0.06644891202449799
15,30,0.07367545366287231
15,31,0.08466486632823944
15,32,0.07097814232110977
15,33,0.07364562153816223
15,34,0.06827819347381592
15,35,0.06995842605829239
15,36,0.05996142327785492
15,37,0.06387685239315033
15,38,0.06732916086912155
15,39,0.06588710844516754
15,40,0.05804884806275368
15,41,0.057470325380563736
15,42,0.06859081983566284
15,43,0.07115037739276886
15,44,0.07197481393814087
15,45,0.06755485385656357
15,46,0.06388415396213531
15,47,0.07090608030557632
15,48,0.07324486970901489
15,49,0.06576842814683914
15,50,0.061903227120637894
15,51,0.06323155015707016
15,52,0.0685252919793129
15,53,0.06708072125911713
15,54,0.07558216899633408
15,55,0.07487931847572327
15,56,0.05872461199760437
15,57,0.06835926324129105
15,58,0.0723922997713089
15,59,0.06739334762096405
15,60,0.07289059460163116
15,61,0.06730851531028748
15,62,0.07760591804981232
15,63,0.0726117193698883
15,64,0.06937844306230545
15,65,0.06363371759653091
15,66,0.06706121563911438
15,67,0.07002529501914978
15,68,0.0735914409160614
15,69,0.06616523861885071
15,70,0.07607956230640411
15,71,0.063625268638134
15,72,0.07898284494876862
15,73,0.06946685165166855
15,74,0.0775209292769432
15,75,0.06739959865808487
15,76,0.06528754532337189
16,1,0.06941673904657364
16,2,0.06422954797744751
16,3,0.08334800601005554
16,4,0.07623181492090225
16,5,0.06874953955411911
16,6,0.058898963034152985
16,7,0.06447772681713104
16,8,0.06770982593297958
16,9,0.054104387760162354
16,10,0.061148691922426224
16,11,0.06272946298122406
16,12,0.06965933740139008
16,13,0.0698758065700531
16,14,0.06358043849468231
16,15,0.06708191335201263
16,16,0.07661686092615128
16,17,0.05895594134926796
16,18,0.059469275176525116
16,19,0.09351935982704163
16,20,0.07080379128456116
16,21,0.07984510809183121
16,22,0.06615643203258514
16,23,0.08253027498722076
16,24,0.07286210358142853
16,25,0.06311675906181335
16,26,0.07165651768445969
16,27,0.06725925207138062
16,28,0.06421209126710892
16,29,0.0640384703874588
16,30,0.06409724056720734
16,31,0.0637587308883667
16,32,0.07992744445800781
16,33,0.06825605034828186
16,34,0.07802598178386688
16,35,0.07141885161399841
16,36,0.06437422335147858
16,37,0.059685274958610535
16,38,0.06109817326068878
16,39,0.06460107862949371
16,40,0.06820342689752579
16,41,0.06514479219913483
16,42,0.07784195244312286
16,43,0.07050786912441254
16,44,0.06091523915529251
16,45,0.06700243055820465
16,46,0.06814908981323242
16,47,0.07555942982435226
16,48,0.06439803540706635
16,49,0.05971453711390495
16,50,0.07313983142375946
16,51,0.06973536312580109
16,52,0.07648830115795135
16,53,0.04995729401707649
16,54,0.07673857361078262
16,55,0.06888401508331299
16,56,0.05738217011094093
16,57,0.07658015191555023
16,58,0.0947287306189537
16,59,0.06148106977343559
16,60,0.06844004988670349
16,61,0.07288245856761932
16,62,0.08214416354894638
16,63,0.056427326053380966
16,64,0.060412682592868805
16,65,0.06628791987895966
16,66,0.05844920128583908
16,67,0.07742210477590561
16,68,0.07543502002954483
16,69,0.06178261712193489
16,70,0.0746450275182724
16,71,0.06668797880411148
16,72,0.059181101620197296
16,73,0.07005070149898529
16,74,0.07707235217094421
16,75,0.06988424062728882
16,76,0.0665154904127121
17,1,0.06367561221122742
17,2,0.06616019457578659
17,3,0.06762522459030151
17,4,0.06237444281578064
17,5,0.0681702196598053
17,6,0.06215466931462288
17,7,0.061555251479148865
17,8,0.0693640410900116
17,9,0.06704272329807281
17,10,0.06178591027855873
17,11,0.06720554828643799
17,12,0.06822419166564941
17,13,0.088758185505867
17,14,0.08835918456315994
17,15,0.07854261249303818
17,16,0.09166514873504639
17,17,0.0876665860414505
17,18,0.07150755077600479
17,19,0.06035660207271576
17,20,0.06960606575012207
17,21,0.0855916440486908
17,22,0.07906226813793182
17,23,0.08524368703365326
17,24,0.06785093247890472
17,25,0.06935638189315796
17,26,0.06646554172039032
17,27,0.08336321264505386
17,28,0.06615620851516724
17,29,0.08236188441514969
17,30,0.06412215530872345
17,31,0.06999757885932922
17,32,0.06837490946054459
17,33,0.06620575487613678
17,34,0.07055014371871948
17,35,0.06381741911172867
17,36,0.06362709403038025
17,37,0.06793946027755737
17,38,0.06937411427497864
17,39,0.074959896504879
17,40,0.06689712405204773
17,41,0.07536311447620392
17,42,0.06915521621704102
17,43,0.06625167280435562
17,44,0.07685825228691101
17,45,0.08010591566562653
17,46,0.06057925149798393
17,47,0.06121476739645004
17,48,0.06897858530282974
17,49,0.07440891861915588
17,50,0.06580968201160431
17,51,0.07681287825107574
17,52,0.07096420228481293
17,53,0.06631174683570862
17,54,0.08318251371383667
17,55,0.056433819234371185
17,56,0.06960771977901459
17,57,0.05513470619916916
17,58,0.06778248399496078
17,59,0.06942187994718552
17,60,0.058243751525878906
17,61,0.061741262674331665
17,62,0.07403677701950073
17,63,0.07073400914669037
17,64,0.06352681666612625
17,65,0.07337167859077454
17,66,0.06015534698963165
17,67,0.07997763901948929
17,68,0.06740179657936096
17,69,0.06630325317382812
17,70,0.0565766915678978
17,71,0.05403832346200943
17,72,0.0678400844335556
17,73,0.05869000405073166
17,74,0.07081595063209534
17,75,0.06527790427207947
17,76,0.054973769932985306
18,1,0.06348104774951935
18,2,0.058159053325653076
18,3,0.06812533736228943
18,4,0.05479062348604202
18,5,0.06532716751098633
18,6,0.06408341228961945
18,7,0.06880789995193481
18,8,0.05974036455154419
18,9,0.08103373646736145
18,10,0.07205374538898468
18,11,0.06738585233688354
18,12,0.06174002215266228
18,13,0.07524430751800537
18,14,0.07141253352165222
18,15,0.06139279529452324
18,16,0.06067252904176712
18,17,0.05570187792181969
18,18,0.06805495172739029
18,19,0.0512806698679924
18,20,0.06566573679447174
18,21,0.06991651654243469
18,22,0.06787487864494324
18,23,0.06664656847715378
18,24,0.0661226287484169
18,25,0.06956809759140015
18,26,0.06346036493778229
18,27,0.06515921652317047
18,28,0.06568033993244171
18,29,0.0675332099199295
18,30,0.07093332707881927
18,31,0.06637841463088989
18,32,0.06260737776756287
18,33,0.06296053528785706
18,34,0.059450939297676086
18,35,0.06382197886705399
18,36,0.07094261050224304
18,37,0.06731592863798141
18,38,0.06164829060435295
18,39,0.06145213544368744
18,40,0.061427801847457886
18,41,0.06412123888731003
18,42,0.06220970302820206
18,43,0.05855643004179001
18,44,0.07233299314975739
18,45,0.0596352145075798
18,46,0.05761033296585083
18,47,0.07980890572071075
18,48,0.06945038586854935
18,49,0.05558519437909126
18,50,0.07270726561546326
18,51,0.06031753867864609
18,52,0.0658039003610611
18,53,0.07458272576332092
18,54,0.06558650732040405
18,55,0.07600525766611099
18,56,0.059545356780290604
18,57,0.051579009741544724
18,58,0.07149828225374222
18,59,0.07237182557582855
18,60,0.08845293521881104
18,61,0.07502371072769165
18,62,0.06788305193185806
18,63,0.06574489176273346
18,64,0.06729240715503693
18,65,0.058983612805604935
18,66,0.06309440732002258
18,67,0.059200480580329895
18,68,0.06773155927658081
18,69,0.07554847002029419
18,70,0.06596097350120544
18,71,0.07008017599582672
18,72,0.06119755655527115
18,73,0.06735565513372421
18,74,0.055822402238845825
18,75,0.06149793043732643
18,76,0.06015191972255707
19,1,0.06306429207324982
19,2,0.06275118887424469
19,3,0.05988370627164841
19,4,0.07435944676399231
19,5,0.06115083768963814
19,6,0.051558349281549454
19,7,0.056295305490493774
19,8,0.05901838093996048
19,9,0.05642560496926308
19,10,0.06716465950012207
19,11,0.06308728456497192
19,12,0.06186635047197342
19,13,0.0725880041718483
19,14,0.059654317796230316
19,15,0.05643652379512787
19,16,0.06136813759803772
19,17,0.06445993483066559
19,18,0.05650656670331955
19,19,0.06220370531082153
19,20,0.05980394035577774
19,21,0.07256383448839188
19,22,0.06398209929466248
19,23,0.06781847774982452
19,24,0.0583491250872612
19,25,0.07090000808238983
19,26,0.0583767294883728
19,27,0.08484102040529251
19,28,0.05029032379388809
19,29,0.07082846760749817
19,30,0.06231018900871277
19,31,0.06590987741947174
19,32,0.06546348333358765
19,33,0.05959504097700119
19,34,0.06414389610290527
19,35,0.062015313655138016
19,36,0.07357879728078842
19,37,0.06199219077825546
19,38,0.07040068507194519
19,39,0.06640419363975525
19,40,0.08063529431819916
19,41,0.08107000589370728
19,42,0.07265718281269073
19,43,0.06033581495285034
19,44,0.07477840781211853
19,45,0.05588652193546295
19,46,0.053462378680706024
19,47,0.060897327959537506
19,48,0.06445468962192535
19,49,0.06133681535720825
19,50,0.07288621366024017
19,51,0.05421973764896393
19,52,0.06792058795690536
19,53,0.06078369915485382
19,54,0.05582187697291374
19,55,0.0568431057035923
19,56,0.09074617922306061
19,57,0.0864148736000061
19,58,0.06324503570795059
19,59,0.07186731696128845
19,60,0.07807119190692902
19,61,0.07998228818178177
19,62,0.06355737149715424
19,63,0.06533511728048325
19,64,0.06816965341567993
19,65,0.0700375884771347
19,66,0.06786715984344482
19,67,0.06156155467033386
19,68,0.06285814940929413
19,69,0.06171480193734169
19,70,0.07490202784538269
19,71,0.06402413547039032
19,72,0.06618878245353699
19,73,0.0581660196185112
19,74,0.06482979655265808
19,75,0.06428422033786774
19,76,0.0718044564127922
20,1,0.06417887657880783
20,2,0.05575404316186905
20,3,0.05083179473876953
20,4,0.06219415366649628
20,5,0.052270613610744476
20,6,0.05835137888789177
20,7,0.06663450598716736
20,8,0.05811202898621559
20,9,0.06884743273258209
20,10,0.06655009090900421
20,11,0.06542116403579712
20,12,0.07559779286384583
20,13,0.06454896926879883
20,14,0.05809304863214493
20,15,0.06047525629401207
20,16,0.06052514538168907
20,17,0.06985604763031006
20,18,0.07119828462600708
20,19,0.06395575404167175
20,20,0.07475411891937256
20,21,0.06361691653728485
20,22,0.05689007043838501
20,23,0.06310801953077316
20,24,0.0630594789981842
20,25,0.07500183582305908
20,26,0.06265362352132797
20,27,0.060680657625198364
20,28,0.06518179923295975
20,29,0.062367718666791916
20,30,0.06866510212421417
20,31,0.06508291512727737
20,32,0.0717838704586029
20,33,0.07396133989095688
20,34,0.05327002704143524
20,35,0.05619100108742714
20,36,0.049350760877132416
20,37,0.05472473427653313
20,38,0.07026015222072601
20,39,0.05247638747096062
20,40,0.05198134109377861
20,41,0.06717090308666229
20,42,0.06559476256370544
20,43,0.058725856244564056
20,44,0.05144141614437103
20,45,0.05497543513774872
20,46,0.07896719872951508
20,47,0.06074206903576851
20,48,0.06266486644744873
20,49,0.06886925548315048
20,50,0.0653887391090393
20,51,0.057271167635917664
20,52,0.06086427718400955
20,53,0.05552651733160019
20,54,0.05375455319881439
20,55,0.06496745347976685
20,56,0.05472172424197197
20,57,0.06414484977722168
20,58,0.057689011096954346
20,59,0.06362677365541458
20,60,0.058170136064291
20,61,0.06415656208992004
20,62,0.07178144156932831
20,63,0.07397487759590149
20,64,0.06910547614097595
20,65,0.0647958517074585
20,66,0.05750228092074394
20,67,0.06169848144054413
20,68,0.0607517808675766
20,69,0.05739661306142807
20,70,0.059351596981287
20,71,0.054920755326747894
20,72,0.07091907411813736
20,73,0.05258173495531082
20,74,0.06537735462188721
20,75,0.06234125792980194
20,76,0.057506319135427475
21,1,0.05827692151069641
21,2,0.05512692779302597
21,3,0.06016533449292183
21,4,0.056328997015953064
21,5,0.06216399371623993
21,6,0.05900053679943085
21,7,0.056661371141672134
21,8,0.06562794744968414
21,9,0.06306318193674088
21,10,0.060164496302604675
21,11,0.060223691165447235
21,12,0.06539948284626007
21,13,0.069901242852211
21,14,0.06119246408343315
21,15,0.06400788575410843
21,16,0.06633900851011276
21,17,0.057103246450424194
21,18,0.05138203501701355
21,19,0.060177993029356
21,20,0.04942922294139862
21,21,0.064806267619133
21,22,0.06711147725582123
21,23,0.07045360654592514
21,24,0.06335880607366562
21,25,0.058749739080667496
21,26,0.050219468772411346
21,27,0.05959435552358627
21,28,0.05629152059555054
21,29,0.058159537613391876
21,30,0.06615279614925385
21,31,0.05107206106185913
21,32,0.0660366490483284
21,33,0.054598137736320496
21,34,0.061557404696941376
21,35,0.060248080641031265
21,36,0.04392007738351822
21,37,0.05780300498008728
21,38,0.07099547237157822
21,39,0.05657782405614853
21,40,0.06730522215366364
21,41,0.059828996658325195
21,42,0.05621183291077614
21,43,0.05592804029583931
21,44,0.05137283727526665
21,45,0.06062507629394531
21,46,0.0522310733795166
21,47,0.055521782487630844
21,48,0.057551126927137375
21,49,0.0607491135597229
21,50,0.06510238349437714
21,51,0.05938690900802612
21,52,0.06950916349887848
21,53,0.059620313346385956
21,54,0.06925468891859055
21,55,0.059135884046554565
21,56,0.06422737240791321
21,57,0.05211103335022926
21,58,0.06697484850883484
21,59,0.06620477139949799
21,60,0.059513840824365616
21,61,0.06942933797836304
21,62,0.06323979794979095
21,63,0.06646816432476044
21,64,0.06466728448867798
21,65,0.05641274154186249
21,66,0.06313921511173248
21,67,0.06471149623394012
21,68,0.05299299210309982
21,69,0.06167219579219818
21,70,0.05305615812540054
21,71,0.06010083854198456
21,72,0.05048452317714691
21,73,0.0681663528084755
21,74,0.06383681297302246
21,75,0.05584555119276047
21,76,0.0717487782239914
22,1,0.05686233937740326
22,2,0.06452679634094238
22,3,0.0635756328701973
22,4,0.06959090381860733
22,5,0.05701219663023949
22,6,0.05748970806598663
22,7,0.05984773486852646
22,8,0.08148953318595886
22,9,0.048159703612327576
22,10,0.06722648441791534
22,11,0.07624518871307373
22,12,0.06514820456504822
22,13,0.08583378046751022
22,14,0.05820690095424652
22,15,0.06031227484345436
22,16,0.07795488089323044
22,17,0.06329260766506195
22,18,0.04985775798559189
22,19,0.049190498888492584
22,20,0.06701542437076569
22,21,0.06478742510080338
22,22,0.06052786111831665
22,23,0.07647145539522171
22,24,0.07279940694570541
22,25,0.06114962697029114
22,26,0.05452992767095566
22,27,0.060743920505046844
22,28,0.06405618041753769
22,29,0.0729214996099472
22,30,0.07893182337284088
22,31,0.06530766934156418
22,32,0.06244773045182228
22,33,0.0697031319141388
22,34,0.06430116295814514
22,35,0.0587029755115509
22,36,0.06250511854887009
22,37,0.06682736426591873
22,38,0.05645625293254852
22,39,0.06655731797218323
22,40,0.054839663207530975
22,41,0.06547239422798157
22,42,0.06380835920572281
22,43,0.05715180188417435
22,44,0.06083428114652634
22,45,0.05353332683444023
22,46,0.05491889268159866
22,47,0.05647672340273857
22,48,0.05122183635830879
22,49,0.056044142693281174
22,50,0.05421566218137741
22,51,0.06094370409846306
22,52,0.07297372072935104
22,53,0.06665317714214325
22,54,0.05760173872113228
22,55,0.04883798211812973
22,56,0.05743204802274704
22,57,0.05110063776373863
22,58,0.046818122267723083
22,59,0.0582098625600338
22,60,0.0744105651974678
22,61,0.05338984727859497
22,62,0.057797376066446304
22,63,0.04989219456911087
22,64,0.05665014311671257
22,65,0.056065820157527924
22,66,0.05786196142435074
22,67,0.061340175569057465
22,68,0.05794106796383858
22,69,0.06897830963134766
22,70,0.049661844968795776
22,71,0.05344206839799881
22,72,0.048511505126953125
22,73,0.05421178787946701
22,74,0.06827612221240997
22,75,0.06469292938709259
22,76,0.06286595016717911
23,1,0.06068115681409836
23,2,0.05089496821165085
23,3,0.06339012086391449
23,4,0.04838249832391739
23,5,0.07303488254547119
23,6,0.04977252334356308
23,7,0.061354078352451324
23,8,0.0648002177476883
23,9,0.0551951564848423
23,10,0.06143123656511307
23,11,0.053487371653318405
23,12,0.06696578860282898
23,13,0.05969345569610596
23,14,0.07124113291501999
23,15,0.05953463539481163
23,16,0.0547369122505188
23,17,0.05461437255144119
23,18,0.06521585583686829
23,19,0.06429001688957214
23,20,0.0524662584066391
23,21,0.06709583103656769
23,22,0.054738469421863556
23,23,0.06877682358026505
23,24,0.06242387741804123
23,25,0.05669030919671059
23,26,0.05438562482595444
23,27,0.05158572643995285
23,28,0.058014437556266785
23,29,0.06648475676774979
23,30,0.06181790679693222
23,31,0.04717288911342621
23,32,0.06498841941356659
23,33,0.059911541640758514
23,34,0.060702018439769745
23,35,0.05397981405258179
23,36,0.06086046248674393
23,37,0.05184958502650261
23,38,0.0625585988163948
23,39,0.05459846928715706
23,40,0.05847940966486931
23,41,0.055540263652801514
23,42,0.05604629963636398
23,43,0.05600670725107193
23,44,0.052648257464170456
23,45,0.07814309000968933
23,46,0.05164264887571335
23,47,0.0549989752471447
23,48,0.051269300282001495
23,49,0.06117787957191467
23,50,0.062118034809827805
23,51,0.05609390512108803
23,52,0.06035240739583969
23,53,0.04918359965085983
23,54,0.06184175983071327
23,55,0.056316182017326355
23,56,0.06328321248292923
23,57,0.050895772874355316
23,58,0.05287592113018036
23,59,0.048798974603414536
23,60,0.04951193183660507
23,61,0.04928058385848999
23,62,0.05313963070511818
23,63,0.053697310388088226
23,64,0.06625384092330933
23,65,0.05078094080090523
23,66,0.05725345388054848
23,67,0.06201784685254097
23,68,0.05386932194232941
23,69,0.05443713814020157
23,70,0.04556279629468918
23,71,0.07080315798521042
23,72,0.05011528357863426
23,73,0.048312485218048096
23,74,0.05915957689285278
23,75,0.060363344848155975
23,76,0.05324261263012886
24,1,0.057676248252391815
24,2,0.05700032413005829
24,3,0.06208232417702675
24,4,0.05917830765247345
24,5,0.05510617420077324
24,6,0.07780285179615021
24,7,0.060070183128118515
24,8,0.05865554139018059
24,9,0.04738263785839081
24,10,0.06949178129434586
24,11,0.05414314568042755
24,12,0.0588143989443779
24,13,0.0631827861070633
24,14,0.049090445041656494
24,15,0.05085677281022072
24,16,0.05262722074985504
24,17,0.049051277339458466
24,18,0.05092518776655197
24,19,0.05844363197684288
24,20,0.050576139241456985
24,21,0.05465550720691681
24,22,0.05312022939324379
24,23,0.05764823034405708
24,24,0.06083931773900986
24,25,0.06210189312696457
24,26,0.053891487419605255
24,27,0.05021471530199051
24,28,0.0539630651473999
24,29,0.06585367769002914
24,30,0.05693434178829193
24,31,0.05225784704089165
24,32,0.09074022620916367
24,33,0.05453990399837494
24,34,0.058105211704969406
24,35,0.07120472192764282
24,36,0.05410999804735184
24,37,0.0507705956697464
24,38,0.07580611854791641
24,39,0.051816388964653015
24,40,0.0444168858230114
24,41,0.05541776493191719
24,42,0.06127403303980827
24,43,0.05905577540397644
24,44,0.06231437250971794
24,45,0.05399603024125099
24,46,0.06474524736404419
24,47,0.06579586863517761
24,48,0.0523124597966671
24,49,0.05721656605601311
24,50,0.08510766923427582
24,51,0.050704773515462875
24,52,0.060768451541662216
24,53,0.060720909386873245
24,54,0.06461339443922043
24,55,0.057787902653217316
24,56,0.06723061203956604
24,57,0.06489086896181107
24,58,0.07513704895973206
24,59,0.05204777047038078
24,60,0.05982479825615883
24,61,0.05667117238044739
24,62,0.059590574353933334
24,63,0.06540387868881226
24,64,0.05740790441632271
24,65,0.054113827645778656
24,66,0.04949347674846649
24,67,0.054941579699516296
24,68,0.07950219511985779
24,69,0.049092747271060944
24,70,0.05380949378013611
24,71,0.06099233403801918
24,72,0.0722041130065918
24,73,0.06265339255332947
24,74,0.06805719435214996
24,75,0.061364516615867615
24,76,0.060553789138793945
25,1,0.04836951568722725
25,2,0.05344513803720474
25,3,0.07740448415279388
25,4,0.06130605936050415
25,5,0.05297468230128288
25,6,0.06169606372714043
25,7,0.05325731635093689
25,8,0.05750458687543869
25,9,0.06596170365810394
25,10,0.05950021743774414
25,11,0.05087251961231232
25,12,0.057139258831739426
25,13,0.0659811794757843
25,14,0.05956173688173294
25,15,0.06493189185857773
25,16,0.05596436560153961
25,17,0.05437555909156799
25,18,0.06138726323843002
25,19,0.053617000579833984
25,20,0.051756422966718674
25,21,0.05794251337647438
25,22,0.05101926252245903
25,23,0.06015355885028839
25,24,0.05499638617038727
25,25,0.058477386832237244
25,26,0.07069380581378937
25,27,0.055222075432538986
25,28,0.053176023066043854
25,29,0.05990839749574661
25,30,0.05546773970127106
25,31,0.04709417372941971
25,32,0.052778460085392
25,33,0.04875794053077698
25,34,0.055392827838659286
25,35,0.04963652789592743
25,36,0.0692199170589447
25,37,0.06984344869852066
25,38,0.057542771100997925
25,39,0.05881284922361374
25,40,0.05284878611564636
25,41,0.05569886043667793
25,42,0.055248308926820755
25,43,0.0679483637213707
25,44,0.056266408413648605
25,45,0.0523054301738739
25,46,0.062400832772254944
25,47,0.0566573441028595
25,48,0.06533731520175934
25,49,0.05658208578824997
25,50,0.0502595528960228
25,51,0.05326784402132034
25,52,0.05789737403392792
25,53,0.05519833043217659
25,54,0.047129467129707336
25,55,0.05920833349227905
25,56,0.05234495922923088
25,57,0.05663982778787613
25,58,0.05283651500940323
25,59,0.0560293048620224
25,60,0.04552363604307175
25,61,0.048444319516420364
25,62,0.04504372179508209
25,63,0.05147618055343628
25,64,0.05420426279306412
25,65,0.05989112704992294
25,66,0.05559316277503967
25,67,0.05938025563955307
25,68,0.05079347640275955
25,69,0.05831450596451759
25,70,0.05970330536365509
25,71,0.05371485650539398
25,72,0.05393647775053978
25,73,0.05271153897047043
25,74,0.06177905574440956
25,75,0.05154731497168541
25,76,0.05214602127671242
26,1,0.06050480157136917
26,2,0.05070884898304939
26,3,0.0642768070101738
26,4,0.07535494863986969
26,5,0.052460893988609314
26,6,0.05918459594249725
26,7,0.04774801805615425
26,8,0.05569198727607727
26,9,0.057809241116046906
26,10,0.0589875653386116
26,11,0.04920488968491554
26,12,0.04891905188560486
26,13,0.05060112848877907
26,14,0.055205337703228
26,15,0.060623008757829666
26,16,0.046457573771476746
26,17,0.0635661855340004
26,18,0.0612000897526741
26,19,0.057333528995513916
26,20,0.056375063955783844
26,21,0.05604013055562973
26,22,0.053394753485918045
26,23,0.0511501282453537
26,24,0.061889439821243286
26,25,0.05385765805840492
26,26,0.05261938273906708
26,27,0.04462527856230736
26,28,0.055772989988327026
26,29,0.055902622640132904
26,30,0.05455096438527107
26,31,0.04923725873231888
26,32,0.05740133672952652
26,33,0.053619738668203354
26,34,0.05338004603981972
26,35,0.043766267597675323
26,36,0.05109574645757675
26,37,0.061964165419340134
26,38,0.05226089805364609
26,39,0.045762866735458374
26,40,0.05542004108428955
26,41,0.05527438595890999
26,42,0.05877690762281418
26,43,0.055198006331920624
26,44,0.05343209579586983
26,45,0.050800394266843796
26,46,0.06186390668153763
26,47,0.059521161019802094
26,48,0.06129033863544464
26,49,0.04477093741297722
26,50,0.04857804253697395
26,51,0.05375926196575165
26,52,0.0533415749669075
26,53,0.05772089958190918
26,54,0.06742589175701141
26,55,0.06484578549861908
26,56,0.06784072518348694
26,57,0.054405540227890015
26,58,0.062438830733299255
26,59,0.04944061487913132
26,60,0.053590018302202225
26,61,0.05180332809686661
26,62,0.06287422776222229
26,63,0.0778290331363678
26,64,0.04847022145986557
26,65,0.05860865116119385
26,66,0.05614340305328369
26,67,0.0620112270116806
26,68,0.04667457193136215
26,69,0.05674368143081665
26,70,0.05234877020120621
26,71,0.05077432096004486
26,72,0.04689424857497215
26,73,0.050492651760578156
26,74,0.06497040390968323
26,75,0.052637357264757156
26,76,0.055464573204517365
27,1,0.05579875409603119
27,2,0.04921908304095268
27,3,0.05732734128832817
27,4,0.06737372279167175
27,5,0.05378421023488045
27,6,0.05878731235861778
27,7,0.0576697401702404
27,8,0.05700543522834778
27,9,0.05750346928834915
27,10,0.0493180975317955
27,11,0.06422393023967743
27,12,0.05290243774652481
27,13,0.04903676360845566
27,14,0.05121980607509613
27,15,0.05313371866941452
27,16,0.050182461738586426
27,17,0.05801317095756531
27,18,0.053050447255373
27,19,0.047276996076107025
27,20,0.04843197017908096
27,21,0.050507768988609314
27,22,0.060747575014829636
27,23,0.09727327525615692
27,24,0.06643638014793396
27,25,0.0572383850812912
27,26,0.0630791112780571
27,27,0.04088311642408371
27,28,0.05253610759973526
27,29,0.05102478712797165
27,30,0.055480413138866425
27,31,0.05622708797454834
27,32,0.050422780215740204
27,33,0.05511685460805893
27,34,0.0655902624130249
27,35,0.05686365067958832
27,36,0.04650656133890152
27,37,0.05381245166063309
27,38,0.05656127631664276
27,39,0.06984260678291321
27,40,0.05140378326177597
27,41,0.054534994065761566
27,42,0.049615856260061264
27,43,0.05636993795633316
27,44,0.0561884306371212
27,45,0.051673680543899536
27,46,0.050830744206905365
27,47,0.04994501918554306
27,48,0.04724879562854767
27,49,0.05010468512773514
27,50,0.052828576415777206
27,51,0.05606638640165329
27,52,0.05023724585771561
27,53,0.04866178333759308
27,54,0.04790259897708893
27,55,0.05403473228216171
27,56,0.06358741223812103
27,57,0.054701127111911774
27,58,0.05655982345342636
27,59,0.04975346103310585
27,60,0.06685638427734375
27,61,0.0475706085562706
27,62,0.0558793880045414
27,63,0.050805822014808655
27,64,0.05451711639761925
27,65,0.05017338693141937
27,66,0.05417725071310997
27,67,0.05570825934410095
27,68,0.05776035785675049
27,69,0.048608873039484024
27,70,0.0579000860452652
27,71,0.04692038148641586
27,72,0.049066245555877686
27,73,0.050543107092380524
27,74,0.04952619969844818
27,75,0.05304040014743805
27,76,0.05342520400881767
28,1,0.06058725714683533
28,2,0.05956416204571724
28,3,0.051689159125089645
28,4,0.05576643347740173
28,5,0.05195045471191406
28,6,0.05543443560600281
28,7,0.0469113364815712
28,8,0.045691654086112976
28,9,0.07167790830135345
28,10,0.054812557995319366
28,11,0.05139327794313431
28,12,0.06551830470561981
28,13,0.04775313287973404
28,14,0.050860967487096786
28,15,0.05374881625175476
28,16,0.04466446116566658
28,17,0.051536425948143005
28,18,0.05125606060028076
28,19,0.05993761867284775
28,20,0.05525856092572212
28,21,0.048119962215423584
28,22,0.06705030798912048
28,23,0.047169316560029984
28,24,0.056926727294921875
28,25,0.0521443635225296
28,26,0.05427087843418121
28,27,0.05383284389972687
28,28,0.06423868983983994
28,29,0.05660323426127434
28,30,0.05110349878668785
28,31,0.057014815509319305
28,32,0.048883017152547836
28,33,0.049767907708883286
28,34,0.052863091230392456
28,35,0.05062013864517212
28,36,0.058491602540016174
28,37,0.0548936203122139
28,38,0.06494680047035217
28,39,0.05061540752649307
28,40,0.04869996756315231
28,41,0.046380989253520966
28,42,0.05612877756357193
28,43,0.05748862028121948
28,44,0.04798518121242523
28,45,0.04412924125790596
28,46,0.04707011952996254
28,47,0.04910322278738022
28,48,0.05336032435297966
28,49,0.05447802692651749
28,50,0.05095349997282028
28,51,0.05119134485721588
28,52,0.05589437484741211
28,53,0.05324018374085426
28,54,0.04909401386976242
28,55,0.057489942759275436
28,56,0.05912603437900543
28,57,0.05924256145954132
28,58,0.05013887956738472
28,59,0.059336334466934204
28,60,0.0534915030002594
28,61,0.0653267502784729
28,62,0.0481182262301445
28,63,0.051847271621227264
28,64,0.0521085187792778
28,65,0.05616086721420288
28,66,0.047929856926202774
28,67,0.051946476101875305
28,68,0.06819683313369751
28,69,0.05696326121687889
28,70,0.05482685565948486
28,71,0.05669436603784561
28,72,0.052121132612228394
28,73,0.049520283937454224
28,74,0.05120595544576645
28,75,0.05131560564041138
28,76,0.05372149497270584
29,1,0.050099778920412064
29,2,0.05999543517827988
29,3,0.05568664148449898
29,4,0.056597642600536346
29,5,0.06606903672218323
29,6,0.049802735447883606
29,7,0.05373556911945343
29,8,0.047465816140174866
29,9,0.0598929263651371
29,10,0.059957992285490036
29,11,0.05136026442050934
29,12,0.05138784646987915
29,13,0.05401793122291565
29,14,0.05352821946144104
29,15,0.052348632365465164
29,16,0.05094593018293381
29,17,0.05292430520057678
29,18,0.04840511828660965
29,19,0.05623675882816315
29,20,0.048610180616378784
29,21,0.044893570244312286
29,22,0.047638773918151855
29,23,0.06339079141616821
29,24,0.05459819361567497
29,25,0.05248722434043884
29,26,0.05560625344514847
29,27,0.06953082978725433
29,28,0.05682758986949921
29,29,0.04842445254325867
29,30,0.04318709671497345
29,31,0.053224146366119385
29,32,0.0469721183180809
29,33,0.05476144701242447
29,34,0.04564429819583893
29,35,0.0536118745803833
29,36,0.047584377229213715
29,37,0.051321908831596375
29,38,0.05006186291575432
29,39,0.05800268054008484
29,40,0.05061943456530571
29,41,0.06131128594279289
29,42,0.05592897906899452
29,43,0.04308721795678139
29,44,0.05261833220720291
29,45,0.05861152708530426
29,46,0.05288063734769821
29,47,0.05364963412284851
29,48,0.052080072462558746
29,49,0.05722604691982269
29,50,0.06261538714170456
29,51,0.04381639137864113
29,52,0.04318498075008392
29,53,0.048197563737630844
29,54,0.05663095414638519
29,55,0.04898132383823395
29,56,0.04735909402370453
29,57,0.05041506141424179
29,58,0.054971449077129364
29,59,0.058698393404483795
29,60,0.04609036445617676
29,61,0.05252429097890854
29,62,0.058077599853277206
29,63,0.054510317742824554
29,64,0.04418199881911278
29,65,0.0625750720500946
29,66,0.05392909049987793
29,67,0.058857303112745285
29,68,0.04818834736943245
29,69,0.05783788859844208
29,70,0.05544377118349075
29,71,0.04877357929944992
29,72,0.049978263676166534
29,73,0.06069000065326691
29,74,0.04552898555994034
29,75,0.051642999053001404
29,76,0.0489974282681942
30,1,0.059349142014980316
30,2,0.05243382602930069
30,3,0.05852711573243141
30,4,0.051196254789829254
30,5,0.054259032011032104
30,6,0.04751051217317581
30,7,0.05520157143473625
30,8,0.04461371526122093
30,9,0.06282977014780045
30,10,0.05080453306436539
30,11,0.05113592743873596
30,12,0.05561595410108566
30,13,0.05344211310148239
30,14,0.045775026082992554
30,15,0.05077517032623291
30,16,0.055364012718200684
30,17,0.04818393662571907
30,18,0.0530819445848465
30,19,0.04958880692720413
30,20,0.05630151182413101
30,21,0.04945250600576401
30,22,0.05033133924007416
30,23,0.05275532230734825
30,24,0.049138184636831284
30,25,0.05154801905155182
30,26,0.054046839475631714
30,27,0.0506274588406086
30,28,0.06116339564323425
30,29,0.06399303674697876
30,30,0.051196254789829254
30,31,0.05391223728656769
30,32,0.05467389523983002
30,33,0.043522488325834274
30,34,0.04737117141485214
30,35,0.04891496151685715
30,36,0.04574831947684288
30,37,0.0558619499206543
30,38,0.05270744860172272
30,39,0.051867663860321045
30,40,0.047488220036029816
30,41,0.059170354157686234
30,42,0.05541197583079338
30,43,0.04755162447690964
30,44,0.05180422216653824
30,45,0.05373169481754303
30,46,0.046332113444805145
30,47,0.058283302932977676
30,48,0.05940394848585129
30,49,0.04826965928077698
30,50,0.05018988251686096
30,51,0.04615146666765213
30,52,0.04632033407688141
30,53,0.04643689841032028
30,54,0.07281475514173508
30,55,0.05264660716056824
30,56,0.04771135374903679
30,57,0.05165660381317139
30,58,0.051332540810108185
30,59,0.04718637466430664
30,60,0.049328260123729706
30,61,0.04529542475938797
30,62,0.047689005732536316
30,63,0.057632967829704285
30,64,0.05132613703608513
30,65,0.067812979221344
30,66,0.057495735585689545
30,67,0.05199074745178223
30,68,0.05318496376276016
30,69,0.05236484110355377
30,70,0.05645724758505821
30,71,0.04621323198080063
30,72,0.05906293913722038
30,73,0.049120888113975525
30,74,0.06023996323347092
30,75,0.051077716052532196
30,76,0.049115151166915894
31,1,0.055132560431957245
31,2,0.05699397623538971
31,3,0.05254882574081421
31,4,0.05142592638731003
31,5,0.050831444561481476
31,6,0.05659859627485275
31,7,0.05858718603849411
31,8,0.05221269279718399
31,9,0.05581003054976463
31,10,0.05394601821899414
31,11,0.05296168476343155
31,12,0.05387691408395767
31,13,0.05210556834936142
31,14,0.07141796499490738
31,15,0.05434908717870712
31,16,0.051027826964855194
31,17,0.055186815559864044
31,18,0.04416992515325546
31,19,0.055032070726156235
31,20,0.04607159644365311
31,21,0.047923315316438675
31,22,0.05133065581321716
31,23,0.04730658978223801
31,24,0.046969905495643616
31,25,0.05127590149641037
31,26,0.06116500496864319
31,27,0.05167436599731445
31,28,0.060399964451789856
31,29,0.05400800704956055
31,30,0.05391039699316025
31,31,0.05672241747379303
31,32,0.05291462317109108
31,33,0.0510733537375927
31,34,0.05403764545917511
31,35,0.051090091466903687
31,36,0.04682306945323944
31,37,0.051454752683639526
31,38,0.05241469293832779
31,39,0.05004259943962097
31,40,0.0574793815612793
31,41,0.05571421980857849
31,42,0.05774678662419319
31,43,0.046374015510082245
31,44,0.048467956483364105
31,45,0.05809184908866882
31,46,0.05900723859667778
31,47,0.050661660730838776
31,48,0.042485982179641724
31,49,0.0507681630551815
31,50,0.051383648067712784
31,51,0.04907616972923279
31,52,0.05139727145433426
31,53,0.05286179482936859
31,54,0.043695706874132156
31,55,0.04633414000272751
31,56,0.044135626405477524
31,57,0.05599876493215561
31,58,0.04854442924261093
31,59,0.045630279928445816
31,60,0.04474695771932602
31,61,0.05111050605773926
31,62,0.04650342836976051
31,63,0.06021437048912048
31,64,0.048513174057006836
31,65,0.0516415610909462
31,66,0.04927794635295868
31,67,0.05453686788678169
31,68,0.05129336938261986
31,69,0.046635352075099945
31,70,0.05685163289308548
31,71,0.04602072387933731
31,72,0.05114169418811798
31,73,0.04892273247241974
31,74,0.05365379899740219
31,75,0.05168077349662781
31,76,0.0428052693605423
32,1,0.05682069808244705
32,2,0.04424729943275452
32,3,0.05262941122055054
32,4,0.05427498742938042
32,5,0.04895848035812378
32,6,0.045045606791973114
32,7,0.05298111215233803
32,8,0.04595174640417099
32,9,0.0536859929561615
32,10,0.05387823283672333
32,11,0.051763199269771576
32,12,0.04904945567250252
32,13,0.05597004294395447
32,14,0.052010491490364075
32,15,0.051207177340984344
32,16,0.06362055242061615
32,17,0.046994030475616455
32,18,0.047692470252513885
32,19,0.05149262398481369
32,20,0.05812409520149231
32,21,0.06946443766355515
32,22,0.06543534249067307
32,23,0.05378743261098862
32,24,0.04906317591667175
32,25,0.04936996102333069
32,26,0.050783269107341766
32,27,0.06133139878511429
32,28,0.05354494974017143
32,29,0.04677554965019226
32,30,0.0526856929063797
32,31,0.05982775241136551
32,32,0.059838470071554184
32,33,0.049840427935123444
32,34,0.04959027096629143
32,35,0.05383545532822609
32,36,0.04703807830810547
32,37,0.05158578231930733
32,38,0.044348232448101044
32,39,0.04789181426167488
32,40,0.06008284538984299
32,41,0.04854636266827583
32,42,0.051001206040382385
32,43,0.04767541587352753
32,44,0.04335667937994003
32,45,0.043824780732393265
32,46,0.056734222918748856
32,47,0.04669637233018875
32,48,0.04673285782337189
32,49,0.04901279881596565
32,50,0.050441477447748184
32,51,0.05442463606595993
32,52,0.049574196338653564
32,53,0.04344242066144943
32,54,0.04563519358634949
32,55,0.052566513419151306
32,56,0.05106399580836296
32,57,0.0442948043346405
32,58,0.0483742281794548
32,59,0.05485120415687561
32,60,0.04585440456867218
32,61,0.048627909272909164
32,62,0.049641963094472885
32,63,0.050090864300727844
32,64,0.059542424976825714
32,65,0.04982631281018257
32,66,0.04269026219844818
32,67,0.045638278126716614
32,68,0.05599242448806763
32,69,0.0451643280684948
32,70,0.05159911513328552
32,71,0.05736739933490753
32,72,0.05263689160346985
32,73,0.05626701936125755
32,74,0.05661013722419739
32,75,0.051722943782806396
32,76,0.052797652781009674
33,1,0.04663681611418724
33,2,0.04621625691652298
33,3,0.044781237840652466
33,4,0.052031584084033966
33,5,0.04794741049408913
33,6,0.050962895154953
33,7,0.046764880418777466
33,8,0.04918118938803673
33,9,0.04633457586169243
33,10,0.05150327458977699
33,11,0.05245494842529297
33,12,0.04884399101138115
33,13,0.051609449088573456
33,14,0.045213647186756134
33,15,0.049787454307079315
33,16,0.055875834077596664
33,17,0.05790247768163681
33,18,0.05259987339377403
33,19,0.0546841062605381
33,20,0.053078167140483856
33,21,0.048338279128074646
33,22,0.05101853609085083
33,23,0.04189411923289299
33,24,0.05276373028755188
33,25,0.0470733605325222
33,26,0.05729639530181885
33,27,0.04800333082675934
33,28,0.043923795223236084
33,29,0.05585544556379318
33,30,0.05220912769436836
33,31,0.05987510085105896
33,32,0.04208315163850784
33,33,0.057279158383607864
33,34,0.06305285543203354
33,35,0.047713086009025574
33,36,0.055164989084005356
33,37,0.055921584367752075
33,38,0.05198744684457779
33,39,0.06047215685248375
33,40,0.056236378848552704
33,41,0.04809381812810898
33,42,0.04381817951798439
33,43,0.05278611183166504
33,44,0.054864972829818726
33,45,0.04603864997625351
33,46,0.05204874277114868
33,47,0.05440094321966171
33,48,0.054925307631492615
33,49,0.05030867084860802
33,50,0.043922796845436096
33,51,0.04863717406988144
33,52,0.04097454622387886
33,53,0.04842463508248329
33,54,0.046094395220279694
33,55,0.047827865928411484
33,56,0.05496187508106232
33,57,0.04256496578454971
33,58,0.05681178718805313
33,59,0.051649220287799835
33,60,0.058093756437301636
33,61,0.047827672213315964
33,62,0.06022205948829651
33,63,0.052956417202949524
33,64,0.04644352197647095
33,65,0.06439746171236038
33,66,0.0474848710000515
33,67,0.05154745280742645
33,68,0.053084202110767365
33,69,0.054257459938526154
33,70,0.047537095844745636
33,71,0.04940648376941681
33,72,0.04361354187130928
33,73,0.04389785975217819
33,74,0.04912395030260086
33,75,0.0516166165471077
33,76,0.06155523657798767
34,1,0.05181021988391876
34,2,0.04854053258895874
34,3,0.048007939010858536
34,4,0.04482608288526535
34,5,0.045420221984386444
34,6,0.05223983898758888
34,7,0.04611148685216904
34,8,0.04763467609882355
34,9,0.04638795554637909
34,10,0.060717783868312836
34,11,0.05587025731801987
34,12,0.05189866945147514
34,13,0.06623653322458267
34,14,0.04772248864173889
34,15,0.05303150415420532
34,16,0.052114374935626984
34,17,0.05055081844329834
34,18,0.058063045144081116
34,19,0.0586799755692482
34,20,0.044477880001068115
34,21,0.04895409196615219
34,22,0.04941221699118614
34,23,0.05993843078613281
34,24,0.052227385342121124
34,25,0.0529257133603096
34,26,0.06304796040058136
34,27,0.04485117271542549
34,28,0.05794220417737961
34,29,0.054733648896217346
34,30,0.05111627280712128
34,31,0.04676928371191025
34,32,0.04186856374144554
34,33,0.05379844456911087
34,34,0.047134704887866974
34,35,0.04595792293548584
34,36,0.054950833320617676
34,37,0.05015454441308975
34,38,0.06189838796854019
34,39,0.046900369226932526
34,40,0.06311793625354767
34,41,0.04829466715455055
34,42,0.05271246284246445
34,43,0.05130075663328171
34,44,0.042340975254774094
34,45,0.05172450840473175
34,46,0.055515680462121964
34,47,0.041171878576278687
34,48,0.05100082978606224
34,49,0.046544332057237625
34,50,0.04476604610681534
34,51,0.04695403575897217
34,52,0.06312598288059235
34,53,0.049860380589962006
34,54,0.040398307144641876
34,55,0.048690661787986755
34,56,0.051001131534576416
34,57,0.056402333080768585
34,58,0.049583740532398224
34,59,0.04988289996981621
34,60,0.053862314671278
34,61,0.051984891295433044
34,62,0.04660036414861679
34,63,0.058316364884376526
34,64,0.04521898925304413
34,65,0.043173741549253464
34,66,0.048717621713876724
34,67,0.04794120416045189
34,68,0.0520237497985363
34,69,0.048591334372758865
34,70,0.059298865497112274
34,71,0.04569148272275925
34,72,0.05602676048874855
34,73,0.04792199656367302
34,74,0.06103942170739174
34,75,0.05259504169225693
34,76,0.05474457889795303
35,1,0.04988473653793335
35,2,0.04602781683206558
35,3,0.04234824702143669
35,4,0.05008762329816818
35,5,0.05092442408204079
35,6,0.04623785987496376
35,7,0.04716476798057556
35,8,0.04502730816602707
35,9,0.05190453678369522
35,10,0.052015356719493866
35,11,0.0527050718665123
35,12,0.054019734263420105
35,13,0.047739747911691666
35,14,0.046969976276159286
35,15,0.0804189071059227
35,16,0.051799505949020386
35,17,0.04555928707122803
35,18,0.04768558591604233
35,19,0.04761410877108574
35,20,0.0530240572988987
35,21,0.05598915368318558
35,22,0.047024231404066086
35,23,0.05314059928059578
35,24,0.05628529191017151
35,25,0.04323434829711914
35,26,0.05659615248441696
35,27,0.04663260281085968
35,28,0.05429229140281677
35,29,0.05931679904460907
35,30,0.044309694319963455
35,31,0.060138195753097534
35,32,0.05013337731361389
35,33,0.044709015637636185
35,34,0.05192673206329346
35,35,0.03721490502357483
35,36,0.04375394806265831
35,37,0.04514763504266739
35,38,0.05683903396129608
35,39,0.056998975574970245
35,40,0.05593805015087128
35,41,0.04418803006410599
35,42,0.048973165452480316
35,43,0.05641433596611023
35,44,0.04310625046491623
35,45,0.04647798091173172
35,46,0.044397301971912384
35,47,0.041009895503520966
35,48,0.0445842444896698
35,49,0.05102349817752838
35,50,0.04583285003900528
35,51,0.05777820944786072
35,52,0.04753008484840393
35,53,0.052153196185827255
35,54,0.049017515033483505
35,55,0.04256848245859146
35,56,0.03976058214902878
35,57,0.04770173504948616
35,58,0.047077834606170654
35,59,0.057015564292669296
35,60,0.061120882630348206
35,61,0.05213627219200134
35,62,0.0503607802093029
35,63,0.05276309326291084
35,64,0.045077741146087646
35,65,0.046696536242961884
35,66,0.050750233232975006
35,67,0.05224163830280304
35,68,0.04428904503583908
35,69,0.04443024843931198
35,70,0.0484793484210968
35,71,0.05255395919084549
35,72,0.048644404858350754
35,73,0.05184156447649002
35,74,0.05592234805226326
35,75,0.04408281296491623
35,76,0.0497928261756897
36,1,0.04325735569000244
36,2,0.053025536239147186
36,3,0.053082603961229324
36,4,0.04580816999077797
36,5,0.04818148538470268
36,6,0.03809284046292305
36,7,0.05021297559142113
36,8,0.04291562736034393
36,9,0.05369602143764496
36,10,0.0488552525639534
36,11,0.049107279628515244
36,12,0.061765655875205994
36,13,0.04107604920864105
36,14,0.0456179603934288
36,15,0.05177636444568634
36,16,0.04901505261659622
36,17,0.04293130338191986
36,18,0.045177049934864044
36,19,0.05310778692364693
36,20,0.05118218809366226
36,21,0.04899492487311363
36,22,0.049573950469493866
36,23,0.05170752480626106
36,24,0.04033757001161575
36,25,0.04485159367322922
36,26,0.04780854284763336
36,27,0.05821454897522926
36,28,0.04877343401312828
36,29,0.047369882464408875
36,30,0.053942348808050156
36,31,0.047236040234565735
36,32,0.0465640053153038
36,33,0.046156737953424454
36,34,0.061154354363679886
36,35,0.055578380823135376
36,36,0.050456903874874115
36,37,0.04464472085237503
36,38,0.05313325673341751
36,39,0.06063562259078026
36,40,0.052773866802453995
36,41,0.051111556589603424
36,42,0.05904977768659592
36,43,0.05163612216711044
36,44,0.06674270331859589
36,45,0.05993511527776718
36,46,0.06492041051387787
36,47,0.039820779114961624
36,48,0.051806312054395676
36,49,0.050073593854904175
36,50,0.05427539348602295
36,51,0.04122933745384216
36,52,0.04308472201228142
36,53,0.04751202091574669
36,54,0.05295807123184204
36,55,0.04849967733025551
36,56,0.04501835256814957
36,57,0.04688992351293564
36,58,0.05343914031982422
36,59,0.049613021314144135
36,60,0.04549602046608925
36,61,0.04568464681506157
36,62,0.0403326079249382
36,63,0.047910865396261215
36,64,0.04507080093026161
36,65,0.05001995712518692
36,66,0.04418255388736725
36,67,0.06264329701662064
36,68,0.052889637649059296
36,69,0.06173046678304672
36,70,0.051254983991384506
36,71,0.054240696132183075
36,72,0.058316346257925034
36,73,0.058667056262493134
36,74,0.05522434413433075
36,75,0.04142526537179947
36,76,0.04914199560880661
37,1,0.043858565390110016
37,2,0.045257456600666046
37,3,0.0503200963139534
37,4,0.05845126509666443
37,5,0.05040660873055458
37,6,0.04434237629175186
37,7,0.052333734929561615
37,8,0.04804803803563118
37,9,0.052106305956840515
37,10,0.060939814895391464
37,11,0.05222303792834282
37,12,0.05291523039340973
37,13,0.04262581840157509
37,14,0.04488636925816536
37,15,0.04606334865093231
37,16,0.04495728015899658
37,17,0.04955030232667923
37,18,0.05613798275589943
37,19,0.04943772405385971
37,20,0.05514676123857498
37,21,0.050145506858825684
37,22,0.05626465007662773
37,23,0.0540536493062973
37,24,0.058120548725128174
37,25,0.053166478872299194
37,26,0.055261313915252686
37,27,0.0534210130572319
37,28,0.04337547719478607
37,29,0.044146981090307236
37,30,0.04803028330206871
37,31,0.04593827575445175
37,32,0.04783197492361069
37,33,0.04517430067062378
37,34,0.050341397523880005
37,35,0.048023637384176254
37,36,0.045322395861148834
37,37,0.04508282616734505
37,38,0.051602188497781754
37,39,0.04527232050895691
37,40,0.049213577061891556
37,41,0.04809700697660446
37,42,0.05430090054869652
37,43,0.05463079363107681
37,44,0.04669266939163208
37,45,0.04921123757958412
37,46,0.06337592005729675
37,47,0.06001914665102959
37,48,0.055503107607364655
37,49,0.04269198700785637
37,50,0.05023563280701637
37,51,0.0543043315410614
37,52,0.04681972414255142
37,53,0.04945838078856468
37,54,0.0471663698554039
37,55,0.054989609867334366
37,56,0.04703212529420853
37,57,0.04903136193752289
37,58,0.04572399705648422
37,59,0.0441458523273468
37,60,0.05609152093529701
37,61,0.046183403581380844
37,62,0.048270151019096375
37,63,0.05026873201131821
37,64,0.04962729662656784
37,65,0.04573176056146622
37,66,0.04346051067113876
37,67,0.042113788425922394
37,68,0.04811319708824158
37,69,0.04599452763795853
37,70,0.05865413695573807
37,71,0.045801714062690735
37,72,0.05367351695895195
37,73,0.05188736692070961
37,74,0.04305817186832428
37,75,0.0470084473490715
37,76,0.05244177207350731
38,1,0.04469672590494156
38,2,0.04976251348853111
38,3,0.047324392944574356
38,4,0.042478520423173904
38,5,0.04767364636063576
38,6,0.04383768141269684
38,7,0.04350212588906288
38,8,0.05182092636823654
38,9,0.04928410053253174
38,10,0.0474565327167511
38,11,0.04550905525684357
38,12,0.0613555982708931
38,13,0.04170750081539154
38,14,0.045538343489170074
38,15,0.047642361372709274
38,16,0.0467350035905838
38,17,0.05002932623028755
38,18,0.04056491702795029
38,19,0.04876427352428436
38,20,0.0517374724149704
38,21,0.048920273780822754
38,22,0.04314207658171654
38,23,0.05246405676007271
38,24,0.052551135420799255
38,25,0.05137299373745918
38,26,0.045194413512945175
38,27,0.041124630719423294
38,28,0.042049966752529144
38,29,0.05708999186754227
38,30,0.050548046827316284
38,31,0.047159597277641296
38,32,0.04746521636843681
38,33,0.03848792612552643
38,34,0.04448819160461426
38,35,0.04187379032373428
38,36,0.045213259756565094
38,37,0.05422839894890785
38,38,0.04650689288973808
38,39,0.045754313468933105
38,40,0.05643228441476822
38,41,0.04416423290967941
38,42,0.04785683751106262
38,43,0.042285315692424774
38,44,0.04625166952610016
38,45,0.05846916139125824
38,46,0.04756135493516922
38,47,0.0494062714278698
38,48,0.04400697350502014
38,49,0.05040152743458748
38,50,0.05139891803264618
38,51,0.05150655657052994
38,52,0.04466380923986435
38,53,0.048829540610313416
38,54,0.04369906336069107
38,55,0.048167191445827484
38,56,0.0485587939620018
38,57,0.042144160717725754
38,58,0.0494806282222271
38,59,0.049270905554294586
38,60,0.049152132123708725
38,61,0.058712489902973175
38,62,0.042021118104457855
38,63,0.05199938267469406
38,64,0.05538912117481232
38,65,0.053638212382793427
38,66,0.04334058612585068
38,67,0.04240306466817856
38,68,0.046207208186388016
38,69,0.041320767253637314
38,70,0.05738460645079613
38,71,0.056299299001693726
38,72,0.041809581220149994
38,73,0.04691437631845474
38,74,0.054194871336221695
38,75,0.05117467790842056
38,76,0.04523564875125885
39,1,0.044134438037872314
39,2,0.04606179520487785
39,3,0.0513855405151844
39,4,0.04808109626173973
39,5,0.05438588187098503
39,6,0.04699204862117767
39,7,0.04621707275509834
39,8,0.04542607069015503
39,9,0.04593941196799278
39,10,0.04768427461385727
39,11,0.04057900607585907
39,12,0.04255449026823044
39,13,0.044937409460544586
39,14,0.0470261350274086
39,15,0.05012425780296326
39,16,0.04775911942124367
39,17,0.04375267028808594
39,18,0.050182245671749115
39,19,0.04463794827461243
39,20,0.04899798333644867
39,21,0.04920312017202377
39,22,0.05508802831172943
39,23,0.06273937225341797
39,24,0.04797305911779404
39,25,0.052959688007831573
39,26,0.04279496893286705
39,27,0.05305809900164604
39,28,0.03710585832595825
39,29,0.04869895055890083
39,30,0.043721992522478104
39,31,0.04931751638650894
39,32,0.04890212416648865
39,33,0.04610355198383331
39,34,0.04500251263380051
39,35,0.03799356520175934
39,36,0.043677762150764465
39,37,0.043696168810129166
39,38,0.05008203536272049
39,39,0.0494382344186306
39,40,0.04694890230894089
39,41,0.06136646121740341
39,42,0.04816009849309921
39,43,0.050780992954969406
39,44,0.06834537535905838
39,45,0.07654357701539993
39,46,0.04536191374063492
39,47,0.0536336787045002
39,48,0.05187194049358368
39,49,0.04481928423047066
39,50,0.0468183234333992
39,51,0.04413187876343727
39,52,0.05411023646593094
39,53,0.05690700560808182
39,54,0.04308593273162842
39,55,0.0600094273686409
39,56,0.045361921191215515
39,57,0.04570593312382698
39,58,0.049399495124816895
39,59,0.04640056937932968
39,60,0.048251472413539886
39,61,0.04341179132461548
39,62,0.06500574201345444
39,63,0.06060689687728882
39,64,0.05045202746987343
39,65,0.053020089864730835
39,66,0.0477876216173172
39,67,0.055421680212020874
39,68,0.049573395401239395
39,69,0.041097257286310196
39,70,0.05551847815513611
39,71,0.044345222413539886
39,72,0.05402452126145363
39,73,0.042309947311878204
39,74,0.04697945713996887
39,75,0.04342734441161156
39,76,0.04812838137149811
40,1,0.05045785754919052
40,2,0.04832863062620163
40,3,0.04925162345170975
40,4,0.05672243982553482
40,5,0.051164813339710236
40,6,0.04924287647008896
40,7,0.05269181728363037
40,8,0.05184919387102127
40,9,0.0596468560397625
40,10,0.03988489508628845
40,11,0.04909101128578186
40,12,0.05963806062936783
40,13,0.04313689470291138
40,14,0.05006164312362671
40,15,0.04434103146195412
40,16,0.0502648651599884
40,17,0.04213143140077591
40,18,0.04911871626973152
40,19,0.04011457413434982
40,20,0.04023101553320885
40,21,0.055413760244846344
40,22,0.04581315070390701
40,23,0.04786820337176323
40,24,0.04655136168003082
40,25,0.04452894628047943
40,26,0.04519714415073395
40,27,0.052113283425569534
40,28,0.047601886093616486
40,29,0.058670900762081146
40,30,0.06274829059839249
40,31,0.038500554859638214
40,32,0.057244546711444855
40,33,0.04075491055846214
40,34,0.045659139752388
40,35,0.045920178294181824
40,36,0.05455499142408371
40,37,0.04751167073845863
40,38,0.06726902723312378
40,39,0.05351576954126358
40,40,0.04452012851834297
40,41,0.04326801002025604
40,42,0.04165825992822647
40,43,0.05407525971531868
40,44,0.05371816083788872
40,45,0.05639254301786423
40,46,0.0507415272295475
40,47,0.05117659270763397
40,48,0.051731690764427185
40,49,0.042563773691654205
40,50,0.0464259497821331
40,51,0.04630938544869423
40,52,0.04200321435928345
40,53,0.04740273579955101
40,54,0.04952794313430786
40,55,0.04027505964040756
40,56,0.04806693643331528
40,57,0.05271270498633385
40,58,0.058577049523591995
40,59,0.04681546613574028
40,60,0.04623180627822876
40,61,0.04976464807987213
40,62,0.03958042711019516
40,63,0.04796109348535538
40,64,0.04105366766452789
40,65,0.040102340281009674
40,66,0.04356352612376213
40,67,0.04587516933679581
40,68,0.0538138747215271
40,69,0.04597558081150055
40,70,0.03842125087976456
40,71,0.057223230600357056
40,72,0.046894341707229614
40,73,0.05252680554986
40,74,0.04416488856077194
40,75,0.04707127436995506
40,76,0.044994257390499115
41,1,0.04816678538918495
41,2,0.042277172207832336
41,3,0.04560133069753647
41,4,0.045148469507694244
41,5,0.04400525614619255
41,6,0.05004805326461792
41,7,0.043090760707855225
41,8,0.04659663140773773
41,9,0.05055452883243561
41,10,0.04791006073355675
41,11,0.04327362775802612
41,12,0.04670816659927368
41,13,0.04546855390071869
41,14,0.041536301374435425
41,15,0.045145563781261444
41,16,0.0674271509051323
41,17,0.04295078292489052
41,18,0.045985959470272064
41,19,0.04986856132745743
41,20,0.04980138689279556
41,21,0.04281972348690033
41,22,0.041507214307785034
41,23,0.052854426205158234
41,24,0.04786927253007889
41,25,0.04557789862155914
41,26,0.04660068452358246
41,27,0.04463644325733185
41,28,0.043238844722509384
41,29,0.04445061832666397
41,30,0.06394768506288528
41,31,0.050384391099214554
41,32,0.0644218847155571
41,33,0.04673626646399498
41,34,0.07278243452310562
41,35,0.05928388237953186
41,36,0.05602477118372917
41,37,0.041816942393779755
41,38,0.050297461450099945
41,39,0.06977245211601257
41,40,0.044174280017614365
41,41,0.05097430944442749
41,42,0.04292825609445572
41,43,0.04972857981920242
41,44,0.049293797463178635
41,45,0.04054459184408188
41,46,0.041606079787015915
41,47,0.0488005205988884
41,48,0.05471428483724594
41,49,0.047401025891304016
41,50,0.046713776886463165
41,51,0.05119774118065834
41,52,0.04168037325143814
41,53,0.04869121313095093
41,54,0.050586629658937454
41,55,0.0481405109167099
41,56,0.052577756345272064
41,57,0.04659170284867287
41,58,0.04575246572494507
41,59,0.048076555132865906
41,60,0.053666625171899796
41,61,0.04684941843152046
41,62,0.05027777701616287
41,63,0.04184342920780182
41,64,0.044810570776462555
41,65,0.05071105435490608
41,66,0.048604823648929596
41,67,0.04175634682178497
41,68,0.05584185570478439
41,69,0.04674740880727768
41,70,0.04137685149908066
41,71,0.052654389292001724
41,72,0.040863364934921265
41,73,0.05621505156159401
41,74,0.04989363253116608
41,75,0.04825237765908241
41,76,0.03799356520175934
42,1,0.05032269284129143
42,2,0.0577104352414608
42,3,0.044985800981521606
42,4,0.05415831878781319
42,5,0.05125270038843155
42,6,0.04926525428891182
42,7,0.043411582708358765
42,8,0.04630129784345627
42,9,0.052707768976688385
42,10,0.04180682450532913
42,11,0.04976481944322586
42,12,0.04750199243426323
42,13,0.05031522363424301
42,14,0.03987397253513336
42,15,0.040616851300001144
42,16,0.05343814194202423
42,17,0.04582686349749565
42,18,0.0408463329076767
42,19,0.04263252392411232
42,20,0.0445774681866169
42,21,0.049220193177461624
42,22,0.038687948137521744
42,23,0.03434423357248306
42,24,0.03692759573459625
42,25,0.042514462023973465
42,26,0.05173994228243828
42,27,0.04548292234539986
42,28,0.04773705080151558
42,29,0.04512181133031845
42,30,0.05335042253136635
42,31,0.04700782522559166
42,32,0.057318344712257385
42,33,0.04865676164627075
42,34,0.04631497710943222
42,35,0.04970012232661247
42,36,0.0481971800327301
42,37,0.044901516288518906
42,38,0.03824649006128311
42,39,0.05283273011445999
42,40,0.05355827510356903
42,41,0.03802812844514847
42,42,0.042969007045030594
42,43,0.04203593358397484
42,44,0.0430574044585228
42,45,0.0496654212474823
42,46,0.04511965811252594
42,47,0.051883257925510406
42,48,0.041997749358415604
42,49,0.04325319826602936
42,50,0.04114241153001785
42,51,0.041234370321035385
42,52,0.04945102706551552
42,53,0.052486054599285126
42,54,0.04868951812386513
42,55,0.043381720781326294
42,56,0.05956432595849037
42,57,0.049670495092868805
42,58,0.04213196039199829
42,59,0.0465129017829895
42,60,0.044077228754758835
42,61,0.04481450840830803
42,62,0.051121730357408524
42,63,0.04431818053126335
42,64,0.03922253102064133
42,65,0.04649408906698227
42,66,0.05203499644994736
42,67,0.046402834355831146
42,68,0.0517839714884758
42,69,0.04220419004559517
42,70,0.04308454692363739
42,71,0.044575273990631104
42,72,0.046354446560144424
42,73,0.05112903565168381
42,74,0.04536925256252289
42,75,0.041400838643312454
42,76,0.0459730438888073
43,1,0.04495185241103172
43,2,0.041294366121292114
43,3,0.043137744069099426
43,4,0.0428902804851532
43,5,0.04096395522356033
43,6,0.04691968858242035
43,7,0.04485837370157242
43,8,0.05115346983075142
43,9,0.04615456983447075
43,10,0.047394271939992905
43,11,0.044933199882507324
43,12,0.049173686653375626
43,13,0.04895665496587753
43,14,0.047646671533584595
43,15,0.041474584490060806
43,16,0.04756442457437515
43,17,0.0498267263174057
43,18,0.04214654862880707
43,19,0.04012299329042435
43,20,0.04576638340950012
43,21,0.045742668211460114
43,22,0.045349135994911194
43,23,0.049964338541030884
43,24,0.04398147016763687
43,25,0.05440552532672882
43,26,0.04813219979405403
43,27,0.042499128729104996
43,28,0.043094221502542496
43,29,0.043806321918964386
43,30,0.03831268474459648
43,31,0.04427345097064972
43,32,0.051144443452358246
43,33,0.0429750494658947
43,34,0.04075522720813751
43,35,0.04646290838718414
43,36,0.046707600355148315
43,37,0.047862082719802856
43,38,0.039421942085027695
43,39,0.048873841762542725
43,40,0.043734438717365265
43,41,0.046629488468170166
43,42,0.049133770167827606
43,43,0.04732590541243553
43,44,0.039731428027153015
43,45,0.0435682013630867
43,46,0.0564306303858757
43,47,0.03934657201170921
43,48,0.05251225829124451
43,49,0.04300151392817497
43,50,0.04023125767707825
43,51,0.04195374250411987
43,52,0.0640190839767456
43,53,0.05196833610534668
43,54,0.04744080454111099
43,55,0.0517999604344368
43,56,0.04026949405670166
43,57,0.04190356656908989
43,58,0.041460856795310974
43,59,0.04755087196826935
43,60,0.03902997076511383
43,61,0.05703262984752655
43,62,0.055616024881601334
43,63,0.04849556088447571
43,64,0.0442020446062088
43,65,0.047534652054309845
43,66,0.04992464557290077
43,67,0.04560021311044693
43,68,0.04750560224056244
43,69,0.0451747290790081
43,70,0.04110658913850784
43,71,0.04298383742570877
43,72,0.045660994946956635
43,73,0.051505256444215775
43,74,0.053343288600444794
43,75,0.04483330249786377
43,76,0.045099105685949326
44,1,0.041747234761714935
44,2,0.05350935459136963
44,3,0.05524826422333717
44,4,0.04185476526618004
44,5,0.05053127929568291
44,6,0.04093313217163086
44,7,0.04032819718122482
44,8,0.042562320828437805
44,9,0.04693792760372162
44,10,0.043149590492248535
44,11,0.04759059473872185
44,12,0.04052913933992386
44,13,0.04326086491346359
44,14,0.04260655865073204
44,15,0.04798001050949097
44,16,0.05294492840766907
44,17,0.041631173342466354
44,18,0.05309724435210228
44,19,0.046601928770542145
44,20,0.03927173465490341
44,21,0.04682089388370514
44,22,0.04327254742383957
44,23,0.03531302511692047
44,24,0.04246063902974129
44,25,0.046122126281261444
44,26,0.051650892943143845
44,27,0.04871991276741028
44,28,0.04938481003046036
44,29,0.052350759506225586
44,30,0.047431934624910355
44,31,0.04969136416912079
44,32,0.04426158592104912
44,33,0.04199068620800972
44,34,0.04244076833128929
44,35,0.046054016798734665
44,36,0.04435432329773903
44,37,0.04294029623270035
44,38,0.04441685974597931
44,39,0.0542047843337059
44,40,0.0467531755566597
44,41,0.05051098018884659
44,42,0.049441296607255936
44,43,0.05273134261369705
44,44,0.05260966718196869
44,45,0.04182981699705124
44,46,0.0478455126285553
44,47,0.040715888142585754
44,48,0.05118803307414055
44,49,0.044708073139190674
44,50,0.04912632703781128
44,51,0.04880496859550476
44,52,0.05652543157339096
44,53,0.04610879346728325
44,54,0.0414326936006546
44,55,0.0594060905277729
44,56,0.05178794264793396
44,57,0.050675421953201294
44,58,0.04009352996945381
44,59,0.048373185098171234
44,60,0.04533836245536804
44,61,0.04825945943593979
44,62,0.04289710521697998
44,63,0.04963336139917374
44,64,0.04465998709201813
44,65,0.04277068376541138
44,66,0.049948789179325104
44,67,0.047577254474163055
44,68,0.052135322242975235
44,69,0.0336969718337059
44,70,0.043309539556503296
44,71,0.04856676980853081
44,72,0.04098372906446457
44,73,0.04652980715036392
44,74,0.039914488792419434
44,75,0.046213697642087936
44,76,0.044113993644714355
45,1,0.05191894993185997
45,2,0.04053325951099396
45,3,0.04288144409656525
45,4,0.04708051681518555
45,5,0.05458805710077286
45,6,0.03988177329301834
45,7,0.045581161975860596
45,8,0.046188972890377045
45,9,0.04215420410037041
45,10,0.0436507873237133
45,11,0.05490629002451897
45,12,0.05562200769782066
45,13,0.03981710970401764
45,14,0.045264825224876404
45,15,0.04235963523387909
45,16,0.03971749544143677
45,17,0.044722992926836014
45,18,0.043600067496299744
45,19,0.04508811980485916
45,20,0.04926063120365143
45,21,0.049775056540966034
45,22,0.04498523473739624
45,23,0.05128757655620575
45,24,0.04549229145050049
45,25,0.04876746982336044
45,26,0.04214725270867348
45,27,0.052488744258880615
45,28,0.04916850104928017
45,29,0.04458560794591904
45,30,0.0389995351433754
45,31,0.061628557741642
45,32,0.04555156081914902
45,33,0.0420866534113884
45,34,0.049733877182006836
45,35,0.04660438373684883
45,36,0.04526147246360779
45,37,0.039962053298950195
45,38,0.06300044804811478
45,39,0.042067136615514755
45,40,0.051719583570957184
45,41,0.04102196544408798
45,42,0.04338419437408447
45,43,0.04744879901409149
45,44,0.04805057495832443
45,45,0.05390852689743042
45,46,0.06288772076368332
45,47,0.04846101999282837
45,48,0.055802568793296814
45,49,0.047042567282915115
45,50,0.04697800427675247
45,51,0.0378163680434227
45,52,0.0477258637547493
45,53,0.0473187118768692
45,54,0.04361134022474289
45,55,0.04448162391781807
45,56,0.05298374593257904
45,57,0.06497374922037125
45,58,0.04497308284044266
45,59,0.04755234345793724
45,60,0.054722860455513
45,61,0.057757340371608734
45,62,0.05558684840798378
45,63,0.04510970413684845
45,64,0.04797080159187317
45,65,0.04989857226610184
45,66,0.050207823514938354
45,67,0.0516214594244957
45,68,0.054952315986156464
45,69,0.04637571796774864
45,70,0.05181606113910675
45,71,0.05074165761470795
45,72,0.05048993229866028
45,73,0.04422040283679962
45,74,0.039217524230480194
45,75,0.04290167987346649
45,76,0.05726051330566406
46,1,0.05319903790950775
46,2,0.049940720200538635
46,3,0.045956291258335114
46,4,0.04792730510234833
46,5,0.05131492763757706
46,6,0.0434207059442997
46,7,0.04929971322417259
46,8,0.041945215314626694
46,9,0.04758641496300697
46,10,0.0492926687002182
46,11,0.04451771080493927
46,12,0.04996921867132187
46,13,0.050152961164712906
46,14,0.044911131262779236
46,15,0.047751158475875854
46,16,0.046883538365364075
46,17,0.04727102071046829
46,18,0.051223549991846085
46,19,0.040904831141233444
46,20,0.04859567806124687
46,21,0.04890794679522514
46,22,0.045129723846912384
46,23,0.05081762373447418
46,24,0.0460786297917366
46,25,0.04304724931716919
46,26,0.0453571118414402
46,27,0.04623132199048996
46,28,0.0459635965526104
46,29,0.04016813635826111
46,30,0.03600187227129936
46,31,0.03972264379262924
46,32,0.04723374545574188
46,33,0.03984999284148216
46,34,0.045230161398649216
46,35,0.04205327481031418
46,36,0.05868241935968399
46,37,0.04445697367191315
46,38,0.04543518275022507
46,39,0.04149414226412773
46,40,0.05067489296197891
46,41,0.04680115729570389
46,42,0.05116497725248337
46,43,0.04087214171886444
46,44,0.044758424162864685
46,45,0.04641084745526314
46,46,0.0435800701379776
46,47,0.04619836434721947
46,48,0.03848741576075554
46,49,0.0439266562461853
46,50,0.048522718250751495
46,51,0.05500251427292824
46,52,0.040121860802173615
46,53,0.04384949803352356
46,54,0.04811226576566696
46,55,0.045482322573661804
46,56,0.046389542520046234
46,57,0.04351242259144783
46,58,0.044629186391830444
46,59,0.04509326070547104
46,60,0.05005701631307602
46,61,0.04469762742519379
46,62,0.0704890638589859
46,63,0.0666634663939476
46,64,0.04051066190004349
46,65,0.051034584641456604
46,66,0.04612720012664795
46,67,0.04389356076717377
46,68,0.04684183746576309
46,69,0.04536805301904678
46,70,0.0443686842918396
46,71,0.043746449053287506
46,72,0.03743694722652435
46,73,0.04680117964744568
46,74,0.0482415035367012
46,75,0.04395580664277077
46,76,0.07568830251693726
47,1,0.0408877432346344
47,2,0.04246458411216736
47,3,0.04252954199910164
47,4,0.05200140178203583
47,5,0.0451652854681015
47,6,0.044104669243097305
47,7,0.06135275959968567
47,8,0.047590091824531555
47,9,0.05475548654794693
47,10,0.044640351086854935
47,11,0.03835305944085121
47,12,0.0555737130343914
47,13,0.04982317239046097
47,14,0.04795125871896744
47,15,0.04994369298219681
47,16,0.04696536436676979
47,17,0.04331887513399124
47,18,0.046739690005779266
47,19,0.04269896447658539
47,20,0.048425283282995224
47,21,0.04518957436084747
47,22,0.04702631011605263
47,23,0.06030510365962982
47,24,0.04751461744308472
47,25,0.04024983197450638
47,26,0.049943119287490845
47,27,0.055912163108587265
47,28,0.04283769056200981
47,29,0.047554515302181244
47,30,0.04583820328116417
47,31,0.04560025408864021
47,32,0.0479145422577858
47,33,0.045423995703458786
47,34,0.043576307594776154
47,35,0.04433426260948181
47,36,0.04587646573781967
47,37,0.04562440142035484
47,38,0.04292348027229309
47,39,0.04036904126405716
47,40,0.04057340696454048
47,41,0.044878702610731125
47,42,0.03906933590769768
47,43,0.043075598776340485
47,44,0.04260019212961197
47,45,0.06052082031965256
47,46,0.04206642508506775
47,47,0.04096918925642967
47,48,0.041007526218891144
47,49,0.048527851700782776
47,50,0.053769901394844055
47,51,0.045954301953315735
47,52,0.04144376516342163
47,53,0.04460277408361435
47,54,0.03845833241939545
47,55,0.0434231199324131
47,56,0.046619124710559845
47,57,0.0427517406642437
47,58,0.057017870247364044
47,59,0.03912363946437836
47,60,0.04228508472442627
47,61,0.05045558512210846
47,62,0.043474093079566956
47,63,0.04561658948659897
47,64,0.04393854737281799
47,65,0.05684865266084671
47,66,0.049644045531749725
47,67,0.04482315853238106
47,68,0.048742737621068954
47,69,0.04463021084666252
47,70,0.040025822818279266
47,71,0.042218007147312164
47,72,0.04815414547920227
47,73,0.04347488656640053
47,74,0.05964690446853638
47,75,0.05399381369352341
47,76,0.043118707835674286
48,1,0.050383247435092926
48,2,0.04047412425279617
48,3,0.050014346837997437
48,4,0.03862188383936882
48,5,0.04571830481290817
48,6,0.044854603707790375
48,7,0.03748506307601929
48,8,0.04180525988340378
48,9,0.040390126407146454
48,10,0.04587841033935547
48,11,0.0436667762696743
48,12,0.041120268404483795
48,13,0.047201257199048996
48,14,0.03966176509857178
48,15,0.04862673580646515
48,16,0.04387371987104416
48,17,0.03933791071176529
48,18,0.03966966271400452
48,19,0.04610259085893631
48,20,0.049326807260513306
48,21,0.053325213491916656
48,22,0.03822559863328934
48,23,0.042997028678655624
48,24,0.04979926347732544
48,25,0.042363181710243225
48,26,0.0430784597992897
48,27,0.04313662648200989
48,28,0.05091021582484245
48,29,0.0474008172750473
48,30,0.04000683128833771
48,31,0.04614318162202835
48,32,0.04674728959798813
48,33,0.03847404569387436
48,34,0.04428556188941002
48,35,0.05507183074951172
48,36,0.05203333497047424
48,37,0.045856770128011703
48,38,0.05080458149313927
48,39,0.04316157475113869
48,40,0.04503699392080307
48,41,0.04723599553108215
48,42,0.04330326244235039
48,43,0.052242621779441833
48,44,0.0530899353325367
48,45,0.0577177032828331
48,46,0.055166203528642654
48,47,0.03988254815340042
48,48,0.0438074916601181
48,49,0.08145385980606079
48,50,0.05493789538741112
48,51,0.0445629321038723
48,52,0.04578761011362076
48,53,0.04371630400419235
48,54,0.045924365520477295
48,55,0.04442831501364708
48,56,0.049080006778240204
48,57,0.04088180139660835
48,58,0.04290101304650307
48,59,0.0422225147485733
48,60,0.04378047212958336
48,61,0.04809090495109558
48,62,0.04109485074877739
48,63,0.05298922210931778
48,64,0.04514814168214798
48,65,0.04124397039413452
48,66,0.047742120921611786
48,67,0.04008033126592636
48,68,0.05022533982992172
48,69,0.03583736717700958
48,70,0.04376724362373352
48,71,0.039702028036117554
48,72,0.04268788918852806
48,73,0.04185137152671814
48,74,0.03944355249404907
48,75,0.048452846705913544
48,76,0.046025700867176056
49,1,0.051218416541814804
49,2,0.04535678029060364
49,3,0.03838397562503815
49,4,0.03570786118507385
49,5,0.045316167175769806
49,6,0.054169341921806335
49,7,0.04303763806819916
49,8,0.03723406046628952
49,9,0.045766621828079224
49,10,0.053325727581977844
49,11,0.040130358189344406
49,12,0.03724932670593262
49,13,0.03918870911002159
49,14,0.052167657762765884
49,15,0.04621540755033493
49,16,0.04873993247747421
49,17,0.05672469362616539
49,18,0.04144861176609993
49,19,0.03912794962525368
49,20,0.05126793310046196
49,21,0.047925688326358795
49,22,0.04671655595302582
49,23,0.04980529472231865
49,24,0.04927733540534973
49,25,0.04268510639667511
49,26,0.036224521696567535
49,27,0.04506886005401611
49,28,0.042852938175201416
49,29,0.04191366583108902
49,30,0.04729928821325302
49,31,0.04732653126120567
49,32,0.04203825443983078
49,33,0.037706408649683
49,34,0.049970705062150955
49,35,0.041369982063770294
49,36,0.039547793567180634
49,37,0.042054541409015656
49,38,0.04378090798854828
49,39,0.04607090353965759
49,40,0.04800404980778694
49,41,0.04215456545352936
49,42,0.05546726658940315
49,43,0.042805105447769165
49,44,0.044976409524679184
49,45,0.0627981573343277
49,46,0.055619318038225174
49,47,0.05581673979759216
49,48,0.04272143542766571
49,49,0.041677311062812805
49,50,0.04883779585361481
49,51,0.04204835742712021
49,52,0.04667399823665619
49,53,0.04182835668325424
49,54,0.05640323832631111
49,55,0.045895420014858246
49,56,0.04294609650969505
49,57,0.04550601914525032
49,58,0.04185144975781441
49,59,0.039649754762649536
49,60,0.05129680037498474
49,61,0.06090853363275528
49,62,0.0497688353061676
49,63,0.040307510644197464
49,64,0.041884325444698334
49,65,0.041773729026317596
49,66,0.048463065177202225
49,67,0.04176299646496773
49,68,0.04087557643651962
49,69,0.04435674473643303
49,70,0.04830155149102211
49,71,0.04176417738199234
49,72,0.04801550135016441
49,73,0.042295292019844055
49,74,0.0428464412689209
49,75,0.040474843233823776
49,76,0.044068582355976105
50,1,0.04631882160902023
50,2,0.037900954484939575
50,3,0.05225024372339249
50,4,0.045740604400634766
50,5,0.05492142215371132
50,6,0.03894365578889847
50,7,0.04120001196861267
50,8,0.04907960444688797
50,9,0.04388052225112915
50,10,0.04186050593852997
50,11,0.04737350344657898
50,12,0.039977118372917175
50,13,0.04392185062170029
50,14,0.052396029233932495
50,15,0.04828859865665436
50,16,0.044085800647735596
50,17,0.04161527752876282
50,18,0.05903111398220062
50,19,0.03931909427046776
50,20,0.04762406647205353
50,21,0.04749549180269241
50,22,0.04731685668230057
50,23,0.04509326443076134
50,24,0.03930840268731117
50,25,0.040114641189575195
50,26,0.040337927639484406
50,27,0.039082299917936325
50,28,0.044631749391555786
50,29,0.04184603691101074
50,30,0.0470326766371727
50,31,0.0462166890501976
50,32,0.0513928085565567
50,33,0.03749926760792732
50,34,0.04719166457653046
50,35,0.05136594921350479
50,36,0.04447907209396362
50,37,0.03892401605844498
50,38,0.0378139466047287
50,39,0.052736081182956696
50,40,0.04062337800860405
50,41,0.04320971295237541
50,42,0.03778156638145447
50,43,0.04542582854628563
50,44,0.05313679575920105
50,45,0.04385744780302048
50,46,0.04142066836357117
50,47,0.036389559507369995
50,48,0.040114808827638626
50,49,0.04479203373193741
50,50,0.043793175369501114
50,51,0.0578107126057148
50,52,0.04594498127698898
50,53,0.037630900740623474
50,54,0.045834701508283615
50,55,0.04182371124625206
50,56,0.04136885330080986
50,57,0.04687116667628288
50,58,0.04517006129026413
50,59,0.05063186585903168
50,60,0.037381723523139954
50,61,0.042106904089450836
50,62,0.04164589196443558
50,63,0.044741153717041016
50,64,0.03900179639458656
50,65,0.04169956594705582
50,66,0.04043586552143097
50,67,0.04531235992908478
50,68,0.04046040028333664
50,69,0.042984310537576675
50,70,0.04060830548405647
50,71,0.048000939190387726
50,72,0.04585370421409607
50,73,0.04146683216094971
50,74,0.04261540621519089
50,75,0.049135275185108185
50,76,0.05263938382267952
