50,0,5.82183837890625,2023-04-25 10:06:31.190375
50,10,5.190113067626953,2023-04-25 10:06:44.810342
50,20,5.203388214111328,2023-04-25 10:06:58.134625
50,30,5.261068344116211,2023-04-25 10:07:11.423789
50,40,5.166110038757324,2023-04-25 10:07:25.399686
50,50,5.131170272827148,2023-04-25 10:07:40.200544
50,60,5.145171642303467,2023-04-25 10:07:53.290623
50,70,5.159015655517578,2023-04-25 10:08:11.760937
50,80,5.144503593444824,2023-04-25 10:08:25.183566
50,90,5.177088737487793,2023-04-25 10:08:38.338885
50,100,5.098695755004883,2023-04-25 10:08:51.775467
50,110,5.089838981628418,2023-04-25 10:09:08.937228
50,120,5.156986236572266,2023-04-25 10:09:23.652428
50,130,5.168723106384277,2023-04-25 10:09:36.872675
50,140,5.131359100341797,2023-04-25 10:09:53.994082
50,150,5.142064571380615,2023-04-25 10:10:07.408870
50,160,5.083021640777588,2023-04-25 10:10:20.597865
50,170,5.096915245056152,2023-04-25 10:10:39.281868
50,180,5.080244541168213,2023-04-25 10:10:52.682724
50,190,5.088065147399902,2023-04-25 10:11:06.215053
50,200,5.0738983154296875,2023-04-25 10:11:21.454984
50,210,5.0609540939331055,2023-04-25 10:11:37.955487
50,220,5.097391128540039,2023-04-25 10:11:50.820673
50,230,5.143953323364258,2023-04-25 10:12:08.289980
50,240,5.084262847900391,2023-04-25 10:12:26.163108
50,250,5.086312294006348,2023-04-25 10:12:39.319282
50,260,5.07350492477417,2023-04-25 10:12:52.249260
50,270,5.047944068908691,2023-04-25 10:13:14.469457
50,280,5.217004776000977,2023-04-25 10:13:27.776572
50,290,5.048200607299805,2023-04-25 10:13:40.220502
51,0,5.081274032592773,2023-04-25 10:14:10.249747
51,10,5.072931289672852,2023-04-25 10:14:20.276517
51,20,5.093297958374023,2023-04-25 10:14:32.489098
51,30,5.101140975952148,2023-04-25 10:14:45.620715
51,40,5.1111931800842285,2023-04-25 10:14:56.868302
51,50,5.045622825622559,2023-04-25 10:15:07.444409
51,60,5.099017143249512,2023-04-25 10:15:17.725389
51,70,5.1042304039001465,2023-04-25 10:15:28.981961
51,80,5.080006122589111,2023-04-25 10:15:38.910455
51,90,5.084847450256348,2023-04-25 10:15:49.390524
51,100,5.093995094299316,2023-04-25 10:16:00.012065
51,110,5.084629058837891,2023-04-25 10:16:09.920688
51,120,5.204209804534912,2023-04-25 10:16:20.026286
51,130,5.111728191375732,2023-04-25 10:16:30.270014
51,140,5.103346824645996,2023-04-25 10:16:40.305763
51,150,5.080874443054199,2023-04-25 10:16:50.870279
51,160,5.240859031677246,2023-04-25 10:17:01.075580
51,170,5.046712875366211,2023-04-25 10:17:11.218907
51,180,5.0811448097229,2023-04-25 10:17:21.300457
51,190,5.046722412109375,2023-04-25 10:17:31.756202
51,200,5.100964546203613,2023-04-25 10:17:41.581437
51,210,5.116947174072266,2023-04-25 10:17:52.001052
51,220,5.117478847503662,2023-04-25 10:18:01.992595
51,230,5.060719013214111,2023-04-25 10:18:11.682533
51,240,5.044013023376465,2023-04-25 10:18:21.806272
51,250,5.117561340332031,2023-04-25 10:18:32.155571
51,260,5.077912330627441,2023-04-25 10:18:41.899201
51,270,5.080918312072754,2023-04-25 10:18:52.414412
51,280,5.0870842933654785,2023-04-25 10:19:02.128356
51,290,5.046084403991699,2023-04-25 10:19:11.933661
52,0,5.066865921020508,2023-04-25 10:19:28.163779
52,10,5.0327324867248535,2023-04-25 10:19:39.689112
52,20,5.061631202697754,2023-04-25 10:19:49.333564
52,30,5.061520576477051,2023-04-25 10:19:59.645069
52,40,5.126306533813477,2023-04-25 10:20:09.647061
52,50,5.074566841125488,2023-04-25 10:20:19.797992
52,60,5.052072525024414,2023-04-25 10:20:29.908004
52,70,5.035529136657715,2023-04-25 10:20:39.794706
52,80,5.080777168273926,2023-04-25 10:20:49.814420
52,90,5.039430618286133,2023-04-25 10:20:59.727476
52,100,5.060019493103027,2023-04-25 10:21:10.065495
52,110,5.0366129875183105,2023-04-25 10:21:19.974803
52,120,5.05272102355957,2023-04-25 10:21:30.088490
52,130,5.038080215454102,2023-04-25 10:21:39.907328
52,140,5.0243377685546875,2023-04-25 10:21:49.828581
52,150,5.061587333679199,2023-04-25 10:21:59.921287
52,160,5.091132164001465,2023-04-25 10:22:09.771539
52,170,5.1198530197143555,2023-04-25 10:22:19.621992
52,180,5.065552711486816,2023-04-25 10:22:29.515845
52,190,5.124216079711914,2023-04-25 10:22:39.427256
52,200,5.040778160095215,2023-04-25 10:22:49.298980
52,210,5.070082664489746,2023-04-25 10:22:59.619994
52,220,5.069195747375488,2023-04-25 10:23:09.244543
52,230,5.029499053955078,2023-04-25 10:23:19.023370
52,240,5.065789699554443,2023-04-25 10:23:29.234741
52,250,5.1577372550964355,2023-04-25 10:23:39.465668
52,260,5.078149795532227,2023-04-25 10:23:49.651319
52,270,5.0756611824035645,2023-04-25 10:23:59.925271
52,280,5.242417335510254,2023-04-25 10:24:10.055967
52,290,5.171468734741211,2023-04-25 10:24:19.665805
53,0,5.04270601272583,2023-04-25 10:24:37.407902
53,10,5.10715913772583,2023-04-25 10:24:47.710834
53,20,5.056617259979248,2023-04-25 10:24:57.745872
53,30,5.051095008850098,2023-04-25 10:25:07.686648
53,40,5.06752872467041,2023-04-25 10:25:17.970751
53,50,5.082789897918701,2023-04-25 10:25:27.916744
53,60,5.125192642211914,2023-04-25 10:25:37.919877
53,70,5.059488296508789,2023-04-25 10:25:48.025899
53,80,5.053284168243408,2023-04-25 10:25:57.957152
53,90,5.067787170410156,2023-04-25 10:26:08.142033
53,100,5.118997573852539,2023-04-25 10:26:18.106378
53,110,5.030631065368652,2023-04-25 10:26:28.093747
53,120,5.053928375244141,2023-04-25 10:26:38.093886
53,130,5.084298133850098,2023-04-25 10:26:48.071467
53,140,5.116171360015869,2023-04-25 10:26:58.167973
53,150,5.193199157714844,2023-04-25 10:27:08.063084
53,160,5.037852764129639,2023-04-25 10:27:18.041993
53,170,5.110040664672852,2023-04-25 10:27:28.190995
53,180,5.129744529724121,2023-04-25 10:27:38.310717
53,190,5.099467754364014,2023-04-25 10:27:48.256884
53,200,5.055502891540527,2023-04-25 10:27:58.249847
53,210,5.058873176574707,2023-04-25 10:28:08.170376
53,220,5.206072807312012,2023-04-25 10:28:18.048064
53,230,5.036404609680176,2023-04-25 10:28:28.461971
53,240,5.029208183288574,2023-04-25 10:28:38.190862
53,250,5.045304298400879,2023-04-25 10:28:48.276593
53,260,5.1326704025268555,2023-04-25 10:28:58.651193
53,270,5.085306167602539,2023-04-25 10:29:08.526999
53,280,5.159424304962158,2023-04-25 10:29:18.259727
53,290,5.0625104904174805,2023-04-25 10:29:28.033940
54,0,5.03764533996582,2023-04-25 10:29:46.410757
54,10,5.026328086853027,2023-04-25 10:29:56.246881
54,20,5.036879539489746,2023-04-25 10:30:06.593924
54,30,5.038304328918457,2023-04-25 10:30:16.557787
54,40,5.036932945251465,2023-04-25 10:30:26.523263
54,50,5.019930839538574,2023-04-25 10:30:36.553008
54,60,5.086268424987793,2023-04-25 10:30:46.501166
54,70,5.053972244262695,2023-04-25 10:30:56.634896
54,80,5.080411434173584,2023-04-25 10:31:06.741082
54,90,5.04172420501709,2023-04-25 10:31:16.866806
54,100,5.112711429595947,2023-04-25 10:31:26.941970
54,110,5.14178466796875,2023-04-25 10:31:37.012609
54,120,5.064586639404297,2023-04-25 10:31:47.179197
54,130,5.124122142791748,2023-04-25 10:31:57.230369
54,140,5.035567283630371,2023-04-25 10:32:06.895007
54,150,5.024781227111816,2023-04-25 10:32:16.551899
54,160,5.06197452545166,2023-04-25 10:32:26.526499
54,170,5.079493522644043,2023-04-25 10:32:36.632952
54,180,5.048426628112793,2023-04-25 10:32:46.477168
54,190,5.092720985412598,2023-04-25 10:32:56.343713
54,200,5.106764793395996,2023-04-25 10:33:06.018294
54,210,5.080831527709961,2023-04-25 10:33:15.981206
54,220,5.085103511810303,2023-04-25 10:33:25.906919
54,230,5.033085823059082,2023-04-25 10:33:35.862620
54,240,5.028853893280029,2023-04-25 10:33:45.767997
54,250,5.114681243896484,2023-04-25 10:33:55.624926
54,260,5.032097816467285,2023-04-25 10:34:05.984679
54,270,5.117988586425781,2023-04-25 10:34:16.124918
54,280,5.0353569984436035,2023-04-25 10:34:26.183268
54,290,5.039236068725586,2023-04-25 10:34:36.239494
55,0,5.020663261413574,2023-04-25 10:34:54.656463
55,10,5.06404447555542,2023-04-25 10:35:04.524315
55,20,5.030491828918457,2023-04-25 10:35:14.223097
55,30,5.040069580078125,2023-04-25 10:35:24.233577
55,40,5.094822406768799,2023-04-25 10:35:34.229334
55,50,5.092912197113037,2023-04-25 10:35:43.894890
55,60,5.045080184936523,2023-04-25 10:35:53.932065
55,70,5.061909198760986,2023-04-25 10:36:03.654085
55,80,5.056114196777344,2023-04-25 10:36:14.069706
55,90,5.033782005310059,2023-04-25 10:36:23.826895
55,100,5.0731987953186035,2023-04-25 10:36:33.706198
55,110,5.034138202667236,2023-04-25 10:36:43.495602
55,120,5.042366981506348,2023-04-25 10:36:53.439188
55,130,5.031301498413086,2023-04-25 10:37:03.512701
55,140,5.0541205406188965,2023-04-25 10:37:13.193697
55,150,5.040322780609131,2023-04-25 10:37:23.085439
55,160,5.135392189025879,2023-04-25 10:37:33.369233
55,170,5.029679298400879,2023-04-25 10:37:43.457247
55,180,5.053983688354492,2023-04-25 10:37:53.344360
55,190,5.04493522644043,2023-04-25 10:38:03.216424
55,200,5.044933319091797,2023-04-25 10:38:12.878628
55,210,5.032254219055176,2023-04-25 10:38:22.677252
55,220,5.09459924697876,2023-04-25 10:38:32.265684
55,230,5.014492034912109,2023-04-25 10:38:42.307825
55,240,5.0651350021362305,2023-04-25 10:38:52.537250
55,250,5.016716003417969,2023-04-25 10:39:02.332367
55,260,5.049910545349121,2023-04-25 10:39:12.363719
55,270,5.060026168823242,2023-04-25 10:39:22.035751
55,280,5.049574375152588,2023-04-25 10:39:31.725559
55,290,5.059978485107422,2023-04-25 10:39:41.543990
56,0,5.037093162536621,2023-04-25 10:39:57.411270
56,10,5.0129828453063965,2023-04-25 10:40:08.435522
56,20,5.023347854614258,2023-04-25 10:40:18.197692
56,30,5.03681755065918,2023-04-25 10:40:28.064246
56,40,5.06587028503418,2023-04-25 10:40:38.031749
56,50,5.032199859619141,2023-04-25 10:40:47.919167
56,60,5.073408603668213,2023-04-25 10:40:57.583574
56,70,5.096250057220459,2023-04-25 10:41:07.213961
56,80,5.054266929626465,2023-04-25 10:41:17.130953
56,90,5.047375202178955,2023-04-25 10:41:26.765844
56,100,5.05073356628418,2023-04-25 10:41:36.622443
56,110,5.03893518447876,2023-04-25 10:41:46.622057
56,120,5.042178630828857,2023-04-25 10:41:56.515150
56,130,5.076580047607422,2023-04-25 10:42:06.355360
56,140,5.117687225341797,2023-04-25 10:42:16.146573
56,150,5.038149833679199,2023-04-25 10:42:25.965712
56,160,5.028497695922852,2023-04-25 10:42:35.666725
56,170,5.074912071228027,2023-04-25 10:42:45.709687
56,180,5.082690238952637,2023-04-25 10:42:55.364561
56,190,5.029757499694824,2023-04-25 10:43:05.517985
56,200,5.035839080810547,2023-04-25 10:43:15.285176
56,210,5.0503692626953125,2023-04-25 10:43:25.171888
56,220,5.078030586242676,2023-04-25 10:43:34.781847
56,230,5.064806938171387,2023-04-25 10:43:44.724451
56,240,5.046395301818848,2023-04-25 10:43:54.802462
56,250,5.07659387588501,2023-04-25 10:44:04.566839
56,260,5.035432815551758,2023-04-25 10:44:14.427940
56,270,5.062512397766113,2023-04-25 10:44:24.100234
56,280,5.057707786560059,2023-04-25 10:44:33.936321
56,290,5.032501697540283,2023-04-25 10:44:43.525703
57,0,5.01359748840332,2023-04-25 10:44:59.849148
57,10,5.099104881286621,2023-04-25 10:45:09.462252
57,20,5.049663543701172,2023-04-25 10:45:19.163093
57,30,5.052053928375244,2023-04-25 10:45:28.766012
57,40,5.047026634216309,2023-04-25 10:45:38.494998
57,50,5.0470428466796875,2023-04-25 10:45:48.461054
57,60,5.089694976806641,2023-04-25 10:45:58.190787
57,70,5.093354225158691,2023-04-25 10:46:08.110533
57,80,5.153313159942627,2023-04-25 10:46:17.927170
57,90,5.085677623748779,2023-04-25 10:46:27.209068
57,100,5.1169538497924805,2023-04-25 10:46:36.686494
57,110,5.074107646942139,2023-04-25 10:46:46.561801
57,120,5.052693843841553,2023-04-25 10:46:56.614097
57,130,5.061992645263672,2023-04-25 10:47:06.410964
57,140,5.020582675933838,2023-04-25 10:47:16.407037
57,150,5.026815414428711,2023-04-25 10:47:26.188873
57,160,5.045599937438965,2023-04-25 10:47:35.653582
57,170,5.082999229431152,2023-04-25 10:47:45.495009
57,180,5.030952453613281,2023-04-25 10:47:55.273251
57,190,5.030965805053711,2023-04-25 10:48:05.064955
57,200,5.032154083251953,2023-04-25 10:48:14.364915
57,210,5.042168140411377,2023-04-25 10:48:24.167266
57,220,5.039984703063965,2023-04-25 10:48:34.061405
57,230,5.068204879760742,2023-04-25 10:48:43.932388
57,240,5.030309677124023,2023-04-25 10:48:53.968846
57,250,5.058940887451172,2023-04-25 10:49:03.696034
57,260,5.036054611206055,2023-04-25 10:49:13.032077
57,270,5.12597131729126,2023-04-25 10:49:23.050800
57,280,5.0818963050842285,2023-04-25 10:49:33.092202
57,290,5.04632043838501,2023-04-25 10:49:42.568391
58,0,5.012490272521973,2023-04-25 10:50:00.397890
58,10,5.051076889038086,2023-04-25 10:50:10.274028
58,20,5.037662982940674,2023-04-25 10:50:20.190263
58,30,5.019374847412109,2023-04-25 10:50:30.083352
58,40,5.0350494384765625,2023-04-25 10:50:40.043068
58,50,5.074376583099365,2023-04-25 10:50:49.901636
58,60,5.05861234664917,2023-04-25 10:50:59.661551
58,70,5.041960716247559,2023-04-25 10:51:09.590077
58,80,5.039894104003906,2023-04-25 10:51:19.698985
58,90,5.062989234924316,2023-04-25 10:51:29.505221
58,100,5.1221442222595215,2023-04-25 10:51:39.139263
58,110,5.017195701599121,2023-04-25 10:51:48.791778
58,120,5.087004661560059,2023-04-25 10:51:58.930554
58,130,5.138964653015137,2023-04-25 10:52:08.466130
58,140,5.1348652839660645,2023-04-25 10:52:18.054519
58,150,5.063666820526123,2023-04-25 10:52:27.885103
58,160,5.115127086639404,2023-04-25 10:52:37.317116
58,170,5.038692474365234,2023-04-25 10:52:47.347374
58,180,5.038528919219971,2023-04-25 10:52:57.499513
58,190,5.054084777832031,2023-04-25 10:53:07.088656
58,200,5.062594413757324,2023-04-25 10:53:17.091432
58,210,5.034082412719727,2023-04-25 10:53:26.991090
58,220,5.097951889038086,2023-04-25 10:53:36.558632
58,230,5.038503646850586,2023-04-25 10:53:46.517453
58,240,5.053317070007324,2023-04-25 10:53:56.401207
58,250,5.0428266525268555,2023-04-25 10:54:06.111229
58,260,5.086652755737305,2023-04-25 10:54:15.724506
58,270,5.098099708557129,2023-04-25 10:54:25.681269
58,280,5.071721076965332,2023-04-25 10:54:35.655935
58,290,5.114415168762207,2023-04-25 10:54:45.408594
59,0,5.030666828155518,2023-04-25 10:55:03.716520
59,10,5.030150890350342,2023-04-25 10:55:13.177982
59,20,5.013422966003418,2023-04-25 10:55:23.069241
59,30,5.01753044128418,2023-04-25 10:55:33.105473
59,40,5.105547904968262,2023-04-25 10:55:42.777303
59,50,5.086793899536133,2023-04-25 10:55:52.672829
59,60,5.0222907066345215,2023-04-25 10:56:02.235982
59,70,5.022486686706543,2023-04-25 10:56:11.710966
59,80,5.070581436157227,2023-04-25 10:56:21.592747
59,90,5.043388366699219,2023-04-25 10:56:31.187352
59,100,5.018959999084473,2023-04-25 10:56:40.891259
59,110,5.041903018951416,2023-04-25 10:56:50.534921
59,120,5.00153923034668,2023-04-25 10:57:00.231852
59,130,5.034326553344727,2023-04-25 10:57:09.889298
59,140,5.050185203552246,2023-04-25 10:57:19.747477
59,150,5.043102264404297,2023-04-25 10:57:29.802766
59,160,5.09861946105957,2023-04-25 10:57:39.574136
59,170,5.031313896179199,2023-04-25 10:57:49.306686
59,180,5.057118892669678,2023-04-25 10:57:59.113261
59,190,5.07558012008667,2023-04-25 10:58:09.162230
59,200,5.018193244934082,2023-04-25 10:58:19.034009
59,210,5.034961700439453,2023-04-25 10:58:28.685674
59,220,5.12944221496582,2023-04-25 10:58:38.618683
59,230,5.027254104614258,2023-04-25 10:58:48.183328
59,240,5.089748382568359,2023-04-25 10:58:58.248976
59,250,5.074774742126465,2023-04-25 10:59:07.748331
59,260,5.038729667663574,2023-04-25 10:59:17.547800
59,270,5.040180206298828,2023-04-25 10:59:27.384271
59,280,5.042258262634277,2023-04-25 10:59:37.213702
59,290,5.050992488861084,2023-04-25 10:59:47.401740
60,0,5.008862495422363,2023-04-25 11:00:05.069156
60,10,5.027667045593262,2023-04-25 11:00:14.480508
60,20,5.068290710449219,2023-04-25 11:00:24.117061
60,30,5.0099053382873535,2023-04-25 11:00:33.512291
60,40,5.025666236877441,2023-04-25 11:00:43.284580
60,50,5.044679641723633,2023-04-25 11:00:53.096035
60,60,5.045926094055176,2023-04-25 11:01:02.929062
60,70,5.080473899841309,2023-04-25 11:01:12.954124
60,80,5.103006362915039,2023-04-25 11:01:22.816154
60,90,5.022153854370117,2023-04-25 11:01:32.837485
60,100,5.011073589324951,2023-04-25 11:01:42.616709
60,110,5.040159225463867,2023-04-25 11:01:52.390862
60,120,5.043523788452148,2023-04-25 11:02:01.945232
60,130,4.999802589416504,2023-04-25 11:02:11.477621
60,140,5.131383895874023,2023-04-25 11:02:21.539518
60,150,5.043045997619629,2023-04-25 11:02:31.574823
60,160,5.045771598815918,2023-04-25 11:02:41.310302
60,170,5.089725971221924,2023-04-25 11:02:50.899263
60,180,5.039583206176758,2023-04-25 11:03:00.474010
60,190,5.033083915710449,2023-04-25 11:03:10.200267
60,200,5.112990379333496,2023-04-25 11:03:20.016942
60,210,5.051717281341553,2023-04-25 11:03:29.757088
60,220,5.028345108032227,2023-04-25 11:03:39.438840
60,230,5.018645286560059,2023-04-25 11:03:49.215333
60,240,5.0341386795043945,2023-04-25 11:03:59.095062
60,250,5.026777267456055,2023-04-25 11:04:08.580163
60,260,5.0310211181640625,2023-04-25 11:04:18.429238
60,270,5.002795219421387,2023-04-25 11:04:28.149461
60,280,5.032007217407227,2023-04-25 11:04:38.213019
60,290,5.071290493011475,2023-04-25 11:04:47.981296
61,0,5.076547145843506,2023-04-25 11:05:05.758858
61,10,5.024851322174072,2023-04-25 11:05:15.448540
61,20,5.0250725746154785,2023-04-25 11:05:25.261502
61,30,5.085009574890137,2023-04-25 11:05:35.127814
61,40,5.039531707763672,2023-04-25 11:05:44.953685
61,50,5.06934118270874,2023-04-25 11:05:54.831709
61,60,5.0276288986206055,2023-04-25 11:06:04.364851
61,70,5.010274887084961,2023-04-25 11:06:13.712424
61,80,5.047725200653076,2023-04-25 11:06:23.560551
61,90,5.017487525939941,2023-04-25 11:06:33.129310
61,100,5.036510944366455,2023-04-25 11:06:42.811368
61,110,5.028882026672363,2023-04-25 11:06:52.633043
61,120,5.072783946990967,2023-04-25 11:07:02.154752
61,130,5.038313865661621,2023-04-25 11:07:11.646715
61,140,5.035508155822754,2023-04-25 11:07:21.515563
61,150,5.043262481689453,2023-04-25 11:07:31.127695
61,160,5.06114387512207,2023-04-25 11:07:40.902043
61,170,5.046401023864746,2023-04-25 11:07:50.683482
61,180,5.039610862731934,2023-04-25 11:08:00.247221
61,190,5.034906387329102,2023-04-25 11:08:09.989208
61,200,5.022721290588379,2023-04-25 11:08:19.640529
61,210,5.017834186553955,2023-04-25 11:08:29.649277
61,220,5.058913230895996,2023-04-25 11:08:39.383956
61,230,5.071807861328125,2023-04-25 11:08:48.770313
61,240,5.080775260925293,2023-04-25 11:08:58.356292
61,250,5.137951850891113,2023-04-25 11:09:08.234422
61,260,5.009332656860352,2023-04-25 11:09:17.986624
61,270,5.049228668212891,2023-04-25 11:09:27.698483
61,280,5.024544715881348,2023-04-25 11:09:37.301878
61,290,5.023107528686523,2023-04-25 11:09:47.106753
62,0,5.019350051879883,2023-04-25 11:10:04.043155
62,10,5.028904438018799,2023-04-25 11:10:14.644058
62,20,5.037923812866211,2023-04-25 11:10:24.412037
62,30,5.005796432495117,2023-04-25 11:10:34.048888
62,40,5.027978897094727,2023-04-25 11:10:43.976301
62,50,5.013063430786133,2023-04-25 11:10:53.886463
62,60,5.029967308044434,2023-04-25 11:11:03.644594
62,70,5.028502941131592,2023-04-25 11:11:13.577877
62,80,5.035447120666504,2023-04-25 11:11:23.235110
62,90,5.007342338562012,2023-04-25 11:11:33.227468
62,100,5.0167951583862305,2023-04-25 11:11:42.779412
62,110,5.015028953552246,2023-04-25 11:11:52.602494
62,120,5.006315231323242,2023-04-25 11:12:02.454285
62,130,5.045731544494629,2023-04-25 11:12:12.115462
62,140,5.014028072357178,2023-04-25 11:12:21.818999
62,150,5.0200910568237305,2023-04-25 11:12:31.823621
62,160,5.022150993347168,2023-04-25 11:12:41.840879
62,170,5.044419288635254,2023-04-25 11:12:51.416946
62,180,5.048046112060547,2023-04-25 11:13:01.227252
62,190,5.005275726318359,2023-04-25 11:13:10.981984
62,200,5.035457611083984,2023-04-25 11:13:20.591824
62,210,5.0397748947143555,2023-04-25 11:13:30.814974
62,220,5.012245178222656,2023-04-25 11:13:40.672306
62,230,5.078286170959473,2023-04-25 11:13:50.526576
62,240,5.016608238220215,2023-04-25 11:14:00.491997
62,250,5.004343032836914,2023-04-25 11:14:10.502503
62,260,5.086781024932861,2023-04-25 11:14:20.323135
62,270,5.019064903259277,2023-04-25 11:14:29.669646
62,280,5.128152370452881,2023-04-25 11:14:39.435459
62,290,5.013806343078613,2023-04-25 11:14:48.968703
63,0,5.049037933349609,2023-04-25 11:15:07.613162
63,10,5.04334831237793,2023-04-25 11:15:17.474016
63,20,5.017070770263672,2023-04-25 11:15:26.835851
63,30,5.128726959228516,2023-04-25 11:15:36.834454
63,40,5.0357537269592285,2023-04-25 11:15:46.346269
63,50,5.063379287719727,2023-04-25 11:15:56.105544
63,60,5.039791107177734,2023-04-25 11:16:05.660645
63,70,5.109981060028076,2023-04-25 11:16:15.385564
63,80,5.0851640701293945,2023-04-25 11:16:25.212159
63,90,5.019702434539795,2023-04-25 11:16:34.799815
63,100,5.119999885559082,2023-04-25 11:16:44.532058
63,110,5.057316780090332,2023-04-25 11:16:54.489735
63,120,5.023045539855957,2023-04-25 11:17:04.300688
63,130,5.036248207092285,2023-04-25 11:17:14.109431
63,140,5.052066802978516,2023-04-25 11:17:23.685972
63,150,5.026856422424316,2023-04-25 11:17:33.567105
63,160,5.0417280197143555,2023-04-25 11:17:43.451674
63,170,5.051220417022705,2023-04-25 11:17:53.398097
63,180,5.036404609680176,2023-04-25 11:18:03.148517
63,190,5.0501508712768555,2023-04-25 11:18:12.900217
63,200,5.025217056274414,2023-04-25 11:18:22.719079
63,210,5.020142078399658,2023-04-25 11:18:32.437794
63,220,5.046135902404785,2023-04-25 11:18:42.648113
63,230,5.026730537414551,2023-04-25 11:18:52.367310
63,240,5.011344909667969,2023-04-25 11:19:02.204737
63,250,5.013665676116943,2023-04-25 11:19:11.931271
63,260,5.1012725830078125,2023-04-25 11:19:22.016761
63,270,5.036834716796875,2023-04-25 11:19:31.769161
63,280,5.063687324523926,2023-04-25 11:19:41.248121
63,290,5.0110273361206055,2023-04-25 11:19:51.136650
64,0,5.0249762535095215,2023-04-25 11:20:09.329240
64,10,5.024293899536133,2023-04-25 11:20:18.575562
64,20,5.041170597076416,2023-04-25 11:20:28.437259
64,30,5.033924579620361,2023-04-25 11:20:38.256792
64,40,5.014492034912109,2023-04-25 11:20:47.844897
64,50,5.036116600036621,2023-04-25 11:20:57.415740
64,60,5.007598876953125,2023-04-25 11:21:07.346245
64,70,5.029526233673096,2023-04-25 11:21:16.876835
64,80,5.156007289886475,2023-04-25 11:21:26.637589
64,90,5.033443927764893,2023-04-25 11:21:36.193253
64,100,5.006505012512207,2023-04-25 11:21:45.838699
64,110,5.016626834869385,2023-04-25 11:21:55.689082
64,120,5.044098377227783,2023-04-25 11:22:05.211026
64,130,5.026629447937012,2023-04-25 11:22:15.031982
64,140,5.046281814575195,2023-04-25 11:22:24.712102
64,150,5.0819573402404785,2023-04-25 11:22:34.385354
64,160,5.037654399871826,2023-04-25 11:22:44.114363
64,170,5.025012969970703,2023-04-25 11:22:53.740769
64,180,5.018993377685547,2023-04-25 11:23:03.564051
64,190,5.099910736083984,2023-04-25 11:23:12.952976
64,200,5.0523905754089355,2023-04-25 11:23:22.727113
64,210,5.045583724975586,2023-04-25 11:23:32.357425
64,220,5.0418853759765625,2023-04-25 11:23:42.000436
64,230,5.023077011108398,2023-04-25 11:23:52.034609
64,240,4.999482154846191,2023-04-25 11:24:01.671817
64,250,5.066189765930176,2023-04-25 11:24:11.336994
64,260,5.0295915603637695,2023-04-25 11:24:21.147581
64,270,5.057358264923096,2023-04-25 11:24:30.914275
64,280,5.0656609535217285,2023-04-25 11:24:40.667871
64,290,5.038056373596191,2023-04-25 11:24:50.506160
65,0,5.00935173034668,2023-04-25 11:25:07.778284
65,10,5.021195888519287,2023-04-25 11:25:17.635460
65,20,5.008305072784424,2023-04-25 11:25:27.338455
65,30,5.030616760253906,2023-04-25 11:25:36.789266
65,40,5.139348030090332,2023-04-25 11:25:46.400800
65,50,5.032478332519531,2023-04-25 11:25:56.226963
65,60,5.009387493133545,2023-04-25 11:26:06.096070
65,70,5.034899711608887,2023-04-25 11:26:15.583165
65,80,5.0011773109436035,2023-04-25 11:26:25.452867
65,90,5.0132646560668945,2023-04-25 11:26:35.327469
65,100,5.011679172515869,2023-04-25 11:26:44.891054
65,110,5.0492329597473145,2023-04-25 11:26:54.659412
65,120,5.023067951202393,2023-04-25 11:27:04.369941
65,130,5.016140937805176,2023-04-25 11:27:14.101966
65,140,5.027743816375732,2023-04-25 11:27:23.965979
65,150,5.010345458984375,2023-04-25 11:27:33.533275
65,160,5.083863258361816,2023-04-25 11:27:43.579542
65,170,5.026322841644287,2023-04-25 11:27:53.248436
65,180,5.0152082443237305,2023-04-25 11:28:03.385471
65,190,5.002458095550537,2023-04-25 11:28:13.082261
65,200,5.022497177124023,2023-04-25 11:28:22.800017
65,210,5.006524085998535,2023-04-25 11:28:32.164002
65,220,5.007170677185059,2023-04-25 11:28:41.917629
65,230,5.00010871887207,2023-04-25 11:28:51.766192
65,240,5.021378040313721,2023-04-25 11:29:01.299040
65,250,5.018874168395996,2023-04-25 11:29:11.113117
65,260,5.011854648590088,2023-04-25 11:29:21.053852
65,270,5.027463912963867,2023-04-25 11:29:30.436434
65,280,5.0311808586120605,2023-04-25 11:29:40.371701
65,290,5.013852119445801,2023-04-25 11:29:50.149381
66,0,5.046865463256836,2023-04-25 11:30:07.329658
66,10,5.0417985916137695,2023-04-25 11:30:17.371685
66,20,5.064096450805664,2023-04-25 11:30:27.256034
66,30,5.033558368682861,2023-04-25 11:30:37.125944
66,40,5.0830078125,2023-04-25 11:30:47.279595
66,50,5.02357816696167,2023-04-25 11:30:57.189318
66,60,5.072604656219482,2023-04-25 11:31:06.871383
66,70,5.017568111419678,2023-04-25 11:31:16.862612
66,80,5.018296718597412,2023-04-25 11:31:26.657651
66,90,5.076405048370361,2023-04-25 11:31:36.551691
66,100,5.012600421905518,2023-04-25 11:31:46.268269
66,110,5.020932197570801,2023-04-25 11:31:56.003261
66,120,5.034577369689941,2023-04-25 11:32:05.948728
66,130,5.032833576202393,2023-04-25 11:32:15.898656
66,140,5.056293964385986,2023-04-25 11:32:26.004770
66,150,5.0138750076293945,2023-04-25 11:32:36.107023
66,160,5.030886650085449,2023-04-25 11:32:45.945741
66,170,5.0171427726745605,2023-04-25 11:32:55.521304
66,180,5.005838394165039,2023-04-25 11:33:05.539089
66,190,5.0716962814331055,2023-04-25 11:33:15.602508
66,200,5.0615105628967285,2023-04-25 11:33:25.220576
66,210,5.034568786621094,2023-04-25 11:33:34.706661
66,220,5.0005292892456055,2023-04-25 11:33:44.561027
66,230,5.041364669799805,2023-04-25 11:33:54.081937
66,240,5.014875411987305,2023-04-25 11:34:03.946184
66,250,5.005634307861328,2023-04-25 11:34:13.750106
66,260,5.021312236785889,2023-04-25 11:34:23.602171
66,270,5.058070182800293,2023-04-25 11:34:33.586445
66,280,5.042252540588379,2023-04-25 11:34:43.719207
66,290,5.095725059509277,2023-04-25 11:34:53.560211
67,0,5.048840522766113,2023-04-25 11:35:11.081058
67,10,5.027502059936523,2023-04-25 11:35:20.876017
67,20,5.004666805267334,2023-04-25 11:35:30.560942
67,30,5.042070388793945,2023-04-25 11:35:40.297915
67,40,5.035163879394531,2023-04-25 11:35:49.938549
67,50,5.099109649658203,2023-04-25 11:35:59.706311
67,60,5.003500938415527,2023-04-25 11:36:09.331862
67,70,5.0047125816345215,2023-04-25 11:36:19.646327
67,80,5.054677963256836,2023-04-25 11:36:29.592547
67,90,5.013314247131348,2023-04-25 11:36:39.259469
67,100,5.050936698913574,2023-04-25 11:36:48.957598
67,110,5.084460735321045,2023-04-25 11:36:58.676844
67,120,5.044496059417725,2023-04-25 11:37:08.552346
67,130,5.008525371551514,2023-04-25 11:37:18.576039
67,140,5.026148319244385,2023-04-25 11:37:28.447620
67,150,5.047759532928467,2023-04-25 11:37:38.486225
67,160,5.018099784851074,2023-04-25 11:37:48.317133
67,170,5.013539791107178,2023-04-25 11:37:58.209741
67,180,5.052726745605469,2023-04-25 11:38:08.109552
67,190,5.094156265258789,2023-04-25 11:38:17.783971
67,200,5.005489349365234,2023-04-25 11:38:27.515608
67,210,5.008858680725098,2023-04-25 11:38:37.157783
67,220,5.066317558288574,2023-04-25 11:38:47.277386
67,230,5.032417297363281,2023-04-25 11:38:56.611337
67,240,5.05764102935791,2023-04-25 11:39:06.425622
67,250,5.059551239013672,2023-04-25 11:39:16.323810
67,260,5.051360130310059,2023-04-25 11:39:25.839162
67,270,5.033452033996582,2023-04-25 11:39:35.500945
67,280,5.099580764770508,2023-04-25 11:39:45.663191
67,290,5.028787612915039,2023-04-25 11:39:55.328926
68,0,5.093700885772705,2023-04-25 11:40:13.369925
68,10,5.018582344055176,2023-04-25 11:40:23.345046
68,20,5.007942199707031,2023-04-25 11:40:33.428380
68,30,5.017951011657715,2023-04-25 11:40:43.196051
68,40,5.027425289154053,2023-04-25 11:40:52.712961
68,50,5.0152201652526855,2023-04-25 11:41:02.463201
68,60,5.012796401977539,2023-04-25 11:41:12.277538
68,70,5.057670593261719,2023-04-25 11:41:21.915910
68,80,5.008078575134277,2023-04-25 11:41:31.853214
68,90,5.024926662445068,2023-04-25 11:41:41.538812
68,100,5.053150177001953,2023-04-25 11:41:51.440895
68,110,5.0177507400512695,2023-04-25 11:42:00.965709
68,120,5.046566963195801,2023-04-25 11:42:10.982821
68,130,5.021198749542236,2023-04-25 11:42:20.886914
68,140,5.042263984680176,2023-04-25 11:42:30.466493
68,150,5.044895172119141,2023-04-25 11:42:40.257075
68,160,5.007630348205566,2023-04-25 11:42:49.810505
68,170,5.049376487731934,2023-04-25 11:42:59.749352
68,180,5.02570104598999,2023-04-25 11:43:09.417977
68,190,5.009522914886475,2023-04-25 11:43:18.933791
68,200,5.024865627288818,2023-04-25 11:43:28.824047
68,210,5.007427215576172,2023-04-25 11:43:38.554288
68,220,5.0108418464660645,2023-04-25 11:43:48.379520
68,230,4.9974870681762695,2023-04-25 11:43:58.078160
68,240,5.0219573974609375,2023-04-25 11:44:07.906380
68,250,5.015218734741211,2023-04-25 11:44:18.044880
68,260,5.0186872482299805,2023-04-25 11:44:28.117864
68,270,5.042154788970947,2023-04-25 11:44:38.048830
68,280,5.0179548263549805,2023-04-25 11:44:47.694765
68,290,5.045168876647949,2023-04-25 11:44:57.679282
69,0,5.009218692779541,2023-04-25 11:45:16.075402
69,10,5.052448272705078,2023-04-25 11:45:25.623194
69,20,5.0122504234313965,2023-04-25 11:45:35.411403
69,30,5.0143723487854,2023-04-25 11:45:45.239912
69,40,5.01569938659668,2023-04-25 11:45:55.044821
69,50,5.031806945800781,2023-04-25 11:46:05.016676
69,60,5.110466003417969,2023-04-25 11:46:14.878077
69,70,5.021832466125488,2023-04-25 11:46:24.474291
69,80,5.0975341796875,2023-04-25 11:46:34.060792
69,90,5.023618698120117,2023-04-25 11:46:43.740894
69,100,5.0142951011657715,2023-04-25 11:46:53.496630
69,110,5.039458751678467,2023-04-25 11:47:03.077665
69,120,5.021378517150879,2023-04-25 11:47:12.777056
69,130,4.994372367858887,2023-04-25 11:47:22.473937
69,140,5.020784378051758,2023-04-25 11:47:32.292952
69,150,5.0139360427856445,2023-04-25 11:47:41.891201
69,160,4.997040748596191,2023-04-25 11:47:51.921237
69,170,5.014559745788574,2023-04-25 11:48:01.798040
69,180,5.041683673858643,2023-04-25 11:48:11.462644
69,190,5.09981632232666,2023-04-25 11:48:21.054061
69,200,5.041101932525635,2023-04-25 11:48:30.871848
69,210,5.024744510650635,2023-04-25 11:48:40.729178
69,220,5.020246505737305,2023-04-25 11:48:50.619533
69,230,5.007802963256836,2023-04-25 11:49:00.271218
69,240,5.017129898071289,2023-04-25 11:49:10.190586
69,250,5.0290069580078125,2023-04-25 11:49:19.882057
69,260,5.050776958465576,2023-04-25 11:49:29.471893
69,270,5.138998508453369,2023-04-25 11:49:39.167708
69,280,5.023340702056885,2023-04-25 11:49:48.968401
69,290,5.020526885986328,2023-04-25 11:49:58.900239
70,0,5.007525444030762,2023-04-25 11:50:15.144662
70,10,5.027144432067871,2023-04-25 11:50:25.930008
70,20,5.020793914794922,2023-04-25 11:50:35.551240
70,30,5.045879364013672,2023-04-25 11:50:45.573312
70,40,5.009860038757324,2023-04-25 11:50:55.351652
70,50,5.0176286697387695,2023-04-25 11:51:04.921322
70,60,5.066649913787842,2023-04-25 11:51:14.545750
70,70,5.011852741241455,2023-04-25 11:51:24.504583
70,80,5.06697940826416,2023-04-25 11:51:34.245736
70,90,5.01732063293457,2023-04-25 11:51:44.193831
70,100,5.019200325012207,2023-04-25 11:51:53.631576
70,110,5.010581970214844,2023-04-25 11:52:03.369921
70,120,5.012059211730957,2023-04-25 11:52:13.173612
70,130,5.020595073699951,2023-04-25 11:52:23.061304
70,140,5.043684959411621,2023-04-25 11:52:32.841825
70,150,5.013423919677734,2023-04-25 11:52:42.793847
70,160,5.121805191040039,2023-04-25 11:52:52.416587
70,170,5.0347795486450195,2023-04-25 11:53:02.583899
70,180,5.011423110961914,2023-04-25 11:53:12.392219
70,190,5.00852108001709,2023-04-25 11:53:22.261832
70,200,5.040695667266846,2023-04-25 11:53:32.070851
70,210,5.041851997375488,2023-04-25 11:53:41.952599
70,220,5.0009870529174805,2023-04-25 11:53:51.599418
70,230,5.018712520599365,2023-04-25 11:54:01.134372
70,240,5.035918712615967,2023-04-25 11:54:10.732956
70,250,5.009627819061279,2023-04-25 11:54:20.703077
70,260,5.051618576049805,2023-04-25 11:54:30.219408
70,270,5.041879177093506,2023-04-25 11:54:39.852824
70,280,5.075614929199219,2023-04-25 11:54:49.515268
70,290,5.027839183807373,2023-04-25 11:54:59.590986
71,0,5.00628137588501,2023-04-25 11:55:18.307951
71,10,5.0426836013793945,2023-04-25 11:55:28.273789
71,20,5.069841384887695,2023-04-25 11:55:37.897192
71,30,5.008720874786377,2023-04-25 11:55:47.915567
71,40,5.044898986816406,2023-04-25 11:55:57.748390
71,50,5.0211639404296875,2023-04-25 11:56:07.495750
71,60,5.032221794128418,2023-04-25 11:56:17.448040
71,70,5.055710792541504,2023-04-25 11:56:27.599106
71,80,5.019685745239258,2023-04-25 11:56:37.382484
71,90,5.030197620391846,2023-04-25 11:56:47.230275
71,100,5.019222259521484,2023-04-25 11:56:56.867619
71,110,5.001897811889648,2023-04-25 11:57:06.761539
71,120,5.066139221191406,2023-04-25 11:57:16.479156
71,130,5.0085835456848145,2023-04-25 11:57:26.383064
71,140,5.1028547286987305,2023-04-25 11:57:36.080011
71,150,4.997567176818848,2023-04-25 11:57:46.020157
71,160,5.009772300720215,2023-04-25 11:57:55.858789
71,170,5.036365032196045,2023-04-25 11:58:05.676068
71,180,5.039243698120117,2023-04-25 11:58:15.294773
71,190,5.039377212524414,2023-04-25 11:58:25.159686
71,200,5.003195762634277,2023-04-25 11:58:35.007944
71,210,5.011679649353027,2023-04-25 11:58:44.774724
71,220,4.9941487312316895,2023-04-25 11:58:54.548206
71,230,5.006766319274902,2023-04-25 11:59:04.142577
71,240,5.013666152954102,2023-04-25 11:59:13.999814
71,250,5.022604942321777,2023-04-25 11:59:24.340197
71,260,4.998979568481445,2023-04-25 11:59:34.100030
71,270,5.016857147216797,2023-04-25 11:59:44.008857
71,280,5.015793323516846,2023-04-25 11:59:53.806945
71,290,5.013236045837402,2023-04-25 12:00:03.477190
72,0,5.02310848236084,2023-04-25 12:00:20.020993
72,10,5.025471210479736,2023-04-25 12:00:29.911222
72,20,5.001335144042969,2023-04-25 12:00:39.918205
72,30,5.015603065490723,2023-04-25 12:00:49.459050
72,40,5.022758483886719,2023-04-25 12:00:59.143190
72,50,5.013253211975098,2023-04-25 12:01:08.792511
72,60,5.0210371017456055,2023-04-25 12:01:18.832363
72,70,5.027425765991211,2023-04-25 12:01:28.571258
72,80,5.083492279052734,2023-04-25 12:01:38.307045
72,90,5.0138678550720215,2023-04-25 12:01:48.037130
72,100,5.041506767272949,2023-04-25 12:01:57.648208
72,110,5.029592514038086,2023-04-25 12:02:07.739696
72,120,5.049158096313477,2023-04-25 12:02:17.681659
72,130,5.021522045135498,2023-04-25 12:02:27.547533
72,140,5.010689735412598,2023-04-25 12:02:37.376687
72,150,5.019839286804199,2023-04-25 12:02:47.194661
72,160,5.030216693878174,2023-04-25 12:02:57.258459
72,170,5.014161109924316,2023-04-25 12:03:07.061037
72,180,4.998705863952637,2023-04-25 12:03:16.849614
72,190,5.033307075500488,2023-04-25 12:03:26.657414
72,200,4.996877193450928,2023-04-25 12:03:36.426107
72,210,4.998688220977783,2023-04-25 12:03:46.237254
72,220,5.094245910644531,2023-04-25 12:03:55.872505
72,230,5.015584945678711,2023-04-25 12:04:06.016962
72,240,5.048161506652832,2023-04-25 12:04:15.841134
72,250,5.016953468322754,2023-04-25 12:04:25.660868
72,260,5.011760711669922,2023-04-25 12:04:35.431884
72,270,5.014610290527344,2023-04-25 12:04:45.063858
72,280,5.01570987701416,2023-04-25 12:04:54.888746
72,290,5.09144401550293,2023-04-25 12:05:04.753549
73,0,5.074664115905762,2023-04-25 12:05:22.493604
73,10,5.050930023193359,2023-04-25 12:05:32.127912
73,20,5.006011009216309,2023-04-25 12:05:42.139722
73,30,5.020594120025635,2023-04-25 12:05:52.166573
73,40,5.023131370544434,2023-04-25 12:06:02.313356
73,50,5.012354373931885,2023-04-25 12:06:12.381751
73,60,5.052541732788086,2023-04-25 12:06:21.830170
73,70,5.063433647155762,2023-04-25 12:06:31.528539
73,80,5.020322799682617,2023-04-25 12:06:41.176982
73,90,5.014389991760254,2023-04-25 12:06:50.762503
73,100,5.028800010681152,2023-04-25 12:07:00.592969
73,110,4.986737251281738,2023-04-25 12:07:10.487355
73,120,5.052173137664795,2023-04-25 12:07:20.263722
73,130,5.012107849121094,2023-04-25 12:07:29.865349
73,140,5.026345729827881,2023-04-25 12:07:39.809012
73,150,5.0493059158325195,2023-04-25 12:07:49.514276
73,160,5.01845645904541,2023-04-25 12:07:59.266601
73,170,5.048576354980469,2023-04-25 12:08:09.155337
73,180,5.028632640838623,2023-04-25 12:08:18.930314
73,190,4.995236396789551,2023-04-25 12:08:29.045043
73,200,5.097679138183594,2023-04-25 12:08:38.453249
73,210,5.007594585418701,2023-04-25 12:08:48.311841
73,220,5.055513381958008,2023-04-25 12:08:58.066453
73,230,5.158435821533203,2023-04-25 12:09:07.856258
73,240,5.053249359130859,2023-04-25 12:09:17.494759
73,250,5.06328010559082,2023-04-25 12:09:27.061799
73,260,5.0011372566223145,2023-04-25 12:09:37.136040
73,270,5.010959625244141,2023-04-25 12:09:47.010335
73,280,5.044378757476807,2023-04-25 12:09:56.805745
73,290,4.998082160949707,2023-04-25 12:10:06.433680
74,0,4.994569778442383,2023-04-25 12:10:22.885811
74,10,5.012451648712158,2023-04-25 12:10:33.252466
74,20,5.010986328125,2023-04-25 12:10:42.770151
74,30,5.011496067047119,2023-04-25 12:10:52.863982
74,40,5.0166215896606445,2023-04-25 12:11:02.948146
74,50,5.036623954772949,2023-04-25 12:11:12.498721
74,60,5.01688289642334,2023-04-25 12:11:22.376422
74,70,5.047852993011475,2023-04-25 12:11:32.326348
74,80,5.012714385986328,2023-04-25 12:11:42.202877
74,90,5.0274577140808105,2023-04-25 12:11:52.316136
74,100,5.033239364624023,2023-04-25 12:12:02.337295
74,110,5.025789260864258,2023-04-25 12:12:11.984542
74,120,5.034019947052002,2023-04-25 12:12:21.811759
74,130,5.072434425354004,2023-04-25 12:12:31.352075
74,140,5.034741401672363,2023-04-25 12:12:40.953965
74,150,4.994235992431641,2023-04-25 12:12:51.247662
74,160,5.074621200561523,2023-04-25 12:13:00.804976
74,170,5.0249433517456055,2023-04-25 12:13:10.498081
74,180,5.047685146331787,2023-04-25 12:13:20.125641
74,190,5.009664535522461,2023-04-25 12:13:30.393201
74,200,5.077918529510498,2023-04-25 12:13:40.209254
74,210,4.998557090759277,2023-04-25 12:13:49.878910
74,220,5.073267936706543,2023-04-25 12:13:59.626202
74,230,5.0035600662231445,2023-04-25 12:14:09.112524
74,240,5.011828422546387,2023-04-25 12:14:19.075912
74,250,5.007932662963867,2023-04-25 12:14:28.944749
74,260,5.021275043487549,2023-04-25 12:14:38.455100
74,270,5.031618118286133,2023-04-25 12:14:48.445966
74,280,5.053370475769043,2023-04-25 12:14:58.452221
74,290,5.004436492919922,2023-04-25 12:15:07.964295
75,0,5.030698776245117,2023-04-25 12:15:26.173230
75,10,5.001660346984863,2023-04-25 12:15:35.615661
75,20,5.0273237228393555,2023-04-25 12:15:45.642345
75,30,5.036052703857422,2023-04-25 12:15:55.536561
75,40,5.023438453674316,2023-04-25 12:16:05.436465
75,50,5.030528545379639,2023-04-25 12:16:15.037193
75,60,5.0496931076049805,2023-04-25 12:16:25.233063
75,70,4.998204231262207,2023-04-25 12:16:34.746986
75,80,5.022522926330566,2023-04-25 12:16:44.713167
75,90,5.038147926330566,2023-04-25 12:16:54.451879
75,100,5.031842231750488,2023-04-25 12:17:04.606339
75,110,5.032451152801514,2023-04-25 12:17:14.510161
75,120,5.017961025238037,2023-04-25 12:17:24.101388
75,130,5.00357723236084,2023-04-25 12:17:33.895279
75,140,5.031517028808594,2023-04-25 12:17:43.698003
75,150,5.025209903717041,2023-04-25 12:17:53.560409
75,160,5.010560989379883,2023-04-25 12:18:03.479523
75,170,5.0193376541137695,2023-04-25 12:18:13.190250
75,180,5.0814995765686035,2023-04-25 12:18:22.911988
75,190,5.00083065032959,2023-04-25 12:18:32.457697
75,200,4.991030693054199,2023-04-25 12:18:42.432408
75,210,4.989879131317139,2023-04-25 12:18:52.447515
75,220,5.098408222198486,2023-04-25 12:19:02.353464
75,230,5.018548011779785,2023-04-25 12:19:12.164751
75,240,5.00343132019043,2023-04-25 12:19:21.969438
75,250,5.049139976501465,2023-04-25 12:19:31.817684
75,260,5.049409866333008,2023-04-25 12:19:41.457146
75,270,4.9938459396362305,2023-04-25 12:19:51.143977
75,280,4.994295120239258,2023-04-25 12:20:00.771596
75,290,5.0308990478515625,2023-04-25 12:20:10.809563
76,0,4.996279239654541,2023-04-25 12:20:28.563902
76,10,5.016314506530762,2023-04-25 12:20:38.455933
76,20,4.996305465698242,2023-04-25 12:20:48.177028
76,30,5.008796691894531,2023-04-25 12:20:58.190507
76,40,5.131421089172363,2023-04-25 12:21:07.797333
76,50,5.001948356628418,2023-04-25 12:21:17.295565
76,60,5.027631759643555,2023-04-25 12:21:27.189501
76,70,5.049612998962402,2023-04-25 12:21:36.979393
76,80,5.031533241271973,2023-04-25 12:21:46.606183
76,90,5.001794815063477,2023-04-25 12:21:56.506245
76,100,5.014077663421631,2023-04-25 12:22:06.009783
76,110,5.008266448974609,2023-04-25 12:22:15.913388
76,120,5.035361289978027,2023-04-25 12:22:25.611275
76,130,5.0600266456604,2023-04-25 12:22:35.211338
76,140,5.00759220123291,2023-04-25 12:22:45.101183
76,150,5.0318522453308105,2023-04-25 12:22:54.483821
76,160,5.019102096557617,2023-04-25 12:23:04.232411
76,170,5.021944046020508,2023-04-25 12:23:14.252915
76,180,5.02219295501709,2023-04-25 12:23:23.941828
76,190,4.9970598220825195,2023-04-25 12:23:33.784422
76,200,5.011551856994629,2023-04-25 12:23:43.729126
76,210,5.057058334350586,2023-04-25 12:23:53.436218
76,220,5.039356231689453,2023-04-25 12:24:02.992397
76,230,5.013973236083984,2023-04-25 12:24:12.747274
76,240,5.048186302185059,2023-04-25 12:24:22.268058
76,250,5.004079341888428,2023-04-25 12:24:32.004804
76,260,5.003738880157471,2023-04-25 12:24:42.041364
76,270,5.041476249694824,2023-04-25 12:24:51.813491
76,280,5.00301456451416,2023-04-25 12:25:01.896769
76,290,4.996566295623779,2023-04-25 12:25:11.450513
77,0,5.003629684448242,2023-04-25 12:25:29.954559
77,10,5.00435209274292,2023-04-25 12:25:39.977937
77,20,5.127915859222412,2023-04-25 12:25:49.864464
77,30,5.002473831176758,2023-04-25 12:25:59.657881
77,40,4.999612808227539,2023-04-25 12:26:09.157926
77,50,5.003262042999268,2023-04-25 12:26:18.976440
77,60,4.995369911193848,2023-04-25 12:26:29.139469
77,70,5.021903991699219,2023-04-25 12:26:38.740766
77,80,5.026798248291016,2023-04-25 12:26:48.810515
77,90,5.023341655731201,2023-04-25 12:26:58.335636
77,100,5.003383636474609,2023-04-25 12:27:08.439611
77,110,5.013988494873047,2023-04-25 12:27:18.277859
77,120,5.066771030426025,2023-04-25 12:27:27.987571
77,130,5.0353803634643555,2023-04-25 12:27:37.726550
77,140,5.016350746154785,2023-04-25 12:27:47.454004
77,150,5.023569583892822,2023-04-25 12:27:57.216935
77,160,4.999730587005615,2023-04-25 12:28:07.115792
77,170,5.050163745880127,2023-04-25 12:28:16.760881
77,180,5.0925140380859375,2023-04-25 12:28:26.438775
77,190,5.010788440704346,2023-04-25 12:28:35.917852
77,200,5.021814823150635,2023-04-25 12:28:45.530704
77,210,5.050503253936768,2023-04-25 12:28:55.608912
77,220,5.000384330749512,2023-04-25 12:29:05.695747
77,230,4.9887213706970215,2023-04-25 12:29:15.710017
77,240,5.01082181930542,2023-04-25 12:29:25.400816
77,250,5.0506696701049805,2023-04-25 12:29:35.273170
77,260,5.005478858947754,2023-04-25 12:29:45.140605
77,270,4.99602746963501,2023-04-25 12:29:55.307418
77,280,5.008916854858398,2023-04-25 12:30:05.239289
77,290,4.9937543869018555,2023-04-25 12:30:14.901480
78,0,5.007974147796631,2023-04-25 12:30:31.681946
78,10,5.018835067749023,2023-04-25 12:30:42.433338
78,20,5.014880180358887,2023-04-25 12:30:52.054757
78,30,4.9846906661987305,2023-04-25 12:31:01.899524
78,40,5.025233745574951,2023-04-25 12:31:11.826367
78,50,5.054593086242676,2023-04-25 12:31:21.746487
78,60,5.0367560386657715,2023-04-25 12:31:31.248779
78,70,5.000639915466309,2023-04-25 12:31:41.243362
78,80,5.011483192443848,2023-04-25 12:31:50.965764
78,90,5.0284743309021,2023-04-25 12:32:00.695179
78,100,5.01002836227417,2023-04-25 12:32:10.303538
78,110,5.0007710456848145,2023-04-25 12:32:19.907394
78,120,5.041558265686035,2023-04-25 12:32:29.315957
78,130,5.229557991027832,2023-04-25 12:32:39.058969
78,140,4.993068218231201,2023-04-25 12:32:48.778423
78,150,4.986798286437988,2023-04-25 12:32:58.665302
78,160,5.0034027099609375,2023-04-25 12:33:08.755149
78,170,5.001797199249268,2023-04-25 12:33:18.512867
78,180,5.008322238922119,2023-04-25 12:33:28.558484
78,190,5.046615123748779,2023-04-25 12:33:38.664941
78,200,5.010594367980957,2023-04-25 12:33:48.615151
78,210,5.005115985870361,2023-04-25 12:33:58.639999
78,220,4.997892379760742,2023-04-25 12:34:08.036620
78,230,5.009086608886719,2023-04-25 12:34:17.768455
78,240,4.98917293548584,2023-04-25 12:34:27.639554
78,250,5.00148344039917,2023-04-25 12:34:37.467232
78,260,5.022025108337402,2023-04-25 12:34:47.482786
78,270,5.039689064025879,2023-04-25 12:34:56.705383
78,280,5.0172200202941895,2023-04-25 12:35:06.646897
78,290,5.001709938049316,2023-04-25 12:35:16.747975
79,0,4.988214492797852,2023-04-25 12:35:32.169238
79,10,5.09616756439209,2023-04-25 12:35:43.061719
79,20,5.009793281555176,2023-04-25 12:35:52.781133
79,30,5.0126800537109375,2023-04-25 12:36:02.596847
79,40,4.998439788818359,2023-04-25 12:36:12.211364
79,50,5.018692493438721,2023-04-25 12:36:22.348117
79,60,5.079730033874512,2023-04-25 12:36:32.195487
79,70,4.996187210083008,2023-04-25 12:36:42.366703
79,80,5.01323127746582,2023-04-25 12:36:52.250384
79,90,4.991006851196289,2023-04-25 12:37:02.114613
79,100,5.005010604858398,2023-04-25 12:37:11.950998
79,110,5.003897666931152,2023-04-25 12:37:21.856436
79,120,5.018846035003662,2023-04-25 12:37:31.864641
79,130,5.084455490112305,2023-04-25 12:37:41.701125
79,140,5.004051685333252,2023-04-25 12:37:51.603419
79,150,5.011902809143066,2023-04-25 12:38:01.251008
79,160,5.017594337463379,2023-04-25 12:38:10.925956
79,170,5.015883445739746,2023-04-25 12:38:20.938737
79,180,5.010146141052246,2023-04-25 12:38:30.814079
79,190,5.014182090759277,2023-04-25 12:38:40.542092
79,200,4.988908290863037,2023-04-25 12:38:50.276711
79,210,5.055698394775391,2023-04-25 12:39:00.064682
79,220,5.023387908935547,2023-04-25 12:39:10.047313
79,230,5.044281005859375,2023-04-25 12:39:20.015990
79,240,5.019373893737793,2023-04-25 12:39:30.031667
79,250,5.017389297485352,2023-04-25 12:39:39.850087
79,260,4.994621276855469,2023-04-25 12:39:49.633409
79,270,5.021570205688477,2023-04-25 12:39:59.392176
79,280,5.026646137237549,2023-04-25 12:40:09.278820
79,290,5.0475873947143555,2023-04-25 12:40:19.063760
80,0,5.035602569580078,2023-04-25 12:40:35.896712
80,10,4.996278762817383,2023-04-25 12:40:46.064824
80,20,5.051260948181152,2023-04-25 12:40:55.863971
80,30,5.024604320526123,2023-04-25 12:41:05.669614
80,40,4.99345064163208,2023-04-25 12:41:15.571338
80,50,5.02689790725708,2023-04-25 12:41:25.362596
80,60,5.012475967407227,2023-04-25 12:41:35.143022
80,70,5.012484073638916,2023-04-25 12:41:44.884484
80,80,5.007501602172852,2023-04-25 12:41:54.860007
80,90,5.043725967407227,2023-04-25 12:42:04.480247
80,100,5.026430130004883,2023-04-25 12:42:14.633990
80,110,5.071587562561035,2023-04-25 12:42:24.774732
80,120,4.993895053863525,2023-04-25 12:42:34.631549
80,130,5.0212249755859375,2023-04-25 12:42:44.308873
80,140,5.004291534423828,2023-04-25 12:42:53.908059
80,150,5.027731418609619,2023-04-25 12:43:03.525102
80,160,4.991530418395996,2023-04-25 12:43:13.423359
80,170,5.01288366317749,2023-04-25 12:43:23.664438
80,180,5.001215934753418,2023-04-25 12:43:33.861217
80,190,5.062000274658203,2023-04-25 12:43:43.524525
80,200,5.049675464630127,2023-04-25 12:43:53.370546
80,210,5.246257781982422,2023-04-25 12:44:03.190282
80,220,5.014245986938477,2023-04-25 12:44:13.227538
80,230,5.004108428955078,2023-04-25 12:44:23.017135
80,240,5.009016990661621,2023-04-25 12:44:32.485375
80,250,5.00010871887207,2023-04-25 12:44:42.364269
80,260,5.014104843139648,2023-04-25 12:44:52.111299
80,270,4.997824192047119,2023-04-25 12:45:02.062887
80,280,4.999475479125977,2023-04-25 12:45:11.760733
80,290,5.027284145355225,2023-04-25 12:45:21.490987
81,0,5.016668319702148,2023-04-25 12:45:38.642110
81,10,5.002110481262207,2023-04-25 12:45:48.906707
81,20,4.994321823120117,2023-04-25 12:45:58.900413
81,30,5.024168014526367,2023-04-25 12:46:09.050470
81,40,5.016839981079102,2023-04-25 12:46:18.946482
81,50,5.0037946701049805,2023-04-25 12:46:28.929689
81,60,5.027090072631836,2023-04-25 12:46:38.883190
81,70,5.004228591918945,2023-04-25 12:46:48.565026
81,80,5.005828857421875,2023-04-25 12:46:58.061185
81,90,5.013054847717285,2023-04-25 12:47:07.855960
81,100,5.031822204589844,2023-04-25 12:47:17.769025
81,110,5.0088396072387695,2023-04-25 12:47:27.529497
81,120,5.011222839355469,2023-04-25 12:47:37.295289
81,130,4.989209175109863,2023-04-25 12:47:47.096707
81,140,5.009530067443848,2023-04-25 12:47:56.810673
81,150,5.018886566162109,2023-04-25 12:48:06.569224
81,160,5.010366439819336,2023-04-25 12:48:16.287087
81,170,4.9933013916015625,2023-04-25 12:48:25.841722
81,180,5.003525733947754,2023-04-25 12:48:35.892301
81,190,5.002366065979004,2023-04-25 12:48:45.582384
81,200,5.0148091316223145,2023-04-25 12:48:55.560293
81,210,5.024932861328125,2023-04-25 12:49:05.510772
81,220,5.040360450744629,2023-04-25 12:49:15.284924
81,230,5.011080741882324,2023-04-25 12:49:25.245903
81,240,5.012019634246826,2023-04-25 12:49:34.928755
81,250,4.992297649383545,2023-04-25 12:49:44.817753
81,260,5.075045585632324,2023-04-25 12:49:54.364684
81,270,5.014683723449707,2023-04-25 12:50:03.743563
81,280,5.0236358642578125,2023-04-25 12:50:14.032363
81,290,5.047137260437012,2023-04-25 12:50:23.809259
82,0,5.040781021118164,2023-04-25 12:50:42.159710
82,10,5.00109338760376,2023-04-25 12:50:51.803384
82,20,5.018155574798584,2023-04-25 12:51:01.485220
82,30,4.991539001464844,2023-04-25 12:51:11.243814
82,40,4.994757652282715,2023-04-25 12:51:20.824219
82,50,4.9931535720825195,2023-04-25 12:51:30.704929
82,60,5.011577606201172,2023-04-25 12:51:40.633304
82,70,5.060527801513672,2023-04-25 12:51:50.561190
82,80,5.011930465698242,2023-04-25 12:52:00.519169
82,90,4.983059883117676,2023-04-25 12:52:10.020141
82,100,5.008681297302246,2023-04-25 12:52:19.776549
82,110,5.018174171447754,2023-04-25 12:52:29.555499
82,120,5.029816627502441,2023-04-25 12:52:39.121810
82,130,5.005546569824219,2023-04-25 12:52:48.979824
82,140,4.990734100341797,2023-04-25 12:52:58.757722
82,150,5.0391035079956055,2023-04-25 12:53:08.245098
82,160,5.027146339416504,2023-04-25 12:53:18.317219
82,170,4.991143226623535,2023-04-25 12:53:28.422835
82,180,4.994028568267822,2023-04-25 12:53:37.939346
82,190,4.9982686042785645,2023-04-25 12:53:47.636737
82,200,5.008589744567871,2023-04-25 12:53:57.218020
82,210,5.004329681396484,2023-04-25 12:54:07.079629
82,220,4.999584674835205,2023-04-25 12:54:16.927108
82,230,4.984478950500488,2023-04-25 12:54:26.527269
82,240,5.022165298461914,2023-04-25 12:54:36.310313
82,250,5.010613441467285,2023-04-25 12:54:45.850510
82,260,5.018042087554932,2023-04-25 12:54:55.503628
82,270,5.05267858505249,2023-04-25 12:55:05.396365
82,280,4.997589588165283,2023-04-25 12:55:15.134585
82,290,4.999150276184082,2023-04-25 12:55:24.818471
83,0,5.021732807159424,2023-04-25 12:55:41.138674
83,10,5.006627559661865,2023-04-25 12:55:51.504127
83,20,5.007717132568359,2023-04-25 12:56:01.224335
83,30,5.0029296875,2023-04-25 12:56:11.194088
83,40,5.000382423400879,2023-04-25 12:56:20.901770
83,50,5.011964321136475,2023-04-25 12:56:30.365121
83,60,5.018387794494629,2023-04-25 12:56:39.959506
83,70,5.005718231201172,2023-04-25 12:56:49.907226
83,80,5.026754856109619,2023-04-25 12:56:59.761675
83,90,5.01322078704834,2023-04-25 12:57:09.407296
83,100,5.0027923583984375,2023-04-25 12:57:19.253450
83,110,5.087456703186035,2023-04-25 12:57:28.974602
83,120,5.0020036697387695,2023-04-25 12:57:38.647366
83,130,5.032097339630127,2023-04-25 12:57:48.370990
83,140,5.013843536376953,2023-04-25 12:57:57.678439
83,150,5.006573677062988,2023-04-25 12:58:07.282933
83,160,5.0078325271606445,2023-04-25 12:58:17.192085
83,170,5.041893005371094,2023-04-25 12:58:26.851920
83,180,4.997982025146484,2023-04-25 12:58:36.761986
83,190,4.998213768005371,2023-04-25 12:58:46.111401
83,200,5.065613746643066,2023-04-25 12:58:56.030549
83,210,4.99077033996582,2023-04-25 12:59:06.155380
83,220,4.995931625366211,2023-04-25 12:59:16.064554
83,230,4.997721195220947,2023-04-25 12:59:25.619945
83,240,5.023420333862305,2023-04-25 12:59:35.478274
83,250,5.026622772216797,2023-04-25 12:59:45.461869
83,260,4.998258590698242,2023-04-25 12:59:55.217727
83,270,4.989853382110596,2023-04-25 13:00:05.033387
83,280,4.992429733276367,2023-04-25 13:00:14.864300
83,290,4.990987777709961,2023-04-25 13:00:24.879924
84,0,4.9996466636657715,2023-04-25 13:00:42.828540
84,10,4.995256423950195,2023-04-25 13:00:52.824182
84,20,4.989705562591553,2023-04-25 13:01:02.446326
84,30,4.989075183868408,2023-04-25 13:01:12.069074
84,40,4.992403030395508,2023-04-25 13:01:21.763978
84,50,5.053739547729492,2023-04-25 13:01:31.579840
84,60,5.025254726409912,2023-04-25 13:01:41.524811
84,70,4.987509727478027,2023-04-25 13:01:51.706796
84,80,5.091279029846191,2023-04-25 13:02:01.315159
84,90,5.125239372253418,2023-04-25 13:02:10.587515
84,100,4.989630699157715,2023-04-25 13:02:20.267548
84,110,4.993314266204834,2023-04-25 13:02:29.879547
84,120,5.010982990264893,2023-04-25 13:02:39.554238
84,130,5.021665096282959,2023-04-25 13:02:49.321666
84,140,5.023908615112305,2023-04-25 13:02:58.765526
84,150,4.995450019836426,2023-04-25 13:03:08.406935
84,160,5.004497528076172,2023-04-25 13:03:18.345312
84,170,4.999626636505127,2023-04-25 13:03:28.279521
84,180,4.991021156311035,2023-04-25 13:03:38.109851
84,190,4.98574161529541,2023-04-25 13:03:48.186978
84,200,5.012240409851074,2023-04-25 13:03:58.145888
84,210,5.025740623474121,2023-04-25 13:04:07.971592
84,220,5.010637283325195,2023-04-25 13:04:17.750997
84,230,5.034823417663574,2023-04-25 13:04:27.637511
84,240,5.034517288208008,2023-04-25 13:04:37.407727
84,250,5.008552551269531,2023-04-25 13:04:47.549193
84,260,4.990881443023682,2023-04-25 13:04:56.939584
84,270,5.027621746063232,2023-04-25 13:05:06.455029
84,280,5.013503074645996,2023-04-25 13:05:16.378512
84,290,4.995539665222168,2023-04-25 13:05:25.896019
85,0,4.992440700531006,2023-04-25 13:05:44.098220
85,10,5.006554126739502,2023-04-25 13:05:53.897349
85,20,4.986060619354248,2023-04-25 13:06:03.595333
85,30,5.017207622528076,2023-04-25 13:06:13.027423
85,40,5.018555641174316,2023-04-25 13:06:22.882857
85,50,5.003983497619629,2023-04-25 13:06:32.772271
85,60,5.027637481689453,2023-04-25 13:06:42.411426
85,70,4.987536430358887,2023-04-25 13:06:52.042024
85,80,4.999250411987305,2023-04-25 13:07:01.535019
85,90,5.029063701629639,2023-04-25 13:07:11.332740
85,100,5.014081001281738,2023-04-25 13:07:21.367412
85,110,5.037891387939453,2023-04-25 13:07:31.469547
85,120,4.997955322265625,2023-04-25 13:07:40.873472
85,130,5.007918834686279,2023-04-25 13:07:50.612213
85,140,5.039084434509277,2023-04-25 13:08:00.581347
85,150,5.005297660827637,2023-04-25 13:08:09.933204
85,160,4.998020648956299,2023-04-25 13:08:20.025578
85,170,4.998373031616211,2023-04-25 13:08:29.493227
85,180,5.017195701599121,2023-04-25 13:08:39.362314
85,190,5.000140190124512,2023-04-25 13:08:49.556792
85,200,4.992209434509277,2023-04-25 13:08:59.588358
85,210,5.016729831695557,2023-04-25 13:09:09.156289
85,220,4.995234489440918,2023-04-25 13:09:18.819249
85,230,5.01809024810791,2023-04-25 13:09:28.505463
85,240,5.004426002502441,2023-04-25 13:09:38.417290
85,250,5.0624284744262695,2023-04-25 13:09:48.249283
85,260,5.0425825119018555,2023-04-25 13:09:58.114394
85,270,5.011392116546631,2023-04-25 13:10:07.440970
85,280,5.035996913909912,2023-04-25 13:10:17.219390
85,290,5.006781578063965,2023-04-25 13:10:27.025721
86,0,4.989333152770996,2023-04-25 13:10:43.825024
86,10,4.991881370544434,2023-04-25 13:10:53.478748
86,20,5.018886089324951,2023-04-25 13:11:03.347356
86,30,5.00312614440918,2023-04-25 13:11:13.121089
86,40,4.999156951904297,2023-04-25 13:11:22.906081
86,50,4.987664222717285,2023-04-25 13:11:32.827230
86,60,4.983068466186523,2023-04-25 13:11:42.440964
86,70,5.011811256408691,2023-04-25 13:11:52.256995
86,80,5.104831695556641,2023-04-25 13:12:02.011949
86,90,4.999149322509766,2023-04-25 13:12:11.412868
86,100,4.998069763183594,2023-04-25 13:12:21.392502
86,110,5.01618766784668,2023-04-25 13:12:31.170476
86,120,4.985030174255371,2023-04-25 13:12:40.962981
86,130,5.014242649078369,2023-04-25 13:12:50.746287
86,140,4.982855796813965,2023-04-25 13:13:00.335931
86,150,5.01027250289917,2023-04-25 13:13:10.042903
86,160,5.0257110595703125,2023-04-25 13:13:20.096743
86,170,4.9879913330078125,2023-04-25 13:13:29.267133
86,180,4.990117073059082,2023-04-25 13:13:38.654251
86,190,5.000236511230469,2023-04-25 13:13:48.457021
86,200,5.019153118133545,2023-04-25 13:13:58.298946
86,210,5.005748271942139,2023-04-25 13:14:07.904082
86,220,4.995423316955566,2023-04-25 13:14:17.394627
86,230,4.999944686889648,2023-04-25 13:14:27.183983
86,240,4.9905781745910645,2023-04-25 13:14:37.269013
86,250,5.008038520812988,2023-04-25 13:14:46.940214
86,260,4.989518165588379,2023-04-25 13:14:56.276338
86,270,4.990395545959473,2023-04-25 13:15:06.151264
86,280,5.03378963470459,2023-04-25 13:15:15.883088
86,290,4.989870071411133,2023-04-25 13:15:25.498780
87,0,4.993274688720703,2023-04-25 13:15:41.017196
87,10,5.003679275512695,2023-04-25 13:15:51.213958
87,20,4.984369277954102,2023-04-25 13:16:00.553741
87,30,4.995047569274902,2023-04-25 13:16:10.119929
87,40,5.0024213790893555,2023-04-25 13:16:19.811807
87,50,5.0331220626831055,2023-04-25 13:16:29.680795
87,60,5.014827728271484,2023-04-25 13:16:39.498744
87,70,4.998201370239258,2023-04-25 13:16:49.524037
87,80,4.984432220458984,2023-04-25 13:16:59.144204
87,90,5.010282039642334,2023-04-25 13:17:09.330981
87,100,4.983075141906738,2023-04-25 13:17:18.950761
87,110,5.0189619064331055,2023-04-25 13:17:28.865186
87,120,5.010311603546143,2023-04-25 13:17:38.700188
87,130,5.042201042175293,2023-04-25 13:17:48.421940
87,140,4.985599517822266,2023-04-25 13:17:58.605005
87,150,4.994996070861816,2023-04-25 13:18:08.667821
87,160,4.981963157653809,2023-04-25 13:18:18.474456
87,170,5.01020622253418,2023-04-25 13:18:28.007915
87,180,5.001377582550049,2023-04-25 13:18:38.082443
87,190,4.995779991149902,2023-04-25 13:18:47.922608
87,200,4.991477966308594,2023-04-25 13:18:57.645480
87,210,4.988555908203125,2023-04-25 13:19:07.001154
87,220,4.994324684143066,2023-04-25 13:19:16.744813
87,230,4.990715503692627,2023-04-25 13:19:26.345164
87,240,4.987019062042236,2023-04-25 13:19:36.228861
87,250,5.0188727378845215,2023-04-25 13:19:45.943792
87,260,4.999704360961914,2023-04-25 13:19:55.438075
87,270,4.986569404602051,2023-04-25 13:20:05.565879
87,280,5.023760795593262,2023-04-25 13:20:15.275277
87,290,4.992341995239258,2023-04-25 13:20:25.056769
88,0,5.023312568664551,2023-04-25 13:20:40.585423
88,10,4.9868998527526855,2023-04-25 13:20:51.106583
88,20,4.985285758972168,2023-04-25 13:21:00.739347
88,30,5.079842567443848,2023-04-25 13:21:10.350426
88,40,4.991899490356445,2023-04-25 13:21:20.181601
88,50,5.062708377838135,2023-04-25 13:21:29.984273
88,60,4.994718074798584,2023-04-25 13:21:39.951425
88,70,4.999937057495117,2023-04-25 13:21:49.832025
88,80,5.018538951873779,2023-04-25 13:21:59.378151
88,90,4.991589069366455,2023-04-25 13:22:09.170366
88,100,4.991611480712891,2023-04-25 13:22:19.216690
88,110,4.99670934677124,2023-04-25 13:22:28.985757
88,120,5.0330023765563965,2023-04-25 13:22:38.499054
88,130,4.997241020202637,2023-04-25 13:22:48.274274
88,140,5.03300142288208,2023-04-25 13:22:57.920281
88,150,5.011192321777344,2023-04-25 13:23:07.905748
88,160,4.988989353179932,2023-04-25 13:23:17.409842
88,170,4.984931468963623,2023-04-25 13:23:27.120323
88,180,5.001139163970947,2023-04-25 13:23:37.062429
88,190,4.990135192871094,2023-04-25 13:23:47.030400
88,200,4.998767375946045,2023-04-25 13:23:56.521722
88,210,4.985145568847656,2023-04-25 13:24:06.255199
88,220,5.013686656951904,2023-04-25 13:24:15.902379
88,230,4.991097450256348,2023-04-25 13:24:25.470835
88,240,4.9839959144592285,2023-04-25 13:24:35.299768
88,250,4.9978485107421875,2023-04-25 13:24:45.190812
88,260,5.033069610595703,2023-04-25 13:24:54.833381
88,270,4.987519264221191,2023-04-25 13:25:04.363568
88,280,5.011274814605713,2023-04-25 13:25:14.165245
88,290,4.9931230545043945,2023-04-25 13:25:23.974228
89,0,5.015970230102539,2023-04-25 13:25:40.624093
89,10,5.078855514526367,2023-04-25 13:25:50.799997
89,20,5.016402721405029,2023-04-25 13:26:00.598725
89,30,5.0521674156188965,2023-04-25 13:26:10.322475
89,40,4.991246223449707,2023-04-25 13:26:19.898495
89,50,4.982016563415527,2023-04-25 13:26:29.695797
89,60,5.07938289642334,2023-04-25 13:26:39.579067
89,70,5.020581245422363,2023-04-25 13:26:49.029412
89,80,4.997496128082275,2023-04-25 13:26:58.551017
89,90,5.002259254455566,2023-04-25 13:27:08.474212
89,100,5.0055365562438965,2023-04-25 13:27:18.122369
89,110,4.9991230964660645,2023-04-25 13:27:27.614476
89,120,5.006895542144775,2023-04-25 13:27:37.394268
89,130,4.999966621398926,2023-04-25 13:27:47.239380
89,140,5.0149431228637695,2023-04-25 13:27:56.900126
89,150,5.056727886199951,2023-04-25 13:28:06.953462
89,160,4.996565818786621,2023-04-25 13:28:16.038747
89,170,4.993847370147705,2023-04-25 13:28:25.892012
89,180,4.998804569244385,2023-04-25 13:28:35.561086
89,190,5.063826560974121,2023-04-25 13:28:45.402005
89,200,5.056817054748535,2023-04-25 13:28:55.361080
89,210,5.01825475692749,2023-04-25 13:29:05.082032
89,220,4.988780975341797,2023-04-25 13:29:15.118706
89,230,4.9854230880737305,2023-04-25 13:29:24.977773
89,240,5.049487113952637,2023-04-25 13:29:34.462986
89,250,4.9800310134887695,2023-04-25 13:29:43.991011
89,260,5.003556251525879,2023-04-25 13:29:54.146890
89,270,4.99506139755249,2023-04-25 13:30:04.168318
89,280,5.115444183349609,2023-04-25 13:30:14.255501
89,290,5.000463962554932,2023-04-25 13:30:23.669908
90,0,4.997875690460205,2023-04-25 13:30:41.792025
90,10,5.022452354431152,2023-04-25 13:30:51.423799
90,20,5.0019378662109375,2023-04-25 13:31:01.071913
90,30,5.001433372497559,2023-04-25 13:31:10.985971
90,40,4.977882385253906,2023-04-25 13:31:20.642431
90,50,5.019148826599121,2023-04-25 13:31:30.188366
90,60,5.0025105476379395,2023-04-25 13:31:40.083098
90,70,4.9876861572265625,2023-04-25 13:31:50.152176
90,80,4.998855113983154,2023-04-25 13:31:59.776503
90,90,5.020181655883789,2023-04-25 13:32:09.494158
90,100,4.988252639770508,2023-04-25 13:32:19.063818
90,110,5.018346786499023,2023-04-25 13:32:29.018732
90,120,5.020138263702393,2023-04-25 13:32:39.069568
90,130,5.00685453414917,2023-04-25 13:32:48.640862
90,140,5.017794132232666,2023-04-25 13:32:58.084862
90,150,4.981762886047363,2023-04-25 13:33:07.488278
90,160,5.012441635131836,2023-04-25 13:33:17.023265
90,170,4.994785785675049,2023-04-25 13:33:26.780851
90,180,5.028807640075684,2023-04-25 13:33:36.742846
90,190,5.028646469116211,2023-04-25 13:33:46.646827
90,200,5.018732070922852,2023-04-25 13:33:56.421512
90,210,5.0200724601745605,2023-04-25 13:34:06.272061
90,220,5.001987457275391,2023-04-25 13:34:16.320024
90,230,4.983835697174072,2023-04-25 13:34:25.716254
90,240,4.994613170623779,2023-04-25 13:34:35.634800
90,250,4.99050235748291,2023-04-25 13:34:45.369619
90,260,4.990688323974609,2023-04-25 13:34:55.301385
90,270,4.983380317687988,2023-04-25 13:35:04.962263
90,280,4.992239952087402,2023-04-25 13:35:14.397084
90,290,5.027930736541748,2023-04-25 13:35:24.123027
91,0,4.98895263671875,2023-04-25 13:35:40.823114
91,10,5.003666877746582,2023-04-25 13:35:50.332823
91,20,5.0170698165893555,2023-04-25 13:36:00.012459
91,30,4.992462158203125,2023-04-25 13:36:09.967267
91,40,4.982388496398926,2023-04-25 13:36:19.423832
91,50,5.033191204071045,2023-04-25 13:36:29.287434
91,60,5.031164169311523,2023-04-25 13:36:38.918859
91,70,5.012110233306885,2023-04-25 13:36:48.860011
91,80,5.017266273498535,2023-04-25 13:36:58.442505
91,90,5.001368522644043,2023-04-25 13:37:08.420811
91,100,5.012795448303223,2023-04-25 13:37:18.286248
91,110,5.009021759033203,2023-04-25 13:37:28.155160
91,120,5.017238140106201,2023-04-25 13:37:37.951554
91,130,5.002227783203125,2023-04-25 13:37:47.741422
91,140,4.987199306488037,2023-04-25 13:37:57.518124
91,150,5.019257545471191,2023-04-25 13:38:07.024127
91,160,5.0214080810546875,2023-04-25 13:38:16.612972
91,170,4.991311550140381,2023-04-25 13:38:26.349398
91,180,4.979039192199707,2023-04-25 13:38:35.958856
91,190,4.990242958068848,2023-04-25 13:38:45.695674
91,200,4.978372573852539,2023-04-25 13:38:54.966376
91,210,5.008329391479492,2023-04-25 13:39:04.862764
91,220,5.012731552124023,2023-04-25 13:39:14.861113
91,230,5.027099609375,2023-04-25 13:39:24.818217
91,240,5.014732360839844,2023-04-25 13:39:34.768494
91,250,5.012560844421387,2023-04-25 13:39:44.240028
91,260,4.994883060455322,2023-04-25 13:39:53.928836
91,270,4.987783908843994,2023-04-25 13:40:03.927443
91,280,5.079045295715332,2023-04-25 13:40:13.564241
91,290,5.0676164627075195,2023-04-25 13:40:23.124160
92,0,4.992309093475342,2023-04-25 13:40:39.852125
92,10,5.023716449737549,2023-04-25 13:40:49.711672
92,20,5.023094654083252,2023-04-25 13:40:59.535029
92,30,5.021186351776123,2023-04-25 13:41:09.273604
92,40,4.9836578369140625,2023-04-25 13:41:18.852663
92,50,5.008655548095703,2023-04-25 13:41:28.361784
92,60,4.996449947357178,2023-04-25 13:41:37.858768
92,70,5.009016990661621,2023-04-25 13:41:47.753548
92,80,4.987606525421143,2023-04-25 13:41:57.510425
92,90,5.017657279968262,2023-04-25 13:42:07.357524
92,100,4.977331161499023,2023-04-25 13:42:17.041774
92,110,4.988259315490723,2023-04-25 13:42:26.881625
92,120,4.991034984588623,2023-04-25 13:42:36.853706
92,130,5.010430335998535,2023-04-25 13:42:46.578314
92,140,4.996099472045898,2023-04-25 13:42:56.093560
92,150,4.99592399597168,2023-04-25 13:43:05.758126
92,160,4.98845100402832,2023-04-25 13:43:15.272615
92,170,4.992005348205566,2023-04-25 13:43:25.341979
92,180,4.994049549102783,2023-04-25 13:43:35.155914
92,190,4.979280471801758,2023-04-25 13:43:45.013083
92,200,5.025947093963623,2023-04-25 13:43:54.623903
92,210,5.019607067108154,2023-04-25 13:44:04.459424
92,220,5.000336647033691,2023-04-25 13:44:13.941416
92,230,4.997536659240723,2023-04-25 13:44:23.841909
92,240,5.002998352050781,2023-04-25 13:44:33.751814
92,250,5.016574859619141,2023-04-25 13:44:43.559011
92,260,4.983931541442871,2023-04-25 13:44:53.354218
92,270,4.997624397277832,2023-04-25 13:45:02.854473
92,280,5.049887657165527,2023-04-25 13:45:12.909730
92,290,4.990614414215088,2023-04-25 13:45:22.703845
93,0,5.018486022949219,2023-04-25 13:45:38.993703
93,10,5.03317928314209,2023-04-25 13:45:49.011370
93,20,5.027644157409668,2023-04-25 13:45:58.337551
93,30,4.991628646850586,2023-04-25 13:46:08.528665
93,40,5.012361526489258,2023-04-25 13:46:18.449732
93,50,5.002097129821777,2023-04-25 13:46:28.070208
93,60,5.006148338317871,2023-04-25 13:46:37.781366
93,70,5.002971172332764,2023-04-25 13:46:47.441942
93,80,4.990950584411621,2023-04-25 13:46:57.062012
93,90,5.092069625854492,2023-04-25 13:47:06.681443
93,100,5.012392997741699,2023-04-25 13:47:16.429826
93,110,5.023097038269043,2023-04-25 13:47:26.292085
93,120,4.9905500411987305,2023-04-25 13:47:35.969762
93,130,5.008913993835449,2023-04-25 13:47:45.644967
93,140,4.988691329956055,2023-04-25 13:47:55.335623
93,150,4.990234375,2023-04-25 13:48:05.200705
93,160,4.994650363922119,2023-04-25 13:48:14.582602
93,170,4.990428924560547,2023-04-25 13:48:24.536070
93,180,5.002243995666504,2023-04-25 13:48:34.260416
93,190,5.037707328796387,2023-04-25 13:48:44.327749
93,200,5.029007911682129,2023-04-25 13:48:54.434716
93,210,5.048317909240723,2023-04-25 13:49:04.157905
93,220,4.976673126220703,2023-04-25 13:49:13.600812
93,230,4.997786521911621,2023-04-25 13:49:23.339423
93,240,4.995867729187012,2023-04-25 13:49:33.444419
93,250,4.998755931854248,2023-04-25 13:49:43.367488
93,260,4.979771614074707,2023-04-25 13:49:52.926916
93,270,5.057178497314453,2023-04-25 13:50:02.650434
93,280,4.979532718658447,2023-04-25 13:50:12.476752
93,290,5.012682914733887,2023-04-25 13:50:22.443405
94,0,4.990991115570068,2023-04-25 13:50:38.475594
94,10,4.98903751373291,2023-04-25 13:50:49.352480
94,20,5.005711078643799,2023-04-25 13:50:59.231203
94,30,4.983336448669434,2023-04-25 13:51:09.274603
94,40,4.976297378540039,2023-04-25 13:51:18.981639
94,50,5.031619071960449,2023-04-25 13:51:28.766183
94,60,4.983997344970703,2023-04-25 13:51:38.277154
94,70,5.0093488693237305,2023-04-25 13:51:48.241224
94,80,5.000150680541992,2023-04-25 13:51:57.906988
94,90,4.989725112915039,2023-04-25 13:52:07.545520
94,100,5.023914337158203,2023-04-25 13:52:17.291598
94,110,5.000324726104736,2023-04-25 13:52:26.972172
94,120,4.983936309814453,2023-04-25 13:52:37.040085
94,130,4.9900031089782715,2023-04-25 13:52:46.722979
94,140,5.041579723358154,2023-04-25 13:52:56.279651
94,150,5.02260160446167,2023-04-25 13:53:05.838233
94,160,4.984081268310547,2023-04-25 13:53:15.644250
94,170,4.988193988800049,2023-04-25 13:53:25.257652
94,180,4.9865217208862305,2023-04-25 13:53:35.045806
94,190,5.007107734680176,2023-04-25 13:53:44.883830
94,200,5.004777908325195,2023-04-25 13:53:54.763893
94,210,5.035661697387695,2023-04-25 13:54:04.389895
94,220,5.010176658630371,2023-04-25 13:54:14.203868
94,230,5.007302284240723,2023-04-25 13:54:23.912109
94,240,4.999147415161133,2023-04-25 13:54:34.048337
94,250,5.048026084899902,2023-04-25 13:54:43.842939
94,260,4.978492736816406,2023-04-25 13:54:53.369691
94,270,4.9897565841674805,2023-04-25 13:55:03.468387
94,280,4.985033988952637,2023-04-25 13:55:13.216484
94,290,5.013348579406738,2023-04-25 13:55:22.996560
95,0,4.985146522521973,2023-04-25 13:55:41.899323
95,10,4.989085674285889,2023-04-25 13:55:51.549925
95,20,4.998321533203125,2023-04-25 13:56:01.257205
95,30,5.007573127746582,2023-04-25 13:56:11.126029
95,40,4.978804588317871,2023-04-25 13:56:21.078524
95,50,5.011911392211914,2023-04-25 13:56:31.056455
95,60,4.994843482971191,2023-04-25 13:56:40.629063
95,70,5.005139350891113,2023-04-25 13:56:50.496900
95,80,5.030916690826416,2023-04-25 13:57:00.262702
95,90,4.989025115966797,2023-04-25 13:57:09.985701
95,100,4.985845565795898,2023-04-25 13:57:19.779694
95,110,5.000294208526611,2023-04-25 13:57:29.484661
95,120,5.0217061042785645,2023-04-25 13:57:39.225131
95,130,4.994991779327393,2023-04-25 13:57:48.896089
95,140,4.996027946472168,2023-04-25 13:57:58.609004
95,150,4.980627536773682,2023-04-25 13:58:08.479979
95,160,4.9927215576171875,2023-04-25 13:58:18.165971
95,170,4.985103607177734,2023-04-25 13:58:27.826492
95,180,4.9847211837768555,2023-04-25 13:58:37.802174
95,190,4.994647026062012,2023-04-25 13:58:47.968490
95,200,4.988626956939697,2023-04-25 13:58:57.932660
95,210,4.983327865600586,2023-04-25 13:59:07.868217
95,220,4.995438575744629,2023-04-25 13:59:17.646894
95,230,4.982730865478516,2023-04-25 13:59:27.661246
95,240,5.0115814208984375,2023-04-25 13:59:37.634297
95,250,4.994129180908203,2023-04-25 13:59:47.439673
95,260,4.995749473571777,2023-04-25 13:59:57.048790
95,270,4.980258941650391,2023-04-25 14:00:06.896043
95,280,5.039872169494629,2023-04-25 14:00:16.735857
95,290,4.991360664367676,2023-04-25 14:00:26.748895
96,0,5.0239691734313965,2023-04-25 14:00:44.605771
96,10,4.981213569641113,2023-04-25 14:00:54.236381
96,20,4.977163314819336,2023-04-25 14:01:04.472585
96,30,4.987322807312012,2023-04-25 14:01:14.396941
96,40,4.978107452392578,2023-04-25 14:01:24.440220
96,50,4.977753639221191,2023-04-25 14:01:34.096556
96,60,5.043143272399902,2023-04-25 14:01:44.013683
96,70,5.087298393249512,2023-04-25 14:01:53.998051
96,80,4.988643646240234,2023-04-25 14:02:03.978794
96,90,4.993163585662842,2023-04-25 14:02:13.755597
96,100,5.060434341430664,2023-04-25 14:02:23.448716
96,110,4.980624198913574,2023-04-25 14:02:33.091006
96,120,4.982264041900635,2023-04-25 14:02:42.863512
96,130,4.981593132019043,2023-04-25 14:02:52.407717
96,140,5.023186206817627,2023-04-25 14:03:02.439737
96,150,5.018930912017822,2023-04-25 14:03:12.396433
96,160,4.987314224243164,2023-04-25 14:03:22.231268
96,170,4.994946479797363,2023-04-25 14:03:31.838162
96,180,5.125723361968994,2023-04-25 14:03:42.021372
96,190,5.013692378997803,2023-04-25 14:03:51.769798
96,200,4.985726356506348,2023-04-25 14:04:01.849422
96,210,4.986384391784668,2023-04-25 14:04:11.795438
96,220,5.026839256286621,2023-04-25 14:04:22.043894
96,230,5.002416610717773,2023-04-25 14:04:32.065065
96,240,5.014941692352295,2023-04-25 14:04:42.117908
96,250,4.9853715896606445,2023-04-25 14:04:51.956043
96,260,4.997086524963379,2023-04-25 14:05:02.120903
96,270,5.01264762878418,2023-04-25 14:05:12.280395
96,280,4.985851287841797,2023-04-25 14:05:21.851277
96,290,5.0145063400268555,2023-04-25 14:05:31.697890
97,0,4.991757869720459,2023-04-25 14:05:48.176550
97,10,4.979151248931885,2023-04-25 14:05:58.381562
97,20,4.994116306304932,2023-04-25 14:06:08.069400
97,30,4.9797258377075195,2023-04-25 14:06:17.978673
97,40,4.985448837280273,2023-04-25 14:06:27.892458
97,50,4.991162300109863,2023-04-25 14:06:37.666265
97,60,5.000576972961426,2023-04-25 14:06:47.311743
97,70,5.064424514770508,2023-04-25 14:06:57.242627
97,80,5.009562969207764,2023-04-25 14:07:06.945424
97,90,4.995672225952148,2023-04-25 14:07:16.710275
97,100,5.009375095367432,2023-04-25 14:07:26.650374
97,110,5.020605564117432,2023-04-25 14:07:36.854431
97,120,5.05051326751709,2023-04-25 14:07:46.534137
97,130,4.998167037963867,2023-04-25 14:07:56.552377
97,140,4.988446235656738,2023-04-25 14:08:06.226343
97,150,4.99053955078125,2023-04-25 14:08:16.198356
97,160,5.01866340637207,2023-04-25 14:08:26.265776
97,170,4.976886749267578,2023-04-25 14:08:36.356859
97,180,4.992955207824707,2023-04-25 14:08:46.248733
97,190,5.031084060668945,2023-04-25 14:08:55.919062
97,200,4.975607395172119,2023-04-25 14:09:05.928700
97,210,5.0623579025268555,2023-04-25 14:09:15.404723
97,220,5.001531600952148,2023-04-25 14:09:25.239448
97,230,5.004978179931641,2023-04-25 14:09:35.089226
97,240,4.984695911407471,2023-04-25 14:09:45.370406
97,250,4.990818023681641,2023-04-25 14:09:54.888960
97,260,4.9897918701171875,2023-04-25 14:10:04.920874
97,270,4.986041069030762,2023-04-25 14:10:14.980537
97,280,4.98652982711792,2023-04-25 14:10:24.621946
97,290,4.987730979919434,2023-04-25 14:10:34.550888
98,0,4.986956596374512,2023-04-25 14:10:50.756125
98,10,5.003137588500977,2023-04-25 14:11:01.639643
98,20,5.027475833892822,2023-04-25 14:11:11.838633
98,30,4.983922004699707,2023-04-25 14:11:21.905228
98,40,4.988796710968018,2023-04-25 14:11:31.472415
98,50,4.970372200012207,2023-04-25 14:11:41.322786
98,60,4.988475799560547,2023-04-25 14:11:51.182982
98,70,4.989771842956543,2023-04-25 14:12:01.015062
98,80,4.999849796295166,2023-04-25 14:12:10.663702
98,90,5.008337497711182,2023-04-25 14:12:20.515950
98,100,4.981265068054199,2023-04-25 14:12:30.606543
98,110,4.9886980056762695,2023-04-25 14:12:40.175535
98,120,4.981992721557617,2023-04-25 14:12:49.966459
98,130,4.987049102783203,2023-04-25 14:12:59.645037
98,140,4.977570533752441,2023-04-25 14:13:09.182827
98,150,5.006916046142578,2023-04-25 14:13:19.086627
98,160,5.003754615783691,2023-04-25 14:13:28.971375
98,170,4.975334167480469,2023-04-25 14:13:38.985713
98,180,5.018224716186523,2023-04-25 14:13:49.071215
98,190,5.032744884490967,2023-04-25 14:13:59.258777
98,200,4.984592914581299,2023-04-25 14:14:09.039065
98,210,4.996849060058594,2023-04-25 14:14:18.588408
98,220,4.972701549530029,2023-04-25 14:14:28.559391
98,230,4.989221572875977,2023-04-25 14:14:38.572687
98,240,4.986208915710449,2023-04-25 14:14:48.602348
98,250,4.989424705505371,2023-04-25 14:14:58.652884
98,260,4.995748043060303,2023-04-25 14:15:08.497366
98,270,5.007277965545654,2023-04-25 14:15:18.500833
98,280,5.039392471313477,2023-04-25 14:15:28.235533
98,290,5.004147052764893,2023-04-25 14:15:38.346108
99,0,4.993816375732422,2023-04-25 14:15:53.985521
99,10,4.997792720794678,2023-04-25 14:16:05.725155
99,20,4.981662750244141,2023-04-25 14:16:15.667084
99,30,5.000714302062988,2023-04-25 14:16:25.329521
99,40,4.98819637298584,2023-04-25 14:16:35.506748
99,50,4.990774154663086,2023-04-25 14:16:45.338460
99,60,5.0303802490234375,2023-04-25 14:16:55.150529
99,70,4.98861026763916,2023-04-25 14:17:05.225922
99,80,4.979146480560303,2023-04-25 14:17:15.149870
99,90,4.97752571105957,2023-04-25 14:17:25.283224
99,100,4.9859619140625,2023-04-25 14:17:34.912636
99,110,4.984991073608398,2023-04-25 14:17:45.028849
99,120,4.992315292358398,2023-04-25 14:17:54.736929
99,130,4.982753276824951,2023-04-25 14:18:04.702295
99,140,5.014765739440918,2023-04-25 14:18:14.466463
99,150,5.020934104919434,2023-04-25 14:18:24.337297
99,160,4.9978203773498535,2023-04-25 14:18:33.998371
99,170,4.98486328125,2023-04-25 14:18:43.892463
99,180,4.985202789306641,2023-04-25 14:18:53.872749
99,190,4.996035099029541,2023-04-25 14:19:03.890052
99,200,4.984829425811768,2023-04-25 14:19:13.841172
99,210,4.97550106048584,2023-04-25 14:19:23.757308
99,220,4.993741035461426,2023-04-25 14:19:33.719653
99,230,5.019463539123535,2023-04-25 14:19:43.887907
99,240,4.994712829589844,2023-04-25 14:19:53.629651
99,250,4.972851753234863,2023-04-25 14:20:03.478364
99,260,4.994475364685059,2023-04-25 14:20:13.119411
99,270,4.990112781524658,2023-04-25 14:20:22.947563
99,280,4.994049072265625,2023-04-25 14:20:32.649101
99,290,5.016430854797363,2023-04-25 14:20:42.621601
