epoch,step,loss
1,1,1.7024519443511963
1,2,1.626233696937561
1,3,1.5511502027511597
1,4,1.5276691913604736
1,5,1.4979164600372314
1,6,1.4747443199157715
1,7,1.455725908279419
1,8,1.4400947093963623
1,9,1.4242891073226929
1,10,1.4032834768295288
1,11,1.4002996683120728
1,12,1.3892028331756592
1,13,1.376535415649414
1,14,1.3670587539672852
1,15,1.3639270067214966
1,16,1.3494234085083008
1,17,1.3440519571304321
1,18,1.3273417949676514
1,19,1.3244922161102295
1,20,1.326873779296875
1,21,1.3273377418518066
1,22,1.3182868957519531
1,23,1.3152146339416504
1,24,1.30547297000885
1,25,1.2965813875198364
1,26,1.290610909461975
1,27,1.289771556854248
1,28,1.2873661518096924
1,29,1.277140498161316
1,30,1.2634775638580322
1,31,1.258392333984375
1,32,1.2594050168991089
1,33,1.2483110427856445
1,34,1.239876389503479
1,35,1.2278718948364258
1,36,1.2216558456420898
1,37,1.2109260559082031
1,38,1.1986148357391357
1,39,1.199087381362915
1,40,1.1788004636764526
1,41,1.1739983558654785
1,42,1.162339448928833
1,43,1.154923677444458
1,44,1.1485590934753418
1,45,1.143770694732666
1,46,1.1276884078979492
1,47,1.1177315711975098
1,48,1.1162548065185547
1,49,1.1119509935379028
1,50,1.106419324874878
1,51,1.0885813236236572
1,52,1.0796703100204468
1,53,1.0905085802078247
1,54,1.0723870992660522
1,55,1.0724899768829346
1,56,1.0593831539154053
1,57,1.0470030307769775
1,58,1.0396218299865723
1,59,1.042828917503357
1,60,1.0315251350402832
1,61,1.0203144550323486
1,62,1.0125231742858887
1,63,1.0277366638183594
1,64,1.0047967433929443
1,65,0.9902501702308655
1,66,0.990649938583374
1,67,0.9844422936439514
1,68,0.9833672046661377
1,69,0.9757205843925476
1,70,0.9603193998336792
1,71,0.9575692415237427
1,72,0.9571476578712463
1,73,0.9475286602973938
1,74,0.9329742193222046
1,75,0.9229702949523926
1,76,0.929082989692688
1,77,0.9068361520767212
2,1,0.9005149006843567
2,2,0.8876740336418152
2,3,0.8826642036437988
2,4,0.8656415939331055
2,5,0.8806780576705933
2,6,0.8606556057929993
2,7,0.8387614488601685
2,8,0.839112401008606
2,9,0.8372130393981934
2,10,0.8479430675506592
2,11,0.8408649563789368
2,12,0.8027522563934326
2,13,0.8305515646934509
2,14,0.802638053894043
2,15,0.8045436143875122
2,16,0.7739798426628113
2,17,0.7826465368270874
2,18,0.7768549919128418
2,19,0.7810330390930176
2,20,0.7687431573867798
2,21,0.7621307373046875
2,22,0.7618862390518188
2,23,0.7530093193054199
2,24,0.7312492728233337
2,25,0.7445838451385498
2,26,0.7371472120285034
2,27,0.7276790142059326
2,28,0.7042471766471863
2,29,0.708926796913147
2,30,0.709847092628479
2,31,0.7076148986816406
2,32,0.6843732595443726
2,33,0.6755657196044922
2,34,0.6916860342025757
2,35,0.6573965549468994
2,36,0.6766581535339355
2,37,0.6509466767311096
2,38,0.6601117849349976
2,39,0.6547174453735352
2,40,0.6482354402542114
2,41,0.6390742063522339
2,42,0.6402927041053772
2,43,0.6402876377105713
2,44,0.6256626844406128
2,45,0.6116917729377747
2,46,0.6064767837524414
2,47,0.6012215614318848
2,48,0.5981208682060242
2,49,0.5820431709289551
2,50,0.5903761386871338
2,51,0.5732808709144592
2,52,0.5760766267776489
2,53,0.5655126571655273
2,54,0.551572859287262
2,55,0.5644747018814087
2,56,0.5602314472198486
2,57,0.5516102910041809
2,58,0.5522451996803284
2,59,0.5435293912887573
2,60,0.5339456796646118
2,61,0.5220439434051514
2,62,0.5300991535186768
2,63,0.5281507968902588
2,64,0.5048588514328003
2,65,0.5299645662307739
2,66,0.4955206513404846
2,67,0.49819594621658325
2,68,0.5032353401184082
2,69,0.5007023811340332
2,70,0.48962679505348206
2,71,0.4675028920173645
2,72,0.46633273363113403
2,73,0.4817591905593872
2,74,0.465035080909729
2,75,0.4559958577156067
2,76,0.45682787895202637
3,1,0.45381489396095276
3,2,0.44490328431129456
3,3,0.4643351435661316
3,4,0.43376684188842773
3,5,0.4499766528606415
3,6,0.45687052607536316
3,7,0.4279317259788513
3,8,0.4232431650161743
3,9,0.43472030758857727
3,10,0.4220711588859558
3,11,0.41191357374191284
3,12,0.4448195695877075
3,13,0.4210830330848694
3,14,0.4259840250015259
3,15,0.41356879472732544
3,16,0.3990374207496643
3,17,0.4006834328174591
3,18,0.3956596851348877
3,19,0.39569777250289917
3,20,0.3817894756793976
3,21,0.3789786696434021
3,22,0.37254858016967773
3,23,0.3649490177631378
3,24,0.3683452010154724
3,25,0.36398887634277344
3,26,0.3676277995109558
3,27,0.3546963036060333
3,28,0.35292211174964905
3,29,0.3468235731124878
3,30,0.36445730924606323
3,31,0.3528926968574524
3,32,0.3494379222393036
3,33,0.35175588726997375
3,34,0.3413395583629608
3,35,0.3251997232437134
3,36,0.32989266514778137
3,37,0.32150256633758545
3,38,0.32966339588165283
3,39,0.3305816352367401
3,40,0.32461029291152954
3,41,0.32858771085739136
3,42,0.3311084806919098
3,43,0.34031108021736145
3,44,0.32266658544540405
3,45,0.3151232898235321
3,46,0.3192906379699707
3,47,0.2956865429878235
3,48,0.29915720224380493
3,49,0.3040362596511841
3,50,0.29147815704345703
3,51,0.28795814514160156
3,52,0.306755006313324
3,53,0.2937454879283905
3,54,0.29045090079307556
3,55,0.2987355589866638
3,56,0.29299598932266235
3,57,0.28057554364204407
3,58,0.26786163449287415
3,59,0.2809593081474304
3,60,0.27279043197631836
3,61,0.27104946970939636
3,62,0.25849029421806335
3,63,0.2578160762786865
3,64,0.28621959686279297
3,65,0.2658751606941223
3,66,0.25770556926727295
3,67,0.2516111433506012
3,68,0.2460584044456482
3,69,0.2525399327278137
3,70,0.26801109313964844
3,71,0.23414602875709534
3,72,0.24804195761680603
3,73,0.24485205113887787
3,74,0.23935671150684357
3,75,0.2645294666290283
3,76,0.25686872005462646
4,1,0.24926066398620605
4,2,0.23973610997200012
4,3,0.23442700505256653
4,4,0.22850894927978516
4,5,0.2467007040977478
4,6,0.2195969521999359
4,7,0.24034512042999268
4,8,0.2336665391921997
4,9,0.23993641138076782
4,10,0.23525872826576233
4,11,0.21802884340286255
4,12,0.2270994335412979
4,13,0.23885290324687958
4,14,0.22656704485416412
4,15,0.226119726896286
4,16,0.2258707731962204
4,17,0.22870102524757385
4,18,0.2180498242378235
4,19,0.2114918977022171
4,20,0.21076388657093048
4,21,0.20182174444198608
4,22,0.21835365891456604
4,23,0.22297847270965576
4,24,0.20643463730812073
4,25,0.20287197828292847
4,26,0.20265129208564758
4,27,0.2075628638267517
4,28,0.19813662767410278
4,29,0.20357322692871094
4,30,0.19175323843955994
4,31,0.2100471407175064
4,32,0.20261965692043304
4,33,0.19300904870033264
4,34,0.20181550085544586
4,35,0.21282488107681274
4,36,0.19885890185832977
4,37,0.19091951847076416
4,38,0.2039424329996109
4,39,0.20019333064556122
4,40,0.21123647689819336
4,41,0.19234372675418854
4,42,0.1882314682006836
4,43,0.2036002278327942
4,44,0.20589816570281982
4,45,0.20596936345100403
4,46,0.18293264508247375
4,47,0.1888384371995926
4,48,0.18276900053024292
4,49,0.18688678741455078
4,50,0.18213778734207153
4,51,0.18982987105846405
4,52,0.1972990334033966
4,53,0.19790130853652954
4,54,0.16969937086105347
4,55,0.18330512940883636
4,56,0.1737094670534134
4,57,0.21710321307182312
4,58,0.17710541188716888
4,59,0.17939522862434387
4,60,0.2133725881576538
4,61,0.1790202409029007
4,62,0.16882506012916565
4,63,0.16549620032310486
4,64,0.173918679356575
4,65,0.17914366722106934
4,66,0.1643124520778656
4,67,0.17341867089271545
4,68,0.16809463500976562
4,69,0.18900737166404724
4,70,0.16900786757469177
4,71,0.16563239693641663
4,72,0.18148301541805267
4,73,0.16458995640277863
4,74,0.19019584357738495
4,75,0.15832921862602234
4,76,0.16734519600868225
5,1,0.16534242033958435
5,2,0.17464803159236908
5,3,0.16082698106765747
5,4,0.1718049794435501
5,5,0.16269458830356598
5,6,0.15808986127376556
5,7,0.17755098640918732
5,8,0.15795767307281494
5,9,0.17038242518901825
5,10,0.15430483222007751
5,11,0.15789389610290527
5,12,0.15414395928382874
5,13,0.16688796877861023
5,14,0.15528962016105652
5,15,0.15539127588272095
5,16,0.16822022199630737
5,17,0.15299026668071747
5,18,0.16282302141189575
5,19,0.15001961588859558
5,20,0.1505969762802124
5,21,0.15971383452415466
5,22,0.15500539541244507
5,23,0.14490464329719543
5,24,0.1599094271659851
5,25,0.14971736073493958
5,26,0.15053893625736237
5,27,0.15898069739341736
5,28,0.1471952348947525
5,29,0.15079063177108765
5,30,0.14541971683502197
5,31,0.1634121537208557
5,32,0.14864277839660645
5,33,0.14032721519470215
5,34,0.1428738832473755
5,35,0.15272404253482819
5,36,0.14230437576770782
5,37,0.14542503654956818
5,38,0.1481737494468689
5,39,0.15020787715911865
5,40,0.16204118728637695
5,41,0.15089406073093414
5,42,0.1496928334236145
5,43,0.16692718863487244
5,44,0.14876475930213928
5,45,0.1557123064994812
5,46,0.16821414232254028
5,47,0.1456226408481598
5,48,0.13900402188301086
5,49,0.1319301426410675
5,50,0.15315359830856323
5,51,0.14402377605438232
5,52,0.14668750762939453
5,53,0.13218283653259277
5,54,0.1466907560825348
5,55,0.1385432481765747
5,56,0.12874296307563782
5,57,0.15408006310462952
5,58,0.12877798080444336
5,59,0.14458753168582916
5,60,0.1573576033115387
5,61,0.14108872413635254
5,62,0.149064302444458
5,63,0.14035564661026
5,64,0.1685965657234192
5,65,0.13409078121185303
5,66,0.13436824083328247
5,67,0.1345546990633011
5,68,0.13491597771644592
5,69,0.12635314464569092
5,70,0.1587563306093216
5,71,0.1561611145734787
5,72,0.13726621866226196
5,73,0.1412283182144165
5,74,0.14551568031311035
5,75,0.12777073681354523
5,76,0.14347189664840698
6,1,0.13882042467594147
6,2,0.12551631033420563
6,3,0.1243060752749443
6,4,0.14009149372577667
6,5,0.13263630867004395
6,6,0.144197016954422
6,7,0.13634973764419556
6,8,0.1335766613483429
6,9,0.13192622363567352
6,10,0.11959254741668701
6,11,0.1332596242427826
6,12,0.1356455236673355
6,13,0.12321484833955765
6,14,0.11280684173107147
6,15,0.1218421682715416
6,16,0.13246050477027893
6,17,0.1292523443698883
6,18,0.11431652307510376
6,19,0.11276394128799438
6,20,0.12697836756706238
6,21,0.1183500587940216
6,22,0.1398608684539795
6,23,0.12255251407623291
6,24,0.11509549617767334
6,25,0.1178044006228447
6,26,0.11868530511856079
6,27,0.1591554582118988
6,28,0.1277872622013092
6,29,0.14063715934753418
6,30,0.12447602301836014
6,31,0.11680863797664642
6,32,0.11309405416250229
6,33,0.12676799297332764
6,34,0.12245277315378189
6,35,0.10798336565494537
6,36,0.13189753890037537
6,37,0.1176675334572792
6,38,0.12337158620357513
6,39,0.13149571418762207
6,40,0.13816571235656738
6,41,0.12228041887283325
6,42,0.12300264090299606
6,43,0.10984707623720169
6,44,0.10470245033502579
6,45,0.11270207166671753
6,46,0.11417095363140106
6,47,0.12383629381656647
6,48,0.12174951285123825
6,49,0.10867907106876373
6,50,0.10890190303325653
6,51,0.1152254194021225
6,52,0.13274869322776794
6,53,0.10884397476911545
6,54,0.1044769361615181
6,55,0.14233490824699402
6,56,0.11699175834655762
6,57,0.11577840894460678
6,58,0.12120287120342255
6,59,0.11501777172088623
6,60,0.11486874520778656
6,61,0.11398281157016754
6,62,0.11638377606868744
6,63,0.10581028461456299
6,64,0.12243890762329102
6,65,0.11400085687637329
6,66,0.11887954920530319
6,67,0.13026881217956543
6,68,0.11191894114017487
6,69,0.11168700456619263
6,70,0.12078757584095001
6,71,0.12009194493293762
6,72,0.1156141459941864
6,73,0.13440360128879547
6,74,0.1261349618434906
6,75,0.1083512157201767
6,76,0.12953384220600128
7,1,0.1026056706905365
7,2,0.11982546001672745
7,3,0.11125827580690384
7,4,0.10637752711772919
7,5,0.10720932483673096
7,6,0.11927109956741333
7,7,0.11210048198699951
7,8,0.11111913621425629
7,9,0.1187165230512619
7,10,0.11152976006269455
7,11,0.11880828440189362
7,12,0.10747858881950378
7,13,0.10076010227203369
7,14,0.09280867129564285
7,15,0.12155026197433472
7,16,0.11134257912635803
7,17,0.11698898673057556
7,18,0.12639659643173218
7,19,0.13313286006450653
7,20,0.1066473200917244
7,21,0.1279989629983902
7,22,0.1013709083199501
7,23,0.12835803627967834
7,24,0.10041382908821106
7,25,0.12121577560901642
7,26,0.11452928185462952
7,27,0.10663876682519913
7,28,0.09091310203075409
7,29,0.12605546414852142
7,30,0.117255300283432
7,31,0.0978299081325531
7,32,0.1015780121088028
7,33,0.1134766936302185
7,34,0.10308331251144409
7,35,0.11409749835729599
7,36,0.11424823105335236
7,37,0.10595878958702087
7,38,0.10193902999162674
7,39,0.09751200675964355
7,40,0.10867984592914581
7,41,0.10057007521390915
7,42,0.10765111446380615
7,43,0.10687693953514099
7,44,0.10908742249011993
7,45,0.09667849540710449
7,46,0.09947934746742249
7,47,0.1101272702217102
7,48,0.1154322624206543
7,49,0.1034228503704071
7,50,0.11442571878433228
7,51,0.10066668689250946
7,52,0.09201005101203918
7,53,0.11994248628616333
7,54,0.09800444543361664
7,55,0.10166570544242859
7,56,0.10276481509208679
7,57,0.09745527058839798
7,58,0.09973835200071335
7,59,0.11450618505477905
7,60,0.1210661381483078
7,61,0.09913548082113266
7,62,0.11114110052585602
7,63,0.10410115867853165
7,64,0.09756353497505188
7,65,0.09703367948532104
7,66,0.10588029026985168
7,67,0.11365683376789093
7,68,0.09758356213569641
7,69,0.10075105726718903
7,70,0.09935332089662552
7,71,0.09896707534790039
7,72,0.11837981641292572
7,73,0.11113516986370087
7,74,0.10153815150260925
7,75,0.112595334649086
7,76,0.10024461150169373
8,1,0.09442697465419769
8,2,0.09807766228914261
8,3,0.09257359057664871
8,4,0.09796230494976044
8,5,0.09752655029296875
8,6,0.09690476953983307
8,7,0.11476920545101166
8,8,0.10214418172836304
8,9,0.0994555875658989
8,10,0.10395270586013794
8,11,0.09462067484855652
8,12,0.11162588000297546
8,13,0.09287771582603455
8,14,0.09742015600204468
8,15,0.10259561240673065
8,16,0.09325063228607178
8,17,0.10643373429775238
8,18,0.0905446708202362
8,19,0.10107774287462234
8,20,0.09366905689239502
8,21,0.09226280450820923
8,22,0.08808376640081406
8,23,0.09715816378593445
8,24,0.09028607606887817
8,25,0.08985424786806107
8,26,0.0958842784166336
8,27,0.08949363976716995
8,28,0.09264001995325089
8,29,0.08562663197517395
8,30,0.08786576986312866
8,31,0.09350419044494629
8,32,0.09570993483066559
8,33,0.08915003389120102
8,34,0.08341432362794876
8,35,0.10645237565040588
8,36,0.09401516616344452
8,37,0.10433194041252136
8,38,0.09671586751937866
8,39,0.10830976068973541
8,40,0.09771362692117691
8,41,0.10633088648319244
8,42,0.10273785889148712
8,43,0.09252332150936127
8,44,0.09225332736968994
8,45,0.11442947387695312
8,46,0.09916121512651443
8,47,0.09263303130865097
8,48,0.09442561864852905
8,49,0.0964876264333725
8,50,0.09595984220504761
8,51,0.09297573566436768
8,52,0.09397345781326294
8,53,0.10536327958106995
8,54,0.0901392474770546
8,55,0.10962024331092834
8,56,0.08361576497554779
8,57,0.09306177496910095
8,58,0.0851883515715599
8,59,0.09769323468208313
8,60,0.10296796262264252
8,61,0.08263583481311798
8,62,0.09408687055110931
8,63,0.09341536462306976
8,64,0.09299834072589874
8,65,0.09176726639270782
8,66,0.08002208173274994
8,67,0.10167929530143738
8,68,0.1043507307767868
8,69,0.08821916580200195
8,70,0.10815601050853729
8,71,0.08829903602600098
8,72,0.09153320640325546
8,73,0.09049368649721146
8,74,0.08411695063114166
8,75,0.08726244419813156
8,76,0.10481443256139755
9,1,0.08741149306297302
9,2,0.09558546543121338
9,3,0.08091346174478531
9,4,0.09827069938182831
9,5,0.08985592424869537
9,6,0.0945868045091629
9,7,0.0949479267001152
9,8,0.06976297497749329
9,9,0.09048087894916534
9,10,0.0882202610373497
9,11,0.08101757615804672
9,12,0.09269580245018005
9,13,0.08435481786727905
9,14,0.09281132370233536
9,15,0.0875931978225708
9,16,0.08717690408229828
9,17,0.09202225506305695
9,18,0.10101711750030518
9,19,0.08986581861972809
9,20,0.0864105299115181
9,21,0.07239233702421188
9,22,0.09027525782585144
9,23,0.09136916697025299
9,24,0.08784619718790054
9,25,0.09045138210058212
9,26,0.09084558486938477
9,27,0.0810316726565361
9,28,0.0774996280670166
9,29,0.08758535981178284
9,30,0.09040971845388412
9,31,0.09082147479057312
9,32,0.10028515756130219
9,33,0.07953976094722748
9,34,0.09024714678525925
9,35,0.10058929026126862
9,36,0.10341127216815948
9,37,0.07211442291736603
9,38,0.086484894156456
9,39,0.0895434021949768
9,40,0.09775007516145706
9,41,0.1018582209944725
9,42,0.08492043614387512
9,43,0.09584483504295349
9,44,0.08872491121292114
9,45,0.09764072299003601
9,46,0.09841517359018326
9,47,0.08628919720649719
9,48,0.07616108655929565
9,49,0.09561195969581604
9,50,0.10052651166915894
9,51,0.08590815961360931
9,52,0.08513457328081131
9,53,0.09113718569278717
9,54,0.09981740266084671
9,55,0.08675368130207062
9,56,0.09695687890052795
9,57,0.08032470941543579
9,58,0.08694931864738464
9,59,0.09255308657884598
9,60,0.08543309569358826
9,61,0.09374748170375824
9,62,0.08860969543457031
9,63,0.08354724943637848
9,64,0.09988371282815933
9,65,0.09173919260501862
9,66,0.09333901852369308
9,67,0.08069229125976562
9,68,0.07871493697166443
9,69,0.092286616563797
9,70,0.08042515814304352
9,71,0.0930839478969574
9,72,0.08168672025203705
9,73,0.09323842823505402
9,74,0.08590590953826904
9,75,0.13472887873649597
9,76,0.08936562389135361
10,1,0.10063330084085464
10,2,0.09525124728679657
10,3,0.08577904105186462
10,4,0.08322928845882416
10,5,0.09402615576982498
10,6,0.10081608593463898
10,7,0.07922598719596863
10,8,0.07739563286304474
10,9,0.09423975646495819
10,10,0.09193211793899536
10,11,0.08541304618120193
10,12,0.08263860642910004
10,13,0.09410808980464935
10,14,0.07761851698160172
10,15,0.10686490684747696
10,16,0.09431619942188263
10,17,0.08530212193727493
10,18,0.08012938499450684
10,19,0.08293768763542175
10,20,0.0910010039806366
10,21,0.08196835219860077
10,22,0.0713670402765274
10,23,0.08897608518600464
10,24,0.07280967384576797
10,25,0.08786316961050034
10,26,0.08945761620998383
10,27,0.09160026162862778
10,28,0.09643895924091339
10,29,0.07555152475833893
10,30,0.08548197150230408
10,31,0.08525215834379196
10,32,0.094090536236763
10,33,0.08471386134624481
10,34,0.08864810317754745
10,35,0.08391951024532318
10,36,0.08138680458068848
10,37,0.07419046759605408
10,38,0.09689592570066452
10,39,0.07635344564914703
10,40,0.09309844672679901
10,41,0.0920807421207428
10,42,0.08643651008605957
10,43,0.08913353085517883
10,44,0.0921749621629715
10,45,0.09106455743312836
10,46,0.09259801357984543
10,47,0.0814056545495987
10,48,0.08148998022079468
10,49,0.0767708271741867
10,50,0.07981348037719727
10,51,0.08278560638427734
10,52,0.08368806540966034
10,53,0.08143338561058044
10,54,0.08953573554754257
10,55,0.08719384670257568
10,56,0.08759796619415283
10,57,0.07960681617259979
10,58,0.0769578069448471
10,59,0.07915771752595901
10,60,0.0944882333278656
10,61,0.07666683942079544
10,62,0.0749559998512268
10,63,0.08911675214767456
10,64,0.08229034394025803
10,65,0.09465638548135757
10,66,0.08389303833246231
10,67,0.09831976145505905
10,68,0.07951280474662781
10,69,0.0763755589723587
10,70,0.0894320011138916
10,71,0.0993533506989479
10,72,0.09504349529743195
10,73,0.07927420735359192
10,74,0.08817493915557861
10,75,0.07898151129484177
10,76,0.07448828965425491
11,1,0.0684371292591095
11,2,0.09468661993741989
11,3,0.08295013010501862
11,4,0.08969120681285858
11,5,0.0796462893486023
11,6,0.08528222888708115
11,7,0.08706516027450562
11,8,0.08151296526193619
11,9,0.0784938856959343
11,10,0.07184917479753494
11,11,0.07263022661209106
11,12,0.08137248456478119
11,13,0.08290041983127594
11,14,0.07867290079593658
11,15,0.09454226493835449
11,16,0.07768633961677551
11,17,0.08352231979370117
11,18,0.08341136574745178
11,19,0.08446761965751648
11,20,0.07554192841053009
11,21,0.08166416734457016
11,22,0.07878915220499039
11,23,0.06899155676364899
11,24,0.07017746567726135
11,25,0.08562347292900085
11,26,0.0642569363117218
11,27,0.0798695757985115
11,28,0.062317077070474625
11,29,0.0788731724023819
11,30,0.07226451486349106
11,31,0.06960119307041168
11,32,0.09022922068834305
11,33,0.08147230744361877
11,34,0.0810663104057312
11,35,0.09585645794868469
11,36,0.07555928826332092
11,37,0.07461154460906982
11,38,0.08144348859786987
11,39,0.08704447746276855
11,40,0.08645832538604736
11,41,0.08167712390422821
11,42,0.08051047474145889
11,43,0.07817555963993073
11,44,0.08627825975418091
11,45,0.08678017556667328
11,46,0.08671312779188156
11,47,0.07270120084285736
11,48,0.07530299574136734
11,49,0.07435877621173859
11,50,0.08785092085599899
11,51,0.06766672432422638
11,52,0.07506990432739258
11,53,0.07876579463481903
11,54,0.08596682548522949
11,55,0.08078818023204803
11,56,0.08109841495752335
11,57,0.0911940336227417
11,58,0.06671808660030365
11,59,0.07184424996376038
11,60,0.0744953602552414
11,61,0.07036399841308594
11,62,0.0703183263540268
11,63,0.07715897262096405
11,64,0.07378427684307098
11,65,0.09830325096845627
11,66,0.07902362942695618
11,67,0.07504315674304962
11,68,0.07481299340724945
11,69,0.06980521976947784
11,70,0.07194742560386658
11,71,0.06878029555082321
11,72,0.07948474586009979
11,73,0.08448689430952072
11,74,0.09080672264099121
11,75,0.07614676654338837
11,76,0.07967887818813324
12,1,0.07824745029211044
12,2,0.08263290673494339
12,3,0.08525122702121735
12,4,0.09749868512153625
12,5,0.06525160372257233
12,6,0.08553394675254822
12,7,0.09684097766876221
12,8,0.08826689422130585
12,9,0.0879451110959053
12,10,0.0721246749162674
12,11,0.07726442068815231
12,12,0.08436474204063416
12,13,0.08375002443790436
12,14,0.08028076589107513
12,15,0.07077066600322723
12,16,0.08050588518381119
12,17,0.08589036762714386
12,18,0.07287342846393585
12,19,0.07167742401361465
12,20,0.0792296975851059
12,21,0.07939969003200531
12,22,0.07307310402393341
12,23,0.07431589066982269
12,24,0.06382337212562561
12,25,0.07513695955276489
12,26,0.06871936470270157
12,27,0.08177012205123901
12,28,0.08307118713855743
12,29,0.07431229948997498
12,30,0.0691704973578453
12,31,0.06667429208755493
12,32,0.07081565260887146
12,33,0.078342966735363
12,34,0.06839684396982193
12,35,0.07247642427682877
12,36,0.08576823770999908
12,37,0.0839017778635025
12,38,0.07554744184017181
12,39,0.07151249051094055
12,40,0.0630139634013176
12,41,0.07005932927131653
12,42,0.07850344479084015
12,43,0.06628028303384781
12,44,0.07034577429294586
12,45,0.08261524140834808
12,46,0.07855607569217682
12,47,0.0660022720694542
12,48,0.07907028496265411
12,49,0.08191697299480438
12,50,0.07248023897409439
12,51,0.0911235436797142
12,52,0.07381536066532135
12,53,0.07169736176729202
12,54,0.07593899220228195
12,55,0.0759858638048172
12,56,0.07074740529060364
12,57,0.07412870228290558
12,58,0.07163052260875702
12,59,0.07550087571144104
12,60,0.0815279558300972
12,61,0.09314632415771484
12,62,0.08906987309455872
12,63,0.0738067775964737
12,64,0.0748044103384018
12,65,0.07159780710935593
12,66,0.08212339878082275
12,67,0.06822529435157776
12,68,0.06248868256807327
12,69,0.07722282409667969
12,70,0.07327121496200562
12,71,0.09499558061361313
12,72,0.08631013333797455
12,73,0.08954307436943054
12,74,0.06864872574806213
12,75,0.07900363206863403
12,76,0.06611073017120361
13,1,0.06472267955541611
13,2,0.06826791912317276
13,3,0.071298748254776
13,4,0.08119109272956848
13,5,0.06552182137966156
13,6,0.06729379296302795
13,7,0.09603652358055115
13,8,0.06976351141929626
13,9,0.06495845317840576
13,10,0.08475468307733536
13,11,0.08482231199741364
13,12,0.07226008921861649
13,13,0.08523980528116226
13,14,0.06994686275720596
13,15,0.07362164556980133
13,16,0.07133789360523224
13,17,0.07462091743946075
13,18,0.07075753062963486
13,19,0.06945089995861053
13,20,0.08574461936950684
13,21,0.06676927953958511
13,22,0.06503593921661377
13,23,0.06334452331066132
13,24,0.07174822688102722
13,25,0.08419135957956314
13,26,0.08366688340902328
13,27,0.06615833193063736
13,28,0.06332768499851227
13,29,0.08119076490402222
13,30,0.06956350803375244
13,31,0.06823113560676575
13,32,0.0692172646522522
13,33,0.06967057287693024
13,34,0.0617959089577198
13,35,0.06203135848045349
13,36,0.07535261660814285
13,37,0.07865634560585022
13,38,0.06901895999908447
13,39,0.07341489940881729
13,40,0.07929126918315887
13,41,0.07115250825881958
13,42,0.0678541287779808
13,43,0.06833270937204361
13,44,0.06562402844429016
13,45,0.0751582533121109
13,46,0.06178799644112587
13,47,0.06925458461046219
13,48,0.09615950286388397
13,49,0.07838810980319977
13,50,0.0693560242652893
13,51,0.0684359222650528
13,52,0.06787525862455368
13,53,0.07878044247627258
13,54,0.08095206320285797
13,55,0.07158813625574112
13,56,0.06563770771026611
13,57,0.06660114228725433
13,58,0.061396025121212006
13,59,0.0756019800901413
13,60,0.0687236487865448
13,61,0.07584885507822037
13,62,0.07128064334392548
13,63,0.06663364171981812
13,64,0.07570943236351013
13,65,0.07785701006650925
13,66,0.06517624855041504
13,67,0.06665229797363281
13,68,0.06615990400314331
13,69,0.059674762189388275
13,70,0.06254170835018158
13,71,0.08346694707870483
13,72,0.07183421403169632
13,73,0.07589957863092422
13,74,0.06638153642416
13,75,0.06932185590267181
13,76,0.07020893692970276
14,1,0.08498071134090424
14,2,0.0689193531870842
14,3,0.07981526106595993
14,4,0.07871231436729431
14,5,0.06811119616031647
14,6,0.08773110806941986
14,7,0.07093578577041626
14,8,0.06775255501270294
14,9,0.07562829554080963
14,10,0.06958509981632233
14,11,0.0564311221241951
14,12,0.07389415800571442
14,13,0.08106319606304169
14,14,0.07129999250173569
14,15,0.06296269595623016
14,16,0.059773825109004974
14,17,0.06802250444889069
14,18,0.06576214730739594
14,19,0.06715072691440582
14,20,0.07359495759010315
14,21,0.08056770265102386
14,22,0.08500905334949493
14,23,0.06843394041061401
14,24,0.0686139389872551
14,25,0.06919574737548828
14,26,0.06720659881830215
14,27,0.06764686107635498
14,28,0.06059194728732109
14,29,0.07345626503229141
14,30,0.07500830292701721
14,31,0.07189930975437164
14,32,0.06603145599365234
14,33,0.07900899648666382
14,34,0.08160379528999329
14,35,0.06887754797935486
14,36,0.06300050765275955
14,37,0.058032259345054626
14,38,0.07222077995538712
14,39,0.0641825795173645
14,40,0.06799940764904022
14,41,0.08423934876918793
14,42,0.07199914008378983
14,43,0.07901018857955933
14,44,0.07084709405899048
14,45,0.06537891179323196
14,46,0.06590022891759872
14,47,0.06283201277256012
14,48,0.07831905782222748
14,49,0.06323583424091339
14,50,0.06843842566013336
14,51,0.06745335459709167
14,52,0.06869536638259888
14,53,0.0688096359372139
14,54,0.08060680329799652
14,55,0.06092041730880737
14,56,0.06731662154197693
14,57,0.06693002581596375
14,58,0.07666388154029846
14,59,0.07582183927297592
14,60,0.07604890316724777
14,61,0.06980736553668976
14,62,0.0804620236158371
14,63,0.05987594276666641
14,64,0.0717649981379509
14,65,0.09217566251754761
14,66,0.07370209693908691
14,67,0.0654960572719574
14,68,0.06591345369815826
14,69,0.06737734377384186
14,70,0.08554793894290924
14,71,0.07358863204717636
14,72,0.05796003341674805
14,73,0.05726548284292221
14,74,0.10118836164474487
14,75,0.07165287435054779
14,76,0.06668166816234589
15,1,0.0740901380777359
15,2,0.07486245036125183
15,3,0.06833509355783463
15,4,0.1009918749332428
15,5,0.06845737248659134
15,6,0.06736347079277039
15,7,0.0687907487154007
15,8,0.06596914678812027
15,9,0.060760319232940674
15,10,0.07093065977096558
15,11,0.06825584173202515
15,12,0.06545789539813995
15,13,0.07200653851032257
15,14,0.0670589804649353
15,15,0.06524625420570374
15,16,0.06877851486206055
15,17,0.0853831022977829
15,18,0.07021868973970413
15,19,0.07172704488039017
15,20,0.06316286325454712
15,21,0.06021670624613762
15,22,0.06806869804859161
15,23,0.07266730070114136
15,24,0.07130646705627441
15,25,0.07193687558174133
15,26,0.06556747853755951
15,27,0.08145193010568619
15,28,0.07811087369918823
15,29,0.06374815851449966
15,30,0.06168045103549957
15,31,0.06762725114822388
15,32,0.07116630673408508
15,33,0.05851235240697861
15,34,0.06830789148807526
15,35,0.058111771941185
15,36,0.06212598457932472
15,37,0.06956556439399719
15,38,0.08588717132806778
15,39,0.059592340141534805
15,40,0.07525904476642609
15,41,0.07073117792606354
15,42,0.06176162138581276
15,43,0.06879366189241409
15,44,0.06746867299079895
15,45,0.06191430985927582
15,46,0.06280933320522308
15,47,0.0638045072555542
15,48,0.06807117909193039
15,49,0.07414010167121887
15,50,0.05604077875614166
15,51,0.0753789097070694
15,52,0.06859618425369263
15,53,0.062092170119285583
15,54,0.06925982981920242
15,55,0.06761433184146881
15,56,0.058839090168476105
15,57,0.056759074330329895
15,58,0.0607532262802124
15,59,0.056508444249629974
15,60,0.07939150184392929
15,61,0.06965594738721848
15,62,0.06355222314596176
15,63,0.0614122673869133
15,64,0.05975944921374321
15,65,0.056491702795028687
15,66,0.059178177267313004
15,67,0.07290792465209961
15,68,0.07178056985139847
15,69,0.06077822297811508
15,70,0.07018113881349564
15,71,0.06156865507364273
15,72,0.08768345415592194
15,73,0.06515254080295563
15,74,0.05681764334440231
15,75,0.08421256393194199
15,76,0.0648072138428688
16,1,0.06228533759713173
16,2,0.0837341845035553
16,3,0.07512009143829346
16,4,0.05513790249824524
16,5,0.07631581276655197
16,6,0.07058078050613403
16,7,0.06293871253728867
16,8,0.06843345612287521
16,9,0.05777768790721893
16,10,0.07339306175708771
16,11,0.06677857786417007
16,12,0.06528083980083466
16,13,0.07267530262470245
16,14,0.08629222214221954
16,15,0.0655159205198288
16,16,0.0702895075082779
16,17,0.09104019403457642
16,18,0.07376724481582642
16,19,0.0725368857383728
16,20,0.05428500473499298
16,21,0.05959942191839218
16,22,0.06262097507715225
16,23,0.0650937408208847
16,24,0.05481143668293953
16,25,0.06124158203601837
16,26,0.08161906898021698
16,27,0.06279782950878143
16,28,0.06186448782682419
16,29,0.06523823738098145
16,30,0.062388960272073746
16,31,0.06001560389995575
16,32,0.06793571263551712
16,33,0.06713952869176865
16,34,0.06336935609579086
16,35,0.08591915667057037
16,36,0.0708514153957367
16,37,0.09912243485450745
16,38,0.061959199607372284
16,39,0.06836545467376709
16,40,0.06450498104095459
16,41,0.06721575558185577
16,42,0.058329589664936066
16,43,0.0740719735622406
16,44,0.05789628624916077
16,45,0.07063993066549301
16,46,0.07017078995704651
16,47,0.06265243142843246
16,48,0.07635531574487686
16,49,0.07015599310398102
16,50,0.06165957450866699
16,51,0.07338349521160126
16,52,0.06406649947166443
16,53,0.06922462582588196
16,54,0.07068084180355072
16,55,0.05985976755619049
16,56,0.06624666601419449
16,57,0.07851176708936691
16,58,0.07842889428138733
16,59,0.06477107107639313
16,60,0.06659102439880371
16,61,0.06227555871009827
16,62,0.06865925341844559
16,63,0.06354662775993347
16,64,0.05636683851480484
16,65,0.055949971079826355
16,66,0.05570484697818756
16,67,0.06497374176979065
16,68,0.056494779884815216
16,69,0.06259606033563614
16,70,0.07907122373580933
16,71,0.06464287638664246
16,72,0.057299740612506866
16,73,0.05774727836251259
16,74,0.07652069628238678
16,75,0.07267657667398453
16,76,0.05717657506465912
17,1,0.07400989532470703
17,2,0.06974870711565018
17,3,0.06910298764705658
17,4,0.06028875708580017
17,5,0.060589320957660675
17,6,0.05421515181660652
17,7,0.06711454689502716
17,8,0.0648481547832489
17,9,0.05934208631515503
17,10,0.07294189184904099
17,11,0.07438498735427856
17,12,0.062117353081703186
17,13,0.060565609484910965
17,14,0.05945640802383423
17,15,0.07070615887641907
17,16,0.08605391532182693
17,17,0.05732536315917969
17,18,0.058913394808769226
17,19,0.0750150978565216
17,20,0.07262284308671951
17,21,0.07727863639593124
17,22,0.06611008942127228
17,23,0.0779542550444603
17,24,0.06821225583553314
17,25,0.07073184847831726
17,26,0.06835562735795975
17,27,0.06413034349679947
17,28,0.0700269490480423
17,29,0.07379096746444702
17,30,0.08976010978221893
17,31,0.056137725710868835
17,32,0.06611404567956924
17,33,0.07538148760795593
17,34,0.06269241869449615
17,35,0.06368666887283325
17,36,0.08034104108810425
17,37,0.06749942153692245
17,38,0.06338084489107132
17,39,0.05972618609666824
17,40,0.06652765721082687
17,41,0.0763750821352005
17,42,0.06619483977556229
17,43,0.06956756114959717
17,44,0.07605714350938797
17,45,0.0629202127456665
17,46,0.0721953809261322
17,47,0.06496558338403702
17,48,0.06849212944507599
17,49,0.08336792886257172
17,50,0.0618550106883049
17,51,0.062473028898239136
17,52,0.08281178772449493
17,53,0.0625150203704834
17,54,0.06589604169130325
17,55,0.061760514974594116
17,56,0.058787886053323746
17,57,0.06638817489147186
17,58,0.061617039144039154
17,59,0.06260070949792862
17,60,0.05967651680111885
17,61,0.05305786058306694
17,62,0.05753310024738312
17,63,0.059869132936000824
17,64,0.0652904361486435
17,65,0.06529424339532852
17,66,0.06189749389886856
17,67,0.06932167708873749
17,68,0.05881119892001152
17,69,0.05308962240815163
17,70,0.05468764901161194
17,71,0.07203312963247299
17,72,0.05366950482130051
17,73,0.0581115260720253
17,74,0.06012602522969246
17,75,0.05878973752260208
17,76,0.06128081679344177
18,1,0.06182189658284187
18,2,0.06074146181344986
18,3,0.06939920037984848
18,4,0.05819480121135712
18,5,0.06621333211660385
18,6,0.06127895787358284
18,7,0.06318884342908859
18,8,0.06138651818037033
18,9,0.06755708158016205
18,10,0.060993656516075134
18,11,0.0694732591509819
18,12,0.08541562408208847
18,13,0.06558360159397125
18,14,0.06357432901859283
18,15,0.07763655483722687
18,16,0.056753356009721756
18,17,0.06243068724870682
18,18,0.05868077650666237
18,19,0.06330602616071701
18,20,0.05731729418039322
18,21,0.07528245449066162
18,22,0.059819214046001434
18,23,0.06654223799705505
18,24,0.0628703162074089
18,25,0.05738959088921547
18,26,0.07068146765232086
18,27,0.0637463927268982
18,28,0.06097914278507233
18,29,0.06829192489385605
18,30,0.06210869550704956
18,31,0.06102437898516655
18,32,0.05720185115933418
18,33,0.07746055722236633
18,34,0.0626409724354744
18,35,0.05995091423392296
18,36,0.06684653460979462
18,37,0.05840013176202774
18,38,0.08014364540576935
18,39,0.06957888603210449
18,40,0.059156984090805054
18,41,0.06575367599725723
18,42,0.06265939772129059
18,43,0.058901555836200714
18,44,0.054343465715646744
18,45,0.06160953640937805
18,46,0.0547504648566246
18,47,0.06470634788274765
18,48,0.06940433382987976
18,49,0.057664476335048676
18,50,0.0882520005106926
18,51,0.06630358844995499
18,52,0.06188925355672836
18,53,0.0755477249622345
18,54,0.06668045371770859
18,55,0.06877364963293076
18,56,0.07797832787036896
18,57,0.07262015342712402
18,58,0.0640178769826889
18,59,0.06224643811583519
18,60,0.06598538905382156
18,61,0.05648060888051987
18,62,0.050774432718753815
18,63,0.06512434780597687
18,64,0.06158681586384773
18,65,0.06133458763360977
18,66,0.07149594277143478
18,67,0.05915609374642372
18,68,0.05705446004867554
18,69,0.06803545355796814
18,70,0.06028647720813751
18,71,0.06417850404977798
18,72,0.0759623795747757
18,73,0.07185002416372299
18,74,0.09076610952615738
18,75,0.07911557704210281
18,76,0.06409960985183716
19,1,0.06478141993284225
19,2,0.06168260797858238
19,3,0.06725036352872849
19,4,0.07295668125152588
19,5,0.05689874291419983
19,6,0.05855599790811539
19,7,0.0504644438624382
19,8,0.06339641660451889
19,9,0.06015558913350105
19,10,0.0723191425204277
19,11,0.05699934810400009
19,12,0.06281337887048721
19,13,0.0674281120300293
19,14,0.05861605703830719
19,15,0.059768058359622955
19,16,0.061043694615364075
19,17,0.05768793076276779
19,18,0.05924266204237938
19,19,0.050425998866558075
19,20,0.05530745908617973
19,21,0.05838698893785477
19,22,0.05570201948285103
19,23,0.06436577439308167
19,24,0.06895798444747925
19,25,0.05995945259928703
19,26,0.05598076432943344
19,27,0.05337882041931152
19,28,0.05826803296804428
19,29,0.05369102209806442
19,30,0.05149465799331665
19,31,0.06524847447872162
19,32,0.07077537477016449
19,33,0.05898278206586838
19,34,0.05781432241201401
19,35,0.06188109889626503
19,36,0.060383912175893784
19,37,0.06341871619224548
19,38,0.06080302596092224
19,39,0.05961564928293228
19,40,0.06158657371997833
19,41,0.06876906752586365
19,42,0.05918528884649277
19,43,0.06778549402952194
19,44,0.059037838131189346
19,45,0.0669642984867096
19,46,0.06811034679412842
19,47,0.07217645645141602
19,48,0.0542961061000824
19,49,0.056373823434114456
19,50,0.05934644490480423
19,51,0.06134270876646042
19,52,0.05837545916438103
19,53,0.06479869782924652
19,54,0.06650000810623169
19,55,0.061806805431842804
19,56,0.060546454042196274
19,57,0.053275227546691895
19,58,0.0672815665602684
19,59,0.062657929956913
19,60,0.05661478266119957
19,61,0.05734126269817352
19,62,0.05970869958400726
19,63,0.05594213306903839
19,64,0.056456632912158966
19,65,0.056474216282367706
19,66,0.05838334932923317
19,67,0.06208454817533493
19,68,0.06313668191432953
19,69,0.07756112515926361
19,70,0.06194806843996048
19,71,0.05594593286514282
19,72,0.05523955821990967
19,73,0.07426231354475021
19,74,0.056377917528152466
19,75,0.05648617446422577
19,76,0.06133437156677246
20,1,0.05753638595342636
20,2,0.07619377970695496
20,3,0.07393162697553635
20,4,0.05934261903166771
20,5,0.05495190620422363
20,6,0.05666477233171463
20,7,0.0657416507601738
20,8,0.05790691450238228
20,9,0.04977182671427727
20,10,0.05896451324224472
20,11,0.09991522133350372
20,12,0.06338033080101013
20,13,0.047888852655887604
20,14,0.06694057583808899
20,15,0.07031528651714325
20,16,0.05182206258177757
20,17,0.05115489661693573
20,18,0.051524557173252106
20,19,0.05925707146525383
20,20,0.051920197904109955
20,21,0.061012182384729385
20,22,0.06595877557992935
20,23,0.062379129230976105
20,24,0.0664045512676239
20,25,0.06193777173757553
20,26,0.055774375796318054
20,27,0.05917506664991379
20,28,0.06319283694028854
20,29,0.05672769248485565
20,30,0.05379759892821312
20,31,0.07337209582328796
20,32,0.0586809404194355
20,33,0.062119122594594955
20,34,0.07229813933372498
20,35,0.05549042671918869
20,36,0.0618174746632576
20,37,0.06146853044629097
20,38,0.062191419303417206
20,39,0.06815553456544876
20,40,0.06313198804855347
20,41,0.05813688784837723
20,42,0.05509771406650543
20,43,0.07015629857778549
20,44,0.05658114701509476
20,45,0.05832115560770035
20,46,0.05049674212932587
20,47,0.05733582377433777
20,48,0.05303015559911728
20,49,0.06525038927793503
20,50,0.0564153715968132
20,51,0.05945108085870743
20,52,0.05203778296709061
20,53,0.08155594766139984
20,54,0.07476258277893066
20,55,0.05361093580722809
20,56,0.057377856224775314
20,57,0.07475930452346802
20,58,0.05632094293832779
20,59,0.06802713125944138
20,60,0.0607256144285202
20,61,0.06512273848056793
20,62,0.061192985624074936
20,63,0.06249690800905228
20,64,0.06438043713569641
20,65,0.05672835558652878
20,66,0.06220114231109619
20,67,0.05928190425038338
20,68,0.06336937844753265
20,69,0.07227865606546402
20,70,0.06300780177116394
20,71,0.08902236819267273
20,72,0.07916907966136932
20,73,0.06436266750097275
20,74,0.06889933347702026
20,75,0.0679185539484024
20,76,0.05890341103076935
21,1,0.06791161000728607
21,2,0.05834300071001053
21,3,0.06296660006046295
21,4,0.05648410692811012
21,5,0.07917146384716034
21,6,0.06601911038160324
21,7,0.05397852882742882
21,8,0.06235707923769951
21,9,0.07481056451797485
21,10,0.06359714269638062
21,11,0.06460507214069366
21,12,0.0569661408662796
21,13,0.05829814821481705
21,14,0.059179313480854034
21,15,0.06458170711994171
21,16,0.05918760225176811
21,17,0.05986577644944191
21,18,0.062142789363861084
21,19,0.05874001234769821
21,20,0.053587548434734344
21,21,0.05574776232242584
21,22,0.06136098876595497
21,23,0.062436819076538086
21,24,0.059240613132715225
21,25,0.0698862224817276
21,26,0.06423799693584442
21,27,0.0629018098115921
21,28,0.062452010810375214
21,29,0.05918005108833313
21,30,0.06310099363327026
21,31,0.05577314645051956
21,32,0.056258685886859894
21,33,0.06364074349403381
21,34,0.059140656143426895
21,35,0.058140695095062256
21,36,0.06059109419584274
21,37,0.06758426129817963
21,38,0.05414899066090584
21,39,0.06642837077379227
21,40,0.046125538647174835
21,41,0.05052964389324188
21,42,0.06954602897167206
21,43,0.061865825206041336
21,44,0.053052376955747604
21,45,0.053644731640815735
21,46,0.0525907427072525
21,47,0.06092792749404907
21,48,0.05627243220806122
21,49,0.06793121993541718
21,50,0.05591025575995445
21,51,0.06566816568374634
21,52,0.05064152926206589
21,53,0.05829278752207756
21,54,0.057946301996707916
21,55,0.06572791934013367
21,56,0.06926286965608597
21,57,0.06238798052072525
21,58,0.05931195616722107
21,59,0.06704023480415344
21,60,0.0597563236951828
21,61,0.05552440881729126
21,62,0.06485618650913239
21,63,0.05504947528243065
21,64,0.05308428406715393
21,65,0.051423102617263794
21,66,0.06387430429458618
21,67,0.056580714881420135
21,68,0.054107941687107086
21,69,0.056838151067495346
21,70,0.050126753747463226
21,71,0.06135018169879913
21,72,0.06128307059407234
21,73,0.08515577763319016
21,74,0.05459260568022728
21,75,0.06167764961719513
21,76,0.05474856123328209
22,1,0.063912034034729
22,2,0.06297242641448975
22,3,0.05006580799818039
22,4,0.05178798735141754
22,5,0.06990982592105865
22,6,0.053098298609256744
22,7,0.07030639052391052
22,8,0.05328090488910675
22,9,0.05892840027809143
22,10,0.05523880571126938
22,11,0.05732060968875885
22,12,0.06720106303691864
22,13,0.06689672917127609
22,14,0.06051408499479294
22,15,0.054792456328868866
22,16,0.055013954639434814
22,17,0.0508803054690361
22,18,0.062218524515628815
22,19,0.05231356620788574
22,20,0.05468883365392685
22,21,0.06052771210670471
22,22,0.06754928082227707
22,23,0.061709195375442505
22,24,0.05815748870372772
22,25,0.06195539981126785
22,26,0.057748712599277496
22,27,0.05937279760837555
22,28,0.05243789777159691
22,29,0.05804966390132904
22,30,0.05710941553115845
22,31,0.05715564265847206
22,32,0.0593583881855011
22,33,0.06576338410377502
22,34,0.05660033971071243
22,35,0.06316743046045303
22,36,0.05464589595794678
22,37,0.06422564387321472
22,38,0.06369167566299438
22,39,0.06782214343547821
22,40,0.06247695907950401
22,41,0.0649627149105072
22,42,0.053594112396240234
22,43,0.06207511946558952
22,44,0.05968145281076431
22,45,0.06423802673816681
22,46,0.061151716858148575
22,47,0.06721138954162598
22,48,0.05104917660355568
22,49,0.05473875626921654
22,50,0.052446089684963226
22,51,0.0555148646235466
22,52,0.05842655897140503
22,53,0.05484451353549957
22,54,0.05278690159320831
22,55,0.05903992801904678
22,56,0.0598757266998291
22,57,0.05221175029873848
22,58,0.0751572847366333
22,59,0.06213798373937607
22,60,0.05926201865077019
22,61,0.05912398919463158
22,62,0.06988508254289627
22,63,0.061031509190797806
22,64,0.055065300315618515
22,65,0.06063689664006233
22,66,0.052462995052337646
22,67,0.051887013018131256
22,68,0.05663369596004486
22,69,0.056147798895835876
22,70,0.05246983468532562
22,71,0.059850484132766724
22,72,0.053865477442741394
22,73,0.07139742374420166
22,74,0.05642327666282654
22,75,0.05249672755599022
22,76,0.048732176423072815
23,1,0.05271196365356445
23,2,0.06582011282444
23,3,0.05486000329256058
23,4,0.05690429359674454
23,5,0.06583338975906372
23,6,0.06043581664562225
23,7,0.056789010763168335
23,8,0.049697935581207275
23,9,0.05504374951124191
23,10,0.05554388836026192
23,11,0.055210620164871216
23,12,0.04341716319322586
23,13,0.048660796135663986
23,14,0.05353991687297821
23,15,0.07297924160957336
23,16,0.05870978534221649
23,17,0.052782170474529266
23,18,0.054733261466026306
23,19,0.06011398136615753
23,20,0.07824671268463135
23,21,0.05242864415049553
23,22,0.05511828884482384
23,23,0.051271919161081314
23,24,0.048184867948293686
23,25,0.06581590324640274
23,26,0.04877898097038269
23,27,0.06053033098578453
23,28,0.06953242421150208
23,29,0.0593026727437973
23,30,0.060998156666755676
23,31,0.05029137432575226
23,32,0.05879160016775131
23,33,0.057207394391298294
23,34,0.05862388759851456
23,35,0.06372444331645966
23,36,0.06195754557847977
23,37,0.06279335916042328
23,38,0.05974310263991356
23,39,0.04520260915160179
23,40,0.05964230000972748
23,41,0.05581307411193848
23,42,0.05661800503730774
23,43,0.05546662583947182
23,44,0.058616288006305695
23,45,0.058034077286720276
23,46,0.051339685916900635
23,47,0.05165264755487442
23,48,0.0588015615940094
23,49,0.05240685120224953
23,50,0.058600254356861115
23,51,0.0740954801440239
23,52,0.05114295333623886
23,53,0.07277221977710724
23,54,0.060562409460544586
23,55,0.05813971906900406
23,56,0.05046597495675087
23,57,0.050672709941864014
23,58,0.053167782723903656
23,59,0.0492672398686409
23,60,0.05205801874399185
23,61,0.06133439391851425
23,62,0.07257962226867676
23,63,0.056268367916345596
23,64,0.05484304577112198
23,65,0.07108844816684723
23,66,0.05481965094804764
23,67,0.05554835870862007
23,68,0.05230304226279259
23,69,0.05945055931806564
23,70,0.056785501539707184
23,71,0.05758094787597656
23,72,0.054994046688079834
23,73,0.0615154467523098
23,74,0.05142560601234436
23,75,0.054527398198843
23,76,0.05962345749139786
24,1,0.04741978272795677
24,2,0.04973356053233147
24,3,0.05347910895943642
24,4,0.05326807498931885
24,5,0.05616325885057449
24,6,0.0723261833190918
24,7,0.05968400090932846
24,8,0.07211309671401978
24,9,0.06504591554403305
24,10,0.05934015288949013
24,11,0.05371584743261337
24,12,0.05396536365151405
24,13,0.06670764833688736
24,14,0.058564912527799606
24,15,0.05291927605867386
24,16,0.050996385514736176
24,17,0.07953421026468277
24,18,0.061116598546504974
24,19,0.059727758169174194
24,20,0.06504114717245102
24,21,0.06444025784730911
24,22,0.09033789485692978
24,23,0.07807202637195587
24,24,0.05447809398174286
24,25,0.054495710879564285
24,26,0.05923778563737869
24,27,0.061035316437482834
24,28,0.06402591615915298
24,29,0.06269930303096771
24,30,0.07681609690189362
24,31,0.05997011810541153
24,32,0.0567077174782753
24,33,0.05299820378422737
24,34,0.057309895753860474
24,35,0.062137287110090256
24,36,0.05516123026609421
24,37,0.05626685172319412
24,38,0.06596116721630096
24,39,0.07382310926914215
24,40,0.059260353446006775
24,41,0.05402611196041107
24,42,0.06200515478849411
24,43,0.06317418813705444
24,44,0.05637313798069954
24,45,0.058930233120918274
24,46,0.05498594045639038
24,47,0.06406251341104507
24,48,0.05544763430953026
24,49,0.06309467554092407
24,50,0.061549797654151917
24,51,0.054235849529504776
24,52,0.049273956567049026
24,53,0.05153315141797066
24,54,0.05413437262177467
24,55,0.05966971069574356
24,56,0.06320209801197052
24,57,0.052176110446453094
24,58,0.044044073671102524
24,59,0.05224234610795975
24,60,0.058675944805145264
24,61,0.06180175393819809
24,62,0.06237778067588806
24,63,0.07378263026475906
24,64,0.05780612677335739
24,65,0.0619782879948616
24,66,0.060900989919900894
24,67,0.05046903342008591
24,68,0.06158595532178879
24,69,0.058009374886751175
24,70,0.060766760259866714
24,71,0.059330593794584274
24,72,0.04728715866804123
24,73,0.0516597256064415
24,74,0.07101321220397949
24,75,0.06685908883810043
24,76,0.05915125831961632
25,1,0.0665583610534668
25,2,0.06258340924978256
25,3,0.06673679500818253
25,4,0.0687752515077591
25,5,0.05511043220758438
25,6,0.0495561808347702
25,7,0.06186886876821518
25,8,0.05960311368107796
25,9,0.06426452100276947
25,10,0.0599333681166172
25,11,0.05869590863585472
25,12,0.056077271699905396
25,13,0.05863751098513603
25,14,0.06414809077978134
25,15,0.05582910776138306
25,16,0.06783093512058258
25,17,0.06420261412858963
25,18,0.05879131704568863
25,19,0.05561058968305588
25,20,0.050961315631866455
25,21,0.05372755229473114
25,22,0.053353942930698395
25,23,0.04798474907875061
25,24,0.06295572221279144
25,25,0.05506961792707443
25,26,0.05799125134944916
25,27,0.052348699420690536
25,28,0.045161306858062744
25,29,0.07178996503353119
25,30,0.06117957830429077
25,31,0.05344463884830475
25,32,0.056719955056905746
25,33,0.060088224709033966
25,34,0.059739671647548676
25,35,0.05811438709497452
25,36,0.06680993735790253
25,37,0.054804906249046326
25,38,0.059965867549180984
25,39,0.056269749999046326
25,40,0.06575508415699005
25,41,0.0443054735660553
25,42,0.04451633244752884
25,43,0.06319588422775269
25,44,0.04371293634176254
25,45,0.055971089750528336
25,46,0.05172647163271904
25,47,0.04494110122323036
25,48,0.05060706287622452
25,49,0.05842049419879913
25,50,0.05224836990237236
25,51,0.055418096482753754
25,52,0.047625429928302765
25,53,0.05540483072400093
25,54,0.054838877171278
25,55,0.04854247346520424
25,56,0.05989527702331543
25,57,0.06276169419288635
25,58,0.049779146909713745
25,59,0.0590619221329689
25,60,0.05575376749038696
25,61,0.056914880871772766
25,62,0.057683974504470825
25,63,0.07262250036001205
25,64,0.0685950517654419
25,65,0.06586659699678421
25,66,0.04270922392606735
25,67,0.05781861022114754
25,68,0.05273497849702835
25,69,0.052317291498184204
25,70,0.049642883241176605
25,71,0.04559379070997238
25,72,0.060027752071619034
25,73,0.05318766459822655
25,74,0.05321752279996872
25,75,0.048404160887002945
25,76,0.044353775680065155
26,1,0.06196052208542824
26,2,0.055533722043037415
26,3,0.04988511651754379
26,4,0.06033865362405777
26,5,0.0460163839161396
26,6,0.05934806913137436
26,7,0.05495605990290642
26,8,0.05788823217153549
26,9,0.054027676582336426
26,10,0.05200963467359543
26,11,0.05300096422433853
26,12,0.05456142872571945
26,13,0.0548882856965065
26,14,0.052596066147089005
26,15,0.05613575130701065
26,16,0.05253327637910843
26,17,0.05020679160952568
26,18,0.058162201195955276
26,19,0.04574097692966461
26,20,0.04608326405286789
26,21,0.06055332347750664
26,22,0.05269588530063629
26,23,0.0657377615571022
26,24,0.059167180210351944
26,25,0.04540405422449112
26,26,0.06011158227920532
26,27,0.05301498621702194
26,28,0.05252869427204132
26,29,0.04944279044866562
26,30,0.044750750064849854
26,31,0.05102046579122543
26,32,0.04903034120798111
26,33,0.0497843474149704
26,34,0.06413295865058899
26,35,0.048971474170684814
26,36,0.06283174455165863
26,37,0.049631811678409576
26,38,0.06303596496582031
26,39,0.05655035749077797
26,40,0.05602041259407997
26,41,0.06405863910913467
26,42,0.06548786163330078
26,43,0.05725836753845215
26,44,0.047670237720012665
26,45,0.06562758982181549
26,46,0.05806402862071991
26,47,0.06082775443792343
26,48,0.05173483118414879
26,49,0.055735811591148376
26,50,0.046947598457336426
26,51,0.05865844339132309
26,52,0.06131342053413391
26,53,0.062130142003297806
26,54,0.05843741074204445
26,55,0.0540991947054863
26,56,0.054156508296728134
26,57,0.06340329349040985
26,58,0.05447535216808319
26,59,0.06094611436128616
26,60,0.04770565778017044
26,61,0.055347710847854614
26,62,0.05887898802757263
26,63,0.05399424955248833
26,64,0.05264841020107269
26,65,0.054311349987983704
26,66,0.0645136907696724
26,67,0.05105413869023323
26,68,0.05916241928935051
26,69,0.05003509670495987
26,70,0.04799230396747589
26,71,0.05801835283637047
26,72,0.07085390388965607
26,73,0.053261540830135345
26,74,0.05754028633236885
26,75,0.05158515274524689
26,76,0.06355200707912445
27,1,0.06332895159721375
27,2,0.05833427608013153
27,3,0.050434090197086334
27,4,0.05765143036842346
27,5,0.06010906398296356
27,6,0.0546790212392807
27,7,0.04739386588335037
27,8,0.05751259624958038
27,9,0.05591605603694916
27,10,0.05680464208126068
27,11,0.05009925365447998
27,12,0.05516630783677101
27,13,0.05799063667654991
27,14,0.04841645061969757
27,15,0.05138932168483734
27,16,0.048840731382369995
27,17,0.04394599422812462
27,18,0.054274335503578186
27,19,0.04829730838537216
27,20,0.06813456118106842
27,21,0.05044269189238548
27,22,0.06261537224054337
27,23,0.04396597295999527
27,24,0.04905574023723602
27,25,0.04509790241718292
27,26,0.06155538558959961
27,27,0.057835519313812256
27,28,0.0605025477707386
27,29,0.05868755653500557
27,30,0.04945439472794533
27,31,0.05971122533082962
27,32,0.04975978657603264
27,33,0.06404648721218109
27,34,0.0555184930562973
27,35,0.04868673160672188
27,36,0.06223158538341522
27,37,0.053124286234378815
27,38,0.052126169204711914
27,39,0.055699191987514496
27,40,0.052343547344207764
27,41,0.047315433621406555
27,42,0.0699968934059143
27,43,0.052111826837062836
27,44,0.0668715164065361
27,45,0.05749347805976868
27,46,0.06200706213712692
27,47,0.05353887379169464
27,48,0.054210543632507324
27,49,0.05636657774448395
27,50,0.053580742329359055
27,51,0.04743092879652977
27,52,0.05303092300891876
27,53,0.05607116222381592
27,54,0.053235094994306564
27,55,0.05412096157670021
27,56,0.05522004887461662
27,57,0.05637352913618088
27,58,0.046486422419548035
27,59,0.05038254335522652
27,60,0.06099800020456314
27,61,0.04589514434337616
27,62,0.052191250026226044
27,63,0.05104769393801689
27,64,0.06453774124383926
27,65,0.05643133446574211
27,66,0.057603299617767334
27,67,0.04965018853545189
27,68,0.057256560772657394
27,69,0.05702555924654007
27,70,0.05008621886372566
27,71,0.05826397240161896
27,72,0.052940186113119125
27,73,0.05474129319190979
27,74,0.06650616973638535
27,75,0.04735178500413895
27,76,0.05185086652636528
28,1,0.04435734078288078
28,2,0.0622347854077816
28,3,0.06900368630886078
28,4,0.05009080097079277
28,5,0.04907907173037529
28,6,0.04999145120382309
28,7,0.05193602293729782
28,8,0.044055406004190445
28,9,0.05173919349908829
28,10,0.05878870189189911
28,11,0.05511027202010155
28,12,0.06011009216308594
28,13,0.050207845866680145
28,14,0.04418669641017914
28,15,0.04903136193752289
28,16,0.05148947238922119
28,17,0.04340463876724243
28,18,0.04617628455162048
28,19,0.06284675002098083
28,20,0.05229957029223442
28,21,0.054488517343997955
28,22,0.05584140121936798
28,23,0.05202754586935043
28,24,0.0517151914536953
28,25,0.04597408324480057
28,26,0.05096498131752014
28,27,0.05928473547101021
28,28,0.054144326597452164
28,29,0.05763581395149231
28,30,0.04547567665576935
28,31,0.056593798100948334
28,32,0.07024574279785156
28,33,0.04850291088223457
28,34,0.04960533231496811
28,35,0.046902094036340714
28,36,0.05081615969538689
28,37,0.05306241288781166
28,38,0.05917547643184662
28,39,0.04995233193039894
28,40,0.04934848099946976
28,41,0.05745455622673035
28,42,0.04692026972770691
28,43,0.05377128720283508
28,44,0.04903434216976166
28,45,0.06528978049755096
28,46,0.047446172684431076
28,47,0.05550390109419823
28,48,0.04874669760465622
28,49,0.05784318596124649
28,50,0.0411040335893631
28,51,0.048540763556957245
28,52,0.053889259696006775
28,53,0.05826599895954132
28,54,0.04890837520360947
28,55,0.044356487691402435
28,56,0.06444503366947174
28,57,0.05386048182845116
28,58,0.048751816153526306
28,59,0.05415910482406616
28,60,0.06421177834272385
28,61,0.043522030115127563
28,62,0.059913039207458496
28,63,0.061912380158901215
28,64,0.06798341870307922
28,65,0.04395380616188049
28,66,0.060637082904577255
28,67,0.06157224252820015
28,68,0.05030907690525055
28,69,0.0564669668674469
28,70,0.05280039831995964
28,71,0.05110406130552292
28,72,0.04932623356580734
28,73,0.04346513748168945
28,74,0.05034998059272766
28,75,0.05526753515005112
28,76,0.055971287190914154
29,1,0.05346456542611122
29,2,0.057762593030929565
29,3,0.05696704983711243
29,4,0.0532819889485836
29,5,0.044849932193756104
29,6,0.05201304703950882
29,7,0.05293987691402435
29,8,0.05261783301830292
29,9,0.050819993019104004
29,10,0.05038472265005112
29,11,0.05621495842933655
29,12,0.0464196652173996
29,13,0.06077674403786659
29,14,0.04523654654622078
29,15,0.05354471877217293
29,16,0.05003141611814499
29,17,0.05476657301187515
29,18,0.04551778361201286
29,19,0.04879825562238693
29,20,0.04976583272218704
29,21,0.05402679368853569
29,22,0.05435177683830261
29,23,0.05190713703632355
29,24,0.05674364045262337
29,25,0.05105389654636383
29,26,0.05545741319656372
29,27,0.05671392008662224
29,28,0.047128595411777496
29,29,0.04738965630531311
29,30,0.049145858734846115
29,31,0.04903648793697357
29,32,0.05117176100611687
29,33,0.04402976483106613
29,34,0.058594994246959686
29,35,0.06487514823675156
29,36,0.06821171194314957
29,37,0.053879547864198685
29,38,0.05409396067261696
29,39,0.050432734191417694
29,40,0.0546063557267189
29,41,0.05066361278295517
29,42,0.06308814138174057
29,43,0.04767605662345886
29,44,0.07115235924720764
29,45,0.04751759022474289
29,46,0.05205634981393814
29,47,0.05813543498516083
29,48,0.04897838085889816
29,49,0.058744415640830994
29,50,0.05636823922395706
29,51,0.053647831082344055
29,52,0.04711422324180603
29,53,0.04667608439922333
29,54,0.054422177374362946
29,55,0.05092057213187218
29,56,0.054600514471530914
29,57,0.05185874551534653
29,58,0.04854702576994896
29,59,0.05055409297347069
29,60,0.06609933823347092
29,61,0.05010561645030975
29,62,0.04889542609453201
29,63,0.04747134447097778
29,64,0.05637293681502342
29,65,0.05234813690185547
29,66,0.05213616043329239
29,67,0.05331883952021599
29,68,0.06090427190065384
29,69,0.05881635844707489
29,70,0.05389826372265816
29,71,0.04626096785068512
29,72,0.05116943269968033
29,73,0.060606349259614944
29,74,0.04907973110675812
29,75,0.042727112770080566
29,76,0.05808989703655243
30,1,0.04330456629395485
30,2,0.0478140264749527
30,3,0.04453209787607193
30,4,0.05285428464412689
30,5,0.05755416303873062
30,6,0.05083815008401871
30,7,0.050653405487537384
30,8,0.04695983603596687
30,9,0.048230916261672974
30,10,0.05584177002310753
30,11,0.043246977031230927
30,12,0.0627436712384224
30,13,0.049948982894420624
30,14,0.04447055608034134
30,15,0.05123303085565567
30,16,0.05000399798154831
30,17,0.05422234535217285
30,18,0.04838172346353531
30,19,0.06541216373443604
30,20,0.05528482794761658
30,21,0.05189928412437439
30,22,0.056480683386325836
30,23,0.05501288175582886
30,24,0.04487490653991699
30,25,0.05035339295864105
30,26,0.04517707973718643
30,27,0.05791560560464859
30,28,0.04390394687652588
30,29,0.05015718191862106
30,30,0.04719437286257744
30,31,0.0669238418340683
30,32,0.04762542247772217
30,33,0.05968267098069191
30,34,0.05163167789578438
30,35,0.05423421040177345
30,36,0.052568092942237854
30,37,0.047694794833660126
30,38,0.0531080961227417
30,39,0.05208703130483627
30,40,0.04768497496843338
30,41,0.053138718008995056
30,42,0.05168765410780907
30,43,0.04743867367506027
30,44,0.059105321764945984
30,45,0.05805909261107445
30,46,0.05117223411798477
30,47,0.04532906040549278
30,48,0.05182189494371414
30,49,0.05059985816478729
30,50,0.05335810035467148
30,51,0.051863379776477814
30,52,0.056566908955574036
30,53,0.05273562669754028
30,54,0.0486673079431057
30,55,0.07253827154636383
30,56,0.060776472091674805
30,57,0.05509909614920616
30,58,0.05868668109178543
30,59,0.05422382056713104
30,60,0.04927365109324455
30,61,0.0579594150185585
30,62,0.05042319372296333
30,63,0.05401003733277321
30,64,0.05092629790306091
30,65,0.0470583476126194
30,66,0.044428568333387375
30,67,0.056565891951322556
30,68,0.054461777210235596
30,69,0.05381783843040466
30,70,0.05050216242671013
30,71,0.05352300778031349
30,72,0.046675775200128555
30,73,0.04902824014425278
30,74,0.05255189165472984
30,75,0.044142551720142365
30,76,0.050204940140247345
31,1,0.049548592418432236
31,2,0.04972101002931595
31,3,0.053605616092681885
31,4,0.04421105980873108
31,5,0.05925358831882477
31,6,0.05035296827554703
31,7,0.05089052766561508
31,8,0.04955598711967468
31,9,0.05207774043083191
31,10,0.04865323007106781
31,11,0.06919969618320465
31,12,0.05103124678134918
31,13,0.05953628569841385
31,14,0.04304356873035431
31,15,0.05077824741601944
31,16,0.047737471759319305
31,17,0.039676420390605927
31,18,0.0617944598197937
31,19,0.053409673273563385
31,20,0.04374948889017105
31,21,0.05414063483476639
31,22,0.049951016902923584
31,23,0.05315471068024635
31,24,0.05393948405981064
31,25,0.055855292826890945
31,26,0.048634614795446396
31,27,0.050460271537303925
31,28,0.05548437684774399
31,29,0.05048082768917084
31,30,0.05447131395339966
31,31,0.06327886879444122
31,32,0.04847235232591629
31,33,0.05178724601864815
31,34,0.05035119503736496
31,35,0.0615324005484581
31,36,0.06324836611747742
31,37,0.044170428067445755
31,38,0.062655970454216
31,39,0.04746454581618309
31,40,0.04421740025281906
31,41,0.052413202822208405
31,42,0.05014396086335182
31,43,0.0479428693652153
31,44,0.04803088307380676
31,45,0.04523112252354622
31,46,0.05041889846324921
31,47,0.04406673461198807
31,48,0.04311313480138779
31,49,0.04989911615848541
31,50,0.04217555373907089
31,51,0.04373136907815933
31,52,0.04914020001888275
31,53,0.053368501365184784
31,54,0.055038485676050186
31,55,0.059892438352108
31,56,0.042790427803993225
31,57,0.04961264878511429
31,58,0.06090856343507767
31,59,0.05266162380576134
31,60,0.06856544315814972
31,61,0.05735678970813751
31,62,0.041768573224544525
31,63,0.05199851095676422
31,64,0.05057385563850403
31,65,0.05350189656019211
31,66,0.06141902878880501
31,67,0.047112300992012024
31,68,0.054397448897361755
31,69,0.045062653720378876
31,70,0.055680401623249054
31,71,0.055101457983255386
31,72,0.05303160846233368
31,73,0.05068368837237358
31,74,0.05283435434103012
31,75,0.04576624557375908
31,76,0.06174815446138382
32,1,0.05743753910064697
32,2,0.044063225388526917
32,3,0.05623309686779976
32,4,0.048759520053863525
32,5,0.06061192601919174
32,6,0.046154096722602844
32,7,0.05654483288526535
32,8,0.043674591928720474
32,9,0.05681826174259186
32,10,0.04608488827943802
32,11,0.04490786790847778
32,12,0.049234554171562195
32,13,0.04550660029053688
32,14,0.046766385436058044
32,15,0.04742661863565445
32,16,0.05092654377222061
32,17,0.05151145160198212
32,18,0.06246695667505264
32,19,0.052580300718545914
32,20,0.046173520386219025
32,21,0.04678523540496826
32,22,0.056245408952236176
32,23,0.05704805999994278
32,24,0.04853788763284683
32,25,0.06141568347811699
32,26,0.05711035430431366
32,27,0.04377833381295204
32,28,0.050126902759075165
32,29,0.054228536784648895
32,30,0.05330674350261688
32,31,0.04709415137767792
32,32,0.04882858693599701
32,33,0.053496308624744415
32,34,0.04853736609220505
32,35,0.043590910732746124
32,36,0.04709693416953087
32,37,0.051862020045518875
32,38,0.04580659419298172
32,39,0.042956478893756866
32,40,0.061996474862098694
32,41,0.05133754014968872
32,42,0.0421147346496582
32,43,0.046145934611558914
32,44,0.06926825642585754
32,45,0.05073591321706772
32,46,0.04854128882288933
32,47,0.04716382548213005
32,48,0.0551995113492012
32,49,0.05245624855160713
32,50,0.04829910025000572
32,51,0.04959671571850777
32,52,0.07732126861810684
32,53,0.04949004948139191
32,54,0.05628311261534691
32,55,0.054980598390102386
32,56,0.046947989612817764
32,57,0.05430615693330765
32,58,0.0555415078997612
32,59,0.053270984441041946
32,60,0.047481462359428406
32,61,0.04978606104850769
32,62,0.04783960431814194
32,63,0.05076271668076515
32,64,0.056232087314128876
32,65,0.04393763840198517
32,66,0.049626126885414124
32,67,0.045259471982717514
32,68,0.05833443999290466
32,69,0.04601454734802246
32,70,0.049809038639068604
32,71,0.041612353175878525
32,72,0.051188357174396515
32,73,0.04985950142145157
32,74,0.05060452222824097
32,75,0.05901706591248512
32,76,0.05393601953983307
33,1,0.04792523384094238
33,2,0.055529892444610596
33,3,0.043855179101228714
33,4,0.046339090913534164
33,5,0.04569592326879501
33,6,0.049177784472703934
33,7,0.054376330226659775
33,8,0.05021655559539795
33,9,0.043812885880470276
33,10,0.04756517708301544
33,11,0.05281500890851021
33,12,0.046078525483608246
33,13,0.042462289333343506
33,14,0.05163723602890968
33,15,0.045819222927093506
33,16,0.06268541514873505
33,17,0.05094229429960251
33,18,0.04606347531080246
33,19,0.051809296011924744
33,20,0.04708230495452881
33,21,0.04995248466730118
33,22,0.04280039295554161
33,23,0.042514972388744354
33,24,0.04692785441875458
33,25,0.051480695605278015
33,26,0.04481158405542374
33,27,0.04836372658610344
33,28,0.04634130001068115
33,29,0.04623275250196457
33,30,0.05167866498231888
33,31,0.049425654113292694
33,32,0.0456717386841774
33,33,0.04312902316451073
33,34,0.051626019179821014
33,35,0.05947733297944069
33,36,0.04678105562925339
33,37,0.05878935381770134
33,38,0.04384085536003113
33,39,0.04786849766969681
33,40,0.050147637724876404
33,41,0.054214879870414734
33,42,0.049970224499702454
33,43,0.050874702632427216
33,44,0.04761156439781189
33,45,0.054632168263196945
33,46,0.04581834748387337
33,47,0.04735156148672104
33,48,0.043181661516427994
33,49,0.04709815979003906
33,50,0.043612170964479446
33,51,0.045740075409412384
33,52,0.047817591577768326
33,53,0.0529516227543354
33,54,0.057760562747716904
33,55,0.046047329902648926
33,56,0.05551131069660187
33,57,0.04092762991786003
33,58,0.05041254684329033
33,59,0.04880467802286148
33,60,0.06193067878484726
33,61,0.051019079983234406
33,62,0.049547575414180756
33,63,0.05199570208787918
33,64,0.05138082057237625
33,65,0.045672740787267685
33,66,0.0485384576022625
33,67,0.056317612528800964
33,68,0.04842294007539749
33,69,0.05062996596097946
33,70,0.0474628284573555
33,71,0.05380408465862274
33,72,0.05940646305680275
33,73,0.05522626265883446
33,74,0.0512295737862587
33,75,0.05499006435275078
33,76,0.05760318413376808
34,1,0.0439523309469223
34,2,0.043761465698480606
34,3,0.04353410750627518
34,4,0.04387414827942848
34,5,0.06459712982177734
34,6,0.04637566953897476
34,7,0.05170877277851105
34,8,0.04785202443599701
34,9,0.05010981485247612
34,10,0.047693125903606415
34,11,0.054229047149419785
34,12,0.055819906294345856
34,13,0.043396685272455215
34,14,0.06929183006286621
34,15,0.050796590745449066
34,16,0.04711054638028145
34,17,0.04550306499004364
34,18,0.04851546883583069
34,19,0.04226359352469444
34,20,0.054042425006628036
34,21,0.05422008037567139
34,22,0.05285538733005524
34,23,0.04535927623510361
34,24,0.05004802718758583
34,25,0.049786634743213654
34,26,0.05134430155158043
34,27,0.04587310552597046
34,28,0.04618706554174423
34,29,0.04211607202887535
34,30,0.049034446477890015
34,31,0.04829782247543335
34,32,0.05469004809856415
34,33,0.04302758723497391
34,34,0.04986213147640228
34,35,0.044145748019218445
34,36,0.05381796881556511
34,37,0.05017687380313873
34,38,0.051984433084726334
34,39,0.044059962034225464
34,40,0.050887223333120346
34,41,0.04765421897172928
34,42,0.05890394747257233
34,43,0.0467580184340477
34,44,0.05677233636379242
34,45,0.048933807760477066
34,46,0.04708707705140114
34,47,0.04554078355431557
34,48,0.05128706246614456
34,49,0.0584852509200573
34,50,0.04684382677078247
34,51,0.05386883020401001
34,52,0.04894796758890152
34,53,0.051209524273872375
34,54,0.05273113399744034
34,55,0.048460595309734344
34,56,0.04640974849462509
34,57,0.05681464821100235
34,58,0.04763772338628769
34,59,0.050454117357730865
34,60,0.04528019577264786
34,61,0.04897988215088844
34,62,0.044422343373298645
34,63,0.053010452538728714
34,64,0.050435297191143036
34,65,0.053121618926525116
34,66,0.055142372846603394
34,67,0.0456697940826416
34,68,0.04446735233068466
34,69,0.05282920226454735
34,70,0.05144399404525757
34,71,0.04391881823539734
34,72,0.05294659733772278
34,73,0.044041670858860016
34,74,0.047346826642751694
34,75,0.04422839358448982
34,76,0.04206566512584686
35,1,0.04182214289903641
35,2,0.04782649502158165
35,3,0.05054333433508873
35,4,0.051916878670454025
35,5,0.05206766352057457
35,6,0.04525560140609741
35,7,0.04746849089860916
35,8,0.044088125228881836
35,9,0.050290562212467194
35,10,0.043853696435689926
35,11,0.05663943290710449
35,12,0.050550542771816254
35,13,0.0445382222533226
35,14,0.05558457225561142
35,15,0.05149238929152489
35,16,0.05458853021264076
35,17,0.05624918267130852
35,18,0.06246400997042656
35,19,0.05011185631155968
35,20,0.054561980068683624
35,21,0.050424568355083466
35,22,0.06217682361602783
35,23,0.05521310493350029
35,24,0.05859103426337242
35,25,0.04506160691380501
35,26,0.05392375588417053
35,27,0.04504021257162094
35,28,0.07068433612585068
35,29,0.06615705043077469
35,30,0.05176665261387825
35,31,0.06236746162176132
35,32,0.05135686695575714
35,33,0.051472410559654236
35,34,0.047412075102329254
35,35,0.05190291255712509
35,36,0.055934738367795944
35,37,0.052815940231084824
35,38,0.04955654218792915
35,39,0.04084230586886406
35,40,0.04185473918914795
35,41,0.05057065188884735
35,42,0.043903645128011703
35,43,0.052047595381736755
35,44,0.0413057841360569
35,45,0.043965376913547516
35,46,0.04532989114522934
35,47,0.051562488079071045
35,48,0.044376060366630554
35,49,0.04393289238214493
35,50,0.04601955786347389
35,51,0.05014509707689285
35,52,0.04648233950138092
35,53,0.04937700182199478
35,54,0.06795582920312881
35,55,0.04309036582708359
35,56,0.04364211857318878
35,57,0.043317075818777084
35,58,0.043637193739414215
35,59,0.045114416629076004
35,60,0.05366058647632599
35,61,0.045639827847480774
35,62,0.06041959673166275
35,63,0.05250519514083862
35,64,0.042444415390491486
35,65,0.05304259434342384
35,66,0.049562718719244
35,67,0.048480384051799774
35,68,0.05373615771532059
35,69,0.050214797258377075
35,70,0.04889003932476044
35,71,0.05821719765663147
35,72,0.04955040663480759
35,73,0.06393133103847504
35,74,0.05383769050240517
35,75,0.045670151710510254
35,76,0.04587066173553467
36,1,0.04366432875394821
36,2,0.049719590693712234
36,3,0.04427710175514221
36,4,0.04329926520586014
36,5,0.0505281537771225
36,6,0.04390976205468178
36,7,0.04688490927219391
36,8,0.042723797261714935
36,9,0.048427700996398926
36,10,0.057947106659412384
36,11,0.05183035135269165
36,12,0.047159209847450256
36,13,0.05046166852116585
36,14,0.050535209476947784
36,15,0.04792817682027817
36,16,0.04042515531182289
36,17,0.04118814691901207
36,18,0.05103170499205589
36,19,0.04950310289859772
36,20,0.0559830442070961
36,21,0.05145004391670227
36,22,0.05470123514533043
36,23,0.042652931064367294
36,24,0.05945602059364319
36,25,0.047182708978652954
36,26,0.05203615128993988
36,27,0.054580677300691605
36,28,0.05102019011974335
36,29,0.05561346560716629
36,30,0.04780495911836624
36,31,0.03530792146921158
36,32,0.04906080663204193
36,33,0.05509643629193306
36,34,0.05094723403453827
36,35,0.052271947264671326
36,36,0.04901205003261566
36,37,0.05426795408129692
36,38,0.053834717720746994
36,39,0.049520477652549744
36,40,0.040840379893779755
36,41,0.049136947840452194
36,42,0.05233580246567726
36,43,0.04483586549758911
36,44,0.04632426053285599
36,45,0.0495157465338707
36,46,0.04640066996216774
36,47,0.047639716416597366
36,48,0.038794778287410736
36,49,0.05192240700125694
36,50,0.04273747652769089
36,51,0.050238482654094696
36,52,0.041828688234090805
36,53,0.04595968872308731
36,54,0.04822549223899841
36,55,0.047453925013542175
36,56,0.050229303538799286
36,57,0.04205197095870972
36,58,0.052127398550510406
36,59,0.0522158145904541
36,60,0.053694479167461395
36,61,0.052290551364421844
36,62,0.05560459941625595
36,63,0.04814702644944191
36,64,0.05137266963720322
36,65,0.04809816926717758
36,66,0.045358799397945404
36,67,0.05349988862872124
36,68,0.04700823873281479
36,69,0.05084308236837387
36,70,0.05358871445059776
36,71,0.04180047661066055
36,72,0.047809530049562454
36,73,0.05041097104549408
36,74,0.04589557275176048
36,75,0.0635036826133728
36,76,0.04581008851528168
37,1,0.04271000623703003
37,2,0.054913654923439026
37,3,0.05126617103815079
37,4,0.04779801145195961
37,5,0.04520039260387421
37,6,0.04883294552564621
37,7,0.05103234201669693
37,8,0.04820970445871353
37,9,0.04427873715758324
37,10,0.04926932603120804
37,11,0.05392187088727951
37,12,0.046349234879016876
37,13,0.047941870987415314
37,14,0.04027896001935005
37,15,0.04583160579204559
37,16,0.051853619515895844
37,17,0.04527413100004196
37,18,0.045363813638687134
37,19,0.0527862012386322
37,20,0.057002145797014236
37,21,0.053833022713661194
37,22,0.04178384691476822
37,23,0.04905322194099426
37,24,0.040592700242996216
37,25,0.042953893542289734
37,26,0.04241347312927246
37,27,0.04646313190460205
37,28,0.04516708850860596
37,29,0.03582415729761124
37,30,0.0537821389734745
37,31,0.0444633923470974
37,32,0.04884910583496094
37,33,0.04602741822600365
37,34,0.05332076549530029
37,35,0.05035256966948509
37,36,0.05404287576675415
37,37,0.044279854744672775
37,38,0.05405857786536217
37,39,0.05769567936658859
37,40,0.05608765035867691
37,41,0.048756346106529236
37,42,0.04605014622211456
37,43,0.049810413271188736
37,44,0.04848606139421463
37,45,0.059627190232276917
37,46,0.04168197140097618
37,47,0.048124298453330994
37,48,0.045761071145534515
37,49,0.05503470450639725
37,50,0.053435198962688446
37,51,0.049647584557533264
37,52,0.04755815863609314
37,53,0.052313581109046936
37,54,0.04493773356080055
37,55,0.04470193013548851
37,56,0.049843695014715195
37,57,0.052972398698329926
37,58,0.05159418284893036
37,59,0.04434031993150711
37,60,0.04312503710389137
37,61,0.05076238512992859
37,62,0.05044610798358917
37,63,0.04516078531742096
37,64,0.046263307332992554
37,65,0.0440780445933342
37,66,0.044753868132829666
37,67,0.0487479567527771
37,68,0.04706120118498802
37,69,0.049432143568992615
37,70,0.05114812031388283
37,71,0.03960169479250908
37,72,0.04545307904481888
37,73,0.049511462450027466
37,74,0.0414406955242157
37,75,0.06534332036972046
37,76,0.043445102870464325
38,1,0.045053184032440186
38,2,0.044348038733005524
38,3,0.045612119138240814
38,4,0.05166041851043701
38,5,0.04328525811433792
38,6,0.06096963584423065
38,7,0.05065949261188507
38,8,0.036087214946746826
38,9,0.0408027321100235
38,10,0.053946562111377716
38,11,0.053000591695308685
38,12,0.05105896294116974
38,13,0.04518371820449829
38,14,0.04082883521914482
38,15,0.04982218146324158
38,16,0.04350776597857475
38,17,0.04645278677344322
38,18,0.053263187408447266
38,19,0.04260401427745819
38,20,0.050391312688589096
38,21,0.04541730135679245
38,22,0.0503443107008934
38,23,0.05308994650840759
38,24,0.05401446297764778
38,25,0.04541647434234619
38,26,0.04163453355431557
38,27,0.054948825389146805
38,28,0.04507708549499512
38,29,0.05554208904504776
38,30,0.046920113265514374
38,31,0.04922538995742798
38,32,0.04328348487615585
38,33,0.044066421687603
38,34,0.052011243999004364
38,35,0.05623656138777733
38,36,0.05027530714869499
38,37,0.04909881576895714
38,38,0.04744238033890724
38,39,0.050709374248981476
38,40,0.05242157727479935
38,41,0.0533844456076622
38,42,0.04572686553001404
38,43,0.05268045514822006
38,44,0.043117277324199677
38,45,0.044948115944862366
38,46,0.053800515830516815
38,47,0.046853676438331604
38,48,0.04895465821027756
38,49,0.06256317347288132
38,50,0.05586940050125122
38,51,0.04484198987483978
38,52,0.04456391558051109
38,53,0.04896339774131775
38,54,0.0429617315530777
38,55,0.04432756081223488
38,56,0.045588791370391846
38,57,0.05583089590072632
38,58,0.04106319695711136
38,59,0.0447545126080513
38,60,0.05025380849838257
38,61,0.053435321897268295
38,62,0.04810405522584915
38,63,0.04944460839033127
38,64,0.0535677894949913
38,65,0.0485624223947525
38,66,0.07105480134487152
38,67,0.04755590856075287
38,68,0.05041731894016266
38,69,0.04181388020515442
38,70,0.06026570871472359
38,71,0.057132989168167114
38,72,0.05811407044529915
38,73,0.04284902662038803
38,74,0.04300763085484505
38,75,0.05798806995153427
38,76,0.04899386316537857
39,1,0.041799601167440414
39,2,0.05518234521150589
39,3,0.04808266460895538
39,4,0.04541487246751785
39,5,0.046220794320106506
39,6,0.041881442070007324
39,7,0.0572664737701416
39,8,0.04520701989531517
39,9,0.052581269294023514
39,10,0.0590539313852787
39,11,0.04534343257546425
39,12,0.046855077147483826
39,13,0.053660567849874496
39,14,0.039705514907836914
39,15,0.0422433465719223
39,16,0.04065606743097305
39,17,0.050743453204631805
39,18,0.043844617903232574
39,19,0.04280112683773041
39,20,0.05273404344916344
39,21,0.043728843331336975
39,22,0.04320497810840607
39,23,0.04087315872311592
39,24,0.04105480760335922
39,25,0.0470527708530426
39,26,0.049693696200847626
39,27,0.05243716761469841
39,28,0.051568254828453064
39,29,0.057789046317338943
39,30,0.04106619209051132
39,31,0.04859656095504761
39,32,0.05380439758300781
39,33,0.042640991508960724
39,34,0.0515279546380043
39,35,0.04881688207387924
39,36,0.05901829153299332
39,37,0.05172938108444214
39,38,0.04862399399280548
39,39,0.05566488578915596
39,40,0.05039222538471222
39,41,0.04715926945209503
39,42,0.053613364696502686
39,43,0.0415164940059185
39,44,0.059557441622018814
39,45,0.04773595556616783
39,46,0.04643852263689041
39,47,0.05368620902299881
39,48,0.049569834023714066
39,49,0.04468637704849243
39,50,0.04934355244040489
39,51,0.052449896931648254
39,52,0.042448949068784714
39,53,0.043315235525369644
39,54,0.04609670117497444
39,55,0.04126015678048134
39,56,0.03870459645986557
39,57,0.0514463409781456
39,58,0.05078434199094772
39,59,0.04705549031496048
39,60,0.04966457188129425
39,61,0.05771788954734802
39,62,0.04357767850160599
39,63,0.042016416788101196
39,64,0.042028144001960754
39,65,0.05358792841434479
39,66,0.04248631373047829
39,67,0.05866442620754242
39,68,0.0431048721075058
39,69,0.04703117161989212
39,70,0.04271084442734718
39,71,0.04967436194419861
39,72,0.05184142291545868
39,73,0.043947022408246994
39,74,0.043453775346279144
39,75,0.05324215441942215
39,76,0.0497983917593956
40,1,0.04080624878406525
40,2,0.03952117636799812
40,3,0.05218430608510971
40,4,0.0406043604016304
40,5,0.04151356220245361
40,6,0.05390814691781998
40,7,0.05444073677062988
40,8,0.04547226428985596
40,9,0.046751074492931366
40,10,0.04264786094427109
40,11,0.05232047662138939
40,12,0.046326082199811935
40,13,0.05090031027793884
40,14,0.04446179047226906
40,15,0.045221634209156036
40,16,0.04385268688201904
40,17,0.04423234611749649
40,18,0.03901061415672302
40,19,0.05388665199279785
40,20,0.05242151767015457
40,21,0.0505712628364563
40,22,0.05285762995481491
40,23,0.03872070088982582
40,24,0.044478707015514374
40,25,0.052877094596624374
40,26,0.047522202134132385
40,27,0.04072446748614311
40,28,0.04275497794151306
40,29,0.044050462543964386
40,30,0.05594455450773239
40,31,0.06059637293219566
40,32,0.04261889308691025
40,33,0.04310724139213562
40,34,0.049195222556591034
40,35,0.0519479475915432
40,36,0.050187863409519196
40,37,0.0418778657913208
40,38,0.048072077333927155
40,39,0.04214740917086601
40,40,0.045828815549612045
40,41,0.048490628600120544
40,42,0.04451487213373184
40,43,0.038154684007167816
40,44,0.04630683362483978
40,45,0.053057607263326645
40,46,0.040104225277900696
40,47,0.04454103112220764
40,48,0.04915521666407585
40,49,0.044971100986003876
40,50,0.04514606297016144
40,51,0.05493706092238426
40,52,0.04406571760773659
40,53,0.047368571162223816
40,54,0.04823186621069908
40,55,0.046684522181749344
40,56,0.0518859401345253
40,57,0.04275637865066528
40,58,0.05066561698913574
40,59,0.04304159805178642
40,60,0.04427264258265495
40,61,0.04340048506855965
40,62,0.042081594467163086
40,63,0.05483153089880943
40,64,0.05389460548758507
40,65,0.04732845351099968
40,66,0.044380441308021545
40,67,0.04551095515489578
40,68,0.048696912825107574
40,69,0.04290282726287842
40,70,0.046126775443553925
40,71,0.047947220504283905
40,72,0.04553807154297829
40,73,0.04338297247886658
40,74,0.04781932011246681
40,75,0.04278874024748802
40,76,0.06912876665592194
41,1,0.04296194761991501
41,2,0.04394802451133728
41,3,0.04269182309508324
41,4,0.050806235522031784
41,5,0.04079730808734894
41,6,0.04581460356712341
41,7,0.05125728249549866
41,8,0.04376649856567383
41,9,0.039983540773391724
41,10,0.04603750258684158
41,11,0.044925857335329056
41,12,0.058847807347774506
41,13,0.037686482071876526
41,14,0.05006570369005203
41,15,0.043255239725112915
41,16,0.04694981500506401
41,17,0.056193575263023376
41,18,0.05019159987568855
41,19,0.04658086225390434
41,20,0.043598346412181854
41,21,0.043735601007938385
41,22,0.04241278022527695
41,23,0.04195496067404747
41,24,0.04334073141217232
41,25,0.05585242062807083
41,26,0.045050665736198425
41,27,0.04791008681058884
41,28,0.05653844773769379
41,29,0.04708852618932724
41,30,0.043637555092573166
41,31,0.045862726867198944
41,32,0.04795460402965546
41,33,0.038581524044275284
41,34,0.04218747466802597
41,35,0.049913302063941956
41,36,0.04286957532167435
41,37,0.04901410639286041
41,38,0.04969783127307892
41,39,0.05088568478822708
41,40,0.06651115417480469
41,41,0.05668753385543823
41,42,0.04911219701170921
41,43,0.049128927290439606
41,44,0.05754487216472626
41,45,0.049404315650463104
41,46,0.04843808338046074
41,47,0.045429013669490814
41,48,0.051134757697582245
41,49,0.0508611798286438
41,50,0.048149291425943375
41,51,0.056721776723861694
41,52,0.04648435860872269
41,53,0.04499879479408264
41,54,0.04661943018436432
41,55,0.049330729991197586
41,56,0.04845800995826721
41,57,0.04528088867664337
41,58,0.05406543239951134
41,59,0.05091231316328049
41,60,0.061251282691955566
41,61,0.050394684076309204
41,62,0.049841396510601044
41,63,0.05664317309856415
41,64,0.06611055880784988
41,65,0.04482351616024971
41,66,0.04865908622741699
41,67,0.04341593012213707
41,68,0.053154949098825455
41,69,0.04415285587310791
41,70,0.04492757096886635
41,71,0.05458659306168556
41,72,0.04046273231506348
41,73,0.05431048199534416
41,74,0.05405730754137039
41,75,0.043000031262636185
41,76,0.042352788150310516
42,1,0.04831010848283768
42,2,0.045417118817567825
42,3,0.044992074370384216
42,4,0.051399581134319305
42,5,0.044780053198337555
42,6,0.04252173751592636
42,7,0.045200150460004807
42,8,0.04461238533258438
42,9,0.0401475727558136
42,10,0.046651504933834076
42,11,0.05574587732553482
42,12,0.06498169153928757
42,13,0.04499495029449463
42,14,0.05181821808218956
42,15,0.05205807089805603
42,16,0.04962819069623947
42,17,0.046938829123973846
42,18,0.05155359208583832
42,19,0.05316860228776932
42,20,0.04618478938937187
42,21,0.05150384455919266
42,22,0.046836160123348236
42,23,0.050418321043252945
42,24,0.059915781021118164
42,25,0.04123757779598236
42,26,0.05604485422372818
42,27,0.03985141962766647
42,28,0.042871616780757904
42,29,0.06103228032588959
42,30,0.054723549634218216
42,31,0.04539424180984497
42,32,0.04225487262010574
42,33,0.03972415626049042
42,34,0.049769021570682526
42,35,0.04882188141345978
42,36,0.0491279736161232
42,37,0.050772204995155334
42,38,0.04178068786859512
42,39,0.05184817314147949
42,40,0.041881874203681946
42,41,0.038568124175071716
42,42,0.049238309264183044
42,43,0.04760798066854477
42,44,0.03732854127883911
42,45,0.04523037374019623
42,46,0.04486675187945366
42,47,0.04233409836888313
42,48,0.04916674271225929
42,49,0.044896334409713745
42,50,0.05440380051732063
42,51,0.04341045022010803
42,52,0.05380307883024216
42,53,0.04830567538738251
42,54,0.05210991948843002
42,55,0.042142581194639206
42,56,0.06787283718585968
42,57,0.04357645660638809
42,58,0.04204251617193222
42,59,0.045595213770866394
42,60,0.04726701229810715
42,61,0.04967690259218216
42,62,0.04377463832497597
42,63,0.05284272879362106
42,64,0.04331543296575546
42,65,0.050075747072696686
42,66,0.04687679931521416
42,67,0.04447903111577034
42,68,0.049589961767196655
42,69,0.042860738933086395
42,70,0.045454226434230804
42,71,0.04646914452314377
42,72,0.04509297013282776
42,73,0.04305350407958031
42,74,0.0507197231054306
42,75,0.04183538258075714
42,76,0.044173695147037506
43,1,0.043098315596580505
43,2,0.04083368182182312
43,3,0.04537209868431091
43,4,0.052109722048044205
43,5,0.049665022641420364
43,6,0.04637756943702698
43,7,0.05286233872175217
43,8,0.045075636357069016
43,9,0.049396418035030365
43,10,0.04673677682876587
43,11,0.0436851903796196
43,12,0.050070587545633316
43,13,0.05688145011663437
43,14,0.04358283802866936
43,15,0.04921282082796097
43,16,0.04785953462123871
43,17,0.04589129239320755
43,18,0.034864865243434906
43,19,0.050897084176540375
43,20,0.0445365384221077
43,21,0.050908707082271576
43,22,0.045439451932907104
43,23,0.047097884118556976
43,24,0.062071193009614944
43,25,0.050185348838567734
43,26,0.050500378012657166
43,27,0.05202999711036682
43,28,0.05434064567089081
43,29,0.048165518790483475
43,30,0.05212443694472313
43,31,0.04916127026081085
43,32,0.0474441833794117
43,33,0.052641771733760834
43,34,0.048352740705013275
43,35,0.03996742516756058
43,36,0.04682086408138275
43,37,0.04787568002939224
43,38,0.04530581831932068
43,39,0.04741102457046509
43,40,0.053703226149082184
43,41,0.051732730120420456
43,42,0.041672706604003906
43,43,0.04650501534342766
43,44,0.03862467035651207
43,45,0.04756256565451622
43,46,0.03732573240995407
43,47,0.049139223992824554
43,48,0.051449865102767944
43,49,0.04153084754943848
43,50,0.04332064837217331
43,51,0.05973919481039047
43,52,0.0449674054980278
43,53,0.040182746946811676
43,54,0.046155884861946106
43,55,0.04669993370771408
43,56,0.041686996817588806
43,57,0.04449304938316345
43,58,0.04632874205708504
43,59,0.0369298979640007
43,60,0.04880165681242943
43,61,0.04520564526319504
43,62,0.05720701068639755
43,63,0.04650864750146866
43,64,0.04501231387257576
43,65,0.04161066561937332
43,66,0.054046131670475006
43,67,0.05683404579758644
43,68,0.04581966996192932
43,69,0.0420556478202343
43,70,0.04423689842224121
43,71,0.04748767986893654
43,72,0.04163573682308197
43,73,0.04317760467529297
43,74,0.06121674180030823
43,75,0.046994082629680634
43,76,0.044117316603660583
44,1,0.05551716685295105
44,2,0.04743809998035431
44,3,0.04425278306007385
44,4,0.05554220825433731
44,5,0.048085764050483704
44,6,0.059365808963775635
44,7,0.05163026228547096
44,8,0.04802342504262924
44,9,0.0636659637093544
44,10,0.04677210748195648
44,11,0.04352694749832153
44,12,0.043353695422410965
44,13,0.05985318124294281
44,14,0.047005102038383484
44,15,0.0471939891576767
44,16,0.0455201230943203
44,17,0.04677378013730049
44,18,0.049208398908376694
44,19,0.04573129117488861
44,20,0.04172666370868683
44,21,0.04048117622733116
44,22,0.043033283203840256
44,23,0.04522977024316788
44,24,0.06324512511491776
44,25,0.04522307589650154
44,26,0.05654143914580345
44,27,0.0427878201007843
44,28,0.042803749442100525
44,29,0.041474372148513794
44,30,0.04177462309598923
44,31,0.03942451998591423
44,32,0.05118516832590103
44,33,0.048388559371232986
44,34,0.05412936583161354
44,35,0.05103622004389763
44,36,0.048655085265636444
44,37,0.04528410732746124
44,38,0.04243154078722
44,39,0.04421606287360191
44,40,0.04368552193045616
44,41,0.04481911659240723
44,42,0.04870545119047165
44,43,0.042066555470228195
44,44,0.050480473786592484
44,45,0.05809396505355835
44,46,0.04831290617585182
44,47,0.051471561193466187
44,48,0.04691174626350403
44,49,0.05709055811166763
44,50,0.05074840784072876
44,51,0.056994035840034485
44,52,0.04738320782780647
44,53,0.04515399783849716
44,54,0.05229473114013672
44,55,0.04612528532743454
44,56,0.045219786465168
44,57,0.040601696819067
44,58,0.0380399189889431
44,59,0.039548609405756
44,60,0.048381101340055466
44,61,0.03809504210948944
44,62,0.03967864811420441
44,63,0.0456075444817543
44,64,0.041910141706466675
44,65,0.040291182696819305
44,66,0.04296939820051193
44,67,0.051412343978881836
44,68,0.0460352897644043
44,69,0.05574354529380798
44,70,0.048187434673309326
44,71,0.04003506153821945
44,72,0.05431589484214783
44,73,0.046510204672813416
44,74,0.03457443416118622
44,75,0.05229439213871956
44,76,0.04550797492265701
45,1,0.05077243968844414
45,2,0.041401393711566925
45,3,0.04915537312626839
45,4,0.04532334581017494
45,5,0.0414854995906353
45,6,0.04246766120195389
45,7,0.044096123427152634
45,8,0.04551161825656891
45,9,0.04792652279138565
45,10,0.04449760913848877
45,11,0.041251249611377716
45,12,0.04112491011619568
45,13,0.04587902873754501
45,14,0.04106614738702774
45,15,0.044034846127033234
45,16,0.04944590851664543
45,17,0.045439645648002625
45,18,0.050924137234687805
45,19,0.043402478098869324
45,20,0.04898481443524361
45,21,0.05174288526177406
45,22,0.04308244585990906
45,23,0.0475776307284832
45,24,0.040746625512838364
45,25,0.039283424615859985
45,26,0.04902777075767517
45,27,0.04747442156076431
45,28,0.047153666615486145
45,29,0.04593426734209061
45,30,0.044547319412231445
45,31,0.03914857655763626
45,32,0.051454272121191025
45,33,0.0448981337249279
45,34,0.04481206089258194
45,35,0.040255848318338394
45,36,0.04219161719083786
45,37,0.03725777938961983
45,38,0.04643324762582779
45,39,0.03833286464214325
45,40,0.040080852806568146
45,41,0.042957957834005356
45,42,0.04137963056564331
45,43,0.0414406917989254
45,44,0.04348275810480118
45,45,0.046092115342617035
45,46,0.049344662576913834
45,47,0.035004012286663055
45,48,0.05822619050741196
45,49,0.04495116323232651
45,50,0.04340770095586777
45,51,0.05237884819507599
45,52,0.04467768967151642
45,53,0.04276205599308014
45,54,0.045662038028240204
45,55,0.049268465489149094
45,56,0.047718197107315063
45,57,0.04787881299853325
45,58,0.057300422340631485
45,59,0.04806209355592728
45,60,0.05260566622018814
45,61,0.048353470861911774
45,62,0.04663373529911041
45,63,0.039741698652505875
45,64,0.04855235666036606
45,65,0.0491877943277359
45,66,0.05341126024723053
45,67,0.044005364179611206
45,68,0.0449661985039711
45,69,0.04927781969308853
45,70,0.0476631335914135
45,71,0.054627157747745514
45,72,0.04003462195396423
45,73,0.044894732534885406
45,74,0.044466860592365265
45,75,0.04089757800102234
45,76,0.05094487965106964
46,1,0.04530521482229233
46,2,0.04777541011571884
46,3,0.04113653302192688
46,4,0.04737298935651779
46,5,0.04756153002381325
46,6,0.047676242887973785
46,7,0.0487699955701828
46,8,0.04453510791063309
46,9,0.040926627814769745
46,10,0.040795594453811646
46,11,0.04798520356416702
46,12,0.04042798653244972
46,13,0.04485694319009781
46,14,0.045031748712062836
46,15,0.04059569537639618
46,16,0.038282670080661774
46,17,0.04573871195316315
46,18,0.042797498404979706
46,19,0.04216628149151802
46,20,0.04754401743412018
46,21,0.04577335715293884
46,22,0.037866704165935516
46,23,0.04399126395583153
46,24,0.05729478597640991
46,25,0.054973047226667404
46,26,0.04198693484067917
46,27,0.03884037584066391
46,28,0.043581485748291016
46,29,0.048245564103126526
46,30,0.0528135821223259
46,31,0.05999040603637695
46,32,0.046501681208610535
46,33,0.04614029824733734
46,34,0.039359673857688904
46,35,0.04766584560275078
46,36,0.04364560544490814
46,37,0.04222359508275986
46,38,0.04297950118780136
46,39,0.058492522686719894
46,40,0.042446739971637726
46,41,0.046686846762895584
46,42,0.0454825833439827
46,43,0.04313705489039421
46,44,0.042915891855955124
46,45,0.04703892394900322
46,46,0.039138250052928925
46,47,0.045186493545770645
46,48,0.05222739279270172
46,49,0.0425981804728508
46,50,0.04457254335284233
46,51,0.044479452073574066
46,52,0.046248577535152435
46,53,0.04443424940109253
46,54,0.048840396106243134
46,55,0.04054059833288193
46,56,0.04506194218993187
46,57,0.04502105712890625
46,58,0.0455738864839077
46,59,0.04184915870428085
46,60,0.04403213411569595
46,61,0.04737655818462372
46,62,0.04932189732789993
46,63,0.049886420369148254
46,64,0.04344477877020836
46,65,0.0494379922747612
46,66,0.045458219945430756
46,67,0.04021778702735901
46,68,0.048616014420986176
46,69,0.046066753566265106
46,70,0.046180181205272675
46,71,0.051246028393507004
46,72,0.044113755226135254
46,73,0.04835154488682747
46,74,0.04337085038423538
46,75,0.04101398214697838
46,76,0.048389874398708344
47,1,0.04218118637800217
47,2,0.04218626022338867
47,3,0.0401926264166832
47,4,0.05746520310640335
47,5,0.04025023803114891
47,6,0.04156101495027542
47,7,0.04441019892692566
47,8,0.046532683074474335
47,9,0.04953897371888161
47,10,0.041081130504608154
47,11,0.03960169479250908
47,12,0.04347546398639679
47,13,0.04565664380788803
47,14,0.04977120831608772
47,15,0.045216113328933716
47,16,0.05192836374044418
47,17,0.05445164069533348
47,18,0.04712630435824394
47,19,0.036272816359996796
47,20,0.04812617972493172
47,21,0.05454913526773453
47,22,0.04409012943506241
47,23,0.048246271908283234
47,24,0.043402574956417084
47,25,0.04296860098838806
47,26,0.038612741976976395
47,27,0.04623967036604881
47,28,0.045451268553733826
47,29,0.042559847235679626
47,30,0.04446382075548172
47,31,0.04741187393665314
47,32,0.04638361930847168
47,33,0.0466601699590683
47,34,0.05217807739973068
47,35,0.04472124204039574
47,36,0.04491656273603439
47,37,0.045850470662117004
47,38,0.048001110553741455
47,39,0.05157352238893509
47,40,0.04344513267278671
47,41,0.04016292095184326
47,42,0.05116618424654007
47,43,0.04782261699438095
47,44,0.043619636446237564
47,45,0.049853697419166565
47,46,0.03767712414264679
47,47,0.04401319473981857
47,48,0.04468020051717758
47,49,0.038350895047187805
47,50,0.04505257308483124
47,51,0.03950522094964981
47,52,0.04942377656698227
47,53,0.05065213143825531
47,54,0.04138801991939545
47,55,0.045070551335811615
47,56,0.04213549941778183
47,57,0.03558247908949852
47,58,0.05288609117269516
47,59,0.04329695552587509
47,60,0.047966647893190384
47,61,0.054622627794742584
47,62,0.047678761184215546
47,63,0.048238445073366165
47,64,0.044924214482307434
47,65,0.029219333082437515
47,66,0.045625314116477966
47,67,0.04758576303720474
47,68,0.040007658302783966
47,69,0.04323121905326843
47,70,0.05014929175376892
47,71,0.04347530007362366
47,72,0.040636252611875534
47,73,0.04157690703868866
47,74,0.037962593138217926
47,75,0.035976577550172806
47,76,0.03917565196752548
48,1,0.04561682790517807
48,2,0.0527123361825943
48,3,0.05338742583990097
48,4,0.040723223239183426
48,5,0.050120607018470764
48,6,0.042684707790613174
48,7,0.04035269469022751
48,8,0.042434871196746826
48,9,0.04259075969457626
48,10,0.05094316974282265
48,11,0.048292145133018494
48,12,0.04192671179771423
48,13,0.04284070432186127
48,14,0.045835793018341064
48,15,0.04475965350866318
48,16,0.04870074242353439
48,17,0.05352078378200531
48,18,0.05049488693475723
48,19,0.03920994699001312
48,20,0.04769399017095566
48,21,0.042644210159778595
48,22,0.03967731446027756
48,23,0.03797805309295654
48,24,0.038660742342472076
48,25,0.044987328350543976
48,26,0.04210761934518814
48,27,0.04660908877849579
48,28,0.03585154190659523
48,29,0.048600248992443085
48,30,0.04112651199102402
48,31,0.04027380794286728
48,32,0.05187814682722092
48,33,0.04206185042858124
48,34,0.039938170462846756
48,35,0.03773145377635956
48,36,0.035511791706085205
48,37,0.04183454066514969
48,38,0.04731244593858719
48,39,0.044858478009700775
48,40,0.044620856642723083
48,41,0.03903281316161156
48,42,0.04626009240746498
48,43,0.05693145468831062
48,44,0.03855828940868378
48,45,0.04624050855636597
48,46,0.04570862278342247
48,47,0.04113633930683136
48,48,0.04220755398273468
48,49,0.04147244244813919
48,50,0.03576289862394333
48,51,0.050020523369312286
48,52,0.047935254871845245
48,53,0.04356943815946579
48,54,0.04697006940841675
48,55,0.04274218529462814
48,56,0.037235453724861145
48,57,0.04405771940946579
48,58,0.05206054449081421
48,59,0.04010941460728645
48,60,0.043898001313209534
48,61,0.04335234686732292
48,62,0.05087651312351227
48,63,0.04307486116886139
48,64,0.04760562628507614
48,65,0.0437658317387104
48,66,0.04048372805118561
48,67,0.044452741742134094
48,68,0.03880845755338669
48,69,0.04209166392683983
48,70,0.05121129751205444
48,71,0.045813024044036865
48,72,0.04659107327461243
48,73,0.04291321709752083
48,74,0.03876267001032829
48,75,0.040706004947423935
48,76,0.045877568423748016
49,1,0.0550413616001606
49,2,0.042626552283763885
49,3,0.04054807126522064
49,4,0.03808647394180298
49,5,0.04880598187446594
49,6,0.04092990234494209
49,7,0.04232637956738472
49,8,0.051480572670698166
49,9,0.04209813103079796
49,10,0.04055897146463394
49,11,0.0462452694773674
49,12,0.05192885547876358
49,13,0.04610943794250488
49,14,0.04219204932451248
49,15,0.040997982025146484
49,16,0.04604406654834747
49,17,0.04295862466096878
49,18,0.04830997437238693
49,19,0.04325937479734421
49,20,0.03973352164030075
49,21,0.04407397657632828
49,22,0.04381943494081497
49,23,0.04380924254655838
49,24,0.04699015989899635
49,25,0.040120139718055725
49,26,0.04884934425354004
49,27,0.05200701951980591
49,28,0.04850750043988228
49,29,0.04282967746257782
49,30,0.0481402650475502
49,31,0.045779500156641006
49,32,0.05380172282457352
49,33,0.03770867735147476
49,34,0.04240140691399574
49,35,0.04657655209302902
49,36,0.04393574595451355
49,37,0.04788215458393097
49,38,0.049900248646736145
49,39,0.04335794225335121
49,40,0.05721896141767502
49,41,0.04732702672481537
49,42,0.046367719769477844
49,43,0.04574337974190712
49,44,0.048816610127687454
49,45,0.04732346534729004
49,46,0.04385712370276451
49,47,0.040487177670001984
49,48,0.04035655036568642
49,49,0.05132009834051132
49,50,0.039553068578243256
49,51,0.057705629616975784
49,52,0.04498491436243057
49,53,0.04774437099695206
49,54,0.03987213969230652
49,55,0.04471413418650627
49,56,0.0436958447098732
49,57,0.048454638570547104
49,58,0.05204465240240097
49,59,0.03642864525318146
49,60,0.04419401288032532
49,61,0.049799032509326935
49,62,0.05065981671214104
49,63,0.03906822204589844
49,64,0.05202280730009079
49,65,0.0606999509036541
49,66,0.0490439236164093
49,67,0.0487235002219677
49,68,0.047574419528245926
49,69,0.03889455273747444
49,70,0.04049842804670334
49,71,0.044048093259334564
49,72,0.04147753864526749
49,73,0.04267411679029465
49,74,0.04635000228881836
49,75,0.04839663952589035
49,76,0.046889375895261765
50,1,0.04434755817055702
50,2,0.03781195357441902
50,3,0.0526185967028141
50,4,0.040270738303661346
50,5,0.045985132455825806
50,6,0.053280606865882874
50,7,0.0397973358631134
50,8,0.048771776258945465
50,9,0.04238109663128853
50,10,0.06489375978708267
50,11,0.04156661406159401
50,12,0.050659675151109695
50,13,0.05054748058319092
50,14,0.04608921706676483
50,15,0.045510903000831604
50,16,0.04920344054698944
50,17,0.0460185632109642
50,18,0.0571780800819397
50,19,0.04394245892763138
50,20,0.05630945786833763
50,21,0.04788202792406082
50,22,0.04389376938343048
50,23,0.041894860565662384
50,24,0.04324015602469444
50,25,0.04930968955159187
50,26,0.0476129874587059
50,27,0.046402789652347565
50,28,0.043112415820360184
50,29,0.05226966366171837
50,30,0.044654134660959244
50,31,0.04555856063961983
50,32,0.049645937979221344
50,33,0.044537488371133804
50,34,0.04526713490486145
50,35,0.04227885976433754
50,36,0.0462665781378746
50,37,0.04752756655216217
50,38,0.039833031594753265
50,39,0.04421592131257057
50,40,0.04810062050819397
50,41,0.04669767618179321
50,42,0.043756477534770966
50,43,0.0446612685918808
50,44,0.042592719197273254
50,45,0.0491662323474884
50,46,0.042325690388679504
50,47,0.042267195880413055
50,48,0.0519646592438221
50,49,0.03684239089488983
50,50,0.04193085804581642
50,51,0.04086632281541824
50,52,0.05383124575018883
50,53,0.045690350234508514
50,54,0.04318211227655411
50,55,0.04334349185228348
50,56,0.051484737545251846
50,57,0.04747367650270462
50,58,0.04111194238066673
50,59,0.04796179383993149
50,60,0.05231393501162529
50,61,0.04476361721754074
50,62,0.04684417322278023
50,63,0.04612254351377487
50,64,0.054061323404312134
50,65,0.04165448248386383
50,66,0.041664958000183105
50,67,0.048495881259441376
50,68,0.044394079595804214
50,69,0.03417583927512169
50,70,0.04159994795918465
50,71,0.0449688658118248
50,72,0.04908851906657219
50,73,0.05217497795820236
50,74,0.04597632586956024
50,75,0.04047722369432449
50,76,0.04409417137503624
