epoch,step,loss
1,1,1.7257766723632812
1,2,1.6732134819030762
1,3,1.6085723638534546
1,4,1.5721516609191895
1,5,1.5314067602157593
1,6,1.4962981939315796
1,7,1.4671305418014526
1,8,1.442898154258728
1,9,1.417849063873291
1,10,1.3942275047302246
1,11,1.3778870105743408
1,12,1.358412742614746
1,13,1.3484464883804321
1,14,1.3271710872650146
1,15,1.3193941116333008
1,16,1.3062889575958252
2,1,1.289868950843811
2,2,1.274183988571167
2,3,1.2620735168457031
2,4,1.2504496574401855
2,5,1.2389943599700928
2,6,1.228158950805664
2,7,1.215224266052246
2,8,1.2055611610412598
2,9,1.1964850425720215
2,10,1.1883792877197266
2,11,1.1807951927185059
2,12,1.1670361757278442
2,13,1.1592414379119873
2,14,1.150745153427124
2,15,1.136839509010315
3,1,1.1275545358657837
3,2,1.1196726560592651
3,3,1.1131631135940552
3,4,1.0975902080535889
3,5,1.0904035568237305
3,6,1.0820543766021729
3,7,1.0762689113616943
3,8,1.0671381950378418
3,9,1.0643084049224854
3,10,1.0541009902954102
3,11,1.0454561710357666
3,12,1.0320405960083008
3,13,1.0374550819396973
3,14,1.0145790576934814
3,15,1.0072484016418457
4,1,1.004130482673645
4,2,0.996712327003479
4,3,0.9948045015335083
4,4,0.9800155162811279
4,5,0.9884659051895142
4,6,0.9705100059509277
4,7,0.9691274166107178
4,8,0.9637569785118103
4,9,0.9515038728713989
4,10,0.9391195178031921
4,11,0.9398109316825867
4,12,0.9389671683311462
4,13,0.9199222326278687
4,14,0.9192769527435303
4,15,0.9150716662406921
5,1,0.9183046817779541
5,2,0.8970832824707031
5,3,0.894035816192627
5,4,0.8873763084411621
5,5,0.8819162249565125
5,6,0.8685818910598755
5,7,0.8803035020828247
5,8,0.8685118556022644
5,9,0.8600564002990723
5,10,0.8484906554222107
5,11,0.8454591631889343
5,12,0.8503771424293518
5,13,0.8331564664840698
5,14,0.8327023983001709
5,15,0.8269567489624023
6,1,0.8123292326927185
6,2,0.8021204471588135
6,3,0.8117331266403198
6,4,0.7973898649215698
6,5,0.7921229600906372
6,6,0.7912434339523315
6,7,0.7750100493431091
6,8,0.7775368690490723
6,9,0.7714649438858032
6,10,0.7676178812980652
6,11,0.7699148654937744
6,12,0.7557166814804077
6,13,0.758322536945343
6,14,0.7379350662231445
6,15,0.7382447123527527
7,1,0.7370355129241943
7,2,0.7307023406028748
7,3,0.7108739614486694
7,4,0.7188231945037842
7,5,0.7172708511352539
7,6,0.7078077793121338
7,7,0.7032252550125122
7,8,0.703033447265625
7,9,0.687839150428772
7,10,0.6891627907752991
7,11,0.6775506138801575
7,12,0.6751278042793274
7,13,0.6662118434906006
7,14,0.665870726108551
7,15,0.6553122997283936
8,1,0.6563829779624939
8,2,0.6422853469848633
8,3,0.6345129013061523
8,4,0.6368446946144104
8,5,0.6365024447441101
8,6,0.6307623982429504
8,7,0.6310009956359863
8,8,0.6183477640151978
8,9,0.6197026968002319
8,10,0.6060547828674316
8,11,0.6055457592010498
8,12,0.6138203144073486
8,13,0.6068016290664673
8,14,0.5962712168693542
8,15,0.60760498046875
9,1,0.587029218673706
9,2,0.5808802843093872
9,3,0.5868149399757385
9,4,0.5630839467048645
9,5,0.5859171748161316
9,6,0.5777608156204224
9,7,0.558198094367981
9,8,0.5651293396949768
9,9,0.5614433288574219
9,10,0.5614116787910461
9,11,0.5406394004821777
9,12,0.5633305311203003
9,13,0.541619062423706
9,14,0.5440545082092285
9,15,0.5274022817611694
10,1,0.5156251788139343
10,2,0.5280688405036926
10,3,0.5397380590438843
10,4,0.5225781202316284
10,5,0.5176467895507812
10,6,0.5142455101013184
10,7,0.5092903971672058
10,8,0.5085921287536621
10,9,0.49924764037132263
10,10,0.5203023552894592
10,11,0.5098576545715332
10,12,0.48783445358276367
10,13,0.48659977316856384
10,14,0.4821411669254303
10,15,0.5053839087486267
11,1,0.4753701984882355
11,2,0.4629700779914856
11,3,0.46728262305259705
11,4,0.4730100631713867
11,5,0.4616353511810303
11,6,0.4613742232322693
11,7,0.4581844210624695
11,8,0.4610894024372101
11,9,0.45411229133605957
11,10,0.4574676752090454
11,11,0.44589558243751526
11,12,0.44403013586997986
11,13,0.43697983026504517
11,14,0.4362793266773224
11,15,0.44768226146698
12,1,0.42874088883399963
12,2,0.4327080249786377
12,3,0.43111687898635864
12,4,0.42824557423591614
12,5,0.41767722368240356
12,6,0.4195012152194977
12,7,0.4194185733795166
12,8,0.4298975467681885
12,9,0.4298594892024994
12,10,0.4100767970085144
12,11,0.4038406014442444
12,12,0.41887325048446655
12,13,0.4094271659851074
12,14,0.4270203709602356
12,15,0.41252976655960083
13,1,0.398170530796051
13,2,0.39541828632354736
13,3,0.3975527882575989
13,4,0.39540940523147583
13,5,0.3927438259124756
13,6,0.3910365402698517
13,7,0.38617101311683655
13,8,0.39412182569503784
13,9,0.381059855222702
13,10,0.38130831718444824
13,11,0.3831225633621216
13,12,0.38110193610191345
13,13,0.36829301714897156
13,14,0.37703898549079895
13,15,0.3726102113723755
14,1,0.35479286313056946
14,2,0.3589969277381897
14,3,0.3587905764579773
14,4,0.37409889698028564
14,5,0.3615252673625946
14,6,0.35374706983566284
14,7,0.3545833230018616
14,8,0.3603924512863159
14,9,0.3491172790527344
14,10,0.35990744829177856
14,11,0.35090190172195435
14,12,0.3499383330345154
14,13,0.34988003969192505
14,14,0.3443149924278259
14,15,0.3582819104194641
15,1,0.3463621437549591
15,2,0.34406715631484985
15,3,0.3318164348602295
15,4,0.3394477367401123
15,5,0.3277163505554199
15,6,0.321638822555542
15,7,0.33524760603904724
15,8,0.33503028750419617
15,9,0.32933366298675537
15,10,0.3352823257446289
15,11,0.32227012515068054
15,12,0.32420381903648376
15,13,0.3248060345649719
15,14,0.3255717158317566
15,15,0.3134514391422272
16,1,0.3396179974079132
16,2,0.3180362284183502
16,3,0.3169928193092346
16,4,0.31341248750686646
16,5,0.31211256980895996
16,6,0.30138641595840454
16,7,0.3114449977874756
16,8,0.2966389060020447
16,9,0.3091892600059509
16,10,0.3061862587928772
16,11,0.3019755780696869
16,12,0.3041730523109436
16,13,0.29410281777381897
16,14,0.3042200803756714
16,15,0.30613911151885986
17,1,0.2892860174179077
17,2,0.2945302128791809
17,3,0.3063557744026184
17,4,0.2974933385848999
17,5,0.2901192307472229
17,6,0.28497612476348877
17,7,0.29986315965652466
17,8,0.2863216996192932
17,9,0.2829652428627014
17,10,0.2999067008495331
17,11,0.2919245958328247
17,12,0.2765085697174072
17,13,0.2883938252925873
17,14,0.28794682025909424
17,15,0.2748674750328064
18,1,0.2790730893611908
18,2,0.2793465852737427
18,3,0.2809067666530609
18,4,0.27171576023101807
18,5,0.2754725217819214
18,6,0.2753538489341736
18,7,0.2778097093105316
18,8,0.27681902050971985
18,9,0.27608710527420044
18,10,0.2675136923789978
18,11,0.2842811346054077
18,12,0.27319371700286865
18,13,0.27235937118530273
18,14,0.28558439016342163
18,15,0.26229989528656006
19,1,0.2598574459552765
19,2,0.2690482437610626
19,3,0.2719951570034027
19,4,0.25517940521240234
19,5,0.2622073292732239
19,6,0.27568626403808594
19,7,0.261870801448822
19,8,0.24966102838516235
19,9,0.24868789315223694
19,10,0.279790461063385
19,11,0.2455059289932251
19,12,0.2506530284881592
19,13,0.25561410188674927
19,14,0.2545328736305237
19,15,0.24830381572246552
20,1,0.24327288568019867
20,2,0.2416124939918518
20,3,0.24817422032356262
20,4,0.25537997484207153
20,5,0.2557900547981262
20,6,0.24888764321804047
20,7,0.24493886530399323
20,8,0.24493081867694855
20,9,0.2554846405982971
20,10,0.2432287633419037
20,11,0.24067217111587524
20,12,0.25490257143974304
20,13,0.23677514493465424
20,14,0.23620116710662842
20,15,0.23275482654571533
21,1,0.2369752824306488
21,2,0.2367812693119049
21,3,0.23999081552028656
21,4,0.2356567233800888
21,5,0.23317347466945648
21,6,0.23137563467025757
21,7,0.23454466462135315
21,8,0.23248237371444702
21,9,0.23148658871650696
21,10,0.23574209213256836
21,11,0.2296682745218277
21,12,0.2413921356201172
21,13,0.2249506711959839
21,14,0.23102551698684692
21,15,0.23347711563110352
22,1,0.22708739340305328
22,2,0.22965359687805176
22,3,0.23316195607185364
22,4,0.2222072035074234
22,5,0.2271866798400879
22,6,0.22978034615516663
22,7,0.21659260988235474
22,8,0.21889758110046387
22,9,0.2210315316915512
22,10,0.22479265928268433
22,11,0.2213820070028305
22,12,0.22896045446395874
22,13,0.2144932746887207
22,14,0.22284545004367828
22,15,0.223799467086792
23,1,0.27620503306388855
23,2,0.22194349765777588
23,3,0.20752069354057312
23,4,0.22226670384407043
23,5,0.21777084469795227
23,6,0.21883738040924072
23,7,0.22091180086135864
23,8,0.2126029133796692
23,9,0.2187710553407669
23,10,0.2108280062675476
23,11,0.21212643384933472
23,12,0.2133098542690277
23,13,0.21441584825515747
23,14,0.2261834740638733
23,15,0.20866674184799194
24,1,0.2288091778755188
24,2,0.22350428998470306
24,3,0.2068241983652115
24,4,0.21643191576004028
24,5,0.21252411603927612
24,6,0.20559614896774292
24,7,0.21152189373970032
24,8,0.20340506732463837
24,9,0.2092498242855072
24,10,0.2095690667629242
24,11,0.20528672635555267
24,12,0.20342357456684113
24,13,0.20866045355796814
24,14,0.21299231052398682
24,15,0.19697925448417664
25,1,0.20570749044418335
25,2,0.20032264292240143
25,3,0.20224529504776
25,4,0.1979144811630249
25,5,0.1990828812122345
25,6,0.20755670964717865
25,7,0.2074209749698639
25,8,0.19866234064102173
25,9,0.21101200580596924
25,10,0.19373555481433868
25,11,0.21370726823806763
25,12,0.20393043756484985
25,13,0.21265146136283875
25,14,0.20635539293289185
25,15,0.19759130477905273
26,1,0.1885361224412918
26,2,0.2052176296710968
26,3,0.1949457824230194
26,4,0.20547573268413544
26,5,0.19112519919872284
26,6,0.19124558568000793
26,7,0.1890610307455063
26,8,0.20310845971107483
26,9,0.19699952006340027
26,10,0.19751523435115814
26,11,0.18283221125602722
26,12,0.19773012399673462
26,13,0.21563050150871277
26,14,0.19577838480472565
26,15,0.1950475573539734
27,1,0.188198983669281
27,2,0.1997973918914795
27,3,0.19977818429470062
27,4,0.1893509477376938
27,5,0.19165582954883575
27,6,0.19295552372932434
27,7,0.19993683695793152
27,8,0.19111278653144836
27,9,0.18779978156089783
27,10,0.19080017507076263
27,11,0.2012505829334259
27,12,0.182107612490654
27,13,0.22055277228355408
27,14,0.19398251175880432
27,15,0.1943950057029724
28,1,0.18451368808746338
28,2,0.18293970823287964
28,3,0.1842949539422989
28,4,0.1934477686882019
28,5,0.18177928030490875
28,6,0.18205033242702484
28,7,0.19265274703502655
28,8,0.18533363938331604
28,9,0.1849413812160492
28,10,0.17887383699417114
28,11,0.1864107847213745
28,12,0.18478411436080933
28,13,0.18358609080314636
28,14,0.18258357048034668
28,15,0.18871043622493744
29,1,0.1875467747449875
29,2,0.19676247239112854
29,3,0.1992645412683487
29,4,0.18502023816108704
29,5,0.18477042019367218
29,6,0.18953478336334229
29,7,0.18838316202163696
29,8,0.17404583096504211
29,9,0.18563228845596313
29,10,0.17852823436260223
29,11,0.17857885360717773
29,12,0.17229560017585754
29,13,0.16915032267570496
29,14,0.18164481222629547
29,15,0.17064034938812256
30,1,0.179102823138237
30,2,0.17105162143707275
30,3,0.17103880643844604
30,4,0.18043792247772217
30,5,0.18234938383102417
30,6,0.17120236158370972
30,7,0.18124055862426758
30,8,0.1704002022743225
30,9,0.17414146661758423
30,10,0.19247475266456604
30,11,0.17079520225524902
30,12,0.18613547086715698
30,13,0.1813279390335083
30,14,0.177744060754776
30,15,0.17050346732139587
31,1,0.17510277032852173
31,2,0.16699302196502686
31,3,0.17691460251808167
31,4,0.16943152248859406
31,5,0.18756982684135437
31,6,0.1755828559398651
31,7,0.16551092267036438
31,8,0.17836010456085205
31,9,0.18120869994163513
31,10,0.17806462943553925
31,11,0.17896768450737
31,12,0.17171227931976318
31,13,0.16475984454154968
31,14,0.17002391815185547
31,15,0.1780576854944229
32,1,0.1647643744945526
32,2,0.1678798794746399
32,3,0.1682448387145996
32,4,0.161201611161232
32,5,0.1707819402217865
32,6,0.167989581823349
32,7,0.1736196130514145
32,8,0.16855914890766144
32,9,0.17061486840248108
32,10,0.16926352679729462
32,11,0.17748691141605377
32,12,0.16046899557113647
32,13,0.16582199931144714
32,14,0.16066116094589233
32,15,0.18439914286136627
33,1,0.1671811193227768
33,2,0.17255617678165436
33,3,0.1609978973865509
33,4,0.16004744172096252
33,5,0.158960223197937
33,6,0.16647988557815552
33,7,0.16190552711486816
33,8,0.17032599449157715
33,9,0.16489656269550323
33,10,0.16980481147766113
33,11,0.15941892564296722
33,12,0.1734572798013687
33,13,0.16663433611392975
33,14,0.16109028458595276
33,15,0.169892817735672
34,1,0.15443912148475647
34,2,0.17492574453353882
34,3,0.16683152318000793
34,4,0.1646411418914795
34,5,0.1637621819972992
34,6,0.17448021471500397
34,7,0.16638576984405518
34,8,0.15543726086616516
34,9,0.16821423172950745
34,10,0.15160518884658813
34,11,0.14996597170829773
34,12,0.16412487626075745
34,13,0.1576860547065735
34,14,0.1644829958677292
34,15,0.15712761878967285
35,1,0.15429484844207764
35,2,0.15865221619606018
35,3,0.1701391488313675
35,4,0.15234264731407166
35,5,0.15888792276382446
35,6,0.15452826023101807
35,7,0.16048672795295715
35,8,0.15574678778648376
35,9,0.14379820227622986
35,10,0.15194985270500183
35,11,0.15445107221603394
35,12,0.1595715433359146
35,13,0.16721482574939728
35,14,0.15249952673912048
35,15,0.17017172276973724
36,1,0.15214012563228607
36,2,0.15320232510566711
36,3,0.14397472143173218
36,4,0.1590484380722046
36,5,0.15889686346054077
36,6,0.15931503474712372
36,7,0.15453249216079712
36,8,0.14789025485515594
36,9,0.1584552377462387
36,10,0.15966451168060303
36,11,0.15736371278762817
36,12,0.16211870312690735
36,13,0.15284539759159088
36,14,0.1559695303440094
36,15,0.16223470866680145
37,1,0.15829120576381683
37,2,0.16847048699855804
37,3,0.14707207679748535
37,4,0.1493619680404663
37,5,0.14915283024311066
37,6,0.1460009515285492
37,7,0.15564827620983124
37,8,0.15289659798145294
37,9,0.1549784243106842
37,10,0.15499728918075562
37,11,0.14631693065166473
37,12,0.14820221066474915
37,13,0.16761870682239532
37,14,0.14626194536685944
37,15,0.1491979956626892
38,1,0.16092795133590698
38,2,0.15513506531715393
38,3,0.1521243005990982
38,4,0.16157376766204834
38,5,0.15357348322868347
38,6,0.14393526315689087
38,7,0.14970239996910095
38,8,0.15251167118549347
38,9,0.14506667852401733
38,10,0.15336982905864716
38,11,0.16420891880989075
38,12,0.14235635101795197
38,13,0.15329143404960632
38,14,0.1517469435930252
38,15,0.14467386901378632
39,1,0.1517740935087204
39,2,0.1420082151889801
39,3,0.1587083637714386
39,4,0.14918828010559082
39,5,0.14488691091537476
39,6,0.1459801197052002
39,7,0.15123966336250305
39,8,0.14244577288627625
39,9,0.14399166405200958
39,10,0.1389169692993164
39,11,0.1385922133922577
39,12,0.15664216876029968
39,13,0.1438383162021637
39,14,0.15258227288722992
39,15,0.15925376117229462
40,1,0.147532656788826
40,2,0.14548562467098236
40,3,0.1447828710079193
40,4,0.1474703848361969
40,5,0.15111638605594635
40,6,0.14885804057121277
40,7,0.1442011147737503
40,8,0.15047404170036316
40,9,0.15629279613494873
40,10,0.14627042412757874
40,11,0.1506718397140503
40,12,0.14290601015090942
40,13,0.1376412808895111
40,14,0.14745008945465088
40,15,0.13610731065273285
41,1,0.15414561331272125
41,2,0.14463447034358978
41,3,0.1383489966392517
41,4,0.15529155731201172
41,5,0.141114741563797
41,6,0.14230282604694366
41,7,0.14504411816596985
41,8,0.14197273552417755
41,9,0.13892415165901184
41,10,0.13386636972427368
41,11,0.1473819464445114
41,12,0.14048129320144653
41,13,0.1466861069202423
41,14,0.14641150832176208
41,15,0.13752533495426178
42,1,0.14811450242996216
42,2,0.14471480250358582
42,3,0.16088758409023285
42,4,0.14979025721549988
42,5,0.13857701420783997
42,6,0.13673418760299683
42,7,0.14657405018806458
42,8,0.15005788207054138
42,9,0.14906957745552063
42,10,0.14095766842365265
42,11,0.1341974437236786
42,12,0.14181303977966309
42,13,0.14269790053367615
42,14,0.14577709138393402
42,15,0.1554889678955078
43,1,0.14749149978160858
43,2,0.14211884140968323
43,3,0.1396448016166687
43,4,0.14490237832069397
43,5,0.15565171837806702
43,6,0.14772790670394897
43,7,0.14310051500797272
43,8,0.1388757973909378
43,9,0.1393931657075882
43,10,0.14940376579761505
43,11,0.1440175175666809
43,12,0.1336529701948166
43,13,0.1259843409061432
43,14,0.14383234083652496
43,15,0.1417575478553772
44,1,0.14002130925655365
44,2,0.149342343211174
44,3,0.1388934850692749
44,4,0.13847994804382324
44,5,0.14044557511806488
44,6,0.14151522517204285
44,7,0.14005964994430542
44,8,0.13985371589660645
44,9,0.1465626358985901
44,10,0.13527831435203552
44,11,0.13714277744293213
44,12,0.13624151051044464
44,13,0.13792607188224792
44,14,0.14959990978240967
44,15,0.13365140557289124
45,1,0.13297736644744873
45,2,0.13805216550827026
45,3,0.1368946135044098
45,4,0.14620770514011383
45,5,0.13416168093681335
45,6,0.14627256989479065
45,7,0.13913461565971375
45,8,0.13656404614448547
45,9,0.14299941062927246
45,10,0.16169854998588562
45,11,0.14211586117744446
45,12,0.13228991627693176
45,13,0.13038226962089539
45,14,0.14342260360717773
45,15,0.1433630883693695
46,1,0.14794746041297913
46,2,0.13105055689811707
46,3,0.14138638973236084
46,4,0.13936474919319153
46,5,0.13354414701461792
46,6,0.1359701156616211
46,7,0.12996596097946167
46,8,0.14138290286064148
46,9,0.13491076231002808
46,10,0.14919354021549225
46,11,0.12640953063964844
46,12,0.1375250518321991
46,13,0.13395462930202484
46,14,0.12649062275886536
46,15,0.13288182020187378
47,1,0.13432392477989197
47,2,0.13825927674770355
47,3,0.14775139093399048
47,4,0.13509918749332428
47,5,0.14615404605865479
47,6,0.1294446438550949
47,7,0.1339607834815979
47,8,0.14043886959552765
47,9,0.13814443349838257
47,10,0.12389476597309113
47,11,0.1307218074798584
47,12,0.14210151135921478
47,13,0.12977923452854156
47,14,0.13637492060661316
47,15,0.14524006843566895
48,1,0.13387927412986755
48,2,0.13935863971710205
48,3,0.14891661703586578
48,4,0.1353381872177124
48,5,0.13880440592765808
48,6,0.13095557689666748
48,7,0.14096172153949738
48,8,0.13280904293060303
48,9,0.13440805673599243
48,10,0.14203383028507233
48,11,0.12514019012451172
48,12,0.13204792141914368
48,13,0.12517176568508148
48,14,0.1310480833053589
48,15,0.13473540544509888
49,1,0.13344258069992065
49,2,0.1333363950252533
49,3,0.1299593150615692
49,4,0.1347215175628662
49,5,0.13219305872917175
49,6,0.1394350528717041
49,7,0.13333112001419067
49,8,0.14256998896598816
49,9,0.14845864474773407
49,10,0.12390532344579697
49,11,0.12656089663505554
49,12,0.12755659222602844
49,13,0.12525223195552826
49,14,0.12750336527824402
49,15,0.1344785988330841
50,1,0.13885217905044556
50,2,0.1366732120513916
50,3,0.12947525084018707
50,4,0.1347847580909729
50,5,0.13396936655044556
50,6,0.13627028465270996
50,7,0.12379996478557587
50,8,0.1329583376646042
50,9,0.13705311715602875
50,10,0.12870271503925323
50,11,0.1261860579252243
50,12,0.1267503798007965
50,13,0.125593900680542
50,14,0.13199526071548462
50,15,0.12454773485660553
