epoch,step,loss
1,1,1.5403435230255127
1,2,1.4821650981903076
1,3,1.4309790134429932
1,4,1.4054936170578003
1,5,1.3678503036499023
1,6,1.3323183059692383
1,7,1.308755874633789
1,8,1.284407138824463
1,9,1.2539273500442505
1,10,1.2381958961486816
1,11,1.209033727645874
1,12,1.193566083908081
1,13,1.1616281270980835
1,14,1.1466584205627441
1,15,1.134982943534851
1,16,1.1261277198791504
1,17,1.1052659749984741
1,18,1.093583106994629
1,19,1.0777409076690674
1,20,1.068687915802002
1,21,1.0540791749954224
1,22,1.0476903915405273
1,23,1.0264195203781128
1,24,1.0178382396697998
1,25,1.0073051452636719
1,26,1.005545973777771
1,27,1.0024055242538452
1,28,0.9901331067085266
1,29,0.9654046297073364
1,30,0.9639942646026611
1,31,0.9496342539787292
1,32,0.9499160051345825
1,33,0.9314796924591064
1,34,0.9144337177276611
1,35,0.9149609804153442
1,36,0.8971592783927917
1,37,0.8964158892631531
1,38,0.878451943397522
1,39,0.8797704577445984
1,40,0.8726803064346313
1,41,0.8624259829521179
1,42,0.8576216697692871
1,43,0.8478028178215027
1,44,0.8413365483283997
1,45,0.8433626890182495
1,46,0.8348470330238342
1,47,0.8203240633010864
1,48,0.8023497462272644
1,49,0.8260315656661987
1,50,0.7940041422843933
1,51,0.7830594778060913
1,52,0.7867534160614014
1,53,0.7969571352005005
1,54,0.7619582414627075
1,55,0.7610775232315063
1,56,0.7642325162887573
1,57,0.765076756477356
1,58,0.7482077479362488
1,59,0.7517657279968262
1,60,0.7374627590179443
1,61,0.720439076423645
1,62,0.7273738384246826
1,63,0.7145105004310608
1,64,0.7051141858100891
1,65,0.7099862694740295
1,66,0.6999260783195496
1,67,0.695052981376648
1,68,0.6861181259155273
1,69,0.6943321228027344
1,70,0.6585859060287476
1,71,0.6640043258666992
1,72,0.6569123268127441
1,73,0.6533998250961304
1,74,0.6453045010566711
1,75,0.6285815238952637
1,76,0.6382735371589661
1,77,0.6339306831359863
2,1,0.6413435339927673
2,2,0.6376500129699707
2,3,0.6108842492103577
2,4,0.6131222248077393
2,5,0.6073924899101257
2,6,0.5952916741371155
2,7,0.5964730978012085
2,8,0.5879706144332886
2,9,0.5774388909339905
2,10,0.5789963603019714
2,11,0.5774070620536804
2,12,0.572627604007721
2,13,0.5657134056091309
2,14,0.5539224147796631
2,15,0.5399736166000366
2,16,0.5507041811943054
2,17,0.5561580061912537
2,18,0.5395041704177856
2,19,0.5504764318466187
2,20,0.538021981716156
2,21,0.5318177342414856
2,22,0.5197514295578003
2,23,0.5129857063293457
2,24,0.5263887643814087
2,25,0.5176141858100891
2,26,0.5189294219017029
2,27,0.5031784176826477
2,28,0.5126478672027588
2,29,0.49633681774139404
2,30,0.5022411346435547
2,31,0.4742187261581421
2,32,0.4957352876663208
2,33,0.48784494400024414
2,34,0.4869738817214966
2,35,0.4707895815372467
2,36,0.4708668291568756
2,37,0.4582030773162842
2,38,0.45252761244773865
2,39,0.4599291980266571
2,40,0.45594099164009094
2,41,0.4648277759552002
2,42,0.4520409107208252
2,43,0.45246070623397827
2,44,0.4365217685699463
2,45,0.4420696794986725
2,46,0.4518693685531616
2,47,0.426789790391922
2,48,0.4092721939086914
2,49,0.42439571022987366
2,50,0.420535147190094
2,51,0.3991682827472687
2,52,0.41923975944519043
2,53,0.40412068367004395
2,54,0.4010545313358307
2,55,0.39234545826911926
2,56,0.3892033100128174
2,57,0.3868885636329651
2,58,0.3918226361274719
2,59,0.3869675397872925
2,60,0.3885372281074524
2,61,0.39362192153930664
2,62,0.3742990493774414
2,63,0.379437655210495
2,64,0.37206777930259705
2,65,0.3747608959674835
2,66,0.36441391706466675
2,67,0.36526525020599365
2,68,0.3634967803955078
2,69,0.35336610674858093
2,70,0.3579690456390381
2,71,0.3739733099937439
2,72,0.36762845516204834
2,73,0.34401822090148926
2,74,0.3465114235877991
2,75,0.34080803394317627
2,76,0.34399092197418213
3,1,0.33234232664108276
3,2,0.34389111399650574
3,3,0.33794713020324707
3,4,0.33687153458595276
3,5,0.3248586356639862
3,6,0.33120912313461304
3,7,0.3196757435798645
3,8,0.31268012523651123
3,9,0.32415294647216797
3,10,0.3132084906101227
3,11,0.3212938904762268
3,12,0.3115048110485077
3,13,0.32143938541412354
3,14,0.32421791553497314
3,15,0.31109946966171265
3,16,0.31513816118240356
3,17,0.2948969602584839
3,18,0.2878662347793579
3,19,0.28664860129356384
3,20,0.3000086545944214
3,21,0.2751768231391907
3,22,0.28702831268310547
3,23,0.30265122652053833
3,24,0.2781723141670227
3,25,0.2989722490310669
3,26,0.2888474464416504
3,27,0.27299147844314575
3,28,0.28023120760917664
3,29,0.27766522765159607
3,30,0.2663003206253052
3,31,0.26384714245796204
3,32,0.26861876249313354
3,33,0.27730149030685425
3,34,0.27208274602890015
3,35,0.2624015212059021
3,36,0.26316672563552856
3,37,0.25913047790527344
3,38,0.2750696837902069
3,39,0.2697993516921997
3,40,0.27251267433166504
3,41,0.24677948653697968
3,42,0.2561326026916504
3,43,0.26141995191574097
3,44,0.2565361261367798
3,45,0.246955007314682
3,46,0.24905022978782654
3,47,0.2680521011352539
3,48,0.23360484838485718
3,49,0.24290522933006287
3,50,0.23796236515045166
3,51,0.24030694365501404
3,52,0.23640942573547363
3,53,0.2496633231639862
3,54,0.24011042714118958
3,55,0.2732345461845398
3,56,0.25278016924858093
3,57,0.23068273067474365
3,58,0.2516106963157654
3,59,0.23768211901187897
3,60,0.25881922245025635
3,61,0.2484782487154007
3,62,0.23854230344295502
3,63,0.23409540951251984
3,64,0.22855931520462036
3,65,0.22954463958740234
3,66,0.23345406353473663
3,67,0.22288012504577637
3,68,0.21869230270385742
3,69,0.22268331050872803
3,70,0.22848474979400635
3,71,0.2390102595090866
3,72,0.22471833229064941
3,73,0.20848026871681213
3,74,0.23567582666873932
3,75,0.2203069031238556
3,76,0.22092095017433167
4,1,0.22436752915382385
4,2,0.20183277130126953
4,3,0.21692991256713867
4,4,0.2151826024055481
4,5,0.22292956709861755
4,6,0.19964569807052612
4,7,0.19901427626609802
4,8,0.1967499554157257
4,9,0.19250452518463135
4,10,0.2151082158088684
4,11,0.1889004111289978
4,12,0.19966328144073486
4,13,0.20523780584335327
4,14,0.20920203626155853
4,15,0.18526580929756165
4,16,0.18948796391487122
4,17,0.19418545067310333
4,18,0.18543806672096252
4,19,0.1892569363117218
4,20,0.20251941680908203
4,21,0.18751025199890137
4,22,0.1886226236820221
4,23,0.18365627527236938
4,24,0.19928523898124695
4,25,0.18376120924949646
4,26,0.18152858316898346
4,27,0.1970270276069641
4,28,0.18999835848808289
4,29,0.20449402928352356
4,30,0.18714946508407593
4,31,0.1841512769460678
4,32,0.21078544855117798
4,33,0.18922658264636993
4,34,0.17350250482559204
4,35,0.20254456996917725
4,36,0.18280401825904846
4,37,0.1790940761566162
4,38,0.18000851571559906
4,39,0.18835458159446716
4,40,0.19217905402183533
4,41,0.17847886681556702
4,42,0.17141768336296082
4,43,0.17243918776512146
4,44,0.20152853429317474
4,45,0.18415391445159912
4,46,0.17845547199249268
4,47,0.17171326279640198
4,48,0.18488220870494843
4,49,0.17898598313331604
4,50,0.18862366676330566
4,51,0.1787463128566742
4,52,0.1634509563446045
4,53,0.1734887659549713
4,54,0.16925354301929474
4,55,0.17270320653915405
4,56,0.17110970616340637
4,57,0.19123557209968567
4,58,0.16838061809539795
4,59,0.17169758677482605
4,60,0.1604590117931366
4,61,0.1813790500164032
4,62,0.16228662431240082
4,63,0.16392728686332703
4,64,0.16707193851470947
4,65,0.17596745491027832
4,66,0.19229687750339508
4,67,0.1904306411743164
4,68,0.1596749871969223
4,69,0.16945219039916992
4,70,0.162168949842453
4,71,0.17296963930130005
4,72,0.1655760109424591
4,73,0.16389423608779907
4,74,0.1557323932647705
4,75,0.16431674361228943
4,76,0.15625813603401184
5,1,0.17138415575027466
5,2,0.16284960508346558
5,3,0.1707770973443985
5,4,0.1510399878025055
5,5,0.1570262908935547
5,6,0.1412779986858368
5,7,0.14994318783283234
5,8,0.143964484333992
5,9,0.1558971107006073
5,10,0.15012314915657043
5,11,0.14305800199508667
5,12,0.1647789180278778
5,13,0.13809579610824585
5,14,0.1508360356092453
5,15,0.13725177943706512
5,16,0.16252551972866058
5,17,0.15836693346500397
5,18,0.15375858545303345
5,19,0.13198620080947876
5,20,0.1458277404308319
5,21,0.16181647777557373
5,22,0.14257055521011353
5,23,0.13873876631259918
5,24,0.17321208119392395
5,25,0.1640370488166809
5,26,0.14444169402122498
5,27,0.1427731215953827
5,28,0.14121919870376587
5,29,0.13064821064472198
5,30,0.1372200846672058
5,31,0.1484067291021347
5,32,0.12427124381065369
5,33,0.13026973605155945
5,34,0.15571585297584534
5,35,0.1355964094400406
5,36,0.13348306715488434
5,37,0.1313614845275879
5,38,0.17038369178771973
5,39,0.1537385731935501
5,40,0.14850428700447083
5,41,0.1365475207567215
5,42,0.14978227019309998
5,43,0.13395455479621887
5,44,0.13812531530857086
5,45,0.13825000822544098
5,46,0.1467086225748062
5,47,0.1417679488658905
5,48,0.14786094427108765
5,49,0.13333533704280853
5,50,0.1371867060661316
5,51,0.14710837602615356
5,52,0.1539834439754486
5,53,0.1392861157655716
5,54,0.15163730084896088
5,55,0.13033387064933777
5,56,0.15877433121204376
5,57,0.14610284566879272
5,58,0.1372949779033661
5,59,0.13623176515102386
5,60,0.14973077178001404
5,61,0.1336473822593689
5,62,0.14020036160945892
5,63,0.14132945239543915
5,64,0.13504114747047424
5,65,0.1355130821466446
5,66,0.12916003167629242
5,67,0.11964184045791626
5,68,0.13686785101890564
5,69,0.15507274866104126
5,70,0.1284894198179245
5,71,0.12956823408603668
5,72,0.1345449984073639
5,73,0.12305639684200287
5,74,0.1287887692451477
5,75,0.14352446794509888
5,76,0.13675232231616974
6,1,0.1411532163619995
6,2,0.1354750245809555
6,3,0.12227679044008255
6,4,0.12980835139751434
6,5,0.12109804153442383
6,6,0.12751729786396027
6,7,0.12235349416732788
6,8,0.12483637034893036
6,9,0.12429678440093994
6,10,0.11683239042758942
6,11,0.12810876965522766
6,12,0.11167915910482407
6,13,0.12869153916835785
6,14,0.1171894371509552
6,15,0.1255194991827011
6,16,0.12422707676887512
6,17,0.13153083622455597
6,18,0.12605011463165283
6,19,0.11693242192268372
6,20,0.1179942935705185
6,21,0.12529386579990387
6,22,0.11362526565790176
6,23,0.12563391029834747
6,24,0.12242281436920166
6,25,0.10947412252426147
6,26,0.12224987149238586
6,27,0.11468517780303955
6,28,0.12252749502658844
6,29,0.10709121823310852
6,30,0.12352690100669861
6,31,0.1358320713043213
6,32,0.1090322732925415
6,33,0.12007801979780197
6,34,0.1132645457983017
6,35,0.11160451173782349
6,36,0.11654717475175858
6,37,0.11553248763084412
6,38,0.10840354859828949
6,39,0.11063038557767868
6,40,0.1240377351641655
6,41,0.12270402908325195
6,42,0.10883527994155884
6,43,0.12851756811141968
6,44,0.11546871066093445
6,45,0.130645290017128
6,46,0.1319875419139862
6,47,0.11130357533693314
6,48,0.12679241597652435
6,49,0.13596537709236145
6,50,0.12192001938819885
6,51,0.10369991511106491
6,52,0.1193612664937973
6,53,0.12548086047172546
6,54,0.11914999783039093
6,55,0.11575216054916382
6,56,0.12923012673854828
6,57,0.12794607877731323
6,58,0.11596719175577164
6,59,0.12641403079032898
6,60,0.11751733720302582
6,61,0.12456098198890686
6,62,0.12295550107955933
6,63,0.10719727724790573
6,64,0.11950920522212982
6,65,0.1194254606962204
6,66,0.13929685950279236
6,67,0.12027604877948761
6,68,0.11972899734973907
6,69,0.11900241672992706
6,70,0.1144697517156601
6,71,0.11214619874954224
6,72,0.11427481472492218
6,73,0.11057769507169724
6,74,0.09898872673511505
6,75,0.11858870089054108
6,76,0.13515202701091766
7,1,0.1013161912560463
7,2,0.11871641874313354
7,3,0.12806910276412964
7,4,0.10829310119152069
7,5,0.11096401512622833
7,6,0.10259495675563812
7,7,0.12095591425895691
7,8,0.0988125205039978
7,9,0.13342773914337158
7,10,0.10843843966722488
7,11,0.10934805870056152
7,12,0.11522239446640015
7,13,0.11624213308095932
7,14,0.10278046131134033
7,15,0.10322690010070801
7,16,0.10526902228593826
7,17,0.10369914025068283
7,18,0.10154199600219727
7,19,0.10749523341655731
7,20,0.11579644680023193
7,21,0.1077328771352768
7,22,0.11201846599578857
7,23,0.1082531064748764
7,24,0.10195806622505188
7,25,0.09586010873317719
7,26,0.11975641548633575
7,27,0.11630472540855408
7,28,0.1112399697303772
7,29,0.1191062405705452
7,30,0.11673904210329056
7,31,0.11321687698364258
7,32,0.1009657010436058
7,33,0.107179656624794
7,34,0.10722015798091888
7,35,0.11245287954807281
7,36,0.10461430251598358
7,37,0.11640779674053192
7,38,0.10302361845970154
7,39,0.10063554346561432
7,40,0.0922374501824379
7,41,0.10792972147464752
7,42,0.11366117000579834
7,43,0.0935240238904953
7,44,0.10237620025873184
7,45,0.09967402368783951
7,46,0.10611297935247421
7,47,0.10700896382331848
7,48,0.09450528025627136
7,49,0.102882519364357
7,50,0.09895514696836472
7,51,0.10864827781915665
7,52,0.11018378287553787
7,53,0.10437820106744766
7,54,0.09807325899600983
7,55,0.10131548345088959
7,56,0.09929794073104858
7,57,0.10876592993736267
7,58,0.09149297326803207
7,59,0.1124575063586235
7,60,0.09258059412240982
7,61,0.09767106920480728
7,62,0.10133424401283264
7,63,0.11517911404371262
7,64,0.09842605143785477
7,65,0.098451629281044
7,66,0.09431396424770355
7,67,0.10370907187461853
7,68,0.10402074456214905
7,69,0.11222565174102783
7,70,0.09927183389663696
7,71,0.08734014630317688
7,72,0.10279259085655212
7,73,0.11439184099435806
7,74,0.10505597293376923
7,75,0.10360611975193024
7,76,0.11368472874164581
8,1,0.09945886582136154
8,2,0.1031782478094101
8,3,0.09400797635316849
8,4,0.08693580329418182
8,5,0.09291211515665054
8,6,0.10237199068069458
8,7,0.09746663272380829
8,8,0.10028514266014099
8,9,0.09811649471521378
8,10,0.09652498364448547
8,11,0.10431349277496338
8,12,0.10880309343338013
8,13,0.11012314260005951
8,14,0.09377481043338776
8,15,0.09732122719287872
8,16,0.11413182318210602
8,17,0.10198019444942474
8,18,0.09363482892513275
8,19,0.09355077147483826
8,20,0.08698190748691559
8,21,0.09381356835365295
8,22,0.130058154463768
8,23,0.10686825215816498
8,24,0.10179751366376877
8,25,0.09704278409481049
8,26,0.10550599545240402
8,27,0.111259326338768
8,28,0.09159210324287415
8,29,0.09124182164669037
8,30,0.09464462846517563
8,31,0.11016621440649033
8,32,0.09221179038286209
8,33,0.09182277321815491
8,34,0.09747786819934845
8,35,0.10170093178749084
8,36,0.10199639201164246
8,37,0.09174299985170364
8,38,0.08258067816495895
8,39,0.08479587733745575
8,40,0.09916083514690399
8,41,0.10306147485971451
8,42,0.08215010166168213
8,43,0.09055227041244507
8,44,0.10030616819858551
8,45,0.09310133010149002
8,46,0.09854857623577118
8,47,0.0903211310505867
8,48,0.11031630635261536
8,49,0.0925164595246315
8,50,0.11579658091068268
8,51,0.09169067442417145
8,52,0.11391308903694153
8,53,0.08962085098028183
8,54,0.10247534513473511
8,55,0.08502611517906189
8,56,0.10059350728988647
8,57,0.0883263424038887
8,58,0.08245058357715607
8,59,0.09358064830303192
8,60,0.08810544013977051
8,61,0.08310855180025101
8,62,0.08934703469276428
8,63,0.1214917004108429
8,64,0.09816982597112656
8,65,0.09977080672979355
8,66,0.09355857968330383
8,67,0.09290601313114166
8,68,0.08019420504570007
8,69,0.09221960604190826
8,70,0.07859081029891968
8,71,0.08967242389917374
8,72,0.0998067632317543
8,73,0.09661120921373367
8,74,0.09942473471164703
8,75,0.09395885467529297
8,76,0.08316453546285629
9,1,0.09082098305225372
9,2,0.08518783748149872
9,3,0.08948312699794769
9,4,0.09341046959161758
9,5,0.08340679109096527
9,6,0.09665175527334213
9,7,0.0889274924993515
9,8,0.11349654197692871
9,9,0.08805307745933533
9,10,0.0974583700299263
9,11,0.08681315183639526
9,12,0.08179318904876709
9,13,0.08841504156589508
9,14,0.08347038924694061
9,15,0.08467307686805725
9,16,0.09069211781024933
9,17,0.08378396928310394
9,18,0.0925619900226593
9,19,0.0973440632224083
9,20,0.09319774061441422
9,21,0.08435000479221344
9,22,0.08120960742235184
9,23,0.0850556343793869
9,24,0.09922637045383453
9,25,0.0850348025560379
9,26,0.09071366488933563
9,27,0.10035626590251923
9,28,0.08458669483661652
9,29,0.07583063840866089
9,30,0.08369345963001251
9,31,0.08406688272953033
9,32,0.08810915052890778
9,33,0.08186927437782288
9,34,0.08936569094657898
9,35,0.0896003246307373
9,36,0.10064233839511871
9,37,0.10188877582550049
9,38,0.08477343618869781
9,39,0.09773978590965271
9,40,0.08481919020414352
9,41,0.09557999670505524
9,42,0.0871092677116394
9,43,0.14340272545814514
9,44,0.08983460068702698
9,45,0.09591666609048843
9,46,0.10921154916286469
9,47,0.08218029886484146
9,48,0.08777595311403275
9,49,0.10838422179222107
9,50,0.09540864825248718
9,51,0.09313307702541351
9,52,0.08939915150403976
9,53,0.09013967961072922
9,54,0.0763564482331276
9,55,0.0815180093050003
9,56,0.09040676057338715
9,57,0.09467943757772446
9,58,0.08639421314001083
9,59,0.08217403292655945
9,60,0.08409012109041214
9,61,0.08288797736167908
9,62,0.09925295412540436
9,63,0.08285963535308838
9,64,0.07257427275180817
9,65,0.09516789019107819
9,66,0.09135720133781433
9,67,0.1017223447561264
9,68,0.09065264463424683
9,69,0.09635281562805176
9,70,0.08003464341163635
9,71,0.08488684892654419
9,72,0.08909975737333298
9,73,0.10858595371246338
9,74,0.1034606322646141
9,75,0.10366110503673553
9,76,0.09617168456315994
10,1,0.09293003380298615
10,2,0.07889941334724426
10,3,0.10871988534927368
10,4,0.07572188973426819
10,5,0.0814620852470398
10,6,0.07330840826034546
10,7,0.09546225517988205
10,8,0.11701062321662903
10,9,0.07963448762893677
10,10,0.08548800647258759
10,11,0.08917983621358871
10,12,0.08973154425621033
10,13,0.08056161552667618
10,14,0.0824563205242157
10,15,0.09130020439624786
10,16,0.07977406680583954
10,17,0.09939412772655487
10,18,0.11580076813697815
10,19,0.07919655740261078
10,20,0.08800067007541656
10,21,0.0884920284152031
10,22,0.0921965017914772
10,23,0.08322963118553162
10,24,0.08276677876710892
10,25,0.0870918482542038
10,26,0.08234314620494843
10,27,0.08092248439788818
10,28,0.09068882465362549
10,29,0.08244399726390839
10,30,0.08188305795192719
10,31,0.07475486397743225
10,32,0.07985702157020569
10,33,0.07451566308736801
10,34,0.0770878717303276
10,35,0.07738777995109558
10,36,0.08697571605443954
10,37,0.07533388584852219
10,38,0.0885365828871727
10,39,0.083277627825737
10,40,0.09553438425064087
10,41,0.09228438884019852
10,42,0.07945692539215088
10,43,0.0973345935344696
10,44,0.07560238242149353
10,45,0.07920780777931213
10,46,0.08917592465877533
10,47,0.08231960237026215
10,48,0.07315653562545776
10,49,0.07245665788650513
10,50,0.07613939046859741
10,51,0.07516516000032425
10,52,0.08168158680200577
10,53,0.0831708014011383
10,54,0.08442780375480652
10,55,0.07732774317264557
10,56,0.0887998640537262
10,57,0.09183252602815628
10,58,0.07683351635932922
10,59,0.0823158323764801
10,60,0.08843139559030533
10,61,0.08700506389141083
10,62,0.07590076327323914
10,63,0.07574233412742615
10,64,0.07831821590662003
10,65,0.07686339318752289
10,66,0.07344825565814972
10,67,0.09016942977905273
10,68,0.067315474152565
10,69,0.08425396680831909
10,70,0.08382932096719742
10,71,0.07888880372047424
10,72,0.09409227222204208
10,73,0.07144394516944885
10,74,0.078885518014431
10,75,0.08488282561302185
10,76,0.07265079766511917
11,1,0.08933503180742264
11,2,0.09020599722862244
11,3,0.08849216997623444
11,4,0.08254391700029373
11,5,0.07656604051589966
11,6,0.06826485693454742
11,7,0.0887855514883995
11,8,0.07183119654655457
11,9,0.07375562191009521
11,10,0.07824382930994034
11,11,0.07719069719314575
11,12,0.0891176387667656
11,13,0.08593149483203888
11,14,0.07927334308624268
11,15,0.0962270051240921
11,16,0.10131263732910156
11,17,0.08372965455055237
11,18,0.08464164286851883
11,19,0.07976637780666351
11,20,0.07694314420223236
11,21,0.08057807385921478
11,22,0.10714820772409439
11,23,0.08673502504825592
11,24,0.07608197629451752
11,25,0.08580642938613892
11,26,0.08368811756372452
11,27,0.08089789003133774
11,28,0.07607784867286682
11,29,0.08088430762290955
11,30,0.08154606074094772
11,31,0.08212251961231232
11,32,0.07098414748907089
11,33,0.06737875938415527
11,34,0.06634920835494995
11,35,0.07877043634653091
11,36,0.07524806261062622
11,37,0.08362597227096558
11,38,0.07139857113361359
11,39,0.07778608798980713
11,40,0.0678693875670433
11,41,0.07776068896055222
11,42,0.08643569052219391
11,43,0.07235867530107498
11,44,0.07380317896604538
11,45,0.08605913817882538
11,46,0.070244200527668
11,47,0.06725378334522247
11,48,0.08139011263847351
11,49,0.08093076944351196
11,50,0.07154375314712524
11,51,0.07979685068130493
11,52,0.07429482042789459
11,53,0.07425634562969208
11,54,0.07767307013273239
11,55,0.08190925419330597
11,56,0.07302610576152802
11,57,0.07853235304355621
11,58,0.07105439901351929
11,59,0.08264166116714478
11,60,0.07187620550394058
11,61,0.06822500377893448
11,62,0.0689397007226944
11,63,0.07150879502296448
11,64,0.08150529861450195
11,65,0.07151256501674652
11,66,0.06945334374904633
11,67,0.08476530015468597
11,68,0.06791193038225174
11,69,0.06706508994102478
11,70,0.07702033966779709
11,71,0.0769423097372055
11,72,0.07787639647722244
11,73,0.08673849701881409
11,74,0.07132348418235779
11,75,0.07322771102190018
11,76,0.07388491928577423
12,1,0.0800422728061676
12,2,0.06340283155441284
12,3,0.07841804623603821
12,4,0.07192699611186981
12,5,0.06697843968868256
12,6,0.08362223207950592
12,7,0.07433634996414185
12,8,0.07583894580602646
12,9,0.0807991549372673
12,10,0.07620544731616974
12,11,0.09460866451263428
12,12,0.08716041594743729
12,13,0.07880564033985138
12,14,0.09560896456241608
12,15,0.08614350855350494
12,16,0.07927845418453217
12,17,0.07487136125564575
12,18,0.0929509848356247
12,19,0.09500587731599808
12,20,0.10064361989498138
12,21,0.0747482031583786
12,22,0.08246982097625732
12,23,0.07188477367162704
12,24,0.06995292007923126
12,25,0.08152944594621658
12,26,0.07098739594221115
12,27,0.06753349304199219
12,28,0.07690845429897308
12,29,0.07037264853715897
12,30,0.07975289225578308
12,31,0.06546288728713989
12,32,0.07271832227706909
12,33,0.07712580263614655
12,34,0.06904292106628418
12,35,0.072530597448349
12,36,0.10045045614242554
12,37,0.08559194952249527
12,38,0.08970377594232559
12,39,0.0731046199798584
12,40,0.0799669623374939
12,41,0.08173363655805588
12,42,0.08763748407363892
12,43,0.08146561682224274
12,44,0.06505380570888519
12,45,0.0843641459941864
12,46,0.07780611515045166
12,47,0.07374827563762665
12,48,0.07022712379693985
12,49,0.0806155800819397
12,50,0.07386179268360138
12,51,0.08803430199623108
12,52,0.07342870533466339
12,53,0.10779771208763123
12,54,0.08227381110191345
12,55,0.08543036878108978
12,56,0.08512638509273529
12,57,0.07959897071123123
12,58,0.08283139765262604
12,59,0.08021524548530579
12,60,0.07482361793518066
12,61,0.08088287711143494
12,62,0.07656034827232361
12,63,0.09712624549865723
12,64,0.0881960541009903
12,65,0.09934970736503601
12,66,0.0877978652715683
12,67,0.07415379583835602
12,68,0.0747152715921402
12,69,0.08198407292366028
12,70,0.09816759824752808
12,71,0.08081052452325821
12,72,0.0819564238190651
12,73,0.07488763332366943
12,74,0.08173765987157822
12,75,0.07338328659534454
12,76,0.08085526525974274
13,1,0.07498320937156677
13,2,0.0907425731420517
13,3,0.07284273207187653
13,4,0.07596701383590698
13,5,0.07909014075994492
13,6,0.07347295433282852
13,7,0.06752899289131165
13,8,0.061652280390262604
13,9,0.06619210541248322
13,10,0.07397144287824631
13,11,0.07740455865859985
13,12,0.06560090184211731
13,13,0.08114103972911835
13,14,0.09102287888526917
13,15,0.07487256079912186
13,16,0.07175638526678085
13,17,0.08334517478942871
13,18,0.08441141992807388
13,19,0.07024890184402466
13,20,0.06765975058078766
13,21,0.0730571448802948
13,22,0.06661076843738556
13,23,0.09147420525550842
13,24,0.07101038098335266
13,25,0.0759914219379425
13,26,0.06666737794876099
13,27,0.06494782865047455
13,28,0.07131810486316681
13,29,0.07435160875320435
13,30,0.08553098142147064
13,31,0.06664445251226425
13,32,0.06796684861183167
13,33,0.06672930717468262
13,34,0.08344627916812897
13,35,0.07990185171365738
13,36,0.0756315290927887
13,37,0.07745461165904999
13,38,0.068137027323246
13,39,0.05831087380647659
13,40,0.07734807580709457
13,41,0.08875647187232971
13,42,0.07455240190029144
13,43,0.06349222362041473
13,44,0.06691601872444153
13,45,0.07552852481603622
13,46,0.07658248394727707
13,47,0.06908707320690155
13,48,0.07890598475933075
13,49,0.06549036502838135
13,50,0.07954230904579163
13,51,0.0699504017829895
13,52,0.07124953716993332
13,53,0.07529757171869278
13,54,0.08180560916662216
13,55,0.07507885992527008
13,56,0.06599156558513641
13,57,0.05520854890346527
13,58,0.06794954836368561
13,59,0.06915225088596344
13,60,0.07308860123157501
13,61,0.07153518497943878
13,62,0.07231178879737854
13,63,0.07623080909252167
13,64,0.0632336363196373
13,65,0.06483804434537888
13,66,0.07337134331464767
13,67,0.06757355481386185
13,68,0.06095888838171959
13,69,0.06610266864299774
13,70,0.08042483031749725
13,71,0.06810588389635086
13,72,0.08346603810787201
13,73,0.08491842448711395
13,74,0.07187044620513916
13,75,0.0745634064078331
13,76,0.06608913838863373
14,1,0.06385751068592072
14,2,0.07050073891878128
14,3,0.06644976884126663
14,4,0.06882771849632263
14,5,0.06943230330944061
14,6,0.06641723215579987
14,7,0.06907443702220917
14,8,0.07711619138717651
14,9,0.0693528801202774
14,10,0.09016551077365875
14,11,0.06606736779212952
14,12,0.07431384921073914
14,13,0.0648355484008789
14,14,0.06314811110496521
14,15,0.09590096771717072
14,16,0.07071654498577118
14,17,0.06943780183792114
14,18,0.06758275628089905
14,19,0.0754833072423935
14,20,0.09130775928497314
14,21,0.06989553570747375
14,22,0.08414016664028168
14,23,0.06686444580554962
14,24,0.07297071814537048
14,25,0.0746864601969719
14,26,0.0750107690691948
14,27,0.06988250464200974
14,28,0.07391736656427383
14,29,0.07804848253726959
14,30,0.06472934782505035
14,31,0.05874704197049141
14,32,0.07968438416719437
14,33,0.0615508034825325
14,34,0.06943634152412415
14,35,0.0684007853269577
14,36,0.08588527143001556
14,37,0.07325363904237747
14,38,0.05990147963166237
14,39,0.062377095222473145
14,40,0.06670357286930084
14,41,0.06475202739238739
14,42,0.07609148323535919
14,43,0.08402863144874573
14,44,0.07063648104667664
14,45,0.057459548115730286
14,46,0.0705161914229393
14,47,0.07219722867012024
14,48,0.07396618276834488
14,49,0.07340631633996964
14,50,0.0792553648352623
14,51,0.0765824094414711
14,52,0.0695999264717102
14,53,0.07377222925424576
14,54,0.06670363247394562
14,55,0.07296711206436157
14,56,0.06309430301189423
14,57,0.061830684542655945
14,58,0.0676349550485611
14,59,0.07648263871669769
14,60,0.07692085206508636
14,61,0.07366649061441422
14,62,0.08681433647871017
14,63,0.0645640566945076
14,64,0.07204708456993103
14,65,0.07759882509708405
14,66,0.06271273642778397
14,67,0.08147459477186203
14,68,0.07348151504993439
14,69,0.08011385798454285
14,70,0.07408492267131805
14,71,0.0712713822722435
14,72,0.07242774963378906
14,73,0.06466156244277954
14,74,0.0707310289144516
14,75,0.07061118632555008
14,76,0.07260756194591522
15,1,0.06592843681573868
15,2,0.0789743959903717
15,3,0.07138560712337494
15,4,0.07656219601631165
15,5,0.06338143348693848
15,6,0.06341687589883804
15,7,0.06723032891750336
15,8,0.06099919229745865
15,9,0.06832214444875717
15,10,0.06367132812738419
15,11,0.058632973581552505
15,12,0.06691370904445648
15,13,0.0684719830751419
15,14,0.07180599868297577
15,15,0.07465669512748718
15,16,0.06179218739271164
15,17,0.05766677111387253
15,18,0.0728798657655716
15,19,0.06892554461956024
15,20,0.07146736979484558
15,21,0.06568725407123566
15,22,0.06780259311199188
15,23,0.08115580677986145
15,24,0.06671932339668274
15,25,0.07162705808877945
15,26,0.07270725816488266
15,27,0.07810261845588684
15,28,0.0826265960931778
15,29,0.06953146308660507
15,30,0.07723616808652878
15,31,0.06632837653160095
15,32,0.07440707832574844
15,33,0.06827996671199799
15,34,0.07720942795276642
15,35,0.06381751596927643
15,36,0.0755603164434433
15,37,0.06647258996963501
15,38,0.07718364149332047
15,39,0.07261744141578674
15,40,0.06026327610015869
15,41,0.06445501744747162
15,42,0.06080682575702667
15,43,0.07035146653652191
15,44,0.05846678465604782
15,45,0.06491988897323608
15,46,0.06932379305362701
15,47,0.07500872761011124
15,48,0.06959116458892822
15,49,0.07065422832965851
15,50,0.07549382746219635
15,51,0.06470407545566559
15,52,0.07198655605316162
15,53,0.06671897321939468
15,54,0.07139938324689865
15,55,0.06888836622238159
15,56,0.066653773188591
15,57,0.06834543496370316
15,58,0.06999487429857254
15,59,0.0809485986828804
15,60,0.0662650465965271
15,61,0.0605040043592453
15,62,0.08094233274459839
15,63,0.06741026043891907
15,64,0.06419254839420319
15,65,0.07640761137008667
15,66,0.06714989244937897
15,67,0.059220507740974426
15,68,0.06479482352733612
15,69,0.07919639348983765
15,70,0.06370486319065094
15,71,0.06505890190601349
15,72,0.06316370517015457
15,73,0.06711369752883911
15,74,0.07278339564800262
15,75,0.0673261284828186
15,76,0.09279385209083557
16,1,0.07079049944877625
16,2,0.06344543397426605
16,3,0.07292614877223969
16,4,0.07301786541938782
16,5,0.06925901770591736
16,6,0.06233006343245506
16,7,0.07903306931257248
16,8,0.0603913813829422
16,9,0.08116695284843445
16,10,0.07082091271877289
16,11,0.07079201936721802
16,12,0.06155022606253624
16,13,0.07421953231096268
16,14,0.07642529904842377
16,15,0.06551742553710938
16,16,0.07948607951402664
16,17,0.07423750311136246
16,18,0.096343994140625
16,19,0.0723085030913353
16,20,0.08734221756458282
16,21,0.07469319552183151
16,22,0.06791755557060242
16,23,0.07638277858495712
16,24,0.06826992332935333
16,25,0.07044469565153122
16,26,0.07590268552303314
16,27,0.07619410008192062
16,28,0.0624828077852726
16,29,0.07506974041461945
16,30,0.06974463909864426
16,31,0.08761480450630188
16,32,0.07284188270568848
16,33,0.0728834867477417
16,34,0.06232629716396332
16,35,0.07087617367506027
16,36,0.06236044317483902
16,37,0.07242824137210846
16,38,0.06997435539960861
16,39,0.07146374881267548
16,40,0.0818810760974884
16,41,0.08102637529373169
16,42,0.06435537338256836
16,43,0.06173081696033478
16,44,0.0816272720694542
16,45,0.06953741610050201
16,46,0.10719847679138184
16,47,0.06868846714496613
16,48,0.08291055262088776
16,49,0.073611319065094
16,50,0.06370702385902405
16,51,0.06877271085977554
16,52,0.08261283487081528
16,53,0.08134977519512177
16,54,0.06529950350522995
16,55,0.0702911764383316
16,56,0.08618830144405365
16,57,0.07052486389875412
16,58,0.07264112681150436
16,59,0.06607465445995331
16,60,0.06991934776306152
16,61,0.09391625225543976
16,62,0.061084549874067307
16,63,0.0664445012807846
16,64,0.07545501738786697
16,65,0.07199275493621826
16,66,0.08546923846006393
16,67,0.06699297577142715
16,68,0.06823334097862244
16,69,0.05418328568339348
16,70,0.06254182010889053
16,71,0.06947088986635208
16,72,0.06769267469644547
16,73,0.06843998283147812
16,74,0.06614619493484497
16,75,0.06766827404499054
16,76,0.0653463825583458
17,1,0.0633736401796341
17,2,0.07676521688699722
17,3,0.0667857900261879
17,4,0.07042062282562256
17,5,0.05997437983751297
17,6,0.06530598551034927
17,7,0.07335326075553894
17,8,0.0725017562508583
17,9,0.05571865290403366
17,10,0.06067799776792526
17,11,0.07830245792865753
17,12,0.07185529172420502
17,13,0.06791592389345169
17,14,0.057651128619909286
17,15,0.08580298721790314
17,16,0.0555223785340786
17,17,0.07798878848552704
17,18,0.07303424179553986
17,19,0.07493668794631958
17,20,0.07395573705434799
17,21,0.06942231953144073
17,22,0.06180739775300026
17,23,0.05889872461557388
17,24,0.06070937216281891
17,25,0.06570221483707428
17,26,0.06429707258939743
17,27,0.0668862834572792
17,28,0.06536303460597992
17,29,0.07061512768268585
17,30,0.0573718436062336
17,31,0.09534052014350891
17,32,0.07735466212034225
17,33,0.06491047143936157
17,34,0.07883372902870178
17,35,0.06863726675510406
17,36,0.07491827756166458
17,37,0.068710096180439
17,38,0.06335415691137314
17,39,0.06316350400447845
17,40,0.0588616281747818
17,41,0.0661851018667221
17,42,0.07249817252159119
17,43,0.06684079766273499
17,44,0.06407377868890762
17,45,0.05834393948316574
17,46,0.09966998547315598
17,47,0.06660714745521545
17,48,0.0663694441318512
17,49,0.06978825479745865
17,50,0.074732206761837
17,51,0.06899203360080719
17,52,0.0651913434267044
17,53,0.0749443918466568
17,54,0.08850172162055969
17,55,0.06574881076812744
17,56,0.062094803899526596
17,57,0.0668715387582779
17,58,0.06269241869449615
17,59,0.06466513127088547
17,60,0.07924903184175491
17,61,0.06469041109085083
17,62,0.06593535840511322
17,63,0.056106142699718475
17,64,0.05752212554216385
17,65,0.07000717520713806
17,66,0.07041005790233612
17,67,0.05914108455181122
17,68,0.060745373368263245
17,69,0.07564474642276764
17,70,0.05839579552412033
17,71,0.06389147788286209
17,72,0.06735874712467194
17,73,0.054289866238832474
17,74,0.054124865680933
17,75,0.06569287180900574
17,76,0.06196505203843117
18,1,0.06376254558563232
18,2,0.06787262856960297
18,3,0.05852216109633446
18,4,0.06949163973331451
18,5,0.059875451028347015
18,6,0.06665415316820145
18,7,0.06221829354763031
18,8,0.07684613019227982
18,9,0.05994798615574837
18,10,0.058406177908182144
18,11,0.05834049731492996
18,12,0.062110986560583115
18,13,0.08453038334846497
18,14,0.06365475803613663
18,15,0.05584641918540001
18,16,0.05834895372390747
18,17,0.06435971707105637
18,18,0.06326213479042053
18,19,0.06060266122221947
18,20,0.07088744640350342
18,21,0.06904486566781998
18,22,0.06579302996397018
18,23,0.07466797530651093
18,24,0.05965421348810196
18,25,0.06256234645843506
18,26,0.06387612968683243
18,27,0.060559019446372986
18,28,0.0709618330001831
18,29,0.057306237518787384
18,30,0.06181974336504936
18,31,0.06534884124994278
18,32,0.06483711302280426
18,33,0.05975104123353958
18,34,0.06071290373802185
18,35,0.0590190663933754
18,36,0.0578625462949276
18,37,0.0693569928407669
18,38,0.06426273286342621
18,39,0.055785104632377625
18,40,0.05536907538771629
18,41,0.06323385238647461
18,42,0.05949006229639053
18,43,0.055126484483480453
18,44,0.05817791447043419
18,45,0.05440007150173187
18,46,0.06157924607396126
18,47,0.060175180435180664
18,48,0.05166478455066681
18,49,0.06698839366436005
18,50,0.06436743587255478
18,51,0.05870272219181061
18,52,0.06834931671619415
18,53,0.06426608562469482
18,54,0.0673532783985138
18,55,0.0684167891740799
18,56,0.05660798400640488
18,57,0.06786394119262695
18,58,0.07698892056941986
18,59,0.06705868989229202
18,60,0.07626757770776749
18,61,0.0709199607372284
18,62,0.0673505961894989
18,63,0.07706056535243988
18,64,0.05276867002248764
18,65,0.05607784166932106
18,66,0.06456296145915985
18,67,0.06690427660942078
18,68,0.06500320136547089
18,69,0.06053561717271805
18,70,0.06447146087884903
18,71,0.05808704346418381
18,72,0.06539043039083481
18,73,0.06081834062933922
18,74,0.06151411682367325
18,75,0.06659229099750519
18,76,0.062163736671209335
19,1,0.0625847578048706
19,2,0.05588987097144127
19,3,0.06793296337127686
19,4,0.06309707462787628
19,5,0.06679865717887878
19,6,0.04985959455370903
19,7,0.08272473514080048
19,8,0.058472029864788055
19,9,0.06129514425992966
19,10,0.058296531438827515
19,11,0.05809907242655754
19,12,0.05356147140264511
19,13,0.06217498332262039
19,14,0.05881326645612717
19,15,0.091339111328125
19,16,0.05238837003707886
19,17,0.0602719783782959
19,18,0.06729382276535034
19,19,0.06012890860438347
19,20,0.07223450392484665
19,21,0.06240437179803848
19,22,0.05634286254644394
19,23,0.06357540935277939
19,24,0.0570652149617672
19,25,0.061673544347286224
19,26,0.06300736963748932
19,27,0.07453974336385727
19,28,0.07054920494556427
19,29,0.08009201288223267
19,30,0.06610052287578583
19,31,0.07037612795829773
19,32,0.07512937486171722
19,33,0.05795511230826378
19,34,0.06460516154766083
19,35,0.06611715257167816
19,36,0.06519979983568192
19,37,0.06382657587528229
19,38,0.06345567107200623
19,39,0.07433032244443893
19,40,0.06366348266601562
19,41,0.0664462149143219
19,42,0.06597365438938141
19,43,0.06651052832603455
19,44,0.06431009620428085
19,45,0.06643456965684891
19,46,0.05912367254495621
19,47,0.05565977841615677
19,48,0.06048968434333801
19,49,0.06330171227455139
19,50,0.075234554708004
19,51,0.05572065711021423
19,52,0.0571255125105381
19,53,0.06091400608420372
19,54,0.05121152102947235
19,55,0.06681814789772034
19,56,0.05973845720291138
19,57,0.05453665181994438
19,58,0.06035572290420532
19,59,0.058815717697143555
19,60,0.06502030044794083
19,61,0.07023372501134872
19,62,0.05113536864519119
19,63,0.054250568151474
19,64,0.06013429909944534
19,65,0.06337635219097137
19,66,0.05066171661019325
19,67,0.0555679127573967
19,68,0.0754702091217041
19,69,0.06182350590825081
19,70,0.07203131914138794
19,71,0.06247728317975998
19,72,0.05711796507239342
19,73,0.06670911610126495
19,74,0.06760477274656296
19,75,0.06632566452026367
19,76,0.05494258552789688
20,1,0.064760722219944
20,2,0.06477971374988556
20,3,0.06298170983791351
20,4,0.05368389934301376
20,5,0.06214085966348648
20,6,0.06596922129392624
20,7,0.060568876564502716
20,8,0.06210928410291672
20,9,0.07495009899139404
20,10,0.05912993848323822
20,11,0.05420287325978279
20,12,0.051504455506801605
20,13,0.06357312202453613
20,14,0.06893087923526764
20,15,0.060568250715732574
20,16,0.06214521452784538
20,17,0.07129783928394318
20,18,0.056051529943943024
20,19,0.06316828727722168
20,20,0.05954160541296005
20,21,0.06547347456216812
20,22,0.05740247666835785
20,23,0.06156056001782417
20,24,0.06999850273132324
20,25,0.06485223770141602
20,26,0.06256946921348572
20,27,0.06490519642829895
20,28,0.060408324003219604
20,29,0.04926814138889313
20,30,0.05503140762448311
20,31,0.0635247677564621
20,32,0.06545045226812363
20,33,0.056371621787548065
20,34,0.0565406009554863
20,35,0.06600578129291534
20,36,0.05044015496969223
20,37,0.05373469740152359
20,38,0.05785604193806648
20,39,0.06432898342609406
20,40,0.0645744800567627
20,41,0.05237527936697006
20,42,0.05880717933177948
20,43,0.05724947154521942
20,44,0.05916465446352959
20,45,0.08286213874816895
20,46,0.0561886802315712
20,47,0.051315292716026306
20,48,0.06183955445885658
20,49,0.06223362684249878
20,50,0.07924742996692657
20,51,0.05658581107854843
20,52,0.06237754598259926
20,53,0.050596751272678375
20,54,0.06209840625524521
20,55,0.06194967031478882
20,56,0.061735041439533234
20,57,0.056537117809057236
20,58,0.06874100863933563
20,59,0.05507059022784233
20,60,0.07305212318897247
20,61,0.06234312057495117
20,62,0.05726168304681778
20,63,0.057918258011341095
20,64,0.07875771075487137
20,65,0.06433822214603424
20,66,0.0632142722606659
20,67,0.06242222338914871
20,68,0.05821533501148224
20,69,0.07016144692897797
20,70,0.06820844113826752
20,71,0.056540172547101974
20,72,0.06947833299636841
20,73,0.055478353053331375
20,74,0.055456727743148804
20,75,0.07120230793952942
20,76,0.07392632216215134
21,1,0.07024073600769043
21,2,0.05777769535779953
21,3,0.05831871181726456
21,4,0.05886037275195122
21,5,0.06224505230784416
21,6,0.05854358524084091
21,7,0.052596740424633026
21,8,0.06536515057086945
21,9,0.0542454868555069
21,10,0.05228729546070099
21,11,0.06356654316186905
21,12,0.06010441854596138
21,13,0.052941545844078064
21,14,0.070411317050457
21,15,0.05696210637688637
21,16,0.061743199825286865
21,17,0.06754170358181
21,18,0.06035589054226875
21,19,0.0609685555100441
21,20,0.0711466372013092
21,21,0.0675114095211029
21,22,0.0536288321018219
21,23,0.05444510281085968
21,24,0.06650426983833313
21,25,0.06576123833656311
21,26,0.06672532856464386
21,27,0.056940846145153046
21,28,0.06718626618385315
21,29,0.058846890926361084
21,30,0.06329764425754547
21,31,0.06261537224054337
21,32,0.06151125580072403
21,33,0.05738425254821777
21,34,0.05381908640265465
21,35,0.05687810480594635
21,36,0.04713401943445206
21,37,0.058412253856658936
21,38,0.05972924828529358
21,39,0.0584721639752388
21,40,0.048710696399211884
21,41,0.06363755464553833
21,42,0.05414086952805519
21,43,0.06133183836936951
21,44,0.063848577439785
21,45,0.0551244392991066
21,46,0.0644109845161438
21,47,0.04513508453965187
21,48,0.06121908500790596
21,49,0.04882539063692093
21,50,0.06375551968812943
21,51,0.05495823547244072
21,52,0.05456046387553215
21,53,0.06066899374127388
21,54,0.07000356912612915
21,55,0.06559427082538605
21,56,0.06380431354045868
21,57,0.06450529396533966
21,58,0.0579264760017395
21,59,0.05461518466472626
21,60,0.05594048276543617
21,61,0.0567903146147728
21,62,0.05117814987897873
21,63,0.04924441874027252
21,64,0.05588435381650925
21,65,0.05536918342113495
21,66,0.054801542311906815
21,67,0.051663026213645935
21,68,0.053518664091825485
21,69,0.05715988203883171
21,70,0.05997452139854431
21,71,0.0549541637301445
21,72,0.05719636753201485
21,73,0.061526380479335785
21,74,0.06510133296251297
21,75,0.04647015407681465
21,76,0.06200294569134712
22,1,0.053316451609134674
22,2,0.05419343337416649
22,3,0.05895758047699928
22,4,0.05092368274927139
22,5,0.05390717089176178
22,6,0.05880575627088547
22,7,0.054366372525691986
22,8,0.06255075335502625
22,9,0.05144161731004715
22,10,0.050913065671920776
22,11,0.07339675724506378
22,12,0.05465808883309364
22,13,0.05386248230934143
22,14,0.05415567383170128
22,15,0.05353418365120888
22,16,0.06909202039241791
22,17,0.07080093026161194
22,18,0.05681387707591057
22,19,0.04501192644238472
22,20,0.0537588894367218
22,21,0.049615807831287384
22,22,0.058365434408187866
22,23,0.05037204176187515
22,24,0.060128048062324524
22,25,0.05265911668539047
22,26,0.0615624338388443
22,27,0.05812506377696991
22,28,0.05819679796695709
22,29,0.05289113521575928
22,30,0.05215827375650406
22,31,0.061097852885723114
22,32,0.05634230002760887
22,33,0.04677096754312515
22,34,0.059119611978530884
22,35,0.06817911565303802
22,36,0.05657745897769928
22,37,0.05788616091012955
22,38,0.060870327055454254
22,39,0.05489017441868782
22,40,0.06261270493268967
22,41,0.0630050003528595
22,42,0.06679907441139221
22,43,0.047680746763944626
22,44,0.04752843454480171
22,45,0.06126272678375244
22,46,0.06549704819917679
22,47,0.07715348899364471
22,48,0.057910993695259094
22,49,0.04489884153008461
22,50,0.06502273678779602
22,51,0.06273789703845978
22,52,0.05449516326189041
22,53,0.05703119561076164
22,54,0.06787033379077911
22,55,0.05211512744426727
22,56,0.05733030289411545
22,57,0.0566525012254715
22,58,0.06033870950341225
22,59,0.05981706082820892
22,60,0.05111602693796158
22,61,0.060037583112716675
22,62,0.054734501987695694
22,63,0.059383511543273926
22,64,0.05885279178619385
22,65,0.05636487901210785
22,66,0.05376939848065376
22,67,0.053849682211875916
22,68,0.06053377687931061
22,69,0.054451167583465576
22,70,0.05695999413728714
22,71,0.0507960207760334
22,72,0.0622640959918499
22,73,0.05828477442264557
22,74,0.04811551794409752
22,75,0.06657940149307251
22,76,0.06908129155635834
23,1,0.06757813692092896
23,2,0.04980653524398804
23,3,0.06071574240922928
23,4,0.05387309938669205
23,5,0.06124064326286316
23,6,0.05382838100194931
23,7,0.06304886937141418
23,8,0.06776812672615051
23,9,0.05211283266544342
23,10,0.054143842309713364
23,11,0.05082152783870697
23,12,0.0637538880109787
23,13,0.06220923736691475
23,14,0.052064619958400726
23,15,0.05405276268720627
23,16,0.06799595057964325
23,17,0.05109366774559021
23,18,0.06231805309653282
23,19,0.056079789996147156
23,20,0.05893068015575409
23,21,0.055005960166454315
23,22,0.05423939228057861
23,23,0.06162088364362717
23,24,0.05730313062667847
23,25,0.06375688314437866
23,26,0.07182034850120544
23,27,0.06170089170336723
23,28,0.06684140115976334
23,29,0.056886717677116394
23,30,0.07083776593208313
23,31,0.055078744888305664
23,32,0.06583008915185928
23,33,0.06866555660963058
23,34,0.05500528961420059
23,35,0.05523834377527237
23,36,0.06554471701383591
23,37,0.06116385757923126
23,38,0.06450970470905304
23,39,0.05828040838241577
23,40,0.05225735902786255
23,41,0.052166860550642014
23,42,0.062163591384887695
23,43,0.062470387667417526
23,44,0.055369626730680466
23,45,0.05128370225429535
23,46,0.057664066553115845
23,47,0.05415283143520355
23,48,0.05580306053161621
23,49,0.06373640894889832
23,50,0.061956703662872314
23,51,0.0612778477370739
23,52,0.07052728533744812
23,53,0.05358925834298134
23,54,0.05491109937429428
23,55,0.05751992017030716
23,56,0.049868904054164886
23,57,0.056610483676195145
23,58,0.05921296030282974
23,59,0.04997115582227707
23,60,0.06965702772140503
23,61,0.06997703015804291
23,62,0.06340993195772171
23,63,0.060172997415065765
23,64,0.05373483896255493
23,65,0.05449419096112251
23,66,0.05449693650007248
23,67,0.0645473524928093
23,68,0.04977249354124069
23,69,0.05824717879295349
23,70,0.06251110136508942
23,71,0.06101277470588684
23,72,0.05962039530277252
23,73,0.0715002492070198
23,74,0.0627560019493103
23,75,0.049248673021793365
23,76,0.05200523883104324
24,1,0.05569654330611229
24,2,0.0708463042974472
24,3,0.05412912368774414
24,4,0.05095919966697693
24,5,0.06572157889604568
24,6,0.05061782896518707
24,7,0.0598817840218544
24,8,0.059512265026569366
24,9,0.05647654086351395
24,10,0.056170959025621414
24,11,0.05237248167395592
24,12,0.05085571110248566
24,13,0.059259068220853806
24,14,0.05642233043909073
24,15,0.05415181443095207
24,16,0.06008119508624077
24,17,0.046478696167469025
24,18,0.05396848917007446
24,19,0.05657234042882919
24,20,0.0898413211107254
24,21,0.05015670880675316
24,22,0.05295896902680397
24,23,0.05308157205581665
24,24,0.05162378400564194
24,25,0.05045454204082489
24,26,0.057228557765483856
24,27,0.049174509942531586
24,28,0.05501478537917137
24,29,0.05575881898403168
24,30,0.05523669719696045
24,31,0.054009899497032166
24,32,0.052332803606987
24,33,0.053241245448589325
24,34,0.05742329731583595
24,35,0.05950434133410454
24,36,0.06601336598396301
24,37,0.06191617250442505
24,38,0.05447481572628021
24,39,0.0637647733092308
24,40,0.05741669610142708
24,41,0.06624627858400345
24,42,0.04919513314962387
24,43,0.054076336324214935
24,44,0.05883776769042015
24,45,0.0553639754652977
24,46,0.05298083648085594
24,47,0.047090306878089905
24,48,0.05018909275531769
24,49,0.05847219377756119
24,50,0.05769318342208862
24,51,0.059733472764492035
24,52,0.06405416131019592
24,53,0.059441227465867996
24,54,0.05233267694711685
24,55,0.06928582489490509
24,56,0.05295819789171219
24,57,0.0524480864405632
24,58,0.06456238031387329
24,59,0.058295413851737976
24,60,0.06260330229997635
24,61,0.06833907216787338
24,62,0.07232867181301117
24,63,0.05863593518733978
24,64,0.05683848634362221
24,65,0.06322070211172104
24,66,0.0663829892873764
24,67,0.061473213136196136
24,68,0.059480488300323486
24,69,0.05118256062269211
24,70,0.05341580510139465
24,71,0.06186117231845856
24,72,0.057162750512361526
24,73,0.05477125942707062
24,74,0.059228092432022095
24,75,0.06793375313282013
24,76,0.06601232290267944
25,1,0.05103325471282005
25,2,0.066033273935318
25,3,0.05157318338751793
25,4,0.051429614424705505
25,5,0.047858260571956635
25,6,0.07007075101137161
25,7,0.04945196211338043
25,8,0.05081023648381233
25,9,0.06226666644215584
25,10,0.05708973854780197
25,11,0.053416814655065536
25,12,0.06074131280183792
25,13,0.057177163660526276
25,14,0.05681511014699936
25,15,0.055581748485565186
25,16,0.05126470327377319
25,17,0.05241435393691063
25,18,0.050984062254428864
25,19,0.06271613389253616
25,20,0.06174644082784653
25,21,0.06068207696080208
25,22,0.05733594298362732
25,23,0.05697942525148392
25,24,0.055822424590587616
25,25,0.0554957278072834
25,26,0.07294416427612305
25,27,0.05554473400115967
25,28,0.05872335657477379
25,29,0.056065917015075684
25,30,0.05617784336209297
25,31,0.04606293886899948
25,32,0.0622611865401268
25,33,0.0572403147816658
25,34,0.057025108486413956
25,35,0.04970297962427139
25,36,0.049612149596214294
25,37,0.0700492411851883
25,38,0.056002844125032425
25,39,0.05389498546719551
25,40,0.049975186586380005
25,41,0.051275212317705154
25,42,0.05097240209579468
25,43,0.04917679727077484
25,44,0.048037610948085785
25,45,0.05567724257707596
25,46,0.04898341745138168
25,47,0.06617455184459686
25,48,0.06859993189573288
25,49,0.06544268131256104
25,50,0.05261269956827164
25,51,0.06522609293460846
25,52,0.06252668052911758
25,53,0.0548538863658905
25,54,0.06437457352876663
25,55,0.05783481150865555
25,56,0.05031242221593857
25,57,0.05074725300073624
25,58,0.051141537725925446
25,59,0.05278346687555313
25,60,0.05680057033896446
25,61,0.04971691220998764
25,62,0.05183537304401398
25,63,0.06422198563814163
25,64,0.04795391857624054
25,65,0.060324668884277344
25,66,0.06004367396235466
25,67,0.062189582735300064
25,68,0.06487511098384857
25,69,0.06761818379163742
25,70,0.06021271273493767
25,71,0.05028875172138214
25,72,0.05841507762670517
25,73,0.05682065337896347
25,74,0.057352468371391296
25,75,0.05922261252999306
25,76,0.057875826954841614
26,1,0.0649038776755333
26,2,0.05398114025592804
26,3,0.059037670493125916
26,4,0.05752577632665634
26,5,0.056955624371767044
26,6,0.06298291683197021
26,7,0.052700143307447433
26,8,0.059622254222631454
26,9,0.05468931794166565
26,10,0.051545098423957825
26,11,0.04745464771986008
26,12,0.05838339030742645
26,13,0.05173501372337341
26,14,0.04540888965129852
26,15,0.05462851747870445
26,16,0.059671107679605484
26,17,0.053736068308353424
26,18,0.0611603781580925
26,19,0.05639536678791046
26,20,0.04871580749750137
26,21,0.06816856563091278
26,22,0.04584761708974838
26,23,0.05881809443235397
26,24,0.05639205127954483
26,25,0.05571851506829262
26,26,0.05131009966135025
26,27,0.05407609045505524
26,28,0.055075064301490784
26,29,0.05091876536607742
26,30,0.05786029249429703
26,31,0.051636651158332825
26,32,0.06594668328762054
26,33,0.05530206859111786
26,34,0.04770367965102196
26,35,0.06077410653233528
26,36,0.0553831048309803
26,37,0.0516815260052681
26,38,0.0664837658405304
26,39,0.0607413649559021
26,40,0.04494185000658035
26,41,0.05288369953632355
26,42,0.05541718751192093
26,43,0.05061912536621094
26,44,0.05769782140851021
26,45,0.059164658188819885
26,46,0.059234052896499634
26,47,0.05433957278728485
26,48,0.05116243660449982
26,49,0.05036849528551102
26,50,0.05068836361169815
26,51,0.0604100227355957
26,52,0.0615822859108448
26,53,0.04331977292895317
26,54,0.04963759332895279
26,55,0.047843024134635925
26,56,0.0614260733127594
26,57,0.05068844556808472
26,58,0.05627242848277092
26,59,0.07541272044181824
26,60,0.05379641801118851
26,61,0.05325816571712494
26,62,0.05380144715309143
26,63,0.058462198823690414
26,64,0.051432233303785324
26,65,0.05297437682747841
26,66,0.05516751483082771
26,67,0.05042538046836853
26,68,0.05572223663330078
26,69,0.05662505328655243
26,70,0.04619373381137848
26,71,0.052170153707265854
26,72,0.04924514517188072
26,73,0.04714425653219223
26,74,0.06476406753063202
26,75,0.05847293138504028
26,76,0.05575951561331749
27,1,0.05309535562992096
27,2,0.0520266592502594
27,3,0.05236845463514328
27,4,0.056434303522109985
27,5,0.05210456997156143
27,6,0.05286746472120285
27,7,0.04633839428424835
27,8,0.048890527337789536
27,9,0.05014532804489136
27,10,0.05954405665397644
27,11,0.05621737241744995
27,12,0.05001692473888397
27,13,0.048703864216804504
27,14,0.04917047172784805
27,15,0.05613391101360321
27,16,0.05351865664124489
27,17,0.05014337971806526
27,18,0.06130843609571457
27,19,0.05271081626415253
27,20,0.052369847893714905
27,21,0.062195271253585815
27,22,0.05395296961069107
27,23,0.047335267066955566
27,24,0.05825188383460045
27,25,0.05450110137462616
27,26,0.05702590197324753
27,27,0.05201973393559456
27,28,0.05172465741634369
27,29,0.05006096512079239
27,30,0.060613662004470825
27,31,0.05971740558743477
27,32,0.05768844112753868
27,33,0.05952379107475281
27,34,0.051592107862234116
27,35,0.047071706503629684
27,36,0.04719322919845581
27,37,0.06057000160217285
27,38,0.05424124002456665
27,39,0.05585178732872009
27,40,0.050867773592472076
27,41,0.05351477488875389
27,42,0.06802383065223694
27,43,0.04810488224029541
27,44,0.0521763414144516
27,45,0.05550454556941986
27,46,0.045283377170562744
27,47,0.05095979571342468
27,48,0.051009401679039
27,49,0.06173177808523178
27,50,0.0582079142332077
27,51,0.05456891655921936
27,52,0.0495956689119339
27,53,0.04658125340938568
27,54,0.061215244233608246
27,55,0.0460725761950016
27,56,0.06461074948310852
27,57,0.049450915306806564
27,58,0.049982815980911255
27,59,0.05549996346235275
27,60,0.04944991320371628
27,61,0.051181040704250336
27,62,0.047470711171627045
27,63,0.054729532450437546
27,64,0.04598914459347725
27,65,0.05006444454193115
27,66,0.04175423085689545
27,67,0.05366665869951248
27,68,0.060114577412605286
27,69,0.050505973398685455
27,70,0.04605195298790932
27,71,0.05177725479006767
27,72,0.05124911293387413
27,73,0.05227409303188324
27,74,0.05072920024394989
27,75,0.06060997024178505
27,76,0.05153842270374298
28,1,0.05241205170750618
28,2,0.05323822796344757
28,3,0.05788470059633255
28,4,0.06686580926179886
28,5,0.05004056543111801
28,6,0.05656770244240761
28,7,0.052918996661901474
28,8,0.04914848506450653
28,9,0.05449038743972778
28,10,0.04896456375718117
28,11,0.059562720358371735
28,12,0.06224175542593002
28,13,0.05487465113401413
28,14,0.046740710735321045
28,15,0.053273316472768784
28,16,0.046439774334430695
28,17,0.05401839315891266
28,18,0.05376647412776947
28,19,0.04633096978068352
28,20,0.05015743523836136
28,21,0.0680946558713913
28,22,0.05002101510763168
28,23,0.06064219027757645
28,24,0.059319570660591125
28,25,0.04541505128145218
28,26,0.06689633429050446
28,27,0.053009774535894394
28,28,0.05366620793938637
28,29,0.049476779997348785
28,30,0.06687209010124207
28,31,0.04998588562011719
28,32,0.048767343163490295
28,33,0.054805904626846313
28,34,0.05229935050010681
28,35,0.06439224630594254
28,36,0.05581995099782944
28,37,0.055145956575870514
28,38,0.04793350398540497
28,39,0.04471365734934807
28,40,0.04527518153190613
28,41,0.058995842933654785
28,42,0.04499972239136696
28,43,0.04826716333627701
28,44,0.04328414797782898
28,45,0.08134782314300537
28,46,0.054815903306007385
28,47,0.049864768981933594
28,48,0.0680709034204483
28,49,0.06615760177373886
28,50,0.0445622019469738
28,51,0.06292083114385605
28,52,0.058588284999132156
28,53,0.057466693222522736
28,54,0.05853157490491867
28,55,0.05436040461063385
28,56,0.04411563277244568
28,57,0.06692089140415192
28,58,0.05985184758901596
28,59,0.0570857971906662
28,60,0.0505593866109848
28,61,0.06680098176002502
28,62,0.057465992867946625
28,63,0.049867503345012665
28,64,0.05192435160279274
28,65,0.05331540107727051
28,66,0.05101911351084709
28,67,0.05024182051420212
28,68,0.05612549930810928
28,69,0.046849511563777924
28,70,0.04334799945354462
28,71,0.05031701922416687
28,72,0.04866645485162735
28,73,0.05204615741968155
28,74,0.05698728561401367
28,75,0.04648794233798981
28,76,0.04322618991136551
29,1,0.04812096804380417
29,2,0.0513792559504509
29,3,0.04333166405558586
29,4,0.058017976582050323
29,5,0.04508998245000839
29,6,0.05646946653723717
29,7,0.0501471683382988
29,8,0.060383036732673645
29,9,0.05168045312166214
29,10,0.04905515909194946
29,11,0.05869968980550766
29,12,0.05537012219429016
29,13,0.048315346240997314
29,14,0.05252531170845032
29,15,0.05366778373718262
29,16,0.05695418640971184
29,17,0.04634968936443329
29,18,0.05332636088132858
29,19,0.05197140574455261
29,20,0.06060800701379776
29,21,0.04848264902830124
29,22,0.046323467046022415
29,23,0.056511104106903076
29,24,0.05750527232885361
29,25,0.057719431817531586
29,26,0.0529559962451458
29,27,0.05444231256842613
29,28,0.04616708308458328
29,29,0.05108240991830826
29,30,0.04213101044297218
29,31,0.05004683881998062
29,32,0.06010618060827255
29,33,0.04872942715883255
29,34,0.04857403039932251
29,35,0.04162680357694626
29,36,0.05095953494310379
29,37,0.05505502223968506
29,38,0.05943092703819275
29,39,0.051779039204120636
29,40,0.050540439784526825
29,41,0.05453861504793167
29,42,0.04524371773004532
29,43,0.06624376773834229
29,44,0.05755417048931122
29,45,0.04501452296972275
29,46,0.05098405480384827
29,47,0.05591235309839249
29,48,0.07121168076992035
29,49,0.06867357343435287
29,50,0.055129703134298325
29,51,0.05234421044588089
29,52,0.05784939229488373
29,53,0.04750169441103935
29,54,0.05680236220359802
29,55,0.056114163249731064
29,56,0.054116494953632355
29,57,0.04167627543210983
29,58,0.05689506232738495
29,59,0.052171893417835236
29,60,0.05949396267533302
29,61,0.049255482852458954
29,62,0.05433681234717369
29,63,0.050839196890592575
29,64,0.05115582048892975
29,65,0.0541364960372448
29,66,0.047495391219854355
29,67,0.04389489069581032
29,68,0.0515124574303627
29,69,0.05255755037069321
29,70,0.06839928030967712
29,71,0.061319492757320404
29,72,0.04738263040781021
29,73,0.053796522319316864
29,74,0.0464281365275383
29,75,0.05093062296509743
29,76,0.05529654026031494
30,1,0.044299013912677765
30,2,0.05167383700609207
30,3,0.04866303503513336
30,4,0.043181948363780975
30,5,0.04790478199720383
30,6,0.0581667535007
30,7,0.047773607075214386
30,8,0.04760463908314705
30,9,0.0519527792930603
30,10,0.054649144411087036
30,11,0.045023925602436066
30,12,0.0513041689991951
30,13,0.05464394763112068
30,14,0.04441787302494049
30,15,0.04961545392870903
30,16,0.05607783794403076
30,17,0.057263635098934174
30,18,0.05337123945355415
30,19,0.05393960326910019
30,20,0.04728277772665024
30,21,0.06201041489839554
30,22,0.05666060373187065
30,23,0.05564044043421745
30,24,0.06165952607989311
30,25,0.05184929445385933
30,26,0.050739847123622894
30,27,0.05900926515460014
30,28,0.0551244355738163
30,29,0.056800972670316696
30,30,0.046711187809705734
30,31,0.05101124197244644
30,32,0.052857134491205215
30,33,0.05946924537420273
30,34,0.047530386596918106
30,35,0.054923512041568756
30,36,0.05336034297943115
30,37,0.04377911612391472
30,38,0.05751927196979523
30,39,0.05612241476774216
30,40,0.05422654002904892
30,41,0.05597341060638428
30,42,0.049464497715234756
30,43,0.054010502994060516
30,44,0.05469576269388199
30,45,0.06000039726495743
30,46,0.0527263879776001
30,47,0.05639076605439186
30,48,0.05049823969602585
30,49,0.047906845808029175
30,50,0.04941931366920471
30,51,0.046647705137729645
30,52,0.040295735001564026
30,53,0.05200384184718132
30,54,0.05245247483253479
30,55,0.05081551522016525
30,56,0.05388011038303375
30,57,0.05069335177540779
30,58,0.04926658794283867
30,59,0.05119221657514572
30,60,0.043333347886800766
30,61,0.04654394090175629
30,62,0.046189337968826294
30,63,0.05073630437254906
30,64,0.059008777141571045
30,65,0.04626478999853134
30,66,0.04276178777217865
30,67,0.04661274701356888
30,68,0.06153620034456253
30,69,0.04420773684978485
30,70,0.05125020444393158
30,71,0.04443734139204025
30,72,0.05067981034517288
30,73,0.04725419357419014
30,74,0.042895399034023285
30,75,0.05186430364847183
30,76,0.05519712716341019
31,1,0.04511182755231857
31,2,0.053431980311870575
31,3,0.04501209408044815
31,4,0.04675142467021942
31,5,0.05664492025971413
31,6,0.048617586493492126
31,7,0.05851193517446518
31,8,0.04646890610456467
31,9,0.05303586646914482
31,10,0.05279136821627617
31,11,0.04223224148154259
31,12,0.04876437038183212
31,13,0.043199893087148666
31,14,0.04587206989526749
31,15,0.049556437879800797
31,16,0.050760455429553986
31,17,0.044653043150901794
31,18,0.04538083076477051
31,19,0.06733989715576172
31,20,0.0495387502014637
31,21,0.05244610458612442
31,22,0.05804234743118286
31,23,0.049275994300842285
31,24,0.04938291385769844
31,25,0.05185762420296669
31,26,0.047753386199474335
31,27,0.05582895874977112
31,28,0.04453946277499199
31,29,0.05499470978975296
31,30,0.04442190006375313
31,31,0.053526878356933594
31,32,0.051859550178050995
31,33,0.04969176650047302
31,34,0.050056342035532
31,35,0.06897902488708496
31,36,0.042327649891376495
31,37,0.042188845574855804
31,38,0.03403336554765701
31,39,0.04623036086559296
31,40,0.06292271614074707
31,41,0.056719545274972916
31,42,0.053743161261081696
31,43,0.0559086874127388
31,44,0.053259141743183136
31,45,0.047870881855487823
31,46,0.04727025330066681
31,47,0.048948079347610474
31,48,0.05160941556096077
31,49,0.04371161013841629
31,50,0.051201820373535156
31,51,0.04913464933633804
31,52,0.06959684938192368
31,53,0.05988983064889908
31,54,0.05254831910133362
31,55,0.05889970064163208
31,56,0.040850505232810974
31,57,0.05429324880242348
31,58,0.05621772259473801
31,59,0.04673011973500252
31,60,0.04669936001300812
31,61,0.04749588668346405
31,62,0.0531354583799839
31,63,0.05281003564596176
31,64,0.04939184710383415
31,65,0.06817375868558884
31,66,0.0499730259180069
31,67,0.0491756871342659
31,68,0.04689255356788635
31,69,0.0517783984541893
31,70,0.04780537635087967
31,71,0.05178274214267731
31,72,0.05405040457844734
31,73,0.057716503739356995
31,74,0.06654469668865204
31,75,0.05047670006752014
31,76,0.051260046660900116
32,1,0.05875995010137558
32,2,0.050313547253608704
32,3,0.060991622507572174
32,4,0.058390140533447266
32,5,0.05685616284608841
32,6,0.052516888827085495
32,7,0.05487675219774246
32,8,0.05246454477310181
32,9,0.053988367319107056
32,10,0.05227816849946976
32,11,0.054942503571510315
32,12,0.052709706127643585
32,13,0.049627769738435745
32,14,0.05352689325809479
32,15,0.04851905256509781
32,16,0.055353984236717224
32,17,0.05675320327281952
32,18,0.05631176009774208
32,19,0.04837018996477127
32,20,0.05575557425618172
32,21,0.04987363889813423
32,22,0.05189664661884308
32,23,0.04216023162007332
32,24,0.05936034023761749
32,25,0.057976990938186646
32,26,0.05468913912773132
32,27,0.0834699273109436
32,28,0.04876498505473137
32,29,0.04280132055282593
32,30,0.061651602387428284
32,31,0.057421330362558365
32,32,0.052543267607688904
32,33,0.04844091087579727
32,34,0.06000363826751709
32,35,0.0458686426281929
32,36,0.0449577271938324
32,37,0.0452946312725544
32,38,0.05928116291761398
32,39,0.04793713241815567
32,40,0.051833368837833405
32,41,0.04779672622680664
32,42,0.05550548806786537
32,43,0.05721668154001236
32,44,0.05748274177312851
32,45,0.04539582133293152
32,46,0.045379072427749634
32,47,0.04436429589986801
32,48,0.06137564033269882
32,49,0.04441722482442856
32,50,0.04550737515091896
32,51,0.046046558767557144
32,52,0.04858458787202835
32,53,0.04732123389840126
32,54,0.04268929734826088
32,55,0.044500354677438736
32,56,0.05801587551832199
32,57,0.045938193798065186
32,58,0.042429350316524506
32,59,0.043442778289318085
32,60,0.040830790996551514
32,61,0.05217145383358002
32,62,0.04971473664045334
32,63,0.05996515974402428
32,64,0.04591454938054085
32,65,0.05890081822872162
32,66,0.05997536703944206
32,67,0.05432332307100296
32,68,0.06254617869853973
32,69,0.04322226718068123
32,70,0.046812452375888824
32,71,0.057504765689373016
32,72,0.05488165467977524
32,73,0.04662826657295227
32,74,0.053158387541770935
32,75,0.05924063175916672
32,76,0.04604417085647583
33,1,0.04603755846619606
33,2,0.04335036128759384
33,3,0.04399406909942627
33,4,0.0504174567759037
33,5,0.05984069034457207
33,6,0.041934795677661896
33,7,0.06460551917552948
33,8,0.04838450253009796
33,9,0.051498740911483765
33,10,0.042748674750328064
33,11,0.05057425796985626
33,12,0.04679328203201294
33,13,0.057213980704545975
33,14,0.05072611942887306
33,15,0.057167038321495056
33,16,0.04802440106868744
33,17,0.049364395439624786
33,18,0.0549427792429924
33,19,0.04045163094997406
33,20,0.05176664888858795
33,21,0.052331097424030304
33,22,0.06486183404922485
33,23,0.052150312811136246
33,24,0.042542796581983566
33,25,0.052733197808265686
33,26,0.05096673592925072
33,27,0.052321288734674454
33,28,0.04651337489485741
33,29,0.04602072387933731
33,30,0.05402858182787895
33,31,0.05074494704604149
33,32,0.04502645134925842
33,33,0.05621737986803055
33,34,0.054455745965242386
33,35,0.05923633649945259
33,36,0.04414065182209015
33,37,0.04466740041971207
33,38,0.04305398464202881
33,39,0.05492611974477768
33,40,0.044934894889593124
33,41,0.046185702085494995
33,42,0.044636473059654236
33,43,0.039725810289382935
33,44,0.04903950169682503
33,45,0.052194803953170776
33,46,0.048898592591285706
33,47,0.045323632657527924
33,48,0.04687167704105377
33,49,0.053522445261478424
33,50,0.04799754172563553
33,51,0.051700226962566376
33,52,0.04801949858665466
33,53,0.034170717000961304
33,54,0.04814138263463974
33,55,0.06161194294691086
33,56,0.045142680406570435
33,57,0.06103898957371712
33,58,0.05506334453821182
33,59,0.04491530731320381
33,60,0.04441540688276291
33,61,0.042702361941337585
33,62,0.04996747523546219
33,63,0.058304473757743835
33,64,0.04393836483359337
33,65,0.04802194610238075
33,66,0.04513373225927353
33,67,0.058184005320072174
33,68,0.0415269210934639
33,69,0.05535459145903587
33,70,0.03898213803768158
33,71,0.05159060284495354
33,72,0.045638635754585266
33,73,0.05223070830106735
33,74,0.04663034528493881
33,75,0.04044252634048462
33,76,0.05149645358324051
34,1,0.05570168048143387
34,2,0.04719313234090805
34,3,0.0554148331284523
34,4,0.05060123652219772
34,5,0.06163151562213898
34,6,0.0418085977435112
34,7,0.04228801280260086
34,8,0.05074062570929527
34,9,0.05290002375841141
34,10,0.042169079184532166
34,11,0.04445111006498337
34,12,0.04185578227043152
34,13,0.053644634783267975
34,14,0.04708440229296684
34,15,0.059176649898290634
34,16,0.04139609634876251
34,17,0.04721205681562424
34,18,0.04604232683777809
34,19,0.048776790499687195
34,20,0.05596888065338135
34,21,0.0505344532430172
34,22,0.039289262145757675
34,23,0.05010955408215523
34,24,0.04331113398075104
34,25,0.04216228425502777
34,26,0.051532331854104996
34,27,0.052757687866687775
34,28,0.05950981006026268
34,29,0.05974067002534866
34,30,0.05583712458610535
34,31,0.0513736717402935
34,32,0.04984669014811516
34,33,0.04336821287870407
34,34,0.05662756785750389
34,35,0.04721871018409729
34,36,0.04960630089044571
34,37,0.04604894667863846
34,38,0.04643930867314339
34,39,0.06152678653597832
34,40,0.04880651831626892
34,41,0.04923214763402939
34,42,0.055038124322891235
34,43,0.05236981064081192
34,44,0.05757739394903183
34,45,0.04986356943845749
34,46,0.03991493582725525
34,47,0.05463150143623352
34,48,0.04276891052722931
34,49,0.04298113286495209
34,50,0.04962480068206787
34,51,0.051625192165374756
34,52,0.04666825383901596
34,53,0.043666429817676544
34,54,0.04263781011104584
34,55,0.0450972244143486
34,56,0.05092956870794296
34,57,0.042216502130031586
34,58,0.05112691968679428
34,59,0.05593220517039299
34,60,0.05217450112104416
34,61,0.049439508467912674
34,62,0.0479329451918602
34,63,0.0416528657078743
34,64,0.043917059898376465
34,65,0.049624986946582794
34,66,0.037333372980356216
34,67,0.04475177079439163
34,68,0.04368269443511963
34,69,0.04281008988618851
34,70,0.04669189453125
34,71,0.045202843844890594
34,72,0.057165127247571945
34,73,0.0494551882147789
34,74,0.04284977167844772
34,75,0.044184621423482895
34,76,0.05937325954437256
35,1,0.038462623953819275
35,2,0.04810855910181999
35,3,0.0487435907125473
35,4,0.04917071387171745
35,5,0.048741016536951065
35,6,0.03992762789130211
35,7,0.043755561113357544
35,8,0.04142201691865921
35,9,0.048679642379283905
35,10,0.047673650085926056
35,11,0.04977014288306236
35,12,0.04717168211936951
35,13,0.04804638773202896
35,14,0.052877277135849
35,15,0.048260398209095
35,16,0.044104188680648804
35,17,0.04672924801707268
35,18,0.05362754315137863
35,19,0.044560693204402924
35,20,0.04476799815893173
35,21,0.05967310816049576
35,22,0.049241065979003906
35,23,0.0404261089861393
35,24,0.050031691789627075
35,25,0.06073971092700958
35,26,0.0539228655397892
35,27,0.044542860239744186
35,28,0.052002765238285065
35,29,0.0479501374065876
35,30,0.04000048339366913
35,31,0.052378132939338684
35,32,0.05068289488554001
35,33,0.046599164605140686
35,34,0.0485970675945282
35,35,0.05842575430870056
35,36,0.05809154361486435
35,37,0.04984601214528084
35,38,0.05690857395529747
35,39,0.04314177483320236
35,40,0.04671114683151245
35,41,0.04147287458181381
35,42,0.051860615611076355
35,43,0.05560201406478882
35,44,0.04408864676952362
35,45,0.053004033863544464
35,46,0.052079349756240845
35,47,0.04570658132433891
35,48,0.057161085307598114
35,49,0.0494900643825531
35,50,0.05002741888165474
35,51,0.04127102345228195
35,52,0.04539201781153679
35,53,0.04769739508628845
35,54,0.047441381961107254
35,55,0.05342050641775131
35,56,0.05635974928736687
35,57,0.056419387459754944
35,58,0.054681070148944855
35,59,0.04909692704677582
35,60,0.04235253483057022
35,61,0.04522161930799484
35,62,0.042551301419734955
35,63,0.04495048522949219
35,64,0.047630324959754944
35,65,0.06179763749241829
35,66,0.0596495196223259
35,67,0.05194061994552612
35,68,0.04131033271551132
35,69,0.05020419508218765
35,70,0.04135580360889435
35,71,0.04163363575935364
35,72,0.04354231432080269
35,73,0.0562940388917923
35,74,0.04662805795669556
35,75,0.050557222217321396
35,76,0.04448467493057251
36,1,0.04974466562271118
36,2,0.03877691924571991
36,3,0.0454544797539711
36,4,0.05215451866388321
36,5,0.05311155691742897
36,6,0.04204169660806656
36,7,0.04737889766693115
36,8,0.0497150756418705
36,9,0.044135987758636475
36,10,0.04150447994470596
36,11,0.0585881769657135
36,12,0.04497391730546951
36,13,0.05499804764986038
36,14,0.044687241315841675
36,15,0.04191449284553528
36,16,0.05742378905415535
36,17,0.051226526498794556
36,18,0.04148203134536743
36,19,0.043122634291648865
36,20,0.03989919275045395
36,21,0.049396712332963943
36,22,0.04540976136922836
36,23,0.05675732344388962
36,24,0.054683342576026917
36,25,0.04094859957695007
36,26,0.04741860181093216
36,27,0.041829727590084076
36,28,0.04605243355035782
36,29,0.04572216421365738
36,30,0.06530177593231201
36,31,0.06232304126024246
36,32,0.053036004304885864
36,33,0.050112463533878326
36,34,0.05396796390414238
36,35,0.07093052566051483
36,36,0.062136679887771606
36,37,0.04571676254272461
36,38,0.04956982284784317
36,39,0.04434363543987274
36,40,0.048726923763751984
36,41,0.04960343986749649
36,42,0.04489404708147049
36,43,0.051206618547439575
36,44,0.05779902637004852
36,45,0.0466194748878479
36,46,0.04286091774702072
36,47,0.04553897678852081
36,48,0.04625638574361801
36,49,0.04484587907791138
36,50,0.054509520530700684
36,51,0.045726992189884186
36,52,0.046482913196086884
36,53,0.04779800772666931
36,54,0.046340301632881165
36,55,0.04041995853185654
36,56,0.04824139177799225
36,57,0.05419831722974777
36,58,0.048968710005283356
36,59,0.04716656357049942
36,60,0.04711053520441055
36,61,0.0616399347782135
36,62,0.05455230176448822
36,63,0.053796663880348206
36,64,0.05445222556591034
36,65,0.04779801517724991
36,66,0.04422888532280922
36,67,0.04769596457481384
36,68,0.0553366094827652
36,69,0.04605599492788315
36,70,0.06268353015184402
36,71,0.04893670976161957
36,72,0.048727989196777344
36,73,0.0528540164232254
36,74,0.0397951602935791
36,75,0.05003257840871811
36,76,0.03697047755122185
37,1,0.053565721958875656
37,2,0.06724739074707031
37,3,0.05957755818963051
37,4,0.0572996623814106
37,5,0.043202996253967285
37,6,0.04991765320301056
37,7,0.04783458262681961
37,8,0.05291910469532013
37,9,0.0513705238699913
37,10,0.0512305349111557
37,11,0.04657308757305145
37,12,0.048740435391664505
37,13,0.04876643419265747
37,14,0.0417102575302124
37,15,0.05270998552441597
37,16,0.05155249685049057
37,17,0.04491874575614929
37,18,0.04657142981886864
37,19,0.044664572924375534
37,20,0.04953178018331528
37,21,0.04224233329296112
37,22,0.04637321084737778
37,23,0.04932861402630806
37,24,0.057188816368579865
37,25,0.05230647325515747
37,26,0.04385088384151459
37,27,0.05776917189359665
37,28,0.048555947840213776
37,29,0.049129560589790344
37,30,0.04504448175430298
37,31,0.05886733531951904
37,32,0.04410416632890701
37,33,0.04442223533987999
37,34,0.06104302406311035
37,35,0.06173921376466751
37,36,0.04557758942246437
37,37,0.04657229036092758
37,38,0.04635322093963623
37,39,0.03837083652615547
37,40,0.05390223488211632
37,41,0.04522339627146721
37,42,0.055160678923130035
37,43,0.04350387305021286
37,44,0.04458098113536835
37,45,0.04899696633219719
37,46,0.046096429228782654
37,47,0.052508119493722916
37,48,0.050411008298397064
37,49,0.042054787278175354
37,50,0.04624027758836746
37,51,0.047911420464515686
37,52,0.03675505891442299
37,53,0.04579024761915207
37,54,0.03584378585219383
37,55,0.04510444775223732
37,56,0.04962972551584244
37,57,0.03892725706100464
37,58,0.06316819787025452
37,59,0.05134069174528122
37,60,0.03855842351913452
37,61,0.04089832678437233
37,62,0.06526793539524078
37,63,0.048616595566272736
37,64,0.05417190119624138
37,65,0.049651697278022766
37,66,0.04560600966215134
37,67,0.04535432159900665
37,68,0.04529660940170288
37,69,0.04893524944782257
37,70,0.03842063248157501
37,71,0.046818461269140244
37,72,0.04802939295768738
37,73,0.052844882011413574
37,74,0.047045208513736725
37,75,0.052455466240644455
37,76,0.04849809408187866
38,1,0.042460788041353226
38,2,0.05322397127747536
38,3,0.04846508800983429
38,4,0.05359300225973129
38,5,0.04754132777452469
38,6,0.04677083343267441
38,7,0.05166793614625931
38,8,0.04358850046992302
38,9,0.05649653077125549
38,10,0.04442702978849411
38,11,0.04595108702778816
38,12,0.05682080611586571
38,13,0.04972098395228386
38,14,0.04428810998797417
38,15,0.050719503313302994
38,16,0.04652872681617737
38,17,0.05360634624958038
38,18,0.046827688813209534
38,19,0.0442587211728096
38,20,0.04529552906751633
38,21,0.04697826877236366
38,22,0.04309156537055969
38,23,0.04841865599155426
38,24,0.057965897023677826
38,25,0.046894676983356476
38,26,0.04676678031682968
38,27,0.03929357975721359
38,28,0.05748265981674194
38,29,0.04973386228084564
38,30,0.040454965084791183
38,31,0.048838019371032715
38,32,0.05094021558761597
38,33,0.053407005965709686
38,34,0.04717039316892624
38,35,0.047508515417575836
38,36,0.049117401242256165
38,37,0.051601868122816086
38,38,0.04437395930290222
38,39,0.05650847405195236
38,40,0.048339374363422394
38,41,0.04448975622653961
38,42,0.04220336303114891
38,43,0.04670242220163345
38,44,0.0522492378950119
38,45,0.04881168156862259
38,46,0.03895946964621544
38,47,0.057786278426647186
38,48,0.060628701001405716
38,49,0.04312353953719139
38,50,0.04724540561437607
38,51,0.042518261820077896
38,52,0.042831696569919586
38,53,0.04470169171690941
38,54,0.051092445850372314
38,55,0.045459553599357605
38,56,0.04882216453552246
38,57,0.053624227643013
38,58,0.03940872102975845
38,59,0.04297059774398804
38,60,0.044966988265514374
38,61,0.041090093553066254
38,62,0.04287903010845184
38,63,0.04642512649297714
38,64,0.06323876231908798
38,65,0.046475015580654144
38,66,0.04662500321865082
38,67,0.04693424701690674
38,68,0.050803981721401215
38,69,0.04933486133813858
38,70,0.05054711923003197
38,71,0.045745112001895905
38,72,0.04756823927164078
38,73,0.04141858220100403
38,74,0.05008050799369812
38,75,0.04853364825248718
38,76,0.0503937304019928
39,1,0.04502491652965546
39,2,0.0475568063557148
39,3,0.04666326567530632
39,4,0.04535835236310959
39,5,0.047881633043289185
39,6,0.043063730001449585
39,7,0.04780026525259018
39,8,0.04298316687345505
39,9,0.03914014995098114
39,10,0.05743209272623062
39,11,0.05281008780002594
39,12,0.04919733107089996
39,13,0.044655799865722656
39,14,0.048039406538009644
39,15,0.04442722350358963
39,16,0.05351266264915466
39,17,0.04431822896003723
39,18,0.0430135540664196
39,19,0.047816671431064606
39,20,0.04564327001571655
39,21,0.04667375981807709
39,22,0.04770747572183609
39,23,0.04644700884819031
39,24,0.051705822348594666
39,25,0.047980427742004395
39,26,0.043050602078437805
39,27,0.03966062143445015
39,28,0.04360423982143402
39,29,0.04652627557516098
39,30,0.041581593453884125
39,31,0.046442911028862
39,32,0.05380659177899361
39,33,0.04334830492734909
39,34,0.04419401288032532
39,35,0.05136030167341232
39,36,0.03851912170648575
39,37,0.04523863643407822
39,38,0.046634871512651443
39,39,0.04750522971153259
39,40,0.04189696162939072
39,41,0.04286555200815201
39,42,0.039231348782777786
39,43,0.044190384447574615
39,44,0.05009095370769501
39,45,0.04809345677495003
39,46,0.04106742888689041
39,47,0.05820345878601074
39,48,0.04453430697321892
39,49,0.04595033824443817
39,50,0.04190514236688614
39,51,0.055056460201740265
39,52,0.0486057847738266
39,53,0.0479646734893322
39,54,0.04204534366726875
39,55,0.06282345950603485
39,56,0.04823296517133713
39,57,0.05074462294578552
39,58,0.057356562465429306
39,59,0.05091720074415207
39,60,0.038512349128723145
39,61,0.0463138073682785
39,62,0.06423801928758621
39,63,0.05955546349287033
39,64,0.05026189237833023
39,65,0.046969398856163025
39,66,0.05146240442991257
39,67,0.04919779300689697
39,68,0.04383058100938797
39,69,0.048153556883335114
39,70,0.05198248475790024
39,71,0.05252894014120102
39,72,0.04588934779167175
39,73,0.04997639358043671
39,74,0.053948283195495605
39,75,0.04326453059911728
39,76,0.052903540432453156
40,1,0.0509733110666275
40,2,0.05133995786309242
40,3,0.04640764743089676
40,4,0.04523840174078941
40,5,0.046129416674375534
40,6,0.04182281717658043
40,7,0.043365105986595154
40,8,0.04255666583776474
40,9,0.043660569936037064
40,10,0.05251727253198624
40,11,0.05180039256811142
40,12,0.0410841628909111
40,13,0.04785776883363724
40,14,0.04679861664772034
40,15,0.037648770958185196
40,16,0.05110788345336914
40,17,0.04606825113296509
40,18,0.042941637337207794
40,19,0.04118677228689194
40,20,0.05216049402952194
40,21,0.048281919211149216
40,22,0.040105048567056656
40,23,0.04516896605491638
40,24,0.04428459703922272
40,25,0.0391809344291687
40,26,0.04132825881242752
40,27,0.04176962375640869
40,28,0.04417053237557411
40,29,0.04660538583993912
40,30,0.04723677411675453
40,31,0.05989754572510719
40,32,0.0391862727701664
40,33,0.046708136796951294
40,34,0.0499703511595726
40,35,0.04070815443992615
40,36,0.04266548156738281
40,37,0.04927700012922287
40,38,0.04307064041495323
40,39,0.05382722243666649
40,40,0.04625045508146286
40,41,0.04218059405684471
40,42,0.05677191913127899
40,43,0.04172446206212044
40,44,0.04447975754737854
40,45,0.03958367183804512
40,46,0.05295306444168091
40,47,0.0424787737429142
40,48,0.05928591266274452
40,49,0.045872706919908524
40,50,0.04329317808151245
40,51,0.048044465482234955
40,52,0.04273104667663574
40,53,0.043682582676410675
40,54,0.03575408458709717
40,55,0.053759295493364334
40,56,0.046406976878643036
40,57,0.04213118553161621
40,58,0.04648538678884506
40,59,0.04842161387205124
40,60,0.0464230552315712
40,61,0.04730062931776047
40,62,0.04304589331150055
40,63,0.05347602069377899
40,64,0.06053256243467331
40,65,0.044832274317741394
40,66,0.04466183856129646
40,67,0.04019533097743988
40,68,0.04841945320367813
40,69,0.05053836852312088
40,70,0.06015961989760399
40,71,0.05237188935279846
40,72,0.03960701823234558
40,73,0.04083258658647537
40,74,0.041972819715738297
40,75,0.044394731521606445
40,76,0.04505981504917145
41,1,0.04909452050924301
41,2,0.039913494139909744
41,3,0.04143201932311058
41,4,0.03957638517022133
41,5,0.05549493432044983
41,6,0.038494981825351715
41,7,0.043326131999492645
41,8,0.05134282261133194
41,9,0.042789436876773834
41,10,0.04852917045354843
41,11,0.045289382338523865
41,12,0.05332144722342491
41,13,0.0393155962228775
41,14,0.04726722836494446
41,15,0.046321798115968704
41,16,0.05576249584555626
41,17,0.04878062754869461
41,18,0.04204905033111572
41,19,0.05279430001974106
41,20,0.04542498290538788
41,21,0.0626848042011261
41,22,0.04116705060005188
41,23,0.0483131930232048
41,24,0.050845444202423096
41,25,0.04473660886287689
41,26,0.0542096309363842
41,27,0.04390694200992584
41,28,0.04733366146683693
41,29,0.050335921347141266
41,30,0.05082397907972336
41,31,0.046466730535030365
41,32,0.03937694802880287
41,33,0.04591354727745056
41,34,0.04571041464805603
41,35,0.054366204887628555
41,36,0.05159888043999672
41,37,0.04414499178528786
41,38,0.051008544862270355
41,39,0.044133614748716354
41,40,0.05149658024311066
41,41,0.0614054799079895
41,42,0.04778391867876053
41,43,0.04276466742157936
41,44,0.044248066842556
41,45,0.044972024857997894
41,46,0.044448669999837875
41,47,0.042594607919454575
41,48,0.046684231609106064
41,49,0.0598059818148613
41,50,0.04875856265425682
41,51,0.04856815189123154
41,52,0.04686351865530014
41,53,0.04025513678789139
41,54,0.04912770166993141
41,55,0.04673522710800171
41,56,0.042175959795713425
41,57,0.040281761437654495
41,58,0.04611806944012642
41,59,0.055265121161937714
41,60,0.04030086100101471
41,61,0.047762807458639145
41,62,0.049886785447597504
41,63,0.04602735489606857
41,64,0.043242812156677246
41,65,0.0423240065574646
41,66,0.04830630123615265
41,67,0.04832407087087631
41,68,0.047652218490839005
41,69,0.052479710429906845
41,70,0.04231340438127518
41,71,0.046753186732530594
41,72,0.04841841757297516
41,73,0.04674298316240311
41,74,0.041520893573760986
41,75,0.04122500866651535
41,76,0.05062982067465782
42,1,0.04224669188261032
42,2,0.046048134565353394
42,3,0.045440398156642914
42,4,0.04714697599411011
42,5,0.04085259884595871
42,6,0.04089660942554474
42,7,0.052454978227615356
42,8,0.04411301761865616
42,9,0.04871288686990738
42,10,0.03821612149477005
42,11,0.04082775115966797
42,12,0.04232089966535568
42,13,0.04333346337080002
42,14,0.042155370116233826
42,15,0.04880588501691818
42,16,0.04219374805688858
42,17,0.03767942637205124
42,18,0.0405116081237793
42,19,0.03917307406663895
42,20,0.044223982840776443
42,21,0.044055528938770294
42,22,0.04211030155420303
42,23,0.05100558325648308
42,24,0.03919970989227295
42,25,0.04197812080383301
42,26,0.04549644887447357
42,27,0.04171951115131378
42,28,0.049831077456474304
42,29,0.043786097317934036
42,30,0.04636772722005844
42,31,0.04573983699083328
42,32,0.04121395945549011
42,33,0.03968778997659683
42,34,0.04202534630894661
42,35,0.04804013669490814
42,36,0.03638283535838127
42,37,0.04184964671730995
42,38,0.04405840486288071
42,39,0.051188282668590546
42,40,0.05460494011640549
42,41,0.04554813355207443
42,42,0.047610826790332794
42,43,0.037066660821437836
42,44,0.04152468219399452
42,45,0.05089259520173073
42,46,0.03741132467985153
42,47,0.03840131312608719
42,48,0.051721975207328796
42,49,0.03954905644059181
42,50,0.04451797902584076
42,51,0.039712484925985336
42,52,0.05024112015962601
42,53,0.043009743094444275
42,54,0.045575644820928574
42,55,0.04477331414818764
42,56,0.06177501380443573
42,57,0.047247663140296936
42,58,0.04444389417767525
42,59,0.050596583634614944
42,60,0.05523386597633362
42,61,0.04090678691864014
42,62,0.0458342470228672
42,63,0.05607274919748306
42,64,0.04762483388185501
42,65,0.0428631529211998
42,66,0.0477142259478569
42,67,0.053020041435956955
42,68,0.04773330315947533
42,69,0.049933433532714844
42,70,0.04278290271759033
42,71,0.04784592241048813
42,72,0.03790012001991272
42,73,0.04424785077571869
42,74,0.04787494242191315
42,75,0.049036454409360886
42,76,0.04660732299089432
43,1,0.04477149248123169
43,2,0.046746671199798584
43,3,0.05027926713228226
43,4,0.043255992233753204
43,5,0.046073172241449356
43,6,0.04609464854001999
43,7,0.049060218036174774
43,8,0.045274488627910614
43,9,0.04281282424926758
43,10,0.058914341032505035
43,11,0.042795754969120026
43,12,0.04328213632106781
43,13,0.044715847820043564
43,14,0.04536017030477524
43,15,0.047999653965234756
43,16,0.049607910215854645
43,17,0.05316106230020523
43,18,0.058723412454128265
43,19,0.04599682241678238
43,20,0.049129918217659
43,21,0.039781760424375534
43,22,0.042296070605516434
43,23,0.04815995693206787
43,24,0.04407382756471634
43,25,0.03881066292524338
43,26,0.050576090812683105
43,27,0.042162492871284485
43,28,0.045257966965436935
43,29,0.051388710737228394
43,30,0.040705256164073944
43,31,0.049480993300676346
43,32,0.044594570994377136
43,33,0.04606999456882477
43,34,0.0416320338845253
43,35,0.034192994236946106
43,36,0.04131606966257095
43,37,0.039186544716358185
43,38,0.04761434346437454
43,39,0.04724665731191635
43,40,0.05186785012483597
43,41,0.04589749127626419
43,42,0.04545285552740097
43,43,0.0553245022892952
43,44,0.05558396875858307
43,45,0.04234131798148155
43,46,0.0448831208050251
43,47,0.04678403586149216
43,48,0.044396497309207916
43,49,0.04550500959157944
43,50,0.041305772960186005
43,51,0.043297622352838516
43,52,0.04204878956079483
43,53,0.04275885596871376
43,54,0.03804198279976845
43,55,0.049158044159412384
43,56,0.041948772966861725
43,57,0.05221083015203476
43,58,0.044645972549915314
43,59,0.04133138805627823
43,60,0.04043599218130112
43,61,0.045972082763910294
43,62,0.05897316709160805
43,63,0.04366252198815346
43,64,0.03647878021001816
43,65,0.03934480994939804
43,66,0.04161570966243744
43,67,0.04662764444947243
43,68,0.05041935294866562
43,69,0.04725760221481323
43,70,0.04257091134786606
43,71,0.03807828575372696
43,72,0.0518190860748291
43,73,0.04680917412042618
43,74,0.05449419468641281
43,75,0.03642547130584717
43,76,0.042637769132852554
44,1,0.04551975429058075
44,2,0.039617180824279785
44,3,0.051155414432287216
44,4,0.04746165871620178
44,5,0.04742642492055893
44,6,0.05376251041889191
44,7,0.0400167778134346
44,8,0.044713400304317474
44,9,0.03928747773170471
44,10,0.043640974909067154
44,11,0.05205603688955307
44,12,0.05080561339855194
44,13,0.04481982812285423
44,14,0.0487760528922081
44,15,0.04778923839330673
44,16,0.04486299306154251
44,17,0.044561415910720825
44,18,0.039388302713632584
44,19,0.04464501887559891
44,20,0.04352595657110214
44,21,0.04119071736931801
44,22,0.04072941094636917
44,23,0.05218637362122536
44,24,0.04181385412812233
44,25,0.0456358976662159
44,26,0.044056277722120285
44,27,0.04349284619092941
44,28,0.054358869791030884
44,29,0.04155053198337555
44,30,0.05446247756481171
44,31,0.0459895022213459
44,32,0.04941495507955551
44,33,0.05082724988460541
44,34,0.04809503257274628
44,35,0.043413013219833374
44,36,0.04977460950613022
44,37,0.04401525855064392
44,38,0.042721208184957504
44,39,0.045303232967853546
44,40,0.061902258545160294
44,41,0.04240002483129501
44,42,0.040197595953941345
44,43,0.05142969638109207
44,44,0.043383609503507614
44,45,0.052355021238327026
44,46,0.046102553606033325
44,47,0.04431760311126709
44,48,0.04353261739015579
44,49,0.04998799413442612
44,50,0.045254383236169815
44,51,0.04864964261651039
44,52,0.04426085948944092
44,53,0.04209858179092407
44,54,0.05197247490286827
44,55,0.04549793899059296
44,56,0.048624761402606964
44,57,0.039463505148887634
44,58,0.042237088084220886
44,59,0.04026654362678528
44,60,0.0418802872300148
44,61,0.04414884001016617
44,62,0.04481685906648636
44,63,0.0442536436021328
44,64,0.04632352292537689
44,65,0.04069218784570694
44,66,0.04641401767730713
44,67,0.048343367874622345
44,68,0.036950789391994476
44,69,0.04216749593615532
44,70,0.041686415672302246
44,71,0.04082933068275452
44,72,0.0461384579539299
44,73,0.046939924359321594
44,74,0.04376895725727081
44,75,0.047147586941719055
44,76,0.04304657131433487
45,1,0.049786679446697235
45,2,0.03903154283761978
45,3,0.043363168835639954
45,4,0.05463022366166115
45,5,0.044048912823200226
45,6,0.050559427589178085
45,7,0.043580908328294754
45,8,0.03401186317205429
45,9,0.052247725427150726
45,10,0.05572763830423355
45,11,0.0513140931725502
45,12,0.05268822982907295
45,13,0.05428282171487808
45,14,0.045502737164497375
45,15,0.043354131281375885
45,16,0.03842969238758087
45,17,0.05202378332614899
45,18,0.04018394649028778
45,19,0.04332631826400757
45,20,0.04771621897816658
45,21,0.042789723724126816
45,22,0.04813656210899353
45,23,0.055615805089473724
45,24,0.045269571244716644
45,25,0.054814502596855164
45,26,0.04466228187084198
45,27,0.042628854513168335
45,28,0.045524705201387405
45,29,0.0388551726937294
45,30,0.04493657499551773
45,31,0.05298604071140289
45,32,0.04514174908399582
45,33,0.05353783443570137
45,34,0.03732410818338394
45,35,0.046347372233867645
45,36,0.046299684792757034
45,37,0.048409514129161835
45,38,0.04879525676369667
45,39,0.05278746038675308
45,40,0.04411286115646362
45,41,0.049116093665361404
45,42,0.045144304633140564
45,43,0.04586207866668701
45,44,0.04443443566560745
45,45,0.04738398641347885
45,46,0.04300715774297714
45,47,0.0427805557847023
45,48,0.04717249423265457
45,49,0.04159754514694214
45,50,0.04841440171003342
45,51,0.046550020575523376
45,52,0.03994724899530411
45,53,0.03712598979473114
45,54,0.04837774112820625
45,55,0.041624851524829865
45,56,0.041080474853515625
45,57,0.037684544920921326
45,58,0.062417738139629364
45,59,0.03747154399752617
45,60,0.044579654932022095
45,61,0.04342730715870857
45,62,0.03665632754564285
45,63,0.04567547142505646
45,64,0.039741501212120056
45,65,0.042884793132543564
45,66,0.04382007569074631
45,67,0.042862873524427414
45,68,0.0427124947309494
45,69,0.03885527327656746
45,70,0.04013533890247345
45,71,0.046313151717185974
45,72,0.03591442108154297
45,73,0.045266132801771164
45,74,0.04940645769238472
45,75,0.04238263890147209
45,76,0.046804606914520264
46,1,0.04316822811961174
46,2,0.04243273660540581
46,3,0.04401472955942154
46,4,0.042192310094833374
46,5,0.04271303489804268
46,6,0.04511702433228493
46,7,0.0453154519200325
46,8,0.04702677205204964
46,9,0.040446799248456955
46,10,0.05091448873281479
46,11,0.039950206875801086
46,12,0.039817921817302704
46,13,0.0417211577296257
46,14,0.03877676650881767
46,15,0.04197404533624649
46,16,0.03894117474555969
46,17,0.042315106838941574
46,18,0.051836829632520676
46,19,0.04252098873257637
46,20,0.0488647036254406
46,21,0.051154568791389465
46,22,0.04039014130830765
46,23,0.03953204303979874
46,24,0.04277738556265831
46,25,0.05127336084842682
46,26,0.03624548017978668
46,27,0.04715503752231598
46,28,0.04387877136468887
46,29,0.044104985892772675
46,30,0.04372850060462952
46,31,0.04270374774932861
46,32,0.03651662543416023
46,33,0.04181216284632683
46,34,0.04793304204940796
46,35,0.03842560574412346
46,36,0.04451152682304382
46,37,0.0387161485850811
46,38,0.04104238376021385
46,39,0.036422908306121826
46,40,0.04845631867647171
46,41,0.04334885627031326
46,42,0.03978347033262253
46,43,0.044041648507118225
46,44,0.04697699099779129
46,45,0.04608169198036194
46,46,0.03772895783185959
46,47,0.04237806797027588
46,48,0.05300051346421242
46,49,0.058509498834609985
46,50,0.04756449535489082
46,51,0.041891470551490784
46,52,0.04209010675549507
46,53,0.04161359369754791
46,54,0.04157334566116333
46,55,0.043834514915943146
46,56,0.04922233521938324
46,57,0.0386354997754097
46,58,0.04152251034975052
46,59,0.04004776105284691
46,60,0.05078127235174179
46,61,0.03987845778465271
46,62,0.04544460028409958
46,63,0.042043305933475494
46,64,0.04618481546640396
46,65,0.039531148970127106
46,66,0.04662569239735603
46,67,0.04040532931685448
46,68,0.03975377604365349
46,69,0.04591745510697365
46,70,0.057669077068567276
46,71,0.0448036789894104
46,72,0.0345459058880806
46,73,0.0552004799246788
46,74,0.04223687946796417
46,75,0.047705359756946564
46,76,0.03488932549953461
47,1,0.046739332377910614
47,2,0.043880630284547806
47,3,0.043533504009246826
47,4,0.043342046439647675
47,5,0.04844975098967552
47,6,0.047476477921009064
47,7,0.047872088849544525
47,8,0.05092182010412216
47,9,0.04093901813030243
47,10,0.0479353666305542
47,11,0.05147811770439148
47,12,0.04518459737300873
47,13,0.047795020043849945
47,14,0.04848510026931763
47,15,0.050715431571006775
47,16,0.044820912182331085
47,17,0.04272497072815895
47,18,0.04049383103847504
47,19,0.04190914332866669
47,20,0.04106740653514862
47,21,0.04493335634469986
47,22,0.042582232505083084
47,23,0.03769472986459732
47,24,0.05022578313946724
47,25,0.05034491419792175
47,26,0.04497893899679184
47,27,0.044690459966659546
47,28,0.044501859694719315
47,29,0.04614095389842987
47,30,0.04452065750956535
47,31,0.04546951502561569
47,32,0.04671499505639076
47,33,0.04340352863073349
47,34,0.04595612734556198
47,35,0.04371868818998337
47,36,0.048126187175512314
47,37,0.036382950842380524
47,38,0.03900250047445297
47,39,0.04142884165048599
47,40,0.060240667313337326
47,41,0.0452595017850399
47,42,0.044449254870414734
47,43,0.04256480932235718
47,44,0.045724980533123016
47,45,0.03769712895154953
47,46,0.03712400421500206
47,47,0.04108341783285141
47,48,0.04190802574157715
47,49,0.047862112522125244
47,50,0.044454462826251984
47,51,0.043579354882240295
47,52,0.046154409646987915
47,53,0.07832706719636917
47,54,0.037997521460056305
47,55,0.048442646861076355
47,56,0.04830719158053398
47,57,0.04188084974884987
47,58,0.03919776529073715
47,59,0.04187384992837906
47,60,0.0374385267496109
47,61,0.04429320991039276
47,62,0.043786413967609406
47,63,0.043971773236989975
47,64,0.045028090476989746
47,65,0.04500160366296768
47,66,0.0409003421664238
47,67,0.046615734696388245
47,68,0.04310347139835358
47,69,0.044686537235975266
47,70,0.03636552393436432
47,71,0.041101887822151184
47,72,0.04562881216406822
47,73,0.04093656688928604
47,74,0.03884909301996231
47,75,0.044453445822000504
47,76,0.038077015429735184
48,1,0.042078450322151184
48,2,0.03869194537401199
48,3,0.043474145233631134
48,4,0.04918311536312103
48,5,0.051121436059474945
48,6,0.042770326137542725
48,7,0.03960194066166878
48,8,0.04714351147413254
48,9,0.051517173647880554
48,10,0.04137514531612396
48,11,0.055190492421388626
48,12,0.045361511409282684
48,13,0.04484601318836212
48,14,0.04076150059700012
48,15,0.043756358325481415
48,16,0.04262153059244156
48,17,0.04813409596681595
48,18,0.04943099245429039
48,19,0.043186940252780914
48,20,0.057623617351055145
48,21,0.042203616350889206
48,22,0.049331165850162506
48,23,0.046298712491989136
48,24,0.04044511169195175
48,25,0.04925603047013283
48,26,0.054523129016160965
48,27,0.04883083701133728
48,28,0.03992876783013344
48,29,0.0417996421456337
48,30,0.03522690385580063
48,31,0.04023471474647522
48,32,0.03787388652563095
48,33,0.05184440687298775
48,34,0.04139810428023338
48,35,0.04741479456424713
48,36,0.04064217954874039
48,37,0.03934931755065918
48,38,0.043374285101890564
48,39,0.04207252711057663
48,40,0.05022532865405083
48,41,0.04521358385682106
48,42,0.04767708107829094
48,43,0.0488576740026474
48,44,0.05078867822885513
48,45,0.039820872247219086
48,46,0.0434640571475029
48,47,0.043132998049259186
48,48,0.04917121306061745
48,49,0.03714025020599365
48,50,0.03999628871679306
48,51,0.044699884951114655
48,52,0.045781295746564865
48,53,0.04706859588623047
48,54,0.04579224810004234
48,55,0.04020170867443085
48,56,0.03944171965122223
48,57,0.04632830619812012
48,58,0.044074930250644684
48,59,0.04352274537086487
48,60,0.04311321675777435
48,61,0.045714106410741806
48,62,0.0330127514898777
48,63,0.03878571465611458
48,64,0.03928689658641815
48,65,0.050727661699056625
48,66,0.039408981800079346
48,67,0.04464066028594971
48,68,0.045256905257701874
48,69,0.04613129049539566
48,70,0.04399910196661949
48,71,0.04613187164068222
48,72,0.04589267447590828
48,73,0.04443088918924332
48,74,0.0430116206407547
48,75,0.03991167992353439
48,76,0.055673036724328995
49,1,0.048147354274988174
49,2,0.04403037577867508
49,3,0.04799593240022659
49,4,0.039255060255527496
49,5,0.04457300528883934
49,6,0.041882045567035675
49,7,0.03828311339020729
49,8,0.04075678437948227
49,9,0.03792179375886917
49,10,0.0406748503446579
49,11,0.047853678464889526
49,12,0.04234907031059265
49,13,0.03542749211192131
49,14,0.04643898829817772
49,15,0.03767368569970131
49,16,0.038623206317424774
49,17,0.0416979156434536
49,18,0.04065128043293953
49,19,0.04593629390001297
49,20,0.03844305872917175
49,21,0.05107765644788742
49,22,0.040627337992191315
49,23,0.04829726740717888
49,24,0.04190739244222641
49,25,0.048660747706890106
49,26,0.04726279154419899
49,27,0.042230527848005295
49,28,0.04121670871973038
49,29,0.04697272926568985
49,30,0.04687079042196274
49,31,0.04011201485991478
49,32,0.04320143908262253
49,33,0.037305284291505814
49,34,0.047898851335048676
49,35,0.04128751903772354
49,36,0.04036333039402962
49,37,0.04383382201194763
49,38,0.03935801610350609
49,39,0.04935818165540695
49,40,0.03739289194345474
49,41,0.03982327878475189
49,42,0.045728594064712524
49,43,0.05038224533200264
49,44,0.044695693999528885
49,45,0.056532107293605804
49,46,0.03427539020776749
49,47,0.04176091402769089
49,48,0.042573679238557816
49,49,0.03792352229356766
49,50,0.037616148591041565
49,51,0.05603499338030815
49,52,0.03605242073535919
49,53,0.04238864406943321
49,54,0.03981800377368927
49,55,0.03774940222501755
49,56,0.04669976979494095
49,57,0.046300120651721954
49,58,0.03917006403207779
49,59,0.04086289927363396
49,60,0.03488250821828842
49,61,0.048224493861198425
49,62,0.04590800032019615
49,63,0.04267728328704834
49,64,0.03896772116422653
49,65,0.04821845144033432
49,66,0.04461314529180527
49,67,0.04322189465165138
49,68,0.03718416020274162
49,69,0.044758010655641556
49,70,0.04970404505729675
49,71,0.05269773676991463
49,72,0.04039532691240311
49,73,0.04250231757760048
49,74,0.04557907581329346
49,75,0.042088255286216736
49,76,0.048356927931308746
50,1,0.0423845499753952
50,2,0.042952701449394226
50,3,0.043613187968730927
50,4,0.05087096244096756
50,5,0.04298076406121254
50,6,0.04344383627176285
50,7,0.0462469607591629
50,8,0.04106154292821884
50,9,0.03809003159403801
50,10,0.038414645940065384
50,11,0.048072319477796555
50,12,0.04006930813193321
50,13,0.04663262516260147
50,14,0.041454266756772995
50,15,0.04439479112625122
50,16,0.03979097679257393
50,17,0.04221642017364502
50,18,0.04454076662659645
50,19,0.04405009746551514
50,20,0.0488835871219635
50,21,0.03927995264530182
50,22,0.03727727383375168
50,23,0.0413106344640255
50,24,0.04766399413347244
50,25,0.046235229820013046
50,26,0.04054075852036476
50,27,0.04243911802768707
50,28,0.03797116503119469
50,29,0.052372246980667114
50,30,0.03857995942234993
50,31,0.04859668016433716
50,32,0.04649028182029724
50,33,0.04051581025123596
50,34,0.04046209529042244
50,35,0.047518517822027206
50,36,0.040185876190662384
50,37,0.03869016468524933
50,38,0.03636481240391731
50,39,0.05350890010595322
50,40,0.043977946043014526
50,41,0.03848937898874283
50,42,0.04220806062221527
50,43,0.040675170719623566
50,44,0.0419292151927948
50,45,0.043480414897203445
50,46,0.045784689486026764
50,47,0.03755136579275131
50,48,0.04546152055263519
50,49,0.04519649222493172
50,50,0.042430415749549866
50,51,0.04307813197374344
50,52,0.053646452724933624
50,53,0.04701107367873192
50,54,0.04293951764702797
50,55,0.04312938079237938
50,56,0.03371802717447281
50,57,0.034489523619413376
50,58,0.03902421146631241
50,59,0.03966619819402695
50,60,0.03843418508768082
50,61,0.04631081596016884
50,62,0.047274455428123474
50,63,0.03707016259431839
50,64,0.040764305740594864
50,65,0.05915893241763115
50,66,0.04242531582713127
50,67,0.040375299751758575
50,68,0.036222927272319794
50,69,0.044916801154613495
50,70,0.0373978465795517
50,71,0.044586919248104095
50,72,0.04731041193008423
50,73,0.04254467785358429
50,74,0.040007367730140686
50,75,0.040879614651203156
50,76,0.04388732463121414
