epoch,step,loss
1,1,4.821006774902344
1,2,4.676055908203125
1,3,4.743034362792969
1,4,4.603858947753906
1,5,4.606727600097656
1,6,4.529296875
2,1,4.339042663574219
2,2,4.290252685546875
2,3,4.1753692626953125
2,4,4.2007598876953125
2,5,4.2015380859375
3,1,4.143135070800781
3,2,4.002037048339844
3,3,4.02252197265625
3,4,3.9898529052734375
3,5,3.9223251342773438
4,1,3.8453712463378906
4,2,3.7845916748046875
4,3,3.826831817626953
4,4,3.7001876831054688
4,5,3.744792938232422
5,1,3.6769351959228516
5,2,3.5991783142089844
5,3,3.51348876953125
5,4,3.5841827392578125
5,5,3.4621925354003906
6,1,3.4114761352539062
6,2,3.4434585571289062
6,3,3.3500757217407227
6,4,3.3407373428344727
6,5,3.2621803283691406
7,1,3.1044769287109375
7,2,3.206573486328125
7,3,3.2618894577026367
7,4,3.2105140686035156
7,5,3.3285155296325684
8,1,2.9828243255615234
8,2,2.9669084548950195
8,3,2.937328338623047
8,4,2.970888137817383
8,5,3.0310215950012207
9,1,2.8644566535949707
9,2,2.9126179218292236
9,3,2.8149547576904297
9,4,2.7915377616882324
9,5,2.9573802947998047
10,1,2.902158737182617
10,2,2.6978492736816406
10,3,2.6440529823303223
10,4,2.7827749252319336
10,5,2.7178897857666016
11,1,2.5401296615600586
11,2,2.535323143005371
11,3,2.560153007507324
11,4,2.6244916915893555
11,5,2.500792980194092
12,1,2.574129343032837
12,2,2.3659751415252686
12,3,2.3785791397094727
12,4,2.3093957901000977
12,5,2.2637887001037598
13,1,2.2683897018432617
13,2,2.2190818786621094
13,3,2.4684550762176514
13,4,2.3145391941070557
13,5,2.1169416904449463
14,1,2.3202266693115234
14,2,2.086256265640259
14,3,2.0715842247009277
14,4,2.0631234645843506
14,5,2.333695888519287
15,1,2.0842528343200684
15,2,1.9002718925476074
15,3,2.0114967823028564
15,4,1.992659330368042
15,5,1.909109115600586
16,1,1.796619176864624
16,2,2.0499444007873535
16,3,2.0143656730651855
16,4,1.7158725261688232
16,5,1.753326654434204
17,1,1.6597883701324463
17,2,1.588777780532837
17,3,1.701518177986145
17,4,1.6940207481384277
17,5,2.0716934204101562
18,1,1.6078295707702637
18,2,1.8513283729553223
18,3,1.5505647659301758
18,4,1.719611406326294
18,5,1.940316915512085
19,1,1.4541420936584473
19,2,1.4990675449371338
19,3,1.4455845355987549
19,4,1.5722930431365967
19,5,1.6559693813323975
20,1,1.5018569231033325
20,2,1.9559992551803589
20,3,1.2915785312652588
20,4,1.6963307857513428
20,5,1.6305773258209229
21,1,1.2393603324890137
21,2,1.398917555809021
21,3,1.6288790702819824
21,4,2.24129056930542
21,5,1.4723529815673828
22,1,1.4483797550201416
22,2,1.3100810050964355
22,3,1.286723256111145
22,4,1.2255876064300537
22,5,1.1904387474060059
23,1,1.0859222412109375
23,2,1.2054486274719238
23,3,1.2587025165557861
23,4,1.065624475479126
23,5,1.167175531387329
24,1,1.067883014678955
24,2,1.0313985347747803
24,3,1.3595502376556396
24,4,1.0942336320877075
24,5,1.2000999450683594
25,1,1.0436012744903564
25,2,1.4783085584640503
25,3,1.188044548034668
25,4,1.0182485580444336
25,5,1.1542952060699463
26,1,0.9677050113677979
26,2,0.9764089584350586
26,3,1.24425208568573
26,4,1.210671067237854
26,5,1.0453221797943115
27,1,1.0858392715454102
27,2,1.000016450881958
27,3,0.8385281562805176
27,4,1.1228842735290527
27,5,0.8636670112609863
28,1,1.045796513557434
28,2,0.8424849510192871
28,3,1.1070709228515625
28,4,0.8633419871330261
28,5,0.7762320637702942
29,1,1.1443331241607666
29,2,1.354209303855896
29,3,0.7344849109649658
29,4,0.7479138374328613
29,5,1.007527232170105
30,1,1.0162239074707031
30,2,0.8554269075393677
30,3,0.7606762647628784
30,4,0.7572524547576904
30,5,0.7764980792999268
31,1,1.0881977081298828
31,2,0.6543788909912109
31,3,0.7664742469787598
31,4,1.1144726276397705
31,5,1.0198389291763306
32,1,0.8381621837615967
32,2,0.6307916641235352
32,3,0.661388635635376
32,4,1.0816348791122437
32,5,0.5822643637657166
33,1,0.6953913569450378
33,2,1.677304744720459
33,3,1.086256980895996
33,4,0.9150099754333496
33,5,0.5690884590148926
34,1,0.8944696187973022
34,2,0.704025149345398
34,3,0.5194425582885742
34,4,0.9264873266220093
34,5,0.8223615884780884
35,1,0.7050383687019348
35,2,0.5247523188591003
35,3,0.6761839389801025
35,4,0.4596673250198364
35,5,0.5501075983047485
36,1,0.4682249426841736
36,2,0.47773033380508423
36,3,0.47082948684692383
36,4,0.9375534057617188
36,5,0.6543453335762024
37,1,0.8981224298477173
37,2,0.43386566638946533
37,3,1.2730129957199097
37,4,0.6960779428482056
37,5,0.4673084020614624
38,1,0.4321752190589905
38,2,0.544641375541687
38,3,0.5041177272796631
38,4,0.8591033220291138
38,5,0.6621654033660889
39,1,1.0368318557739258
39,2,0.4520631432533264
39,3,0.4828122854232788
39,4,0.6563373804092407
39,5,0.737301230430603
40,1,0.6656891703605652
40,2,0.7613940834999084
40,3,0.8582857251167297
40,4,0.5741496086120605
40,5,0.48764628171920776
41,1,0.3783365488052368
41,2,0.42801612615585327
41,3,0.43594980239868164
41,4,0.7850382924079895
41,5,0.8657955527305603
42,1,0.3849795460700989
42,2,1.4362130165100098
42,3,0.45702657103538513
42,4,0.7536725997924805
42,5,0.4809560179710388
43,1,0.5539294481277466
43,2,0.3224419951438904
43,3,0.5337525606155396
43,4,0.7155765295028687
43,5,0.3816800117492676
44,1,0.5747591853141785
44,2,0.6548242568969727
44,3,0.522145688533783
44,4,0.31693869829177856
44,5,0.3390749990940094
45,1,0.3377828598022461
45,2,0.34001225233078003
45,3,0.688741147518158
45,4,0.34576427936553955
45,5,0.46550485491752625
46,1,0.44074851274490356
46,2,0.4454166889190674
46,3,0.4411882758140564
46,4,0.667283296585083
46,5,0.5709969401359558
47,1,0.6087512969970703
47,2,0.31467100977897644
47,3,0.8088987469673157
47,4,0.6187939643859863
47,5,0.270242840051651
48,1,0.3630674481391907
48,2,0.35742855072021484
48,3,0.34976208209991455
48,4,0.4917263090610504
48,5,0.5432004332542419
49,1,0.6334735155105591
49,2,0.2721487283706665
49,3,0.3857037425041199
49,4,0.2629551291465759
49,5,0.507407009601593
50,1,0.2592036724090576
50,2,0.533298134803772
50,3,0.8981455564498901
50,4,0.7042388916015625
50,5,0.6241205930709839
51,1,0.22143419086933136
51,2,0.37517648935317993
51,3,0.7997281551361084
51,4,0.341255784034729
51,5,0.5474816560745239
52,1,0.6067420244216919
52,2,0.31868693232536316
52,3,0.5693897604942322
52,4,0.23114290833473206
52,5,0.2556139826774597
53,1,0.31460341811180115
53,2,0.3695215582847595
53,3,0.47596341371536255
53,4,0.3184707760810852
53,5,0.6658536791801453
54,1,0.4942980408668518
54,2,0.594528079032898
54,3,0.5241057872772217
54,4,0.38320571184158325
54,5,0.22176888585090637
55,1,0.2261120080947876
55,2,1.0415046215057373
55,3,0.3029018044471741
55,4,0.2136693298816681
55,5,0.3457704186439514
56,1,0.26577866077423096
56,2,0.32862094044685364
56,3,0.21310773491859436
56,4,0.2102203667163849
56,5,0.425445556640625
57,1,0.5602022409439087
57,2,0.6836110353469849
57,3,0.2852201759815216
57,4,0.4693729877471924
57,5,0.3363668620586395
58,1,1.0349714756011963
58,2,0.2939363420009613
58,3,0.6060950756072998
58,4,0.22012585401535034
58,5,0.3889971673488617
59,1,0.5543031096458435
59,2,0.4299967885017395
59,3,0.2349124550819397
59,4,0.18322089314460754
59,5,0.7401877045631409
60,1,0.5157648324966431
60,2,0.33397376537323
60,3,0.23285886645317078
60,4,0.7204135656356812
60,5,0.22221362590789795
61,1,0.2293109893798828
61,2,0.39363211393356323
61,3,0.20504093170166016
61,4,0.23301169276237488
61,5,0.4406801462173462
62,1,0.19687464833259583
62,2,0.22181689739227295
62,3,0.6935544610023499
62,4,0.25706738233566284
62,5,0.33611446619033813
63,1,0.23682735860347748
63,2,0.6258584856987
63,3,0.38165342807769775
63,4,0.18612605333328247
63,5,0.2574438452720642
64,1,0.19901275634765625
64,2,0.569769024848938
64,3,0.4826318621635437
64,4,0.33104756474494934
64,5,0.2539860010147095
65,1,0.1997409462928772
65,2,0.590569019317627
65,3,0.3699071407318115
65,4,0.506359338760376
65,5,0.511703372001648
66,1,0.23714390397071838
66,2,0.18555447459220886
66,3,0.18763992190361023
66,4,0.40033674240112305
66,5,0.21882012486457825
67,1,0.19331300258636475
67,2,0.23029226064682007
67,3,0.370168000459671
67,4,0.6825177669525146
67,5,0.3213224709033966
68,1,0.42176157236099243
68,2,0.48492586612701416
68,3,0.27943164110183716
68,4,0.6993885636329651
68,5,0.5119441747665405
69,1,0.3119796812534332
69,2,0.16275933384895325
69,3,0.29528719186782837
69,4,0.2464119791984558
69,5,0.2905893325805664
70,1,1.1037907600402832
70,2,0.15727093815803528
70,3,0.38849860429763794
70,4,0.3830414414405823
70,5,0.16544483602046967
71,1,1.026423692703247
71,2,0.360537588596344
71,3,0.4095667898654938
71,4,0.20791472494602203
71,5,0.20358040928840637
72,1,0.411388099193573
72,2,0.6420329213142395
72,3,0.38098281621932983
72,4,0.19946777820587158
72,5,0.7952717542648315
73,1,0.5041018724441528
73,2,0.24342787265777588
73,3,0.24621078372001648
73,4,0.6354444026947021
73,5,0.8940906524658203
74,1,0.26246389746665955
74,2,0.3329833447933197
74,3,0.1840628683567047
74,4,0.14394722878932953
74,5,0.14994587004184723
75,1,0.39602580666542053
75,2,0.1687633991241455
75,3,0.15070843696594238
75,4,0.5357835292816162
75,5,0.3375518321990967
76,1,0.1910208761692047
76,2,0.37240391969680786
76,3,0.176446795463562
76,4,0.23028016090393066
76,5,0.4322577714920044
77,1,0.14457052946090698
77,2,0.16900327801704407
77,3,0.17286354303359985
77,4,0.5911988019943237
77,5,0.3256576359272003
78,1,0.14269161224365234
78,2,0.37743186950683594
78,3,0.14950895309448242
78,4,0.6894911527633667
78,5,0.20149406790733337
79,1,0.4099038243293762
79,2,0.3567500710487366
79,3,0.5515828132629395
79,4,0.2664181888103485
79,5,0.15689241886138916
80,1,0.14623437821865082
80,2,0.26621848344802856
80,3,1.2289745807647705
80,4,0.1862049400806427
80,5,0.6772525906562805
81,1,0.19349613785743713
81,2,0.2555031478404999
81,3,0.3868446350097656
81,4,0.15830308198928833
81,5,0.26655101776123047
82,1,0.21243685483932495
82,2,0.2494266927242279
82,3,0.16245850920677185
82,4,0.15198931097984314
82,5,0.15796977281570435
83,1,0.1695939302444458
83,2,0.3894278407096863
83,3,0.2501382529735565
83,4,0.1447678506374359
83,5,0.4039648175239563
84,1,0.14836636185646057
84,2,0.2208036184310913
84,3,0.16396623849868774
84,4,0.4596397280693054
84,5,0.15102005004882812
85,1,0.1550806760787964
85,2,0.2662643492221832
85,3,0.13057057559490204
85,4,0.11601534485816956
85,5,0.16748373210430145
86,1,0.17403548955917358
86,2,0.25395795702934265
86,3,0.4989977478981018
86,4,0.2140342742204666
86,5,0.40266337990760803
87,1,0.18126650154590607
87,2,0.6344578266143799
87,3,0.39443284273147583
87,4,0.15582381188869476
87,5,0.6541147232055664
88,1,0.1644899547100067
88,2,0.2602350115776062
88,3,0.13827931880950928
88,4,0.2395934909582138
88,5,0.17743037641048431
89,1,0.596013605594635
89,2,0.25886765122413635
89,3,0.36548882722854614
89,4,0.30396682024002075
89,5,1.092084527015686
90,1,0.1697055995464325
90,2,0.47517645359039307
90,3,0.14202314615249634
90,4,0.36473506689071655
90,5,0.15684646368026733
91,1,0.30255961418151855
91,2,0.7364287972450256
91,3,0.6662783622741699
91,4,0.1510455459356308
91,5,0.49711182713508606
92,1,0.1821010410785675
92,2,0.706118106842041
92,3,0.13059400022029877
92,4,0.5005109310150146
92,5,0.2504264712333679
93,1,0.5502153635025024
93,2,0.48514115810394287
93,3,0.3005233407020569
93,4,0.8003705739974976
93,5,0.5000274181365967
94,1,0.4396969974040985
94,2,0.26323777437210083
94,3,0.4434146285057068
94,4,0.25262337923049927
94,5,0.37067919969558716
95,1,0.6241985559463501
95,2,0.522195041179657
95,3,0.16862064599990845
95,4,0.1476786732673645
95,5,0.4542143642902374
96,1,0.26655834913253784
96,2,0.5085262060165405
96,3,0.22223597764968872
96,4,0.230192169547081
96,5,0.22144156694412231
97,1,0.12397396564483643
97,2,0.5369800925254822
97,3,0.1899818778038025
97,4,0.15795117616653442
97,5,0.14902952313423157
98,1,0.15408651530742645
98,2,0.35807502269744873
98,3,0.308671772480011
98,4,0.14861193299293518
98,5,0.22733181715011597
99,1,0.1885349601507187
99,2,0.10298055410385132
99,3,0.1103811115026474
99,4,0.5393155813217163
99,5,0.2833095192909241
100,1,0.3204493522644043
100,2,0.2162805199623108
100,3,0.1227666437625885
100,4,0.4503110945224762
100,5,0.15189628303050995
