epoch,step,loss
1,1,4.873054504394531
1,2,4.665702819824219
1,3,4.656806945800781
1,4,4.616813659667969
1,5,4.5489044189453125
1,6,4.568173885345459
2,1,4.245452880859375
2,2,4.226875305175781
2,3,4.2512664794921875
2,4,4.125701904296875
2,5,4.147605895996094
3,1,3.9881439208984375
3,2,3.9811439514160156
3,3,3.9806785583496094
3,4,4.032955169677734
3,5,3.869304656982422
4,1,3.846782684326172
4,2,3.7946243286132812
4,3,3.6969985961914062
4,4,3.7743053436279297
4,5,3.5992050170898438
5,1,3.53753662109375
5,2,3.4526596069335938
5,3,3.5449905395507812
5,4,3.572816848754883
5,5,3.324726104736328
6,1,3.4037609100341797
6,2,3.3196287155151367
6,3,3.288280487060547
6,4,3.246753692626953
6,5,3.2635955810546875
7,1,3.3005523681640625
7,2,3.124166488647461
7,3,3.074840545654297
7,4,3.0184545516967773
7,5,3.1604814529418945
8,1,2.9188003540039062
8,2,3.0272750854492188
8,3,2.904547691345215
8,4,2.909391403198242
8,5,2.8471927642822266
9,1,2.7651705741882324
9,2,2.75985050201416
9,3,2.6355628967285156
9,4,2.626579761505127
9,5,2.701907157897949
10,1,2.622793197631836
10,2,2.5516748428344727
10,3,2.482254981994629
10,4,2.4248499870300293
10,5,2.544948101043701
11,1,2.3608384132385254
11,2,2.362616539001465
11,3,2.569225311279297
11,4,2.3008885383605957
11,5,2.694319725036621
12,1,2.3086323738098145
12,2,2.3180832862854004
12,3,2.273059368133545
12,4,2.1581239700317383
12,5,2.27545166015625
13,1,2.4661216735839844
13,2,2.1500158309936523
13,3,2.323409080505371
13,4,1.938746452331543
13,5,1.953122615814209
14,1,2.0454697608947754
14,2,1.879143238067627
14,3,2.2035224437713623
14,4,1.9452528953552246
14,5,2.0228564739227295
15,1,1.8810977935791016
15,2,2.1446189880371094
15,3,1.8405354022979736
15,4,1.864478588104248
15,5,1.6756033897399902
16,1,1.923922061920166
16,2,1.6753430366516113
16,3,1.4554414749145508
16,4,1.6316609382629395
16,5,1.748615026473999
17,1,1.5555977821350098
17,2,1.5272927284240723
17,3,1.656693458557129
17,4,1.5810472965240479
17,5,1.8784756660461426
18,1,1.7544925212860107
18,2,1.9287512302398682
18,3,1.5620018243789673
18,4,1.392723560333252
18,5,1.4138009548187256
19,1,1.3812426328659058
19,2,1.2723917961120605
19,3,1.4622464179992676
19,4,1.3237192630767822
19,5,1.387052297592163
20,1,1.2505333423614502
20,2,1.407097339630127
20,3,1.261847734451294
20,4,1.4021390676498413
20,5,1.4536516666412354
21,1,1.4287478923797607
21,2,1.7169815301895142
21,3,1.2110919952392578
21,4,1.431262731552124
21,5,1.1999435424804688
22,1,1.4405457973480225
22,2,1.1150398254394531
22,3,1.0608298778533936
22,4,1.1985383033752441
22,5,1.2434871196746826
23,1,1.1825964450836182
23,2,1.0572293996810913
23,3,1.3094468116760254
23,4,1.1824289560317993
23,5,0.9124487042427063
24,1,0.8545973300933838
24,2,1.2739832401275635
24,3,1.3142914772033691
24,4,0.887391209602356
24,5,0.9430911540985107
25,1,1.223214030265808
25,2,0.9323312044143677
25,3,0.9987136125564575
25,4,1.0413818359375
25,5,0.9153904318809509
26,1,1.047536849975586
26,2,0.970299482345581
26,3,0.8893861770629883
26,4,1.2906041145324707
26,5,0.9884707927703857
27,1,1.2999176979064941
27,2,0.914597749710083
27,3,1.0756089687347412
27,4,0.8393608331680298
27,5,0.8221570253372192
28,1,1.0096241235733032
28,2,0.9361903667449951
28,3,0.7693697214126587
28,4,1.2275571823120117
28,5,0.6710286140441895
29,1,0.7817497253417969
29,2,0.9308497905731201
29,3,0.905890703201294
29,4,0.7275611758232117
29,5,0.7844979763031006
30,1,0.9387365579605103
30,2,0.9265795946121216
30,3,1.0145035982131958
30,4,1.0571321249008179
30,5,1.0278772115707397
31,1,0.559171199798584
31,2,0.6450576782226562
31,3,0.6532901525497437
31,4,0.6218007802963257
31,5,0.7985065579414368
32,1,0.7337484955787659
32,2,0.5946828722953796
32,3,0.7313168048858643
32,4,0.9516255259513855
32,5,0.8226619362831116
33,1,1.0478510856628418
33,2,0.6395033597946167
33,3,0.7901179790496826
33,4,0.4938848614692688
33,5,0.5755349397659302
34,1,0.5057274103164673
34,2,0.4105623960494995
34,3,0.49005115032196045
34,4,0.8145979046821594
34,5,0.493910551071167
35,1,0.5952648520469666
35,2,0.5852420330047607
35,3,0.4788632392883301
35,4,0.7657613754272461
35,5,0.8605284690856934
36,1,0.3999890089035034
36,2,0.6996314525604248
36,3,0.5324482917785645
36,4,0.5070145130157471
36,5,0.56148362159729
37,1,0.4442051649093628
37,2,0.5118241906166077
37,3,0.7068996429443359
37,4,0.9524059295654297
37,5,0.4064222574234009
38,1,0.9851203560829163
38,2,0.6478723287582397
38,3,0.6081929802894592
38,4,0.5482003688812256
38,5,1.1581014394760132
39,1,0.4520835280418396
39,2,0.32894307374954224
39,3,0.9180516004562378
39,4,0.7325196266174316
39,5,0.6569334864616394
40,1,0.6226589679718018
40,2,0.8150067925453186
40,3,0.5221067667007446
40,4,0.5453121662139893
40,5,0.3946254849433899
41,1,0.8197567462921143
41,2,0.5582404136657715
41,3,0.8970116376876831
41,4,0.3425042927265167
41,5,0.6352275609970093
42,1,0.36045175790786743
42,2,0.6406556367874146
42,3,0.5340132713317871
42,4,0.6910966634750366
42,5,0.3591967821121216
43,1,0.3223720192909241
43,2,0.4197666049003601
43,3,0.5545566082000732
43,4,0.5704081058502197
43,5,0.40151262283325195
44,1,0.310890793800354
44,2,0.3227737843990326
44,3,0.4224287271499634
44,4,0.6191611289978027
44,5,0.583949089050293
45,1,0.4150281548500061
45,2,0.744612455368042
45,3,0.702073335647583
45,4,0.5180002450942993
45,5,0.3218342065811157
46,1,0.7386638522148132
46,2,0.422713041305542
46,3,0.5932407975196838
46,4,0.4314659833908081
46,5,0.46556562185287476
47,1,0.28712883591651917
47,2,0.6000347137451172
47,3,0.2444334626197815
47,4,0.24017030000686646
47,5,0.4515432119369507
48,1,0.8497598171234131
48,2,0.9050198197364807
48,3,0.6791053414344788
48,4,0.24454724788665771
48,5,0.34798580408096313
49,1,0.4720548987388611
49,2,0.3964422047138214
49,3,0.33310139179229736
49,4,0.5886330008506775
49,5,0.22395557165145874
50,1,0.3900832533836365
50,2,0.5467966198921204
50,3,0.6969529986381531
50,4,0.32994508743286133
50,5,0.6503745913505554
51,1,0.280914843082428
51,2,0.28454840183258057
51,3,0.453102707862854
51,4,0.2588272988796234
51,5,0.42915016412734985
52,1,0.3661801517009735
52,2,0.2151833474636078
52,3,0.9011558294296265
52,4,0.6337289810180664
52,5,0.36875706911087036
53,1,0.2526795268058777
53,2,0.24627718329429626
53,3,0.5453528165817261
53,4,0.22525569796562195
53,5,0.9177445769309998
54,1,0.40011683106422424
54,2,0.3167489767074585
54,3,0.5555433034896851
54,4,0.36837896704673767
54,5,0.42913180589675903
55,1,0.6145023703575134
55,2,0.19357994198799133
55,3,0.31794285774230957
55,4,0.30105680227279663
55,5,0.2614627182483673
56,1,0.6951975226402283
56,2,0.6397224068641663
56,3,0.3954660892486572
56,4,0.5075843334197998
56,5,0.3780706226825714
57,1,0.282173216342926
57,2,0.4322636127471924
57,3,0.7048635482788086
57,4,0.5543855428695679
57,5,0.444719523191452
58,1,0.2527257204055786
58,2,0.4944320023059845
58,3,0.5584771633148193
58,4,0.5764263868331909
58,5,0.42295971512794495
59,1,0.5383663177490234
59,2,0.41425466537475586
59,3,0.19246605038642883
59,4,0.5678877234458923
59,5,0.2265874743461609
60,1,0.20126250386238098
60,2,0.3499912619590759
60,3,0.15510891377925873
60,4,0.6087435483932495
60,5,0.15380439162254333
61,1,0.16361570358276367
61,2,0.6994813084602356
61,3,0.4297807216644287
61,4,0.2080342024564743
61,5,0.21445196866989136
62,1,0.4216923415660858
62,2,0.25088024139404297
62,3,0.15542633831501007
62,4,0.6651210784912109
62,5,0.23607942461967468
63,1,0.2098560631275177
63,2,0.24619156122207642
63,3,0.5388526916503906
63,4,0.7125737071037292
63,5,0.24205374717712402
64,1,0.39696821570396423
64,2,0.2713218927383423
64,3,0.5309985280036926
64,4,0.828778862953186
64,5,0.26412850618362427
65,1,0.773612380027771
65,2,0.1920880675315857
65,3,0.42830559611320496
65,4,0.2051907777786255
65,5,0.5178636312484741
66,1,0.28273481130599976
66,2,0.16202381253242493
66,3,0.4997718930244446
66,4,0.211456298828125
66,5,0.3629397749900818
67,1,0.2729763686656952
67,2,0.17399539053440094
67,3,0.36859795451164246
67,4,0.33988890051841736
67,5,0.32541805505752563
68,1,0.35916709899902344
68,2,0.1443377286195755
68,3,0.38910582661628723
68,4,0.7283715009689331
68,5,0.2724189758300781
69,1,0.6944515705108643
69,2,0.32010674476623535
69,3,0.1492135226726532
69,4,0.1532720923423767
69,5,0.6536222696304321
70,1,0.16479676961898804
70,2,0.5320553183555603
70,3,0.16692569851875305
70,4,0.35306450724601746
70,5,0.27556949853897095
71,1,0.3269120454788208
71,2,0.2112932801246643
71,3,0.19220855832099915
71,4,0.14987602829933167
71,5,0.5852515697479248
72,1,0.15823379158973694
72,2,0.592613160610199
72,3,0.1869335174560547
72,4,0.5112780332565308
72,5,0.21788758039474487
73,1,0.4374787211418152
73,2,0.629633903503418
73,3,0.17969214916229248
73,4,0.49191853404045105
73,5,0.19884657859802246
74,1,0.14417487382888794
74,2,0.5692281723022461
74,3,0.2877812683582306
74,4,0.12792867422103882
74,5,0.16102856397628784
75,1,0.261482834815979
75,2,0.18080365657806396
75,3,0.3100522458553314
75,4,0.1665627658367157
75,5,0.36166179180145264
76,1,0.12979519367218018
76,2,0.544707179069519
76,3,0.16002649068832397
76,4,0.6284744739532471
76,5,0.2838563919067383
77,1,0.14342615008354187
77,2,0.5539843440055847
77,3,0.35500675439834595
77,4,0.2073315680027008
77,5,0.4614374041557312
78,1,0.20222985744476318
78,2,0.3223131000995636
78,3,0.43746525049209595
78,4,0.1866462677717209
78,5,0.13370873034000397
79,1,0.16636770963668823
79,2,0.33663514256477356
79,3,0.2640403211116791
79,4,0.6336572170257568
79,5,0.3447987139225006
80,1,0.219247967004776
80,2,0.36078763008117676
80,3,0.19700142741203308
80,4,0.37414371967315674
80,5,0.20923630893230438
81,1,0.23020677268505096
81,2,0.35698622465133667
81,3,0.1349271535873413
81,4,0.1566215604543686
81,5,0.24481436610221863
82,1,0.5911588668823242
82,2,0.45121297240257263
82,3,0.2596609592437744
82,4,0.34942057728767395
82,5,0.43396809697151184
83,1,0.36082571744918823
83,2,0.3186217248439789
83,3,0.16490226984024048
83,4,0.40883001685142517
83,5,0.6430256366729736
84,1,0.1291469931602478
84,2,0.48743271827697754
84,3,0.31023699045181274
84,4,0.1090332567691803
84,5,0.37113216519355774
85,1,0.3088339567184448
85,2,0.34406837821006775
85,3,0.18344774842262268
85,4,0.11905957758426666
85,5,0.3263082206249237
86,1,0.3440632224082947
86,2,0.4087972044944763
86,3,0.11176809668540955
86,4,0.30695030093193054
86,5,0.17113158106803894
87,1,0.2682027220726013
87,2,0.47972285747528076
87,3,0.33279484510421753
87,4,0.11337761580944061
87,5,0.16209012269973755
88,1,0.1323062777519226
88,2,0.5656213164329529
88,3,0.6168825626373291
88,4,0.9657715559005737
88,5,0.22637812793254852
89,1,0.1231287270784378
89,2,0.15172915160655975
89,3,0.5232083797454834
89,4,0.3092673420906067
89,5,1.0606712102890015
90,1,0.16763800382614136
90,2,0.27453961968421936
90,3,0.3402503430843353
90,4,0.1272982954978943
90,5,0.18540793657302856
91,1,0.16551542282104492
91,2,0.47731536626815796
91,3,0.5741794109344482
91,4,0.46106192469596863
91,5,0.2763729393482208
92,1,0.15194058418273926
92,2,0.2947258949279785
92,3,0.153489351272583
92,4,0.16930080950260162
92,5,0.34227120876312256
93,1,0.12156449258327484
93,2,0.1538061797618866
93,3,0.40151235461235046
93,4,0.4371218979358673
93,5,0.8169949054718018
94,1,0.11313527822494507
94,2,0.9085991382598877
94,3,0.18904176354408264
94,4,0.11403651535511017
94,5,0.34656083583831787
95,1,0.21077704429626465
95,2,0.17544707655906677
95,3,0.23548747599124908
95,4,0.31690987944602966
95,5,0.277519166469574
96,1,0.11067739129066467
96,2,0.2573697865009308
96,3,0.12477375566959381
96,4,0.2623617649078369
96,5,0.5972760915756226
97,1,0.476476788520813
97,2,0.15775121748447418
97,3,0.20507176220417023
97,4,0.5155897736549377
97,5,0.5209535360336304
98,1,0.5673894882202148
98,2,0.5082697868347168
98,3,0.13944324851036072
98,4,0.4813500642776489
98,5,0.12534305453300476
99,1,0.10652387142181396
99,2,0.2013387531042099
99,3,0.5595590472221375
99,4,0.40972569584846497
99,5,0.3224301338195801
100,1,0.15492315590381622
100,2,0.2695920169353485
100,3,0.09655021131038666
100,4,0.1341630518436432
100,5,0.20919391512870789
