epoch,step,loss
1,1,4.8348541259765625
1,2,4.6337127685546875
1,3,4.6856536865234375
1,4,4.5446319580078125
1,5,4.539276123046875
1,6,4.539434909820557
2,1,4.168525695800781
2,2,4.029762268066406
2,3,4.0624542236328125
2,4,4.029232025146484
2,5,4.006141662597656
3,1,3.899505615234375
3,2,3.804950714111328
3,3,3.793628692626953
3,4,3.672657012939453
3,5,3.6357955932617188
4,1,3.5381927490234375
4,2,3.436511993408203
4,3,3.3715667724609375
4,4,3.3973217010498047
4,5,3.33294677734375
5,1,3.126127243041992
5,2,3.0903892517089844
5,3,3.226602554321289
5,4,3.047870635986328
5,5,2.954906463623047
6,1,2.9300880432128906
6,2,2.6976776123046875
6,3,2.8253188133239746
6,4,2.8036551475524902
6,5,2.68904447555542
7,1,2.6082334518432617
7,2,2.4446516036987305
7,3,2.6303205490112305
7,4,2.398622989654541
7,5,2.3486404418945312
8,1,2.384101390838623
8,2,2.3812685012817383
8,3,2.272693157196045
8,4,2.348653793334961
8,5,2.286792755126953
9,1,2.0826058387756348
9,2,1.8472871780395508
9,3,2.0922482013702393
9,4,2.0211739540100098
9,5,1.853906512260437
10,1,1.6704416275024414
10,2,1.9928194284439087
10,3,1.6795730590820312
10,4,1.6006965637207031
10,5,1.6108067035675049
11,1,1.7075762748718262
11,2,1.5213654041290283
11,3,1.4002710580825806
11,4,1.6260802745819092
11,5,1.5313366651535034
12,1,1.616378664970398
12,2,1.5010478496551514
12,3,1.1483463048934937
12,4,1.4152209758758545
12,5,1.2593613862991333
13,1,1.29618239402771
13,2,1.17728853225708
13,3,1.345747947692871
13,4,1.1520662307739258
13,5,1.503769040107727
14,1,1.3327062129974365
14,2,0.8613990545272827
14,3,0.9965595006942749
14,4,1.1918727159500122
14,5,1.009318470954895
15,1,0.9802193641662598
15,2,1.114691972732544
15,3,0.9755892753601074
15,4,0.7948771715164185
15,5,0.6461881995201111
16,1,0.7594925165176392
16,2,0.8157751560211182
16,3,0.6870051622390747
16,4,0.5768849849700928
16,5,1.0817656517028809
17,1,0.5311753153800964
17,2,0.7623575925827026
17,3,0.7641422748565674
17,4,0.8820290565490723
17,5,1.0375466346740723
18,1,0.7957471609115601
18,2,0.6147212982177734
18,3,0.6947948336601257
18,4,0.6388962268829346
18,5,0.5165163278579712
19,1,0.5374345183372498
19,2,0.501686692237854
19,3,0.4289541244506836
19,4,0.554757297039032
19,5,0.513025164604187
20,1,0.6441584825515747
20,2,0.3535991907119751
20,3,0.8708177804946899
20,4,0.5486873388290405
20,5,0.3475493788719177
21,1,0.44852787256240845
21,2,0.2839990556240082
21,3,0.35067909955978394
21,4,0.5123237371444702
21,5,0.6072891354560852
22,1,0.7284669280052185
22,2,0.36878281831741333
22,3,0.31030982732772827
22,4,0.5926004648208618
22,5,0.3383021354675293
23,1,0.7231591939926147
23,2,0.45581746101379395
23,3,0.3039962649345398
23,4,0.33768051862716675
23,5,0.38106289505958557
24,1,0.9938608407974243
24,2,0.4711492359638214
24,3,0.4061450660228729
24,4,0.46980077028274536
24,5,0.22674593329429626
25,1,0.5778420567512512
25,2,0.21425646543502808
25,3,0.1941242814064026
25,4,0.8725454211235046
25,5,0.31234148144721985
26,1,0.2708595395088196
26,2,0.32775893807411194
26,3,0.5180411338806152
26,4,0.4068174362182617
26,5,0.32312530279159546
27,1,0.2059062272310257
27,2,0.5754553079605103
27,3,0.3793538212776184
27,4,0.4806485176086426
27,5,0.4559258222579956
28,1,0.5759421586990356
28,2,0.6047947406768799
28,3,0.17066965997219086
28,4,0.19226112961769104
28,5,0.16336731612682343
29,1,0.34014788269996643
29,2,0.17824524641036987
29,3,0.3583654761314392
29,4,0.12096256017684937
29,5,0.2057582587003708
30,1,0.5043203830718994
30,2,0.3274563252925873
30,3,0.555225133895874
30,4,0.12946270406246185
30,5,0.15318456292152405
31,1,0.15521088242530823
31,2,0.17890414595603943
31,3,0.5444124937057495
31,4,0.16181179881095886
31,5,0.1145327240228653
32,1,0.29310548305511475
32,2,0.4032943546772003
32,3,0.14083988964557648
32,4,0.09055472910404205
32,5,0.09031106531620026
33,1,0.643778920173645
33,2,0.17417559027671814
33,3,0.2870175838470459
33,4,0.5133512020111084
33,5,0.3336384892463684
34,1,0.2750997543334961
34,2,0.7968735694885254
34,3,0.16006039083003998
34,4,0.43217483162879944
34,5,0.11448991298675537
35,1,0.2639787793159485
35,2,0.06829053908586502
35,3,0.09994669258594513
35,4,0.18237286806106567
35,5,0.4094741940498352
36,1,0.184043750166893
36,2,0.2942735552787781
36,3,0.27777478098869324
36,4,0.30162158608436584
36,5,0.17518238723278046
37,1,0.15040045976638794
37,2,0.6800992488861084
37,3,0.06788405776023865
37,4,0.14160242676734924
37,5,0.06277686357498169
38,1,0.5479258298873901
38,2,0.12258929014205933
38,3,0.08291313052177429
38,4,0.32985934615135193
38,5,0.12984022498130798
39,1,0.13932101428508759
39,2,0.1465340256690979
39,3,0.3246159851551056
39,4,0.18337391316890717
39,5,0.16364365816116333
40,1,0.23108874261379242
40,2,0.10201148688793182
40,3,0.07459525763988495
40,4,0.3551049530506134
40,5,0.21822187304496765
41,1,0.06256164610385895
41,2,0.27876898646354675
41,3,0.13251303136348724
41,4,0.18771494925022125
41,5,0.15096519887447357
42,1,0.34142374992370605
42,2,0.41468438506126404
42,3,0.07535620033740997
42,4,0.35536134243011475
42,5,0.057124823331832886
43,1,0.14996381103992462
43,2,0.07268186658620834
43,3,0.055607542395591736
43,4,0.20917978882789612
43,5,0.23430530726909637
44,1,0.2770920395851135
44,2,0.05398222804069519
44,3,0.3384336233139038
44,4,0.19026359915733337
44,5,0.10317976772785187
45,1,0.4589384198188782
45,2,0.11441735178232193
45,3,0.210546612739563
45,4,0.2824406623840332
45,5,0.5144649744033813
46,1,0.36497145891189575
46,2,0.25356972217559814
46,3,0.1178441047668457
46,4,0.3719424605369568
46,5,0.07168476283550262
47,1,0.14569582045078278
47,2,0.22509317100048065
47,3,0.10524314641952515
47,4,0.3418678045272827
47,5,0.4346720278263092
48,1,0.22008781135082245
48,2,0.35558223724365234
48,3,0.08991250395774841
48,4,0.17268213629722595
48,5,0.06673318892717361
49,1,0.27935418486595154
49,2,0.0894998088479042
49,3,0.07023823261260986
49,4,0.19424766302108765
49,5,0.27620822191238403
50,1,0.6125268936157227
50,2,0.06966370344161987
50,3,0.1503772735595703
50,4,0.47257328033447266
50,5,0.13831914961338043
51,1,0.24759769439697266
51,2,0.11529576778411865
51,3,0.17385736107826233
51,4,0.10762893408536911
51,5,0.05131694674491882
52,1,0.08464797586202621
52,2,0.07754825055599213
52,3,0.14096975326538086
52,4,0.06192779541015625
52,5,0.22865238785743713
53,1,0.44208019971847534
53,2,0.2709267735481262
53,3,0.11949519068002701
53,4,0.29217708110809326
53,5,0.31315022706985474
54,1,0.07725650817155838
54,2,0.20342351496219635
54,3,0.11732703447341919
54,4,0.26579830050468445
54,5,0.17229607701301575
55,1,0.40127044916152954
55,2,0.4443259835243225
55,3,0.0876663401722908
55,4,0.13201028108596802
55,5,0.060561664402484894
56,1,0.06517478823661804
56,2,0.1627686470746994
56,3,0.28648480772972107
56,4,0.3460261821746826
56,5,0.0499408096075058
57,1,0.09969014674425125
57,2,0.31001102924346924
57,3,0.07200784981250763
57,4,0.07008375972509384
57,5,0.059611544013023376
58,1,0.28996992111206055
58,2,0.08349450677633286
58,3,0.04599744826555252
58,4,0.2993507385253906
58,5,0.06627314537763596
59,1,0.17509567737579346
59,2,0.06655043363571167
59,3,0.05279982089996338
59,4,0.09375111013650894
59,5,0.08413676917552948
60,1,0.24467365443706512
60,2,0.03612107038497925
60,3,0.0918453112244606
60,4,0.06466588377952576
60,5,0.15272727608680725
61,1,0.3850569427013397
61,2,0.1852017641067505
61,3,0.04054618999361992
61,4,0.07516568899154663
61,5,0.04777839779853821
62,1,0.06961395591497421
62,2,0.5204727649688721
62,3,0.07627895474433899
62,4,0.0542883425951004
62,5,0.07479831576347351
63,1,0.05987580865621567
63,2,0.17411839962005615
63,3,0.15639805793762207
63,4,0.17162105441093445
63,5,0.07956384122371674
64,1,0.3494134247303009
64,2,0.03774428367614746
64,3,0.25223076343536377
64,4,0.13635645806789398
64,5,0.027456514537334442
65,1,0.2770408093929291
65,2,0.036356501281261444
65,3,0.30397385358810425
65,4,0.037520721554756165
65,5,0.1531883180141449
66,1,0.08272657543420792
66,2,0.029186222702264786
66,3,0.2972448766231537
66,4,0.0401182621717453
66,5,0.5275052785873413
67,1,0.10925304144620895
67,2,0.04686695337295532
67,3,0.3280162215232849
67,4,0.04264900088310242
67,5,0.43011730909347534
68,1,0.09946921467781067
68,2,0.0632580891251564
68,3,0.0428733304142952
68,4,0.14967165887355804
68,5,0.10065184533596039
69,1,0.17267197370529175
69,2,0.043186843395233154
69,3,0.2756851315498352
69,4,0.31659257411956787
69,5,0.04954316467046738
70,1,0.036323465406894684
70,2,0.059634700417518616
70,3,0.04206254705786705
70,4,0.0453353226184845
70,5,0.05299610644578934
71,1,0.04664984345436096
71,2,0.3491014838218689
71,3,0.08078958094120026
71,4,0.3368273973464966
71,5,0.17723669111728668
72,1,0.22646036744117737
72,2,0.05407561734318733
72,3,0.5236581563949585
72,4,0.16209954023361206
72,5,0.06950835138559341
73,1,0.036527328193187714
73,2,0.03890753164887428
73,3,0.039615191519260406
73,4,0.07632190734148026
73,5,0.03795076161623001
74,1,0.23335017263889313
74,2,0.2658277451992035
74,3,0.03511226177215576
74,4,0.12015725672245026
74,5,0.09173432737588882
75,1,0.19606828689575195
75,2,0.08466289192438126
75,3,0.1794780194759369
75,4,0.34297725558280945
75,5,0.06061907857656479
76,1,0.397131085395813
76,2,0.06652437150478363
76,3,0.43099167943000793
76,4,0.0787360817193985
76,5,0.25336384773254395
77,1,0.07647165656089783
77,2,0.08042218536138535
77,3,0.032111041247844696
77,4,0.1483028084039688
77,5,0.30704590678215027
78,1,0.3299088776111603
78,2,0.21472583711147308
78,3,0.248467355966568
78,4,0.036238014698028564
78,5,0.10802466422319412
79,1,0.07352331280708313
79,2,0.11264083534479141
79,3,0.16983190178871155
79,4,0.08141323924064636
79,5,0.11697185039520264
80,1,0.04227743297815323
80,2,0.09683213382959366
80,3,0.03371775895357132
80,4,0.5277783274650574
80,5,0.23335087299346924
81,1,0.2906663417816162
81,2,0.03416977822780609
81,3,0.06262172758579254
81,4,0.040358737111091614
81,5,0.02925008535385132
82,1,0.09250332415103912
82,2,0.14413359761238098
82,3,0.041504308581352234
82,4,0.26206913590431213
82,5,0.38725346326828003
83,1,0.16016745567321777
83,2,0.22134442627429962
83,3,0.2265954613685608
83,4,0.0343695804476738
83,5,0.20611999928951263
84,1,0.047366879880428314
84,2,0.025550469756126404
84,3,0.3717954158782959
84,4,0.09149079024791718
84,5,0.03925295174121857
85,1,0.132317453622818
85,2,0.13064883649349213
85,3,0.04157261550426483
85,4,0.0639655739068985
85,5,0.24040402472019196
86,1,0.08859041333198547
86,2,0.23242056369781494
86,3,0.06457212567329407
86,4,0.08894196152687073
86,5,0.04537606239318848
87,1,0.10259730368852615
87,2,0.04480019211769104
87,3,0.030636735260486603
87,4,0.04436790570616722
87,5,0.030755572021007538
88,1,0.1426534354686737
88,2,0.03814925253391266
88,3,0.0769972875714302
88,4,0.028768189251422882
88,5,0.34750044345855713
89,1,0.366194486618042
89,2,0.04938080906867981
89,3,0.18483556807041168
89,4,0.026023495942354202
89,5,0.035550765693187714
90,1,0.09330189973115921
90,2,0.023829355835914612
90,3,0.04502983018755913
90,4,0.05626564472913742
90,5,0.03289705887436867
91,1,0.5574719309806824
91,2,0.4181097149848938
91,3,0.04586285352706909
91,4,0.020825915038585663
91,5,0.20801854133605957
92,1,0.0449470654129982
92,2,0.17427459359169006
92,3,0.030107654631137848
92,4,0.10552851110696793
92,5,0.04250677675008774
93,1,0.12813422083854675
93,2,0.2665005326271057
93,3,0.056807465851306915
93,4,0.2132979780435562
93,5,0.13931331038475037
94,1,0.0434991791844368
94,2,0.48628097772598267
94,3,0.06661897897720337
94,4,0.04793979227542877
94,5,0.2818742096424103
95,1,0.027217168360948563
95,2,0.39145955443382263
95,3,0.24052949249744415
95,4,0.14175352454185486
95,5,0.3283068537712097
96,1,0.0387674905359745
96,2,0.05074889212846756
96,3,0.25441399216651917
96,4,0.03175957500934601
96,5,0.18181562423706055
97,1,0.1938260942697525
97,2,0.043784186244010925
97,3,0.06494274735450745
97,4,0.15778759121894836
97,5,0.1166401132941246
98,1,0.09611473232507706
98,2,0.21326270699501038
98,3,0.390201210975647
98,4,0.30532801151275635
98,5,0.06726545095443726
99,1,0.12115675210952759
99,2,0.36386963725090027
99,3,0.1707472950220108
99,4,0.11886359006166458
99,5,0.0651165246963501
100,1,0.043068185448646545
100,2,0.18733558058738708
100,3,0.04164353758096695
100,4,0.020649880170822144
100,5,0.2592546343803406
