epoch,step,loss
1,1,1.5409210920333862
1,2,1.4658961296081543
1,3,1.3983862400054932
1,4,1.3488634824752808
1,5,1.2980260848999023
1,6,1.2654311656951904
1,7,1.2380168437957764
1,8,1.2095412015914917
1,9,1.183505892753601
1,10,1.162790060043335
1,11,1.1412503719329834
1,12,1.1185688972473145
1,13,1.1076018810272217
1,14,1.0914472341537476
1,15,1.0681557655334473
1,16,1.048058032989502
1,17,1.0417706966400146
1,18,1.0221108198165894
1,19,1.0113976001739502
1,20,1.001246690750122
1,21,0.9847912192344666
1,22,0.9650527238845825
1,23,0.9654192924499512
1,24,0.9455591440200806
1,25,0.9383334517478943
1,26,0.9222458004951477
1,27,0.9151814579963684
1,28,0.9089512825012207
1,29,0.8848744630813599
1,30,0.8730552792549133
1,31,0.8731679916381836
1,32,0.8563675284385681
1,33,0.8476564884185791
1,34,0.8222971558570862
1,35,0.815392792224884
1,36,0.7999051213264465
1,37,0.7960480451583862
1,38,0.7990716695785522
1,39,0.7866948246955872
1,40,0.7692408561706543
1,41,0.7550619840621948
1,42,0.7448325753211975
1,43,0.7347449064254761
1,44,0.7394930124282837
1,45,0.7233844995498657
1,46,0.7118158340454102
1,47,0.7041935920715332
1,48,0.71173095703125
1,49,0.6854772567749023
1,50,0.6786911487579346
1,51,0.6678102016448975
1,52,0.6568813920021057
1,53,0.6646029949188232
1,54,0.6418671607971191
1,55,0.6320284605026245
1,56,0.643417477607727
1,57,0.6275089979171753
1,58,0.6205733418464661
1,59,0.6149945259094238
1,60,0.6065404415130615
1,61,0.6030914187431335
1,62,0.5922211408615112
1,63,0.5815991163253784
1,64,0.5844538807868958
1,65,0.5688421726226807
1,66,0.5758196115493774
1,67,0.5515133142471313
1,68,0.5396021604537964
1,69,0.540216326713562
1,70,0.5384913682937622
1,71,0.5284983515739441
1,72,0.5210899114608765
1,73,0.5282487869262695
1,74,0.5275483727455139
1,75,0.5151293277740479
1,76,0.5045427680015564
1,77,0.5067201852798462
2,1,0.5086199045181274
2,2,0.4954807162284851
2,3,0.4809296131134033
2,4,0.48069167137145996
2,5,0.4728015661239624
2,6,0.462860643863678
2,7,0.46258819103240967
2,8,0.4530326724052429
2,9,0.4519635736942291
2,10,0.45198801159858704
2,11,0.4395630657672882
2,12,0.44594264030456543
2,13,0.44162270426750183
2,14,0.4349733293056488
2,15,0.42712026834487915
2,16,0.41729360818862915
2,17,0.43578118085861206
2,18,0.42235589027404785
2,19,0.40665799379348755
2,20,0.4119994640350342
2,21,0.41382747888565063
2,22,0.42111736536026
2,23,0.41578882932662964
2,24,0.41411513090133667
2,25,0.39075613021850586
2,26,0.3926721513271332
2,27,0.38083523511886597
2,28,0.3936026394367218
2,29,0.3859887421131134
2,30,0.37679529190063477
2,31,0.38049179315567017
2,32,0.36386895179748535
2,33,0.3668726682662964
2,34,0.3612983524799347
2,35,0.35743850469589233
2,36,0.35220223665237427
2,37,0.36828553676605225
2,38,0.34856653213500977
2,39,0.35024988651275635
2,40,0.340030312538147
2,41,0.3491668701171875
2,42,0.33961278200149536
2,43,0.32706135511398315
2,44,0.3509865999221802
2,45,0.32841846346855164
2,46,0.3391540050506592
2,47,0.33064788579940796
2,48,0.33786553144454956
2,49,0.31935471296310425
2,50,0.3116711378097534
2,51,0.3201855421066284
2,52,0.3085528612136841
2,53,0.31821465492248535
2,54,0.3095738887786865
2,55,0.3007410168647766
2,56,0.30480992794036865
2,57,0.30150458216667175
2,58,0.2937711477279663
2,59,0.28978604078292847
2,60,0.2948872447013855
2,61,0.293865442276001
2,62,0.2864943742752075
2,63,0.2860809862613678
2,64,0.28283220529556274
2,65,0.288407564163208
2,66,0.29215720295906067
2,67,0.28260672092437744
2,68,0.2731822431087494
2,69,0.26791685819625854
2,70,0.2828424572944641
2,71,0.26002615690231323
2,72,0.278853178024292
2,73,0.2616337239742279
2,74,0.25923866033554077
2,75,0.2678656578063965
2,76,0.26299482583999634
3,1,0.2467385232448578
3,2,0.26419979333877563
3,3,0.2527734637260437
3,4,0.25961485505104065
3,5,0.24910575151443481
3,6,0.25898605585098267
3,7,0.24820968508720398
3,8,0.2432517409324646
3,9,0.23611624538898468
3,10,0.2590872645378113
3,11,0.25145870447158813
3,12,0.2350257933139801
3,13,0.24517053365707397
3,14,0.23814433813095093
3,15,0.24587282538414001
3,16,0.25485312938690186
3,17,0.23337197303771973
3,18,0.233949214220047
3,19,0.2260989546775818
3,20,0.23167169094085693
3,21,0.22469748556613922
3,22,0.2345333993434906
3,23,0.22698459029197693
3,24,0.2081938534975052
3,25,0.2346053123474121
3,26,0.2247205227613449
3,27,0.2152717560529709
3,28,0.23065602779388428
3,29,0.20247763395309448
3,30,0.22629494965076447
3,31,0.2145075500011444
3,32,0.21910928189754486
3,33,0.22293159365653992
3,34,0.22843588888645172
3,35,0.19810786843299866
3,36,0.20818552374839783
3,37,0.20335859060287476
3,38,0.2187822461128235
3,39,0.18531081080436707
3,40,0.20393866300582886
3,41,0.20632337033748627
3,42,0.19446003437042236
3,43,0.19880589842796326
3,44,0.19894298911094666
3,45,0.24432362616062164
3,46,0.19746220111846924
3,47,0.21134024858474731
3,48,0.19805453717708588
3,49,0.18836230039596558
3,50,0.1854579746723175
3,51,0.20937716960906982
3,52,0.1865125596523285
3,53,0.2229975312948227
3,54,0.18509051203727722
3,55,0.1774476319551468
3,56,0.17213119566440582
3,57,0.18885767459869385
3,58,0.19138923287391663
3,59,0.19075770676136017
3,60,0.172776997089386
3,61,0.1915995478630066
3,62,0.17784667015075684
3,63,0.18639539182186127
3,64,0.17556476593017578
3,65,0.18046247959136963
3,66,0.17489495873451233
3,67,0.17377212643623352
3,68,0.1665906310081482
3,69,0.16393598914146423
3,70,0.199983149766922
3,71,0.1615699678659439
3,72,0.18190383911132812
3,73,0.16850918531417847
3,74,0.1665988266468048
3,75,0.1764870285987854
3,76,0.15549027919769287
4,1,0.18186625838279724
4,2,0.16404396295547485
4,3,0.1716890186071396
4,4,0.1613898128271103
4,5,0.15275590121746063
4,6,0.15432687103748322
4,7,0.1788559854030609
4,8,0.16630569100379944
4,9,0.14873822033405304
4,10,0.14856553077697754
4,11,0.14955855906009674
4,12,0.17746007442474365
4,13,0.16652685403823853
4,14,0.16154353320598602
4,15,0.1636744737625122
4,16,0.15317748486995697
4,17,0.16385403275489807
4,18,0.16094911098480225
4,19,0.1627008020877838
4,20,0.14585593342781067
4,21,0.14561328291893005
4,22,0.1454688310623169
4,23,0.15399706363677979
4,24,0.13548749685287476
4,25,0.15070822834968567
4,26,0.13545995950698853
4,27,0.13429832458496094
4,28,0.15503104031085968
4,29,0.14014583826065063
4,30,0.14926376938819885
4,31,0.13731133937835693
4,32,0.1369611620903015
4,33,0.15186600387096405
4,34,0.14661380648612976
4,35,0.1392911672592163
4,36,0.13867589831352234
4,37,0.15228208899497986
4,38,0.13243424892425537
4,39,0.13672615587711334
4,40,0.14254145324230194
4,41,0.14154773950576782
4,42,0.14452511072158813
4,43,0.14686176180839539
4,44,0.1516985297203064
4,45,0.12653639912605286
4,46,0.13647688925266266
4,47,0.13733252882957458
4,48,0.14425213634967804
4,49,0.1493598222732544
4,50,0.13469389081001282
4,51,0.13644938170909882
4,52,0.14170396327972412
4,53,0.12533631920814514
4,54,0.14447179436683655
4,55,0.13891074061393738
4,56,0.13812130689620972
4,57,0.13630622625350952
4,58,0.1311221569776535
4,59,0.12290140986442566
4,60,0.13418471813201904
4,61,0.1411902755498886
4,62,0.12557369470596313
4,63,0.154652401804924
4,64,0.12313681840896606
4,65,0.13353925943374634
4,66,0.13051940500736237
4,67,0.13601970672607422
4,68,0.1274908483028412
4,69,0.11567409336566925
4,70,0.12328322976827621
4,71,0.1247560977935791
4,72,0.13479284942150116
4,73,0.12447898089885712
4,74,0.11985114216804504
4,75,0.12957614660263062
4,76,0.1234121322631836
5,1,0.11760031431913376
5,2,0.13058289885520935
5,3,0.1360008418560028
5,4,0.137261763215065
5,5,0.11708950996398926
5,6,0.12576773762702942
5,7,0.12811453640460968
5,8,0.11896678805351257
5,9,0.12218306213617325
5,10,0.11265242099761963
5,11,0.11762753129005432
5,12,0.1470615714788437
5,13,0.12497144937515259
5,14,0.1344580501317978
5,15,0.11600662767887115
5,16,0.11340047419071198
5,17,0.13420197367668152
5,18,0.13512392342090607
5,19,0.1170506402850151
5,20,0.11465059965848923
5,21,0.11569704115390778
5,22,0.1206950843334198
5,23,0.1265047937631607
5,24,0.1245376467704773
5,25,0.12889361381530762
5,26,0.12854121625423431
5,27,0.12339653074741364
5,28,0.12370271980762482
5,29,0.11939910054206848
5,30,0.11936049163341522
5,31,0.11147671937942505
5,32,0.1149304211139679
5,33,0.12210643291473389
5,34,0.1090453565120697
5,35,0.12973617017269135
5,36,0.1283901184797287
5,37,0.1250089704990387
5,38,0.11125431954860687
5,39,0.15699881315231323
5,40,0.10833204537630081
5,41,0.10610093921422958
5,42,0.11727096140384674
5,43,0.11102670431137085
5,44,0.12038120627403259
5,45,0.12623175978660583
5,46,0.13011647760868073
5,47,0.11798510700464249
5,48,0.12107626348733902
5,49,0.1196313351392746
5,50,0.114410899579525
5,51,0.1137089878320694
5,52,0.11587598919868469
5,53,0.11976738274097443
5,54,0.1178617924451828
5,55,0.12248104810714722
5,56,0.13380222022533417
5,57,0.12933960556983948
5,58,0.10472938418388367
5,59,0.11862306296825409
5,60,0.12545374035835266
5,61,0.0977136492729187
5,62,0.10985636711120605
5,63,0.1257726401090622
5,64,0.13359156250953674
5,65,0.11058125644922256
5,66,0.13339011371135712
5,67,0.1269400715827942
5,68,0.10680699348449707
5,69,0.12476888298988342
5,70,0.10584718734025955
5,71,0.11267965286970139
5,72,0.13673537969589233
5,73,0.11180878430604935
5,74,0.1051420271396637
5,75,0.10615836828947067
5,76,0.11313559859991074
6,1,0.09962119162082672
6,2,0.09866468608379364
6,3,0.11954279243946075
6,4,0.1164669394493103
6,5,0.10453875362873077
6,6,0.11584889143705368
6,7,0.09882033616304398
6,8,0.11873403191566467
6,9,0.10305215418338776
6,10,0.10515450686216354
6,11,0.10832592844963074
6,12,0.10236524045467377
6,13,0.11294975131750107
6,14,0.12023705244064331
6,15,0.10851412266492844
6,16,0.10378425568342209
6,17,0.11236101388931274
6,18,0.11363914608955383
6,19,0.11410746723413467
6,20,0.09650769829750061
6,21,0.10201049596071243
6,22,0.10741488635540009
6,23,0.10577085614204407
6,24,0.1032850444316864
6,25,0.0930829644203186
6,26,0.11317093670368195
6,27,0.09845554083585739
6,28,0.10419531166553497
6,29,0.09176276624202728
6,30,0.12215138226747513
6,31,0.12107732892036438
6,32,0.09109380841255188
6,33,0.09992475807666779
6,34,0.11357276141643524
6,35,0.1117570549249649
6,36,0.10202959179878235
6,37,0.11174702644348145
6,38,0.09717119485139847
6,39,0.10419367998838425
6,40,0.09857232868671417
6,41,0.08924130350351334
6,42,0.11078197509050369
6,43,0.10333414375782013
6,44,0.10533633828163147
6,45,0.1135687530040741
6,46,0.09227762371301651
6,47,0.09615954756736755
6,48,0.10830628126859665
6,49,0.10559231787919998
6,50,0.11032284796237946
6,51,0.0977528989315033
6,52,0.1098690778017044
6,53,0.10554152727127075
6,54,0.10224621742963791
6,55,0.10317531228065491
6,56,0.10364341735839844
6,57,0.09043378382921219
6,58,0.1027398556470871
6,59,0.09413745999336243
6,60,0.09233878552913666
6,61,0.10692061483860016
6,62,0.10437825322151184
6,63,0.09325210005044937
6,64,0.09500445425510406
6,65,0.09904462099075317
6,66,0.0974002480506897
6,67,0.13175350427627563
6,68,0.10382067412137985
6,69,0.11067433655261993
6,70,0.1109950840473175
6,71,0.1112176775932312
6,72,0.10564839839935303
6,73,0.10133588314056396
6,74,0.08686727285385132
6,75,0.10235242545604706
6,76,0.10061007738113403
7,1,0.09775878489017487
7,2,0.09545712172985077
7,3,0.09174830466508865
7,4,0.09613622725009918
7,5,0.09351623058319092
7,6,0.08929659426212311
7,7,0.08875685930252075
7,8,0.09140804409980774
7,9,0.09020616114139557
7,10,0.09069190919399261
7,11,0.09054190665483475
7,12,0.09243080765008926
7,13,0.09259594231843948
7,14,0.09054428339004517
7,15,0.10120129585266113
7,16,0.08555459976196289
7,17,0.0959719866514206
7,18,0.09484758228063583
7,19,0.09961478412151337
7,20,0.0846843272447586
7,21,0.10715372860431671
7,22,0.1033230572938919
7,23,0.10046614706516266
7,24,0.1107742041349411
7,25,0.10026657581329346
7,26,0.09321613609790802
7,27,0.09279588609933853
7,28,0.09361187368631363
7,29,0.08974256366491318
7,30,0.10342524945735931
7,31,0.10106414556503296
7,32,0.09843575209379196
7,33,0.10220663249492645
7,34,0.09741758555173874
7,35,0.09971381723880768
7,36,0.09252691268920898
7,37,0.11068549752235413
7,38,0.09344404935836792
7,39,0.08779291808605194
7,40,0.09032729268074036
7,41,0.09272952377796173
7,42,0.09050396829843521
7,43,0.09271292388439178
7,44,0.09445451200008392
7,45,0.0963774025440216
7,46,0.08284802734851837
7,47,0.09118319302797318
7,48,0.08486728370189667
7,49,0.0929490178823471
7,50,0.09760312736034393
7,51,0.08787646889686584
7,52,0.08005295693874359
7,53,0.09614412486553192
7,54,0.09830428659915924
7,55,0.11235616356134415
7,56,0.09209860861301422
7,57,0.09301389753818512
7,58,0.10250421613454819
7,59,0.09664669632911682
7,60,0.08105297386646271
7,61,0.08729501068592072
7,62,0.09354854375123978
7,63,0.0881652683019638
7,64,0.09324446320533752
7,65,0.08158615231513977
7,66,0.09206151962280273
7,67,0.09033849835395813
7,68,0.08228828012943268
7,69,0.11885958164930344
7,70,0.08536498248577118
7,71,0.08480618894100189
7,72,0.08780339360237122
7,73,0.08377163112163544
7,74,0.10098576545715332
7,75,0.0833662897348404
7,76,0.09097190201282501
8,1,0.09992492198944092
8,2,0.08506114780902863
8,3,0.08564431965351105
8,4,0.08288408070802689
8,5,0.09069058299064636
8,6,0.0797434151172638
8,7,0.08162616193294525
8,8,0.09366953372955322
8,9,0.09221846610307693
8,10,0.07879681140184402
8,11,0.0903332456946373
8,12,0.08479680120944977
8,13,0.08942769467830658
8,14,0.08127377182245255
8,15,0.08456094563007355
8,16,0.08744019269943237
8,17,0.0852275863289833
8,18,0.08224038779735565
8,19,0.09668020159006119
8,20,0.07729773223400116
8,21,0.09556351602077484
8,22,0.08984508365392685
8,23,0.10391385108232498
8,24,0.08072562515735626
8,25,0.09182904660701752
8,26,0.07578274607658386
8,27,0.09423986077308655
8,28,0.09336206316947937
8,29,0.07828637212514877
8,30,0.08252353966236115
8,31,0.07982290536165237
8,32,0.08135543763637543
8,33,0.07958092540502548
8,34,0.08227726072072983
8,35,0.08329631388187408
8,36,0.0831785723567009
8,37,0.07699636369943619
8,38,0.08056455850601196
8,39,0.07962295413017273
8,40,0.08024473488330841
8,41,0.08484038710594177
8,42,0.08113595843315125
8,43,0.08121177554130554
8,44,0.07967444509267807
8,45,0.10234889388084412
8,46,0.08557791262865067
8,47,0.08034129440784454
8,48,0.08744984120130539
8,49,0.09252938628196716
8,50,0.08996360003948212
8,51,0.0859002023935318
8,52,0.0878802090883255
8,53,0.10485247522592545
8,54,0.0823986679315567
8,55,0.08837026357650757
8,56,0.10102017223834991
8,57,0.08661437779664993
8,58,0.08198456466197968
8,59,0.0819317176938057
8,60,0.0745820701122284
8,61,0.0767442137002945
8,62,0.08970235288143158
8,63,0.08769558370113373
8,64,0.0853041410446167
8,65,0.08650925755500793
8,66,0.08375562727451324
8,67,0.09059615433216095
8,68,0.07645408064126968
8,69,0.07561352849006653
8,70,0.07264384627342224
8,71,0.09995359182357788
8,72,0.08835064619779587
8,73,0.0801100954413414
8,74,0.08072024583816528
8,75,0.09575550258159637
8,76,0.07548627257347107
9,1,0.07445769757032394
9,2,0.0882626548409462
9,3,0.07701681554317474
9,4,0.08471737802028656
9,5,0.08427149802446365
9,6,0.08215732127428055
9,7,0.08474460244178772
9,8,0.07474291324615479
9,9,0.07668471336364746
9,10,0.08319857716560364
9,11,0.07561159133911133
9,12,0.09828627854585648
9,13,0.08674387633800507
9,14,0.08769820630550385
9,15,0.0745561420917511
9,16,0.07531259953975677
9,17,0.08950187265872955
9,18,0.08706511557102203
9,19,0.08790439367294312
9,20,0.08726786077022552
9,21,0.07859563827514648
9,22,0.07601950317621231
9,23,0.10321851074695587
9,24,0.08195284754037857
9,25,0.0847395658493042
9,26,0.0750880241394043
9,27,0.07043653726577759
9,28,0.08806203305721283
9,29,0.07462074607610703
9,30,0.07811865210533142
9,31,0.08096647262573242
9,32,0.07968214154243469
9,33,0.08266919106245041
9,34,0.08256791532039642
9,35,0.07729211449623108
9,36,0.08801320195198059
9,37,0.08222398161888123
9,38,0.07486965507268906
9,39,0.07758229970932007
9,40,0.08809772878885269
9,41,0.0778350979089737
9,42,0.08518747985363007
9,43,0.07354547083377838
9,44,0.07699696719646454
9,45,0.07804235816001892
9,46,0.0831279531121254
9,47,0.09298686683177948
9,48,0.07076752930879593
9,49,0.07400306314229965
9,50,0.08301694691181183
9,51,0.07564179599285126
9,52,0.07631586492061615
9,53,0.07762240618467331
9,54,0.07451808452606201
9,55,0.07294557988643646
9,56,0.09539598971605301
9,57,0.0763290673494339
9,58,0.08100824803113937
9,59,0.07448393106460571
9,60,0.09217356890439987
9,61,0.0847761332988739
9,62,0.07287903130054474
9,63,0.07283002138137817
9,64,0.07652588188648224
9,65,0.07709828019142151
9,66,0.08110764622688293
9,67,0.07019329071044922
9,68,0.08357062190771103
9,69,0.07293109595775604
9,70,0.0736057460308075
9,71,0.07885190844535828
9,72,0.06904075294733047
9,73,0.0771254301071167
9,74,0.08400122076272964
9,75,0.08238902688026428
9,76,0.07218489050865173
10,1,0.07833071053028107
10,2,0.07207155972719193
10,3,0.06833095848560333
10,4,0.07730281352996826
10,5,0.08632761240005493
10,6,0.07894861698150635
10,7,0.07556715607643127
10,8,0.07417693734169006
10,9,0.07837861776351929
10,10,0.07086672633886337
10,11,0.0715271532535553
10,12,0.08637362718582153
10,13,0.07935968041419983
10,14,0.0808776319026947
10,15,0.09911852329969406
10,16,0.0867307037115097
10,17,0.07045683264732361
10,18,0.07963717728853226
10,19,0.09147194027900696
10,20,0.09363088011741638
10,21,0.08778423070907593
10,22,0.08273781090974808
10,23,0.08109480887651443
10,24,0.09499917924404144
10,25,0.0882360190153122
10,26,0.07745575159788132
10,27,0.08616716414690018
10,28,0.07621270418167114
10,29,0.10040731728076935
10,30,0.09432203322649002
10,31,0.07558882981538773
10,32,0.09592166543006897
10,33,0.09149929881095886
10,34,0.07818697392940521
10,35,0.07946163415908813
10,36,0.08431315422058105
10,37,0.0768716111779213
10,38,0.08880042284727097
10,39,0.07776940613985062
10,40,0.08485221862792969
10,41,0.08078418672084808
10,42,0.07368753105401993
10,43,0.09396985173225403
10,44,0.0726194679737091
10,45,0.06817860901355743
10,46,0.07848604023456573
10,47,0.07131457328796387
10,48,0.08043810725212097
10,49,0.0792744904756546
10,50,0.07248782366514206
10,51,0.08766727149486542
10,52,0.07779552042484283
10,53,0.07387454807758331
10,54,0.07010050117969513
10,55,0.07703620940446854
10,56,0.07859884202480316
10,57,0.08021248877048492
10,58,0.06843477487564087
10,59,0.06996234506368637
10,60,0.06952676177024841
10,61,0.0723191648721695
10,62,0.0780174732208252
10,63,0.07755109667778015
10,64,0.07318532466888428
10,65,0.07748416066169739
10,66,0.07090402394533157
10,67,0.07222642004489899
10,68,0.07713507115840912
10,69,0.07194115966558456
10,70,0.07400637865066528
10,71,0.07154279202222824
10,72,0.06547537446022034
10,73,0.07184033840894699
10,74,0.06218758970499039
10,75,0.06791017204523087
10,76,0.0681314468383789
11,1,0.0665329098701477
11,2,0.07880687713623047
11,3,0.07325370609760284
11,4,0.07613625377416611
11,5,0.09208476543426514
11,6,0.06808190047740936
11,7,0.06816354393959045
11,8,0.07113198935985565
11,9,0.08038944005966187
11,10,0.06504291296005249
11,11,0.09235435724258423
11,12,0.0821429193019867
11,13,0.0818047821521759
11,14,0.09499889612197876
11,15,0.0767940804362297
11,16,0.06914463639259338
11,17,0.07105287164449692
11,18,0.09080800414085388
11,19,0.08924125134944916
11,20,0.06974449753761292
11,21,0.07050815969705582
11,22,0.08188021183013916
11,23,0.09516555815935135
11,24,0.08613210916519165
11,25,0.07978808879852295
11,26,0.07087104022502899
11,27,0.08896616101264954
11,28,0.07667428255081177
11,29,0.07960830628871918
11,30,0.07701795548200607
11,31,0.07616105675697327
11,32,0.10155245661735535
11,33,0.08428800106048584
11,34,0.06414332985877991
11,35,0.06551699340343475
11,36,0.06365535408258438
11,37,0.07112928479909897
11,38,0.08582927286624908
11,39,0.0668226033449173
11,40,0.08765099942684174
11,41,0.06762039661407471
11,42,0.07594068348407745
11,43,0.08553646504878998
11,44,0.06402676552534103
11,45,0.0677093118429184
11,46,0.06578931957483292
11,47,0.07312377542257309
11,48,0.07656964659690857
11,49,0.07925578951835632
11,50,0.06931798160076141
11,51,0.0678107738494873
11,52,0.09495677798986435
11,53,0.07813655585050583
11,54,0.06515906751155853
11,55,0.09688311815261841
11,56,0.07694142311811447
11,57,0.08039414882659912
11,58,0.07375302910804749
11,59,0.08441312611103058
11,60,0.0734138935804367
11,61,0.07692506909370422
11,62,0.08539294451475143
11,63,0.06964892148971558
11,64,0.07618867605924606
11,65,0.0796295702457428
11,66,0.09610626101493835
11,67,0.07355453073978424
11,68,0.0673198252916336
11,69,0.07486868649721146
11,70,0.06305074691772461
11,71,0.06945747137069702
11,72,0.07934501767158508
11,73,0.06533490121364594
11,74,0.07769961655139923
11,75,0.07739152014255524
11,76,0.07596145570278168
12,1,0.06616167724132538
12,2,0.08018992841243744
12,3,0.0787409096956253
12,4,0.0890607088804245
12,5,0.0823022723197937
12,6,0.06389042735099792
12,7,0.06922555714845657
12,8,0.07453081011772156
12,9,0.07735361158847809
12,10,0.07382906973361969
12,11,0.0885579064488411
12,12,0.06644374877214432
12,13,0.0658184289932251
12,14,0.0717550665140152
12,15,0.08771023154258728
12,16,0.06289593875408173
12,17,0.08091683685779572
12,18,0.06361110508441925
12,19,0.08013103902339935
12,20,0.06958318501710892
12,21,0.06301139295101166
12,22,0.06483494490385056
12,23,0.08076533675193787
12,24,0.06405360251665115
12,25,0.07549045234918594
12,26,0.07082009315490723
12,27,0.07702940702438354
12,28,0.06797771155834198
12,29,0.0647318884730339
12,30,0.06708972901105881
12,31,0.06432333588600159
12,32,0.07955197244882584
12,33,0.08203380554914474
12,34,0.06272369623184204
12,35,0.0705658420920372
12,36,0.06564006209373474
12,37,0.06490610539913177
12,38,0.08744308352470398
12,39,0.06937053799629211
12,40,0.0682348757982254
12,41,0.08334754407405853
12,42,0.08807512372732162
12,43,0.08449141681194305
12,44,0.06434552371501923
12,45,0.07116824388504028
12,46,0.07008633017539978
12,47,0.07542192935943604
12,48,0.06907390058040619
12,49,0.07265239953994751
12,50,0.08175358176231384
12,51,0.073967844247818
12,52,0.07138095796108246
12,53,0.08104094862937927
12,54,0.070163294672966
12,55,0.08122050762176514
12,56,0.0725368857383728
12,57,0.07411037385463715
12,58,0.06881833076477051
12,59,0.07205354422330856
12,60,0.06328873336315155
12,61,0.08387734740972519
12,62,0.06514189392328262
12,63,0.0627191811800003
12,64,0.06144110485911369
12,65,0.06676319241523743
12,66,0.06473410129547119
12,67,0.07376037538051605
12,68,0.07970154285430908
12,69,0.07174181193113327
12,70,0.0631241649389267
12,71,0.07606057077646255
12,72,0.06961214542388916
12,73,0.06872840970754623
12,74,0.06987403333187103
12,75,0.07383504509925842
12,76,0.07819981873035431
13,1,0.07516220211982727
13,2,0.06531237065792084
13,3,0.07541104406118393
13,4,0.0835396945476532
13,5,0.07633214443922043
13,6,0.07352171093225479
13,7,0.08071048557758331
13,8,0.07778690755367279
13,9,0.07680648565292358
13,10,0.07558071613311768
13,11,0.08382298052310944
13,12,0.06330542266368866
13,13,0.0779058113694191
13,14,0.06732657551765442
13,15,0.06619299203157425
13,16,0.06218909099698067
13,17,0.07777215540409088
13,18,0.06345774978399277
13,19,0.07906040549278259
13,20,0.06486968696117401
13,21,0.07100027054548264
13,22,0.06771309673786163
13,23,0.07008057832717896
13,24,0.057346612215042114
13,25,0.0617094561457634
13,26,0.06254210323095322
13,27,0.06539510190486908
13,28,0.06304040551185608
13,29,0.0649963766336441
13,30,0.0673009529709816
13,31,0.062457963824272156
13,32,0.06533437967300415
13,33,0.06117311120033264
13,34,0.064749576151371
13,35,0.06403180956840515
13,36,0.06700105965137482
13,37,0.07218362390995026
13,38,0.06814821809530258
13,39,0.0753515362739563
13,40,0.0701877698302269
13,41,0.06398472934961319
13,42,0.06482298672199249
13,43,0.06538496911525726
13,44,0.05729600414633751
13,45,0.06547168642282486
13,46,0.07684903591871262
13,47,0.057803310453891754
13,48,0.06776416301727295
13,49,0.0542265921831131
13,50,0.06043776497244835
13,51,0.06790471822023392
13,52,0.06371331214904785
13,53,0.06563906371593475
13,54,0.08886919915676117
13,55,0.06490413844585419
13,56,0.08098998665809631
13,57,0.06760208308696747
13,58,0.08016213774681091
13,59,0.07572874426841736
13,60,0.06820669770240784
13,61,0.07030994445085526
13,62,0.06719647347927094
13,63,0.05940613895654678
13,64,0.0646921694278717
13,65,0.08687187731266022
13,66,0.08019651472568512
13,67,0.06846660375595093
13,68,0.07346762716770172
13,69,0.07115423679351807
13,70,0.07205670326948166
13,71,0.0749238133430481
13,72,0.06791838258504868
13,73,0.06858259439468384
13,74,0.07601859420537949
13,75,0.07461340725421906
13,76,0.06058245152235031
14,1,0.05797391012310982
14,2,0.05731750279664993
14,3,0.07716216146945953
14,4,0.06586168706417084
14,5,0.07058326154947281
14,6,0.07313206791877747
14,7,0.0646580308675766
14,8,0.06426700949668884
14,9,0.06271066516637802
14,10,0.06071728840470314
14,11,0.058987703174352646
14,12,0.054944347590208054
14,13,0.06297895312309265
14,14,0.06059788167476654
14,15,0.07195745408535004
14,16,0.06806153804063797
14,17,0.07525511085987091
14,18,0.08695943653583527
14,19,0.06510762125253677
14,20,0.0552978515625
14,21,0.05286986380815506
14,22,0.07297078520059586
14,23,0.06302691996097565
14,24,0.05686040222644806
14,25,0.06043179705739021
14,26,0.0656082034111023
14,27,0.06871066987514496
14,28,0.06051317974925041
14,29,0.05905642732977867
14,30,0.07954452931880951
14,31,0.07610227912664413
14,32,0.061601679772138596
14,33,0.06485817581415176
14,34,0.06175265461206436
14,35,0.06001017987728119
14,36,0.08047367632389069
14,37,0.06189759075641632
14,38,0.06311935186386108
14,39,0.06329134106636047
14,40,0.058811333030462265
14,41,0.07773981988430023
14,42,0.0714648962020874
14,43,0.06139402836561203
14,44,0.06282910704612732
14,45,0.07226301729679108
14,46,0.0715082511305809
14,47,0.07369692623615265
14,48,0.07184851914644241
14,49,0.07853017002344131
14,50,0.06898662447929382
14,51,0.057429760694503784
14,52,0.06895910203456879
14,53,0.07924900203943253
14,54,0.06485836952924728
14,55,0.06333263218402863
14,56,0.0605132132768631
14,57,0.06465447694063187
14,58,0.06576499342918396
14,59,0.06472539156675339
14,60,0.0697919949889183
14,61,0.0633111521601677
14,62,0.07152809202671051
14,63,0.06357347965240479
14,64,0.05750700458884239
14,65,0.07383675128221512
14,66,0.06915094703435898
14,67,0.06741724908351898
14,68,0.07454472780227661
14,69,0.06642282754182816
14,70,0.06579769402742386
14,71,0.074472576379776
14,72,0.0710042417049408
14,73,0.0588858388364315
14,74,0.06350790709257126
14,75,0.058424364775419235
14,76,0.07321857661008835
15,1,0.06325230747461319
15,2,0.06492871046066284
15,3,0.07719500362873077
15,4,0.0651765987277031
15,5,0.05916059389710426
15,6,0.07333339750766754
15,7,0.07917768508195877
15,8,0.066092848777771
15,9,0.05845257639884949
15,10,0.06888124346733093
15,11,0.05953318625688553
15,12,0.058122895658016205
15,13,0.06190584972500801
15,14,0.07018302381038666
15,15,0.07175876200199127
15,16,0.05334920436143875
15,17,0.05793618783354759
15,18,0.0729222297668457
15,19,0.07576698064804077
15,20,0.054363321512937546
15,21,0.060150519013404846
15,22,0.07464586198329926
15,23,0.06318917870521545
15,24,0.07127973437309265
15,25,0.060917649418115616
15,26,0.05995422601699829
15,27,0.056841734796762466
15,28,0.06962630897760391
15,29,0.056672241538763046
15,30,0.07825243473052979
15,31,0.06944078207015991
15,32,0.07285889983177185
15,33,0.07093415409326553
15,34,0.06821535527706146
15,35,0.0656421035528183
15,36,0.05856452137231827
15,37,0.0649518370628357
15,38,0.06797857582569122
15,39,0.0677235797047615
15,40,0.06693923473358154
15,41,0.06913649290800095
15,42,0.05989784747362137
15,43,0.06026946008205414
15,44,0.0699717104434967
15,45,0.0725211352109909
15,46,0.06370427459478378
15,47,0.10020966082811356
15,48,0.06010455638170242
15,49,0.06403113901615143
15,50,0.07239458709955215
15,51,0.05212481692433357
15,52,0.0667954683303833
15,53,0.0621408075094223
15,54,0.05962296575307846
15,55,0.06787431985139847
15,56,0.05933547019958496
15,57,0.06976005434989929
15,58,0.05847855657339096
15,59,0.05285993218421936
15,60,0.08007610589265823
15,61,0.07262345403432846
15,62,0.056495171040296555
15,63,0.07394838333129883
15,64,0.06161113083362579
15,65,0.06039232760667801
15,66,0.07154463231563568
15,67,0.05292190983891487
15,68,0.08134880661964417
15,69,0.09440460801124573
15,70,0.08070653676986694
15,71,0.06847906857728958
15,72,0.0663672536611557
15,73,0.06062253564596176
15,74,0.07127988338470459
15,75,0.06520052254199982
15,76,0.06423234939575195
16,1,0.06556373834609985
16,2,0.05395197123289108
16,3,0.06932146847248077
16,4,0.059484176337718964
16,5,0.07510487735271454
16,6,0.06646134704351425
16,7,0.08252176642417908
16,8,0.06360936909914017
16,9,0.05942786484956741
16,10,0.0662299171090126
16,11,0.05939292162656784
16,12,0.0650201290845871
16,13,0.05970744043588638
16,14,0.05786805972456932
16,15,0.08544546365737915
16,16,0.06974411010742188
16,17,0.06069999933242798
16,18,0.07043185830116272
16,19,0.06341776251792908
16,20,0.06608504056930542
16,21,0.056663189083337784
16,22,0.08953060209751129
16,23,0.062045104801654816
16,24,0.06798756867647171
16,25,0.06287232041358948
16,26,0.07002990692853928
16,27,0.058285366743803024
16,28,0.05984015390276909
16,29,0.06396619230508804
16,30,0.06059318780899048
16,31,0.07237949967384338
16,32,0.059077829122543335
16,33,0.0688733160495758
16,34,0.062475983053445816
16,35,0.05794907733798027
16,36,0.06372684240341187
16,37,0.058159973472356796
16,38,0.06350579857826233
16,39,0.06657365709543228
16,40,0.06329455226659775
16,41,0.07235842198133469
16,42,0.06053399294614792
16,43,0.059377796947956085
16,44,0.0655502900481224
16,45,0.056950103491544724
16,46,0.05141834169626236
16,47,0.06279623508453369
16,48,0.06864674389362335
16,49,0.06569060683250427
16,50,0.055767640471458435
16,51,0.06295883655548096
16,52,0.06886076927185059
16,53,0.06337893009185791
16,54,0.05517800524830818
16,55,0.06218729168176651
16,56,0.0678350031375885
16,57,0.06850796937942505
16,58,0.06634440273046494
16,59,0.06148916110396385
16,60,0.0672353133559227
16,61,0.05245792120695114
16,62,0.05563104897737503
16,63,0.08646149933338165
16,64,0.05793049931526184
16,65,0.056285686790943146
16,66,0.058330051600933075
16,67,0.06859668344259262
16,68,0.059585295617580414
16,69,0.06405254453420639
16,70,0.05178447067737579
16,71,0.05878482013940811
16,72,0.06471362709999084
16,73,0.07252407819032669
16,74,0.05213411897420883
16,75,0.05584864318370819
16,76,0.06364753097295761
17,1,0.06877163052558899
17,2,0.06768269836902618
17,3,0.05857996270060539
17,4,0.05869027227163315
17,5,0.0760677382349968
17,6,0.0607912503182888
17,7,0.05832824856042862
17,8,0.05561220645904541
17,9,0.055881790816783905
17,10,0.059274546802043915
17,11,0.0620889849960804
17,12,0.06341321766376495
17,13,0.060952335596084595
17,14,0.06510362029075623
17,15,0.05589378625154495
17,16,0.06059553474187851
17,17,0.07418143004179001
17,18,0.05448935925960541
17,19,0.06251969933509827
17,20,0.08681243658065796
17,21,0.05568483844399452
17,22,0.06200018897652626
17,23,0.0612495020031929
17,24,0.055150434374809265
17,25,0.07493846863508224
17,26,0.06261071562767029
17,27,0.06170807406306267
17,28,0.059435367584228516
17,29,0.06024980545043945
17,30,0.06753931939601898
17,31,0.05782493203878403
17,32,0.05782749876379967
17,33,0.05303938686847687
17,34,0.059980276972055435
17,35,0.05588120222091675
17,36,0.07187169790267944
17,37,0.053455278277397156
17,38,0.05332376807928085
17,39,0.06042993813753128
17,40,0.05892849341034889
17,41,0.053570181131362915
17,42,0.051100701093673706
17,43,0.06779713928699493
17,44,0.07427731156349182
17,45,0.056423693895339966
17,46,0.06810031086206436
17,47,0.05662553757429123
17,48,0.056226734071969986
17,49,0.0685243010520935
17,50,0.06041692569851875
17,51,0.07081334292888641
17,52,0.04931747913360596
17,53,0.07125577330589294
17,54,0.057716112583875656
17,55,0.058546457439661026
17,56,0.06269443035125732
17,57,0.08491609990596771
17,58,0.07281854003667831
17,59,0.0627768263220787
17,60,0.062374770641326904
17,61,0.06544951349496841
17,62,0.05440974235534668
17,63,0.05668856203556061
17,64,0.06655673682689667
17,65,0.05960005149245262
17,66,0.06660245358943939
17,67,0.06204702705144882
17,68,0.07297426462173462
17,69,0.05475848168134689
17,70,0.06372709572315216
17,71,0.0638672411441803
17,72,0.06533901393413544
17,73,0.07368659973144531
17,74,0.06742456555366516
17,75,0.06284239888191223
17,76,0.059541113674640656
18,1,0.05666690692305565
18,2,0.061892472207546234
18,3,0.07027067989110947
18,4,0.05784613639116287
18,5,0.0642380341887474
18,6,0.0798926055431366
18,7,0.07016786932945251
18,8,0.058895837515592575
18,9,0.06890945136547089
18,10,0.06521862745285034
18,11,0.06779557466506958
18,12,0.05850755423307419
18,13,0.055284805595874786
18,14,0.06228107586503029
18,15,0.06329427659511566
18,16,0.06407813727855682
18,17,0.055862393230199814
18,18,0.08363942056894302
18,19,0.07158340513706207
18,20,0.06649617850780487
18,21,0.07731565088033676
18,22,0.07043495774269104
18,23,0.06839682161808014
18,24,0.06746841222047806
18,25,0.0672999694943428
18,26,0.06795753538608551
18,27,0.05485299974679947
18,28,0.0630345344543457
18,29,0.060722410678863525
18,30,0.06061205267906189
18,31,0.05273415893316269
18,32,0.05808965861797333
18,33,0.05643152818083763
18,34,0.057316794991493225
18,35,0.07462313026189804
18,36,0.061363182961940765
18,37,0.05753026902675629
18,38,0.06232685595750809
18,39,0.052199482917785645
18,40,0.08047954738140106
18,41,0.07244935631752014
18,42,0.05343359708786011
18,43,0.058269795030355453
18,44,0.06379354745149612
18,45,0.06134578585624695
18,46,0.07063889503479004
18,47,0.06396375596523285
18,48,0.06269291043281555
18,49,0.05808638781309128
18,50,0.05522898584604263
18,51,0.05637921392917633
18,52,0.05565442144870758
18,53,0.06683176755905151
18,54,0.06972098350524902
18,55,0.06033206358551979
18,56,0.07378184050321579
18,57,0.06614411622285843
18,58,0.06482154130935669
18,59,0.06317846477031708
18,60,0.05504833161830902
18,61,0.06092463433742523
18,62,0.06321682780981064
18,63,0.05453714728355408
18,64,0.05396873503923416
18,65,0.064210906624794
18,66,0.06265454739332199
18,67,0.05850287899374962
18,68,0.06538768112659454
18,69,0.05462482571601868
18,70,0.05886634439229965
18,71,0.05680457502603531
18,72,0.06275257468223572
18,73,0.06752504408359528
18,74,0.05880019813776016
18,75,0.05933563783764839
18,76,0.06587152928113937
19,1,0.07275454699993134
19,2,0.05863349512219429
19,3,0.06984950602054596
19,4,0.05523218587040901
19,5,0.05693257600069046
19,6,0.0636167898774147
19,7,0.05968237668275833
19,8,0.05519191175699234
19,9,0.0518229641020298
19,10,0.05893969535827637
19,11,0.05897045135498047
19,12,0.06186610087752342
19,13,0.06656169146299362
19,14,0.0578220933675766
19,15,0.05342647433280945
19,16,0.04991573095321655
19,17,0.05834921821951866
19,18,0.056243255734443665
19,19,0.05653916299343109
19,20,0.054791927337646484
19,21,0.059318799525499344
19,22,0.05861693620681763
19,23,0.06038070470094681
19,24,0.059229083359241486
19,25,0.061990655958652496
19,26,0.050341472029685974
19,27,0.06394992023706436
19,28,0.07223637402057648
19,29,0.05726884678006172
19,30,0.05426285043358803
19,31,0.06041852384805679
19,32,0.05996542423963547
19,33,0.049865126609802246
19,34,0.05577712506055832
19,35,0.0597478449344635
19,36,0.056349508464336395
19,37,0.0582636222243309
19,38,0.05789967626333237
19,39,0.05281132459640503
19,40,0.061488665640354156
19,41,0.06447020173072815
19,42,0.05291026830673218
19,43,0.0505315437912941
19,44,0.0687883198261261
19,45,0.07048958539962769
19,46,0.056223586201667786
19,47,0.06090140715241432
19,48,0.055554188787937164
19,49,0.05753315985202789
19,50,0.05628206208348274
19,51,0.055409010499715805
19,52,0.060641106218099594
19,53,0.051549047231674194
19,54,0.05931857228279114
19,55,0.07573480904102325
19,56,0.057926081120967865
19,57,0.059087276458740234
19,58,0.05949512869119644
19,59,0.054263047873973846
19,60,0.05917448550462723
19,61,0.05832782760262489
19,62,0.056250203400850296
19,63,0.057778552174568176
19,64,0.06922485679388046
19,65,0.06306964159011841
19,66,0.05252034217119217
19,67,0.05773907154798508
19,68,0.05837192386388779
19,69,0.060777537524700165
19,70,0.059997446835041046
19,71,0.06399231404066086
19,72,0.049134887754917145
19,73,0.049554310739040375
19,74,0.058415576815605164
19,75,0.050497137010097504
19,76,0.05346980690956116
20,1,0.06845971941947937
20,2,0.05934055894613266
20,3,0.05251775309443474
20,4,0.05581122636795044
20,5,0.06141091138124466
20,6,0.06279580295085907
20,7,0.051136668771505356
20,8,0.05409329757094383
20,9,0.051621608436107635
20,10,0.06244039162993431
20,11,0.052232883870601654
20,12,0.05421563982963562
20,13,0.051628947257995605
20,14,0.0531439483165741
20,15,0.05536768585443497
20,16,0.05561714991927147
20,17,0.06336529552936554
20,18,0.058301277458667755
20,19,0.06610310822725296
20,20,0.06435397267341614
20,21,0.0757749080657959
20,22,0.055194731801748276
20,23,0.0683559998869896
20,24,0.05176710709929466
20,25,0.0520913228392601
20,26,0.05994472652673721
20,27,0.04870537668466568
20,28,0.05668558180332184
20,29,0.06380370259284973
20,30,0.052520085126161575
20,31,0.057447999715805054
20,32,0.058055028319358826
20,33,0.05382179841399193
20,34,0.07182427495718002
20,35,0.052036404609680176
20,36,0.052695054560899734
20,37,0.054040782153606415
20,38,0.05283675342798233
20,39,0.06006292253732681
20,40,0.06560343503952026
20,41,0.05639709159731865
20,42,0.05512537062168121
20,43,0.05765710771083832
20,44,0.05895834416151047
20,45,0.05286446213722229
20,46,0.06137843430042267
20,47,0.05222485587000847
20,48,0.05152555927634239
20,49,0.061977095901966095
20,50,0.05669219791889191
20,51,0.0594521202147007
20,52,0.06396236270666122
20,53,0.058649465441703796
20,54,0.06437420845031738
20,55,0.04810634255409241
20,56,0.060280345380306244
20,57,0.05705805867910385
20,58,0.05719500780105591
20,59,0.05853249132633209
20,60,0.05766366422176361
20,61,0.04958648234605789
20,62,0.05774283781647682
20,63,0.058086808770895004
20,64,0.051740262657403946
20,65,0.05115874484181404
20,66,0.050741687417030334
20,67,0.06383169442415237
20,68,0.05419095605611801
20,69,0.06605678051710129
20,70,0.04633081704378128
20,71,0.048991523683071136
20,72,0.059921082109212875
20,73,0.0571063831448555
20,74,0.05801418423652649
20,75,0.06275340169668198
20,76,0.047476254403591156
21,1,0.05390869081020355
21,2,0.051919400691986084
21,3,0.057178035378456116
21,4,0.04969434440135956
21,5,0.06229506433010101
21,6,0.06274083256721497
21,7,0.052530840039253235
21,8,0.05229506641626358
21,9,0.054191119968891144
21,10,0.06659409403800964
21,11,0.05113097280263901
21,12,0.05723109096288681
21,13,0.07351795583963394
21,14,0.053330570459365845
21,15,0.05630398169159889
21,16,0.05568598583340645
21,17,0.05643131211400032
21,18,0.06349847465753555
21,19,0.0649443045258522
21,20,0.05698200315237045
21,21,0.05346054583787918
21,22,0.05993988737463951
21,23,0.05601828545331955
21,24,0.05809255689382553
21,25,0.059198252856731415
21,26,0.05565667897462845
21,27,0.05244319885969162
21,28,0.05372655764222145
21,29,0.0555308572947979
21,30,0.054378725588321686
21,31,0.05871680751442909
21,32,0.05726650357246399
21,33,0.04778257757425308
21,34,0.04938603937625885
21,35,0.06060652807354927
21,36,0.04471508413553238
21,37,0.05817973241209984
21,38,0.05168647691607475
21,39,0.0543011799454689
21,40,0.05597585812211037
21,41,0.06007074564695358
21,42,0.04927070811390877
21,43,0.061246197670698166
21,44,0.06010591983795166
21,45,0.06726662814617157
21,46,0.04974914714694023
21,47,0.061987392604351044
21,48,0.0606345534324646
21,49,0.06119164451956749
21,50,0.05040831118822098
21,51,0.06033897027373314
21,52,0.06045467033982277
21,53,0.04607977718114853
21,54,0.06062763184309006
21,55,0.062468044459819794
21,56,0.06089934706687927
21,57,0.055642787367105484
21,58,0.04833490028977394
21,59,0.051820479333400726
21,60,0.06498733162879944
21,61,0.05703679099678993
21,62,0.06353593617677689
21,63,0.04786011576652527
21,64,0.05390072986483574
21,65,0.06695109605789185
21,66,0.05185624957084656
21,67,0.04984934628009796
21,68,0.045696377754211426
21,69,0.0497201606631279
21,70,0.05376836284995079
21,71,0.05093877762556076
21,72,0.05518193915486336
21,73,0.05341632291674614
21,74,0.05475606396794319
21,75,0.05327770113945007
21,76,0.05361749604344368
22,1,0.04475438594818115
22,2,0.055040039122104645
22,3,0.06024923548102379
22,4,0.05316661298274994
22,5,0.05560003221035004
22,6,0.055118367075920105
22,7,0.0579441674053669
22,8,0.05146288871765137
22,9,0.054306838661432266
22,10,0.06549841165542603
22,11,0.06548286229372025
22,12,0.06425390392541885
22,13,0.05568692088127136
22,14,0.05094055458903313
22,15,0.05696174129843712
22,16,0.053309936076402664
22,17,0.055120036005973816
22,18,0.05709252133965492
22,19,0.06264805793762207
22,20,0.050011735409498215
22,21,0.04840032011270523
22,22,0.06279489398002625
22,23,0.07142195105552673
22,24,0.06570929288864136
22,25,0.05562829598784447
22,26,0.06364618986845016
22,27,0.052564434707164764
22,28,0.05993173271417618
22,29,0.05832682549953461
22,30,0.04748201742768288
22,31,0.06246880814433098
22,32,0.05698578432202339
22,33,0.05785152316093445
22,34,0.06353413313627243
22,35,0.050325848162174225
22,36,0.0595097690820694
22,37,0.05257659777998924
22,38,0.04828222841024399
22,39,0.05555714666843414
22,40,0.06851708889007568
22,41,0.04855110123753548
22,42,0.051256757229566574
22,43,0.06256551295518875
22,44,0.05141203850507736
22,45,0.052125342190265656
22,46,0.0575183629989624
22,47,0.05539266765117645
22,48,0.049058444797992706
22,49,0.04948529228568077
22,50,0.05796964094042778
22,51,0.04708271473646164
22,52,0.04918549954891205
22,53,0.040360819548368454
22,54,0.06230365112423897
22,55,0.05284001678228378
22,56,0.05845337361097336
22,57,0.06010929495096207
22,58,0.05393045395612717
22,59,0.054202668368816376
22,60,0.052196815609931946
22,61,0.04913722723722458
22,62,0.0647030770778656
22,63,0.05763411521911621
22,64,0.052482910454273224
22,65,0.05470908805727959
22,66,0.06648004800081253
22,67,0.050266291946172714
22,68,0.055756792426109314
22,69,0.04804178327322006
22,70,0.05249440670013428
22,71,0.05596999451518059
22,72,0.04952065646648407
22,73,0.04906117171049118
22,74,0.051342230290174484
22,75,0.0727749913930893
22,76,0.05922946333885193
23,1,0.06270909309387207
23,2,0.06519313156604767
23,3,0.05815611779689789
23,4,0.05286690592765808
23,5,0.05801557004451752
23,6,0.05777936428785324
23,7,0.04844340682029724
23,8,0.07610121369361877
23,9,0.06305718421936035
23,10,0.054374489933252335
23,11,0.04873649775981903
23,12,0.06423486769199371
23,13,0.06355295330286026
23,14,0.04884565621614456
23,15,0.058081090450286865
23,16,0.05372237786650658
23,17,0.06057018041610718
23,18,0.05319918692111969
23,19,0.05317576974630356
23,20,0.056856755167245865
23,21,0.06205552816390991
23,22,0.05365980044007301
23,23,0.052055150270462036
23,24,0.0683055967092514
23,25,0.05319664254784584
23,26,0.04800990968942642
23,27,0.05341993272304535
23,28,0.045964013785123825
23,29,0.06691436469554901
23,30,0.05092290788888931
23,31,0.0539521761238575
23,32,0.0570114329457283
23,33,0.05014874041080475
23,34,0.04637562111020088
23,35,0.04119863361120224
23,36,0.05968877673149109
23,37,0.06729166209697723
23,38,0.05557350069284439
23,39,0.05400778725743294
23,40,0.06145040690898895
23,41,0.05380681902170181
23,42,0.05733327195048332
23,43,0.05634651333093643
23,44,0.05369419977068901
23,45,0.04362858086824417
23,46,0.06139528751373291
23,47,0.05631355196237564
23,48,0.049817223101854324
23,49,0.053486645221710205
23,50,0.05601631477475166
23,51,0.05554576963186264
23,52,0.05121830105781555
23,53,0.07613019645214081
23,54,0.06031006947159767
23,55,0.0566730722784996
23,56,0.05372622609138489
23,57,0.0640520378947258
23,58,0.05865330249071121
23,59,0.06519313901662827
23,60,0.05457504466176033
23,61,0.04741930589079857
23,62,0.04956537485122681
23,63,0.06196029484272003
23,64,0.052481234073638916
23,65,0.04523507505655289
23,66,0.06073645502328873
23,67,0.057396531105041504
23,68,0.06137966364622116
23,69,0.0579947754740715
23,70,0.054355572909116745
23,71,0.04898018762469292
23,72,0.07270310819149017
23,73,0.0516715943813324
23,74,0.04898478463292122
23,75,0.04981036111712456
23,76,0.05383520573377609
24,1,0.052625980228185654
24,2,0.049904607236385345
24,3,0.04938666522502899
24,4,0.05899305269122124
24,5,0.05197949707508087
24,6,0.04770205169916153
24,7,0.06525025516748428
24,8,0.050212323665618896
24,9,0.04964176192879677
24,10,0.04850899428129196
24,11,0.045460812747478485
24,12,0.0524928942322731
24,13,0.047335367649793625
24,14,0.06074858456850052
24,15,0.04702363163232803
24,16,0.05048162490129471
24,17,0.06318136304616928
24,18,0.04472694918513298
24,19,0.054958753287792206
24,20,0.05407936871051788
24,21,0.0581875815987587
24,22,0.06465938687324524
24,23,0.05828150361776352
24,24,0.0641264095902443
24,25,0.05260856822133064
24,26,0.060320064425468445
24,27,0.0590953566133976
24,28,0.08123204112052917
24,29,0.05574403703212738
24,30,0.05268586054444313
24,31,0.06125444918870926
24,32,0.05217562988400459
24,33,0.04769580438733101
24,34,0.051331691443920135
24,35,0.04804546386003494
24,36,0.05900431424379349
24,37,0.06263500452041626
24,38,0.050064362585544586
24,39,0.052195679396390915
24,40,0.05068689584732056
24,41,0.053815752267837524
24,42,0.04499620944261551
24,43,0.06441653519868851
24,44,0.057663701474666595
24,45,0.050652846693992615
24,46,0.051111042499542236
24,47,0.04948929697275162
24,48,0.05019208416342735
24,49,0.04992099851369858
24,50,0.04814057797193527
24,51,0.060269955545663834
24,52,0.06179342791438103
24,53,0.05079875886440277
24,54,0.05674470588564873
24,55,0.0648697167634964
24,56,0.049218736588954926
24,57,0.06939445436000824
24,58,0.051254305988550186
24,59,0.05268114060163498
24,60,0.04952807351946831
24,61,0.04683104157447815
24,62,0.043284423649311066
24,63,0.052308328449726105
24,64,0.051817554980516434
24,65,0.053277697414159775
24,66,0.05316237360239029
24,67,0.049798738211393356
24,68,0.04655773937702179
24,69,0.052827175706624985
24,70,0.06803184747695923
24,71,0.05728481709957123
24,72,0.05275273323059082
24,73,0.04841078072786331
24,74,0.051136698573827744
24,75,0.05001140385866165
24,76,0.06521777808666229
25,1,0.048997778445482254
25,2,0.048012323677539825
25,3,0.05199055001139641
25,4,0.06182622164487839
25,5,0.04424063116312027
25,6,0.06233472377061844
25,7,0.061510033905506134
25,8,0.057213615626096725
25,9,0.046187326312065125
25,10,0.05398567020893097
25,11,0.06415814161300659
25,12,0.052545756101608276
25,13,0.0500144436955452
25,14,0.055996935814619064
25,15,0.050547294318675995
25,16,0.04329320043325424
25,17,0.05443531274795532
25,18,0.05774413421750069
25,19,0.05756501108407974
25,20,0.046621933579444885
25,21,0.06352244317531586
25,22,0.061971887946128845
25,23,0.055060975253582
25,24,0.053164102137088776
25,25,0.06243891268968582
25,26,0.05145597457885742
25,27,0.049693576991558075
25,28,0.054541632533073425
25,29,0.04082579165697098
25,30,0.05457180738449097
25,31,0.06114758923649788
25,32,0.04615827277302742
25,33,0.05209464579820633
25,34,0.06286922097206116
25,35,0.05542703717947006
25,36,0.053516119718551636
25,37,0.053786516189575195
25,38,0.05169781297445297
25,39,0.051370009779930115
25,40,0.06939607113599777
25,41,0.051769763231277466
25,42,0.05685095489025116
25,43,0.0661572590470314
25,44,0.04884904623031616
25,45,0.04865965619683266
25,46,0.06973496079444885
25,47,0.041220780462026596
25,48,0.0560908243060112
25,49,0.05885478854179382
25,50,0.04781961441040039
25,51,0.05104711651802063
25,52,0.050889790058135986
25,53,0.047274112701416016
25,54,0.04950227588415146
25,55,0.05959012359380722
25,56,0.047186341136693954
25,57,0.045773230493068695
25,58,0.059997327625751495
25,59,0.05696653947234154
25,60,0.06970265507698059
25,61,0.051116690039634705
25,62,0.05008009821176529
25,63,0.050823330879211426
25,64,0.05752519518136978
25,65,0.05787338316440582
25,66,0.052827343344688416
25,67,0.04725220054388046
25,68,0.06697795540094376
25,69,0.05205228924751282
25,70,0.05146690458059311
25,71,0.04764114320278168
25,72,0.0508543998003006
25,73,0.04313591122627258
25,74,0.05670842528343201
25,75,0.04847608879208565
25,76,0.047349974513053894
26,1,0.05369702726602554
26,2,0.0468180850148201
26,3,0.05613955482840538
26,4,0.0672747939825058
26,5,0.048091255128383636
26,6,0.05959013104438782
26,7,0.054438523948192596
26,8,0.049175556749105453
26,9,0.047726746648550034
26,10,0.04697483032941818
26,11,0.048997655510902405
26,12,0.05555843934416771
26,13,0.04821491986513138
26,14,0.0576808899641037
26,15,0.05507618933916092
26,16,0.04689064621925354
26,17,0.06116074323654175
26,18,0.04815007373690605
26,19,0.04854877293109894
26,20,0.056389763951301575
26,21,0.050414904952049255
26,22,0.054881900548934937
26,23,0.056070417165756226
26,24,0.040405504405498505
26,25,0.053960755467414856
26,26,0.051670826971530914
26,27,0.05432871729135513
26,28,0.04760756343603134
26,29,0.046198770403862
26,30,0.05044034868478775
26,31,0.050890274345874786
26,32,0.04595228284597397
26,33,0.049798570573329926
26,34,0.05938694626092911
26,35,0.051419757306575775
26,36,0.04761837050318718
26,37,0.04327064007520676
26,38,0.04536883905529976
26,39,0.047541555017232895
26,40,0.051564592868089676
26,41,0.05133785679936409
26,42,0.05078950524330139
26,43,0.05280183255672455
26,44,0.059608399868011475
26,45,0.0567975789308548
26,46,0.04977510869503021
26,47,0.046909261494874954
26,48,0.04266888648271561
26,49,0.04666514694690704
26,50,0.049709469079971313
26,51,0.04931045323610306
26,52,0.05455916374921799
26,53,0.05923066288232803
26,54,0.05252812057733536
26,55,0.04973490536212921
26,56,0.04447116702795029
26,57,0.052305035293102264
26,58,0.05909986048936844
26,59,0.0558171272277832
26,60,0.04843375086784363
26,61,0.052832480520009995
26,62,0.04792577773332596
26,63,0.05353361740708351
26,64,0.044643040746450424
26,65,0.05855569615960121
26,66,0.055235110223293304
26,67,0.050734978169202805
26,68,0.058483004570007324
26,69,0.05017470568418503
26,70,0.05299362540245056
26,71,0.052015844732522964
26,72,0.051488347351551056
26,73,0.047297004610300064
26,74,0.04869948700070381
26,75,0.042302776128053665
26,76,0.057124681770801544
27,1,0.05375739187002182
27,2,0.047966405749320984
27,3,0.04611100256443024
27,4,0.05185914784669876
27,5,0.052033230662345886
27,6,0.049498070031404495
27,7,0.05135026574134827
27,8,0.06122589856386185
27,9,0.05248142033815384
27,10,0.05500612407922745
27,11,0.04659624397754669
27,12,0.0484667606651783
27,13,0.049218807369470596
27,14,0.0539691224694252
27,15,0.04738011956214905
27,16,0.06671597063541412
27,17,0.06821256875991821
27,18,0.046022720634937286
27,19,0.05197686329483986
27,20,0.050028011202812195
27,21,0.044634170830249786
27,22,0.05250314623117447
27,23,0.04470214247703552
27,24,0.05680795758962631
27,25,0.056324757635593414
27,26,0.0541393980383873
27,27,0.04478677362203598
27,28,0.05598985776305199
27,29,0.05615413933992386
27,30,0.05110056698322296
27,31,0.05510936677455902
27,32,0.04753228276968002
27,33,0.05274670198559761
27,34,0.05529363453388214
27,35,0.06102490425109863
27,36,0.05201410502195358
27,37,0.05650119483470917
27,38,0.053495366126298904
27,39,0.056880079209804535
27,40,0.05383996665477753
27,41,0.05763505399227142
27,42,0.050856493413448334
27,43,0.050076283514499664
27,44,0.057882122695446014
27,45,0.04696602001786232
27,46,0.05198081582784653
27,47,0.04917943477630615
27,48,0.05383959412574768
27,49,0.0463506281375885
27,50,0.06002670153975487
27,51,0.04347454383969307
27,52,0.054601214826107025
27,53,0.04514767602086067
27,54,0.04992914944887161
27,55,0.045041922479867935
27,56,0.047068797051906586
27,57,0.05168607831001282
27,58,0.05973828583955765
27,59,0.061237212270498276
27,60,0.04664120823144913
27,61,0.06105750799179077
27,62,0.05179184675216675
27,63,0.046758197247982025
27,64,0.050414010882377625
27,65,0.049446918070316315
27,66,0.04277297109365463
27,67,0.052683696150779724
27,68,0.045489389449357986
27,69,0.05780094861984253
27,70,0.0635203868150711
27,71,0.05039989948272705
27,72,0.05859874188899994
27,73,0.05151323974132538
27,74,0.050450414419174194
27,75,0.051315560936927795
27,76,0.046528249979019165
28,1,0.04824206233024597
28,2,0.053527794778347015
28,3,0.03969378024339676
28,4,0.05555957555770874
28,5,0.06340798735618591
28,6,0.046699609607458115
28,7,0.05866483226418495
28,8,0.04508781060576439
28,9,0.050711434334516525
28,10,0.053809233009815216
28,11,0.04174911975860596
28,12,0.05111270025372505
28,13,0.056132055819034576
28,14,0.052722133696079254
28,15,0.050638921558856964
28,16,0.041291236877441406
28,17,0.046921003609895706
28,18,0.045894745737314224
28,19,0.06056692451238632
28,20,0.05192764475941658
28,21,0.042704321444034576
28,22,0.04879113286733627
28,23,0.04990668594837189
28,24,0.04983054846525192
28,25,0.04834585636854172
28,26,0.04452689737081528
28,27,0.040703944861888885
28,28,0.04745612293481827
28,29,0.04342292994260788
28,30,0.04686879366636276
28,31,0.054846715182065964
28,32,0.0481669083237648
28,33,0.04387560859322548
28,34,0.053875625133514404
28,35,0.05066166818141937
28,36,0.055842094123363495
28,37,0.0421191081404686
28,38,0.048266611993312836
28,39,0.04633745551109314
28,40,0.048392027616500854
28,41,0.0504804402589798
28,42,0.042591314762830734
28,43,0.043855953961610794
28,44,0.06498845666646957
28,45,0.04107290878891945
28,46,0.05161702632904053
28,47,0.060850076377391815
28,48,0.050295986235141754
28,49,0.07209157943725586
28,50,0.05384937673807144
28,51,0.04824824631214142
28,52,0.05004728585481644
28,53,0.04792235791683197
28,54,0.04780634492635727
28,55,0.048608504235744476
28,56,0.0509621724486351
28,57,0.04307965189218521
28,58,0.054582417011260986
28,59,0.055380575358867645
28,60,0.049696944653987885
28,61,0.049525823444128036
28,62,0.0577353909611702
28,63,0.06375300884246826
28,64,0.049865905195474625
28,65,0.04625256359577179
28,66,0.04324707016348839
28,67,0.0513090044260025
28,68,0.04705904796719551
28,69,0.0456450879573822
28,70,0.05646166950464249
28,71,0.04504595324397087
28,72,0.05448856204748154
28,73,0.045472223311662674
28,74,0.058877184987068176
28,75,0.0546676367521286
28,76,0.048651013523340225
29,1,0.06330564618110657
29,2,0.05638139322400093
29,3,0.04662778973579407
29,4,0.04604773968458176
29,5,0.050935618579387665
29,6,0.05674558877944946
29,7,0.05835510417819023
29,8,0.04989355802536011
29,9,0.057219624519348145
29,10,0.051838167011737823
29,11,0.04508119076490402
29,12,0.04920405149459839
29,13,0.04528650641441345
29,14,0.053292714059352875
29,15,0.04736354574561119
29,16,0.049852386116981506
29,17,0.04891949146986008
29,18,0.072081558406353
29,19,0.04829300567507744
29,20,0.04962718486785889
29,21,0.049619875848293304
29,22,0.051352523267269135
29,23,0.04134924337267876
29,24,0.0475231297314167
29,25,0.05095825344324112
29,26,0.04888192564249039
29,27,0.046542003750801086
29,28,0.04802265018224716
29,29,0.050791800022125244
29,30,0.05098728835582733
29,31,0.057841502130031586
29,32,0.04993902146816254
29,33,0.047849688678979874
29,34,0.05547264963388443
29,35,0.05264684557914734
29,36,0.059097494930028915
29,37,0.04657448083162308
29,38,0.05382787808775902
29,39,0.05139164626598358
29,40,0.0549614354968071
29,41,0.04911508411169052
29,42,0.049123216420412064
29,43,0.052672501653432846
29,44,0.04728658124804497
29,45,0.04825170710682869
29,46,0.05155618488788605
29,47,0.049219220876693726
29,48,0.04696497321128845
29,49,0.053852736949920654
29,50,0.07301318645477295
29,51,0.049870096147060394
29,52,0.05151072144508362
29,53,0.045387543737888336
29,54,0.03821537271142006
29,55,0.046720102429389954
29,56,0.051668256521224976
29,57,0.05627164617180824
29,58,0.045953135937452316
29,59,0.0580047070980072
29,60,0.04396393895149231
29,61,0.06994952261447906
29,62,0.049909599125385284
29,63,0.04181110858917236
29,64,0.04932728409767151
29,65,0.06000145524740219
29,66,0.044892050325870514
29,67,0.04826014116406441
29,68,0.05354160815477371
29,69,0.05045688524842262
29,70,0.0492243766784668
29,71,0.05042674392461777
29,72,0.0491703525185585
29,73,0.04075083136558533
29,74,0.04916901886463165
29,75,0.04964052140712738
29,76,0.05059831216931343
30,1,0.05630185455083847
30,2,0.04449677839875221
30,3,0.044907137751579285
30,4,0.049011945724487305
30,5,0.04866030067205429
30,6,0.04814478009939194
30,7,0.048265133053064346
30,8,0.0695495530962944
30,9,0.04436676204204559
30,10,0.053896717727184296
30,11,0.04133366048336029
30,12,0.056053441017866135
30,13,0.038462474942207336
30,14,0.04821009933948517
30,15,0.049123212695121765
30,16,0.04671581834554672
30,17,0.059793516993522644
30,18,0.042202167212963104
30,19,0.06007327884435654
30,20,0.060588061809539795
30,21,0.0494447760283947
30,22,0.06302964687347412
30,23,0.043552495539188385
30,24,0.06537427753210068
30,25,0.04657237231731415
30,26,0.047144584357738495
30,27,0.04938507825136185
30,28,0.0504898875951767
30,29,0.0580415204167366
30,30,0.04863359034061432
30,31,0.04556489735841751
30,32,0.04389898106455803
30,33,0.043907344341278076
30,34,0.053283363580703735
30,35,0.05858125910162926
30,36,0.04604364186525345
30,37,0.05712377279996872
30,38,0.04179833084344864
30,39,0.04832519590854645
30,40,0.04317178577184677
30,41,0.05520079657435417
30,42,0.05378957837820053
30,43,0.055336885154247284
30,44,0.05001777783036232
30,45,0.043132439255714417
30,46,0.04874836653470993
30,47,0.06912969052791595
30,48,0.04841433838009834
30,49,0.052943840622901917
30,50,0.04409901052713394
30,51,0.056631527841091156
30,52,0.05229372903704643
30,53,0.04986601322889328
30,54,0.053278811275959015
30,55,0.055718839168548584
30,56,0.0488961860537529
30,57,0.049825627356767654
30,58,0.05870884656906128
30,59,0.0586872398853302
30,60,0.05319862812757492
30,61,0.05325161665678024
30,62,0.04899956285953522
30,63,0.04484860226511955
30,64,0.05413741618394852
30,65,0.046036213636398315
30,66,0.0483684241771698
30,67,0.05340065062046051
30,68,0.045877642929553986
30,69,0.06100611761212349
30,70,0.04689557105302811
30,71,0.05850548297166824
30,72,0.051547545939683914
30,73,0.06474385410547256
30,74,0.05379447713494301
30,75,0.061157893389463425
30,76,0.050343118607997894
31,1,0.04696483165025711
31,2,0.04667080193758011
31,3,0.05132121220231056
31,4,0.04934721440076828
31,5,0.04543236270546913
31,6,0.060587283223867416
31,7,0.052190449088811874
31,8,0.05170409753918648
31,9,0.058670710772275925
31,10,0.046365153044462204
31,11,0.05547908693552017
31,12,0.04812464118003845
31,13,0.051892057061195374
31,14,0.03987351059913635
31,15,0.04329407215118408
31,16,0.045190196484327316
31,17,0.04704540967941284
31,18,0.04731602221727371
31,19,0.05237969011068344
31,20,0.04990407079458237
31,21,0.05184464529156685
31,22,0.058005817234516144
31,23,0.04256696254014969
31,24,0.05915828049182892
31,25,0.046958763152360916
31,26,0.04650719463825226
31,27,0.06287609785795212
31,28,0.05477047711610794
31,29,0.04504527896642685
31,30,0.053334787487983704
31,31,0.04874766618013382
31,32,0.04884738102555275
31,33,0.05802035331726074
31,34,0.05076023191213608
31,35,0.04783889278769493
31,36,0.047890543937683105
31,37,0.05195283889770508
31,38,0.06257959455251694
31,39,0.04866088926792145
31,40,0.05862095206975937
31,41,0.04778057709336281
31,42,0.044748008251190186
31,43,0.04799072444438934
31,44,0.050576042383909225
31,45,0.05768872797489166
31,46,0.057553090155124664
31,47,0.04488230124115944
31,48,0.05231155455112457
31,49,0.04886355251073837
31,50,0.04532017558813095
31,51,0.042637355625629425
31,52,0.048792727291584015
31,53,0.051315441727638245
31,54,0.04733011871576309
31,55,0.047976601868867874
31,56,0.058906879276037216
31,57,0.044933997094631195
31,58,0.047469522804021835
31,59,0.04360252618789673
31,60,0.050233758985996246
31,61,0.04869771748781204
31,62,0.04703349247574806
31,63,0.04958319664001465
31,64,0.05211016535758972
31,65,0.05334005877375603
31,66,0.056144654750823975
31,67,0.04715052619576454
31,68,0.047263480722904205
31,69,0.04874498024582863
31,70,0.04569166898727417
31,71,0.04869789630174637
31,72,0.04919121414422989
31,73,0.04727085679769516
31,74,0.04589609056711197
31,75,0.05748852342367172
31,76,0.0540035143494606
32,1,0.049277350306510925
32,2,0.04360003396868706
32,3,0.045493267476558685
32,4,0.04956953227519989
32,5,0.051176343113183975
32,6,0.05220206081867218
32,7,0.04601004347205162
32,8,0.052238911390304565
32,9,0.050713226199150085
32,10,0.05135855823755264
32,11,0.05507146567106247
32,12,0.05021113529801369
32,13,0.05530262738466263
32,14,0.05211082100868225
32,15,0.05233457684516907
32,16,0.055051349103450775
32,17,0.04174385219812393
32,18,0.058018758893013
32,19,0.052587561309337616
32,20,0.040581829845905304
32,21,0.05225958675146103
32,22,0.05140545964241028
32,23,0.04931161552667618
32,24,0.04457550868391991
32,25,0.05114041268825531
32,26,0.05593479424715042
32,27,0.05548613518476486
32,28,0.04131937399506569
32,29,0.06566284596920013
32,30,0.04290276765823364
32,31,0.04656565561890602
32,32,0.04361580312252045
32,33,0.050107333809137344
32,34,0.04139119014143944
32,35,0.04680826514959335
32,36,0.0598297044634819
32,37,0.04517430439591408
32,38,0.045546337962150574
32,39,0.04767686873674393
32,40,0.037857960909605026
32,41,0.054922789335250854
32,42,0.05429210513830185
32,43,0.05521741509437561
32,44,0.052837904542684555
32,45,0.04888793081045151
32,46,0.046808090060949326
32,47,0.05448836833238602
32,48,0.051856979727745056
32,49,0.046275850385427475
32,50,0.05168449506163597
32,51,0.0505419559776783
32,52,0.041239529848098755
32,53,0.047648683190345764
32,54,0.04945618659257889
32,55,0.04462248086929321
32,56,0.044045817106962204
32,57,0.04746948182582855
32,58,0.05375572293996811
32,59,0.05394139513373375
32,60,0.0455804318189621
32,61,0.04910620301961899
32,62,0.044701237231492996
32,63,0.046541787683963776
32,64,0.05259360373020172
32,65,0.04537336528301239
32,66,0.05729483440518379
32,67,0.04430263489484787
32,68,0.047594476491212845
32,69,0.046087078750133514
32,70,0.06137775629758835
32,71,0.04684751480817795
32,72,0.045972779393196106
32,73,0.05271651968359947
32,74,0.045701488852500916
32,75,0.044963810592889786
32,76,0.05814164876937866
33,1,0.04638807475566864
33,2,0.04774750396609306
33,3,0.048911962658166885
33,4,0.04635456204414368
33,5,0.04945841431617737
33,6,0.05809364467859268
33,7,0.05059177428483963
33,8,0.0539470873773098
33,9,0.05199205502867699
33,10,0.0652880072593689
33,11,0.0433383509516716
33,12,0.0516531839966774
33,13,0.052274495363235474
33,14,0.05774697661399841
33,15,0.05983062833547592
33,16,0.05065410956740379
33,17,0.04732641205191612
33,18,0.050693169236183167
33,19,0.046192750334739685
33,20,0.04342592880129814
33,21,0.051127128303050995
33,22,0.04148992523550987
33,23,0.040809765458106995
33,24,0.04774266481399536
33,25,0.053229205310344696
33,26,0.04958780109882355
33,27,0.04666519910097122
33,28,0.05105281621217728
33,29,0.04570487514138222
33,30,0.044330254197120667
33,31,0.05158194899559021
33,32,0.055029578506946564
33,33,0.051613397896289825
33,34,0.05599674582481384
33,35,0.05109238624572754
33,36,0.048722803592681885
33,37,0.04471992328763008
33,38,0.04518735408782959
33,39,0.04239692538976669
33,40,0.0408383309841156
33,41,0.04693248122930527
33,42,0.04578954726457596
33,43,0.04516292363405228
33,44,0.06143363565206528
33,45,0.044140733778476715
33,46,0.04184109717607498
33,47,0.05661575496196747
33,48,0.04634428769350052
33,49,0.05644898861646652
33,50,0.04940425232052803
33,51,0.056148529052734375
33,52,0.04111909866333008
33,53,0.053318411111831665
33,54,0.049615148454904556
33,55,0.048456914722919464
33,56,0.0432012602686882
33,57,0.04754073917865753
33,58,0.05334009975194931
33,59,0.048138462007045746
33,60,0.04515201598405838
33,61,0.05406397953629494
33,62,0.049937039613723755
33,63,0.04716876894235611
33,64,0.045008644461631775
33,65,0.041502468287944794
33,66,0.039357371628284454
33,67,0.04210158437490463
33,68,0.04315975308418274
33,69,0.044851720333099365
33,70,0.04810977727174759
33,71,0.043840959668159485
33,72,0.04255792871117592
33,73,0.042717594653367996
33,74,0.04312041401863098
33,75,0.03774699568748474
33,76,0.059159234166145325
34,1,0.03876369073987007
34,2,0.043091267347335815
34,3,0.04393903911113739
34,4,0.04079676419496536
34,5,0.04374856874346733
34,6,0.03970314562320709
34,7,0.04920392483472824
34,8,0.04830978810787201
34,9,0.045149385929107666
34,10,0.05357373133301735
34,11,0.050027161836624146
34,12,0.042327627539634705
34,13,0.04965943098068237
34,14,0.04586785286664963
34,15,0.047500401735305786
34,16,0.05510511249303818
34,17,0.051349394023418427
34,18,0.054759714752435684
34,19,0.05213038623332977
34,20,0.0530119389295578
34,21,0.04963209107518196
34,22,0.05080295354127884
34,23,0.04606661573052406
34,24,0.04451866075396538
34,25,0.04035962373018265
34,26,0.04161325842142105
34,27,0.04882607236504555
34,28,0.04318100959062576
34,29,0.042293719947338104
34,30,0.05215425044298172
34,31,0.04707363620400429
34,32,0.043566152453422546
34,33,0.04302367568016052
34,34,0.044328153133392334
34,35,0.042683716863393784
34,36,0.05072273686528206
34,37,0.043019890785217285
34,38,0.048951972275972366
34,39,0.05835990607738495
34,40,0.04793044924736023
34,41,0.042271215468645096
34,42,0.050695374608039856
34,43,0.04283202067017555
34,44,0.04856649786233902
34,45,0.045646004378795624
34,46,0.04108986258506775
34,47,0.05687861144542694
34,48,0.0432705357670784
34,49,0.052104052156209946
34,50,0.05696821212768555
34,51,0.05173420161008835
34,52,0.04263835400342941
34,53,0.0507829375565052
34,54,0.047127656638622284
34,55,0.051571331918239594
34,56,0.04023689776659012
34,57,0.050460752099752426
34,58,0.05741690844297409
34,59,0.049952685832977295
34,60,0.054038263857364655
34,61,0.04511906951665878
34,62,0.05406352877616882
34,63,0.0515606552362442
34,64,0.049175817519426346
34,65,0.03955791890621185
34,66,0.04540843889117241
34,67,0.048303909599781036
34,68,0.047648899257183075
34,69,0.044941093772649765
34,70,0.044265296310186386
34,71,0.03999856859445572
34,72,0.057465292513370514
34,73,0.05038222670555115
34,74,0.04710298031568527
34,75,0.05540304630994797
34,76,0.04445992410182953
35,1,0.052196674048900604
35,2,0.040869418531656265
35,3,0.039613883942365646
35,4,0.054547253996133804
35,5,0.04819456487894058
35,6,0.04312118887901306
35,7,0.049327779561281204
35,8,0.04678943008184433
35,9,0.05267788842320442
35,10,0.050778355449438095
35,11,0.05683417618274689
35,12,0.05075245350599289
35,13,0.06161023676395416
35,14,0.04881899803876877
35,15,0.04434087127447128
35,16,0.058002736419439316
35,17,0.0488448292016983
35,18,0.045808158814907074
35,19,0.04593329131603241
35,20,0.047185268253088
35,21,0.04272514581680298
35,22,0.05349190533161163
35,23,0.04385752230882645
35,24,0.04686478152871132
35,25,0.04119129851460457
35,26,0.050465844571590424
35,27,0.051263801753520966
35,28,0.051986366510391235
35,29,0.045584481209516525
35,30,0.04980207979679108
35,31,0.045263901352882385
35,32,0.04754476994276047
35,33,0.04963260889053345
35,34,0.04925232380628586
35,35,0.04400184005498886
35,36,0.04914359003305435
35,37,0.038313645869493484
35,38,0.05140935629606247
35,39,0.03827408701181412
35,40,0.05324824899435043
35,41,0.04700019210577011
35,42,0.04677779972553253
35,43,0.05164092779159546
35,44,0.04446108639240265
35,45,0.04753729701042175
35,46,0.04128005728125572
35,47,0.05433342605829239
35,48,0.04686017706990242
35,49,0.05841939151287079
35,50,0.05036946386098862
35,51,0.04714781045913696
35,52,0.039760760962963104
35,53,0.04504650458693504
35,54,0.050737157464027405
35,55,0.05163033679127693
35,56,0.04777023196220398
35,57,0.046349965035915375
35,58,0.043295882642269135
35,59,0.04696280136704445
35,60,0.04767496511340141
35,61,0.045675281435251236
35,62,0.03957368806004524
35,63,0.040055051445961
35,64,0.04805244877934456
35,65,0.04179389402270317
35,66,0.050372976809740067
35,67,0.0464458167552948
35,68,0.057395026087760925
35,69,0.049405537545681
35,70,0.05533639341592789
35,71,0.04480452090501785
35,72,0.048987455666065216
35,73,0.04177100956439972
35,74,0.05689489096403122
35,75,0.051407527178525925
35,76,0.044994428753852844
36,1,0.047545455396175385
36,2,0.04837813973426819
36,3,0.04356779530644417
36,4,0.039796628057956696
36,5,0.04935615137219429
36,6,0.03883051499724388
36,7,0.04184657335281372
36,8,0.04587079584598541
36,9,0.04672612249851227
36,10,0.0430113822221756
36,11,0.05247963219881058
36,12,0.05629654973745346
36,13,0.047553788870573044
36,14,0.04445464909076691
36,15,0.04391634464263916
36,16,0.060735274106264114
36,17,0.04144968092441559
36,18,0.057639628648757935
36,19,0.05618643760681152
36,20,0.05142105743288994
36,21,0.05091681331396103
36,22,0.04635767638683319
36,23,0.04915328323841095
36,24,0.04401712119579315
36,25,0.05424045771360397
36,26,0.04174761474132538
36,27,0.051744453608989716
36,28,0.03915897384285927
36,29,0.05030980706214905
36,30,0.043556563556194305
36,31,0.048223838210105896
36,32,0.04634033888578415
36,33,0.05082608014345169
36,34,0.04655298963189125
36,35,0.04624505713582039
36,36,0.04083117097616196
36,37,0.05090083181858063
36,38,0.04247799515724182
36,39,0.04475514963269234
36,40,0.04588368907570839
36,41,0.04690645635128021
36,42,0.046649474650621414
36,43,0.05750507861375809
36,44,0.04590946063399315
36,45,0.04896601662039757
36,46,0.04766548424959183
36,47,0.046279795467853546
36,48,0.04671892523765564
36,49,0.040892910212278366
36,50,0.04054369032382965
36,51,0.03834217041730881
36,52,0.04561128467321396
36,53,0.05934760347008705
36,54,0.06612610816955566
36,55,0.04474136233329773
36,56,0.044958293437957764
36,57,0.05040454864501953
36,58,0.046693895012140274
36,59,0.04572474956512451
36,60,0.04219913110136986
36,61,0.04554155468940735
36,62,0.03963693603873253
36,63,0.045993871986866
36,64,0.04596279561519623
36,65,0.056861162185668945
36,66,0.043741896748542786
36,67,0.045496419072151184
36,68,0.04141075909137726
36,69,0.06277774274349213
36,70,0.04194860905408859
36,71,0.05776212364435196
36,72,0.05053843557834625
36,73,0.05714822933077812
36,74,0.05375269800424576
36,75,0.04379479959607124
36,76,0.04362161085009575
37,1,0.04816755652427673
37,2,0.048543304204940796
37,3,0.06517278403043747
37,4,0.04811640828847885
37,5,0.05038171634078026
37,6,0.050833560526371
37,7,0.0540146566927433
37,8,0.045575421303510666
37,9,0.04801742732524872
37,10,0.04859600588679314
37,11,0.04255881533026695
37,12,0.04401811584830284
37,13,0.048134803771972656
37,14,0.04358267784118652
37,15,0.03913506492972374
37,16,0.0458536222577095
37,17,0.05558205768465996
37,18,0.04937394708395004
37,19,0.04401401802897453
37,20,0.05236584693193436
37,21,0.05297325178980827
37,22,0.06727784872055054
37,23,0.042417384684085846
37,24,0.04347601532936096
37,25,0.04133240133523941
37,26,0.045984186232089996
37,27,0.040403757244348526
37,28,0.06098295748233795
37,29,0.05002173036336899
37,30,0.058081500232219696
37,31,0.04714611917734146
37,32,0.046052515506744385
37,33,0.04714617133140564
37,34,0.0454375222325325
37,35,0.04549914970993996
37,36,0.04586974158883095
37,37,0.04467669129371643
37,38,0.03686002269387245
37,39,0.054552264511585236
37,40,0.04306390881538391
37,41,0.04201076179742813
37,42,0.04851953685283661
37,43,0.048578277230262756
37,44,0.04645885154604912
37,45,0.05601751059293747
37,46,0.05173323675990105
37,47,0.052818410098552704
37,48,0.051576875150203705
37,49,0.0476810522377491
37,50,0.03876478970050812
37,51,0.051797494292259216
37,52,0.04177061468362808
37,53,0.05023582652211189
37,54,0.05391483008861542
37,55,0.04208632558584213
37,56,0.04953140765428543
37,57,0.0421438030898571
37,58,0.05263514444231987
37,59,0.046893760561943054
37,60,0.04963645711541176
37,61,0.043115973472595215
37,62,0.04958782345056534
37,63,0.04674096405506134
37,64,0.056891776621341705
37,65,0.04492146149277687
37,66,0.05684522166848183
37,67,0.043131642043590546
37,68,0.04545984044671059
37,69,0.04799087718129158
37,70,0.045141205191612244
37,71,0.04734963923692703
37,72,0.049228113144636154
37,73,0.04232235625386238
37,74,0.04358988255262375
37,75,0.039338335394859314
37,76,0.05186045914888382
38,1,0.04535442590713501
38,2,0.04763287305831909
38,3,0.041574642062187195
38,4,0.039951108396053314
38,5,0.04434441030025482
38,6,0.05044037848711014
38,7,0.044086702167987823
38,8,0.04626896232366562
38,9,0.04210101068019867
38,10,0.05425311252474785
38,11,0.04921327158808708
38,12,0.04752539098262787
38,13,0.04692515730857849
38,14,0.04200119525194168
38,15,0.03952382877469063
38,16,0.043890610337257385
38,17,0.04420214146375656
38,18,0.05431150272488594
38,19,0.05186765640974045
38,20,0.052216753363609314
38,21,0.04801567643880844
38,22,0.054315149784088135
38,23,0.038032643496990204
38,24,0.05233222246170044
38,25,0.05069679766893387
38,26,0.0426880419254303
38,27,0.059697896242141724
38,28,0.039201684296131134
38,29,0.05273749679327011
38,30,0.047223299741744995
38,31,0.05357171595096588
38,32,0.0442083403468132
38,33,0.041592635214328766
38,34,0.040999025106430054
38,35,0.043683312833309174
38,36,0.044761475175619125
38,37,0.039687998592853546
38,38,0.04337851703166962
38,39,0.05293671414256096
38,40,0.053810156881809235
38,41,0.04031568393111229
38,42,0.05235520750284195
38,43,0.04424775019288063
38,44,0.050292402505874634
38,45,0.04603569209575653
38,46,0.04804806038737297
38,47,0.04184533655643463
38,48,0.04728887602686882
38,49,0.040172696113586426
38,50,0.06698699295520782
38,51,0.045226167887449265
38,52,0.04496822878718376
38,53,0.04173510521650314
38,54,0.04125478118658066
38,55,0.043529003858566284
38,56,0.044896289706230164
38,57,0.04470669478178024
38,58,0.039423778653144836
38,59,0.05030352622270584
38,60,0.04603972285985947
38,61,0.045763496309518814
38,62,0.05291922390460968
38,63,0.04254809021949768
38,64,0.051259495317935944
38,65,0.051220037043094635
38,66,0.051924288272857666
38,67,0.04853963106870651
38,68,0.04680582135915756
38,69,0.04917401075363159
38,70,0.04933702573180199
38,71,0.0363834872841835
38,72,0.05634819716215134
38,73,0.043522909283638
38,74,0.03792334720492363
38,75,0.05039043724536896
38,76,0.05100398510694504
39,1,0.04290591552853584
39,2,0.048158273100852966
39,3,0.04663780704140663
39,4,0.04001547023653984
39,5,0.04654300957918167
39,6,0.04646763950586319
39,7,0.05590233951807022
39,8,0.04176119714975357
39,9,0.04867178201675415
39,10,0.050583429634571075
39,11,0.047848060727119446
39,12,0.04626742750406265
39,13,0.045595355331897736
39,14,0.04079657047986984
39,15,0.046230994164943695
39,16,0.04343140125274658
39,17,0.05196267366409302
39,18,0.05538228899240494
39,19,0.049586161971092224
39,20,0.048355892300605774
39,21,0.04407210648059845
39,22,0.053201235830783844
39,23,0.04997023940086365
39,24,0.04488924518227577
39,25,0.05259815230965614
39,26,0.04388808459043503
39,27,0.04283745586872101
39,28,0.04775539040565491
39,29,0.04712245985865593
39,30,0.056841298937797546
39,31,0.037027545273303986
39,32,0.049648769199848175
39,33,0.040592849254608154
39,34,0.048337195068597794
39,35,0.05050071328878403
39,36,0.04268535226583481
39,37,0.04742203652858734
39,38,0.04979534447193146
39,39,0.04515045881271362
39,40,0.045690082013607025
39,41,0.04838880896568298
39,42,0.050185807049274445
39,43,0.04903073608875275
39,44,0.04598807170987129
39,45,0.04852205514907837
39,46,0.04091915488243103
39,47,0.042608894407749176
39,48,0.05224091187119484
39,49,0.04023780673742294
39,50,0.04621007293462753
39,51,0.05936191976070404
39,52,0.04089082032442093
39,53,0.049464210867881775
39,54,0.05103611946105957
39,55,0.05078667774796486
39,56,0.042706649750471115
39,57,0.04776608571410179
39,58,0.04460499435663223
39,59,0.054752789437770844
39,60,0.05174582824110985
39,61,0.050182610750198364
39,62,0.04460940137505531
39,63,0.05119359865784645
39,64,0.05072362348437309
39,65,0.04698155075311661
39,66,0.03820125758647919
39,67,0.05055396258831024
39,68,0.047890156507492065
39,69,0.047469668090343475
39,70,0.04666224867105484
39,71,0.048491910099983215
39,72,0.0451086163520813
39,73,0.043854035437107086
39,74,0.046307750046253204
39,75,0.04480042681097984
39,76,0.041801340878009796
40,1,0.04517793282866478
40,2,0.03753797337412834
40,3,0.04502039775252342
40,4,0.05225617066025734
40,5,0.03994394838809967
40,6,0.048535533249378204
40,7,0.051547303795814514
40,8,0.0468115471303463
40,9,0.04416835680603981
40,10,0.041545622050762177
40,11,0.055669769644737244
40,12,0.037888918071985245
40,13,0.04809211939573288
40,14,0.04838481917977333
40,15,0.047058288007974625
40,16,0.04376119375228882
40,17,0.04011854529380798
40,18,0.04536435753107071
40,19,0.04856329411268234
40,20,0.050034187734127045
40,21,0.044016867876052856
40,22,0.03903452306985855
40,23,0.05571502447128296
40,24,0.0507439523935318
40,25,0.04582361876964569
40,26,0.04642621427774429
40,27,0.03733665123581886
40,28,0.04057854413986206
40,29,0.057154081761837006
40,30,0.04249785095453262
40,31,0.04779895395040512
40,32,0.049768343567848206
40,33,0.044354312121868134
40,34,0.04318027198314667
40,35,0.04276446998119354
40,36,0.04316631704568863
40,37,0.045170314610004425
40,38,0.0445357970893383
40,39,0.042499177157878876
40,40,0.04268622025847435
40,41,0.04395958408713341
40,42,0.04064241051673889
40,43,0.0451078936457634
40,44,0.039420925080776215
40,45,0.04680134728550911
40,46,0.03721064701676369
40,47,0.04301390051841736
40,48,0.04300092160701752
40,49,0.04400151968002319
40,50,0.04324519261717796
40,51,0.04172355681657791
40,52,0.04683450609445572
40,53,0.03699394315481186
40,54,0.04143313318490982
40,55,0.04605008661746979
40,56,0.047141123563051224
40,57,0.03784768283367157
40,58,0.044435564428567886
40,59,0.04492136090993881
40,60,0.04313457012176514
40,61,0.04600578546524048
40,62,0.05155911669135094
40,63,0.05257148668169975
40,64,0.04455222561955452
40,65,0.041765160858631134
40,66,0.06889355927705765
40,67,0.03737884759902954
40,68,0.046631477773189545
40,69,0.041707225143909454
40,70,0.040548551827669144
40,71,0.04061378166079521
40,72,0.04917868226766586
40,73,0.044899336993694305
40,74,0.049868565052747726
40,75,0.04507549852132797
40,76,0.04873012751340866
41,1,0.04478391259908676
41,2,0.041432227939367294
41,3,0.04305661469697952
41,4,0.04353594779968262
41,5,0.050052709877491
41,6,0.051599420607089996
41,7,0.03943115845322609
41,8,0.046446651220321655
41,9,0.043744150549173355
41,10,0.057016365230083466
41,11,0.05818920210003853
41,12,0.05206526070833206
41,13,0.04771251231431961
41,14,0.0491659976541996
41,15,0.04183468595147133
41,16,0.04273819923400879
41,17,0.04429207742214203
41,18,0.04656729847192764
41,19,0.049847789108753204
41,20,0.047199949622154236
41,21,0.04181361198425293
41,22,0.04544368013739586
41,23,0.05038399249315262
41,24,0.05313252657651901
41,25,0.04404088854789734
41,26,0.04632207378745079
41,27,0.04006592184305191
41,28,0.06323923170566559
41,29,0.040069516748189926
41,30,0.043816640973091125
41,31,0.0388123095035553
41,32,0.044157885015010834
41,33,0.04016263782978058
41,34,0.05579683184623718
41,35,0.04780532419681549
41,36,0.054716721177101135
41,37,0.04487546533346176
41,38,0.04042614996433258
41,39,0.05214453488588333
41,40,0.04328487813472748
41,41,0.048495784401893616
41,42,0.04627586901187897
41,43,0.043158240616321564
41,44,0.056072890758514404
41,45,0.049924336373806
41,46,0.0414930060505867
41,47,0.047181807458400726
41,48,0.046740733087062836
41,49,0.045194678008556366
41,50,0.04105241969227791
41,51,0.04146627336740494
41,52,0.05563921108841896
41,53,0.05289282277226448
41,54,0.04601326212286949
41,55,0.05232547968626022
41,56,0.04898969829082489
41,57,0.051375411450862885
41,58,0.04338288679718971
41,59,0.041170984506607056
41,60,0.042476993054151535
41,61,0.041632384061813354
41,62,0.04256942868232727
41,63,0.04322274029254913
41,64,0.04704202711582184
41,65,0.04378911852836609
41,66,0.046693846583366394
41,67,0.049258649349212646
41,68,0.05115211009979248
41,69,0.04362363740801811
41,70,0.05582801625132561
41,71,0.0366644412279129
41,72,0.04416189342737198
41,73,0.04290744662284851
41,74,0.04097437113523483
41,75,0.047657568007707596
41,76,0.04774370789527893
42,1,0.042983099818229675
42,2,0.045896463096141815
42,3,0.04154001176357269
42,4,0.042349278926849365
42,5,0.04674362391233444
42,6,0.04950406402349472
42,7,0.03848625719547272
42,8,0.04261276498436928
42,9,0.04390885680913925
42,10,0.0456065833568573
42,11,0.045401617884635925
42,12,0.05106447637081146
42,13,0.03771493583917618
42,14,0.04082354158163071
42,15,0.05372009426355362
42,16,0.05258461833000183
42,17,0.0487600639462471
42,18,0.049692921340465546
42,19,0.0428122952580452
42,20,0.04303250089287758
42,21,0.05437040328979492
42,22,0.04196175932884216
42,23,0.04505343735218048
42,24,0.04260358586907387
42,25,0.04596715420484543
42,26,0.04093300551176071
42,27,0.056978993117809296
42,28,0.04371362179517746
42,29,0.0383380763232708
42,30,0.03746669739484787
42,31,0.04135039448738098
42,32,0.0519600436091423
42,33,0.04290112853050232
42,34,0.047531090676784515
42,35,0.05001877248287201
42,36,0.03555265814065933
42,37,0.04377935081720352
42,38,0.03494139015674591
42,39,0.043183811008930206
42,40,0.04553068056702614
42,41,0.04493255168199539
42,42,0.045076124370098114
42,43,0.04308992996811867
42,44,0.03770560398697853
42,45,0.04410688579082489
42,46,0.04085833206772804
42,47,0.05368953198194504
42,48,0.04895046353340149
42,49,0.04592175409197807
42,50,0.043282099068164825
42,51,0.05119144171476364
42,52,0.053236622363328934
42,53,0.040844276547431946
42,54,0.03799791634082794
42,55,0.04569303244352341
42,56,0.046702444553375244
42,57,0.045962560921907425
42,58,0.051073987036943436
42,59,0.044840991497039795
42,60,0.045344751328229904
42,61,0.047436438500881195
42,62,0.05497118830680847
42,63,0.04298815503716469
42,64,0.03990628570318222
42,65,0.05198873579502106
42,66,0.04385753720998764
42,67,0.047436125576496124
42,68,0.046077653765678406
42,69,0.044632963836193085
42,70,0.04676314443349838
42,71,0.04830498248338699
42,72,0.052104610949754715
42,73,0.045864254236221313
42,74,0.04462455213069916
42,75,0.050351351499557495
42,76,0.04261649027466774
43,1,0.048698194324970245
43,2,0.044780582189559937
43,3,0.04511650651693344
43,4,0.05532357841730118
43,5,0.04044683650135994
43,6,0.04246865212917328
43,7,0.045822810381650925
43,8,0.04164249077439308
43,9,0.04332809895277023
43,10,0.043570999056100845
43,11,0.042300745844841
43,12,0.04679124057292938
43,13,0.050738025456666946
43,14,0.039244361221790314
43,15,0.04773859307169914
43,16,0.048695873469114304
43,17,0.04720295965671539
43,18,0.04050808399915695
43,19,0.03889764845371246
43,20,0.05010164529085159
43,21,0.059750236570835114
43,22,0.043143924325704575
43,23,0.046558260917663574
43,24,0.039000071585178375
43,25,0.05094410479068756
43,26,0.04291196167469025
43,27,0.044814758002758026
43,28,0.046904176473617554
43,29,0.047954149544239044
43,30,0.05178062617778778
43,31,0.04527640342712402
43,32,0.04096178710460663
43,33,0.0377296507358551
43,34,0.05187803506851196
43,35,0.0444646030664444
43,36,0.05319657176733017
43,37,0.04231715947389603
43,38,0.04163572937250137
43,39,0.04300617426633835
43,40,0.04825282841920853
43,41,0.03661786764860153
43,42,0.04001365602016449
43,43,0.03567410632967949
43,44,0.044193923473358154
43,45,0.04012267664074898
43,46,0.042232170701026917
43,47,0.043644148856401443
43,48,0.051338449120521545
43,49,0.053031399846076965
43,50,0.05727934092283249
43,51,0.03902020305395126
43,52,0.04780672490596771
43,53,0.04747798293828964
43,54,0.046138010919094086
43,55,0.051595620810985565
43,56,0.04452238231897354
43,57,0.04566555470228195
43,58,0.044145286083221436
43,59,0.040892474353313446
43,60,0.04122796654701233
43,61,0.04636407271027565
43,62,0.046499766409397125
43,63,0.03949514776468277
43,64,0.051814548671245575
43,65,0.049711037427186966
43,66,0.042810723185539246
43,67,0.04134827107191086
43,68,0.04817888140678406
43,69,0.05138406157493591
43,70,0.050564322620630264
43,71,0.06106511503458023
43,72,0.04113379120826721
43,73,0.04475753754377365
43,74,0.050961390137672424
43,75,0.04525666683912277
43,76,0.04288695380091667
44,1,0.047089241445064545
44,2,0.04723265767097473
44,3,0.04184771329164505
44,4,0.04061887413263321
44,5,0.06908884644508362
44,6,0.05344934016466141
44,7,0.04508952796459198
44,8,0.04034706577658653
44,9,0.04058970510959625
44,10,0.0491454117000103
44,11,0.04344076290726662
44,12,0.04410315304994583
44,13,0.04371803253889084
44,14,0.04735399782657623
44,15,0.051353875547647476
44,16,0.04699883982539177
44,17,0.04488597810268402
44,18,0.03806915879249573
44,19,0.05198818817734718
44,20,0.049159884452819824
44,21,0.04527474194765091
44,22,0.044463127851486206
44,23,0.03890068829059601
44,24,0.03566307947039604
44,25,0.041750676929950714
44,26,0.0389871671795845
44,27,0.041127145290374756
44,28,0.04012253135442734
44,29,0.04812946543097496
44,30,0.03954073414206505
44,31,0.041048258543014526
44,32,0.04035542160272598
44,33,0.05381070822477341
44,34,0.0390058234333992
44,35,0.040158189833164215
44,36,0.03769133985042572
44,37,0.04233565181493759
44,38,0.046299047768116
44,39,0.04327922686934471
44,40,0.049646247178316116
44,41,0.03907005861401558
44,42,0.03759652376174927
44,43,0.04541198909282684
44,44,0.053144413977861404
44,45,0.0482834056019783
44,46,0.05190487578511238
44,47,0.06783182919025421
44,48,0.0509791299700737
44,49,0.04403533414006233
44,50,0.04793807491660118
44,51,0.04459434002637863
44,52,0.04993079602718353
44,53,0.04565794765949249
44,54,0.042079441249370575
44,55,0.04261239618062973
44,56,0.03894049674272537
44,57,0.05091258883476257
44,58,0.052643053233623505
44,59,0.04440358281135559
44,60,0.04301006719470024
44,61,0.04803416132926941
44,62,0.04058632254600525
44,63,0.04457888752222061
44,64,0.04285881668329239
44,65,0.04989013820886612
44,66,0.04090433567762375
44,67,0.041374653577804565
44,68,0.04399028792977333
44,69,0.04504270851612091
44,70,0.0498802550137043
44,71,0.04268280416727066
44,72,0.035853683948516846
44,73,0.05313682183623314
44,74,0.051840752363204956
44,75,0.04235677048563957
44,76,0.047150567173957825
45,1,0.043868813663721085
45,2,0.04456966370344162
45,3,0.04747774451971054
45,4,0.051588647067546844
45,5,0.038209181278944016
45,6,0.04781433939933777
45,7,0.04591703414916992
45,8,0.04848108068108559
45,9,0.04529251158237457
45,10,0.038368772715330124
45,11,0.04826191067695618
45,12,0.03892045468091965
45,13,0.06068672984838486
45,14,0.03990573436021805
45,15,0.0514422282576561
45,16,0.04405181109905243
45,17,0.040217023342847824
45,18,0.053646668791770935
45,19,0.03866322338581085
45,20,0.04147329181432724
45,21,0.04472823441028595
45,22,0.05295509099960327
45,23,0.044611550867557526
45,24,0.03880339115858078
45,25,0.04539605230093002
45,26,0.04622159153223038
45,27,0.0383097268640995
45,28,0.04542859271168709
45,29,0.03650775924324989
45,30,0.043699026107788086
45,31,0.043741375207901
45,32,0.03941351920366287
45,33,0.040659062564373016
45,34,0.04897204786539078
45,35,0.04290574789047241
45,36,0.06821627914905548
45,37,0.04498794674873352
45,38,0.047575950622558594
45,39,0.04354463145136833
45,40,0.03710223734378815
45,41,0.045638926327228546
45,42,0.04623071849346161
45,43,0.04958406090736389
45,44,0.038411058485507965
45,45,0.04555555060505867
45,46,0.0418667308986187
45,47,0.050855472683906555
45,48,0.041423603892326355
45,49,0.04705580696463585
45,50,0.05993877351284027
45,51,0.0438838005065918
45,52,0.03883114457130432
45,53,0.052377812564373016
45,54,0.040618039667606354
45,55,0.04907407984137535
45,56,0.04509933292865753
45,57,0.04381445795297623
45,58,0.046463437378406525
45,59,0.03792284429073334
45,60,0.03989195078611374
45,61,0.046477362513542175
45,62,0.041022125631570816
45,63,0.041743699461221695
45,64,0.05141612887382507
45,65,0.05187483876943588
45,66,0.03984856233000755
45,67,0.04069795086979866
45,68,0.04210525006055832
45,69,0.0543222576379776
45,70,0.03676213324069977
45,71,0.050951506942510605
45,72,0.04241316393017769
45,73,0.03830765187740326
45,74,0.037486426532268524
45,75,0.0408024862408638
45,76,0.04630456864833832
46,1,0.04513716697692871
46,2,0.052524447441101074
46,3,0.04522138461470604
46,4,0.04892478883266449
46,5,0.04387170821428299
46,6,0.04832776263356209
46,7,0.05909641459584236
46,8,0.042007237672805786
46,9,0.04202922806143761
46,10,0.035156577825546265
46,11,0.04728773236274719
46,12,0.03801190108060837
46,13,0.03607592731714249
46,14,0.04311148449778557
46,15,0.042141348123550415
46,16,0.045974597334861755
46,17,0.04258670657873154
46,18,0.04558076709508896
46,19,0.03955285623669624
46,20,0.047057341784238815
46,21,0.043506406247615814
46,22,0.046888045966625214
46,23,0.0502312034368515
46,24,0.04238453507423401
46,25,0.0361969992518425
46,26,0.041417814791202545
46,27,0.038378193974494934
46,28,0.050269171595573425
46,29,0.042144205421209335
46,30,0.03959914296865463
46,31,0.04775072634220123
46,32,0.05038800090551376
46,33,0.060128770768642426
46,34,0.04029826074838638
46,35,0.048704300075769424
46,36,0.040764469653367996
46,37,0.037949465215206146
46,38,0.05513680353760719
46,39,0.03789464384317398
46,40,0.045967504382133484
46,41,0.05540422722697258
46,42,0.04229578375816345
46,43,0.046683184802532196
46,44,0.03835446387529373
46,45,0.04216093197464943
46,46,0.04017212986946106
46,47,0.04471553862094879
46,48,0.04652714729309082
46,49,0.043756693601608276
46,50,0.039054129272699356
46,51,0.043323222547769547
46,52,0.04243573546409607
46,53,0.03676128387451172
46,54,0.04568343609571457
46,55,0.03954973816871643
46,56,0.04049518331885338
46,57,0.0408601351082325
46,58,0.03980632126331329
46,59,0.03886992484331131
46,60,0.04229758679866791
46,61,0.041787028312683105
46,62,0.04496372491121292
46,63,0.05092299357056618
46,64,0.03936595469713211
46,65,0.04202902689576149
46,66,0.04573122411966324
46,67,0.042348239570856094
46,68,0.04833768308162689
46,69,0.04346112161874771
46,70,0.04679040610790253
46,71,0.04396326467394829
46,72,0.05139497295022011
46,73,0.047442421317100525
46,74,0.03440641984343529
46,75,0.03908152133226395
46,76,0.05220654979348183
47,1,0.04060521349310875
47,2,0.041792165488004684
47,3,0.04422518610954285
47,4,0.04911991208791733
47,5,0.044651858508586884
47,6,0.052298035472631454
47,7,0.050929803401231766
47,8,0.03793132305145264
47,9,0.04166592285037041
47,10,0.04550642520189285
47,11,0.04733233153820038
47,12,0.038807645440101624
47,13,0.04626581445336342
47,14,0.048906370997428894
47,15,0.04013456404209137
47,16,0.04399767518043518
47,17,0.0401262603700161
47,18,0.03612292557954788
47,19,0.03954928368330002
47,20,0.0464656725525856
47,21,0.04099659621715546
47,22,0.043157659471035004
47,23,0.04976620525121689
47,24,0.050127722322940826
47,25,0.04542744159698486
47,26,0.044193390756845474
47,27,0.048645250499248505
47,28,0.04646030813455582
47,29,0.05122649669647217
47,30,0.04466228932142258
47,31,0.04750962555408478
47,32,0.042963236570358276
47,33,0.0688101202249527
47,34,0.04689262434840202
47,35,0.04439761862158775
47,36,0.04593733698129654
47,37,0.03754209354519844
47,38,0.045547258108854294
47,39,0.04419533908367157
47,40,0.04974893108010292
47,41,0.038580186665058136
47,42,0.04947686567902565
47,43,0.0457412526011467
47,44,0.043659113347530365
47,45,0.04893631860613823
47,46,0.045819271355867386
47,47,0.043556876480579376
47,48,0.05337455868721008
47,49,0.04206167161464691
47,50,0.04805152118206024
47,51,0.04211972653865814
47,52,0.04697790741920471
47,53,0.05337608605623245
47,54,0.03897154703736305
47,55,0.03954365849494934
47,56,0.033922016620635986
47,57,0.042643722146749496
47,58,0.05295509099960327
47,59,0.035555921494960785
47,60,0.04688218608498573
47,61,0.04570380598306656
47,62,0.042736951261758804
47,63,0.044956061989068985
47,64,0.05242304503917694
47,65,0.040699757635593414
47,66,0.04611038416624069
47,67,0.04590082913637161
47,68,0.03720501810312271
47,69,0.038964707404375076
47,70,0.040601857006549835
47,71,0.047693751752376556
47,72,0.03783257305622101
47,73,0.04106529802083969
47,74,0.04951057583093643
47,75,0.04711499437689781
47,76,0.04228978976607323
48,1,0.05190460383892059
48,2,0.042664531618356705
48,3,0.044608455151319504
48,4,0.05050940811634064
48,5,0.039800554513931274
48,6,0.04844774305820465
48,7,0.04499724507331848
48,8,0.041847825050354004
48,9,0.049125585705041885
48,10,0.04842381179332733
48,11,0.04609119892120361
48,12,0.04390376806259155
48,13,0.04598848894238472
48,14,0.042003847658634186
48,15,0.049425702542066574
48,16,0.043324943631887436
48,17,0.04165639355778694
48,18,0.03548767417669296
48,19,0.0418039932847023
48,20,0.043945010751485825
48,21,0.048656612634658813
48,22,0.043624475598335266
48,23,0.04025749862194061
48,24,0.037798069417476654
48,25,0.044446904212236404
48,26,0.0419183224439621
48,27,0.045673757791519165
48,28,0.04559186100959778
48,29,0.041626185178756714
48,30,0.03912585973739624
48,31,0.04120553284883499
48,32,0.03830273449420929
48,33,0.044995978474617004
48,34,0.04228349030017853
48,35,0.03594382107257843
48,36,0.04203388839960098
48,37,0.05083122476935387
48,38,0.05315975472331047
48,39,0.03792354464530945
48,40,0.049226097762584686
48,41,0.038959309458732605
48,42,0.04710240289568901
48,43,0.04489060118794441
48,44,0.05534188449382782
48,45,0.04810471832752228
48,46,0.04364347830414772
48,47,0.04243163764476776
48,48,0.047314729541540146
48,49,0.046013254672288895
48,50,0.0468960702419281
48,51,0.058144450187683105
48,52,0.049068719148635864
48,53,0.040807582437992096
48,54,0.05321997031569481
48,55,0.04650413990020752
48,56,0.040420498698949814
48,57,0.03919734060764313
48,58,0.04192740470170975
48,59,0.05249334126710892
48,60,0.0400332510471344
48,61,0.0455767922103405
48,62,0.053876206278800964
48,63,0.03460055589675903
48,64,0.042977429926395416
48,65,0.05117451399564743
48,66,0.04113747179508209
48,67,0.03975605219602585
48,68,0.0415751188993454
48,69,0.04008585214614868
48,70,0.05287230759859085
48,71,0.03926112502813339
48,72,0.036025576293468475
48,73,0.04358115792274475
48,74,0.05424126982688904
48,75,0.042038895189762115
48,76,0.048032134771347046
49,1,0.04630851000547409
49,2,0.044632941484451294
49,3,0.048462577164173126
49,4,0.03641638904809952
49,5,0.05235324054956436
49,6,0.03810378164052963
49,7,0.04532240703701973
49,8,0.03625012934207916
49,9,0.04531710967421532
49,10,0.04109097272157669
49,11,0.04028474912047386
49,12,0.04956658184528351
49,13,0.043023496866226196
49,14,0.03744809329509735
49,15,0.048232533037662506
49,16,0.060070693492889404
49,17,0.04176149517297745
49,18,0.0373406708240509
49,19,0.042022086679935455
49,20,0.04088103771209717
49,21,0.04169628769159317
49,22,0.04227004200220108
49,23,0.03936592489480972
49,24,0.048113416880369186
49,25,0.04656185209751129
49,26,0.055277541279792786
49,27,0.05028129369020462
49,28,0.0475941076874733
49,29,0.0443694144487381
49,30,0.04546702280640602
49,31,0.05329350754618645
49,32,0.037226319313049316
49,33,0.04785241186618805
49,34,0.040830109268426895
49,35,0.041205354034900665
49,36,0.031995080411434174
49,37,0.04548228904604912
49,38,0.041274286806583405
49,39,0.04006470367312431
49,40,0.04214998334646225
49,41,0.04773159325122833
49,42,0.04234721511602402
49,43,0.05383734405040741
49,44,0.03862310200929642
49,45,0.041846003383398056
49,46,0.038881443440914154
49,47,0.04555094987154007
49,48,0.041057802736759186
49,49,0.03999977931380272
49,50,0.04196903109550476
49,51,0.0457843653857708
49,52,0.048744961619377136
49,53,0.04224975034594536
49,54,0.03576560690999031
49,55,0.04413934051990509
49,56,0.04415249079465866
49,57,0.046086493879556656
49,58,0.03916475921869278
49,59,0.042889684438705444
49,60,0.04151511564850807
49,61,0.03798945993185043
49,62,0.03890827298164368
49,63,0.04536926746368408
49,64,0.05245983228087425
49,65,0.04812855273485184
49,66,0.04013802111148834
49,67,0.03404629975557327
49,68,0.04843484237790108
49,69,0.04542453587055206
49,70,0.04115024209022522
49,71,0.03921496123075485
49,72,0.03964266926050186
49,73,0.05356839299201965
49,74,0.04037095606327057
49,75,0.03830806165933609
49,76,0.042081475257873535
50,1,0.041875410825014114
50,2,0.043010078370571136
50,3,0.05010594427585602
50,4,0.04208779335021973
50,5,0.04369787126779556
50,6,0.04602231830358505
50,7,0.04081202298402786
50,8,0.038666337728500366
50,9,0.0417405441403389
50,10,0.043924883008003235
50,11,0.04785335063934326
50,12,0.052398230880498886
50,13,0.042999908328056335
50,14,0.040588997304439545
50,15,0.03915703296661377
50,16,0.0453345850110054
50,17,0.04358694329857826
50,18,0.05601147562265396
50,19,0.042210716754198074
50,20,0.05004318058490753
50,21,0.039537426084280014
50,22,0.037254877388477325
50,23,0.04209968447685242
50,24,0.04435569792985916
50,25,0.038628287613391876
50,26,0.04354584217071533
50,27,0.04697221517562866
50,28,0.04574897140264511
50,29,0.05647358298301697
50,30,0.05115826055407524
50,31,0.0430467315018177
50,32,0.05469740182161331
50,33,0.04133743792772293
50,34,0.05055295303463936
50,35,0.04444006085395813
50,36,0.04041502624750137
50,37,0.04736805707216263
50,38,0.03761134296655655
50,39,0.03710411489009857
50,40,0.051910046488046646
50,41,0.04290667176246643
50,42,0.038460925221443176
50,43,0.035785142332315445
50,44,0.0473363883793354
50,45,0.05104004591703415
50,46,0.04739166051149368
50,47,0.040165625512599945
50,48,0.04816249758005142
50,49,0.043792981654405594
50,50,0.048951610922813416
50,51,0.0365934818983078
50,52,0.03791077062487602
50,53,0.044695690274238586
50,54,0.04900626838207245
50,55,0.047209788113832474
50,56,0.045865222811698914
50,57,0.04741552472114563
50,58,0.053884055465459824
50,59,0.035169683396816254
50,60,0.03931474685668945
50,61,0.042937904596328735
50,62,0.041943229734897614
50,63,0.04551830515265465
50,64,0.040138646960258484
50,65,0.0339483805000782
50,66,0.04205168038606644
50,67,0.03788617253303528
50,68,0.039244651794433594
50,69,0.039111435413360596
50,70,0.04658569395542145
50,71,0.03725650906562805
50,72,0.04353925585746765
50,73,0.03738369420170784
50,74,0.034908268600702286
50,75,0.04101862758398056
50,76,0.04436337575316429
