epoch,step,loss
1,1,1.5465339422225952
1,2,1.4943792819976807
1,3,1.4492063522338867
1,4,1.4145631790161133
1,5,1.3758090734481812
1,6,1.3448259830474854
1,7,1.3261158466339111
1,8,1.3075690269470215
1,9,1.2767966985702515
1,10,1.263770580291748
1,11,1.2370390892028809
1,12,1.2215309143066406
1,13,1.2037394046783447
1,14,1.1884843111038208
1,15,1.167630672454834
1,16,1.1549381017684937
1,17,1.1321330070495605
1,18,1.123343825340271
1,19,1.1088016033172607
1,20,1.096436858177185
1,21,1.0813171863555908
1,22,1.07879638671875
1,23,1.0516958236694336
1,24,1.044285774230957
1,25,1.0377686023712158
1,26,1.0098741054534912
1,27,1.0244574546813965
1,28,1.0023092031478882
1,29,0.9786043167114258
1,30,0.963387131690979
1,31,0.962363600730896
1,32,0.9683452844619751
1,33,0.9421904683113098
1,34,0.9213107824325562
1,35,0.9243535399436951
1,36,0.9022936224937439
1,37,0.8999775648117065
1,38,0.8832614421844482
1,39,0.8875017166137695
1,40,0.8799686431884766
1,41,0.8698495626449585
1,42,0.8578190803527832
1,43,0.8525320887565613
1,44,0.8358915448188782
1,45,0.8344694375991821
1,46,0.838300347328186
1,47,0.8146512508392334
1,48,0.7919071912765503
1,49,0.8214263916015625
1,50,0.7864739894866943
1,51,0.7776179313659668
1,52,0.7782511115074158
1,53,0.7919933199882507
1,54,0.7629803419113159
1,55,0.7605699896812439
1,56,0.7621301412582397
1,57,0.7610914707183838
1,58,0.7443724870681763
1,59,0.74717777967453
1,60,0.7297735214233398
1,61,0.7150529623031616
1,62,0.7194928526878357
1,63,0.7024966478347778
1,64,0.6948928833007812
1,65,0.7006418704986572
1,66,0.6918949484825134
1,67,0.6843669414520264
1,68,0.679477870464325
1,69,0.6822493672370911
1,70,0.6492363810539246
1,71,0.6548368334770203
1,72,0.6447598338127136
1,73,0.6462815999984741
1,74,0.6346402764320374
1,75,0.6171277761459351
1,76,0.6292457580566406
1,77,0.6212903261184692
2,1,0.6208744049072266
2,2,0.6270545125007629
2,3,0.6008185744285583
2,4,0.5993858575820923
2,5,0.5909695625305176
2,6,0.5800253748893738
2,7,0.5837640762329102
2,8,0.574222981929779
2,9,0.5656452775001526
2,10,0.5634967088699341
2,11,0.5623283982276917
2,12,0.5590947270393372
2,13,0.5468148589134216
2,14,0.5368518829345703
2,15,0.5240335464477539
2,16,0.536069929599762
2,17,0.5364054441452026
2,18,0.5240916013717651
2,19,0.5340885519981384
2,20,0.5152879953384399
2,21,0.5208448171615601
2,22,0.5061609745025635
2,23,0.49741506576538086
2,24,0.5154035091400146
2,25,0.49971485137939453
2,26,0.5038116574287415
2,27,0.4874719977378845
2,28,0.49216264486312866
2,29,0.47408896684646606
2,30,0.4863737225532532
2,31,0.4547966718673706
2,32,0.4713194668292999
2,33,0.46835827827453613
2,34,0.46701884269714355
2,35,0.4543147683143616
2,36,0.4517807364463806
2,37,0.4391731023788452
2,38,0.43524879217147827
2,39,0.43953102827072144
2,40,0.4382413625717163
2,41,0.45046961307525635
2,42,0.4340437054634094
2,43,0.4340335428714752
2,44,0.4178784191608429
2,45,0.4257013201713562
2,46,0.4382249116897583
2,47,0.41491860151290894
2,48,0.407584547996521
2,49,0.41335147619247437
2,50,0.4039716124534607
2,51,0.3851258456707001
2,52,0.4027318060398102
2,53,0.38402053713798523
2,54,0.3818742632865906
2,55,0.37887653708457947
2,56,0.37362486124038696
2,57,0.3663313388824463
2,58,0.3727680444717407
2,59,0.37094560265541077
2,60,0.37015166878700256
2,61,0.3709123134613037
2,62,0.3535265326499939
2,63,0.36088234186172485
2,64,0.3472602963447571
2,65,0.35727018117904663
2,66,0.3400220572948456
2,67,0.34696024656295776
2,68,0.3394593894481659
2,69,0.33038753271102905
2,70,0.3329051733016968
2,71,0.3498147130012512
2,72,0.3450769782066345
2,73,0.3230222463607788
2,74,0.3237900733947754
2,75,0.3175334930419922
2,76,0.32164686918258667
3,1,0.30947867035865784
3,2,0.3198464512825012
3,3,0.3169926106929779
3,4,0.31806498765945435
3,5,0.3049749732017517
3,6,0.30363214015960693
3,7,0.2987588942050934
3,8,0.2943512201309204
3,9,0.2981465458869934
3,10,0.29706519842147827
3,11,0.2996860146522522
3,12,0.2910338044166565
3,13,0.29989463090896606
3,14,0.3024943172931671
3,15,0.28580790758132935
3,16,0.2947731018066406
3,17,0.2759113907814026
3,18,0.264642596244812
3,19,0.2683051824569702
3,20,0.2832520306110382
3,21,0.25568681955337524
3,22,0.26589512825012207
3,23,0.2870003581047058
3,24,0.25120607018470764
3,25,0.27536720037460327
3,26,0.26706239581108093
3,27,0.2498147040605545
3,28,0.25919806957244873
3,29,0.2560017704963684
3,30,0.2502146363258362
3,31,0.24276359379291534
3,32,0.2555503249168396
3,33,0.2517700791358948
3,34,0.2582656741142273
3,35,0.24420233070850372
3,36,0.2442106008529663
3,37,0.24162817001342773
3,38,0.25756460428237915
3,39,0.23576050996780396
3,40,0.25785428285598755
3,41,0.22513112425804138
3,42,0.234523206949234
3,43,0.2363157570362091
3,44,0.2395627647638321
3,45,0.23293939232826233
3,46,0.23388202488422394
3,47,0.25200143456459045
3,48,0.21581487357616425
3,49,0.22322812676429749
3,50,0.2200980931520462
3,51,0.22030408680438995
3,52,0.21996888518333435
3,53,0.22322797775268555
3,54,0.21866439282894135
3,55,0.22994452714920044
3,56,0.2232753038406372
3,57,0.2083093672990799
3,58,0.2216740846633911
3,59,0.2077382653951645
3,60,0.22883498668670654
3,61,0.21641194820404053
3,62,0.21080529689788818
3,63,0.20716339349746704
3,64,0.20317396521568298
3,65,0.20246127247810364
3,66,0.20820997655391693
3,67,0.19620105624198914
3,68,0.1962468922138214
3,69,0.20721623301506042
3,70,0.2116844356060028
3,71,0.20382201671600342
3,72,0.193348228931427
3,73,0.1836867779493332
3,74,0.20412424206733704
3,75,0.19494812190532684
3,76,0.20036229491233826
4,1,0.19849473237991333
4,2,0.1829325258731842
4,3,0.19409683346748352
4,4,0.19901108741760254
4,5,0.20016220211982727
4,6,0.18208397924900055
4,7,0.18062083423137665
4,8,0.18466000258922577
4,9,0.17451411485671997
4,10,0.1860947608947754
4,11,0.17107586562633514
4,12,0.18481263518333435
4,13,0.1886082887649536
4,14,0.18607193231582642
4,15,0.16794350743293762
4,16,0.17161825299263
4,17,0.17309537529945374
4,18,0.16711390018463135
4,19,0.16658060252666473
4,20,0.1854642629623413
4,21,0.1609954535961151
4,22,0.17184188961982727
4,23,0.1730394810438156
4,24,0.1751585602760315
4,25,0.16459324955940247
4,26,0.1649896502494812
4,27,0.17111897468566895
4,28,0.16706760227680206
4,29,0.19445304572582245
4,30,0.17275847494602203
4,31,0.1620703637599945
4,32,0.19096025824546814
4,33,0.17860138416290283
4,34,0.16426357626914978
4,35,0.1740124225616455
4,36,0.1656855046749115
4,37,0.16088734567165375
4,38,0.1638142466545105
4,39,0.16903439164161682
4,40,0.1801990121603012
4,41,0.16383050382137299
4,42,0.16198819875717163
4,43,0.15904155373573303
4,44,0.18218517303466797
4,45,0.17218869924545288
4,46,0.17578494548797607
4,47,0.16127005219459534
4,48,0.16554458439350128
4,49,0.1637684851884842
4,50,0.18499810993671417
4,51,0.16685685515403748
4,52,0.15249373018741608
4,53,0.16259148716926575
4,54,0.1558789610862732
4,55,0.16074305772781372
4,56,0.15932625532150269
4,57,0.175531268119812
4,58,0.158250093460083
4,59,0.16010767221450806
4,60,0.15202315151691437
4,61,0.163885697722435
4,62,0.15273821353912354
4,63,0.1476525068283081
4,64,0.15309423208236694
4,65,0.15772563219070435
4,66,0.17369699478149414
4,67,0.17799173295497894
4,68,0.15741316974163055
4,69,0.16291221976280212
4,70,0.14783379435539246
4,71,0.18021619319915771
4,72,0.15840677917003632
4,73,0.15269142389297485
4,74,0.14587567746639252
4,75,0.1567392796278
4,76,0.14992019534111023
5,1,0.16397184133529663
5,2,0.15656325221061707
5,3,0.16059017181396484
5,4,0.13984477519989014
5,5,0.14793097972869873
5,6,0.13343840837478638
5,7,0.13820567727088928
5,8,0.13908794522285461
5,9,0.14933420717716217
5,10,0.13872846961021423
5,11,0.13363812863826752
5,12,0.16042828559875488
5,13,0.1246892660856247
5,14,0.1411442756652832
5,15,0.13058139383792877
5,16,0.15116405487060547
5,17,0.1501385122537613
5,18,0.14744465053081512
5,19,0.11917814612388611
5,20,0.13362832367420197
5,21,0.15067298710346222
5,22,0.13883471488952637
5,23,0.1461598426103592
5,24,0.17382490634918213
5,25,0.16443121433258057
5,26,0.13676084578037262
5,27,0.14108170568943024
5,28,0.1383471041917801
5,29,0.1223929226398468
5,30,0.12906862795352936
5,31,0.14462129771709442
5,32,0.12200217694044113
5,33,0.12693950533866882
5,34,0.1512831449508667
5,35,0.13666591048240662
5,36,0.13676702976226807
5,37,0.11996357887983322
5,38,0.16409814357757568
5,39,0.1502896100282669
5,40,0.1420457661151886
5,41,0.13289782404899597
5,42,0.14217491447925568
5,43,0.12435004860162735
5,44,0.12965825200080872
5,45,0.12738901376724243
5,46,0.13780130445957184
5,47,0.1309823989868164
5,48,0.13747581839561462
5,49,0.13170839846134186
5,50,0.12685194611549377
5,51,0.13332891464233398
5,52,0.1401500403881073
5,53,0.12809190154075623
5,54,0.1404905617237091
5,55,0.12099556624889374
5,56,0.14769023656845093
5,57,0.13217753171920776
5,58,0.12610530853271484
5,59,0.1276947557926178
5,60,0.13454464077949524
5,61,0.12166637182235718
5,62,0.1292351633310318
5,63,0.12707285583019257
5,64,0.12365850806236267
5,65,0.12599124014377594
5,66,0.12104161083698273
5,67,0.11017054319381714
5,68,0.12258923053741455
5,69,0.13440555334091187
5,70,0.11938364803791046
5,71,0.1203794777393341
5,72,0.12284578382968903
5,73,0.10968446731567383
5,74,0.1168970987200737
5,75,0.13495245575904846
5,76,0.1209678053855896
6,1,0.12265963852405548
6,2,0.122915118932724
6,3,0.10852718353271484
6,4,0.12279364466667175
6,5,0.10834738612174988
6,6,0.11619669944047928
6,7,0.1142011433839798
6,8,0.11243961751461029
6,9,0.114164337515831
6,10,0.10628300905227661
6,11,0.12019455432891846
6,12,0.10060800611972809
6,13,0.12416281551122665
6,14,0.10684651136398315
6,15,0.11677524447441101
6,16,0.11543974280357361
6,17,0.12221954762935638
6,18,0.11291372776031494
6,19,0.10863509029150009
6,20,0.10685397684574127
6,21,0.1269507259130478
6,22,0.11292536556720734
6,23,0.11922457814216614
6,24,0.11612224578857422
6,25,0.10118205845355988
6,26,0.1173451840877533
6,27,0.11079685389995575
6,28,0.11294890940189362
6,29,0.10081222653388977
6,30,0.11433760076761246
6,31,0.12949582934379578
6,32,0.10386861860752106
6,33,0.11986956745386124
6,34,0.10658621042966843
6,35,0.10825123637914658
6,36,0.1115233302116394
6,37,0.111680768430233
6,38,0.10259581357240677
6,39,0.10736371576786041
6,40,0.12870937585830688
6,41,0.11940434575080872
6,42,0.10454665124416351
6,43,0.12023310363292694
6,44,0.10783562809228897
6,45,0.13233260810375214
6,46,0.13193583488464355
6,47,0.10691212117671967
6,48,0.12080274522304535
6,49,0.12781378626823425
6,50,0.11969684809446335
6,51,0.09942477941513062
6,52,0.10994143784046173
6,53,0.12042728811502457
6,54,0.1204879954457283
6,55,0.11058153212070465
6,56,0.1242523118853569
6,57,0.12271715700626373
6,58,0.11641263961791992
6,59,0.12424198538064957
6,60,0.11592668294906616
6,61,0.12296659499406815
6,62,0.11592212319374084
6,63,0.1033768504858017
6,64,0.12072740495204926
6,65,0.11901654303073883
6,66,0.138912633061409
6,67,0.11515408009290695
6,68,0.11948594450950623
6,69,0.1139880120754242
6,70,0.1129811704158783
6,71,0.10972292721271515
6,72,0.10990838706493378
6,73,0.1001960039138794
6,74,0.09711606800556183
6,75,0.11489825695753098
6,76,0.12490563839673996
7,1,0.09493210166692734
7,2,0.10753102600574493
7,3,0.11607451736927032
7,4,0.10753951966762543
7,5,0.09150280058383942
7,6,0.09657652676105499
7,7,0.10549355298280716
7,8,0.08910037577152252
7,9,0.11937512457370758
7,10,0.10289208590984344
7,11,0.1050301343202591
7,12,0.10466449707746506
7,13,0.10553666949272156
7,14,0.09853188693523407
7,15,0.09280455857515335
7,16,0.09358670562505722
7,17,0.10231175273656845
7,18,0.09901490807533264
7,19,0.10091405361890793
7,20,0.10785285383462906
7,21,0.10306310653686523
7,22,0.10531803965568542
7,23,0.10315925627946854
7,24,0.09588943421840668
7,25,0.09075431525707245
7,26,0.11297592520713806
7,27,0.1213202029466629
7,28,0.11466126888990402
7,29,0.10922856628894806
7,30,0.10832220315933228
7,31,0.1105223000049591
7,32,0.09996791183948517
7,33,0.10573262721300125
7,34,0.10642091929912567
7,35,0.12773166596889496
7,36,0.10591759532690048
7,37,0.11280518770217896
7,38,0.09844684600830078
7,39,0.09962356090545654
7,40,0.0901627391576767
7,41,0.10237691551446915
7,42,0.1092100441455841
7,43,0.09380894154310226
7,44,0.1042824238538742
7,45,0.09447181224822998
7,46,0.10125822573900223
7,47,0.10479864478111267
7,48,0.09578622877597809
7,49,0.10177047550678253
7,50,0.09916402399539948
7,51,0.10163775086402893
7,52,0.1054113581776619
7,53,0.10188168287277222
7,54,0.09396679699420929
7,55,0.10581456869840622
7,56,0.0932912677526474
7,57,0.10255651921033859
7,58,0.08835022151470184
7,59,0.11362776160240173
7,60,0.09153234958648682
7,61,0.09349111467599869
7,62,0.09842470288276672
7,63,0.11589185148477554
7,64,0.09888508915901184
7,65,0.09661568701267242
7,66,0.09356621652841568
7,67,0.1027555763721466
7,68,0.09941118955612183
7,69,0.10687778890132904
7,70,0.09332722425460815
7,71,0.08396220952272415
7,72,0.10716624557971954
7,73,0.11454808712005615
7,74,0.10952439904212952
7,75,0.09838783740997314
7,76,0.11255529522895813
8,1,0.09602497518062592
8,2,0.0973002091050148
8,3,0.0921991765499115
8,4,0.08648431301116943
8,5,0.0879228338599205
8,6,0.09938448667526245
8,7,0.09793639183044434
8,8,0.09611400961875916
8,9,0.08396410942077637
8,10,0.08859981596469879
8,11,0.10157180577516556
8,12,0.10369957983493805
8,13,0.10116085410118103
8,14,0.09658674895763397
8,15,0.09943369030952454
8,16,0.11709155887365341
8,17,0.10529503971338272
8,18,0.09380794316530228
8,19,0.0910155400633812
8,20,0.08807623386383057
8,21,0.0946221575140953
8,22,0.13364505767822266
8,23,0.1076686680316925
8,24,0.09328924864530563
8,25,0.09362845122814178
8,26,0.10308162868022919
8,27,0.10867434740066528
8,28,0.08974721282720566
8,29,0.08797593414783478
8,30,0.08763712644577026
8,31,0.10901769250631332
8,32,0.09218958020210266
8,33,0.09008119255304337
8,34,0.09080380946397781
8,35,0.09671911597251892
8,36,0.1012360155582428
8,37,0.09121128916740417
8,38,0.08032750338315964
8,39,0.0829811543226242
8,40,0.09797601401805878
8,41,0.0986691266298294
8,42,0.08110060542821884
8,43,0.08882731199264526
8,44,0.0948813185095787
8,45,0.08677651733160019
8,46,0.09222717583179474
8,47,0.08765716105699539
8,48,0.11383204162120819
8,49,0.08926460891962051
8,50,0.11254081130027771
8,51,0.09020355343818665
8,52,0.11503312736749649
8,53,0.08565718680620193
8,54,0.09640553593635559
8,55,0.08585863560438156
8,56,0.09712868928909302
8,57,0.08517536520957947
8,58,0.0811094120144844
8,59,0.09317458420991898
8,60,0.08457494527101517
8,61,0.07981426268815994
8,62,0.08234617114067078
8,63,0.12077271193265915
8,64,0.09880416095256805
8,65,0.10072287917137146
8,66,0.0923110842704773
8,67,0.09399322420358658
8,68,0.0781097412109375
8,69,0.09186070412397385
8,70,0.07964111864566803
8,71,0.09044559299945831
8,72,0.0983489453792572
8,73,0.0935581773519516
8,74,0.10165540874004364
8,75,0.09110932052135468
8,76,0.08228625357151031
9,1,0.08850343525409698
9,2,0.08632689714431763
9,3,0.08943680673837662
9,4,0.09080906957387924
9,5,0.08099960535764694
9,6,0.09430983662605286
9,7,0.08799973130226135
9,8,0.10937660187482834
9,9,0.08469338715076447
9,10,0.09503595530986786
9,11,0.0894971638917923
9,12,0.08159802109003067
9,13,0.08334615081548691
9,14,0.07892662286758423
9,15,0.07985994964838028
9,16,0.08743959665298462
9,17,0.08157270401716232
9,18,0.09028955549001694
9,19,0.09583377093076706
9,20,0.09163510799407959
9,21,0.08104392886161804
9,22,0.08084918558597565
9,23,0.08420184999704361
9,24,0.09438885748386383
9,25,0.08113836497068405
9,26,0.08961065858602524
9,27,0.09555517137050629
9,28,0.08303476125001907
9,29,0.07185375690460205
9,30,0.07935035973787308
9,31,0.08280245959758759
9,32,0.08637486398220062
9,33,0.08092106133699417
9,34,0.09814035892486572
9,35,0.0872826874256134
9,36,0.09472589194774628
9,37,0.10044371336698532
9,38,0.08907196670770645
9,39,0.09477242082357407
9,40,0.08523611724376678
9,41,0.09365597367286682
9,42,0.08994364738464355
9,43,0.15378309786319733
9,44,0.09242302179336548
9,45,0.09046144038438797
9,46,0.09925267100334167
9,47,0.08302820473909378
9,48,0.08220850676298141
9,49,0.10516875982284546
9,50,0.09119153022766113
9,51,0.08820462226867676
9,52,0.09242288768291473
9,53,0.09086928516626358
9,54,0.07946931570768356
9,55,0.07944066822528839
9,56,0.08789798617362976
9,57,0.09175275266170502
9,58,0.08677059412002563
9,59,0.07702472805976868
9,60,0.08020512014627457
9,61,0.07668565213680267
9,62,0.1001303493976593
9,63,0.08285599201917648
9,64,0.06995275616645813
9,65,0.09335141628980637
9,66,0.08745463937520981
9,67,0.10262279212474823
9,68,0.08760590106248856
9,69,0.09343959391117096
9,70,0.076531320810318
9,71,0.08327287435531616
9,72,0.08590163290500641
9,73,0.1097765564918518
9,74,0.09758647531270981
9,75,0.09239252656698227
9,76,0.09247837960720062
10,1,0.09033375978469849
10,2,0.07484664767980576
10,3,0.09996943175792694
10,4,0.07464735209941864
10,5,0.07708895951509476
10,6,0.07045228779315948
10,7,0.08917789161205292
10,8,0.10029769688844681
10,9,0.07598035037517548
10,10,0.08553827553987503
10,11,0.08959321677684784
10,12,0.09341554343700409
10,13,0.07959980517625809
10,14,0.08165097236633301
10,15,0.09746529161930084
10,16,0.07727007567882538
10,17,0.09894264489412308
10,18,0.11329711973667145
10,19,0.08007656037807465
10,20,0.08995465934276581
10,21,0.08875422179698944
10,22,0.09639358520507812
10,23,0.08192858099937439
10,24,0.08480460196733475
10,25,0.08657389879226685
10,26,0.08037067949771881
10,27,0.07935894280672073
10,28,0.09334315359592438
10,29,0.07769148051738739
10,30,0.07703890651464462
10,31,0.07151566445827484
10,32,0.07684710621833801
10,33,0.07454940676689148
10,34,0.07571053504943848
10,35,0.07590658962726593
10,36,0.08472024649381638
10,37,0.07565076649188995
10,38,0.08665745705366135
10,39,0.07772906124591827
10,40,0.08819931745529175
10,41,0.09433074295520782
10,42,0.07723584026098251
10,43,0.09147369116544724
10,44,0.07433267682790756
10,45,0.07812629640102386
10,46,0.08913111686706543
10,47,0.08066985756158829
10,48,0.0733528882265091
10,49,0.07023736834526062
10,50,0.07614022493362427
10,51,0.07468383014202118
10,52,0.08083215355873108
10,53,0.0785081535577774
10,54,0.08347851037979126
10,55,0.0779973492026329
10,56,0.08773690462112427
10,57,0.08970464766025543
10,58,0.07516726106405258
10,59,0.08032263815402985
10,60,0.08509212732315063
10,61,0.08835655450820923
10,62,0.078860342502594
10,63,0.07443159818649292
10,64,0.07739979773759842
10,65,0.07692794501781464
10,66,0.07924311608076096
10,67,0.08758214116096497
10,68,0.06784318387508392
10,69,0.08055219054222107
10,70,0.08547343313694
10,71,0.07349496334791183
10,72,0.09579929709434509
10,73,0.07160705327987671
10,74,0.07460510730743408
10,75,0.08377491682767868
10,76,0.07353390008211136
11,1,0.09114167094230652
11,2,0.08493600785732269
11,3,0.09009766578674316
11,4,0.08543312549591064
11,5,0.08270145952701569
11,6,0.06806425750255585
11,7,0.09158872067928314
11,8,0.0700005441904068
11,9,0.07410794496536255
11,10,0.07841691374778748
11,11,0.07651753723621368
11,12,0.09306477010250092
11,13,0.08828006684780121
11,14,0.07819001376628876
11,15,0.10352107882499695
11,16,0.10215310752391815
11,17,0.08516692370176315
11,18,0.08761466294527054
11,19,0.08118385076522827
11,20,0.07585199177265167
11,21,0.08217975497245789
11,22,0.10351033508777618
11,23,0.09172199666500092
11,24,0.07859598100185394
11,25,0.08781410753726959
11,26,0.08267027139663696
11,27,0.0830523818731308
11,28,0.07459048181772232
11,29,0.08132518827915192
11,30,0.08405644446611404
11,31,0.08266735821962357
11,32,0.07253307104110718
11,33,0.06812740862369537
11,34,0.06710098683834076
11,35,0.07786647975444794
11,36,0.07978244125843048
11,37,0.08135434985160828
11,38,0.07317426800727844
11,39,0.07762953639030457
11,40,0.06840947270393372
11,41,0.07602880895137787
11,42,0.08727504312992096
11,43,0.06961989402770996
11,44,0.07617035508155823
11,45,0.08733725547790527
11,46,0.0699668824672699
11,47,0.0642913356423378
11,48,0.08587753772735596
11,49,0.08139990270137787
11,50,0.07338287681341171
11,51,0.07751518487930298
11,52,0.07084695994853973
11,53,0.07226620614528656
11,54,0.07388482987880707
11,55,0.07737969607114792
11,56,0.07077444344758987
11,57,0.0792420357465744
11,58,0.0708172470331192
11,59,0.08009445667266846
11,60,0.06959985196590424
11,61,0.0684540867805481
11,62,0.06797283887863159
11,63,0.06936988979578018
11,64,0.0779094249010086
11,65,0.07042834907770157
11,66,0.06929908692836761
11,67,0.08044423907995224
11,68,0.06668378412723541
11,69,0.06630194932222366
11,70,0.07481928169727325
11,71,0.07424721866846085
11,72,0.07812380790710449
11,73,0.08436203747987747
11,74,0.06905756890773773
11,75,0.07084070891141891
11,76,0.07546599209308624
12,1,0.07307781279087067
12,2,0.06362693011760712
12,3,0.07906143367290497
12,4,0.07143576443195343
12,5,0.06397467106580734
12,6,0.08373323082923889
12,7,0.0755031406879425
12,8,0.07331536710262299
12,9,0.07773472368717194
12,10,0.07091209292411804
12,11,0.08202138543128967
12,12,0.08365583419799805
12,13,0.0808497816324234
12,14,0.09701001644134521
12,15,0.08566685020923615
12,16,0.07877698540687561
12,17,0.06934478878974915
12,18,0.08671418577432632
12,19,0.09360145032405853
12,20,0.10010707378387451
12,21,0.07203266024589539
12,22,0.07793104648590088
12,23,0.0729951411485672
12,24,0.0693025141954422
12,25,0.07967129349708557
12,26,0.06647169589996338
12,27,0.0677214115858078
12,28,0.07329657673835754
12,29,0.07185682654380798
12,30,0.07732497155666351
12,31,0.06479382514953613
12,32,0.07253435254096985
12,33,0.07491272687911987
12,34,0.07102186232805252
12,35,0.0723198801279068
12,36,0.09979221224784851
12,37,0.08320630341768265
12,38,0.08054414391517639
12,39,0.06791327148675919
12,40,0.08244980871677399
12,41,0.08605124801397324
12,42,0.08263429999351501
12,43,0.07786711305379868
12,44,0.06597167998552322
12,45,0.08117228001356125
12,46,0.0786886066198349
12,47,0.07156458497047424
12,48,0.06688205897808075
12,49,0.07838422060012817
12,50,0.07282273471355438
12,51,0.08547282218933105
12,52,0.07114057242870331
12,53,0.11169890314340591
12,54,0.07949372380971909
12,55,0.08375795930624008
12,56,0.07912195473909378
12,57,0.07786568254232407
12,58,0.07648462057113647
12,59,0.07462544739246368
12,60,0.0733509361743927
12,61,0.07950501143932343
12,62,0.0708284005522728
12,63,0.08422213792800903
12,64,0.07730039954185486
12,65,0.08973456919193268
12,66,0.08663533627986908
12,67,0.06777036935091019
12,68,0.0717865452170372
12,69,0.07651451230049133
12,70,0.10335695743560791
12,71,0.07130961120128632
12,72,0.0807739794254303
12,73,0.07571893185377121
12,74,0.0813465416431427
12,75,0.07783196866512299
12,76,0.08178011327981949
13,1,0.07457736134529114
13,2,0.08805873245000839
13,3,0.07481381297111511
13,4,0.08301384747028351
13,5,0.08313217014074326
13,6,0.0748174861073494
13,7,0.0687083974480629
13,8,0.06395603716373444
13,9,0.06609198451042175
13,10,0.07387582957744598
13,11,0.07817418873310089
13,12,0.06575731188058853
13,13,0.08026136457920074
13,14,0.08467923104763031
13,15,0.08388840407133102
13,16,0.07440483570098877
13,17,0.0815003514289856
13,18,0.08272591233253479
13,19,0.0697486400604248
13,20,0.06645499169826508
13,21,0.07270322740077972
13,22,0.06756888329982758
13,23,0.09354604780673981
13,24,0.07037770748138428
13,25,0.07867848873138428
13,26,0.06816387921571732
13,27,0.06424574553966522
13,28,0.06974604725837708
13,29,0.07504243403673172
13,30,0.08259895443916321
13,31,0.06359843909740448
13,32,0.06705363839864731
13,33,0.06440860033035278
13,34,0.08738923817873001
13,35,0.08049194514751434
13,36,0.07585706561803818
13,37,0.07671286910772324
13,38,0.07025501132011414
13,39,0.05940863490104675
13,40,0.08203953504562378
13,41,0.08648639917373657
13,42,0.0791558027267456
13,43,0.06160920113325119
13,44,0.06375421583652496
13,45,0.07400920242071152
13,46,0.07784439623355865
13,47,0.06838256120681763
13,48,0.07537859678268433
13,49,0.06479264795780182
13,50,0.08043009042739868
13,51,0.06728130578994751
13,52,0.06618654727935791
13,53,0.07492972910404205
13,54,0.08531387150287628
13,55,0.07302649319171906
13,56,0.06467312574386597
13,57,0.054038506001234055
13,58,0.06624983251094818
13,59,0.06851372122764587
13,60,0.07468613982200623
13,61,0.07114563137292862
13,62,0.06922158598899841
13,63,0.07808157801628113
13,64,0.06314399838447571
13,65,0.06439425051212311
13,66,0.07336743175983429
13,67,0.0643814206123352
13,68,0.06208166852593422
13,69,0.06376189738512039
13,70,0.08553511649370193
13,71,0.06761159002780914
13,72,0.0852474719285965
13,73,0.0848553404211998
13,74,0.07331106811761856
13,75,0.0762983113527298
13,76,0.06339506804943085
14,1,0.061987414956092834
14,2,0.06825479865074158
14,3,0.06678986549377441
14,4,0.06900624930858612
14,5,0.0668020099401474
14,6,0.06651444733142853
14,7,0.07022524625062943
14,8,0.07414080202579498
14,9,0.07013586908578873
14,10,0.0860069990158081
14,11,0.06566089391708374
14,12,0.07400767505168915
14,13,0.05624527484178543
14,14,0.061675719916820526
14,15,0.08361995965242386
14,16,0.06945396959781647
14,17,0.06590957939624786
14,18,0.06521697342395782
14,19,0.06892482936382294
14,20,0.08794143795967102
14,21,0.06606785953044891
14,22,0.07947906851768494
14,23,0.061257075518369675
14,24,0.07069311290979385
14,25,0.0705491155385971
14,26,0.06918112188577652
14,27,0.06779482960700989
14,28,0.06974419951438904
14,29,0.07783007621765137
14,30,0.05983489751815796
14,31,0.055572159588336945
14,32,0.07947363704442978
14,33,0.062475573271512985
14,34,0.06959685683250427
14,35,0.06704344600439072
14,36,0.08629824221134186
14,37,0.07099158316850662
14,38,0.05749904364347458
14,39,0.05851167440414429
14,40,0.06497333943843842
14,41,0.06135804206132889
14,42,0.07308043539524078
14,43,0.0818096250295639
14,44,0.06885448843240738
14,45,0.056372810155153275
14,46,0.06666010618209839
14,47,0.06848904490470886
14,48,0.07575587183237076
14,49,0.07239001244306564
14,50,0.08253373950719833
14,51,0.07354432344436646
14,52,0.06640098243951797
14,53,0.07235191762447357
14,54,0.06376989185810089
14,55,0.07334714382886887
14,56,0.06486184895038605
14,57,0.06033327057957649
14,58,0.06524638831615448
14,59,0.0727907046675682
14,60,0.07423630356788635
14,61,0.07548195868730545
14,62,0.07772036641836166
14,63,0.060826074331998825
14,64,0.07110550999641418
14,65,0.07674026489257812
14,66,0.06287622451782227
14,67,0.0805131047964096
14,68,0.07140333950519562
14,69,0.07859323918819427
14,70,0.07515589147806168
14,71,0.06883873045444489
14,72,0.06925427913665771
14,73,0.06474444270133972
14,74,0.07023701816797256
14,75,0.06727799773216248
14,76,0.07202893495559692
15,1,0.06543328613042831
15,2,0.07880205661058426
15,3,0.0721188336610794
15,4,0.07181990146636963
15,5,0.05551058426499367
15,6,0.06057395786046982
15,7,0.0671011433005333
15,8,0.057655107229948044
15,9,0.06276734918355942
15,10,0.06374023109674454
15,11,0.05595763772726059
15,12,0.06461777538061142
15,13,0.06719274073839188
15,14,0.06904536485671997
15,15,0.07356257736682892
15,16,0.06106440722942352
15,17,0.05659886822104454
15,18,0.0721425786614418
15,19,0.06620391458272934
15,20,0.07168657332658768
15,21,0.06431736797094345
15,22,0.06940026581287384
15,23,0.08017437905073166
15,24,0.06576195359230042
15,25,0.06820669770240784
15,26,0.0673932433128357
15,27,0.08041447401046753
15,28,0.08197391033172607
15,29,0.0668550431728363
15,30,0.07392535358667374
15,31,0.06480802595615387
15,32,0.07166622579097748
15,33,0.06699711084365845
15,34,0.07727084308862686
15,35,0.06261800974607468
15,36,0.07715412974357605
15,37,0.06534472852945328
15,38,0.07620806992053986
15,39,0.07073158025741577
15,40,0.05981382727622986
15,41,0.06259915232658386
15,42,0.06285823881626129
15,43,0.06640065461397171
15,44,0.058165423572063446
15,45,0.06774599105119705
15,46,0.06832662969827652
15,47,0.07172399014234543
15,48,0.0735749751329422
15,49,0.06966650485992432
15,50,0.06600804626941681
15,51,0.06361536681652069
15,52,0.07017064094543457
15,53,0.06239044666290283
15,54,0.07044702768325806
15,55,0.07686558365821838
15,56,0.06826658546924591
15,57,0.06457586586475372
15,58,0.06951362639665604
15,59,0.07439927756786346
15,60,0.060115791857242584
15,61,0.05721398442983627
15,62,0.08183413743972778
15,63,0.06515200436115265
15,64,0.06545862555503845
15,65,0.07073661684989929
15,66,0.06109245866537094
15,67,0.05841369554400444
15,68,0.06262041628360748
15,69,0.07936686277389526
15,70,0.05940373241901398
15,71,0.06412482261657715
15,72,0.05969228222966194
15,73,0.06903047114610672
15,74,0.0707571804523468
15,75,0.06695464253425598
15,76,0.09917016327381134
16,1,0.07185477018356323
16,2,0.0590544193983078
16,3,0.0646120235323906
16,4,0.0713065043091774
16,5,0.06353951245546341
16,6,0.06537698954343796
16,7,0.0743999034166336
16,8,0.057865776121616364
16,9,0.0683107003569603
16,10,0.06556907296180725
16,11,0.06862092018127441
16,12,0.056490831077098846
16,13,0.06443046778440475
16,14,0.06613360345363617
16,15,0.05935084819793701
16,16,0.0755622386932373
16,17,0.06803582608699799
16,18,0.08554476499557495
16,19,0.06649352610111237
16,20,0.0769970491528511
16,21,0.07025492191314697
16,22,0.06163381412625313
16,23,0.07101272791624069
16,24,0.06363796442747116
16,25,0.06484013795852661
16,26,0.07242609560489655
16,27,0.0748014822602272
16,28,0.05989665538072586
16,29,0.06669588387012482
16,30,0.06535228341817856
16,31,0.08081600815057755
16,32,0.06881622970104218
16,33,0.06879550963640213
16,34,0.06067035347223282
16,35,0.06871911138296127
16,36,0.05762031674385071
16,37,0.0646093487739563
16,38,0.069146066904068
16,39,0.0742073655128479
16,40,0.07992345094680786
16,41,0.0725838840007782
16,42,0.059948112815618515
16,43,0.060029108077287674
16,44,0.06714492291212082
16,45,0.07003317773342133
16,46,0.08431216329336166
16,47,0.06700105965137482
16,48,0.0740593671798706
16,49,0.07518862187862396
16,50,0.05978035926818848
16,51,0.06492510437965393
16,52,0.08019044995307922
16,53,0.07627202570438385
16,54,0.05865997448563576
16,55,0.06908866763114929
16,56,0.08376865088939667
16,57,0.06335017085075378
16,58,0.07220473885536194
16,59,0.062360942363739014
16,60,0.06476835906505585
16,61,0.09121052175760269
16,62,0.05935268476605415
16,63,0.06702898442745209
16,64,0.08476519584655762
16,65,0.07754054665565491
16,66,0.08626578748226166
16,67,0.0697781890630722
16,68,0.06807611882686615
16,69,0.059155918657779694
16,70,0.06451539695262909
16,71,0.06992311030626297
16,72,0.07735101878643036
16,73,0.07321067154407501
16,74,0.06886713206768036
16,75,0.06809510290622711
16,76,0.0651981383562088
17,1,0.06367307156324387
17,2,0.07446839660406113
17,3,0.07268549501895905
17,4,0.06836317479610443
17,5,0.05904386192560196
17,6,0.06437736749649048
17,7,0.07161669433116913
17,8,0.07102078199386597
17,9,0.05859772115945816
17,10,0.062116220593452454
17,11,0.08205924928188324
17,12,0.06946238875389099
17,13,0.06693615764379501
17,14,0.05843634158372879
17,15,0.08513130247592926
17,16,0.05478169769048691
17,17,0.0794970691204071
17,18,0.07305798679590225
17,19,0.07344686985015869
17,20,0.07178979367017746
17,21,0.07346908003091812
17,22,0.06091086566448212
17,23,0.060724396258592606
17,24,0.060238271951675415
17,25,0.06781072914600372
17,26,0.06295125186443329
17,27,0.0640396699309349
17,28,0.0635770857334137
17,29,0.06618509441614151
17,30,0.05836611986160278
17,31,0.09631126374006271
17,32,0.07778140902519226
17,33,0.0642029345035553
17,34,0.07528389245271683
17,35,0.06752920150756836
17,36,0.07418814301490784
17,37,0.06492717564105988
17,38,0.06200448423624039
17,39,0.06222693622112274
17,40,0.058733001351356506
17,41,0.06855947524309158
17,42,0.07480847835540771
17,43,0.0645490363240242
17,44,0.05949188023805618
17,45,0.05697100609540939
17,46,0.0910101979970932
17,47,0.06363346427679062
17,48,0.06168133765459061
17,49,0.07067213952541351
17,50,0.07337836176156998
17,51,0.07176725566387177
17,52,0.061924323439598083
17,53,0.08091789484024048
17,54,0.08335307985544205
17,55,0.06568203121423721
17,56,0.06324833631515503
17,57,0.0665346086025238
17,58,0.06190148741006851
17,59,0.06672291457653046
17,60,0.08041419088840485
17,61,0.06570478528738022
17,62,0.06356104463338852
17,63,0.05557040497660637
17,64,0.05580395832657814
17,65,0.06741287559270859
17,66,0.06739762425422668
17,67,0.06080206483602524
17,68,0.059835754334926605
17,69,0.07441911101341248
17,70,0.05898686870932579
17,71,0.0613638237118721
17,72,0.06360279023647308
17,73,0.05183566361665726
17,74,0.05163738876581192
17,75,0.06495721638202667
17,76,0.06238842383027077
18,1,0.0614011213183403
18,2,0.05908399447798729
18,3,0.05883052200078964
18,4,0.06462401151657104
18,5,0.05925638973712921
18,6,0.06654602289199829
18,7,0.059401798993349075
18,8,0.07402942329645157
18,9,0.057617709040641785
18,10,0.0556497797369957
18,11,0.059379417449235916
18,12,0.06022350490093231
18,13,0.07898585498332977
18,14,0.0638490840792656
18,15,0.05838643014431
18,16,0.05694776400923729
18,17,0.06408078968524933
18,18,0.06518028676509857
18,19,0.0566713809967041
18,20,0.06909919530153275
18,21,0.06473898887634277
18,22,0.06300832331180573
18,23,0.07555805891752243
18,24,0.05695497244596481
18,25,0.06056184321641922
18,26,0.062084101140499115
18,27,0.0583316944539547
18,28,0.07070519030094147
18,29,0.054622113704681396
18,30,0.059972334653139114
18,31,0.06634119153022766
18,32,0.06454485654830933
18,33,0.05854766443371773
18,34,0.0577288493514061
18,35,0.055395156145095825
18,36,0.05778154730796814
18,37,0.06716952472925186
18,38,0.06253589689731598
18,39,0.05433899536728859
18,40,0.05473829805850983
18,41,0.0596318319439888
18,42,0.05845513567328453
18,43,0.054594360291957855
18,44,0.05707132816314697
18,45,0.05225449055433273
18,46,0.06132125481963158
18,47,0.05855625867843628
18,48,0.04809103161096573
18,49,0.06743063032627106
18,50,0.06122004613280296
18,51,0.057855863124132156
18,52,0.06356842815876007
18,53,0.06133992224931717
18,54,0.06303494423627853
18,55,0.06702218949794769
18,56,0.05452198162674904
18,57,0.06496962904930115
18,58,0.0737549364566803
18,59,0.06551077961921692
18,60,0.07639001309871674
18,61,0.06840959191322327
18,62,0.06458887457847595
18,63,0.07444249093532562
18,64,0.05426589027047157
18,65,0.055742211639881134
18,66,0.06546355783939362
18,67,0.06457707285881042
18,68,0.06267952919006348
18,69,0.06006236374378204
18,70,0.06399385631084442
18,71,0.05753067508339882
18,72,0.06683877855539322
18,73,0.06565976142883301
18,74,0.05875451862812042
18,75,0.06511184573173523
18,76,0.062014855444431305
19,1,0.06274715065956116
19,2,0.055265024304389954
19,3,0.06461659073829651
19,4,0.062139272689819336
19,5,0.059996768832206726
19,6,0.05071065574884415
19,7,0.07720664143562317
19,8,0.05788469314575195
19,9,0.059194497764110565
19,10,0.05798592418432236
19,11,0.0570785291492939
19,12,0.05358855426311493
19,13,0.060617998242378235
19,14,0.0560549721121788
19,15,0.08778046816587448
19,16,0.05156063288450241
19,17,0.05624348297715187
19,18,0.06102227419614792
19,19,0.05895020067691803
19,20,0.06660874933004379
19,21,0.05943034961819649
19,22,0.055061452090740204
19,23,0.060639653354883194
19,24,0.059665121138095856
19,25,0.05985811725258827
19,26,0.060284052044153214
19,27,0.0719616562128067
19,28,0.069489024579525
19,29,0.077553391456604
19,30,0.0699329525232315
19,31,0.06794987618923187
19,32,0.07317426055669785
19,33,0.05545050650835037
19,34,0.06101253256201744
19,35,0.06538941711187363
19,36,0.06424371898174286
19,37,0.06283842027187347
19,38,0.06578133255243301
19,39,0.06809190660715103
19,40,0.06005838140845299
19,41,0.061874572187662125
19,42,0.06648106873035431
19,43,0.06417252868413925
19,44,0.06273329257965088
19,45,0.062350161373615265
19,46,0.06196253001689911
19,47,0.05487566441297531
19,48,0.06040271371603012
19,49,0.061380039900541306
19,50,0.07877257466316223
19,51,0.05643425136804581
19,52,0.05781260132789612
19,53,0.06068047881126404
19,54,0.05374995619058609
19,55,0.06829750537872314
19,56,0.061934053897857666
19,57,0.05399490147829056
19,58,0.06088569015264511
19,59,0.06339741498231888
19,60,0.06639364361763
19,61,0.0687880590558052
19,62,0.050234973430633545
19,63,0.05451379716396332
19,64,0.056784145534038544
19,65,0.06271503865718842
19,66,0.049889203161001205
19,67,0.05514761805534363
19,68,0.07956790924072266
19,69,0.06100842356681824
19,70,0.07318730652332306
19,71,0.05956675857305527
19,72,0.05926872044801712
19,73,0.06070772558450699
19,74,0.06653676927089691
19,75,0.06537826359272003
19,76,0.05479820817708969
20,1,0.06568577885627747
20,2,0.06411480903625488
20,3,0.06197541207075119
20,4,0.054621174931526184
20,5,0.06327646970748901
20,6,0.06568409502506256
20,7,0.05798492580652237
20,8,0.06139456853270531
20,9,0.07850386202335358
20,10,0.0584915354847908
20,11,0.05548373609781265
20,12,0.051255859434604645
20,13,0.0632079541683197
20,14,0.06812062859535217
20,15,0.06318026781082153
20,16,0.06380986422300339
20,17,0.0722566545009613
20,18,0.058954283595085144
20,19,0.06375071406364441
20,20,0.05763651430606842
20,21,0.06666882336139679
20,22,0.06175674498081207
20,23,0.05996888875961304
20,24,0.07213462144136429
20,25,0.06512410938739777
20,26,0.06048250198364258
20,27,0.06477117538452148
20,28,0.05948999524116516
20,29,0.04777681455016136
20,30,0.05258937180042267
20,31,0.06463363766670227
20,32,0.06429234147071838
20,33,0.05785008892416954
20,34,0.05551127344369888
20,35,0.0639694556593895
20,36,0.0509021133184433
20,37,0.05301913991570473
20,38,0.058594197034835815
20,39,0.06417766958475113
20,40,0.06358695030212402
20,41,0.05125288665294647
20,42,0.05813708156347275
20,43,0.0584932379424572
20,44,0.058983225375413895
20,45,0.08485990017652512
20,46,0.05423741787672043
20,47,0.05223080515861511
20,48,0.061302147805690765
20,49,0.06421158462762833
20,50,0.08516187965869904
20,51,0.0562388077378273
20,52,0.060906849801540375
20,53,0.05032104253768921
20,54,0.06357036530971527
20,55,0.060705091804265976
20,56,0.06302165985107422
20,57,0.057665061205625534
20,58,0.06796567142009735
20,59,0.055405911058187485
20,60,0.07394365966320038
20,61,0.061312347650527954
20,62,0.057708028703927994
20,63,0.058360591530799866
20,64,0.0782209038734436
20,65,0.06329700350761414
20,66,0.06312491744756699
20,67,0.0595393180847168
20,68,0.05503265559673309
20,69,0.06960741430521011
20,70,0.06660418212413788
20,71,0.05303644761443138
20,72,0.06955617666244507
20,73,0.05440618097782135
20,74,0.05445057898759842
20,75,0.06385946273803711
20,76,0.07106135785579681
21,1,0.06918853521347046
21,2,0.05582498759031296
21,3,0.056638628244400024
21,4,0.056840650737285614
21,5,0.05785191431641579
21,6,0.05726676434278488
21,7,0.05135703459382057
21,8,0.06462504714727402
21,9,0.052390098571777344
21,10,0.05268405005335808
21,11,0.06355136632919312
21,12,0.05965845286846161
21,13,0.05204084888100624
21,14,0.06932328641414642
21,15,0.057118721306324005
21,16,0.05915680155158043
21,17,0.06733721494674683
21,18,0.05940014123916626
21,19,0.061353087425231934
21,20,0.06498390436172485
21,21,0.06446899473667145
21,22,0.052128732204437256
21,23,0.05435759574174881
21,24,0.06437166035175323
21,25,0.06517438590526581
21,26,0.06291107833385468
21,27,0.054756566882133484
21,28,0.06650543957948685
21,29,0.05681264400482178
21,30,0.06163586676120758
21,31,0.060447778552770615
21,32,0.06060362607240677
21,33,0.05836305022239685
21,34,0.054342176765203476
21,35,0.05640378221869469
21,36,0.04435832053422928
21,37,0.05562463775277138
21,38,0.058663710951805115
21,39,0.05555293709039688
21,40,0.0487501323223114
21,41,0.06387543678283691
21,42,0.0526387020945549
21,43,0.06117797642946243
21,44,0.055517226457595825
21,45,0.0527355894446373
21,46,0.06383311003446579
21,47,0.04283294826745987
21,48,0.05312792956829071
21,49,0.04733990132808685
21,50,0.06355191767215729
21,51,0.05152280628681183
21,52,0.05314456671476364
21,53,0.05714701861143112
21,54,0.0729273110628128
21,55,0.0648624449968338
21,56,0.06364713609218597
21,57,0.06199908256530762
21,58,0.05817917361855507
21,59,0.05094683915376663
21,60,0.05610626935958862
21,61,0.05717350170016289
21,62,0.05265180766582489
21,63,0.04796919226646423
21,64,0.055034130811691284
21,65,0.05491773784160614
21,66,0.053534381091594696
21,67,0.05144432187080383
21,68,0.05287856608629227
21,69,0.0532999187707901
21,70,0.05723069608211517
21,71,0.05537407100200653
21,72,0.05577145144343376
21,73,0.058270812034606934
21,74,0.06431183218955994
21,75,0.04628565534949303
21,76,0.06033419817686081
22,1,0.05422192066907883
22,2,0.05193577706813812
22,3,0.0585983544588089
22,4,0.05106907710433006
22,5,0.054319657385349274
22,6,0.05665241926908493
22,7,0.05345505475997925
22,8,0.061950236558914185
22,9,0.05172884836792946
22,10,0.04861188679933548
22,11,0.0739576518535614
22,12,0.054144054651260376
22,13,0.051615022122859955
22,14,0.053228579461574554
22,15,0.052653729915618896
22,16,0.07197393476963043
22,17,0.07036370038986206
22,18,0.05579671636223793
22,19,0.045873697847127914
22,20,0.05511712655425072
22,21,0.049082182347774506
22,22,0.05692360922694206
22,23,0.05099398270249367
22,24,0.06086152791976929
22,25,0.05270421504974365
22,26,0.058678001165390015
22,27,0.05858824402093887
22,28,0.05876174196600914
22,29,0.05021054297685623
22,30,0.052059222012758255
22,31,0.05974460020661354
22,32,0.057967446744441986
22,33,0.045935049653053284
22,34,0.05790425464510918
22,35,0.06467118859291077
22,36,0.05648968741297722
22,37,0.05828648805618286
22,38,0.05882324278354645
22,39,0.055362261831760406
22,40,0.059673890471458435
22,41,0.058628637343645096
22,42,0.06350738555192947
22,43,0.0478985458612442
22,44,0.04681636765599251
22,45,0.0632680207490921
22,46,0.06367960572242737
22,47,0.07235493510961533
22,48,0.05554328113794327
22,49,0.044411398470401764
22,50,0.06490504741668701
22,51,0.0586887001991272
22,52,0.055004023015499115
22,53,0.05571231245994568
22,54,0.06598550081253052
22,55,0.04933594539761543
22,56,0.056350961327552795
22,57,0.05774177610874176
22,58,0.05927985906600952
22,59,0.06171177327632904
22,60,0.050497155636548996
22,61,0.06298001110553741
22,62,0.057916466146707535
22,63,0.05633419379591942
22,64,0.05816518887877464
22,65,0.05682734027504921
22,66,0.05297170206904411
22,67,0.053426533937454224
22,68,0.06344537436962128
22,69,0.054430797696113586
22,70,0.0624394565820694
22,71,0.05047629401087761
22,72,0.06344041973352432
22,73,0.06021338701248169
22,74,0.04949730262160301
22,75,0.06396974623203278
22,76,0.07317396998405457
23,1,0.06609229743480682
23,2,0.04962366819381714
23,3,0.0625300481915474
23,4,0.05275449529290199
23,5,0.06245346739888191
23,6,0.05679001659154892
23,7,0.05998963862657547
23,8,0.06503544002771378
23,9,0.05355493351817131
23,10,0.055006012320518494
23,11,0.04945636913180351
23,12,0.06261162459850311
23,13,0.06177689880132675
23,14,0.05287711322307587
23,15,0.05531534180045128
23,16,0.06474076211452484
23,17,0.05388617515563965
23,18,0.059659384191036224
23,19,0.05477137863636017
23,20,0.059000276029109955
23,21,0.058078475296497345
23,22,0.05270287021994591
23,23,0.05622057616710663
23,24,0.05704236775636673
23,25,0.06427326053380966
23,26,0.07109709084033966
23,27,0.061899296939373016
23,28,0.06483020633459091
23,29,0.05676066502928734
23,30,0.07208181917667389
23,31,0.05592973157763481
23,32,0.06717422604560852
23,33,0.06576603651046753
23,34,0.053657546639442444
23,35,0.054413169622421265
23,36,0.0681491270661354
23,37,0.06137295439839363
23,38,0.062179334461688995
23,39,0.05611483007669449
23,40,0.05241340398788452
23,41,0.05433518439531326
23,42,0.0629194974899292
23,43,0.06232549995183945
23,44,0.053003765642642975
23,45,0.050840649753808975
23,46,0.05589447170495987
23,47,0.054726261645555496
23,48,0.05734682083129883
23,49,0.06068045645952225
23,50,0.05872257053852081
23,51,0.06050603836774826
23,52,0.07425959408283234
23,53,0.05394453555345535
23,54,0.05271643400192261
23,55,0.058283038437366486
23,56,0.049152325838804245
23,57,0.05595570057630539
23,58,0.05657131224870682
23,59,0.04691207781434059
23,60,0.06846565008163452
23,61,0.07218930125236511
23,62,0.05969627946615219
23,63,0.0648861676454544
23,64,0.052441008388996124
23,65,0.05326422303915024
23,66,0.05490664392709732
23,67,0.06353294849395752
23,68,0.049288131296634674
23,69,0.05816362425684929
23,70,0.06069418415427208
23,71,0.06085917726159096
23,72,0.06067956984043121
23,73,0.06733636558055878
23,74,0.06308282911777496
23,75,0.04997165501117706
23,76,0.05224638432264328
24,1,0.05592341348528862
24,2,0.07027469575405121
24,3,0.052675485610961914
24,4,0.04949558153748512
24,5,0.06070275604724884
24,6,0.04984520375728607
24,7,0.0605611652135849
24,8,0.05775975063443184
24,9,0.056554049253463745
24,10,0.05802604556083679
24,11,0.049686066806316376
24,12,0.05123516172170639
24,13,0.06315279006958008
24,14,0.0572175458073616
24,15,0.05536127835512161
24,16,0.05975139141082764
24,17,0.046517036855220795
24,18,0.05287756770849228
24,19,0.05460309237241745
24,20,0.09312649816274643
24,21,0.05193450301885605
24,22,0.053975462913513184
24,23,0.053776271641254425
24,24,0.05288933217525482
24,25,0.050719004124403
24,26,0.05526860058307648
24,27,0.0498691163957119
24,28,0.0554720014333725
24,29,0.05962072312831879
24,30,0.05336522310972214
24,31,0.055918674916028976
24,32,0.05218753218650818
24,33,0.05319124087691307
24,34,0.05771949142217636
24,35,0.05881888046860695
24,36,0.06612400710582733
24,37,0.057454708963632584
24,38,0.05326139181852341
24,39,0.06115293502807617
24,40,0.055400434881448746
24,41,0.06524598598480225
24,42,0.048119671642780304
24,43,0.05198585242033005
24,44,0.057126160711050034
24,45,0.055618371814489365
24,46,0.05413159728050232
24,47,0.0459727942943573
24,48,0.047970399260520935
24,49,0.05565963685512543
24,50,0.05255357176065445
24,51,0.05883479490876198
24,52,0.06109970808029175
24,53,0.057518504559993744
24,54,0.051113903522491455
24,55,0.07641168683767319
24,56,0.04668404906988144
24,57,0.05110277235507965
24,58,0.06289229542016983
24,59,0.05565723031759262
24,60,0.05555284023284912
24,61,0.061617668718099594
24,62,0.06472210586071014
24,63,0.05424030125141144
24,64,0.054279401898384094
24,65,0.05808570981025696
24,66,0.06533090770244598
24,67,0.06215450167655945
24,68,0.05811181291937828
24,69,0.05162966996431351
24,70,0.0503348745405674
24,71,0.06083739548921585
24,72,0.05596351623535156
24,73,0.0554976612329483
24,74,0.05870281159877777
24,75,0.06581932306289673
24,76,0.06532441079616547
25,1,0.04925437271595001
25,2,0.06638658046722412
25,3,0.05168928951025009
25,4,0.04945742338895798
25,5,0.04748000204563141
25,6,0.07212531566619873
25,7,0.05173569917678833
25,8,0.0503818616271019
25,9,0.06278004497289658
25,10,0.0583125501871109
25,11,0.0526307113468647
25,12,0.05929790437221527
25,13,0.057031698524951935
25,14,0.06118038296699524
25,15,0.05626541003584862
25,16,0.04924978315830231
25,17,0.05128711462020874
25,18,0.05083967000246048
25,19,0.05969497561454773
25,20,0.06141555309295654
25,21,0.05901253968477249
25,22,0.056367576122283936
25,23,0.05673547089099884
25,24,0.05367216467857361
25,25,0.05107118934392929
25,26,0.07201167941093445
25,27,0.05808918923139572
25,28,0.05901489034295082
25,29,0.05444613844156265
25,30,0.054963238537311554
25,31,0.04573346674442291
25,32,0.0634162425994873
25,33,0.05660676211118698
25,34,0.0558701828122139
25,35,0.05015012249350548
25,36,0.04970620572566986
25,37,0.07219082862138748
25,38,0.054665956646203995
25,39,0.055910609662532806
25,40,0.048891544342041016
25,41,0.051859140396118164
25,42,0.052187491208314896
25,43,0.04893074557185173
25,44,0.0463574081659317
25,45,0.057306479662656784
25,46,0.04885057359933853
25,47,0.06898025423288345
25,48,0.06826002895832062
25,49,0.06337647140026093
25,50,0.04964950680732727
25,51,0.06325142830610275
25,52,0.0630967766046524
25,53,0.05332767590880394
25,54,0.059536322951316833
25,55,0.05604231357574463
25,56,0.04972011595964432
25,57,0.05014414340257645
25,58,0.05150171369314194
25,59,0.053083255887031555
25,60,0.054950181394815445
25,61,0.04885716363787651
25,62,0.053786374628543854
25,63,0.06495729833841324
25,64,0.04759671166539192
25,65,0.05856329947710037
25,66,0.060747288167476654
25,67,0.06350592523813248
25,68,0.061519332230091095
25,69,0.06556392461061478
25,70,0.05374930053949356
25,71,0.04914864897727966
25,72,0.0562245175242424
25,73,0.05545617640018463
25,74,0.057221055030822754
25,75,0.058454111218452454
25,76,0.05101854354143143
26,1,0.05872872844338417
26,2,0.05259363353252411
26,3,0.05527897924184799
26,4,0.05621854215860367
26,5,0.05419990420341492
26,6,0.057222940027713776
26,7,0.050592705607414246
26,8,0.05687195062637329
26,9,0.049994152039289474
26,10,0.051169320940971375
26,11,0.0457848496735096
26,12,0.055909521877765656
26,13,0.048607684671878815
26,14,0.04742755740880966
26,15,0.05437605082988739
26,16,0.0549464076757431
26,17,0.05122422054409981
26,18,0.060615502297878265
26,19,0.04881549999117851
26,20,0.04795701801776886
26,21,0.06834696978330612
26,22,0.04467901587486267
26,23,0.05576041340827942
26,24,0.056129053235054016
26,25,0.055552154779434204
26,26,0.050161391496658325
26,27,0.05125350505113602
26,28,0.05358847975730896
26,29,0.050553008913993835
26,30,0.055721014738082886
26,31,0.0509486049413681
26,32,0.06587093323469162
26,33,0.054364971816539764
26,34,0.047491565346717834
26,35,0.05490851774811745
26,36,0.054883260279893875
26,37,0.052136924117803574
26,38,0.05996149405837059
26,39,0.05557024106383324
26,40,0.04616386070847511
26,41,0.050878699868917465
26,42,0.05282260477542877
26,43,0.047897644340991974
26,44,0.057642608880996704
26,45,0.06212248653173447
26,46,0.059935037046670914
26,47,0.054055117070674896
26,48,0.051306091248989105
26,49,0.05086932331323624
26,50,0.051003359258174896
26,51,0.06034041941165924
26,52,0.059952862560749054
26,53,0.044143643230199814
26,54,0.05115006864070892
26,55,0.04587531462311745
26,56,0.05954365432262421
26,57,0.05136113986372948
26,58,0.05499589443206787
26,59,0.06331748515367508
26,60,0.053404733538627625
26,61,0.05247662961483002
26,62,0.05197906494140625
26,63,0.0587935596704483
26,64,0.05008091777563095
26,65,0.05141686648130417
26,66,0.04988592118024826
26,67,0.049303025007247925
26,68,0.05305619537830353
26,69,0.053756892681121826
26,70,0.04468647390604019
26,71,0.05118517205119133
26,72,0.04880543053150177
26,73,0.046758439391851425
26,74,0.06233485788106918
26,75,0.05928901210427284
26,76,0.056439466774463654
27,1,0.053882896900177
27,2,0.048929281532764435
27,3,0.052345409989356995
27,4,0.058763839304447174
27,5,0.05507973954081535
27,6,0.05464735999703407
27,7,0.04442678391933441
27,8,0.04828851297497749
27,9,0.04930781200528145
27,10,0.062088146805763245
27,11,0.05649428814649582
27,12,0.05063660442829132
27,13,0.048294637352228165
27,14,0.04787911847233772
27,15,0.05709536001086235
27,16,0.053095512092113495
27,17,0.05087164416909218
27,18,0.058119360357522964
27,19,0.0525936558842659
27,20,0.05205802619457245
27,21,0.06092606484889984
27,22,0.05440130457282066
27,23,0.047276291996240616
27,24,0.06013842672109604
27,25,0.053607016801834106
27,26,0.054155413061380386
27,27,0.050481777638196945
27,28,0.05145949870347977
27,29,0.04937702417373657
27,30,0.061574093997478485
27,31,0.05947796255350113
27,32,0.05602903664112091
27,33,0.057635437697172165
27,34,0.0506405308842659
27,35,0.049049846827983856
27,36,0.044855959713459015
27,37,0.058983899652957916
27,38,0.055020466446876526
27,39,0.056409552693367004
27,40,0.05115865170955658
27,41,0.0537063330411911
27,42,0.06529976427555084
27,43,0.04703259840607643
27,44,0.05008183792233467
27,45,0.054983627051115036
27,46,0.04400726407766342
27,47,0.05106721073389053
27,48,0.048217229545116425
27,49,0.05951036140322685
27,50,0.057774584740400314
27,51,0.053325287997722626
27,52,0.05160858482122421
27,53,0.047417961061000824
27,54,0.059491321444511414
27,55,0.044944483786821365
27,56,0.06477423757314682
27,57,0.049202244728803635
27,58,0.049892403185367584
27,59,0.05427844077348709
27,60,0.0471394918859005
27,61,0.050669632852077484
27,62,0.04491989687085152
27,63,0.055016010999679565
27,64,0.045888882130384445
27,65,0.04944867640733719
27,66,0.04107658565044403
27,67,0.05179464817047119
27,68,0.05881500989198685
27,69,0.0514163076877594
27,70,0.04648848995566368
27,71,0.050898343324661255
27,72,0.05095381289720535
27,73,0.05115988105535507
27,74,0.05188746377825737
27,75,0.05569145828485489
27,76,0.049661267548799515
28,1,0.04750965163111687
28,2,0.05308115482330322
28,3,0.055872999131679535
28,4,0.06552927941083908
28,5,0.047643281519412994
28,6,0.05496884882450104
28,7,0.05112086981534958
28,8,0.04842166230082512
28,9,0.05390314385294914
28,10,0.04701874405145645
28,11,0.05537678301334381
28,12,0.06053689122200012
28,13,0.05446493625640869
28,14,0.046165913343429565
28,15,0.05145411193370819
28,16,0.04537913203239441
28,17,0.05378425493836403
28,18,0.05556589365005493
28,19,0.045397453010082245
28,20,0.051599759608507156
28,21,0.06868112087249756
28,22,0.05009591579437256
28,23,0.05974777415394783
28,24,0.05953185260295868
28,25,0.04640570655465126
28,26,0.0665721446275711
28,27,0.05289744958281517
28,28,0.05444648116827011
28,29,0.04724036157131195
28,30,0.06709767132997513
28,31,0.05146748572587967
28,32,0.04862145707011223
28,33,0.054756928235292435
28,34,0.050187885761260986
28,35,0.06356245279312134
28,36,0.0546552911400795
28,37,0.05379341542720795
28,38,0.044775933027267456
28,39,0.045046113431453705
28,40,0.04452981427311897
28,41,0.057305097579956055
28,42,0.044064246118068695
28,43,0.04813093692064285
28,44,0.04472585767507553
28,45,0.08175487816333771
28,46,0.052973486483097076
28,47,0.04958748072385788
28,48,0.067807137966156
28,49,0.06944119930267334
28,50,0.042869023978710175
28,51,0.06025160104036331
28,52,0.057819344103336334
28,53,0.055596932768821716
28,54,0.05620473995804787
28,55,0.05126091092824936
28,56,0.04501277953386307
28,57,0.06451844424009323
28,58,0.05785563588142395
28,59,0.054926685988903046
28,60,0.04848123714327812
28,61,0.06470629572868347
28,62,0.05493908375501633
28,63,0.05036642402410507
28,64,0.05055948346853256
28,65,0.054330047219991684
28,66,0.05190131068229675
28,67,0.04903550446033478
28,68,0.05868520215153694
28,69,0.04666639864444733
28,70,0.04506772756576538
28,71,0.04971315339207649
28,72,0.04841543734073639
28,73,0.05124940723180771
28,74,0.05878961831331253
28,75,0.045053184032440186
28,76,0.043554455041885376
29,1,0.047191791236400604
29,2,0.05224231630563736
29,3,0.041854746639728546
29,4,0.058401286602020264
29,5,0.046023063361644745
29,6,0.054817624390125275
29,7,0.04766427353024483
29,8,0.05890968441963196
29,9,0.050397664308547974
29,10,0.04983317106962204
29,11,0.056180693209171295
29,12,0.053468361496925354
29,13,0.045621566474437714
29,14,0.05315704271197319
29,15,0.05442982167005539
29,16,0.05124985799193382
29,17,0.046303801238536835
29,18,0.050631605088710785
29,19,0.05007198452949524
29,20,0.058449581265449524
29,21,0.04528598487377167
29,22,0.045856017619371414
29,23,0.05434050410985947
29,24,0.05562940239906311
29,25,0.058084726333618164
29,26,0.051398806273937225
29,27,0.05360948294401169
29,28,0.04521385580301285
29,29,0.04938142001628876
29,30,0.042959973216056824
29,31,0.04892296344041824
29,32,0.05912485718727112
29,33,0.048931315541267395
29,34,0.0496918186545372
29,35,0.04069714993238449
29,36,0.05152264982461929
29,37,0.053309522569179535
29,38,0.05695490539073944
29,39,0.050890251994132996
29,40,0.048908911645412445
29,41,0.05158624053001404
29,42,0.043823760002851486
29,43,0.07007819414138794
29,44,0.056938447058200836
29,45,0.045893795788288116
29,46,0.050786927342414856
29,47,0.06251730769872665
29,48,0.06861370801925659
29,49,0.0727967917919159
29,50,0.05168968439102173
29,51,0.05217085778713226
29,52,0.05958113074302673
29,53,0.049702875316143036
29,54,0.05597370117902756
29,55,0.05336294323205948
29,56,0.0552527979016304
29,57,0.04315924271941185
29,58,0.05572967603802681
29,59,0.05435331165790558
29,60,0.058364711701869965
29,61,0.05104164779186249
29,62,0.052455052733421326
29,63,0.051880206912755966
29,64,0.04944324493408203
29,65,0.05888901650905609
29,66,0.04873038828372955
29,67,0.04522549360990524
29,68,0.052084676921367645
29,69,0.05199773982167244
29,70,0.0659763514995575
29,71,0.0587213933467865
29,72,0.04703754186630249
29,73,0.05581769719719887
29,74,0.04804844409227371
29,75,0.051459379494190216
29,76,0.05358847230672836
30,1,0.04524802789092064
30,2,0.05206110328435898
30,3,0.0509013757109642
30,4,0.045024573802948
30,5,0.04506056010723114
30,6,0.05832875147461891
30,7,0.04657968133687973
30,8,0.04983893781900406
30,9,0.050558771938085556
30,10,0.05605408549308777
30,11,0.04450742155313492
30,12,0.05191011726856232
30,13,0.05376994237303734
30,14,0.04472414404153824
30,15,0.047862209379673004
30,16,0.05713079124689102
30,17,0.05526270344853401
30,18,0.055455178022384644
30,19,0.05410922318696976
30,20,0.048430249094963074
30,21,0.06130930036306381
30,22,0.0564030259847641
30,23,0.05361609905958176
30,24,0.062393441796302795
30,25,0.05096122995018959
30,26,0.05015967786312103
30,27,0.06260252743959427
30,28,0.0568976104259491
30,29,0.057033561170101166
30,30,0.049132876098155975
30,31,0.051061034202575684
30,32,0.053185876458883286
30,33,0.05927484855055809
30,34,0.047343574464321136
30,35,0.055262163281440735
30,36,0.052284419536590576
30,37,0.04674966260790825
30,38,0.05712773650884628
30,39,0.05890929326415062
30,40,0.05230606347322464
30,41,0.058079659938812256
30,42,0.04973067343235016
30,43,0.05351034551858902
30,44,0.054932840168476105
30,45,0.05987609922885895
30,46,0.05295301973819733
30,47,0.05341540277004242
30,48,0.05015616863965988
30,49,0.049222636967897415
30,50,0.04841568320989609
30,51,0.0453796312212944
30,52,0.04007621854543686
30,53,0.05235864222049713
30,54,0.04991123080253601
30,55,0.05002939701080322
30,56,0.05114495009183884
30,57,0.049305256456136703
30,58,0.04899391531944275
30,59,0.05014670640230179
30,60,0.04404861107468605
30,61,0.04455246776342392
30,62,0.04532806947827339
30,63,0.04899311065673828
30,64,0.056140366941690445
30,65,0.04637021943926811
30,66,0.04260586202144623
30,67,0.04718372970819473
30,68,0.05855502188205719
30,69,0.043575625866651535
30,70,0.05173272639513016
30,71,0.04389780014753342
30,72,0.049772731959819794
30,73,0.04731736704707146
30,74,0.04223456233739853
30,75,0.05419018492102623
30,76,0.054231196641922
31,1,0.04557083547115326
31,2,0.054653190076351166
31,3,0.04531948268413544
31,4,0.045525453984737396
31,5,0.056947965174913406
31,6,0.04822126030921936
31,7,0.05518179386854172
31,8,0.04689096659421921
31,9,0.05184035003185272
31,10,0.053178124129772186
31,11,0.04291345924139023
31,12,0.04859287291765213
31,13,0.043197259306907654
31,14,0.04548799991607666
31,15,0.04973670095205307
31,16,0.05026203393936157
31,17,0.045318976044654846
31,18,0.049399636685848236
31,19,0.06943976879119873
31,20,0.05030970275402069
31,21,0.05052705854177475
31,22,0.05722722411155701
31,23,0.05024431273341179
31,24,0.049035247415304184
31,25,0.055613964796066284
31,26,0.04845035821199417
31,27,0.060547199100255966
31,28,0.04457385838031769
31,29,0.05461639165878296
31,30,0.04609641060233116
31,31,0.05589411407709122
31,32,0.05194661021232605
31,33,0.048244133591651917
31,34,0.048260267823934555
31,35,0.06878069788217545
31,36,0.04286090284585953
31,37,0.04161635786294937
31,38,0.033188510686159134
31,39,0.045509763062000275
31,40,0.06581664830446243
31,41,0.054814934730529785
31,42,0.05667324736714363
31,43,0.05513609200716019
31,44,0.05323212593793869
31,45,0.04817095398902893
31,46,0.04647556692361832
31,47,0.050320643931627274
31,48,0.05256503447890282
31,49,0.043099842965602875
31,50,0.05076416954398155
31,51,0.048276711255311966
31,52,0.06722818315029144
31,53,0.05773163214325905
31,54,0.050220951437950134
31,55,0.05852035805583
31,56,0.041386716067790985
31,57,0.05324146896600723
31,58,0.056335899978876114
31,59,0.04694002866744995
31,60,0.04777149111032486
31,61,0.04349726438522339
31,62,0.05269201472401619
31,63,0.049482136964797974
31,64,0.04725707694888115
31,65,0.06357085704803467
31,66,0.04678428918123245
31,67,0.04846430569887161
31,68,0.04418379068374634
31,69,0.051492415368556976
31,70,0.04259682074189186
31,71,0.04962544143199921
31,72,0.053510814905166626
31,73,0.05516006797552109
31,74,0.06579922884702682
31,75,0.04841235280036926
31,76,0.049537595361471176
32,1,0.05695212632417679
32,2,0.04985390603542328
32,3,0.0555913932621479
32,4,0.056406937539577484
32,5,0.05645671859383583
32,6,0.05394052714109421
32,7,0.0518045574426651
32,8,0.06315158307552338
32,9,0.05289868265390396
32,10,0.0497598871588707
32,11,0.058593057096004486
32,12,0.0544053353369236
32,13,0.04820987954735756
32,14,0.055685341358184814
32,15,0.049776382744312286
32,16,0.05574209988117218
32,17,0.05628321319818497
32,18,0.052675049751996994
32,19,0.04988525062799454
32,20,0.05506177619099617
32,21,0.052170880138874054
32,22,0.05326762795448303
32,23,0.04298350214958191
32,24,0.06006301939487457
32,25,0.056593239307403564
32,26,0.05368546396493912
32,27,0.07963909953832626
32,28,0.05088689178228378
32,29,0.04332684352993965
32,30,0.06381525099277496
32,31,0.05988233909010887
32,32,0.04921329766511917
32,33,0.04923160746693611
32,34,0.05734218657016754
32,35,0.0458080992102623
32,36,0.0465129017829895
32,37,0.04670549929141998
32,38,0.060163021087646484
32,39,0.047528088092803955
32,40,0.05062754824757576
32,41,0.04867883771657944
32,42,0.05778820067644119
32,43,0.05661088600754738
32,44,0.060059770941734314
32,45,0.04598933458328247
32,46,0.04590504616498947
32,47,0.04434552043676376
32,48,0.06100280582904816
32,49,0.043361276388168335
32,50,0.046644024550914764
32,51,0.04577208682894707
32,52,0.05349751561880112
32,53,0.04672630876302719
32,54,0.0428490974009037
32,55,0.043884504586458206
32,56,0.056137796491384506
32,57,0.04661700129508972
32,58,0.041445933282375336
32,59,0.04257412254810333
32,60,0.04053870588541031
32,61,0.05294353514909744
32,62,0.050852373242378235
32,63,0.0600474551320076
32,64,0.045135535299777985
32,65,0.05630519986152649
32,66,0.05764393508434296
32,67,0.05419211834669113
32,68,0.06302905082702637
32,69,0.0436830073595047
32,70,0.045694347470998764
32,71,0.05789082497358322
32,72,0.055077675729990005
32,73,0.045255113393068314
32,74,0.05297553539276123
32,75,0.05612708628177643
32,76,0.04591628909111023
33,1,0.04258648306131363
33,2,0.04293278232216835
33,3,0.043637536466121674
33,4,0.04823096841573715
33,5,0.06288070231676102
33,6,0.04206818342208862
33,7,0.059642743319272995
33,8,0.04880015179514885
33,9,0.05044037103652954
33,10,0.042069096118211746
33,11,0.05051514133810997
33,12,0.045700594782829285
33,13,0.055469051003456116
33,14,0.04960976541042328
33,15,0.05395227298140526
33,16,0.04895025119185448
33,17,0.04822203516960144
33,18,0.05321390926837921
33,19,0.041692767292261124
33,20,0.05352158471941948
33,21,0.05360039323568344
33,22,0.06366395950317383
33,23,0.04694192856550217
33,24,0.04140651971101761
33,25,0.051947712898254395
33,26,0.049934305250644684
33,27,0.050050657242536545
33,28,0.04786745458841324
33,29,0.04439632594585419
33,30,0.05399173125624657
33,31,0.05197194963693619
33,32,0.0457511842250824
33,33,0.054115522652864456
33,34,0.055849768221378326
33,35,0.057562898844480515
33,36,0.043565526604652405
33,37,0.04382728785276413
33,38,0.04280829802155495
33,39,0.05655447766184807
33,40,0.04661370813846588
33,41,0.04601509869098663
33,42,0.045646049082279205
33,43,0.03948551043868065
33,44,0.0506274439394474
33,45,0.05230320990085602
33,46,0.04875084012746811
33,47,0.04393457621335983
33,48,0.04765252768993378
33,49,0.053695715963840485
33,50,0.04876496270298958
33,51,0.049725987017154694
33,52,0.04670092463493347
33,53,0.03395964950323105
33,54,0.051051944494247437
33,55,0.060620009899139404
33,56,0.046025607734918594
33,57,0.062455929815769196
33,58,0.05312509834766388
33,59,0.04577723145484924
33,60,0.045363035053014755
33,61,0.04209619760513306
33,62,0.050755083560943604
33,63,0.058910172432661057
33,64,0.04430285468697548
33,65,0.047441158443689346
33,66,0.04481282830238342
33,67,0.05752396211028099
33,68,0.04198888689279556
33,69,0.056147098541259766
33,70,0.038425445556640625
33,71,0.050518251955509186
33,72,0.044822730123996735
33,73,0.05229143053293228
33,74,0.04636933654546738
33,75,0.04034845530986786
33,76,0.05151700973510742
34,1,0.05521949753165245
34,2,0.045875683426856995
34,3,0.05180919170379639
34,4,0.048854757100343704
34,5,0.06047515571117401
34,6,0.041099704802036285
34,7,0.041134756058454514
34,8,0.05330618470907211
34,9,0.05044063925743103
34,10,0.0423123836517334
34,11,0.044354647397994995
34,12,0.039977461099624634
34,13,0.054388828575611115
34,14,0.04421111196279526
34,15,0.05894949287176132
34,16,0.04212919622659683
34,17,0.0456751212477684
34,18,0.04546255245804787
34,19,0.04795999079942703
34,20,0.0518278032541275
34,21,0.0498417392373085
34,22,0.03983868658542633
34,23,0.04889895021915436
34,24,0.042021095752716064
34,25,0.042625389993190765
34,26,0.048301488161087036
34,27,0.052184514701366425
34,28,0.054155535995960236
34,29,0.061289891600608826
34,30,0.05420704558491707
34,31,0.050775181502103806
34,32,0.04652336612343788
34,33,0.04243304580450058
34,34,0.055459484457969666
34,35,0.045442551374435425
34,36,0.04997766762971878
34,37,0.04552888125181198
34,38,0.04642929136753082
34,39,0.06401560455560684
34,40,0.05237662047147751
34,41,0.04825412854552269
34,42,0.05666232854127884
34,43,0.05384817346930504
34,44,0.05533933639526367
34,45,0.04948819428682327
34,46,0.04071241617202759
34,47,0.05443263053894043
34,48,0.04267706349492073
34,49,0.04235834255814552
34,50,0.04887629300355911
34,51,0.05269075185060501
34,52,0.04611251875758171
34,53,0.0439341738820076
34,54,0.042201511561870575
34,55,0.048509906977415085
34,56,0.050605420023202896
34,57,0.041757553815841675
34,58,0.05164068192243576
34,59,0.055550314486026764
34,60,0.051812250167131424
34,61,0.0497066006064415
34,62,0.047818221151828766
34,63,0.04109284281730652
34,64,0.04501970112323761
34,65,0.050631001591682434
34,66,0.0383511483669281
34,67,0.04498159885406494
34,68,0.04613596200942993
34,69,0.04303769767284393
34,70,0.046056829392910004
34,71,0.04568077623844147
34,72,0.05778661370277405
34,73,0.04907163977622986
34,74,0.04304366931319237
34,75,0.04389958828687668
34,76,0.056682005524635315
35,1,0.03772056847810745
35,2,0.04667806625366211
35,3,0.05278944969177246
35,4,0.04919437691569328
35,5,0.04743696376681328
35,6,0.04052126407623291
35,7,0.0429304838180542
35,8,0.041609976440668106
35,9,0.04432542994618416
35,10,0.04825185611844063
35,11,0.049358002841472626
35,12,0.046859320253133774
35,13,0.048122771084308624
35,14,0.05320630967617035
35,15,0.04923949018120766
35,16,0.04436338692903519
35,17,0.04701220989227295
35,18,0.052163317799568176
35,19,0.04383730888366699
35,20,0.04452180862426758
35,21,0.06627445667982101
35,22,0.048866912722587585
35,23,0.04022528603672981
35,24,0.050368279218673706
35,25,0.058767784386873245
35,26,0.05520348250865936
35,27,0.044295892119407654
35,28,0.05295780301094055
35,29,0.048209138214588165
35,30,0.03968336805701256
35,31,0.05128369852900505
35,32,0.05198701471090317
35,33,0.04905085265636444
35,34,0.04941150173544884
35,35,0.059621959924697876
35,36,0.05763034522533417
35,37,0.050840482115745544
35,38,0.055092327296733856
35,39,0.04276997596025467
35,40,0.04542417451739311
35,41,0.041536860167980194
35,42,0.04848373681306839
35,43,0.05564038082957268
35,44,0.042788177728652954
35,45,0.052434276789426804
35,46,0.050381265580654144
35,47,0.044997766613960266
35,48,0.05650845915079117
35,49,0.04807071387767792
35,50,0.04921700060367584
35,51,0.04124690592288971
35,52,0.04506535455584526
35,53,0.04774369299411774
35,54,0.046051181852817535
35,55,0.053093064576387405
35,56,0.054359544068574905
35,57,0.05303547903895378
35,58,0.054131750017404556
35,59,0.04937272518873215
35,60,0.04147358238697052
35,61,0.04553752392530441
35,62,0.042671702802181244
35,63,0.044912468641996384
35,64,0.048126719892024994
35,65,0.0601598359644413
35,66,0.058919068425893784
35,67,0.052606694400310516
35,68,0.041462067514657974
35,69,0.05181236192584038
35,70,0.042492225766181946
35,71,0.04168000817298889
35,72,0.043787404894828796
35,73,0.056082289665937424
35,74,0.04637080430984497
35,75,0.04954168200492859
35,76,0.04432252049446106
36,1,0.05068161338567734
36,2,0.03857845440506935
36,3,0.045562274754047394
36,4,0.050013523548841476
36,5,0.05263524502515793
36,6,0.040824566036462784
36,7,0.04783643037080765
36,8,0.04924291372299194
36,9,0.04453470557928085
36,10,0.041391752660274506
36,11,0.06246710568666458
36,12,0.04356265068054199
36,13,0.05369788035750389
36,14,0.043209925293922424
36,15,0.042863935232162476
36,16,0.05674570053815842
36,17,0.04884512349963188
36,18,0.04126683622598648
36,19,0.04242484271526337
36,20,0.03988286107778549
36,21,0.05011662840843201
36,22,0.04474157840013504
36,23,0.05839098244905472
36,24,0.05531202256679535
36,25,0.04129910096526146
36,26,0.04749143868684769
36,27,0.04092860966920853
36,28,0.047245997935533524
36,29,0.045916326344013214
36,30,0.060131363570690155
36,31,0.0608288049697876
36,32,0.05525177717208862
36,33,0.04769132286310196
36,34,0.05228554457426071
36,35,0.06563001871109009
36,36,0.06220119446516037
36,37,0.04509330540895462
36,38,0.04895778000354767
36,39,0.04388078674674034
36,40,0.04679597541689873
36,41,0.04477684944868088
36,42,0.0430016964673996
36,43,0.04747986048460007
36,44,0.047365471720695496
36,45,0.045290280133485794
36,46,0.04144464433193207
36,47,0.04268362373113632
36,48,0.04368910193443298
36,49,0.04408866912126541
36,50,0.0515739805996418
36,51,0.04323739558458328
36,52,0.04381556808948517
36,53,0.04742780327796936
36,54,0.04544365406036377
36,55,0.038980551064014435
36,56,0.046805258840322495
36,57,0.05253071337938309
36,58,0.04907780885696411
36,59,0.04641115665435791
36,60,0.04473082721233368
36,61,0.06059786304831505
36,62,0.05159877613186836
36,63,0.05256553366780281
36,64,0.05020081251859665
36,65,0.046269647777080536
36,66,0.043442316353321075
36,67,0.04491901770234108
36,68,0.05801130086183548
36,69,0.046336252242326736
36,70,0.05967249348759651
36,71,0.048694781959056854
36,72,0.04735935479402542
36,73,0.0522715300321579
36,74,0.040694404393434525
36,75,0.04566263407468796
36,76,0.036404192447662354
37,1,0.05484718084335327
37,2,0.06788700819015503
37,3,0.06138603761792183
37,4,0.05673656985163689
37,5,0.043487124145030975
37,6,0.04802589863538742
37,7,0.04804125055670738
37,8,0.0489891842007637
37,9,0.05002133175730705
37,10,0.04873349517583847
37,11,0.04591584950685501
37,12,0.04903567582368851
37,13,0.04826473444700241
37,14,0.04092637822031975
37,15,0.051235541701316833
37,16,0.051306333392858505
37,17,0.045306090265512466
37,18,0.05035490542650223
37,19,0.04272785782814026
37,20,0.04941339045763016
37,21,0.04180018603801727
37,22,0.046129681169986725
37,23,0.04863487184047699
37,24,0.05955196171998978
37,25,0.05031343922019005
37,26,0.043912798166275024
37,27,0.057657063007354736
37,28,0.04608640819787979
37,29,0.04713428020477295
37,30,0.045343171805143356
37,31,0.06107620522379875
37,32,0.04419069364666939
37,33,0.04355841130018234
37,34,0.06164243817329407
37,35,0.06595213711261749
37,36,0.048458248376846313
37,37,0.04320213198661804
37,38,0.04524433985352516
37,39,0.038208670914173126
37,40,0.05061913654208183
37,41,0.04533115774393082
37,42,0.05147697031497955
37,43,0.04223046079277992
37,44,0.04522998631000519
37,45,0.048926785588264465
37,46,0.047455236315727234
37,47,0.052225261926651
37,48,0.0513802170753479
37,49,0.042306192219257355
37,50,0.04823977127671242
37,51,0.0462331548333168
37,52,0.036381080746650696
37,53,0.04498074948787689
37,54,0.035622648894786835
37,55,0.044572584331035614
37,56,0.049299970269203186
37,57,0.040683161467313766
37,58,0.0624074786901474
37,59,0.049522724002599716
37,60,0.03831169009208679
37,61,0.03948858380317688
37,62,0.06434833258390427
37,63,0.048648200929164886
37,64,0.054282356053590775
37,65,0.05032527446746826
37,66,0.04557662457227707
37,67,0.045438703149557114
37,68,0.04344141110777855
37,69,0.04903620854020119
37,70,0.0400114506483078
37,71,0.06672776490449905
37,72,0.04786217212677002
37,73,0.05136709660291672
37,74,0.048681579530239105
37,75,0.058239392936229706
37,76,0.060220714658498764
38,1,0.04747425764799118
38,2,0.05058246850967407
38,3,0.05146609991788864
38,4,0.060830213129520416
38,5,0.046893224120140076
38,6,0.04862848296761513
38,7,0.052140746265649796
38,8,0.041227154433727264
38,9,0.06291648000478745
38,10,0.043874744325876236
38,11,0.046079810708761215
38,12,0.05766836926341057
38,13,0.05101503059267998
38,14,0.04435711354017258
38,15,0.05278543010354042
38,16,0.04898300766944885
38,17,0.050671033561229706
38,18,0.0479021891951561
38,19,0.045395806431770325
38,20,0.047928597778081894
38,21,0.04864095151424408
38,22,0.042342811822891235
38,23,0.049041248857975006
38,24,0.05669015645980835
38,25,0.04700743407011032
38,26,0.04657229781150818
38,27,0.038848068565130234
38,28,0.0591941699385643
38,29,0.04878653585910797
38,30,0.04154851287603378
38,31,0.04839614778757095
38,32,0.05074318125844002
38,33,0.05672815442085266
38,34,0.048136427998542786
38,35,0.047613006085157394
38,36,0.04789802432060242
38,37,0.051185086369514465
38,38,0.043989863246679306
38,39,0.05661536008119583
38,40,0.04835755378007889
38,41,0.045577459037303925
38,42,0.04136243835091591
38,43,0.04634954035282135
38,44,0.05189815163612366
38,45,0.04851483553647995
38,46,0.03853815421462059
38,47,0.058234456926584244
38,48,0.06191498041152954
38,49,0.04320419579744339
38,50,0.04736074060201645
38,51,0.04318547621369362
38,52,0.04298844188451767
38,53,0.044755395501852036
38,54,0.050448209047317505
38,55,0.0456731878221035
38,56,0.05025811120867729
38,57,0.051295749843120575
38,58,0.038613107055425644
38,59,0.042452722787857056
38,60,0.04489123821258545
38,61,0.039770424365997314
38,62,0.0436817891895771
38,63,0.04739674925804138
38,64,0.061343349516391754
38,65,0.04615185409784317
38,66,0.04866289347410202
38,67,0.04686855524778366
38,68,0.05148498713970184
38,69,0.04952362924814224
38,70,0.0529152974486351
38,71,0.04538939148187637
38,72,0.04748125374317169
38,73,0.04038606584072113
38,74,0.05030595511198044
38,75,0.04832901433110237
38,76,0.050353944301605225
39,1,0.04561711847782135
39,2,0.04527738317847252
39,3,0.045976199209690094
39,4,0.042350344359874725
39,5,0.05052761361002922
39,6,0.04251740127801895
39,7,0.05058038979768753
39,8,0.041540052741765976
39,9,0.03938925638794899
39,10,0.05856400355696678
39,11,0.05466790497303009
39,12,0.049507513642311096
39,13,0.04374638944864273
39,14,0.04805092513561249
39,15,0.043742936104536057
39,16,0.053703680634498596
39,17,0.044157031923532486
39,18,0.042352862656116486
39,19,0.04693320393562317
39,20,0.04645055904984474
39,21,0.04788845777511597
39,22,0.04628323018550873
39,23,0.0464656800031662
39,24,0.053289756178855896
39,25,0.04700163006782532
39,26,0.042711738497018814
39,27,0.03990377485752106
39,28,0.04412467032670975
39,29,0.04565756767988205
39,30,0.04066099226474762
39,31,0.046352703124284744
39,32,0.04638918116688728
39,33,0.04229375720024109
39,34,0.0427534244954586
39,35,0.04982401803135872
39,36,0.038074128329753876
39,37,0.04516029730439186
39,38,0.04698306322097778
39,39,0.04784971475601196
39,40,0.041329510509967804
39,41,0.04156479984521866
39,42,0.039049066603183746
39,43,0.04413682222366333
39,44,0.04935883730649948
39,45,0.048010196536779404
39,46,0.04121733456850052
39,47,0.05760377272963524
39,48,0.043874818831682205
39,49,0.04688273370265961
39,50,0.0406285896897316
39,51,0.05417044088244438
39,52,0.04712504893541336
39,53,0.04769706726074219
39,54,0.04153856635093689
39,55,0.05651843547821045
39,56,0.04800529032945633
39,57,0.05461493507027626
39,58,0.05864986777305603
39,59,0.056098684668540955
39,60,0.038973674178123474
39,61,0.045726194977760315
39,62,0.0629822164773941
39,63,0.06328627467155457
39,64,0.04826478660106659
39,65,0.04576893150806427
39,66,0.04282345622777939
39,67,0.047975100576877594
39,68,0.04342734068632126
39,69,0.046074338257312775
39,70,0.051353201270103455
39,71,0.05025079846382141
39,72,0.04585379362106323
39,73,0.05066698044538498
39,74,0.05377578362822533
39,75,0.04398844391107559
39,76,0.05461759492754936
40,1,0.05100946128368378
40,2,0.049325913190841675
40,3,0.045229472219944
40,4,0.044086236506700516
40,5,0.04418351873755455
40,6,0.04220600426197052
40,7,0.04346390813589096
40,8,0.04227215424180031
40,9,0.041982389986515045
40,10,0.05278033763170242
40,11,0.05196307227015495
40,12,0.04109252244234085
40,13,0.04815961420536041
40,14,0.047067705541849136
40,15,0.03806222230195999
40,16,0.04890921339392662
40,17,0.04850560799241066
40,18,0.04392899572849274
40,19,0.041360385715961456
40,20,0.049932077527046204
40,21,0.0472777858376503
40,22,0.04088836908340454
40,23,0.045869335532188416
40,24,0.045081064105033875
40,25,0.03957035019993782
40,26,0.0404023602604866
40,27,0.045997850596904755
40,28,0.04335882514715195
40,29,0.047227032482624054
40,30,0.047640711069107056
40,31,0.05528227239847183
40,32,0.03948425501585007
40,33,0.046622615307569504
40,34,0.052027955651283264
40,35,0.04110877960920334
40,36,0.04258394613862038
40,37,0.04783495515584946
40,38,0.04422304779291153
40,39,0.053094323724508286
40,40,0.045489437878131866
40,41,0.043230414390563965
40,42,0.0569608137011528
40,43,0.04064562916755676
40,44,0.0438513457775116
40,45,0.03864552080631256
40,46,0.05643723905086517
40,47,0.04292953386902809
40,48,0.059821002185344696
40,49,0.0460444912314415
40,50,0.04470814764499664
40,51,0.04695582389831543
40,52,0.04268404096364975
40,53,0.043125852942466736
40,54,0.036421630531549454
40,55,0.054396405816078186
40,56,0.04499247297644615
40,57,0.04433726519346237
40,58,0.045997895300388336
40,59,0.04708036780357361
40,60,0.0461321622133255
40,61,0.048850011080503464
40,62,0.043693847954273224
40,63,0.054029565304517746
40,64,0.06005838140845299
40,65,0.04455191642045975
40,66,0.04467988386750221
40,67,0.0416593998670578
40,68,0.04999054968357086
40,69,0.05126349255442619
40,70,0.059143971651792526
40,71,0.05497383698821068
40,72,0.03940728306770325
40,73,0.04179860278964043
40,74,0.04194829612970352
40,75,0.04444068670272827
40,76,0.047120705246925354
41,1,0.04965393990278244
41,2,0.04064088687300682
41,3,0.04256812110543251
41,4,0.040530942380428314
41,5,0.05410025268793106
41,6,0.03888353705406189
41,7,0.041280411183834076
41,8,0.05221050977706909
41,9,0.04322544485330582
41,10,0.04885352402925491
41,11,0.04538065567612648
41,12,0.05497760698199272
41,13,0.038689661771059036
41,14,0.046322762966156006
41,15,0.04582960158586502
41,16,0.05370548367500305
41,17,0.04710453748703003
41,18,0.04309855028986931
41,19,0.052320823073387146
41,20,0.04454527422785759
41,21,0.06147012859582901
41,22,0.042717382311820984
41,23,0.04832617565989494
41,24,0.0486585795879364
41,25,0.043932437896728516
41,26,0.05313311889767647
41,27,0.0426170751452446
41,28,0.04586505517363548
41,29,0.04889468848705292
41,30,0.05155882239341736
41,31,0.045221854001283646
41,32,0.0388028621673584
41,33,0.04486776888370514
41,34,0.044457484036684036
41,35,0.05454270541667938
41,36,0.04883304610848427
41,37,0.04426257684826851
41,38,0.04975759983062744
41,39,0.04272373393177986
41,40,0.050475604832172394
41,41,0.05761677771806717
41,42,0.04977090656757355
41,43,0.04341079294681549
41,44,0.04277849942445755
41,45,0.04444332793354988
41,46,0.04386536777019501
41,47,0.042087603360414505
41,48,0.04893467575311661
41,49,0.057449936866760254
41,50,0.0491560697555542
41,51,0.04756428301334381
41,52,0.04710077866911888
41,53,0.04062539339065552
41,54,0.04905666410923004
41,55,0.047378912568092346
41,56,0.04150252044200897
41,57,0.039109520614147186
41,58,0.045560210943222046
41,59,0.05509330332279205
41,60,0.04172089695930481
41,61,0.04749638959765434
41,62,0.04920145124197006
41,63,0.04596623405814171
41,64,0.04435420036315918
41,65,0.04298949986696243
41,66,0.04608052223920822
41,67,0.04780583083629608
41,68,0.049020104110240936
41,69,0.04898415505886078
41,70,0.04277237504720688
41,71,0.04627463221549988
41,72,0.05029873922467232
41,73,0.04544401168823242
41,74,0.04083923622965813
41,75,0.04135369509458542
41,76,0.04963906854391098
42,1,0.04256552830338478
42,2,0.04679795354604721
42,3,0.0464814156293869
42,4,0.04859485849738121
42,5,0.04130025953054428
42,6,0.04017077758908272
42,7,0.05242856591939926
42,8,0.0440719872713089
42,9,0.04938248544931412
42,10,0.03838186711072922
42,11,0.04114370048046112
42,12,0.04238375276327133
42,13,0.04308207333087921
42,14,0.04359270632266998
42,15,0.04827873408794403
42,16,0.04306212440133095
42,17,0.038387298583984375
42,18,0.04168843477964401
42,19,0.03854864463210106
42,20,0.044840097427368164
42,21,0.04553442448377609
42,22,0.04159099608659744
42,23,0.04865216463804245
42,24,0.03944725543260574
42,25,0.04392290860414505
42,26,0.04514995962381363
42,27,0.042919281870126724
42,28,0.049640849232673645
42,29,0.044525258243083954
42,30,0.04720710963010788
42,31,0.05153442174196243
42,32,0.040762998163700104
42,33,0.03973924741148949
42,34,0.041463494300842285
42,35,0.049792610108852386
42,36,0.03674302250146866
42,37,0.04203121364116669
42,38,0.043122876435518265
42,39,0.052214063704013824
42,40,0.05407486855983734
42,41,0.04631342738866806
42,42,0.04852282255887985
42,43,0.03863348066806793
42,44,0.040899962186813354
42,45,0.05193052440881729
42,46,0.03716044872999191
42,47,0.03776367008686066
42,48,0.05050685256719589
42,49,0.03977484256029129
42,50,0.04402553290128708
42,51,0.03788032382726669
42,52,0.05008377134799957
42,53,0.04243174195289612
42,54,0.047075048089027405
42,55,0.04571935534477234
42,56,0.060328349471092224
42,57,0.04654917120933533
42,58,0.043413735926151276
42,59,0.05060454457998276
42,60,0.0531044527888298
42,61,0.04001490771770477
42,62,0.044942907989025116
42,63,0.057293109595775604
42,64,0.04749143868684769
42,65,0.041264500468969345
42,66,0.04769177362322807
42,67,0.050860192626714706
42,68,0.049338385462760925
42,69,0.049461741000413895
42,70,0.041558437049388885
42,71,0.04720602184534073
42,72,0.03801959753036499
42,73,0.04317324608564377
42,74,0.04515386372804642
42,75,0.04862909018993378
42,76,0.045257121324539185
43,1,0.0451991930603981
43,2,0.04707804322242737
43,3,0.049861591309309006
43,4,0.0425855815410614
43,5,0.04268692061305046
43,6,0.04679260402917862
43,7,0.04748206213116646
43,8,0.04477078467607498
43,9,0.04260754957795143
43,10,0.055911388248205185
43,11,0.0441577173769474
43,12,0.04397279769182205
43,13,0.044351398944854736
43,14,0.04464263468980789
43,15,0.04614241048693657
43,16,0.05029057711362839
43,17,0.05083487927913666
43,18,0.06001386046409607
43,19,0.04763096943497658
43,20,0.048962704837322235
43,21,0.04076167941093445
43,22,0.04328324645757675
43,23,0.04916758090257645
43,24,0.044399455189704895
43,25,0.03854033723473549
43,26,0.05088747292757034
43,27,0.04219185560941696
43,28,0.0441511869430542
43,29,0.04881073907017708
43,30,0.04128066077828407
43,31,0.050721801817417145
43,32,0.04247380048036575
43,33,0.04611019045114517
43,34,0.04343486204743385
43,35,0.034308407455682755
43,36,0.042026616632938385
43,37,0.04052885249257088
43,38,0.04726016893982887
43,39,0.045905523002147675
43,40,0.05419629067182541
43,41,0.0448962040245533
43,42,0.04538421332836151
43,43,0.055626463145017624
43,44,0.057954996824264526
43,45,0.043535299599170685
43,46,0.047471869736909866
43,47,0.04698951914906502
43,48,0.044829487800598145
43,49,0.04621213674545288
43,50,0.0438581146299839
43,51,0.045808035880327225
43,52,0.04261433705687523
43,53,0.0445728562772274
43,54,0.037907183170318604
43,55,0.04753745347261429
43,56,0.04229843616485596
43,57,0.04933939874172211
43,58,0.04431425407528877
43,59,0.04103570431470871
43,60,0.041612256318330765
43,61,0.048056576400995255
43,62,0.05776815116405487
43,63,0.04413137584924698
43,64,0.03831592574715614
43,65,0.039091140031814575
43,66,0.04189423471689224
43,67,0.04839888960123062
43,68,0.05125501751899719
43,69,0.04504800960421562
43,70,0.04237528145313263
43,71,0.03960193693637848
43,72,0.05406522750854492
43,73,0.05014148727059364
43,74,0.05780518054962158
43,75,0.0364917516708374
43,76,0.04374491795897484
44,1,0.047346025705337524
44,2,0.04092009365558624
44,3,0.051765382289886475
44,4,0.048027195036411285
44,5,0.05248899757862091
44,6,0.05480160564184189
44,7,0.04034160077571869
44,8,0.04599437862634659
44,9,0.03923530876636505
44,10,0.04592170566320419
44,11,0.05535121262073517
44,12,0.04977660998702049
44,13,0.04527481645345688
44,14,0.050307679921388626
44,15,0.048200659453868866
44,16,0.04623464494943619
44,17,0.044352754950523376
44,18,0.04063858091831207
44,19,0.04463532567024231
44,20,0.041089341044425964
44,21,0.041568923741579056
44,22,0.040971361100673676
44,23,0.05079103261232376
44,24,0.042021699249744415
44,25,0.04725784808397293
44,26,0.04440823942422867
44,27,0.04353849217295647
44,28,0.05266670882701874
44,29,0.04170360416173935
44,30,0.05219589173793793
44,31,0.04469294100999832
44,32,0.04935908690094948
44,33,0.052415862679481506
44,34,0.050438594073057175
44,35,0.04275147616863251
44,36,0.05043449252843857
44,37,0.04235788434743881
44,38,0.04285728931427002
44,39,0.04576675966382027
44,40,0.06304387003183365
44,41,0.04355921596288681
44,42,0.04043065011501312
44,43,0.053309425711631775
44,44,0.04460829496383667
44,45,0.05134546756744385
44,46,0.047127168625593185
44,47,0.04317651689052582
44,48,0.04489915817975998
44,49,0.048869289457798004
44,50,0.044791169464588165
44,51,0.04842256009578705
44,52,0.04468798264861107
44,53,0.0428050272166729
44,54,0.05205830931663513
44,55,0.04599178582429886
44,56,0.0465911403298378
44,57,0.03982236981391907
44,58,0.04200676456093788
44,59,0.03903653472661972
44,60,0.04247754067182541
44,61,0.04371356964111328
44,62,0.04349315166473389
44,63,0.04400814697146416
44,64,0.046755917370319366
44,65,0.04100973531603813
44,66,0.04626239836215973
44,67,0.04916529357433319
44,68,0.037044353783130646
44,69,0.04235588014125824
44,70,0.04285837709903717
44,71,0.04025014862418175
44,72,0.04496778920292854
44,73,0.04426322132349014
44,74,0.0430309884250164
44,75,0.04691113531589508
44,76,0.0433281734585762
45,1,0.048990994691848755
45,2,0.039597637951374054
45,3,0.04167495295405388
45,4,0.053578414022922516
45,5,0.044181860983371735
45,6,0.0514412447810173
45,7,0.044270966202020645
45,8,0.03420213237404823
45,9,0.04950036481022835
45,10,0.05462752282619476
45,11,0.04948613792657852
45,12,0.055183954536914825
45,13,0.05419541150331497
45,14,0.044950731098651886
45,15,0.04427780210971832
45,16,0.03845749422907829
45,17,0.05391094833612442
45,18,0.04202656447887421
45,19,0.04306240752339363
45,20,0.04789460822939873
45,21,0.04444514960050583
45,22,0.04726670682430267
45,23,0.052828870713710785
45,24,0.05298071354627609
45,25,0.05542376637458801
45,26,0.04535455256700516
45,27,0.04377756267786026
45,28,0.04483519494533539
45,29,0.04088415205478668
45,30,0.04882486164569855
45,31,0.050816167145967484
45,32,0.04509525001049042
45,33,0.05275990441441536
45,34,0.03689923137426376
45,35,0.046697668731212616
45,36,0.04784029722213745
45,37,0.04946773499250412
45,38,0.046525247395038605
45,39,0.0549577921628952
45,40,0.04475913941860199
45,41,0.047243632376194
45,42,0.045924339443445206
45,43,0.04740549996495247
45,44,0.048198774456977844
45,45,0.047890447080135345
45,46,0.04280303791165352
45,47,0.04349631071090698
45,48,0.047525934875011444
45,49,0.04271436482667923
45,50,0.047409527003765106
45,51,0.04775868356227875
45,52,0.03911156207323074
45,53,0.037608034908771515
45,54,0.05046418309211731
45,55,0.041880086064338684
45,56,0.041720714420080185
45,57,0.03969159349799156
45,58,0.06422943621873856
45,59,0.03640320152044296
45,60,0.04540769010782242
45,61,0.0433523952960968
45,62,0.0372261181473732
45,63,0.047131579369306564
45,64,0.040227171033620834
45,65,0.0417439267039299
45,66,0.043786779046058655
45,67,0.04298119992017746
45,68,0.04354057461023331
45,69,0.039542727172374725
45,70,0.04061310365796089
45,71,0.04370706528425217
45,72,0.03727651387453079
45,73,0.046189308166503906
45,74,0.04862867668271065
45,75,0.0423046350479126
45,76,0.04640842229127884
46,1,0.04378454014658928
46,2,0.043460339307785034
46,3,0.045763835310935974
46,4,0.04213777184486389
46,5,0.04267057403922081
46,6,0.04361952841281891
46,7,0.04749840870499611
46,8,0.04678451269865036
46,9,0.039687320590019226
46,10,0.048670850694179535
46,11,0.03982631489634514
46,12,0.03980919346213341
46,13,0.04123638570308685
46,14,0.03911854699254036
46,15,0.044038109481334686
46,16,0.03607405722141266
46,17,0.04174603149294853
46,18,0.05233682692050934
46,19,0.042845580726861954
46,20,0.05104553699493408
46,21,0.05398587882518768
46,22,0.039076801389455795
46,23,0.04033122956752777
46,24,0.044032566249370575
46,25,0.052276015281677246
46,26,0.036371029913425446
46,27,0.04830262064933777
46,28,0.04466914385557175
46,29,0.045078255236148834
46,30,0.04491254314780235
46,31,0.04272454231977463
46,32,0.03640138357877731
46,33,0.04325133562088013
46,34,0.04722379148006439
46,35,0.03834676742553711
46,36,0.04497446119785309
46,37,0.03986109420657158
46,38,0.04155492037534714
46,39,0.0366082563996315
46,40,0.04934961348772049
46,41,0.04330724477767944
46,42,0.041376374661922455
46,43,0.044841036200523376
46,44,0.04662410914897919
46,45,0.047000057995319366
46,46,0.03937012702226639
46,47,0.04207325726747513
46,48,0.050319403409957886
46,49,0.05877115577459335
46,50,0.044869717210531235
46,51,0.04320629686117172
46,52,0.04224433749914169
46,53,0.04178401827812195
46,54,0.04286528751254082
46,55,0.04463275149464607
46,56,0.04784413427114487
46,57,0.03912292420864105
46,58,0.042835235595703125
46,59,0.040022578090429306
46,60,0.05105559155344963
46,61,0.0394081175327301
46,62,0.04425349831581116
46,63,0.04072263836860657
46,64,0.04559162259101868
46,65,0.040931589901447296
46,66,0.04584342986345291
46,67,0.039141587913036346
46,68,0.04102063179016113
46,69,0.04886280372738838
46,70,0.05613961070775986
46,71,0.04634493216872215
46,72,0.035484276711940765
46,73,0.05565917491912842
46,74,0.042383141815662384
46,75,0.04743919521570206
46,76,0.03634005784988403
47,1,0.04421485215425491
47,2,0.04360594600439072
47,3,0.04364844411611557
47,4,0.042016178369522095
47,5,0.047916390001773834
47,6,0.04838591814041138
47,7,0.04468138888478279
47,8,0.05313707888126373
47,9,0.04109807312488556
47,10,0.051310501992702484
47,11,0.05122390761971474
47,12,0.04414770007133484
47,13,0.04787880554795265
47,14,0.04852539300918579
47,15,0.050915781408548355
47,16,0.0455157533288002
47,17,0.0413137711584568
47,18,0.04086652398109436
47,19,0.041674450039863586
47,20,0.04133301600813866
47,21,0.045772239565849304
47,22,0.04258490353822708
47,23,0.038350775837898254
47,24,0.050472795963287354
47,25,0.049749672412872314
47,26,0.044469062238931656
47,27,0.04516364634037018
47,28,0.04389290139079094
47,29,0.0459410697221756
47,30,0.043946199119091034
47,31,0.04434617608785629
47,32,0.047713346779346466
47,33,0.0437474250793457
47,34,0.04693537950515747
47,35,0.045989036560058594
47,36,0.04703144729137421
47,37,0.03609282523393631
47,38,0.04000644013285637
47,39,0.03990938887000084
47,40,0.05971906706690788
47,41,0.04566340148448944
47,42,0.04429233819246292
47,43,0.043120674788951874
47,44,0.046066295355558395
47,45,0.03887714073061943
47,46,0.0372762568295002
47,47,0.04124956950545311
47,48,0.042165547609329224
47,49,0.04787037521600723
47,50,0.04382426664233208
47,51,0.04221118986606598
47,52,0.045791126787662506
47,53,0.07277673482894897
47,54,0.037489019334316254
47,55,0.047080039978027344
47,56,0.0505501851439476
47,57,0.043832771480083466
47,58,0.03996596485376358
47,59,0.04391808062791824
47,60,0.03818994015455246
47,61,0.04492194950580597
47,62,0.043532028794288635
47,63,0.042958833277225494
47,64,0.04546372592449188
47,65,0.04507260024547577
47,66,0.04110805690288544
47,67,0.04561453312635422
47,68,0.04362853243947029
47,69,0.045198485255241394
47,70,0.0367530956864357
47,71,0.04117640107870102
47,72,0.04645717889070511
47,73,0.041509099304676056
47,74,0.039273522794246674
47,75,0.04620881378650665
47,76,0.03837176412343979
48,1,0.04215986281633377
48,2,0.03968145325779915
48,3,0.043612003326416016
48,4,0.04827083647251129
48,5,0.04785424843430519
48,6,0.04364199936389923
48,7,0.03943052515387535
48,8,0.05147065222263336
48,9,0.050303034484386444
48,10,0.04241309314966202
48,11,0.05248444527387619
48,12,0.043888479471206665
48,13,0.04486789181828499
48,14,0.040795885026454926
48,15,0.04479454457759857
48,16,0.043984413146972656
48,17,0.04899150878190994
48,18,0.049354977905750275
48,19,0.04373263567686081
48,20,0.06484325975179672
48,21,0.043235283344984055
48,22,0.04902572184801102
48,23,0.04482986032962799
48,24,0.03900643810629845
48,25,0.049096234142780304
48,26,0.05314752459526062
48,27,0.05005412548780441
48,28,0.04155368357896805
48,29,0.04276442900300026
48,30,0.035797230899333954
48,31,0.04371088370680809
48,32,0.03889256715774536
48,33,0.05644107982516289
48,34,0.04199925810098648
48,35,0.051036953926086426
48,36,0.04450579360127449
48,37,0.03957521915435791
48,38,0.044256675988435745
48,39,0.04829059913754463
48,40,0.05009301379323006
48,41,0.04467729479074478
48,42,0.05017019435763359
48,43,0.050651900470256805
48,44,0.05118294805288315
48,45,0.04085394740104675
48,46,0.04327218979597092
48,47,0.04317052662372589
48,48,0.04869557544589043
48,49,0.0376359224319458
48,50,0.04133673012256622
48,51,0.046592261642217636
48,52,0.0466308556497097
48,53,0.047164466232061386
48,54,0.04863251745700836
48,55,0.04016631096601486
48,56,0.03941195458173752
48,57,0.04692501202225685
48,58,0.04278307408094406
48,59,0.04487716406583786
48,60,0.045510828495025635
48,61,0.04521583020687103
48,62,0.03440297394990921
48,63,0.040245674550533295
48,64,0.03870085999369621
48,65,0.044731758534908295
48,66,0.039620064198970795
48,67,0.046053722500801086
48,68,0.0458734929561615
48,69,0.04758455604314804
48,70,0.04493330791592598
48,71,0.048402316868305206
48,72,0.04427812248468399
48,73,0.04484860971570015
48,74,0.044232580810785294
48,75,0.04119011014699936
48,76,0.05724216625094414
49,1,0.048496805131435394
49,2,0.047664690762758255
49,3,0.04955825209617615
49,4,0.039078135043382645
49,5,0.046242453157901764
49,6,0.04225216805934906
49,7,0.03861680254340172
49,8,0.04078998416662216
49,9,0.039418838918209076
49,10,0.041397616267204285
49,11,0.04646564647555351
49,12,0.04129617661237717
49,13,0.034719113260507584
49,14,0.045539915561676025
49,15,0.04018435254693031
49,16,0.03906676173210144
49,17,0.04172661155462265
49,18,0.041041914373636246
49,19,0.047336168587207794
49,20,0.04029519483447075
49,21,0.050813451409339905
49,22,0.04017771780490875
49,23,0.0487310066819191
49,24,0.04332907497882843
49,25,0.04876629635691643
49,26,0.0479607954621315
49,27,0.042868562042713165
49,28,0.04170090705156326
49,29,0.04571933299303055
49,30,0.04632627218961716
49,31,0.03957390785217285
49,32,0.045393265783786774
49,33,0.03630293533205986
49,34,0.04797589033842087
49,35,0.04055184870958328
49,36,0.041756145656108856
49,37,0.045908525586128235
49,38,0.03989594429731369
49,39,0.048190731555223465
49,40,0.038313232362270355
49,41,0.041980527341365814
49,42,0.046030111610889435
49,43,0.04959329217672348
49,44,0.04490920901298523
49,45,0.0599801279604435
49,46,0.03450509160757065
49,47,0.043096382170915604
49,48,0.044119060039520264
49,49,0.03964594751596451
49,50,0.03792436048388481
49,51,0.05525124818086624
49,52,0.03737572580575943
49,53,0.04184240475296974
49,54,0.04040711745619774
49,55,0.03791698440909386
49,56,0.04758964478969574
49,57,0.04652116820216179
49,58,0.03908127546310425
49,59,0.041805364191532135
49,60,0.03538217395544052
49,61,0.051108743995428085
49,62,0.04670516774058342
49,63,0.043061789125204086
49,64,0.038661085069179535
49,65,0.04891488701105118
49,66,0.04409998655319214
49,67,0.04245108366012573
49,68,0.03780800849199295
49,69,0.044787950813770294
49,70,0.049691278487443924
49,71,0.05446140840649605
49,72,0.04102577269077301
49,73,0.043260686099529266
49,74,0.04574219137430191
49,75,0.04261224344372749
49,76,0.04907681420445442
50,1,0.0447835810482502
50,2,0.047623563557863235
50,3,0.04202037304639816
50,4,0.05202248692512512
50,5,0.04177862033247948
50,6,0.04440031945705414
50,7,0.04568157717585564
50,8,0.0394107885658741
50,9,0.03747202083468437
50,10,0.03851097822189331
50,11,0.048881929367780685
50,12,0.041128430515527725
50,13,0.045374661684036255
50,14,0.046552080661058426
50,15,0.04626115784049034
50,16,0.04024839401245117
50,17,0.04212033748626709
50,18,0.04481390863656998
50,19,0.046121492981910706
50,20,0.05000477284193039
50,21,0.039102617651224136
50,22,0.03700747340917587
50,23,0.04272741824388504
50,24,0.04914485663175583
50,25,0.04934025928378105
50,26,0.043127842247486115
50,27,0.042607344686985016
50,28,0.03970593214035034
50,29,0.0522167906165123
50,30,0.039700038731098175
50,31,0.04855858534574509
50,32,0.050193917006254196
50,33,0.04111409932374954
50,34,0.04082314297556877
50,35,0.051308635622262955
50,36,0.041003771126270294
50,37,0.03798835352063179
50,38,0.03695083409547806
50,39,0.05347646027803421
50,40,0.0439983606338501
50,41,0.039683349430561066
50,42,0.04175698012113571
50,43,0.04174819588661194
50,44,0.04095306247472763
50,45,0.04512857273221016
50,46,0.04588431492447853
50,47,0.03720458596944809
50,48,0.04653139412403107
50,49,0.044879503548145294
50,50,0.0434722863137722
50,51,0.04393264651298523
50,52,0.05503184348344803
50,53,0.04845178872346878
50,54,0.04244192689657211
50,55,0.043805837631225586
50,56,0.03327329456806183
50,57,0.03528141230344772
50,58,0.03955139219760895
50,59,0.03997066989541054
50,60,0.03981250524520874
50,61,0.04716600477695465
50,62,0.048025913536548615
50,63,0.04028497263789177
50,64,0.04094831645488739
50,65,0.061175547540187836
50,66,0.043091390281915665
50,67,0.04190487414598465
50,68,0.03723655641078949
50,69,0.04641871154308319
50,70,0.038101404905319214
50,71,0.04615673050284386
50,72,0.04802558943629265
50,73,0.042987652122974396
50,74,0.04014841839671135
50,75,0.0422239750623703
50,76,0.04288991540670395
