epoch,step,loss
1,1,4.719902038574219
1,2,4.609580993652344
1,3,4.658561706542969
1,4,4.524467468261719
1,5,4.5153045654296875
1,6,4.622581481933594
2,1,4.223114013671875
2,2,4.217254638671875
2,3,4.181861877441406
2,4,4.1484375
2,5,4.082511901855469
3,1,4.0018310546875
3,2,3.9329490661621094
3,3,3.8965225219726562
3,4,3.8810653686523438
3,5,3.791149139404297
4,1,3.6506690979003906
4,2,3.700641632080078
4,3,3.6731910705566406
4,4,3.546405792236328
4,5,3.6222457885742188
5,1,3.443589210510254
5,2,3.3465652465820312
5,3,3.2813568115234375
5,4,3.273244857788086
5,5,3.364910125732422
6,1,3.1798720359802246
6,2,3.103342056274414
6,3,3.0332322120666504
6,4,3.0309886932373047
6,5,2.8924734592437744
7,1,2.998826026916504
7,2,2.913922071456909
7,3,2.757648468017578
7,4,2.7774627208709717
7,5,2.682651996612549
8,1,2.634655714035034
8,2,2.645263671875
8,3,2.5769147872924805
8,4,2.5304007530212402
8,5,2.4912142753601074
9,1,2.551217555999756
9,2,2.352283000946045
9,3,2.429656982421875
9,4,2.2507991790771484
9,5,2.409788131713867
10,1,2.237302780151367
10,2,2.4680848121643066
10,3,2.183051586151123
10,4,2.1606221199035645
10,5,2.033018112182617
11,1,2.0514488220214844
11,2,2.046858787536621
11,3,1.9827450513839722
11,4,1.917073130607605
11,5,1.9766818284988403
12,1,1.9186522960662842
12,2,1.8737883567810059
12,3,1.837652564048767
12,4,1.722391128540039
12,5,1.7110073566436768
13,1,1.7001574039459229
13,2,1.6296520233154297
13,3,1.7215580940246582
13,4,1.782296895980835
13,5,1.7891733646392822
14,1,1.5420536994934082
14,2,1.4934055805206299
14,3,1.8411459922790527
14,4,1.5778253078460693
14,5,1.6610665321350098
15,1,1.466048240661621
15,2,1.449366569519043
15,3,1.388166069984436
15,4,1.5872890949249268
15,5,1.4885032176971436
16,1,1.4150983095169067
16,2,1.3392930030822754
16,3,1.367124319076538
16,4,1.3307607173919678
16,5,1.3329122066497803
17,1,1.2223995923995972
17,2,1.3733021020889282
17,3,1.2323033809661865
17,4,1.1781127452850342
17,5,1.3214577436447144
18,1,1.1860966682434082
18,2,1.3917548656463623
18,3,1.190497636795044
18,4,1.2598259449005127
18,5,1.2126187086105347
19,1,1.2250983715057373
19,2,1.1715781688690186
19,3,1.2363489866256714
19,4,1.1356422901153564
19,5,1.2327208518981934
20,1,1.142096757888794
20,2,1.126587152481079
20,3,1.1936383247375488
20,4,1.015352487564087
20,5,1.0167523622512817
21,1,1.0468984842300415
21,2,0.9521055817604065
21,3,1.0245168209075928
21,4,0.9456566572189331
21,5,1.0354074239730835
22,1,0.9235726594924927
22,2,1.0166468620300293
22,3,0.8150469064712524
22,4,0.879073977470398
22,5,0.872256875038147
23,1,0.9441825747489929
23,2,0.9987646341323853
23,3,1.059444785118103
23,4,0.927094578742981
23,5,0.755191445350647
24,1,0.8804545998573303
24,2,0.747762143611908
24,3,0.9022607803344727
24,4,0.7968355417251587
24,5,0.7581096887588501
25,1,0.8800456523895264
25,2,0.7523330450057983
25,3,0.711106538772583
25,4,1.0689667463302612
25,5,0.747033953666687
26,1,0.6402027606964111
26,2,0.7343676686286926
26,3,0.6487259268760681
26,4,0.7785202860832214
26,5,1.058703899383545
27,1,0.7998247146606445
27,2,0.683821439743042
27,3,0.6361795663833618
27,4,0.8962840437889099
27,5,0.7172394394874573
28,1,0.5528342127799988
28,2,0.8817192912101746
28,3,0.7660670876502991
28,4,0.6404038071632385
28,5,0.6674107313156128
29,1,0.583427906036377
29,2,0.9436500072479248
29,3,0.883779764175415
29,4,0.7096929550170898
29,5,0.7166427373886108
30,1,0.6134970188140869
30,2,0.638375997543335
30,3,0.7214109897613525
30,4,0.5876278281211853
30,5,0.6097034811973572
31,1,0.5802162885665894
31,2,0.521162748336792
31,3,0.7773369550704956
31,4,0.6023155450820923
31,5,0.5589997172355652
32,1,0.4815124571323395
32,2,0.5599184632301331
32,3,0.5321124792098999
32,4,0.5180995464324951
32,5,0.5580692291259766
33,1,0.5857968330383301
33,2,0.8058200478553772
33,3,0.49212127923965454
33,4,0.45440974831581116
33,5,0.5495917797088623
34,1,0.6731975674629211
34,2,0.6062817573547363
34,3,0.48305949568748474
34,4,0.6945228576660156
34,5,0.4594176411628723
35,1,0.6947586536407471
35,2,0.6923456192016602
35,3,0.44631439447402954
35,4,0.5977482199668884
35,5,0.5162839889526367
36,1,0.5254575610160828
36,2,0.657132625579834
36,3,0.46224403381347656
36,4,0.45903319120407104
36,5,0.6790331602096558
37,1,0.39359983801841736
37,2,0.4552728533744812
37,3,0.376914381980896
37,4,0.7022385001182556
37,5,0.5757133364677429
38,1,0.3473198413848877
38,2,0.4187852144241333
38,3,0.3713443875312805
38,4,0.5676707029342651
38,5,0.3257575035095215
39,1,0.40150001645088196
39,2,0.5283437967300415
39,3,0.4078996181488037
39,4,0.45579275488853455
39,5,0.47975045442581177
40,1,0.5554054975509644
40,2,0.42215174436569214
40,3,0.2945873737335205
40,4,0.5448178052902222
40,5,0.5195022821426392
41,1,0.2789337635040283
41,2,0.291751503944397
41,3,0.8559632897377014
41,4,0.6056808829307556
41,5,0.3591170608997345
42,1,0.37046459317207336
42,2,0.34959545731544495
42,3,0.4490583837032318
42,4,0.34198012948036194
42,5,0.4634784460067749
43,1,0.5500173568725586
43,2,0.2855331301689148
43,3,0.5997707843780518
43,4,0.38705506920814514
43,5,0.5702014565467834
44,1,0.4228309392929077
44,2,0.30410605669021606
44,3,0.3129863142967224
44,4,0.4422807991504669
44,5,0.3094565272331238
45,1,0.5453227758407593
45,2,0.2925920784473419
45,3,0.2636283040046692
45,4,0.34768158197402954
45,5,0.3399151563644409
46,1,0.38992878794670105
46,2,0.4464097023010254
46,3,0.31912070512771606
46,4,0.30777761340141296
46,5,0.6380437612533569
47,1,0.23565895855426788
47,2,0.3974786698818207
47,3,0.28967607021331787
47,4,0.3031018376350403
47,5,0.3485134243965149
48,1,0.34466880559921265
48,2,0.42156994342803955
48,3,0.4384320378303528
48,4,0.2686900496482849
48,5,0.30682897567749023
49,1,0.26960188150405884
49,2,0.2229364812374115
49,3,0.36840876936912537
49,4,0.2589191496372223
49,5,0.37269532680511475
50,1,0.26524537801742554
50,2,0.33372581005096436
50,3,0.39393067359924316
50,4,0.26604506373405457
50,5,0.3462311625480652
51,1,0.2590314745903015
51,2,0.22986674308776855
51,3,0.28640732169151306
51,4,0.39032429456710815
51,5,0.2893035411834717
52,1,0.21083003282546997
52,2,0.2995024025440216
52,3,0.29889512062072754
52,4,0.3153138756752014
52,5,0.34532612562179565
53,1,0.24414128065109253
53,2,0.4145700931549072
53,3,0.36389827728271484
53,4,0.24461528658866882
53,5,0.28927725553512573
54,1,0.23846229910850525
54,2,0.2644641399383545
54,3,0.23708859086036682
54,4,0.25457197427749634
54,5,0.994525134563446
55,1,0.40682512521743774
55,2,0.36002710461616516
55,3,0.23891481757164001
55,4,0.34446197748184204
55,5,0.2663930654525757
56,1,0.2993836998939514
56,2,0.3352866768836975
56,3,0.47213852405548096
56,4,0.18540115654468536
56,5,0.2682439684867859
57,1,0.3473461866378784
57,2,0.49550455808639526
57,3,0.3463408052921295
57,4,0.3539610803127289
57,5,0.21778982877731323
58,1,0.43549108505249023
58,2,0.3091214597225189
58,3,0.24081715941429138
58,4,0.36595529317855835
58,5,0.3040103316307068
59,1,0.36359646916389465
59,2,0.2764599919319153
59,3,0.2430909276008606
59,4,0.17970390617847443
59,5,0.3099985122680664
60,1,0.25865188241004944
60,2,0.44517698884010315
60,3,0.2966437339782715
60,4,0.2064153254032135
60,5,0.41078656911849976
61,1,0.21796640753746033
61,2,0.27373623847961426
61,3,0.18723872303962708
61,4,0.26201483607292175
61,5,0.35987672209739685
62,1,0.20667864382266998
62,2,0.1787756383419037
62,3,0.272541880607605
62,4,0.15769889950752258
62,5,0.5222907662391663
63,1,0.2579789459705353
63,2,0.18580253422260284
63,3,0.3073531985282898
63,4,0.19535362720489502
63,5,0.23045095801353455
64,1,0.200445294380188
64,2,0.19154469668865204
64,3,0.1936034858226776
64,4,0.15878939628601074
64,5,0.21248671412467957
65,1,0.31756341457366943
65,2,0.16425180435180664
65,3,0.20741435885429382
65,4,0.22568698227405548
65,5,0.34101051092147827
66,1,0.23416613042354584
66,2,0.3283957540988922
66,3,0.23960447311401367
66,4,0.22245357930660248
66,5,0.2411206215620041
67,1,0.18196585774421692
67,2,0.2088838815689087
67,3,0.23440106213092804
67,4,0.23101021349430084
67,5,0.37636083364486694
68,1,0.49501729011535645
68,2,0.17587709426879883
68,3,0.37367185950279236
68,4,0.28793537616729736
68,5,0.25232958793640137
69,1,0.23092859983444214
69,2,0.1798342913389206
69,3,0.17722219228744507
69,4,0.16539719700813293
69,5,0.14660149812698364
70,1,0.16140863299369812
70,2,0.4366433322429657
70,3,0.25746989250183105
70,4,0.1458684206008911
70,5,0.2400635927915573
71,1,0.35703495144844055
71,2,0.17218130826950073
71,3,0.20637783408164978
71,4,0.2306407392024994
71,5,0.2187311053276062
72,1,0.19294577836990356
72,2,0.2038622349500656
72,3,0.15507355332374573
72,4,0.2997519373893738
72,5,0.1567479968070984
73,1,0.184421569108963
73,2,0.16367077827453613
73,3,0.17925728857517242
73,4,0.2645264267921448
73,5,0.3014459013938904
74,1,0.42175236344337463
74,2,0.2995331585407257
74,3,0.1716141402721405
74,4,0.1573735922574997
74,5,0.15930932760238647
75,1,0.2561606168746948
75,2,0.15402716398239136
75,3,0.13266167044639587
75,4,0.12284508347511292
75,5,0.16375446319580078
76,1,0.17679443955421448
76,2,0.2138601541519165
76,3,0.36547598242759705
76,4,0.14565277099609375
76,5,0.1657802164554596
77,1,0.1528860181570053
77,2,0.16251832246780396
77,3,0.18842396140098572
77,4,0.18846671283245087
77,5,0.3462257385253906
78,1,0.18758481740951538
78,2,0.11844697594642639
78,3,0.16175055503845215
78,4,0.4406471252441406
78,5,0.1473097801208496
79,1,0.20100753009319305
79,2,0.16980421543121338
79,3,0.1257435530424118
79,4,0.2805163264274597
79,5,0.18018606305122375
80,1,0.22108709812164307
80,2,0.16125324368476868
80,3,0.1605539619922638
80,4,0.25054430961608887
80,5,0.3845789432525635
81,1,0.41551893949508667
81,2,0.1799367368221283
81,3,0.17488208413124084
81,4,0.37291041016578674
81,5,0.6587589979171753
82,1,0.12617641687393188
82,2,0.2350800633430481
82,3,0.3493988513946533
82,4,0.1916574239730835
82,5,0.15111970901489258
83,1,0.40403562784194946
83,2,0.21901702880859375
83,3,0.284546822309494
83,4,0.12432529777288437
83,5,0.1444852352142334
84,1,0.20941361784934998
84,2,0.19807538390159607
84,3,0.1332036852836609
84,4,0.3461243212223053
84,5,0.3270327150821686
85,1,0.18311868607997894
85,2,0.15182071924209595
85,3,0.1927725225687027
85,4,0.16304127871990204
85,5,0.3627905547618866
86,1,0.22580742835998535
86,2,0.21547242999076843
86,3,0.28104615211486816
86,4,0.21803589165210724
86,5,0.2500517666339874
87,1,0.12763528525829315
87,2,0.2914275527000427
87,3,0.1910695880651474
87,4,0.12226586043834686
87,5,0.12955442070960999
88,1,0.2774677276611328
88,2,0.25448259711265564
88,3,0.18164177238941193
88,4,0.2728952169418335
88,5,0.18734677135944366
89,1,0.2759203314781189
89,2,0.12389020621776581
89,3,0.19596317410469055
89,4,0.37456178665161133
89,5,0.12775887548923492
90,1,0.14611691236495972
90,2,0.17573890089988708
90,3,0.2267383486032486
90,4,0.15548565983772278
90,5,0.12372870743274689
91,1,0.20662866532802582
91,2,0.18831397593021393
91,3,0.17963290214538574
91,4,0.15756827592849731
91,5,0.13242778182029724
92,1,0.19378897547721863
92,2,0.16623298823833466
92,3,0.4489409327507019
92,4,0.1931069940328598
92,5,0.22855742275714874
93,1,0.1206529289484024
93,2,0.3378969132900238
93,3,0.3984716832637787
93,4,0.2241794317960739
93,5,0.13714390993118286
94,1,0.288745641708374
94,2,0.17840056121349335
94,3,0.4153388440608978
94,4,0.14490675926208496
94,5,0.30189913511276245
95,1,0.2156158834695816
95,2,0.3641124367713928
95,3,0.10211095213890076
95,4,0.15637493133544922
95,5,0.13059484958648682
96,1,0.21032996475696564
96,2,0.39588576555252075
96,3,0.2276156097650528
96,4,0.11297640204429626
96,5,0.21748405694961548
97,1,0.35097736120224
97,2,0.3036426305770874
97,3,0.22965264320373535
97,4,0.10163497179746628
97,5,0.1988103836774826
98,1,0.12491932511329651
98,2,0.20209598541259766
98,3,0.1970020830631256
98,4,0.21957668662071228
98,5,0.32724595069885254
99,1,0.2936214208602905
99,2,0.1399112045764923
99,3,0.1875702291727066
99,4,0.2732468247413635
99,5,0.14706961810588837
100,1,0.10930322855710983
100,2,0.2920301556587219
100,3,0.14196191728115082
100,4,0.24504514038562775
100,5,0.15106716752052307
