epoch,step,loss
1,1,1.7066497802734375
1,2,1.3666133880615234
1,3,1.1877059936523438
1,4,1.0330524444580078
1,5,0.8450217247009277
1,6,0.9473587274551392
2,1,0.766451358795166
2,2,0.6781774163246155
2,3,0.620959460735321
2,4,0.615683913230896
2,5,0.6707345843315125
3,1,0.7857962846755981
3,2,0.5104273557662964
3,3,0.5392626523971558
3,4,0.492338091135025
3,5,0.5141790509223938
4,1,0.5217730402946472
4,2,0.5789512395858765
4,3,0.5831950902938843
4,4,0.4866954982280731
4,5,0.5072229504585266
5,1,0.4983208179473877
5,2,0.44869503378868103
5,3,0.5459913015365601
5,4,0.435160756111145
5,5,0.4450596570968628
6,1,0.3940421938896179
6,2,0.4966033101081848
6,3,0.3593366742134094
6,4,0.37631797790527344
6,5,0.3904852867126465
7,1,0.37427690625190735
7,2,0.36475038528442383
7,3,0.41879791021347046
7,4,0.4130803942680359
7,5,0.3434813320636749
8,1,0.3352278470993042
8,2,0.28276675939559937
8,3,0.3750864267349243
8,4,0.2835463583469391
8,5,0.3875584602355957
9,1,0.2954327166080475
9,2,0.24561811983585358
9,3,0.2569214403629303
9,4,0.28957468271255493
9,5,0.2876846194267273
10,1,0.3158419132232666
10,2,0.2861712574958801
10,3,0.2565276026725769
10,4,0.22998039424419403
10,5,0.2597097158432007
11,1,0.22632746398448944
11,2,0.2064197063446045
11,3,0.2415798455476761
11,4,0.3198471665382385
11,5,0.1657862365245819
12,1,0.1789383441209793
12,2,0.24164004623889923
12,3,0.25630947947502136
12,4,0.27569279074668884
12,5,0.3011113703250885
13,1,0.23832091689109802
13,2,0.30065107345581055
13,3,0.20053306221961975
13,4,0.19406825304031372
13,5,0.1478443145751953
14,1,0.22262990474700928
14,2,0.16618500649929047
14,3,0.19816023111343384
14,4,0.16097059845924377
14,5,0.12746550142765045
15,1,0.20054319500923157
15,2,0.1382889449596405
15,3,0.13878494501113892
15,4,0.13090375065803528
15,5,0.1534242331981659
16,1,0.09166025370359421
16,2,0.12946447730064392
16,3,0.1151004284620285
16,4,0.24272479116916656
16,5,0.11961521953344345
17,1,0.1521184742450714
17,2,0.1437833309173584
17,3,0.11395459622144699
17,4,0.21930992603302002
17,5,0.1189141720533371
18,1,0.12125281244516373
18,2,0.19774965941905975
18,3,0.10855749249458313
18,4,0.08049624413251877
18,5,0.133043572306633
19,1,0.128892183303833
19,2,0.08673259615898132
19,3,0.05477786809206009
19,4,0.11123110353946686
19,5,0.09047510474920273
20,1,0.0874200165271759
20,2,0.09305721521377563
20,3,0.10529232025146484
20,4,0.0898582935333252
20,5,0.1381959319114685
21,1,0.15649262070655823
21,2,0.3216162323951721
21,3,0.07830482721328735
21,4,0.1492416113615036
21,5,0.08739600330591202
22,1,0.05425571650266647
22,2,0.08022185415029526
22,3,0.1924218088388443
22,4,0.19218677282333374
22,5,0.07995368540287018
23,1,0.06883347779512405
23,2,0.25891128182411194
23,3,0.06838526576757431
23,4,0.10785418748855591
23,5,0.17721155285835266
24,1,0.09741996228694916
24,2,0.04698435217142105
24,3,0.08046601712703705
24,4,0.08247175812721252
24,5,0.07344686985015869
25,1,0.06483294814825058
25,2,0.10383537411689758
25,3,0.1194978654384613
25,4,0.0915767252445221
25,5,0.10716120898723602
26,1,0.04213685914874077
26,2,0.08921119570732117
26,3,0.09769868105649948
26,4,0.08738642930984497
26,5,0.05732505023479462
27,1,0.07132714986801147
27,2,0.06913122534751892
27,3,0.09188558161258698
27,4,0.10859525203704834
27,5,0.1134461909532547
28,1,0.08661745488643646
28,2,0.039683930575847626
28,3,0.13944806158542633
28,4,0.1632680743932724
28,5,0.18676035106182098
29,1,0.020886626094579697
29,2,0.05770925432443619
29,3,0.14944994449615479
29,4,0.1757570505142212
29,5,0.040915898978710175
30,1,0.036718420684337616
30,2,0.06610888987779617
30,3,0.06528958678245544
30,4,0.024577662348747253
30,5,0.03209611773490906
31,1,0.04504171013832092
31,2,0.14918352663516998
31,3,0.11105413734912872
31,4,0.06276444345712662
31,5,0.05418676510453224
32,1,0.031676195561885834
32,2,0.10065177828073502
32,3,0.03268956393003464
32,4,0.05289071798324585
32,5,0.03081771731376648
33,1,0.21183565258979797
33,2,0.019440647214651108
33,3,0.02865719050168991
33,4,0.026884185150265694
33,5,0.08812639117240906
34,1,0.14967407286167145
34,2,0.13796988129615784
34,3,0.06173146888613701
34,4,0.11840642243623734
34,5,0.043675243854522705
35,1,0.11706636846065521
35,2,0.0421811118721962
35,3,0.19394490122795105
35,4,0.02784181758761406
35,5,0.05016488581895828
36,1,0.07346873730421066
36,2,0.026411592960357666
36,3,0.09773416072130203
36,4,0.07538391649723053
36,5,0.037490785121917725
37,1,0.029492048546671867
37,2,0.0363520048558712
37,3,0.08905603736639023
37,4,0.066927470266819
37,5,0.1543513685464859
38,1,0.06857578456401825
38,2,0.08388359099626541
38,3,0.024010341614484787
38,4,0.05781415104866028
38,5,0.03091919980943203
39,1,0.11177980154752731
39,2,0.06941841542720795
39,3,0.061746083199977875
39,4,0.022875819355249405
39,5,0.17130163311958313
40,1,0.01300626341253519
40,2,0.028590437024831772
40,3,0.013430367223918438
40,4,0.07001647353172302
40,5,0.03900480270385742
41,1,0.060201890766620636
41,2,0.10306993126869202
41,3,0.07362839579582214
41,4,0.02805463597178459
41,5,0.0871429294347763
42,1,0.07114250957965851
42,2,0.06627264618873596
42,3,0.03604330122470856
42,4,0.037011053413152695
42,5,0.11652551591396332
43,1,0.07749893516302109
43,2,0.02870360016822815
43,3,0.06426018476486206
43,4,0.07774856686592102
43,5,0.09475205093622208
44,1,0.02151118591427803
44,2,0.0824916809797287
44,3,0.04241924732923508
44,4,0.08522024005651474
44,5,0.04922109842300415
45,1,0.026501629501581192
45,2,0.05994003266096115
45,3,0.02272721379995346
45,4,0.020965196192264557
45,5,0.15404893457889557
46,1,0.014051736332476139
46,2,0.05590354651212692
46,3,0.10461704432964325
46,4,0.03471898287534714
46,5,0.03610336780548096
47,1,0.04577599838376045
47,2,0.017757598310709
47,3,0.04093892127275467
47,4,0.028506752103567123
47,5,0.008311568759381771
48,1,0.12578222155570984
48,2,0.019820937886834145
48,3,0.06427052617073059
48,4,0.008421787992119789
48,5,0.042492300271987915
49,1,0.15416982769966125
49,2,0.03275308385491371
49,3,0.02330762892961502
49,4,0.03189916908740997
49,5,0.13513007760047913
50,1,0.052904170006513596
50,2,0.024531573057174683
50,3,0.02599535509943962
50,4,0.07100718468427658
50,5,0.04213307052850723
51,1,0.02449837327003479
51,2,0.0625995472073555
51,3,0.02827237732708454
51,4,0.028067398816347122
51,5,0.01628953590989113
52,1,0.02077019400894642
52,2,0.011817460879683495
52,3,0.021898332983255386
52,4,0.060324132442474365
52,5,0.026189010590314865
53,1,0.01068648137152195
53,2,0.10563995689153671
53,3,0.018167125061154366
53,4,0.013874359428882599
53,5,0.046520888805389404
54,1,0.07265099883079529
54,2,0.1812894493341446
54,3,0.007089987862855196
54,4,0.10016806423664093
54,5,0.01874716579914093
55,1,0.028071828186511993
55,2,0.02724563330411911
55,3,0.024749549105763435
55,4,0.030420975759625435
55,5,0.12102965265512466
56,1,0.08937438577413559
56,2,0.031089801341295242
56,3,0.012378083541989326
56,4,0.06527946144342422
56,5,0.02620706893503666
57,1,0.014284943230450153
57,2,0.010814271867275238
57,3,0.10475635528564453
57,4,0.04171086475253105
57,5,0.028014913201332092
58,1,0.020889848470687866
58,2,0.05268454551696777
58,3,0.05714009702205658
58,4,0.007824592292308807
58,5,0.03874816745519638
59,1,0.056257110089063644
59,2,0.03057689778506756
59,3,0.011781329289078712
59,4,0.035992980003356934
59,5,0.009671215899288654
60,1,0.08607956767082214
60,2,0.03657105192542076
60,3,0.015385027043521404
60,4,0.014635423198342323
60,5,0.10950735211372375
61,1,0.1129055842757225
61,2,0.03188379853963852
61,3,0.014193015173077583
61,4,0.09142332524061203
61,5,0.016778219491243362
62,1,0.011772509664297104
62,2,0.04282845929265022
62,3,0.03624273091554642
62,4,0.04645929113030434
62,5,0.028307776898145676
63,1,0.049369167536497116
63,2,0.009892739355564117
63,3,0.01072455570101738
63,4,0.060059789568185806
63,5,0.0268359687179327
64,1,0.018022926524281502
64,2,0.031545817852020264
64,3,0.10398411750793457
64,4,0.062099285423755646
64,5,0.017911532893776894
65,1,0.06314518302679062
65,2,0.08761868625879288
65,3,0.008991628885269165
65,4,0.04643072187900543
65,5,0.07176490128040314
66,1,0.06217065081000328
66,2,0.05398140475153923
66,3,0.043553419411182404
66,4,0.027810029685497284
66,5,0.01986919716000557
67,1,0.03810843825340271
67,2,0.008702556602656841
67,3,0.18099422752857208
67,4,0.05512393265962601
67,5,0.006120193284004927
68,1,0.026834912598133087
68,2,0.03620520234107971
68,3,0.030101943761110306
68,4,0.051337987184524536
68,5,0.0900963768362999
69,1,0.056401196867227554
69,2,0.03650492802262306
69,3,0.012964082881808281
69,4,0.016724172979593277
69,5,0.061873093247413635
70,1,0.003965217154473066
70,2,0.023167282342910767
70,3,0.06656096875667572
70,4,0.06983823329210281
70,5,0.07307698577642441
71,1,0.017139937728643417
71,2,0.03624990954995155
71,3,0.007317014038562775
71,4,0.008916805498301983
71,5,0.011810153722763062
72,1,0.006178039591759443
72,2,0.09709887206554413
72,3,0.07097237557172775
72,4,0.08000081777572632
72,5,0.008853456005454063
73,1,0.1219654381275177
73,2,0.03251685947179794
73,3,0.06695763766765594
73,4,0.057417962700128555
73,5,0.01105085015296936
74,1,0.0073015885427594185
74,2,0.014170857146382332
74,3,0.010767687112092972
74,4,0.06400584429502487
74,5,0.028277205303311348
75,1,0.02934110537171364
75,2,0.014949299395084381
75,3,0.06430330127477646
75,4,0.03680147975683212
75,5,0.01647915691137314
76,1,0.017559781670570374
76,2,0.0066850995644927025
76,3,0.01767021045088768
76,4,0.02419591136276722
76,5,0.09492197632789612
77,1,0.00941069982945919
77,2,0.012136954814195633
77,3,0.05086381733417511
77,4,0.05917142331600189
77,5,0.10213863849639893
78,1,0.15522778034210205
78,2,0.006650826893746853
78,3,0.02881171554327011
78,4,0.019164683297276497
78,5,0.015350883826613426
79,1,0.18257325887680054
79,2,0.012894200161099434
79,3,0.010267334058880806
79,4,0.04768718034029007
79,5,0.029146989807486534
80,1,0.03108978644013405
80,2,0.03610862046480179
80,3,0.08998892456293106
80,4,0.021979518234729767
80,5,0.04738621413707733
81,1,0.02825976349413395
81,2,0.008700987324118614
81,3,0.02072639763355255
81,4,0.04141327366232872
81,5,0.06066729500889778
82,1,0.013152634724974632
82,2,0.1564825177192688
82,3,0.06785701215267181
82,4,0.1096951812505722
82,5,0.032498255372047424
83,1,0.02806256152689457
83,2,0.09307028353214264
83,3,0.04652510583400726
83,4,0.012873044237494469
83,5,0.016530010849237442
84,1,0.03938404843211174
84,2,0.03856712579727173
84,3,0.06838923692703247
84,4,0.009127914905548096
84,5,0.01308123767375946
85,1,0.039314378052949905
85,2,0.093593530356884
85,3,0.04012357443571091
85,4,0.021987278014421463
85,5,0.03988271206617355
86,1,0.09481233358383179
86,2,0.0054190075024962425
86,3,0.038614679127931595
86,4,0.027226436883211136
86,5,0.09325818717479706
87,1,0.018811780959367752
87,2,0.032014429569244385
87,3,0.020956803113222122
87,4,0.030146999284625053
87,5,0.04725944995880127
88,1,0.041276730597019196
88,2,0.12060414254665375
88,3,0.062041010707616806
88,4,0.09111983329057693
88,5,0.006758228410035372
89,1,0.01285131648182869
89,2,0.22024394571781158
89,3,0.04727078229188919
89,4,0.012187698855996132
89,5,0.010052261874079704
90,1,0.027853412553668022
90,2,0.010904239490628242
90,3,0.013416239991784096
90,4,0.013363834470510483
90,5,0.07261930406093597
91,1,0.0072228568606078625
91,2,0.013112054206430912
91,3,0.05616901442408562
91,4,0.11337481439113617
91,5,0.07580195367336273
92,1,0.009559055790305138
92,2,0.11217666417360306
92,3,0.03667660802602768
92,4,0.05449385195970535
92,5,0.11523124575614929
93,1,0.006518315523862839
93,2,0.017382634803652763
93,3,0.06214134022593498
93,4,0.0578143447637558
93,5,0.015932530164718628
94,1,0.09812373667955399
94,2,0.009009482339024544
94,3,0.014144813641905785
94,4,0.027863383293151855
94,5,0.01864536479115486
95,1,0.06591428816318512
95,2,0.05069715902209282
95,3,0.13451433181762695
95,4,0.016086099669337273
95,5,0.043726660311222076
96,1,0.09934535622596741
96,2,0.08558114618062973
96,3,0.01732281967997551
96,4,0.007512054406106472
96,5,0.01771577075123787
97,1,0.006079539190977812
97,2,0.023392362520098686
97,3,0.0636216551065445
97,4,0.008400681428611279
97,5,0.020318016409873962
98,1,0.0507667250931263
98,2,0.007188690826296806
98,3,0.052022624760866165
98,4,0.022827817127108574
98,5,0.013089029118418694
99,1,0.016795635223388672
99,2,0.04702392965555191
99,3,0.012639142572879791
99,4,0.075520820915699
99,5,0.018066439777612686
100,1,0.03771591931581497
100,2,0.005574012640863657
100,3,0.05630305036902428
100,4,0.005788115784525871
100,5,0.008766542188823223
