epoch,step,loss
1,1,1.0625450611114502
1,2,1.0369453430175781
1,3,1.0172981023788452
1,4,0.9975627660751343
1,5,0.9794399738311768
1,6,0.9676584005355835
1,7,0.9578323364257812
1,8,0.9418014883995056
1,9,0.9279986023902893
1,10,0.9187831282615662
1,11,0.8967313170433044
1,12,0.8967987298965454
1,13,0.8830609321594238
1,14,0.8688900470733643
1,15,0.8626055717468262
1,16,0.8535427451133728
1,17,0.8436046838760376
1,18,0.8325884938240051
1,19,0.8251067996025085
1,20,0.8187412023544312
1,21,0.8088204860687256
1,22,0.8068331480026245
1,23,0.8021013140678406
1,24,0.7970075607299805
1,25,0.782920241355896
1,26,0.7724444270133972
1,27,0.7663264870643616
1,28,0.7693336606025696
2,1,0.7714669704437256
2,2,0.7559208869934082
2,3,0.7565906643867493
2,4,0.7556313276290894
2,5,0.7516000866889954
2,6,0.7353934645652771
2,7,0.7572173476219177
2,8,0.7385851144790649
2,9,0.7349210977554321
2,10,0.7312097549438477
2,11,0.730862021446228
2,12,0.7288899421691895
2,13,0.7431073188781738
2,14,0.7302718162536621
2,15,0.7196892499923706
2,16,0.7212729454040527
2,17,0.712945282459259
2,18,0.7017592191696167
2,19,0.7222163677215576
2,20,0.7234530448913574
2,21,0.7179355025291443
2,22,0.6970682740211487
2,23,0.7128893136978149
2,24,0.7247077226638794
2,25,0.6944833993911743
2,26,0.6960917711257935
2,27,0.6972635984420776
3,1,0.689581573009491
3,2,0.6897860765457153
3,3,0.7008057832717896
3,4,0.683139443397522
3,5,0.696375846862793
3,6,0.7024987936019897
3,7,0.6907208561897278
3,8,0.6843515634536743
3,9,0.6886211633682251
3,10,0.6876009702682495
3,11,0.689049482345581
3,12,0.6829931735992432
3,13,0.6614880561828613
3,14,0.6840192079544067
3,15,0.6848252415657043
3,16,0.6892513632774353
3,17,0.6843888163566589
3,18,0.6730037927627563
3,19,0.6772862672805786
3,20,0.6749731302261353
3,21,0.6790148019790649
3,22,0.6821689605712891
3,23,0.6760315895080566
3,24,0.6585450172424316
3,25,0.6560181975364685
3,26,0.6769793033599854
3,27,0.6534812450408936
4,1,0.6483379602432251
4,2,0.6582796573638916
4,3,0.6521993279457092
4,4,0.663550078868866
4,5,0.6497277021408081
4,6,0.647392749786377
4,7,0.667670488357544
4,8,0.6576184630393982
4,9,0.6573083400726318
4,10,0.6584421992301941
4,11,0.6556293964385986
4,12,0.6486241221427917
4,13,0.661028265953064
4,14,0.6614222526550293
4,15,0.6596739292144775
4,16,0.6448575854301453
4,17,0.641132116317749
4,18,0.6444463729858398
4,19,0.6451655030250549
4,20,0.6529650688171387
4,21,0.633508563041687
4,22,0.6531445980072021
4,23,0.6341046094894409
4,24,0.6331322193145752
4,25,0.6452107429504395
4,26,0.6388372182846069
4,27,0.6332359910011292
5,1,0.6353383660316467
5,2,0.6304234266281128
5,3,0.6248259544372559
5,4,0.6195535659790039
5,5,0.6243919134140015
5,6,0.6346544027328491
5,7,0.6248875856399536
5,8,0.6254392266273499
5,9,0.6297749280929565
5,10,0.6099507808685303
5,11,0.6161965131759644
5,12,0.6433762907981873
5,13,0.6193703413009644
5,14,0.6285944581031799
5,15,0.6081027388572693
5,16,0.640005886554718
5,17,0.6100521683692932
5,18,0.6185637712478638
5,19,0.6089887619018555
5,20,0.6005915403366089
5,21,0.5985732674598694
5,22,0.6143982410430908
5,23,0.6259877681732178
5,24,0.6092770099639893
5,25,0.6073809266090393
5,26,0.6145274639129639
5,27,0.6082630157470703
6,1,0.5973374843597412
6,2,0.591116189956665
6,3,0.5765817165374756
6,4,0.5946687459945679
6,5,0.5987549424171448
6,6,0.5982716083526611
6,7,0.6127266883850098
6,8,0.6009371876716614
6,9,0.5889368653297424
6,10,0.5834732055664062
6,11,0.586992621421814
6,12,0.5994130373001099
6,13,0.5974918603897095
6,14,0.5880531072616577
6,15,0.59975266456604
6,16,0.5873639583587646
6,17,0.5847588777542114
6,18,0.5829851031303406
6,19,0.584399402141571
6,20,0.5814833045005798
6,21,0.5826379656791687
6,22,0.5859666466712952
6,23,0.5762853622436523
6,24,0.5764619708061218
6,25,0.563980221748352
6,26,0.5646693706512451
6,27,0.5642661452293396
7,1,0.5620275735855103
7,2,0.5715060234069824
7,3,0.5665584802627563
7,4,0.5644820332527161
7,5,0.5675561428070068
7,6,0.5755280256271362
7,7,0.5641723871231079
7,8,0.575617253780365
7,9,0.5674017071723938
7,10,0.5528339743614197
7,11,0.5433657765388489
7,12,0.558297336101532
7,13,0.5500661134719849
7,14,0.555011510848999
7,15,0.5583364963531494
7,16,0.5439847707748413
7,17,0.5459201335906982
7,18,0.5441608428955078
7,19,0.5571410655975342
7,20,0.5596363544464111
7,21,0.5517032742500305
7,22,0.5600998997688293
7,23,0.5336806774139404
7,24,0.5464099049568176
7,25,0.5401260852813721
7,26,0.5417187809944153
7,27,0.5515214204788208
8,1,0.5336283445358276
8,2,0.531211256980896
8,3,0.5588765144348145
8,4,0.5386674404144287
8,5,0.531521201133728
8,6,0.5428474545478821
8,7,0.524026095867157
8,8,0.5414611101150513
8,9,0.5320318341255188
8,10,0.5352620482444763
8,11,0.5182093977928162
8,12,0.5188716053962708
8,13,0.5341759920120239
8,14,0.5290957093238831
8,15,0.5184280872344971
8,16,0.5263997316360474
8,17,0.5073477029800415
8,18,0.5372453927993774
8,19,0.5092531442642212
8,20,0.5220471620559692
8,21,0.5165145397186279
8,22,0.5282454490661621
8,23,0.5083831548690796
8,24,0.525507926940918
8,25,0.5244073271751404
8,26,0.5195517539978027
8,27,0.5131590366363525
9,1,0.5028895735740662
9,2,0.5078607201576233
9,3,0.5068379044532776
9,4,0.49728384613990784
9,5,0.5070847868919373
9,6,0.5037448406219482
9,7,0.511549711227417
9,8,0.5099645256996155
9,9,0.4942667484283447
9,10,0.49421441555023193
9,11,0.5020864605903625
9,12,0.5027390718460083
9,13,0.523479700088501
9,14,0.49301204085350037
9,15,0.510948121547699
9,16,0.5045328140258789
9,17,0.5228646993637085
9,18,0.48507803678512573
9,19,0.4864334464073181
9,20,0.49367475509643555
9,21,0.48648929595947266
9,22,0.49199730157852173
9,23,0.511530876159668
9,24,0.4898815155029297
9,25,0.4989725351333618
9,26,0.48896652460098267
9,27,0.4895678460597992
10,1,0.4915624260902405
10,2,0.48400813341140747
10,3,0.4890243411064148
10,4,0.49060380458831787
10,5,0.4861157536506653
10,6,0.48373645544052124
10,7,0.4918545186519623
10,8,0.4963419437408447
10,9,0.47501057386398315
10,10,0.4834221601486206
10,11,0.4735370874404907
10,12,0.486614465713501
10,13,0.48661816120147705
10,14,0.4713817238807678
10,15,0.4742647409439087
10,16,0.477262943983078
10,17,0.4812163710594177
10,18,0.4786478281021118
10,19,0.4773661494255066
10,20,0.46238142251968384
10,21,0.47676360607147217
10,22,0.48493465781211853
10,23,0.46335333585739136
10,24,0.4698057770729065
10,25,0.46277183294296265
10,26,0.47301483154296875
10,27,0.4703993797302246
11,1,0.4574168920516968
11,2,0.45857712626457214
11,3,0.4565044045448303
11,4,0.4667150378227234
11,5,0.45805513858795166
11,6,0.4648020267486572
11,7,0.47248709201812744
11,8,0.45910030603408813
11,9,0.4643417298793793
11,10,0.45198220014572144
11,11,0.46956968307495117
11,12,0.4584331214427948
11,13,0.45034343004226685
11,14,0.4603395462036133
11,15,0.4710067808628082
11,16,0.4820464253425598
11,17,0.4460090398788452
11,18,0.45152419805526733
11,19,0.45085620880126953
11,20,0.45280131697654724
11,21,0.4557299017906189
11,22,0.4522421956062317
11,23,0.44630926847457886
11,24,0.44832688570022583
11,25,0.45075780153274536
11,26,0.45108190178871155
11,27,0.46220487356185913
12,1,0.45000380277633667
12,2,0.4481586813926697
12,3,0.4532988965511322
12,4,0.4520230293273926
12,5,0.452789306640625
12,6,0.45235806703567505
12,7,0.4465630054473877
12,8,0.45616596937179565
12,9,0.4348623752593994
12,10,0.4393068850040436
12,11,0.44405215978622437
12,12,0.4393357038497925
12,13,0.4299696385860443
12,14,0.44881829619407654
12,15,0.42867207527160645
12,16,0.4415302872657776
12,17,0.4336147904396057
12,18,0.44070664048194885
12,19,0.42699795961380005
12,20,0.4489290118217468
12,21,0.4385167062282562
12,22,0.42967623472213745
12,23,0.4311974048614502
12,24,0.43207859992980957
12,25,0.44802385568618774
12,26,0.4322102665901184
12,27,0.4147055149078369
13,1,0.41882967948913574
13,2,0.4240012764930725
13,3,0.4357120990753174
13,4,0.46778368949890137
13,5,0.43126192688941956
13,6,0.4286501407623291
13,7,0.42073357105255127
13,8,0.4443909525871277
13,9,0.4253132939338684
13,10,0.4259820580482483
13,11,0.4252433478832245
13,12,0.42133814096450806
13,13,0.42135608196258545
13,14,0.43228423595428467
13,15,0.41843417286872864
13,16,0.42449015378952026
13,17,0.42865169048309326
13,18,0.4180447459220886
13,19,0.4327414929866791
13,20,0.42517971992492676
13,21,0.45047104358673096
13,22,0.42246580123901367
13,23,0.4180973172187805
13,24,0.4250235855579376
13,25,0.4136761724948883
13,26,0.4313585162162781
13,27,0.41643622517585754
14,1,0.4329375624656677
14,2,0.4113454520702362
14,3,0.4285365045070648
14,4,0.4059502184391022
14,5,0.40167438983917236
14,6,0.4055580496788025
14,7,0.39993831515312195
14,8,0.4074249863624573
14,9,0.40212181210517883
14,10,0.4068652391433716
14,11,0.4070422649383545
14,12,0.4012991487979889
14,13,0.408413827419281
14,14,0.4096946716308594
14,15,0.3987494707107544
14,16,0.39405739307403564
14,17,0.4047386050224304
14,18,0.39028918743133545
14,19,0.40720951557159424
14,20,0.39937782287597656
14,21,0.3948608338832855
14,22,0.40417221188545227
14,23,0.4080221951007843
14,24,0.4029344320297241
14,25,0.401220440864563
14,26,0.40242838859558105
14,27,0.3975546658039093
15,1,0.409148246049881
15,2,0.3944041132926941
15,3,0.39831864833831787
15,4,0.4000004529953003
15,5,0.3924735188484192
15,6,0.3867833912372589
15,7,0.41071343421936035
15,8,0.3939095735549927
15,9,0.40944743156433105
15,10,0.39806729555130005
15,11,0.39851343631744385
15,12,0.3897881805896759
15,13,0.3925952911376953
15,14,0.39156079292297363
15,15,0.38122379779815674
15,16,0.3952018618583679
15,17,0.39260655641555786
15,18,0.38148391246795654
15,19,0.3858242630958557
15,20,0.3806825578212738
15,21,0.4040212631225586
15,22,0.3779040575027466
15,23,0.38698410987854004
15,24,0.3836568295955658
15,25,0.3876478970050812
15,26,0.3852631449699402
15,27,0.3711555302143097
16,1,0.383370041847229
16,2,0.3810723125934601
16,3,0.38950830698013306
16,4,0.383523166179657
16,5,0.38870173692703247
16,6,0.38889387249946594
16,7,0.3741427958011627
16,8,0.369108110666275
16,9,0.37915438413619995
16,10,0.37498366832733154
16,11,0.38827967643737793
16,12,0.37699615955352783
16,13,0.3918589949607849
16,14,0.377188503742218
16,15,0.3766973912715912
16,16,0.37453460693359375
16,17,0.3908352851867676
16,18,0.3776736557483673
16,19,0.377535879611969
16,20,0.37780311703681946
16,21,0.3848598003387451
16,22,0.37997859716415405
16,23,0.36503344774246216
16,24,0.3767666816711426
16,25,0.37638169527053833
16,26,0.3655097484588623
16,27,0.3650212585926056
17,1,0.363820880651474
17,2,0.37258780002593994
17,3,0.36672940850257874
17,4,0.3704873323440552
17,5,0.3688952326774597
17,6,0.36602628231048584
17,7,0.3815881311893463
17,8,0.36029601097106934
17,9,0.37643545866012573
17,10,0.3714671730995178
17,11,0.3493916392326355
17,12,0.3584364950656891
17,13,0.35414373874664307
17,14,0.3621332049369812
17,15,0.37183499336242676
17,16,0.35989275574684143
17,17,0.35517412424087524
17,18,0.3705243468284607
17,19,0.36605706810951233
17,20,0.3689456880092621
17,21,0.35637128353118896
17,22,0.37336891889572144
17,23,0.3639778196811676
17,24,0.39328449964523315
17,25,0.35886695981025696
17,26,0.3549649715423584
17,27,0.3757161498069763
18,1,0.3555777668952942
18,2,0.3689059615135193
18,3,0.3510534465312958
18,4,0.352965772151947
18,5,0.36198902130126953
18,6,0.361946702003479
18,7,0.36519506573677063
18,8,0.3495590090751648
18,9,0.35499873757362366
18,10,0.373315691947937
18,11,0.34591302275657654
18,12,0.3528878688812256
18,13,0.3692188858985901
18,14,0.3530081808567047
18,15,0.34291598200798035
18,16,0.3516927659511566
18,17,0.34961992502212524
18,18,0.3600347638130188
18,19,0.34720122814178467
18,20,0.3452242612838745
18,21,0.3502598702907562
18,22,0.3474874496459961
18,23,0.3407832682132721
18,24,0.346274197101593
18,25,0.3727714717388153
18,26,0.3508304953575134
18,27,0.3540225028991699
19,1,0.3415107727050781
19,2,0.3550525903701782
19,3,0.34102368354797363
19,4,0.3461768627166748
19,5,0.34319809079170227
19,6,0.3442399203777313
19,7,0.3762851357460022
19,8,0.3475809097290039
19,9,0.34128111600875854
19,10,0.3313628137111664
19,11,0.33363038301467896
19,12,0.3351361155509949
19,13,0.33677512407302856
19,14,0.349496066570282
19,15,0.33663392066955566
19,16,0.3455957770347595
19,17,0.3429756760597229
19,18,0.33273908495903015
19,19,0.3432777225971222
19,20,0.35831934213638306
19,21,0.34383124113082886
19,22,0.3343157470226288
19,23,0.3396996855735779
19,24,0.32770678400993347
19,25,0.34250739216804504
19,26,0.3295328617095947
19,27,0.3393321633338928
20,1,0.3278768062591553
20,2,0.33399707078933716
20,3,0.335238516330719
20,4,0.3504224121570587
20,5,0.34247151017189026
20,6,0.3358633518218994
20,7,0.33458787202835083
20,8,0.32650187611579895
20,9,0.33629536628723145
20,10,0.32612043619155884
20,11,0.3353782892227173
20,12,0.33011022210121155
20,13,0.31845760345458984
20,14,0.3210252821445465
20,15,0.329074501991272
20,16,0.3200730085372925
20,17,0.32500147819519043
20,18,0.3260217308998108
20,19,0.329669326543808
20,20,0.32344764471054077
20,21,0.32685548067092896
20,22,0.3289986848831177
20,23,0.32526895403862
20,24,0.318243145942688
20,25,0.3291071057319641
20,26,0.3327653110027313
20,27,0.310566782951355
21,1,0.3249858021736145
21,2,0.32772672176361084
21,3,0.34203606843948364
21,4,0.32642555236816406
21,5,0.3184870481491089
21,6,0.3203818202018738
21,7,0.3202856779098511
21,8,0.3180566430091858
21,9,0.3134491741657257
21,10,0.3275988698005676
21,11,0.3281782269477844
21,12,0.32314619421958923
21,13,0.3196721374988556
21,14,0.3130963444709778
21,15,0.30994173884391785
21,16,0.3206596076488495
21,17,0.3101922273635864
21,18,0.30655401945114136
21,19,0.3076399564743042
21,20,0.3122553825378418
21,21,0.3136654496192932
21,22,0.34632009267807007
21,23,0.3174859285354614
21,24,0.3129761815071106
21,25,0.30897337198257446
21,26,0.30748555064201355
21,27,0.3130992650985718
22,1,0.31981319189071655
22,2,0.3163488805294037
22,3,0.3106449544429779
22,4,0.311043918132782
22,5,0.31127265095710754
22,6,0.31187528371810913
22,7,0.3181809186935425
22,8,0.3169151544570923
22,9,0.3122829496860504
22,10,0.30920952558517456
22,11,0.2929896116256714
22,12,0.3163641393184662
22,13,0.2964358627796173
22,14,0.3116649389266968
22,15,0.3160233199596405
22,16,0.32401514053344727
22,17,0.3028169870376587
22,18,0.3097449243068695
22,19,0.2956792712211609
22,20,0.32049065828323364
22,21,0.31481581926345825
22,22,0.2999911308288574
22,23,0.30864256620407104
22,24,0.30293747782707214
22,25,0.31465423107147217
22,26,0.3077620267868042
22,27,0.3012266755104065
23,1,0.3028028905391693
23,2,0.3082495331764221
23,3,0.30546966195106506
23,4,0.30326324701309204
23,5,0.29819366335868835
23,6,0.31635725498199463
23,7,0.3035532236099243
23,8,0.2940034568309784
23,9,0.30400338768959045
23,10,0.3079696297645569
23,11,0.30861854553222656
23,12,0.29323863983154297
23,13,0.2966613173484802
23,14,0.3002471923828125
23,15,0.29524391889572144
23,16,0.2928878962993622
23,17,0.31308430433273315
23,18,0.3036039471626282
23,19,0.2915295958518982
23,20,0.30225199460983276
23,21,0.2930825650691986
23,22,0.29746973514556885
23,23,0.2914350628852844
23,24,0.2933260202407837
23,25,0.3052559494972229
23,26,0.2962808609008789
23,27,0.28931915760040283
24,1,0.2909325957298279
24,2,0.2857852578163147
24,3,0.29394233226776123
24,4,0.29378271102905273
24,5,0.29882657527923584
24,6,0.28018584847450256
24,7,0.2848888039588928
24,8,0.3133049011230469
24,9,0.3022006154060364
24,10,0.2856591045856476
24,11,0.2811194956302643
24,12,0.3053733706474304
24,13,0.2959638833999634
24,14,0.2991308271884918
24,15,0.288559228181839
24,16,0.28373563289642334
24,17,0.29750433564186096
24,18,0.28366726636886597
24,19,0.28135424852371216
24,20,0.289700448513031
24,21,0.28916653990745544
24,22,0.28357774019241333
24,23,0.30963820219039917
24,24,0.2928556203842163
24,25,0.2722146511077881
24,26,0.28532540798187256
24,27,0.28424233198165894
25,1,0.286443829536438
25,2,0.28606653213500977
25,3,0.27029842138290405
25,4,0.2828035354614258
25,5,0.2748417854309082
25,6,0.2967052161693573
25,7,0.29296165704727173
25,8,0.2732117772102356
25,9,0.27688068151474
25,10,0.2950195074081421
25,11,0.2848398685455322
25,12,0.28485244512557983
25,13,0.29234081506729126
25,14,0.3110116720199585
25,15,0.2965426743030548
25,16,0.28282755613327026
25,17,0.28275448083877563
25,18,0.27755314111709595
25,19,0.2874651551246643
25,20,0.2734734117984772
25,21,0.29060128331184387
25,22,0.28039368987083435
25,23,0.28720295429229736
25,24,0.27844494581222534
25,25,0.2698557376861572
25,26,0.2871274948120117
25,27,0.2949095368385315
26,1,0.28267258405685425
26,2,0.2976939380168915
26,3,0.2809821367263794
26,4,0.27221348881721497
26,5,0.2755967974662781
26,6,0.28039199113845825
26,7,0.28361237049102783
26,8,0.27893131971359253
26,9,0.26909250020980835
26,10,0.2693597078323364
26,11,0.2759554386138916
26,12,0.29696589708328247
26,13,0.2709519863128662
26,14,0.2715013027191162
26,15,0.2895474433898926
26,16,0.2882290780544281
26,17,0.3014106750488281
26,18,0.27383261919021606
26,19,0.27326735854148865
26,20,0.26864784955978394
26,21,0.2630387544631958
26,22,0.26688051223754883
26,23,0.2791455388069153
26,24,0.27343887090682983
26,25,0.2602749466896057
26,26,0.27678969502449036
26,27,0.26531583070755005
27,1,0.26283639669418335
27,2,0.2810354232788086
27,3,0.26921766996383667
27,4,0.26605668663978577
27,5,0.274940550327301
27,6,0.2837921380996704
27,7,0.268593430519104
27,8,0.2663605213165283
27,9,0.2734166383743286
27,10,0.26970750093460083
27,11,0.25494518876075745
27,12,0.2708100974559784
27,13,0.2721713185310364
27,14,0.28348225355148315
27,15,0.27255672216415405
27,16,0.26800352334976196
27,17,0.2741487920284271
27,18,0.27366411685943604
27,19,0.2643595337867737
27,20,0.27525803446769714
27,21,0.26660746335983276
27,22,0.2671393156051636
27,23,0.26442456245422363
27,24,0.25889304280281067
27,25,0.25677692890167236
27,26,0.2641271948814392
27,27,0.25784245133399963
28,1,0.2663266062736511
28,2,0.2855604290962219
28,3,0.25833860039711
28,4,0.2638092637062073
28,5,0.27586522698402405
28,6,0.2522704601287842
28,7,0.2582405209541321
28,8,0.26169484853744507
28,9,0.2605171501636505
28,10,0.25385016202926636
28,11,0.26244813203811646
28,12,0.24975693225860596
28,13,0.26711878180503845
28,14,0.2578866481781006
28,15,0.26473385095596313
28,16,0.25698229670524597
28,17,0.2495724856853485
28,18,0.27193814516067505
28,19,0.2633432149887085
28,20,0.2817632853984833
28,21,0.2548331916332245
28,22,0.2517659068107605
28,23,0.2706338167190552
28,24,0.2529272139072418
28,25,0.2592870891094208
28,26,0.2574886083602905
28,27,0.25738081336021423
29,1,0.2692616283893585
29,2,0.2682811915874481
29,3,0.24852122366428375
29,4,0.2609626054763794
29,5,0.2562551200389862
29,6,0.2532185912132263
29,7,0.2554105520248413
29,8,0.25572317838668823
29,9,0.24620887637138367
29,10,0.24597251415252686
29,11,0.25545546412467957
29,12,0.25668519735336304
29,13,0.25195813179016113
29,14,0.2483745515346527
29,15,0.2701936364173889
29,16,0.2487468719482422
29,17,0.25544100999832153
29,18,0.24517112970352173
29,19,0.2570992708206177
29,20,0.25524380803108215
29,21,0.2547146677970886
29,22,0.2404814064502716
29,23,0.24310575425624847
29,24,0.24622003734111786
29,25,0.26102423667907715
29,26,0.2719882130622864
29,27,0.25941240787506104
30,1,0.25147590041160583
30,2,0.24948881566524506
30,3,0.25036025047302246
30,4,0.2591714859008789
30,5,0.2514703571796417
30,6,0.25290796160697937
30,7,0.2642099857330322
30,8,0.24861060082912445
30,9,0.25207483768463135
30,10,0.24765294790267944
30,11,0.24644093215465546
30,12,0.25385865569114685
30,13,0.24493984878063202
30,14,0.2521260678768158
30,15,0.24203640222549438
30,16,0.2564789354801178
30,17,0.23948943614959717
30,18,0.24646827578544617
30,19,0.26046741008758545
30,20,0.24142655730247498
30,21,0.2527357339859009
30,22,0.2434290498495102
30,23,0.24155102670192719
30,24,0.24593627452850342
30,25,0.2438795268535614
30,26,0.2398967146873474
30,27,0.25391846895217896
31,1,0.24060451984405518
31,2,0.241364985704422
31,3,0.24416686594486237
31,4,0.23895928263664246
31,5,0.24580910801887512
31,6,0.2586381435394287
31,7,0.25226891040802
31,8,0.25195473432540894
31,9,0.24538475275039673
31,10,0.24034583568572998
31,11,0.23428001999855042
31,12,0.2302212417125702
31,13,0.24924664199352264
31,14,0.24050620198249817
31,15,0.23984253406524658
31,16,0.23393675684928894
31,17,0.2398345023393631
31,18,0.23733747005462646
31,19,0.24801674485206604
31,20,0.24147866666316986
31,21,0.23849356174468994
31,22,0.24116426706314087
31,23,0.2403697371482849
31,24,0.24626120924949646
31,25,0.24518325924873352
31,26,0.24420715868473053
31,27,0.23510850965976715
32,1,0.23388510942459106
32,2,0.25236058235168457
32,3,0.23330816626548767
32,4,0.24237988889217377
32,5,0.227056622505188
32,6,0.23715732991695404
32,7,0.24623873829841614
32,8,0.2539207339286804
32,9,0.23798656463623047
32,10,0.23318251967430115
32,11,0.23472903668880463
32,12,0.23727795481681824
32,13,0.24207879602909088
32,14,0.23205173015594482
32,15,0.22498343884944916
32,16,0.24399609863758087
32,17,0.22465838491916656
32,18,0.2313859760761261
32,19,0.22797074913978577
32,20,0.24632039666175842
32,21,0.23651862144470215
32,22,0.2386537790298462
32,23,0.2300693690776825
32,24,0.23475852608680725
32,25,0.23233860731124878
32,26,0.2405889481306076
32,27,0.23383256793022156
33,1,0.2381453961133957
33,2,0.22797726094722748
33,3,0.23432093858718872
33,4,0.22061967849731445
33,5,0.23834115266799927
33,6,0.2395211160182953
33,7,0.23159857094287872
33,8,0.23120960593223572
33,9,0.24748873710632324
33,10,0.23779335618019104
33,11,0.22201454639434814
33,12,0.22491034865379333
33,13,0.24916008114814758
33,14,0.22785505652427673
33,15,0.23642060160636902
33,16,0.2332547903060913
33,17,0.2378133237361908
33,18,0.23353956639766693
33,19,0.24665145576000214
33,20,0.24000284075737
33,21,0.24156160652637482
33,22,0.24250496923923492
33,23,0.22948160767555237
33,24,0.22811882197856903
33,25,0.22898726165294647
33,26,0.23065990209579468
33,27,0.22266697883605957
34,1,0.22686047852039337
34,2,0.23149150609970093
34,3,0.22107231616973877
34,4,0.22403740882873535
34,5,0.22301557660102844
34,6,0.22610440850257874
34,7,0.225497305393219
34,8,0.22938168048858643
34,9,0.22509795427322388
34,10,0.22187724709510803
34,11,0.21803224086761475
34,12,0.24556316435337067
34,13,0.23228973150253296
34,14,0.22012469172477722
34,15,0.2282278835773468
34,16,0.2416170835494995
34,17,0.2339727282524109
34,18,0.21915476024150848
34,19,0.23428981006145477
34,20,0.22678005695343018
34,21,0.22613275051116943
34,22,0.22115382552146912
34,23,0.2370319664478302
34,24,0.22414623200893402
34,25,0.23034892976284027
34,26,0.22465839982032776
34,27,0.21580375730991364
35,1,0.22051146626472473
35,2,0.22022691369056702
35,3,0.23738408088684082
35,4,0.22250089049339294
35,5,0.22482097148895264
35,6,0.2112523317337036
35,7,0.2173992097377777
35,8,0.22923822700977325
35,9,0.2177267223596573
35,10,0.21828371286392212
35,11,0.2231837809085846
35,12,0.2324696183204651
35,13,0.21453140676021576
35,14,0.21474355459213257
35,15,0.2219344675540924
35,16,0.2121138870716095
35,17,0.24715691804885864
35,18,0.21502351760864258
35,19,0.21176350116729736
35,20,0.23370614647865295
35,21,0.21875900030136108
35,22,0.24781203269958496
35,23,0.2179878056049347
35,24,0.21980887651443481
35,25,0.2134861946105957
35,26,0.21673311293125153
35,27,0.22131699323654175
36,1,0.21621772646903992
36,2,0.20909300446510315
36,3,0.21291692554950714
36,4,0.21178863942623138
36,5,0.2159578800201416
36,6,0.21008837223052979
36,7,0.2103954553604126
36,8,0.20602846145629883
36,9,0.21963277459144592
36,10,0.21181535720825195
36,11,0.2087523639202118
36,12,0.2149185985326767
36,13,0.24882490932941437
36,14,0.221136674284935
36,15,0.21490076184272766
36,16,0.21487684547901154
36,17,0.20860473811626434
36,18,0.21001559495925903
36,19,0.21773788332939148
36,20,0.20513120293617249
36,21,0.20710489153862
36,22,0.2081950306892395
36,23,0.22097499668598175
36,24,0.21827201545238495
36,25,0.21156378090381622
36,26,0.24823123216629028
36,27,0.2059175670146942
37,1,0.2367619127035141
37,2,0.2079935371875763
37,3,0.23934386670589447
37,4,0.2093949019908905
37,5,0.20976009964942932
37,6,0.2149801403284073
37,7,0.20903244614601135
37,8,0.20774886012077332
37,9,0.20481322705745697
37,10,0.21241620182991028
37,11,0.22628965973854065
37,12,0.2051324099302292
37,13,0.2067747563123703
37,14,0.20704993605613708
37,15,0.22006750106811523
37,16,0.21522369980812073
37,17,0.21257057785987854
37,18,0.2548196315765381
37,19,0.21425233781337738
37,20,0.21951131522655487
37,21,0.21102893352508545
37,22,0.22097033262252808
37,23,0.2207818478345871
37,24,0.2170696258544922
37,25,0.21837158501148224
37,26,0.21712520718574524
37,27,0.2138906717300415
38,1,0.2068503499031067
38,2,0.2061910778284073
38,3,0.2101767361164093
38,4,0.22071245312690735
38,5,0.20690712332725525
38,6,0.2066165804862976
38,7,0.2099345177412033
38,8,0.2128785252571106
38,9,0.20571550726890564
38,10,0.20410414040088654
38,11,0.20596924424171448
38,12,0.2057228684425354
38,13,0.2119394838809967
38,14,0.20386061072349548
38,15,0.2011890858411789
38,16,0.20457810163497925
38,17,0.20027577877044678
38,18,0.2085568606853485
38,19,0.2049647867679596
38,20,0.20436716079711914
38,21,0.20567691326141357
38,22,0.2041216492652893
38,23,0.21171727776527405
38,24,0.19646281003952026
38,25,0.2022116333246231
38,26,0.20952481031417847
38,27,0.2067689597606659
39,1,0.2006998062133789
39,2,0.20189693570137024
39,3,0.20006027817726135
39,4,0.20154663920402527
39,5,0.19645166397094727
39,6,0.20362588763237
39,7,0.21158593893051147
39,8,0.20649443566799164
39,9,0.2050602287054062
39,10,0.1967039704322815
39,11,0.20353005826473236
39,12,0.20055373013019562
39,13,0.20584817230701447
39,14,0.19963166117668152
39,15,0.2021370232105255
39,16,0.2046547532081604
39,17,0.21817967295646667
39,18,0.19400790333747864
39,19,0.20164267718791962
39,20,0.20491373538970947
39,21,0.20656931400299072
39,22,0.1998695433139801
39,23,0.20183205604553223
39,24,0.19910627603530884
39,25,0.2034895420074463
39,26,0.2083515077829361
39,27,0.20159459114074707
40,1,0.19617143273353577
40,2,0.19515520334243774
40,3,0.2006833553314209
40,4,0.19345757365226746
40,5,0.19435957074165344
40,6,0.19807706773281097
40,7,0.19775502383708954
40,8,0.19516751170158386
40,9,0.19940701127052307
40,10,0.19536833465099335
40,11,0.19245031476020813
40,12,0.20003296434879303
40,13,0.20572346448898315
40,14,0.2002106010913849
40,15,0.1974794715642929
40,16,0.19405707716941833
40,17,0.19577014446258545
40,18,0.19621936976909637
40,19,0.21095752716064453
40,20,0.19790032505989075
40,21,0.1931537389755249
40,22,0.1910468339920044
40,23,0.20265191793441772
40,24,0.19115227460861206
40,25,0.23073400557041168
40,26,0.19331368803977966
40,27,0.19650089740753174
41,1,0.18928220868110657
41,2,0.20010942220687866
41,3,0.1976625919342041
41,4,0.20578977465629578
41,5,0.20280149579048157
41,6,0.19067922234535217
41,7,0.20652872323989868
41,8,0.19444158673286438
41,9,0.22029204666614532
41,10,0.19351819157600403
41,11,0.20920898020267487
41,12,0.19169296324253082
41,13,0.2011052370071411
41,14,0.20135952532291412
41,15,0.19027622044086456
41,16,0.19199876487255096
41,17,0.19053880870342255
41,18,0.19530653953552246
41,19,0.21293267607688904
41,20,0.1901668757200241
41,21,0.19401998817920685
41,22,0.1878611296415329
41,23,0.21168029308319092
41,24,0.21593330800533295
41,25,0.19820542633533478
41,26,0.19275937974452972
41,27,0.1944357454776764
42,1,0.18658658862113953
42,2,0.18779988586902618
42,3,0.21187439560890198
42,4,0.1907036006450653
42,5,0.19619643688201904
42,6,0.19815434515476227
42,7,0.19316408038139343
42,8,0.18466180562973022
42,9,0.1879824995994568
42,10,0.1910276859998703
42,11,0.18743133544921875
42,12,0.19609516859054565
42,13,0.1856434941291809
42,14,0.18740418553352356
42,15,0.18712592124938965
42,16,0.19333116710186005
42,17,0.18543007969856262
42,18,0.19269223511219025
42,19,0.19558453559875488
42,20,0.1856957972049713
42,21,0.186809241771698
42,22,0.18783918023109436
42,23,0.192148357629776
42,24,0.19472841918468475
42,25,0.21102087199687958
42,26,0.18809252977371216
42,27,0.18983876705169678
43,1,0.18923711776733398
43,2,0.1878255307674408
43,3,0.18382713198661804
43,4,0.18999934196472168
43,5,0.1847999095916748
43,6,0.19431279599666595
43,7,0.19122925400733948
43,8,0.19697347283363342
43,9,0.19069552421569824
43,10,0.2025415003299713
43,11,0.1857590526342392
43,12,0.19284358620643616
43,13,0.19415715336799622
43,14,0.18997207283973694
43,15,0.18587185442447662
43,16,0.18859103322029114
43,17,0.1894553005695343
43,18,0.1867830455303192
43,19,0.19053706526756287
43,20,0.18950003385543823
43,21,0.18496522307395935
43,22,0.18599089980125427
43,23,0.1896457076072693
43,24,0.185491681098938
43,25,0.18658515810966492
43,26,0.18216276168823242
43,27,0.19040603935718536
44,1,0.1860523521900177
44,2,0.18481969833374023
44,3,0.1843392550945282
44,4,0.18328222632408142
44,5,0.19956310093402863
44,6,0.18252599239349365
44,7,0.1831008493900299
44,8,0.17984765768051147
44,9,0.1786397397518158
44,10,0.1883143037557602
44,11,0.17989256978034973
44,12,0.18364065885543823
44,13,0.18442822992801666
44,14,0.19064420461654663
44,15,0.18488389253616333
44,16,0.19223447144031525
44,17,0.18048016726970673
44,18,0.18257872760295868
44,19,0.18161556124687195
44,20,0.18729235231876373
44,21,0.18126782774925232
44,22,0.1846807897090912
44,23,0.18513794243335724
44,24,0.18750816583633423
44,25,0.20114301145076752
44,26,0.18278437852859497
44,27,0.18630661070346832
45,1,0.18047818541526794
45,2,0.18781337141990662
45,3,0.18405455350875854
45,4,0.20073634386062622
45,5,0.1821555495262146
45,6,0.1816120743751526
45,7,0.18589064478874207
45,8,0.18593573570251465
45,9,0.18276844918727875
45,10,0.19249939918518066
45,11,0.1957004964351654
45,12,0.18365909159183502
45,13,0.18052971363067627
45,14,0.17569024860858917
45,15,0.18469104170799255
45,16,0.17993929982185364
45,17,0.1796862930059433
45,18,0.18558833003044128
45,19,0.19238612055778503
45,20,0.1841389238834381
45,21,0.18109801411628723
45,22,0.18621426820755005
45,23,0.1784423589706421
45,24,0.18359264731407166
45,25,0.1735510677099228
45,26,0.1817501187324524
45,27,0.17497387528419495
46,1,0.17615345120429993
46,2,0.18575754761695862
46,3,0.17826956510543823
46,4,0.17840692400932312
46,5,0.19337119162082672
46,6,0.17562976479530334
46,7,0.18133015930652618
46,8,0.17549428343772888
46,9,0.18497028946876526
46,10,0.17471981048583984
46,11,0.17342615127563477
46,12,0.17318767309188843
46,13,0.17658990621566772
46,14,0.18621885776519775
46,15,0.18160901963710785
46,16,0.17851226031780243
46,17,0.18370932340621948
46,18,0.19358530640602112
46,19,0.19300216436386108
46,20,0.17676213383674622
46,21,0.16961796581745148
46,22,0.18881793320178986
46,23,0.1854802966117859
46,24,0.18187271058559418
46,25,0.17670884728431702
46,26,0.18222445249557495
46,27,0.18200865387916565
47,1,0.17944592237472534
47,2,0.18146252632141113
47,3,0.17409467697143555
47,4,0.1820952296257019
47,5,0.18500369787216187
47,6,0.17318379878997803
47,7,0.1686517596244812
47,8,0.18642807006835938
47,9,0.17248067259788513
47,10,0.17208901047706604
47,11,0.18143118917942047
47,12,0.18037830293178558
47,13,0.1845535933971405
47,14,0.19094033539295197
47,15,0.17741261422634125
47,16,0.1773325502872467
47,17,0.16940191388130188
47,18,0.18658220767974854
47,19,0.17497217655181885
47,20,0.1823078989982605
47,21,0.17829349637031555
47,22,0.17136530578136444
47,23,0.18052658438682556
47,24,0.17237357795238495
47,25,0.1730363965034485
47,26,0.1797480285167694
47,27,0.18060830235481262
48,1,0.1750877946615219
48,2,0.1819772720336914
48,3,0.17450159788131714
48,4,0.17763276398181915
48,5,0.1739341765642166
48,6,0.17639432847499847
48,7,0.18438921868801117
48,8,0.17064663767814636
48,9,0.17871353030204773
48,10,0.1704685389995575
48,11,0.17972609400749207
48,12,0.1699090451002121
48,13,0.18802495300769806
48,14,0.17168301343917847
48,15,0.16985446214675903
48,16,0.16840627789497375
48,17,0.1685716062784195
48,18,0.18235450983047485
48,19,0.17228367924690247
48,20,0.17193350195884705
48,21,0.17301872372627258
48,22,0.17275945842266083
48,23,0.17079764604568481
48,24,0.1724652647972107
48,25,0.1766424924135208
48,26,0.17437343299388885
48,27,0.1756589412689209
49,1,0.17116710543632507
49,2,0.17226839065551758
49,3,0.170233815908432
49,4,0.17490702867507935
49,5,0.1711687296628952
49,6,0.1724928617477417
49,7,0.1678784191608429
49,8,0.16663116216659546
49,9,0.16887593269348145
49,10,0.1689467430114746
49,11,0.1775951385498047
49,12,0.1810183823108673
49,13,0.17817993462085724
49,14,0.18414415419101715
49,15,0.16546854376792908
49,16,0.16683316230773926
49,17,0.17297229170799255
49,18,0.17189016938209534
49,19,0.17154556512832642
49,20,0.16903552412986755
49,21,0.17001014947891235
49,22,0.163702130317688
49,23,0.18059419095516205
49,24,0.17566481232643127
49,25,0.1670452207326889
49,26,0.18046835064888
49,27,0.17184168100357056
50,1,0.17260418832302094
50,2,0.16446343064308167
50,3,0.17314231395721436
50,4,0.17679308354854584
50,5,0.16507253050804138
50,6,0.1663462221622467
50,7,0.18046224117279053
50,8,0.1619032621383667
50,9,0.17045098543167114
50,10,0.16815081238746643
50,11,0.16652792692184448
50,12,0.1660548746585846
50,13,0.1666814237833023
50,14,0.1972547471523285
50,15,0.16386032104492188
50,16,0.16745272278785706
50,17,0.1631735861301422
50,18,0.164455384016037
50,19,0.16478988528251648
50,20,0.16355982422828674
50,21,0.1690559685230255
50,22,0.162674218416214
50,23,0.1615656316280365
50,24,0.16723817586898804
50,25,0.16825756430625916
50,26,0.16197191178798676
50,27,0.16057536005973816
