epoch,step,loss
1,1,2.4566268920898438
1,2,2.3080596923828125
1,3,2.265625
2,1,1.889303207397461
2,2,1.6241416931152344
3,1,1.6706962585449219
3,2,1.4978828430175781
4,1,1.3387947082519531
4,2,1.1510086059570312
5,1,0.9609546661376953
5,2,0.9608945846557617
6,1,0.865196704864502
6,2,0.7635760307312012
7,1,0.8227086067199707
7,2,0.5437073707580566
8,1,0.5781737565994263
8,2,0.5214381217956543
9,1,0.49605369567871094
9,2,0.4136701822280884
10,1,0.23104965686798096
10,2,0.606658935546875
11,1,0.4598832130432129
11,2,0.4348726272583008
12,1,0.18073660135269165
12,2,0.27454590797424316
13,1,0.17507892847061157
13,2,0.3550776243209839
14,1,0.18188446760177612
14,2,0.2349974513053894
15,1,0.2558097541332245
15,2,0.170437291264534
16,1,0.19282670319080353
16,2,0.2001367062330246
17,1,0.23319770395755768
17,2,0.14944393932819366
18,1,0.07510723173618317
18,2,0.13920021057128906
19,1,0.11364096403121948
19,2,0.1010865569114685
20,1,0.17130427062511444
20,2,0.08297605812549591
21,1,0.08720692992210388
21,2,0.10707254707813263
22,1,0.0703643336892128
22,2,0.2759280204772949
23,1,0.1495988965034485
23,2,0.160944402217865
24,1,0.23825770616531372
24,2,0.3160451650619507
25,1,0.031330451369285583
25,2,0.12924644351005554
26,1,0.09254363924264908
26,2,0.03132515773177147
27,1,0.07421987503767014
27,2,0.09129111468791962
28,1,0.025299932807683945
28,2,0.09218988567590714
29,1,0.07676319777965546
29,2,0.28920093178749084
30,1,0.02564801648259163
30,2,0.08160246163606644
31,1,0.11260808259248734
31,2,0.10142600536346436
32,1,0.0479978509247303
32,2,0.07114376872777939
33,1,0.1514669954776764
33,2,0.04343794658780098
34,1,0.038723260164260864
34,2,0.036261361092329025
35,1,0.034270644187927246
35,2,0.06719844788312912
36,1,0.017062105238437653
36,2,0.04540112242102623
37,1,0.07223797589540482
37,2,0.12638257443904877
38,1,0.0404512882232666
38,2,0.04303346574306488
39,1,0.07682578265666962
39,2,0.2535184919834137
40,1,0.013141311705112457
40,2,0.18884454667568207
41,1,0.03412548452615738
41,2,0.02449198253452778
42,1,0.031393323093652725
42,2,0.07281843572854996
43,1,0.09665753692388535
43,2,0.05135516822338104
44,1,0.04774611070752144
44,2,0.01790759712457657
45,1,0.1668267399072647
45,2,0.00921286828815937
46,1,0.302670955657959
46,2,0.02816028892993927
47,1,0.04309381544589996
47,2,0.02493409998714924
48,1,0.06827454268932343
48,2,0.1185985878109932
49,1,0.0360795296728611
49,2,0.011020278558135033
50,1,0.04563520476222038
50,2,0.04692375659942627
51,1,0.08921495079994202
51,2,0.12705790996551514
52,1,0.055212151259183884
52,2,0.13083359599113464
53,1,0.021723266690969467
53,2,0.01295623928308487
54,1,0.284644216299057
54,2,0.06369408965110779
55,1,0.05071094632148743
55,2,0.02922620065510273
56,1,0.060178887099027634
56,2,0.022372717037796974
57,1,0.04206537827849388
57,2,0.0346418172121048
58,1,0.058614470064640045
58,2,0.023345153778791428
59,1,0.017517611384391785
59,2,0.025768619030714035
60,1,0.03366959095001221
60,2,0.13610254228115082
61,1,0.17361880838871002
61,2,0.016379013657569885
62,1,0.07897089421749115
62,2,0.013229567557573318
63,1,0.03935149684548378
63,2,0.025172624737024307
64,1,0.0843566358089447
64,2,0.1473769247531891
65,1,0.2138257622718811
65,2,0.07283469289541245
66,1,0.03274989128112793
66,2,0.052397049963474274
67,1,0.021290086209774017
67,2,0.021810932084918022
68,1,0.053560491651296616
68,2,0.09275615215301514
69,1,0.0076052844524383545
69,2,0.02036457508802414
70,1,0.023599542677402496
70,2,0.023738674819469452
71,1,0.020583493635058403
71,2,0.015118105337023735
72,1,0.04387332499027252
72,2,0.017288800328969955
73,1,0.045798562467098236
73,2,0.055065080523490906
74,1,0.09137101471424103
74,2,0.015934839844703674
75,1,0.02906588651239872
75,2,0.06780941039323807
76,1,0.051543571054935455
76,2,0.036149926483631134
77,1,0.018639422953128815
77,2,0.03454985097050667
78,1,0.15410616993904114
78,2,0.01206110417842865
79,1,0.10142503678798676
79,2,0.1802157461643219
80,1,0.03128794580698013
80,2,0.13360129296779633
81,1,0.026780206710100174
81,2,0.015252089127898216
82,1,0.008424829691648483
82,2,0.009252088144421577
83,1,0.2103668749332428
83,2,0.029113469645380974
84,1,0.005351247265934944
84,2,0.0424337312579155
85,1,0.010766183957457542
85,2,0.030130524188280106
86,1,0.012626120820641518
86,2,0.059303589165210724
87,1,0.052963439375162125
87,2,0.03697120398283005
88,1,0.015074223279953003
88,2,0.0361592173576355
89,1,0.04119504615664482
89,2,0.026045644655823708
90,1,0.05105283483862877
90,2,0.0901835560798645
91,1,0.2519945502281189
91,2,0.016783401370048523
92,1,0.049865685403347015
92,2,0.017480172216892242
93,1,0.0801636204123497
93,2,0.013424169272184372
94,1,0.01684584841132164
94,2,0.14815711975097656
95,1,0.0070714447647333145
95,2,0.1582593023777008
96,1,0.061978716403245926
96,2,0.09880150109529495
97,1,0.13626354932785034
97,2,0.04119491204619408
98,1,0.03927090764045715
98,2,0.030963880941271782
99,1,0.046021848917007446
99,2,0.05937771871685982
100,1,0.006244467571377754
100,2,0.01499541848897934
