epoch,step,loss
1,1,1.5448648929595947
1,2,1.4631907939910889
1,3,1.4064220190048218
1,4,1.3621549606323242
1,5,1.312668800354004
1,6,1.279545783996582
1,7,1.2441661357879639
1,8,1.2226005792617798
1,9,1.2012691497802734
1,10,1.1723647117614746
1,11,1.1521179676055908
1,12,1.1319555044174194
1,13,1.1156632900238037
1,14,1.0989956855773926
1,15,1.075046181678772
1,16,1.0586042404174805
1,17,1.0532933473587036
1,18,1.0210717916488647
1,19,1.0206055641174316
1,20,1.0080251693725586
1,21,0.9817322492599487
1,22,0.9574130177497864
1,23,0.955767035484314
1,24,0.9316017627716064
1,25,0.9251538515090942
1,26,0.9109835624694824
1,27,0.8995667099952698
1,28,0.8942815065383911
1,29,0.8740465044975281
1,30,0.8581802845001221
1,31,0.8652070760726929
1,32,0.8529863357543945
1,33,0.8421695232391357
1,34,0.818118691444397
1,35,0.8121911287307739
1,36,0.7972229719161987
1,37,0.8029439449310303
1,38,0.7967479825019836
1,39,0.7907797694206238
1,40,0.7693111896514893
1,41,0.7549731731414795
1,42,0.7480528950691223
1,43,0.7396705150604248
1,44,0.7431452870368958
1,45,0.7349424958229065
1,46,0.7242827415466309
1,47,0.7143857479095459
1,48,0.7266830801963806
1,49,0.7066022157669067
1,50,0.6850310564041138
1,51,0.6838499307632446
1,52,0.6636883616447449
1,53,0.6842315196990967
1,54,0.665785551071167
1,55,0.6573600769042969
1,56,0.6605677604675293
1,57,0.6476984024047852
1,58,0.6381692886352539
1,59,0.6433615684509277
1,60,0.6344071626663208
1,61,0.6245241165161133
1,62,0.6141484975814819
1,63,0.6131426095962524
1,64,0.6171815395355225
1,65,0.5982828736305237
1,66,0.6076327562332153
1,67,0.5821644067764282
1,68,0.5741065144538879
1,69,0.5797525644302368
1,70,0.5727831721305847
1,71,0.5724571943283081
1,72,0.5513694286346436
1,73,0.5666853189468384
1,74,0.5497797727584839
1,75,0.5525688529014587
1,76,0.5317137241363525
1,77,0.5463912487030029
2,1,0.5372535586357117
2,2,0.5342891216278076
2,3,0.5204399228096008
2,4,0.5202983617782593
2,5,0.5047239065170288
2,6,0.49534833431243896
2,7,0.4950020909309387
2,8,0.4952043294906616
2,9,0.48705682158470154
2,10,0.48514795303344727
2,11,0.477230966091156
2,12,0.48217055201530457
2,13,0.4796397387981415
2,14,0.4767841696739197
2,15,0.463836669921875
2,16,0.45601940155029297
2,17,0.4722866415977478
2,18,0.4522334635257721
2,19,0.4389680027961731
2,20,0.4450438320636749
2,21,0.44445258378982544
2,22,0.4615750014781952
2,23,0.43871748447418213
2,24,0.4455583095550537
2,25,0.4286801815032959
2,26,0.42363107204437256
2,27,0.41501855850219727
2,28,0.4193926453590393
2,29,0.40814274549484253
2,30,0.4066513478755951
2,31,0.4140697419643402
2,32,0.39238864183425903
2,33,0.39616864919662476
2,34,0.3886326551437378
2,35,0.39646801352500916
2,36,0.3830585777759552
2,37,0.39897793531417847
2,38,0.3823803663253784
2,39,0.3843798339366913
2,40,0.36861512064933777
2,41,0.37388312816619873
2,42,0.36770033836364746
2,43,0.354347825050354
2,44,0.3772471845149994
2,45,0.35694438219070435
2,46,0.36472299695014954
2,47,0.3642091453075409
2,48,0.3529013395309448
2,49,0.35383716225624084
2,50,0.34305986762046814
2,51,0.3484078347682953
2,52,0.33653008937835693
2,53,0.3498077988624573
2,54,0.33733415603637695
2,55,0.328434020280838
2,56,0.3283672332763672
2,57,0.3269363343715668
2,58,0.3277962803840637
2,59,0.3235724866390228
2,60,0.31699782609939575
2,61,0.3212547302246094
2,62,0.3171727657318115
2,63,0.3151293992996216
2,64,0.30808505415916443
2,65,0.31047186255455017
2,66,0.3199194669723511
2,67,0.3085823059082031
2,68,0.29394692182540894
2,69,0.29758039116859436
2,70,0.3093031048774719
2,71,0.2857078015804291
2,72,0.3059441149234772
2,73,0.2845279574394226
2,74,0.28453975915908813
2,75,0.29317718744277954
2,76,0.28072571754455566
3,1,0.269490510225296
3,2,0.28570958971977234
3,3,0.27443116903305054
3,4,0.28341788053512573
3,5,0.26915261149406433
3,6,0.2754761576652527
3,7,0.2755136787891388
3,8,0.26473096013069153
3,9,0.26316750049591064
3,10,0.2779843211174011
3,11,0.2711448669433594
3,12,0.2595728039741516
3,13,0.2707420289516449
3,14,0.26112061738967896
3,15,0.2639493942260742
3,16,0.27705419063568115
3,17,0.26306092739105225
3,18,0.26210612058639526
3,19,0.2554897964000702
3,20,0.2573202848434448
3,21,0.2503376007080078
3,22,0.26448410749435425
3,23,0.2483118772506714
3,24,0.23444399237632751
3,25,0.26874399185180664
3,26,0.24649186432361603
3,27,0.24294251203536987
3,28,0.24547025561332703
3,29,0.22688716650009155
3,30,0.2477387636899948
3,31,0.23792870342731476
3,32,0.24505847692489624
3,33,0.2526291310787201
3,34,0.25348377227783203
3,35,0.22078442573547363
3,36,0.23828408122062683
3,37,0.23520508408546448
3,38,0.23543205857276917
3,39,0.20861659944057465
3,40,0.2233372926712036
3,41,0.23285779356956482
3,42,0.21202073991298676
3,43,0.2244061678647995
3,44,0.2245975285768509
3,45,0.26140350103378296
3,46,0.22059020400047302
3,47,0.24437019228935242
3,48,0.21761076152324677
3,49,0.21057859063148499
3,50,0.20944897830486298
3,51,0.21771174669265747
3,52,0.2130967527627945
3,53,0.24010081589221954
3,54,0.20915988087654114
3,55,0.2056201845407486
3,56,0.1990625560283661
3,57,0.21561525762081146
3,58,0.21239709854125977
3,59,0.21128804981708527
3,60,0.1965923309326172
3,61,0.2096075713634491
3,62,0.20273956656455994
3,63,0.22242692112922668
3,64,0.19971910119056702
3,65,0.2044738531112671
3,66,0.1945597231388092
3,67,0.20071732997894287
3,68,0.18918904662132263
3,69,0.19393223524093628
3,70,0.2238721251487732
3,71,0.18353171646595
3,72,0.1992502063512802
3,73,0.18270808458328247
3,74,0.18924406170845032
3,75,0.20049917697906494
3,76,0.18232819437980652
4,1,0.19821599125862122
4,2,0.1842786967754364
4,3,0.19864609837532043
4,4,0.18299435079097748
4,5,0.1725790798664093
4,6,0.1768304407596588
4,7,0.19263598322868347
4,8,0.18537122011184692
4,9,0.17374950647354126
4,10,0.1694011092185974
4,11,0.1742279827594757
4,12,0.20182165503501892
4,13,0.19039124250411987
4,14,0.18393361568450928
4,15,0.18465784192085266
4,16,0.17642176151275635
4,17,0.18569107353687286
4,18,0.1798844039440155
4,19,0.1911155730485916
4,20,0.16630403697490692
4,21,0.16843032836914062
4,22,0.1665681004524231
4,23,0.17795629799365997
4,24,0.15346664190292358
4,25,0.17534279823303223
4,26,0.1581704169511795
4,27,0.16000473499298096
4,28,0.18091252446174622
4,29,0.15871843695640564
4,30,0.17423194646835327
4,31,0.16138312220573425
4,32,0.1554528772830963
4,33,0.17139241099357605
4,34,0.16489601135253906
4,35,0.1618514358997345
4,36,0.16071033477783203
4,37,0.17324183881282806
4,38,0.15014152228832245
4,39,0.15466739237308502
4,40,0.1572057604789734
4,41,0.16042180359363556
4,42,0.16268958151340485
4,43,0.1701892465353012
4,44,0.1622311770915985
4,45,0.1390814185142517
4,46,0.1567392647266388
4,47,0.15652593970298767
4,48,0.1623021811246872
4,49,0.17947080731391907
4,50,0.1555497795343399
4,51,0.15101993083953857
4,52,0.16419321298599243
4,53,0.14439815282821655
4,54,0.16014260053634644
4,55,0.1601676642894745
4,56,0.16429537534713745
4,57,0.15634799003601074
4,58,0.15112942457199097
4,59,0.14023005962371826
4,60,0.15187183022499084
4,61,0.16836073994636536
4,62,0.14596614241600037
4,63,0.17581099271774292
4,64,0.1453559398651123
4,65,0.15510046482086182
4,66,0.15369150042533875
4,67,0.1560911387205124
4,68,0.15070319175720215
4,69,0.13555015623569489
4,70,0.1406639814376831
4,71,0.1421544849872589
4,72,0.15020416676998138
4,73,0.14279262721538544
4,74,0.13908931612968445
4,75,0.14363597333431244
4,76,0.1265818178653717
5,1,0.13500431180000305
5,2,0.15092110633850098
5,3,0.15098604559898376
5,4,0.15156647562980652
5,5,0.137159064412117
5,6,0.13789907097816467
5,7,0.14276885986328125
5,8,0.13558071851730347
5,9,0.13583976030349731
5,10,0.13482864201068878
5,11,0.1338864266872406
5,12,0.1576472520828247
5,13,0.13556215167045593
5,14,0.15066727995872498
5,15,0.12985272705554962
5,16,0.12508061528205872
5,17,0.15476450324058533
5,18,0.15915712714195251
5,19,0.13460120558738708
5,20,0.14034242928028107
5,21,0.12887167930603027
5,22,0.1387796700000763
5,23,0.1383483111858368
5,24,0.14079707860946655
5,25,0.14614859223365784
5,26,0.14327526092529297
5,27,0.1405639946460724
5,28,0.13666144013404846
5,29,0.1364484429359436
5,30,0.13669466972351074
5,31,0.12801261246204376
5,32,0.13307000696659088
5,33,0.13888083398342133
5,34,0.12453626096248627
5,35,0.1491706669330597
5,36,0.1340455412864685
5,37,0.14104130864143372
5,38,0.12520372867584229
5,39,0.1543867290019989
5,40,0.1210889220237732
5,41,0.12404954433441162
5,42,0.1322978138923645
5,43,0.12049907445907593
5,44,0.13936099410057068
5,45,0.14384198188781738
5,46,0.138570636510849
5,47,0.14100804924964905
5,48,0.1403544545173645
5,49,0.12273063510656357
5,50,0.1290377378463745
5,51,0.1328527182340622
5,52,0.12878908216953278
5,53,0.12759190797805786
5,54,0.13282303512096405
5,55,0.1340634822845459
5,56,0.1362060308456421
5,57,0.15475709736347198
5,58,0.11392353475093842
5,59,0.1275043785572052
5,60,0.12721894681453705
5,61,0.11480040848255157
5,62,0.12315969169139862
5,63,0.1372903287410736
5,64,0.13314414024353027
5,65,0.11583296954631805
5,66,0.1374349594116211
5,67,0.12971188127994537
5,68,0.11200493574142456
5,69,0.12780611217021942
5,70,0.11282108724117279
5,71,0.11916966736316681
5,72,0.14234313368797302
5,73,0.12589912116527557
5,74,0.11238139867782593
5,75,0.10683494806289673
5,76,0.12607800960540771
6,1,0.11428844928741455
6,2,0.10919497907161713
6,3,0.126191645860672
6,4,0.12494759261608124
6,5,0.11192092299461365
6,6,0.11481240391731262
6,7,0.11424156278371811
6,8,0.1336325705051422
6,9,0.1064969152212143
6,10,0.1168433353304863
6,11,0.11845535784959793
6,12,0.10862323641777039
6,13,0.12384945154190063
6,14,0.1353316307067871
6,15,0.11240533739328384
6,16,0.11146673560142517
6,17,0.12075669318437576
6,18,0.12108097970485687
6,19,0.12502315640449524
6,20,0.11161152273416519
6,21,0.11120959371328354
6,22,0.12090444564819336
6,23,0.11676308512687683
6,24,0.11188191920518875
6,25,0.0999109297990799
6,26,0.12161879241466522
6,27,0.10362929105758667
6,28,0.11421345919370651
6,29,0.10293860733509064
6,30,0.13936927914619446
6,31,0.12426908314228058
6,32,0.10447125136852264
6,33,0.1101558730006218
6,34,0.12192350625991821
6,35,0.12218266725540161
6,36,0.11490015685558319
6,37,0.11288109421730042
6,38,0.11325766146183014
6,39,0.11609558761119843
6,40,0.10988807678222656
6,41,0.09935931861400604
6,42,0.11580660194158554
6,43,0.11162373423576355
6,44,0.11898869276046753
6,45,0.12542904913425446
6,46,0.107486292719841
6,47,0.1051601991057396
6,48,0.12560108304023743
6,49,0.11954055726528168
6,50,0.11757154762744904
6,51,0.11193391680717468
6,52,0.11831024289131165
6,53,0.11509203910827637
6,54,0.11504511535167694
6,55,0.11271436512470245
6,56,0.11451859772205353
6,57,0.10443902015686035
6,58,0.11442606151103973
6,59,0.10593120008707047
6,60,0.10015485435724258
6,61,0.11993668973445892
6,62,0.11395451426506042
6,63,0.10448820888996124
6,64,0.103923000395298
6,65,0.10414473712444305
6,66,0.10829765349626541
6,67,0.1188713014125824
6,68,0.10947184264659882
6,69,0.11430062353610992
6,70,0.1169876754283905
6,71,0.1117800623178482
6,72,0.11295276135206223
6,73,0.12113136798143387
6,74,0.09388439357280731
6,75,0.11175350844860077
6,76,0.10337494313716888
7,1,0.1054239273071289
7,2,0.09920233488082886
7,3,0.10243988037109375
7,4,0.10386325418949127
7,5,0.09832718223333359
7,6,0.09685924649238586
7,7,0.09245286881923676
7,8,0.0958549976348877
7,9,0.094814732670784
7,10,0.09725485742092133
7,11,0.09775213897228241
7,12,0.09990651905536652
7,13,0.09707117080688477
7,14,0.0979468822479248
7,15,0.10393863171339035
7,16,0.09396600723266602
7,17,0.10163402557373047
7,18,0.09911148250102997
7,19,0.10124765336513519
7,20,0.09038225561380386
7,21,0.10978294909000397
7,22,0.11318005621433258
7,23,0.10908865183591843
7,24,0.1256197988986969
7,25,0.11592629551887512
7,26,0.10059399157762527
7,27,0.09267529100179672
7,28,0.10102646797895432
7,29,0.10497613996267319
7,30,0.10966307669878006
7,31,0.10834421217441559
7,32,0.10195349901914597
7,33,0.10978153347969055
7,34,0.09625802934169769
7,35,0.1052418053150177
7,36,0.09651924669742584
7,37,0.11263300478458405
7,38,0.0988554060459137
7,39,0.09665420651435852
7,40,0.09939925372600555
7,41,0.10138571262359619
7,42,0.10043838620185852
7,43,0.10267254710197449
7,44,0.1026633232831955
7,45,0.10134267061948776
7,46,0.09002544730901718
7,47,0.10094018280506134
7,48,0.09177136421203613
7,49,0.09918536245822906
7,50,0.1032082587480545
7,51,0.09660135954618454
7,52,0.09431831538677216
7,53,0.10273948311805725
7,54,0.10470032691955566
7,55,0.12057346105575562
7,56,0.09832227230072021
7,57,0.1016264259815216
7,58,0.10923238843679428
7,59,0.10530808568000793
7,60,0.09203370660543442
7,61,0.09862571954727173
7,62,0.10288335382938385
7,63,0.09650416672229767
7,64,0.10408530384302139
7,65,0.09579422324895859
7,66,0.09980657696723938
7,67,0.09661358594894409
7,68,0.09278272092342377
7,69,0.12886258959770203
7,70,0.092424675822258
7,71,0.09506720304489136
7,72,0.09535785764455795
7,73,0.09109631180763245
7,74,0.11696761101484299
7,75,0.09246547520160675
7,76,0.09849029779434204
8,1,0.11300010979175568
8,2,0.09209108352661133
8,3,0.09140333533287048
8,4,0.0882239118218422
8,5,0.098914235830307
8,6,0.0858708918094635
8,7,0.09063303470611572
8,8,0.10206437110900879
8,9,0.09854966402053833
8,10,0.08395075798034668
8,11,0.09858623147010803
8,12,0.09448256343603134
8,13,0.09691118448972702
8,14,0.09196077287197113
8,15,0.09001152962446213
8,16,0.09434913098812103
8,17,0.09618569910526276
8,18,0.08911869674921036
8,19,0.10032530128955841
8,20,0.08581826090812683
8,21,0.10569445788860321
8,22,0.09541060775518417
8,23,0.10676424205303192
8,24,0.08333293348550797
8,25,0.09637981653213501
8,26,0.0846506729722023
8,27,0.09840644896030426
8,28,0.09393154084682465
8,29,0.08474220335483551
8,30,0.08521758019924164
8,31,0.08196231722831726
8,32,0.08225561678409576
8,33,0.08353282511234283
8,34,0.08568329364061356
8,35,0.08572447299957275
8,36,0.09008737653493881
8,37,0.08349162340164185
8,38,0.08353209495544434
8,39,0.08193251490592957
8,40,0.08511751890182495
8,41,0.08959697186946869
8,42,0.08529987186193466
8,43,0.0870683491230011
8,44,0.08444972336292267
8,45,0.0995493084192276
8,46,0.09438076615333557
8,47,0.08615675568580627
8,48,0.09308208525180817
8,49,0.0972161740064621
8,50,0.09429733455181122
8,51,0.09050626307725906
8,52,0.0901557132601738
8,53,0.1101304143667221
8,54,0.0894966721534729
8,55,0.09188713133335114
8,56,0.10191501677036285
8,57,0.09474193304777145
8,58,0.08776119351387024
8,59,0.08691790699958801
8,60,0.08020235598087311
8,61,0.08397543430328369
8,62,0.09617754071950912
8,63,0.0962982177734375
8,64,0.08863500505685806
8,65,0.09106829762458801
8,66,0.08702639490365982
8,67,0.09341973066329956
8,68,0.08159007132053375
8,69,0.08349329233169556
8,70,0.07684171199798584
8,71,0.09625210613012314
8,72,0.09458211809396744
8,73,0.08539074659347534
8,74,0.08645139634609222
8,75,0.09849853813648224
8,76,0.08109533786773682
9,1,0.07628904283046722
9,2,0.09078241139650345
9,3,0.08480872213840485
9,4,0.08973442018032074
9,5,0.08337689191102982
9,6,0.08081279695034027
9,7,0.09272079169750214
9,8,0.07951577007770538
9,9,0.07737600803375244
9,10,0.08475484699010849
9,11,0.0821136087179184
9,12,0.10753484070301056
9,13,0.0918520838022232
9,14,0.08422653377056122
9,15,0.08329767733812332
9,16,0.07965977489948273
9,17,0.09396696090698242
9,18,0.09232862293720245
9,19,0.09182293713092804
9,20,0.08947618305683136
9,21,0.081022709608078
9,22,0.08297468721866608
9,23,0.10672038048505783
9,24,0.09095047414302826
9,25,0.08928065001964569
9,26,0.08393701165914536
9,27,0.07650646567344666
9,28,0.09025940299034119
9,29,0.08028475940227509
9,30,0.08308935910463333
9,31,0.08526957035064697
9,32,0.08410952240228653
9,33,0.08034233748912811
9,34,0.08775405585765839
9,35,0.08532986044883728
9,36,0.09007667005062103
9,37,0.07740047574043274
9,38,0.07870142161846161
9,39,0.08136133849620819
9,40,0.09425356984138489
9,41,0.08109791576862335
9,42,0.08784207701683044
9,43,0.07916626334190369
9,44,0.07957465946674347
9,45,0.08402815461158752
9,46,0.08537329733371735
9,47,0.09234248101711273
9,48,0.07272618263959885
9,49,0.07609964162111282
9,50,0.095952108502388
9,51,0.07770690321922302
9,52,0.08005392551422119
9,53,0.08788366615772247
9,54,0.07994680106639862
9,55,0.07442861795425415
9,56,0.09511683881282806
9,57,0.08128084242343903
9,58,0.08531485497951508
9,59,0.07584451884031296
9,60,0.09600316733121872
9,61,0.0887315422296524
9,62,0.07452012598514557
9,63,0.07625675201416016
9,64,0.07874628901481628
9,65,0.08186563104391098
9,66,0.08399038016796112
9,67,0.07168309390544891
9,68,0.09112004935741425
9,69,0.07620798051357269
9,70,0.07855001837015152
9,71,0.08177991211414337
9,72,0.06944335997104645
9,73,0.08445341140031815
9,74,0.08767201006412506
9,75,0.08528552949428558
9,76,0.07135728746652603
10,1,0.07923904061317444
10,2,0.07585303485393524
10,3,0.0738060474395752
10,4,0.0796194076538086
10,5,0.08507437258958817
10,6,0.08514536917209625
10,7,0.08107393234968185
10,8,0.07708258926868439
10,9,0.0786391869187355
10,10,0.07388477772474289
10,11,0.07460318505764008
10,12,0.10974679887294769
10,13,0.0798945277929306
10,14,0.08474071323871613
10,15,0.0972519963979721
10,16,0.08243726938962936
10,17,0.07389678806066513
10,18,0.08530227839946747
10,19,0.08825525641441345
10,20,0.10324502736330032
10,21,0.08554140478372574
10,22,0.09472882747650146
10,23,0.08702057600021362
10,24,0.09402813017368317
10,25,0.0863308236002922
10,26,0.07991898059844971
10,27,0.08696722984313965
10,28,0.07372153550386429
10,29,0.09814640134572983
10,30,0.08974552899599075
10,31,0.06966852396726608
10,32,0.09054817259311676
10,33,0.08931459486484528
10,34,0.07784440368413925
10,35,0.0888395756483078
10,36,0.08700191974639893
10,37,0.07949550449848175
10,38,0.09065143764019012
10,39,0.07725603133440018
10,40,0.08337627351284027
10,41,0.08506548404693604
10,42,0.07596760243177414
10,43,0.09499391913414001
10,44,0.07481782883405685
10,45,0.07379287481307983
10,46,0.0822036862373352
10,47,0.07287552952766418
10,48,0.0826902836561203
10,49,0.08521527051925659
10,50,0.07613406330347061
10,51,0.09039503335952759
10,52,0.07810068130493164
10,53,0.07996633648872375
10,54,0.07420302927494049
10,55,0.08431792259216309
10,56,0.08103355765342712
10,57,0.08530987799167633
10,58,0.07200397551059723
10,59,0.07372184097766876
10,60,0.06920546293258667
10,61,0.07226771861314774
10,62,0.07618958503007889
10,63,0.07884984463453293
10,64,0.07531768083572388
10,65,0.08397507667541504
10,66,0.07565028965473175
10,67,0.07285773754119873
10,68,0.0809711366891861
10,69,0.07775861769914627
10,70,0.07766421884298325
10,71,0.07306560128927231
10,72,0.06955862045288086
10,73,0.07404372096061707
10,74,0.0644904226064682
10,75,0.07010899484157562
10,76,0.07351326197385788
11,1,0.06883321702480316
11,2,0.07696259021759033
11,3,0.07877631485462189
11,4,0.07834846526384354
11,5,0.08366484194993973
11,6,0.07107269763946533
11,7,0.07275570929050446
11,8,0.07230961322784424
11,9,0.08315636962652206
11,10,0.06643444299697876
11,11,0.09044621139764786
11,12,0.07898880541324615
11,13,0.08375098556280136
11,14,0.08878199756145477
11,15,0.07806681096553802
11,16,0.07084853202104568
11,17,0.07481071352958679
11,18,0.08781473338603973
11,19,0.08689144253730774
11,20,0.07093755155801773
11,21,0.07198520004749298
11,22,0.08082626760005951
11,23,0.09117337316274643
11,24,0.08884024620056152
11,25,0.08293430507183075
11,26,0.07188079506158829
11,27,0.09403690695762634
11,28,0.07587620615959167
11,29,0.08318793773651123
11,30,0.07714542001485825
11,31,0.07153333723545074
11,32,0.10183299332857132
11,33,0.0830266997218132
11,34,0.06341423839330673
11,35,0.06705807149410248
11,36,0.06821472942829132
11,37,0.07496216893196106
11,38,0.08493365347385406
11,39,0.06709932535886765
11,40,0.0881020650267601
11,41,0.06674855947494507
11,42,0.07169949263334274
11,43,0.09392862766981125
11,44,0.06914986670017242
11,45,0.0677899494767189
11,46,0.06655851006507874
11,47,0.07406163960695267
11,48,0.07887907326221466
11,49,0.07936534285545349
11,50,0.0755217969417572
11,51,0.07027920335531235
11,52,0.08582606911659241
11,53,0.07912950217723846
11,54,0.06126473844051361
11,55,0.09662356972694397
11,56,0.0735694020986557
11,57,0.07688573747873306
11,58,0.0697418749332428
11,59,0.10786877572536469
11,60,0.07545669376850128
11,61,0.09949581325054169
11,62,0.09487476199865341
11,63,0.0723208487033844
11,64,0.07706794142723083
11,65,0.08348480612039566
11,66,0.1043890118598938
11,67,0.07851657271385193
11,68,0.07263728976249695
11,69,0.07482421398162842
11,70,0.06619816273450851
11,71,0.07019934058189392
11,72,0.08477339148521423
11,73,0.07300609350204468
11,74,0.09205995500087738
11,75,0.09338530898094177
11,76,0.0770900622010231
12,1,0.07046689093112946
12,2,0.08322350680828094
12,3,0.08713570237159729
12,4,0.09327386319637299
12,5,0.08531853556632996
12,6,0.0701882392168045
12,7,0.0740618035197258
12,8,0.08015991747379303
12,9,0.07970504462718964
12,10,0.07999371737241745
12,11,0.09580829739570618
12,12,0.07122567296028137
12,13,0.07146582752466202
12,14,0.07305947691202164
12,15,0.08748695999383926
12,16,0.06926004588603973
12,17,0.08517176657915115
12,18,0.06550157070159912
12,19,0.08160820603370667
12,20,0.07457882165908813
12,21,0.06500189006328583
12,22,0.06941159069538116
12,23,0.08101895451545715
12,24,0.0667608380317688
12,25,0.07850197702646255
12,26,0.0768389105796814
12,27,0.07511143386363983
12,28,0.07248940318822861
12,29,0.0709829181432724
12,30,0.07155895978212357
12,31,0.06626524031162262
12,32,0.08005757629871368
12,33,0.08187957853078842
12,34,0.06540660560131073
12,35,0.07713936269283295
12,36,0.06585317105054855
12,37,0.06990206241607666
12,38,0.09547406435012817
12,39,0.07424738258123398
12,40,0.07187456637620926
12,41,0.0879005566239357
12,42,0.09165219962596893
12,43,0.07321815937757492
12,44,0.06521646678447723
12,45,0.0741523951292038
12,46,0.07379542291164398
12,47,0.0894899070262909
12,48,0.07374624907970428
12,49,0.07862700521945953
12,50,0.09161995351314545
12,51,0.07441593706607819
12,52,0.07183758914470673
12,53,0.0805160328745842
12,54,0.07164300978183746
12,55,0.08289327472448349
12,56,0.07830584049224854
12,57,0.07610009610652924
12,58,0.07453154772520065
12,59,0.07448732107877731
12,60,0.06967341154813766
12,61,0.08752766251564026
12,62,0.06664124876260757
12,63,0.06511398404836655
12,64,0.06907918304204941
12,65,0.07373365759849548
12,66,0.06886208057403564
12,67,0.07855984568595886
12,68,0.0860874354839325
12,69,0.08046823740005493
12,70,0.06964709609746933
12,71,0.08633691817522049
12,72,0.07197526097297668
12,73,0.08158976584672928
12,74,0.07448503375053406
12,75,0.07473219931125641
12,76,0.07956157624721527
13,1,0.07776864618062973
13,2,0.07012169063091278
13,3,0.07223789393901825
13,4,0.09016157686710358
13,5,0.07891115546226501
13,6,0.07774406671524048
13,7,0.08745914697647095
13,8,0.07955880463123322
13,9,0.08232983946800232
13,10,0.07858338952064514
13,11,0.0814182311296463
13,12,0.06987746059894562
13,13,0.08265611529350281
13,14,0.07068291306495667
13,15,0.07169574499130249
13,16,0.06480040401220322
13,17,0.07487563788890839
13,18,0.0698888748884201
13,19,0.08706237375736237
13,20,0.06581870466470718
13,21,0.07104754447937012
13,22,0.06819268316030502
13,23,0.07177749276161194
13,24,0.05939619243144989
13,25,0.06576064974069595
13,26,0.06606198847293854
13,27,0.07303088903427124
13,28,0.06311317533254623
13,29,0.0707477480173111
13,30,0.0688527524471283
13,31,0.06621383130550385
13,32,0.06647170335054398
13,33,0.0609615184366703
13,34,0.06815426051616669
13,35,0.0724160373210907
13,36,0.05999647453427315
13,37,0.0714058205485344
13,38,0.0724545568227768
13,39,0.07738109678030014
13,40,0.07293204963207245
13,41,0.06365444511175156
13,42,0.06517235189676285
13,43,0.06596766412258148
13,44,0.06145147234201431
13,45,0.0670328140258789
13,46,0.07752349972724915
13,47,0.06216134876012802
13,48,0.0664786696434021
13,49,0.057735562324523926
13,50,0.06142260879278183
13,51,0.07122877240180969
13,52,0.06335245817899704
13,53,0.06554439663887024
13,54,0.08768203854560852
13,55,0.07208552211523056
13,56,0.08763882517814636
13,57,0.07026588916778564
13,58,0.07917365431785583
13,59,0.07591012120246887
13,60,0.07046128064393997
13,61,0.06904245167970657
13,62,0.06853803992271423
13,63,0.06473667174577713
13,64,0.07133284211158752
13,65,0.08781920373439789
13,66,0.08432088792324066
13,67,0.07105743885040283
13,68,0.07577076554298401
13,69,0.06978118419647217
13,70,0.07578588277101517
13,71,0.07943157851696014
13,72,0.07248102873563766
13,73,0.0685155987739563
13,74,0.07751980423927307
13,75,0.07613740861415863
13,76,0.06401709467172623
14,1,0.05915714427828789
14,2,0.06009981781244278
14,3,0.08891521394252777
14,4,0.06831693649291992
14,5,0.07018987089395523
14,6,0.07854967564344406
14,7,0.06852401047945023
14,8,0.06830412149429321
14,9,0.06517691910266876
14,10,0.06264504790306091
14,11,0.06346569955348969
14,12,0.05893882364034653
14,13,0.06826953589916229
14,14,0.06617449223995209
14,15,0.07391051203012466
14,16,0.06960637122392654
14,17,0.07801501452922821
14,18,0.09239835292100906
14,19,0.06625807285308838
14,20,0.05908285081386566
14,21,0.05597184598445892
14,22,0.07791497558355331
14,23,0.06579072773456573
14,24,0.05982467159628868
14,25,0.06446748971939087
14,26,0.06935848295688629
14,27,0.06962636858224869
14,28,0.06298613548278809
14,29,0.06205917149782181
14,30,0.07877939194440842
14,31,0.075779989361763
14,32,0.06257924437522888
14,33,0.06422790884971619
14,34,0.06341108679771423
14,35,0.06400539726018906
14,36,0.08892172574996948
14,37,0.06414977461099625
14,38,0.06784462928771973
14,39,0.06515860557556152
14,40,0.05994357913732529
14,41,0.08395294845104218
14,42,0.07614510506391525
14,43,0.06331033259630203
14,44,0.06585229188203812
14,45,0.07698645442724228
14,46,0.0731397420167923
14,47,0.07563719153404236
14,48,0.07384656369686127
14,49,0.08178800344467163
14,50,0.07146987318992615
14,51,0.060724277049303055
14,52,0.06943470239639282
14,53,0.08419545739889145
14,54,0.06606130301952362
14,55,0.06543802469968796
14,56,0.06435860693454742
14,57,0.06650380045175552
14,58,0.0706142783164978
14,59,0.06236766278743744
14,60,0.07463433593511581
14,61,0.065616175532341
14,62,0.07134843617677689
14,63,0.06451903283596039
14,64,0.06291526556015015
14,65,0.07560884952545166
14,66,0.07107672095298767
14,67,0.06701706349849701
14,68,0.07770092785358429
14,69,0.0647900253534317
14,70,0.06937983632087708
14,71,0.07548591494560242
14,72,0.07245764136314392
14,73,0.06142199784517288
14,74,0.06727933883666992
14,75,0.06225237250328064
14,76,0.0819825679063797
15,1,0.06301780045032501
15,2,0.07024626433849335
15,3,0.08947876840829849
15,4,0.06875220686197281
15,5,0.06504601240158081
15,6,0.07455596327781677
15,7,0.0808284729719162
15,8,0.06911826878786087
15,9,0.06292685866355896
15,10,0.07116967439651489
15,11,0.06445589661598206
15,12,0.061821501702070236
15,13,0.06445081532001495
15,14,0.07381702214479446
15,15,0.07565271854400635
15,16,0.054487474262714386
15,17,0.06082317233085632
15,18,0.07492728531360626
15,19,0.08054635673761368
15,20,0.05979326367378235
15,21,0.06153597682714462
15,22,0.0791277065873146
15,23,0.06534591317176819
15,24,0.08445844054222107
15,25,0.06360878050327301
15,26,0.07071511447429657
15,27,0.06268694996833801
15,28,0.07132893055677414
15,29,0.05811292678117752
15,30,0.07773963361978531
15,31,0.07811684906482697
15,32,0.07855787873268127
15,33,0.07511003315448761
15,34,0.06926760822534561
15,35,0.07428234070539474
15,36,0.06743156909942627
15,37,0.06685271859169006
15,38,0.06983589380979538
15,39,0.06778857111930847
15,40,0.06786812841892242
15,41,0.0673229843378067
15,42,0.06312736868858337
15,43,0.06342298537492752
15,44,0.07301896810531616
15,45,0.07227407395839691
15,46,0.06496444344520569
15,47,0.12321088463068008
15,48,0.06515393406152725
15,49,0.08053400367498398
15,50,0.0861063301563263
15,51,0.057595398277044296
15,52,0.07734829187393188
15,53,0.07793140411376953
15,54,0.06579139083623886
15,55,0.07996710389852524
15,56,0.06671895831823349
15,57,0.08108362555503845
15,58,0.06708525121212006
15,59,0.058349162340164185
15,60,0.08408291637897491
15,61,0.08374196290969849
15,62,0.06317485868930817
15,63,0.07534278184175491
15,64,0.07328599691390991
15,65,0.06593988835811615
15,66,0.08246982097625732
15,67,0.05476000905036926
15,68,0.08443669229745865
15,69,0.10170554369688034
15,70,0.08765023201704025
15,71,0.0650530457496643
15,72,0.05777593329548836
15,73,0.06255432963371277
15,74,0.06497061252593994
15,75,0.06489971280097961
15,76,0.0648304745554924
16,1,0.06671437621116638
16,2,0.056058477610349655
16,3,0.0676848441362381
16,4,0.057470254600048065
16,5,0.0735933929681778
16,6,0.06511323153972626
16,7,0.07943028211593628
16,8,0.06413643062114716
16,9,0.06143222749233246
16,10,0.06225867569446564
16,11,0.0581173375248909
16,12,0.06474138796329498
16,13,0.06165355443954468
16,14,0.05837447568774223
16,15,0.08336904644966125
16,16,0.07105161994695663
16,17,0.061609260737895966
16,18,0.07106922566890717
16,19,0.06241060793399811
16,20,0.0671522319316864
16,21,0.061627116054296494
16,22,0.08575409650802612
16,23,0.06277135014533997
16,24,0.06741281598806381
16,25,0.06826569139957428
16,26,0.07013922929763794
16,27,0.05909949913620949
16,28,0.06001896783709526
16,29,0.06733423471450806
16,30,0.06316773593425751
16,31,0.07306133210659027
16,32,0.06197831779718399
16,33,0.07192136347293854
16,34,0.06302987784147263
16,35,0.055620238184928894
16,36,0.06597478687763214
16,37,0.059370771050453186
16,38,0.06675485521554947
16,39,0.06838183104991913
16,40,0.06351043283939362
16,41,0.07737410068511963
16,42,0.06424857676029205
16,43,0.06337136030197144
16,44,0.06698859483003616
16,45,0.05780500918626785
16,46,0.051168158650398254
16,47,0.06576820462942123
16,48,0.07056048512458801
16,49,0.06646651774644852
16,50,0.0565359964966774
16,51,0.0640418529510498
16,52,0.07455383241176605
16,53,0.06458688527345657
16,54,0.05795341357588768
16,55,0.06213623657822609
16,56,0.06798423826694489
16,57,0.07201488316059113
16,58,0.06695125252008438
16,59,0.06134001538157463
16,60,0.06708378344774246
16,61,0.05646149069070816
16,62,0.05583835393190384
16,63,0.08544281870126724
16,64,0.05716293305158615
16,65,0.06039602309465408
16,66,0.059582434594631195
16,67,0.06954118609428406
16,68,0.05645323544740677
16,69,0.06695552170276642
16,70,0.05352353677153587
16,71,0.06143494322896004
16,72,0.06530827283859253
16,73,0.06926249712705612
16,74,0.05304677039384842
16,75,0.05717448145151138
16,76,0.07033522427082062
17,1,0.06928183138370514
17,2,0.07055169343948364
17,3,0.0605139434337616
17,4,0.06295381486415863
17,5,0.08111315965652466
17,6,0.06349700689315796
17,7,0.05688749998807907
17,8,0.05581655725836754
17,9,0.05687279626727104
17,10,0.061705149710178375
17,11,0.06322047114372253
17,12,0.07069049030542374
17,13,0.06240221485495567
17,14,0.06666546314954758
17,15,0.05747397243976593
17,16,0.05919714272022247
17,17,0.07579360157251358
17,18,0.05414719134569168
17,19,0.06496743112802505
17,20,0.09619505703449249
17,21,0.056147292256355286
17,22,0.06280812621116638
17,23,0.06580530852079391
17,24,0.05912424251437187
17,25,0.07407369464635849
17,26,0.06691904366016388
17,27,0.06502938270568848
17,28,0.06414707750082016
17,29,0.060402825474739075
17,30,0.06924459338188171
17,31,0.06135930120944977
17,32,0.05964808911085129
17,33,0.05442645400762558
17,34,0.06015121191740036
17,35,0.05807230994105339
17,36,0.07689494639635086
17,37,0.05482947826385498
17,38,0.05258886516094208
17,39,0.06170602887868881
17,40,0.06259061396121979
17,41,0.05393337085843086
17,42,0.054447948932647705
17,43,0.06812368333339691
17,44,0.07422350347042084
17,45,0.0561428964138031
17,46,0.07179954648017883
17,47,0.06300487369298935
17,48,0.05998031795024872
17,49,0.0659831166267395
17,50,0.06196378916501999
17,51,0.06906763464212418
17,52,0.051436442881822586
17,53,0.07508264482021332
17,54,0.05954498052597046
17,55,0.06109720095992088
17,56,0.06406022608280182
17,57,0.08215750753879547
17,58,0.07423586398363113
17,59,0.0645071417093277
17,60,0.06403107196092606
17,61,0.06375522911548615
17,62,0.05533628910779953
17,63,0.05539022386074066
17,64,0.0722382515668869
17,65,0.0609244778752327
17,66,0.06461715698242188
17,67,0.06243757903575897
17,68,0.07466980814933777
17,69,0.0549386665225029
17,70,0.061860308051109314
17,71,0.06458351016044617
17,72,0.06665198504924774
17,73,0.07515440881252289
17,74,0.07014866173267365
17,75,0.06347480416297913
17,76,0.06151781976222992
18,1,0.06067226082086563
18,2,0.064296655356884
18,3,0.0712917372584343
18,4,0.06118591129779816
18,5,0.07119865715503693
18,6,0.08071643114089966
18,7,0.06990289688110352
18,8,0.0599067397415638
18,9,0.0735119953751564
18,10,0.0650409609079361
18,11,0.06657864153385162
18,12,0.060103125870227814
18,13,0.05808628350496292
18,14,0.06733580678701401
18,15,0.06731046736240387
18,16,0.06597784906625748
18,17,0.055697839707136154
18,18,0.12071841210126877
18,19,0.07526744157075882
18,20,0.09102669358253479
18,21,0.0881844311952591
18,22,0.0857473760843277
18,23,0.08885957300662994
18,24,0.08505233377218246
18,25,0.07630398869514465
18,26,0.07628131657838821
18,27,0.06268108636140823
18,28,0.07576063275337219
18,29,0.06811797618865967
18,30,0.07051213830709457
18,31,0.058859892189502716
18,32,0.06607257574796677
18,33,0.06593683362007141
18,34,0.06554785370826721
18,35,0.08987893909215927
18,36,0.06479574739933014
18,37,0.0615396574139595
18,38,0.06516025960445404
18,39,0.057959720492362976
18,40,0.08735503256320953
18,41,0.07124372571706772
18,42,0.05822565406560898
18,43,0.06345323473215103
18,44,0.06867887079715729
18,45,0.07628312706947327
18,46,0.07606320083141327
18,47,0.06882789731025696
18,48,0.06338870525360107
18,49,0.0647558644413948
18,50,0.06067325919866562
18,51,0.06239023059606552
18,52,0.06147110462188721
18,53,0.07052012532949448
18,54,0.07421398907899857
18,55,0.06527072191238403
18,56,0.08094485104084015
18,57,0.0663403645157814
18,58,0.06907287240028381
18,59,0.06932157278060913
18,60,0.05713338777422905
18,61,0.06735660880804062
18,62,0.06508859992027283
18,63,0.05957936868071556
18,64,0.058178916573524475
18,65,0.07043681293725967
18,66,0.0658932700753212
18,67,0.06332552433013916
18,68,0.06887438893318176
18,69,0.05859633535146713
18,70,0.06422313302755356
18,71,0.060934796929359436
18,72,0.06459285318851471
18,73,0.07200029492378235
18,74,0.06155123934149742
18,75,0.06264859437942505
18,76,0.07202182710170746
19,1,0.07899875193834305
19,2,0.06312988698482513
19,3,0.07363264262676239
19,4,0.056267596781253815
19,5,0.058283042162656784
19,6,0.06586645543575287
19,7,0.06348134577274323
19,8,0.05690893530845642
19,9,0.05578767508268356
19,10,0.05975669249892235
19,11,0.06052527576684952
19,12,0.06405244767665863
19,13,0.07137909531593323
19,14,0.061616502702236176
19,15,0.05673576891422272
19,16,0.052507709711790085
19,17,0.06069716811180115
19,18,0.0603245310485363
19,19,0.05800604447722435
19,20,0.05738253891468048
19,21,0.06301043182611465
19,22,0.06428508460521698
19,23,0.0626697689294815
19,24,0.05975974351167679
19,25,0.06528522074222565
19,26,0.05135010927915573
19,27,0.06667686253786087
19,28,0.06869839131832123
19,29,0.061347734183073044
19,30,0.05553348734974861
19,31,0.056822843849658966
19,32,0.06715904921293259
19,33,0.05052802711725235
19,34,0.05754490941762924
19,35,0.06186871975660324
19,36,0.05799686163663864
19,37,0.06338782608509064
19,38,0.05894922465085983
19,39,0.05527151748538017
19,40,0.06721623241901398
19,41,0.06558753550052643
19,42,0.054718468338251114
19,43,0.05262063443660736
19,44,0.07358542084693909
19,45,0.07130725681781769
19,46,0.057063423097133636
19,47,0.060839928686618805
19,48,0.058642711490392685
19,49,0.058859020471572876
19,50,0.05793261528015137
19,51,0.056536171585321426
19,52,0.06333901733160019
19,53,0.05347166210412979
19,54,0.06516828387975693
19,55,0.07528780400753021
19,56,0.06016683578491211
19,57,0.059546440839767456
19,58,0.062148191034793854
19,59,0.0570695698261261
19,60,0.06356590241193771
19,61,0.061794862151145935
19,62,0.05656666308641434
19,63,0.05611655116081238
19,64,0.06785484403371811
19,65,0.06585747003555298
19,66,0.05318739265203476
19,67,0.058622147887945175
19,68,0.06007132679224014
19,69,0.0608777180314064
19,70,0.061046302318573
19,71,0.0655832439661026
19,72,0.0517229363322258
19,73,0.05089707672595978
19,74,0.05725158005952835
19,75,0.053282566368579865
19,76,0.05565005913376808
20,1,0.06844264268875122
20,2,0.055281996726989746
20,3,0.056703366339206696
20,4,0.05762355029582977
20,5,0.062690369784832
20,6,0.06004771590232849
20,7,0.05359908938407898
20,8,0.05680050700902939
20,9,0.05369601771235466
20,10,0.06568626314401627
20,11,0.051842741668224335
20,12,0.052001383155584335
20,13,0.049850042909383774
20,14,0.05515675991773605
20,15,0.05759979039430618
20,16,0.05739022046327591
20,17,0.06615182757377625
20,18,0.05968829244375229
20,19,0.06865598261356354
20,20,0.0675947442650795
20,21,0.07430900633335114
20,22,0.05686101317405701
20,23,0.06982140988111496
20,24,0.05243305489420891
20,25,0.05305124819278717
20,26,0.062114167958498
20,27,0.04780842363834381
20,28,0.05811353027820587
20,29,0.06559469550848007
20,30,0.0537564679980278
20,31,0.05702846497297287
20,32,0.06069662421941757
20,33,0.05767752230167389
20,34,0.07624699920415878
20,35,0.05245020240545273
20,36,0.05480204150080681
20,37,0.053749747574329376
20,38,0.054517485201358795
20,39,0.06091628223657608
20,40,0.06844676285982132
20,41,0.05918068811297417
20,42,0.057355090975761414
20,43,0.05973435938358307
20,44,0.05654937028884888
20,45,0.054665155708789825
20,46,0.06367599964141846
20,47,0.054912880063056946
20,48,0.053347669541835785
20,49,0.061214059591293335
20,50,0.05611652135848999
20,51,0.0646800845861435
20,52,0.06704223155975342
20,53,0.059703029692173004
20,54,0.06573470681905746
20,55,0.0523725226521492
20,56,0.06287960708141327
20,57,0.05959685146808624
20,58,0.06134968623518944
20,59,0.05911964550614357
20,60,0.062255896627902985
20,61,0.050242841243743896
20,62,0.05794360116124153
20,63,0.06164126098155975
20,64,0.053308822214603424
20,65,0.05375508964061737
20,66,0.05283840373158455
20,67,0.07444587349891663
20,68,0.05367878079414368
20,69,0.06815323233604431
20,70,0.049747683107852936
20,71,0.05508645623922348
20,72,0.06521487236022949
20,73,0.06025597080588341
20,74,0.058756157755851746
20,75,0.06583161652088165
20,76,0.05015884339809418
21,1,0.05376531928777695
21,2,0.05479666590690613
21,3,0.06087573617696762
21,4,0.05199839174747467
21,5,0.06794868409633636
21,6,0.0652233213186264
21,7,0.05640948563814163
21,8,0.0552157461643219
21,9,0.057359904050827026
21,10,0.0667695626616478
21,11,0.05255281925201416
21,12,0.059285424649715424
21,13,0.07568682730197906
21,14,0.0550776906311512
21,15,0.05701098591089249
21,16,0.05607471615076065
21,17,0.05811094865202904
21,18,0.06513328850269318
21,19,0.07041576504707336
21,20,0.06073407083749771
21,21,0.056279078125953674
21,22,0.06197606027126312
21,23,0.05590125173330307
21,24,0.0601949617266655
21,25,0.06157993525266647
21,26,0.06033002957701683
21,27,0.05818159878253937
21,28,0.05464335158467293
21,29,0.056811265647411346
21,30,0.05488674342632294
21,31,0.061937637627124786
21,32,0.059245515614748
21,33,0.05095224827528
21,34,0.051349937915802
21,35,0.05869926139712334
21,36,0.04460197687149048
21,37,0.0589740015566349
21,38,0.05432087928056717
21,39,0.0550425760447979
21,40,0.05660732835531235
21,41,0.06195364519953728
21,42,0.05400349944829941
21,43,0.06354126334190369
21,44,0.06283290684223175
21,45,0.06408625096082687
21,46,0.051694780588150024
21,47,0.06494651734828949
21,48,0.06464049220085144
21,49,0.060691624879837036
21,50,0.051218435168266296
21,51,0.06426611542701721
21,52,0.06366708874702454
21,53,0.04661960527300835
21,54,0.06274842470884323
21,55,0.06259886175394058
21,56,0.062112800776958466
21,57,0.05876120552420616
21,58,0.05115543678402901
21,59,0.05379241704940796
21,60,0.06241851672530174
21,61,0.06352507323026657
21,62,0.06395512074232101
21,63,0.047154493629932404
21,64,0.05385206267237663
21,65,0.06799336522817612
21,66,0.05300060659646988
21,67,0.051039472222328186
21,68,0.046732719987630844
21,69,0.04982617869973183
21,70,0.055051591247320175
21,71,0.05184512585401535
21,72,0.05774829909205437
21,73,0.05461230129003525
21,74,0.056207701563835144
21,75,0.05474492907524109
21,76,0.057876572012901306
22,1,0.04653337597846985
22,2,0.05713488534092903
22,3,0.06954015791416168
22,4,0.05446481704711914
22,5,0.056351806968450546
22,6,0.05612272024154663
22,7,0.057176101952791214
22,8,0.05241145193576813
22,9,0.05754546821117401
22,10,0.06908046454191208
22,11,0.06524688005447388
22,12,0.06698182970285416
22,13,0.05601567029953003
22,14,0.051485415548086166
22,15,0.0573953315615654
22,16,0.05084799602627754
22,17,0.052309662103652954
22,18,0.05625317245721817
22,19,0.05844778195023537
22,20,0.05364440381526947
22,21,0.05114615708589554
22,22,0.06483866274356842
22,23,0.07192680239677429
22,24,0.06751635670661926
22,25,0.057620350271463394
22,26,0.06406311690807343
22,27,0.05402754992246628
22,28,0.06287992000579834
22,29,0.05939757078886032
22,30,0.048617955297231674
22,31,0.0622701570391655
22,32,0.05735271796584129
22,33,0.05959749594330788
22,34,0.06819049268960953
22,35,0.05193489044904709
22,36,0.06213326007127762
22,37,0.052309952676296234
22,38,0.04966143146157265
22,39,0.056569091975688934
22,40,0.06849803775548935
22,41,0.0510944239795208
22,42,0.05373060330748558
22,43,0.06673803180456161
22,44,0.05290982872247696
22,45,0.053751736879348755
22,46,0.06138213723897934
22,47,0.05847763270139694
22,48,0.053171925246715546
22,49,0.04989314079284668
22,50,0.05923857539892197
22,51,0.0479949489235878
22,52,0.05229533091187477
22,53,0.042551394551992416
22,54,0.06434439867734909
22,55,0.05497070401906967
22,56,0.06013932824134827
22,57,0.06335002183914185
22,58,0.05467796325683594
22,59,0.05551070719957352
22,60,0.05367453768849373
22,61,0.051774054765701294
22,62,0.06801299750804901
22,63,0.0559844970703125
22,64,0.05560050904750824
22,65,0.0568101666867733
22,66,0.06817204505205154
22,67,0.05352187901735306
22,68,0.05868566036224365
22,69,0.04969942197203636
22,70,0.05349305272102356
22,71,0.05850599333643913
22,72,0.0527016706764698
22,73,0.05069231986999512
22,74,0.05501871556043625
22,75,0.07202507555484772
22,76,0.062165431678295135
23,1,0.0656188502907753
23,2,0.06788872927427292
23,3,0.060038354247808456
23,4,0.05234465375542641
23,5,0.05850628390908241
23,6,0.06254702806472778
23,7,0.05132574588060379
23,8,0.07134141027927399
23,9,0.06355077773332596
23,10,0.05842842161655426
23,11,0.05220258980989456
23,12,0.0663970559835434
23,13,0.06347069144248962
23,14,0.05005985498428345
23,15,0.06385564059019089
23,16,0.05686231702566147
23,17,0.06202632188796997
23,18,0.055594462901353836
23,19,0.053964294493198395
23,20,0.05857028812170029
23,21,0.06656013429164886
23,22,0.05449987202882767
23,23,0.04966872185468674
23,24,0.07472029328346252
23,25,0.05309968441724777
23,26,0.04957972466945648
23,27,0.05550912395119667
23,28,0.04618930071592331
23,29,0.06574216485023499
23,30,0.054264284670352936
23,31,0.05669637396931648
23,32,0.05627858638763428
23,33,0.05210696533322334
23,34,0.049338214099407196
23,35,0.04525505751371384
23,36,0.06068866699934006
23,37,0.0693822130560875
23,38,0.055582642555236816
23,39,0.057380277663469315
23,40,0.06643173098564148
23,41,0.05282819643616676
23,42,0.05748405307531357
23,43,0.054896824061870575
23,44,0.05565888434648514
23,45,0.04466107860207558
23,46,0.06562034040689468
23,47,0.05936191976070404
23,48,0.052531637251377106
23,49,0.056575894355773926
23,50,0.058854345232248306
23,51,0.05306221544742584
23,52,0.05288376659154892
23,53,0.08435001969337463
23,54,0.06746576726436615
23,55,0.05845578759908676
23,56,0.055815115571022034
23,57,0.06546422839164734
23,58,0.06178934872150421
23,59,0.06846144795417786
23,60,0.05534984543919563
23,61,0.04912147670984268
23,62,0.055259525775909424
23,63,0.06674767285585403
23,64,0.04985598474740982
23,65,0.048084668815135956
23,66,0.06455076485872269
23,67,0.06037312373518944
23,68,0.060598619282245636
23,69,0.056535884737968445
23,70,0.05508154630661011
23,71,0.05016741156578064
23,72,0.08258724212646484
23,73,0.05264991149306297
23,74,0.05029431730508804
23,75,0.051373038440942764
23,76,0.05688998103141785
24,1,0.05360680818557739
24,2,0.05065781623125076
24,3,0.05334414914250374
24,4,0.06194143369793892
24,5,0.05411602929234505
24,6,0.050458818674087524
24,7,0.06878693401813507
24,8,0.052457671612501144
24,9,0.05202779173851013
24,10,0.05297088250517845
24,11,0.047184474766254425
24,12,0.05426834523677826
24,13,0.04837847873568535
24,14,0.06304529309272766
24,15,0.04942041635513306
24,16,0.05297256261110306
24,17,0.06515686213970184
24,18,0.048303648829460144
24,19,0.05645924061536789
24,20,0.05670179799199104
24,21,0.06193520873785019
24,22,0.06676597893238068
24,23,0.06166056543588638
24,24,0.06924696266651154
24,25,0.05274347960948944
24,26,0.060915254056453705
24,27,0.05632054805755615
24,28,0.07986711710691452
24,29,0.05790276080369949
24,30,0.054940614849328995
24,31,0.0626586526632309
24,32,0.05441209673881531
24,33,0.05007676035165787
24,34,0.05134833604097366
24,35,0.050595566630363464
24,36,0.060421183705329895
24,37,0.0640464648604393
24,38,0.05432844161987305
24,39,0.05277615413069725
24,40,0.05158424377441406
24,41,0.05650772526860237
24,42,0.044832777231931686
24,43,0.06651202589273453
24,44,0.05779191479086876
24,45,0.05194155126810074
24,46,0.05079762637615204
24,47,0.04837476462125778
24,48,0.052284564822912216
24,49,0.05303356051445007
24,50,0.05242638289928436
24,51,0.06814395636320114
24,52,0.062491171061992645
24,53,0.05559336394071579
24,54,0.057828791439533234
24,55,0.06745797395706177
24,56,0.050700943917036057
24,57,0.07054641097784042
24,58,0.05161712318658829
24,59,0.052327610552310944
24,60,0.04930271953344345
24,61,0.047402653843164444
24,62,0.04401695728302002
24,63,0.053988125175237656
24,64,0.05322812497615814
24,65,0.054027631878852844
24,66,0.05614755302667618
24,67,0.0505780354142189
24,68,0.04662993550300598
24,69,0.05587516725063324
24,70,0.0712900161743164
24,71,0.057220883667469025
24,72,0.054198555648326874
24,73,0.0513099730014801
24,74,0.05803804099559784
24,75,0.04975327104330063
24,76,0.0688222348690033
25,1,0.051039718091487885
25,2,0.05117650702595711
25,3,0.050973378121852875
25,4,0.06165837123990059
25,5,0.0475524440407753
25,6,0.06657534092664719
25,7,0.06470759958028793
25,8,0.0625249519944191
25,9,0.04844807833433151
25,10,0.05683717131614685
25,11,0.06664314866065979
25,12,0.0542784258723259
25,13,0.052655190229415894
25,14,0.05975116416811943
25,15,0.051268503069877625
25,16,0.04597511142492294
25,17,0.05589987337589264
25,18,0.0588524304330349
25,19,0.058101627975702286
25,20,0.049684908241033554
25,21,0.05945653095841408
25,22,0.06724993884563446
25,23,0.05816653370857239
25,24,0.05552344769239426
25,25,0.06482532620429993
25,26,0.054661259055137634
25,27,0.05383836477994919
25,28,0.06597109138965607
25,29,0.04440348967909813
25,30,0.05926944687962532
25,31,0.06435441970825195
25,32,0.052037402987480164
25,33,0.056604139506816864
25,34,0.06556957215070724
25,35,0.057885877788066864
25,36,0.057211875915527344
25,37,0.060710370540618896
25,38,0.05573278293013573
25,39,0.055957093834877014
25,40,0.08549235761165619
25,41,0.054572299122810364
25,42,0.0621790885925293
25,43,0.06678390502929688
25,44,0.053878068923950195
25,45,0.05551393702626228
25,46,0.06909383833408356
25,47,0.0471276193857193
25,48,0.05807362496852875
25,49,0.06133351847529411
25,50,0.04802360013127327
25,51,0.05488651245832443
25,52,0.05245676636695862
25,53,0.05118100345134735
25,54,0.05676960200071335
25,55,0.06585310399532318
25,56,0.04822014272212982
25,57,0.04948219656944275
25,58,0.06297538429498672
25,59,0.05399995297193527
25,60,0.07424789667129517
25,61,0.05396164581179619
25,62,0.05425214767456055
25,63,0.05416491627693176
25,64,0.06004965305328369
25,65,0.05839373916387558
25,66,0.053222984075546265
25,67,0.050287678837776184
25,68,0.08052919805049896
25,69,0.0529530830681324
25,70,0.05350524187088013
25,71,0.048792753368616104
25,72,0.05907285958528519
25,73,0.04329167678952217
25,74,0.057347267866134644
25,75,0.0516660213470459
25,76,0.05107469484210014
26,1,0.05568814277648926
26,2,0.050855860114097595
26,3,0.05817544832825661
26,4,0.08242888748645782
26,5,0.05079755187034607
26,6,0.06467002630233765
26,7,0.0568709671497345
26,8,0.05648866295814514
26,9,0.05151886120438576
26,10,0.05223332718014717
26,11,0.05931968241930008
26,12,0.06507061421871185
26,13,0.05425523221492767
26,14,0.05896775424480438
26,15,0.059138037264347076
26,16,0.05305599793791771
26,17,0.06501030921936035
26,18,0.05129145830869675
26,19,0.05326393246650696
26,20,0.05986373871564865
26,21,0.054023247212171555
26,22,0.05837828665971756
26,23,0.061025939881801605
26,24,0.04652298986911774
26,25,0.05850212648510933
26,26,0.05098830163478851
26,27,0.05582946538925171
26,28,0.050889719277620316
26,29,0.05029521882534027
26,30,0.0528867281973362
26,31,0.060252346098423004
26,32,0.046927694231271744
26,33,0.05239506810903549
26,34,0.05984828621149063
26,35,0.054312389343976974
26,36,0.048085469752550125
26,37,0.04532904177904129
26,38,0.047430962324142456
26,39,0.05191840976476669
26,40,0.050309594720602036
26,41,0.052908483892679214
26,42,0.051262468099594116
26,43,0.05713030695915222
26,44,0.06003603711724281
26,45,0.05876715108752251
26,46,0.05120252072811127
26,47,0.048028409481048584
26,48,0.043981071561574936
26,49,0.04972588270902634
26,50,0.0494203045964241
26,51,0.05248861014842987
26,52,0.06137903034687042
26,53,0.061456743627786636
26,54,0.05777372419834137
26,55,0.056558527052402496
26,56,0.0495634488761425
26,57,0.05374655872583389
26,58,0.05933566391468048
26,59,0.057117946445941925
26,60,0.049830444157123566
26,61,0.05460556223988533
26,62,0.0478898324072361
26,63,0.053144603967666626
26,64,0.04747792333364487
26,65,0.06618446111679077
26,66,0.05618235468864441
26,67,0.05104118213057518
26,68,0.06211555749177933
26,69,0.052670612931251526
26,70,0.052367426455020905
26,71,0.05102889984846115
26,72,0.053170736879110336
26,73,0.050009146332740784
26,74,0.050534360110759735
26,75,0.04531335085630417
26,76,0.0581546425819397
27,1,0.056006867438554764
27,2,0.05070141702890396
27,3,0.05182614177465439
27,4,0.054135821759700775
27,5,0.052590370178222656
27,6,0.05084618926048279
27,7,0.05298697203397751
27,8,0.05931586027145386
27,9,0.05190025642514229
27,10,0.059403881430625916
27,11,0.04828336834907532
27,12,0.05050453916192055
27,13,0.053666166961193085
27,14,0.05579155683517456
27,15,0.047909289598464966
27,16,0.06625255942344666
27,17,0.06454265117645264
27,18,0.04723525419831276
27,19,0.05478396266698837
27,20,0.050611089915037155
27,21,0.045714493840932846
27,22,0.053749240934848785
27,23,0.04407424479722977
27,24,0.05811731889843941
27,25,0.05767682194709778
27,26,0.05581489950418472
27,27,0.04679248109459877
27,28,0.05902491509914398
27,29,0.05789681896567345
27,30,0.05053047090768814
27,31,0.05462716519832611
27,32,0.0478968508541584
27,33,0.05418258160352707
27,34,0.05782363563776016
27,35,0.06370456516742706
27,36,0.05537357181310654
27,37,0.06001277640461922
27,38,0.053137414157390594
27,39,0.05871802195906639
27,40,0.057466574013233185
27,41,0.056478336453437805
27,42,0.051205120980739594
27,43,0.05142863094806671
27,44,0.05799887329339981
27,45,0.04727257788181305
27,46,0.05479559674859047
27,47,0.04733607918024063
27,48,0.05607646703720093
27,49,0.04706393554806709
27,50,0.061357736587524414
27,51,0.04348571598529816
27,52,0.055793680250644684
27,53,0.04365818202495575
27,54,0.05101732909679413
27,55,0.045843079686164856
27,56,0.0498378723859787
27,57,0.05221102014183998
27,58,0.05654308944940567
27,59,0.06420505046844482
27,60,0.048131734132766724
27,61,0.06366509199142456
27,62,0.05448043346405029
27,63,0.04777546599507332
27,64,0.052773378789424896
27,65,0.05122646689414978
27,66,0.04434560611844063
27,67,0.053319018334150314
27,68,0.048618417233228683
27,69,0.058949947357177734
27,70,0.063783198595047
27,71,0.050324395298957825
27,72,0.06051867827773094
27,73,0.05207757651805878
27,74,0.05192534625530243
27,75,0.05182817950844765
27,76,0.04610644653439522
28,1,0.04851587861776352
28,2,0.05485119670629501
28,3,0.041221726685762405
28,4,0.05498645454645157
28,5,0.06474561989307404
28,6,0.04993414133787155
28,7,0.06281252950429916
28,8,0.04614771157503128
28,9,0.05376662313938141
28,10,0.054706916213035583
28,11,0.043815672397613525
28,12,0.052667781710624695
28,13,0.054141703993082047
28,14,0.055048953741788864
28,15,0.047486066818237305
28,16,0.04279596731066704
28,17,0.04712650924921036
28,18,0.046471089124679565
28,19,0.06068228930234909
28,20,0.05386009067296982
28,21,0.04327169060707092
28,22,0.049879029393196106
28,23,0.05029109865427017
28,24,0.049155257642269135
28,25,0.05019301176071167
28,26,0.04432572424411774
28,27,0.041579537093639374
28,28,0.04796961694955826
28,29,0.04638585448265076
28,30,0.048594795167446136
28,31,0.05460304766893387
28,32,0.04838116466999054
28,33,0.046809084713459015
28,34,0.05500897765159607
28,35,0.05125780776143074
28,36,0.058151762932538986
28,37,0.043206602334976196
28,38,0.04812140390276909
28,39,0.049181342124938965
28,40,0.05099322646856308
28,41,0.048770971596241
28,42,0.044113170355558395
28,43,0.04579856991767883
28,44,0.06410893052816391
28,45,0.04194425418972969
28,46,0.052941277623176575
28,47,0.062030307948589325
28,48,0.04997938126325607
28,49,0.0747537761926651
28,50,0.055594392120838165
28,51,0.05065400153398514
28,52,0.051518041640520096
28,53,0.05089463293552399
28,54,0.04767768830060959
28,55,0.0506894588470459
28,56,0.05069960281252861
28,57,0.0436398908495903
28,58,0.056634850800037384
28,59,0.057545047253370285
28,60,0.052911922335624695
28,61,0.049763381481170654
28,62,0.055662669241428375
28,63,0.061502132564783096
28,64,0.050861895084381104
28,65,0.04819552227854729
28,66,0.04551297426223755
28,67,0.05221796780824661
28,68,0.0470091849565506
28,69,0.04867871105670929
28,70,0.0559663362801075
28,71,0.045847125351428986
28,72,0.055661678314208984
28,73,0.04821079224348068
28,74,0.061817657202482224
28,75,0.05830059200525284
28,76,0.04865031689405441
29,1,0.06849859654903412
29,2,0.05628473311662674
29,3,0.054140038788318634
29,4,0.04769977927207947
29,5,0.05117419362068176
29,6,0.0588340237736702
29,7,0.06246291100978851
29,8,0.04788019508123398
29,9,0.06404250860214233
29,10,0.051997724920511246
29,11,0.0463629886507988
29,12,0.051509492099285126
29,13,0.047907523810863495
29,14,0.058656372129917145
29,15,0.04735732823610306
29,16,0.049263425171375275
29,17,0.0484515018761158
29,18,0.07969535887241364
29,19,0.05032889172434807
29,20,0.051346201449632645
29,21,0.053160056471824646
29,22,0.05375285446643829
29,23,0.04233766719698906
29,24,0.049591973423957825
29,25,0.055192459374666214
29,26,0.049010708928108215
29,27,0.04908178374171257
29,28,0.049632392823696136
29,29,0.05317245051264763
29,30,0.056077539920806885
29,31,0.05260831117630005
29,32,0.05002591013908386
29,33,0.04831694811582565
29,34,0.056409552693367004
29,35,0.05384349077939987
29,36,0.06275211274623871
29,37,0.048387929797172546
29,38,0.05490073561668396
29,39,0.05284598097205162
29,40,0.05377749353647232
29,41,0.0511530265212059
29,42,0.05047190561890602
29,43,0.05589285492897034
29,44,0.050417348742485046
29,45,0.05038786679506302
29,46,0.051799044013023376
29,47,0.050048667937517166
29,48,0.04714880511164665
29,49,0.05797915160655975
29,50,0.07359621673822403
29,51,0.05101563781499863
29,52,0.052198488265275955
29,53,0.04715253412723541
29,54,0.03939326852560043
29,55,0.04744772985577583
29,56,0.052125416696071625
29,57,0.0569588840007782
29,58,0.04677599295973778
29,59,0.058072056621313095
29,60,0.044425588101148605
29,61,0.06780453026294708
29,62,0.05220622941851616
29,63,0.04286574944853783
29,64,0.05051860213279724
29,65,0.05685243010520935
29,66,0.048127032816410065
29,67,0.04890814423561096
29,68,0.05399661511182785
29,69,0.05271192640066147
29,70,0.04972086846828461
29,71,0.05360076576471329
29,72,0.05070570856332779
29,73,0.04353567212820053
29,74,0.04978066310286522
29,75,0.05175027251243591
29,76,0.052562255412340164
30,1,0.05687035620212555
30,2,0.04595516622066498
30,3,0.04648818075656891
30,4,0.05237163230776787
30,5,0.047467801719903946
30,6,0.049046359956264496
30,7,0.05122576281428337
30,8,0.072256900370121
30,9,0.04478307068347931
30,10,0.05997875705361366
30,11,0.043405573815107346
30,12,0.05660678446292877
30,13,0.038779087364673615
30,14,0.04822835698723793
30,15,0.05116456374526024
30,16,0.048070672899484634
30,17,0.05927513539791107
30,18,0.04321429505944252
30,19,0.05808132886886597
30,20,0.061404936015605927
30,21,0.05001678317785263
30,22,0.06487909704446793
30,23,0.045970503240823746
30,24,0.06584326922893524
30,25,0.04866147041320801
30,26,0.04768142104148865
30,27,0.05298658087849617
30,28,0.04953731968998909
30,29,0.06043550744652748
30,30,0.04936044290661812
30,31,0.04681894928216934
30,32,0.04552717134356499
30,33,0.044581104069948196
30,34,0.05501173064112663
30,35,0.06000852584838867
30,36,0.04617162048816681
30,37,0.059461142867803574
30,38,0.042322345077991486
30,39,0.05199320614337921
30,40,0.044016189873218536
30,41,0.053845278918743134
30,42,0.04819168522953987
30,43,0.053692422807216644
30,44,0.0509364977478981
30,45,0.04368717223405838
30,46,0.049467865377664566
30,47,0.05686911195516586
30,48,0.04899589717388153
30,49,0.055110592395067215
30,50,0.04427483677864075
30,51,0.054958775639534
30,52,0.05466117337346077
30,53,0.04797110706567764
30,54,0.054381970316171646
30,55,0.05549924820661545
30,56,0.04775287210941315
30,57,0.050168316811323166
30,58,0.051987387239933014
30,59,0.05980472266674042
30,60,0.053677380084991455
30,61,0.052471768110990524
30,62,0.04627370461821556
30,63,0.04330306127667427
30,64,0.05706578493118286
30,65,0.04620715230703354
30,66,0.048528771847486496
30,67,0.05473364517092705
30,68,0.04595857113599777
30,69,0.056675445288419724
30,70,0.048407357186079025
30,71,0.058490410447120667
30,72,0.051231734454631805
30,73,0.06924162805080414
30,74,0.05209134519100189
30,75,0.06356661021709442
30,76,0.05065561830997467
31,1,0.048941720277071
31,2,0.046380847692489624
31,3,0.051671434193849564
31,4,0.05069614201784134
31,5,0.045885127037763596
31,6,0.058357350528240204
31,7,0.05125001072883606
31,8,0.05052271485328674
31,9,0.05449590086936951
31,10,0.045639768242836
31,11,0.0553402304649353
31,12,0.04681367427110672
31,13,0.05159616842865944
31,14,0.04081737995147705
31,15,0.04555652290582657
31,16,0.04492083564400673
31,17,0.04599079489707947
31,18,0.047526296228170395
31,19,0.05072886869311333
31,20,0.04921335354447365
31,21,0.056069038808345795
31,22,0.054511658847332
31,23,0.04328841716051102
31,24,0.06402434408664703
31,25,0.04855777323246002
31,26,0.04634488746523857
31,27,0.06157040223479271
31,28,0.054504916071891785
31,29,0.045634329319000244
31,30,0.05159389600157738
31,31,0.04680013656616211
31,32,0.045564211905002594
31,33,0.05419793725013733
31,34,0.05131639540195465
31,35,0.0477261058986187
31,36,0.0472211092710495
31,37,0.05106663703918457
31,38,0.0613650418817997
31,39,0.04949497431516647
31,40,0.0582449771463871
31,41,0.04924089461565018
31,42,0.04611006751656532
31,43,0.046169430017471313
31,44,0.04958450049161911
31,45,0.05839929357171059
31,46,0.056098293513059616
31,47,0.043756019324064255
31,48,0.051935385912656784
31,49,0.04803616553544998
31,50,0.044332727789878845
31,51,0.04200058430433273
31,52,0.04708687216043472
31,53,0.05682021751999855
31,54,0.04698191583156586
31,55,0.044975634664297104
31,56,0.05983487516641617
31,57,0.04608387127518654
31,58,0.04766390845179558
31,59,0.04481120407581329
31,60,0.05169639736413956
31,61,0.04904948174953461
31,62,0.048406027257442474
31,63,0.048915114253759384
31,64,0.050181105732917786
31,65,0.050508007407188416
31,66,0.05685491859912872
31,67,0.0464542917907238
31,68,0.04782845452427864
31,69,0.04807756841182709
31,70,0.04399887099862099
31,71,0.049780867993831635
31,72,0.04838256537914276
31,73,0.04600834846496582
31,74,0.04618778079748154
31,75,0.057669781148433685
31,76,0.053624723106622696
32,1,0.04878998547792435
32,2,0.04469094052910805
32,3,0.04601049795746803
32,4,0.04862843081355095
32,5,0.05163213238120079
32,6,0.05445489659905434
32,7,0.04764802008867264
32,8,0.051030758768320084
32,9,0.05015499144792557
32,10,0.05710790306329727
32,11,0.05700422823429108
32,12,0.051839910447597504
32,13,0.05717122554779053
32,14,0.05150488018989563
32,15,0.05010102689266205
32,16,0.05635550618171692
32,17,0.040587522089481354
32,18,0.06190910190343857
32,19,0.05375497788190842
32,20,0.04068106412887573
32,21,0.0549120157957077
32,22,0.04989061504602432
32,23,0.049257274717092514
32,24,0.043950267136096954
32,25,0.05665094405412674
32,26,0.05326645076274872
32,27,0.05521150678396225
32,28,0.045155368745326996
32,29,0.06510036438703537
32,30,0.04330030083656311
32,31,0.047774698585271835
32,32,0.04464329779148102
32,33,0.0531424954533577
32,34,0.042725805193185806
32,35,0.047250695526599884
32,36,0.058812543749809265
32,37,0.04552228003740311
32,38,0.04668790474534035
32,39,0.04840073734521866
32,40,0.03887385502457619
32,41,0.055538587272167206
32,42,0.05509156733751297
32,43,0.05793990194797516
32,44,0.05433140695095062
32,45,0.05284225568175316
32,46,0.047950126230716705
32,47,0.05545402690768242
32,48,0.05505341291427612
32,49,0.04760203883051872
32,50,0.05271212011575699
32,51,0.05157450586557388
32,52,0.041703782975673676
32,53,0.048633821308612823
32,54,0.047521330416202545
32,55,0.04355407506227493
32,56,0.04486484453082085
32,57,0.04998951405286789
32,58,0.053029343485832214
32,59,0.05310584604740143
32,60,0.0456463098526001
32,61,0.04936234652996063
32,62,0.04375625401735306
32,63,0.04682828113436699
32,64,0.05381523072719574
32,65,0.046415649354457855
32,66,0.058734383434057236
32,67,0.04412810504436493
32,68,0.04832115024328232
32,69,0.048962753266096115
32,70,0.052145231515169144
32,71,0.04840385913848877
32,72,0.046912550926208496
32,73,0.053548842668533325
32,74,0.04618796706199646
32,75,0.04686538130044937
32,76,0.06084630638360977
33,1,0.0467250719666481
33,2,0.04941873624920845
33,3,0.04622049629688263
33,4,0.047589875757694244
33,5,0.04777003824710846
33,6,0.05578448995947838
33,7,0.04880186915397644
33,8,0.04905378073453903
33,9,0.04978411644697189
33,10,0.06630432605743408
33,11,0.0440097451210022
33,12,0.050248220562934875
33,13,0.05356977880001068
33,14,0.060404352843761444
33,15,0.06480630487203598
33,16,0.05392257496714592
33,17,0.04876615107059479
33,18,0.049575235694646835
33,19,0.045915424823760986
33,20,0.0460563600063324
33,21,0.05202735960483551
33,22,0.044391799718141556
33,23,0.041961416602134705
33,24,0.046238385140895844
33,25,0.05455181002616882
33,26,0.049522630870342255
33,27,0.04753328859806061
33,28,0.05097047612071037
33,29,0.044326044619083405
33,30,0.04679897055029869
33,31,0.051624596118927
33,32,0.05351841449737549
33,33,0.052239976823329926
33,34,0.0559912845492363
33,35,0.053329095244407654
33,36,0.04755692183971405
33,37,0.045075371861457825
33,38,0.045910973101854324
33,39,0.042622968554496765
33,40,0.042412400245666504
33,41,0.048986971378326416
33,42,0.04783427715301514
33,43,0.04569082334637642
33,44,0.057717546820640564
33,45,0.04629417508840561
33,46,0.04322986677289009
33,47,0.05773939564824104
33,48,0.050935544073581696
33,49,0.056009747087955475
33,50,0.054319243878126144
33,51,0.05653628334403038
33,52,0.04247710108757019
33,53,0.0551886111497879
33,54,0.051432251930236816
33,55,0.050233833491802216
33,56,0.0459810346364975
33,57,0.04854989051818848
33,58,0.0578090064227581
33,59,0.05172766000032425
33,60,0.047331131994724274
33,61,0.054753147065639496
33,62,0.049840204417705536
33,63,0.048238079994916916
33,64,0.04613405466079712
33,65,0.04298994690179825
33,66,0.04159165546298027
33,67,0.04274134710431099
33,68,0.045136839151382446
33,69,0.04666967689990997
33,70,0.05034556984901428
33,71,0.045397862792015076
33,72,0.04317101091146469
33,73,0.044066958129405975
33,74,0.045364465564489365
33,75,0.04072148725390434
33,76,0.06191499903798103
34,1,0.040814466774463654
34,2,0.04389680176973343
34,3,0.04662473499774933
34,4,0.04151354730129242
34,5,0.04458986222743988
34,6,0.0407821424305439
34,7,0.051678258925676346
34,8,0.04889630526304245
34,9,0.04743734002113342
34,10,0.05580975115299225
34,11,0.051290545612573624
34,12,0.04414760321378708
34,13,0.05181565880775452
34,14,0.046350181102752686
34,15,0.04737833887338638
34,16,0.055601347237825394
34,17,0.055601950734853745
34,18,0.05864609032869339
34,19,0.05456067994236946
34,20,0.05506599694490433
34,21,0.04754514992237091
34,22,0.05115089565515518
34,23,0.04780169203877449
34,24,0.046351246535778046
34,25,0.04173881560564041
34,26,0.042283087968826294
34,27,0.049143485724925995
34,28,0.0433625802397728
34,29,0.04373129829764366
34,30,0.053027279675006866
34,31,0.04793405532836914
34,32,0.04331585764884949
34,33,0.04470129683613777
34,34,0.04530978575348854
34,35,0.0434037446975708
34,36,0.049235451966524124
34,37,0.04614601656794548
34,38,0.05183255672454834
34,39,0.05931081250309944
34,40,0.05005918815732002
34,41,0.04291674494743347
34,42,0.04838254675269127
34,43,0.043408460915088654
34,44,0.05638336390256882
34,45,0.046913668513298035
34,46,0.042005810886621475
34,47,0.06044600158929825
34,48,0.04279031977057457
34,49,0.05399535968899727
34,50,0.05423861742019653
34,51,0.05779926851391792
34,52,0.041580818593502045
34,53,0.04985938221216202
34,54,0.04908715933561325
34,55,0.05352318286895752
34,56,0.04376693069934845
34,57,0.050132010132074356
34,58,0.056732285767793655
34,59,0.05348806083202362
34,60,0.054441168904304504
34,61,0.04590761289000511
34,62,0.05404597893357277
34,63,0.055112019181251526
34,64,0.0499492809176445
34,65,0.03897721692919731
34,66,0.04588055610656738
34,67,0.047392889857292175
34,68,0.049772974103689194
34,69,0.04573039337992668
34,70,0.0442124605178833
34,71,0.04129401966929436
34,72,0.05778192728757858
34,73,0.0504436269402504
34,74,0.04779603332281113
34,75,0.05800364539027214
34,76,0.04485310614109039
35,1,0.05334858223795891
35,2,0.04157726466655731
35,3,0.039875708520412445
35,4,0.05531265586614609
35,5,0.04744061082601547
35,6,0.04487800598144531
35,7,0.05053985118865967
35,8,0.046121563762426376
35,9,0.05677192285656929
35,10,0.054451633244752884
35,11,0.05541941523551941
35,12,0.05171830952167511
35,13,0.06021443009376526
35,14,0.050372906029224396
35,15,0.045505113899707794
35,16,0.059508953243494034
35,17,0.04898138716816902
35,18,0.04586672782897949
35,19,0.04605811834335327
35,20,0.049483343958854675
35,21,0.044104769825935364
35,22,0.055073194205760956
35,23,0.043763063848018646
35,24,0.04807838052511215
35,25,0.040464483201503754
35,26,0.04740157350897789
35,27,0.0509883388876915
35,28,0.0537632554769516
35,29,0.0473056361079216
35,30,0.05070051550865173
35,31,0.04733488708734512
35,32,0.04797019809484482
35,33,0.04941850155591965
35,34,0.04796365648508072
35,35,0.04284597560763359
35,36,0.05060300976037979
35,37,0.03952839970588684
35,38,0.05028397962450981
35,39,0.04538356512784958
35,40,0.059198763221502304
35,41,0.05017933249473572
35,42,0.04734034836292267
35,43,0.05203603208065033
35,44,0.044720232486724854
35,45,0.047075964510440826
35,46,0.04331182688474655
35,47,0.055754803121089935
35,48,0.04770217090845108
35,49,0.05897187814116478
35,50,0.04995107650756836
35,51,0.048347510397434235
35,52,0.04037996381521225
35,53,0.04737705737352371
35,54,0.055413924157619476
35,55,0.05112885311245918
35,56,0.048983193933963776
35,57,0.04851100966334343
35,58,0.04514794051647186
35,59,0.047157756984233856
35,60,0.048279669135808945
35,61,0.046574607491493225
35,62,0.040704913437366486
35,63,0.04147962108254433
35,64,0.049562789499759674
35,65,0.042758047580718994
35,66,0.0507369190454483
35,67,0.045468226075172424
35,68,0.05784472078084946
35,69,0.05126931890845299
35,70,0.0570315420627594
35,71,0.0471847727894783
35,72,0.05045098811388016
35,73,0.04135702922940254
35,74,0.06276719272136688
35,75,0.05066007375717163
35,76,0.04740562289953232
36,1,0.048064395785331726
36,2,0.04980859160423279
36,3,0.044872961938381195
36,4,0.04008442163467407
36,5,0.04975951090455055
36,6,0.04067162796854973
36,7,0.04348095506429672
36,8,0.04625307768583298
36,9,0.0492761954665184
36,10,0.04300816357135773
36,11,0.050859484821558
36,12,0.057961348444223404
36,13,0.04773338884115219
36,14,0.043866001069545746
36,15,0.045184507966041565
36,16,0.060023851692676544
36,17,0.04206826910376549
36,18,0.05758025124669075
36,19,0.05800079554319382
36,20,0.05121812969446182
36,21,0.05449012666940689
36,22,0.05225718021392822
36,23,0.049131304025650024
36,24,0.045030515640974045
36,25,0.052541546523571014
36,26,0.04279135912656784
36,27,0.050885677337646484
36,28,0.0400286540389061
36,29,0.05015096813440323
36,30,0.04352078586816788
36,31,0.05018274486064911
36,32,0.04809795320034027
36,33,0.052796345204114914
36,34,0.047246579080820084
36,35,0.04834550619125366
36,36,0.042415618896484375
36,37,0.05374884605407715
36,38,0.04501687362790108
36,39,0.0467132031917572
36,40,0.04394718259572983
36,41,0.04936891049146652
36,42,0.04704425483942032
36,43,0.06566199660301208
36,44,0.046188123524188995
36,45,0.04782763868570328
36,46,0.048206545412540436
36,47,0.046950340270996094
36,48,0.047089509665966034
36,49,0.043015629053115845
36,50,0.04069429636001587
36,51,0.040117084980010986
36,52,0.046719130128622055
36,53,0.05934567004442215
36,54,0.06524185836315155
36,55,0.04441053047776222
36,56,0.04562101885676384
36,57,0.05257098376750946
36,58,0.05159401148557663
36,59,0.04782477766275406
36,60,0.042545534670352936
36,61,0.047060269862413406
36,62,0.04078183323144913
36,63,0.048579297959804535
36,64,0.04807228967547417
36,65,0.05863118916749954
36,66,0.04561753571033478
36,67,0.04663519561290741
36,68,0.04259350150823593
36,69,0.0638301819562912
36,70,0.04366299510002136
36,71,0.058439746499061584
36,72,0.05140768736600876
36,73,0.057464029639959335
36,74,0.05587300658226013
36,75,0.04426402598619461
36,76,0.04399673640727997
37,1,0.04974832758307457
37,2,0.050878625363111496
37,3,0.069412000477314
37,4,0.047320134937763214
37,5,0.05068312585353851
37,6,0.05062098801136017
37,7,0.05411319434642792
37,8,0.046225689351558685
37,9,0.05129647254943848
37,10,0.05042120814323425
37,11,0.04402593523263931
37,12,0.04437047243118286
37,13,0.04849739745259285
37,14,0.045996591448783875
37,15,0.038476575165987015
37,16,0.04683548957109451
37,17,0.05679900944232941
37,18,0.05049370974302292
37,19,0.04486404359340668
37,20,0.05740152299404144
37,21,0.0537918284535408
37,22,0.06544075161218643
37,23,0.04472716152667999
37,24,0.044714003801345825
37,25,0.04109486564993858
37,26,0.04895209148526192
37,27,0.04148787260055542
37,28,0.05752933770418167
37,29,0.05016141012310982
37,30,0.05969710648059845
37,31,0.048795074224472046
37,32,0.04643626883625984
37,33,0.04821241647005081
37,34,0.044518448412418365
37,35,0.04842954874038696
37,36,0.04837960749864578
37,37,0.04715865105390549
37,38,0.037904635071754456
37,39,0.054079435765743256
37,40,0.04502137750387192
37,41,0.04330521076917648
37,42,0.052430327981710434
37,43,0.05125923454761505
37,44,0.0471687912940979
37,45,0.058253783732652664
37,46,0.05316639691591263
37,47,0.051838815212249756
37,48,0.05356093496084213
37,49,0.04664809629321098
37,50,0.04122503846883774
37,51,0.05132736265659332
37,52,0.04251662641763687
37,53,0.05169828236103058
37,54,0.05622396618127823
37,55,0.04309011623263359
37,56,0.05212680250406265
37,57,0.045899659395217896
37,58,0.05326157808303833
37,59,0.04710686206817627
37,60,0.04751279950141907
37,61,0.04318217933177948
37,62,0.05190614238381386
37,63,0.04733744263648987
37,64,0.056415509432554245
37,65,0.045957572758197784
37,66,0.06156367436051369
37,67,0.04422955587506294
37,68,0.04512214660644531
37,69,0.0493694543838501
37,70,0.0460154190659523
37,71,0.046628378331661224
37,72,0.05533595383167267
37,73,0.04295724257826805
37,74,0.04622091352939606
37,75,0.040066443383693695
37,76,0.05032835155725479
38,1,0.04682387411594391
38,2,0.04727863520383835
38,3,0.04225289821624756
38,4,0.040626805275678635
38,5,0.044545989483594894
38,6,0.051176540553569794
38,7,0.04520276561379433
38,8,0.04581431299448013
38,9,0.04301268607378006
38,10,0.054945021867752075
38,11,0.047982506453990936
38,12,0.04962041974067688
38,13,0.04803016036748886
38,14,0.043564677238464355
38,15,0.04169541224837303
38,16,0.04483231157064438
38,17,0.044821374118328094
38,18,0.05337628349661827
38,19,0.05289919674396515
38,20,0.05117391049861908
38,21,0.04531282186508179
38,22,0.05359068885445595
38,23,0.04034212604165077
38,24,0.05407791584730148
38,25,0.05041319131851196
38,26,0.04217464104294777
38,27,0.059809666126966476
38,28,0.04073947295546532
38,29,0.05379531532526016
38,30,0.04963761568069458
38,31,0.054881662130355835
38,32,0.045700348913669586
38,33,0.04213961213827133
38,34,0.043437909334897995
38,35,0.044432394206523895
38,36,0.04737382009625435
38,37,0.040356192737817764
38,38,0.04579286277294159
38,39,0.05432598292827606
38,40,0.05334707349538803
38,41,0.042925283312797546
38,42,0.0525430329144001
38,43,0.04463135823607445
38,44,0.04789559543132782
38,45,0.04715855419635773
38,46,0.04928656667470932
38,47,0.041399117559194565
38,48,0.04998568445444107
38,49,0.03927110135555267
38,50,0.07198891788721085
38,51,0.04621727764606476
38,52,0.0465705431997776
38,53,0.042649783194065094
38,54,0.042922019958496094
38,55,0.04452446848154068
38,56,0.045093320310115814
38,57,0.045143794268369675
38,58,0.04053659737110138
38,59,0.049729231745004654
38,60,0.04639391601085663
38,61,0.047096602618694305
38,62,0.05457174777984619
38,63,0.041243307292461395
38,64,0.05269122123718262
38,65,0.05515451729297638
38,66,0.049989983439445496
38,67,0.04889703541994095
38,68,0.04604422673583031
38,69,0.049699343740940094
38,70,0.054455388337373734
38,71,0.036720022559165955
38,72,0.056576743721961975
38,73,0.04473663493990898
38,74,0.03929971158504486
38,75,0.04872272163629532
38,76,0.05193275958299637
39,1,0.04189976304769516
39,2,0.05408039316534996
39,3,0.04548241198062897
39,4,0.04141179844737053
39,5,0.04631708562374115
39,6,0.048598889261484146
39,7,0.057375237345695496
39,8,0.04080519825220108
39,9,0.05012267827987671
39,10,0.052345696836709976
39,11,0.04975581169128418
39,12,0.04667627438902855
39,13,0.04846247658133507
39,14,0.04172523319721222
39,15,0.04750208556652069
39,16,0.0429065003991127
39,17,0.05423993617296219
39,18,0.05227620527148247
39,19,0.05010831356048584
39,20,0.04832315444946289
39,21,0.0444909892976284
39,22,0.05398833379149437
39,23,0.05157962068915367
39,24,0.044003926217556
39,25,0.053484175354242325
39,26,0.04568756744265556
39,27,0.04489213973283768
39,28,0.0466306209564209
39,29,0.049048472195863724
39,30,0.05753566324710846
39,31,0.03821934759616852
39,32,0.05215506628155708
39,33,0.04216203838586807
39,34,0.048759907484054565
39,35,0.05145145580172539
39,36,0.04386275261640549
39,37,0.0497155599296093
39,38,0.051504459232091904
39,39,0.04543808847665787
39,40,0.04575635492801666
39,41,0.04970777779817581
39,42,0.050547629594802856
39,43,0.05014786869287491
39,44,0.047619760036468506
39,45,0.049963511526584625
39,46,0.04040957987308502
39,47,0.04235772043466568
39,48,0.055115796625614166
39,49,0.04136214405298233
39,50,0.0480814054608345
39,51,0.060082532465457916
39,52,0.04206465929746628
39,53,0.0509369894862175
39,54,0.05235302448272705
39,55,0.051535893231630325
39,56,0.04229913651943207
39,57,0.047900233417749405
39,58,0.04596012458205223
39,59,0.05596332624554634
39,60,0.05226447805762291
39,61,0.05104415863752365
39,62,0.04523763805627823
39,63,0.05130425840616226
39,64,0.052324581891298294
39,65,0.04728091508150101
39,66,0.03891861438751221
39,67,0.05417000129818916
39,68,0.04829512536525726
39,69,0.047498755156993866
39,70,0.047298721969127655
39,71,0.0479557029902935
39,72,0.046843770891427994
39,73,0.0476534366607666
39,74,0.047298744320869446
39,75,0.044536590576171875
39,76,0.043029144406318665
40,1,0.04611331224441528
40,2,0.03930899500846863
40,3,0.04572591185569763
40,4,0.05152380093932152
40,5,0.04055963084101677
40,6,0.049163997173309326
40,7,0.0463833212852478
40,8,0.04523615166544914
40,9,0.04504542052745819
40,10,0.04273954778909683
40,11,0.05769268795847893
40,12,0.0387665256857872
40,13,0.0495101660490036
40,14,0.052731119096279144
40,15,0.048007406294345856
40,16,0.04572249948978424
40,17,0.04131532087922096
40,18,0.04556342959403992
40,19,0.052489399909973145
40,20,0.04647960141301155
40,21,0.04591967165470123
40,22,0.04077174514532089
40,23,0.05597003549337387
40,24,0.04407190531492233
40,25,0.04690246284008026
40,26,0.044236551970243454
40,27,0.040641363710165024
40,28,0.041452743113040924
40,29,0.057804256677627563
40,30,0.046167273074388504
40,31,0.04838556796312332
40,32,0.048871368169784546
40,33,0.04542504996061325
40,34,0.04536690562963486
40,35,0.0436004176735878
40,36,0.04392562806606293
40,37,0.04656914621591568
40,38,0.046319931745529175
40,39,0.04349321499466896
40,40,0.042905569076538086
40,41,0.043928809463977814
40,42,0.0411524660885334
40,43,0.04554329439997673
40,44,0.04090414196252823
40,45,0.04829791188240051
40,46,0.03778432309627533
40,47,0.042982302606105804
40,48,0.04111205041408539
40,49,0.04504356533288956
40,50,0.044957615435123444
40,51,0.04310295358300209
40,52,0.04833757504820824
40,53,0.0463198758661747
40,54,0.04294741526246071
40,55,0.049623504281044006
40,56,0.04850241169333458
40,57,0.039815157651901245
40,58,0.045325957238674164
40,59,0.04644673317670822
40,60,0.045384131371974945
40,61,0.047692522406578064
40,62,0.05343650281429291
40,63,0.05418558418750763
40,64,0.047976259142160416
40,65,0.04402077943086624
40,66,0.06853306293487549
40,67,0.037009939551353455
40,68,0.04820796102285385
40,69,0.04364832118153572
40,70,0.041112467646598816
40,71,0.04236648604273796
40,72,0.050483785569667816
40,73,0.047175489366054535
40,74,0.05001356080174446
40,75,0.04539560526609421
40,76,0.04748142510652542
41,1,0.04515264928340912
41,2,0.04181511700153351
41,3,0.04181535169482231
41,4,0.046094488352537155
41,5,0.05118849128484726
41,6,0.05358570069074631
41,7,0.039759669452905655
41,8,0.044898539781570435
41,9,0.04362031817436218
41,10,0.05691857635974884
41,11,0.05763598904013634
41,12,0.053620293736457825
41,13,0.047195546329021454
41,14,0.04993562400341034
41,15,0.04185172915458679
41,16,0.04351627081632614
41,17,0.047192104160785675
41,18,0.04625680297613144
41,19,0.053524501621723175
41,20,0.048058729618787766
41,21,0.04261542111635208
41,22,0.045815616846084595
41,23,0.04870261251926422
41,24,0.061428267508745193
41,25,0.04658058285713196
41,26,0.048250943422317505
41,27,0.040807828307151794
41,28,0.06686504185199738
41,29,0.042791757732629776
41,30,0.046708378940820694
41,31,0.03974231332540512
41,32,0.043960098177194595
41,33,0.04055465757846832
41,34,0.05992085114121437
41,35,0.049023278057575226
41,36,0.05432140454649925
41,37,0.04574011266231537
41,38,0.04058140888810158
41,39,0.05419465899467468
41,40,0.0449674017727375
41,41,0.05126272141933441
41,42,0.04699915647506714
41,43,0.042097292840480804
41,44,0.0550667904317379
41,45,0.048958856612443924
41,46,0.04237199202179909
41,47,0.04976511001586914
41,48,0.04875066131353378
41,49,0.04652055352926254
41,50,0.04145555943250656
41,51,0.04173926264047623
41,52,0.053756605833768845
41,53,0.053853631019592285
41,54,0.04759379103779793
41,55,0.056983426213264465
41,56,0.05132704973220825
41,57,0.0528750866651535
41,58,0.044644638895988464
41,59,0.042562052607536316
41,60,0.04407011717557907
41,61,0.04216877371072769
41,62,0.04400104284286499
41,63,0.04481031000614166
41,64,0.047782544046640396
41,65,0.04418279975652695
41,66,0.048804961144924164
41,67,0.04878179356455803
41,68,0.051158178597688675
41,69,0.043461546301841736
41,70,0.056640561670064926
41,71,0.036943718791007996
41,72,0.04341037571430206
41,73,0.04318710416555405
41,74,0.04285113885998726
41,75,0.047374844551086426
41,76,0.0490841269493103
42,1,0.045458272099494934
42,2,0.04691654443740845
42,3,0.043529778718948364
42,4,0.0421784482896328
42,5,0.04700194299221039
42,6,0.04972849413752556
42,7,0.03861860930919647
42,8,0.04202118515968323
42,9,0.04602188616991043
42,10,0.04638966917991638
42,11,0.045289911329746246
42,12,0.050137635320425034
42,13,0.037707943469285965
42,14,0.04112356901168823
42,15,0.053891368210315704
42,16,0.053340308368206024
42,17,0.046101056039333344
42,18,0.04934209585189819
42,19,0.04337293654680252
42,20,0.04439320042729378
42,21,0.05765251815319061
42,22,0.04297291487455368
42,23,0.047122929245233536
42,24,0.04251040518283844
42,25,0.047435212880373
42,26,0.041398145258426666
42,27,0.058792594820261
42,28,0.04296862706542015
42,29,0.0382409431040287
42,30,0.037442393600940704
42,31,0.043722376227378845
42,32,0.05111224204301834
42,33,0.04351052641868591
42,34,0.049075424671173096
42,35,0.05059744417667389
42,36,0.037294287234544754
42,37,0.04437451809644699
42,38,0.034997858107089996
42,39,0.04399948567152023
42,40,0.04646351560950279
42,41,0.04537009820342064
42,42,0.04487181454896927
42,43,0.04509396478533745
42,44,0.03805328533053398
42,45,0.04364717751741409
42,46,0.04098179191350937
42,47,0.05500127375125885
42,48,0.047908633947372437
42,49,0.044819124042987823
42,50,0.04523582383990288
42,51,0.05609486997127533
42,52,0.05418791249394417
42,53,0.04132261499762535
42,54,0.03822619467973709
42,55,0.046293094754219055
42,56,0.047046761959791183
42,57,0.04572768881917
42,58,0.06089654564857483
42,59,0.045853596180677414
42,60,0.04710446298122406
42,61,0.047192126512527466
42,62,0.054759010672569275
42,63,0.044312700629234314
42,64,0.0411389023065567
42,65,0.055479783564805984
42,66,0.04690375179052353
42,67,0.04974915087223053
42,68,0.04702996462583542
42,69,0.044931016862392426
42,70,0.04702404513955116
42,71,0.050372377038002014
42,72,0.053404998034238815
42,73,0.046402718871831894
42,74,0.04523897543549538
42,75,0.04972952604293823
42,76,0.043409544974565506
43,1,0.04718464985489845
43,2,0.04593157023191452
43,3,0.044902462512254715
43,4,0.056664206087589264
43,5,0.0407145731151104
43,6,0.04287608712911606
43,7,0.046338267624378204
43,8,0.042133137583732605
43,9,0.04474886506795883
43,10,0.04327894747257233
43,11,0.043306127190589905
43,12,0.04760512337088585
43,13,0.05417391657829285
43,14,0.03950750082731247
43,15,0.04701938480138779
43,16,0.04844547063112259
43,17,0.046528883278369904
43,18,0.04100446775555611
43,19,0.0393102690577507
43,20,0.050583820790052414
43,21,0.058189306408166885
43,22,0.04274287819862366
43,23,0.04440527781844139
43,24,0.03904569149017334
43,25,0.049890194088220596
43,26,0.04796880483627319
43,27,0.046764060854911804
43,28,0.047953829169273376
43,29,0.04804874211549759
43,30,0.05139738693833351
43,31,0.04593956470489502
43,32,0.04150111973285675
43,33,0.03788164258003235
43,34,0.05429641529917717
43,35,0.04359100013971329
43,36,0.058601826429367065
43,37,0.04267321527004242
43,38,0.04513922706246376
43,39,0.04607845097780228
43,40,0.05021379888057709
43,41,0.03788498044013977
43,42,0.04227062314748764
43,43,0.03713583946228027
43,44,0.04460178315639496
43,45,0.040173668414354324
43,46,0.04424546658992767
43,47,0.044251665472984314
43,48,0.05055378004908562
43,49,0.05113605037331581
43,50,0.054613374173641205
43,51,0.03944459557533264
43,52,0.04772476106882095
43,53,0.04579286277294159
43,54,0.047718822956085205
43,55,0.05218745768070221
43,56,0.04491019994020462
43,57,0.04582130163908005
43,58,0.04827495291829109
43,59,0.04139679670333862
43,60,0.04277758300304413
43,61,0.04811772704124451
43,62,0.047722216695547104
43,63,0.04064540937542915
43,64,0.05184952914714813
43,65,0.05106770247220993
43,66,0.043031517416238785
43,67,0.042222946882247925
43,68,0.049898166209459305
43,69,0.05198017507791519
43,70,0.05002996698021889
43,71,0.06385476887226105
43,72,0.04201696068048477
43,73,0.044497713446617126
43,74,0.050732117146253586
43,75,0.04528750106692314
43,76,0.042580798268318176
44,1,0.04930288717150688
44,2,0.05203753709793091
44,3,0.04526336491107941
44,4,0.04109666869044304
44,5,0.06567848473787308
44,6,0.056553490459918976
44,7,0.047353796660900116
44,8,0.041643813252449036
44,9,0.04085042327642441
44,10,0.049428053200244904
44,11,0.0444137305021286
44,12,0.04477350786328316
44,13,0.044301725924015045
44,14,0.046385738998651505
44,15,0.051784202456474304
44,16,0.04959077388048172
44,17,0.0429229699075222
44,18,0.03893904387950897
44,19,0.05264333635568619
44,20,0.04795364663004875
44,21,0.047011848539114
44,22,0.049505650997161865
44,23,0.040461402386426926
44,24,0.038354452699422836
44,25,0.041404325515031815
44,26,0.04006285220384598
44,27,0.04090072959661484
44,28,0.040762193500995636
44,29,0.04780590534210205
44,30,0.04025282710790634
44,31,0.04201625660061836
44,32,0.04232175648212433
44,33,0.05770563334226608
44,34,0.04030466079711914
44,35,0.041533149778842926
44,36,0.03878847137093544
44,37,0.04124938324093819
44,38,0.04636001214385033
44,39,0.0449179969727993
44,40,0.048942163586616516
44,41,0.040379155427217484
44,42,0.03835449367761612
44,43,0.044520895928144455
44,44,0.051173657178878784
44,45,0.049115587025880814
44,46,0.051185160875320435
44,47,0.07069049030542374
44,48,0.05202312022447586
44,49,0.04422793537378311
44,50,0.05052821338176727
44,51,0.045217566192150116
44,52,0.04872066527605057
44,53,0.044640712440013885
44,54,0.04252169281244278
44,55,0.04446754604578018
44,56,0.04017717391252518
44,57,0.05635102465748787
44,58,0.0528101772069931
44,59,0.050608307123184204
44,60,0.04356668144464493
44,61,0.04986454173922539
44,62,0.04024657607078552
44,63,0.0466919019818306
44,64,0.045856624841690063
44,65,0.04951181635260582
44,66,0.04140444099903107
44,67,0.0410335436463356
44,68,0.04616241157054901
44,69,0.04573075473308563
44,70,0.04853777587413788
44,71,0.04278206825256348
44,72,0.03742063418030739
44,73,0.055690690875053406
44,74,0.05001083388924599
44,75,0.04627201706171036
44,76,0.04844026640057564
45,1,0.046066612005233765
45,2,0.044611021876335144
45,3,0.04642891511321068
45,4,0.053169503808021545
45,5,0.0392364040017128
45,6,0.05130882188677788
45,7,0.04954206943511963
45,8,0.04880446940660477
45,9,0.04682344198226929
45,10,0.0393206849694252
45,11,0.049048829823732376
45,12,0.03900494426488876
45,13,0.06454561650753021
45,14,0.039774924516677856
45,15,0.05087105929851532
45,16,0.046334363520145416
45,17,0.040819790214300156
45,18,0.056502342224121094
45,19,0.041495658457279205
45,20,0.0467875637114048
45,21,0.046271033585071564
45,22,0.05020520091056824
45,23,0.044692300260066986
45,24,0.03944389522075653
45,25,0.04620782285928726
45,26,0.04818204790353775
45,27,0.03885602951049805
45,28,0.04573557525873184
45,29,0.03753010928630829
45,30,0.04689990356564522
45,31,0.04451208561658859
45,32,0.040402304381132126
45,33,0.04496239125728607
45,34,0.047454651445150375
45,35,0.044209014624357224
45,36,0.06932855397462845
45,37,0.04657270759344101
45,38,0.050591446459293365
45,39,0.04446009546518326
45,40,0.03894812613725662
45,41,0.04817815124988556
45,42,0.04721146821975708
45,43,0.05210013687610626
45,44,0.03750775754451752
45,45,0.04752939194440842
45,46,0.042039863765239716
45,47,0.0511280819773674
45,48,0.045105624943971634
45,49,0.047157883644104004
45,50,0.054995253682136536
45,51,0.042860545217990875
45,52,0.042851366102695465
45,53,0.0533633828163147
45,54,0.04038737714290619
45,55,0.04807740077376366
45,56,0.045577824115753174
45,57,0.04390329495072365
45,58,0.05015034228563309
45,59,0.03804013133049011
45,60,0.04055112227797508
45,61,0.04699700325727463
45,62,0.04138689860701561
45,63,0.04034113883972168
45,64,0.053052715957164764
45,65,0.05138296261429787
45,66,0.04218858480453491
45,67,0.040846630930900574
45,68,0.041985876858234406
45,69,0.05391881242394447
45,70,0.037782516330480576
45,71,0.053742438554763794
45,72,0.044228293001651764
45,73,0.040760524570941925
45,74,0.038630224764347076
45,75,0.03979051485657692
45,76,0.04736168682575226
46,1,0.046374522149562836
46,2,0.05548971891403198
46,3,0.04684580862522125
46,4,0.04899910092353821
46,5,0.04337272420525551
46,6,0.04877844452857971
46,7,0.05885732173919678
46,8,0.04193378984928131
46,9,0.04207971692085266
46,10,0.035406529903411865
46,11,0.04443754628300667
46,12,0.03957522660493851
46,13,0.03669404238462448
46,14,0.04360175132751465
46,15,0.04207511246204376
46,16,0.04638577997684479
46,17,0.042659319937229156
46,18,0.04551508277654648
46,19,0.04076797515153885
46,20,0.04985137656331062
46,21,0.043734535574913025
46,22,0.04781559109687805
46,23,0.051798947155475616
46,24,0.041961006820201874
46,25,0.0365733727812767
46,26,0.042273327708244324
46,27,0.03833383321762085
46,28,0.05134482681751251
46,29,0.04201383888721466
46,30,0.040082693099975586
46,31,0.04621961712837219
46,32,0.049544136971235275
46,33,0.060303885489702225
46,34,0.04249102249741554
46,35,0.048239052295684814
46,36,0.041317857801914215
46,37,0.039169542491436005
46,38,0.056620579212903976
46,39,0.03773515671491623
46,40,0.04576358199119568
46,41,0.05539250001311302
46,42,0.04265296459197998
46,43,0.04708736389875412
46,44,0.04005487635731697
46,45,0.04108429700136185
46,46,0.04065752029418945
46,47,0.04432102292776108
46,48,0.04997765272855759
46,49,0.045225925743579865
46,50,0.0398344062268734
46,51,0.04353395104408264
46,52,0.04484827071428299
46,53,0.038434870541095734
46,54,0.04610662907361984
46,55,0.03918290510773659
46,56,0.04064398258924484
46,57,0.04021262377500534
46,58,0.04009763151407242
46,59,0.038396745920181274
46,60,0.04382166266441345
46,61,0.04177826642990112
46,62,0.0461893193423748
46,63,0.05177319049835205
46,64,0.04005446285009384
46,65,0.04265385493636131
46,66,0.04605240374803543
46,67,0.042897503823041916
46,68,0.04901280999183655
46,69,0.045493289828300476
46,70,0.046165063977241516
46,71,0.04472915828227997
46,72,0.049936577677726746
46,73,0.04712866246700287
46,74,0.03514343500137329
46,75,0.03985676169395447
46,76,0.051052026450634
47,1,0.039654068648815155
47,2,0.04059750586748123
47,3,0.04453092813491821
47,4,0.048883989453315735
47,5,0.045600950717926025
47,6,0.05543467029929161
47,7,0.04959702119231224
47,8,0.038522377610206604
47,9,0.04255084693431854
47,10,0.04578591510653496
47,11,0.045919954776763916
47,12,0.03795452043414116
47,13,0.04495677351951599
47,14,0.049908123910427094
47,15,0.0425855815410614
47,16,0.04561120271682739
47,17,0.04065930098295212
47,18,0.03650309890508652
47,19,0.039983563125133514
47,20,0.04469548538327217
47,21,0.040099360048770905
47,22,0.04292859882116318
47,23,0.04803987592458725
47,24,0.04987291246652603
47,25,0.04668218269944191
47,26,0.04532988369464874
47,27,0.048048824071884155
47,28,0.04708525538444519
47,29,0.054379869252443314
47,30,0.04524450749158859
47,31,0.04971516877412796
47,32,0.041354693472385406
47,33,0.06736952066421509
47,34,0.04704689234495163
47,35,0.04528875648975372
47,36,0.04650881141424179
47,37,0.03831324726343155
47,38,0.04812878370285034
47,39,0.045776642858982086
47,40,0.05206044763326645
47,41,0.039648983627557755
47,42,0.051785364747047424
47,43,0.045137032866477966
47,44,0.044158510863780975
47,45,0.04837885499000549
47,46,0.04586061090230942
47,47,0.044895969331264496
47,48,0.054982107132673264
47,49,0.04290588200092316
47,50,0.04768206551671028
47,51,0.04210388660430908
47,52,0.047949548810720444
47,53,0.05398459732532501
47,54,0.04103449732065201
47,55,0.044170547276735306
47,56,0.035115621984004974
47,57,0.04404165968298912
47,58,0.052812203764915466
47,59,0.03581484407186508
47,60,0.0488160066306591
47,61,0.04804757982492447
47,62,0.04332130774855614
47,63,0.04488924518227577
47,64,0.05494248867034912
47,65,0.04284043237566948
47,66,0.04569441080093384
47,67,0.047414302825927734
47,68,0.036180708557367325
47,69,0.03982080519199371
47,70,0.042577680200338364
47,71,0.047806013375520706
47,72,0.03849831968545914
47,73,0.040911659598350525
47,74,0.05154452100396156
47,75,0.04791431128978729
47,76,0.043587200343608856
48,1,0.0539076030254364
48,2,0.04258172959089279
48,3,0.04284682124853134
48,4,0.0505795031785965
48,5,0.040034811943769455
48,6,0.05130671709775925
48,7,0.04543173313140869
48,8,0.04201539605855942
48,9,0.04927276447415352
48,10,0.04913622885942459
48,11,0.04691289737820625
48,12,0.043944958597421646
48,13,0.04614230990409851
48,14,0.04213341325521469
48,15,0.0488557368516922
48,16,0.04441994056105614
48,17,0.04061775654554367
48,18,0.03555227071046829
48,19,0.042866092175245285
48,20,0.04419258236885071
48,21,0.04903519153594971
48,22,0.04526124149560928
48,23,0.037958793342113495
48,24,0.03840194642543793
48,25,0.045488059520721436
48,26,0.04355908930301666
48,27,0.045732319355010986
48,28,0.047084029763936996
48,29,0.04241281747817993
48,30,0.040531739592552185
48,31,0.041297949850559235
48,32,0.03889765962958336
48,33,0.047204598784446716
48,34,0.042553745210170746
48,35,0.03668281063437462
48,36,0.044412411749362946
48,37,0.051264889538288116
48,38,0.053997546434402466
48,39,0.03921249136328697
48,40,0.04857450723648071
48,41,0.040209341794252396
48,42,0.04708971455693245
48,43,0.04369273781776428
48,44,0.0521257258951664
48,45,0.04862099885940552
48,46,0.0448957160115242
48,47,0.04260443523526192
48,48,0.05000308156013489
48,49,0.04601266607642174
48,50,0.045212261378765106
48,51,0.05810723826289177
48,52,0.05103345215320587
48,53,0.040841907262802124
48,54,0.053707949817180634
48,55,0.045214418321847916
48,56,0.040114469826221466
48,57,0.03910714387893677
48,58,0.039439134299755096
48,59,0.05140215903520584
48,60,0.040533777326345444
48,61,0.04389338195323944
48,62,0.05148492008447647
48,63,0.03562169522047043
48,64,0.043740227818489075
48,65,0.04989836364984512
48,66,0.04506217688322067
48,67,0.04322893172502518
48,68,0.04169975593686104
48,69,0.04078717157244682
48,70,0.05258958414196968
48,71,0.03897317498922348
48,72,0.03726706653833389
48,73,0.042980924248695374
48,74,0.05612645298242569
48,75,0.04154603183269501
48,76,0.049001116305589676
49,1,0.04702930152416229
49,2,0.04382622241973877
49,3,0.04884310066699982
49,4,0.03584938496351242
49,5,0.05217377841472626
49,6,0.039210982620716095
49,7,0.04444386437535286
49,8,0.03612978383898735
49,9,0.04523293301463127
49,10,0.043231017887592316
49,11,0.042780473828315735
49,12,0.05159541964530945
49,13,0.04401874542236328
49,14,0.03720833361148834
49,15,0.05175991356372833
49,16,0.06486021727323532
49,17,0.041847847402095795
49,18,0.03814409673213959
49,19,0.0424470528960228
49,20,0.03991357982158661
49,21,0.043131858110427856
49,22,0.04122389107942581
49,23,0.0407869853079319
49,24,0.050251588225364685
49,25,0.04804232344031334
49,26,0.054945208132267
49,27,0.052498918026685715
49,28,0.04917309060692787
49,29,0.046447064727544785
49,30,0.04631616920232773
49,31,0.05598258227109909
49,32,0.03829285129904747
49,33,0.04644572734832764
49,34,0.040446314960718155
49,35,0.042557403445243835
49,36,0.03190957009792328
49,37,0.046698205173015594
49,38,0.041080355644226074
49,39,0.0413108691573143
49,40,0.040453098714351654
49,41,0.051501791924238205
49,42,0.043190594762563705
49,43,0.05176260322332382
49,44,0.03785020112991333
49,45,0.04334751144051552
49,46,0.03947469964623451
49,47,0.04587160050868988
49,48,0.04390980303287506
49,49,0.040921106934547424
49,50,0.04237675666809082
49,51,0.04520513862371445
49,52,0.04963531717658043
49,53,0.04153665900230408
49,54,0.03669707477092743
49,55,0.04572627320885658
49,56,0.04363526776432991
49,57,0.04665449634194374
49,58,0.03839290887117386
49,59,0.044091589748859406
49,60,0.04166596755385399
49,61,0.03865141421556473
49,62,0.03944408893585205
49,63,0.046501610428094864
49,64,0.055250730365514755
49,65,0.05110764503479004
49,66,0.041020605713129044
49,67,0.033147722482681274
49,68,0.046250104904174805
49,69,0.046547893434762955
49,70,0.04169866070151329
49,71,0.04042474925518036
49,72,0.03985671326518059
49,73,0.05763911455869675
49,74,0.0412718839943409
49,75,0.03867277503013611
49,76,0.042799703776836395
50,1,0.043695226311683655
50,2,0.042742833495140076
50,3,0.05220158025622368
50,4,0.04138388857245445
50,5,0.04305196553468704
50,6,0.04480399191379547
50,7,0.04056189954280853
50,8,0.037934694439172745
50,9,0.04119553789496422
50,10,0.04338694363832474
50,11,0.05024116113781929
50,12,0.05225451663136482
50,13,0.04359136149287224
50,14,0.0412323921918869
50,15,0.03777801990509033
50,16,0.04504929855465889
50,17,0.04368919879198074
50,18,0.05243747681379318
50,19,0.043798282742500305
50,20,0.05102280154824257
50,21,0.040417443960905075
50,22,0.038072939962148666
50,23,0.043578341603279114
50,24,0.045228175818920135
50,25,0.03943721204996109
50,26,0.04291998967528343
50,27,0.046892739832401276
50,28,0.04724001884460449
50,29,0.057912830263376236
50,30,0.05049852281808853
50,31,0.04117629677057266
50,32,0.05282571166753769
50,33,0.04424744099378586
50,34,0.05491819977760315
50,35,0.04598217085003853
50,36,0.04079540818929672
50,37,0.04763222485780716
50,38,0.03932957351207733
50,39,0.038051754236221313
50,40,0.05087371915578842
50,41,0.04214676097035408
50,42,0.040337178856134415
50,43,0.037243396043777466
50,44,0.04709553346037865
50,45,0.052646949887275696
50,46,0.04710707813501358
50,47,0.04238568991422653
50,48,0.049412526190280914
50,49,0.04631636291742325
50,50,0.0487121045589447
50,51,0.03754189983010292
50,52,0.03930770978331566
50,53,0.04465586692094803
50,54,0.047532252967357635
50,55,0.047239433974027634
50,56,0.04588107019662857
50,57,0.0481230765581131
50,58,0.058150358498096466
50,59,0.03548566624522209
50,60,0.040049560368061066
50,61,0.04575969651341438
50,62,0.043953925371170044
50,63,0.04575343802571297
50,64,0.04147503525018692
50,65,0.034524835646152496
50,66,0.043040480464696884
50,67,0.03733525425195694
50,68,0.03993121534585953
50,69,0.03931427747011185
50,70,0.04624378681182861
50,71,0.03698527812957764
50,72,0.04195590317249298
50,73,0.03780136629939079
50,74,0.03499109297990799
50,75,0.041309721767902374
50,76,0.05274030566215515
