epoch,step,loss
1,1,1.535715103149414
1,2,1.4623043537139893
1,3,1.4105541706085205
1,4,1.3864715099334717
1,5,1.3484102487564087
1,6,1.312759518623352
1,7,1.293688416481018
1,8,1.2839274406433105
1,9,1.2572400569915771
1,10,1.237372636795044
1,11,1.2220063209533691
1,12,1.2111537456512451
1,13,1.1878879070281982
1,14,1.1804804801940918
1,15,1.170109510421753
1,16,1.1597065925598145
1,17,1.1400418281555176
1,18,1.120204210281372
1,19,1.1192858219146729
1,20,1.109732747077942
1,21,1.1011638641357422
1,22,1.08671236038208
1,23,1.0658992528915405
1,24,1.0638560056686401
1,25,1.0610120296478271
1,26,1.0331730842590332
1,27,1.0408093929290771
1,28,1.0335376262664795
1,29,1.0086500644683838
1,30,0.9958939552307129
1,31,0.9975584745407104
1,32,0.9944045543670654
1,33,0.9667080640792847
1,34,0.9496898651123047
1,35,0.9478482604026794
1,36,0.9368442893028259
1,37,0.9294741153717041
1,38,0.9162960052490234
1,39,0.9099506139755249
1,40,0.9051920771598816
1,41,0.8956109285354614
1,42,0.8814209699630737
1,43,0.8706838488578796
1,44,0.8594731092453003
1,45,0.8659743070602417
1,46,0.881688117980957
1,47,0.8493951559066772
1,48,0.8344327211380005
1,49,0.8492316603660583
1,50,0.8199915885925293
1,51,0.7993370294570923
1,52,0.805870532989502
1,53,0.8043938875198364
1,54,0.7820219993591309
1,55,0.7703086733818054
1,56,0.7819874286651611
1,57,0.7887473106384277
1,58,0.7628457546234131
1,59,0.7716766595840454
1,60,0.7478660941123962
1,61,0.7399601340293884
1,62,0.7419751286506653
1,63,0.7308606505393982
1,64,0.7176669836044312
1,65,0.7227848172187805
1,66,0.714739978313446
1,67,0.7117248773574829
1,68,0.7008508443832397
1,69,0.6957647800445557
1,70,0.6690304279327393
1,71,0.6734600067138672
1,72,0.6628668904304504
1,73,0.663856565952301
1,74,0.6590777635574341
1,75,0.6363097429275513
1,76,0.6473109722137451
1,77,0.6449618339538574
2,1,0.6507930159568787
2,2,0.649529218673706
2,3,0.6184831857681274
2,4,0.6167137026786804
2,5,0.6035283803939819
2,6,0.6034080386161804
2,7,0.6080334782600403
2,8,0.5946793556213379
2,9,0.5888748168945312
2,10,0.5791383981704712
2,11,0.5789517164230347
2,12,0.5785374045372009
2,13,0.5691761374473572
2,14,0.554000735282898
2,15,0.5468525886535645
2,16,0.5455499291419983
2,17,0.556633710861206
2,18,0.5417881011962891
2,19,0.5455741882324219
2,20,0.5385663509368896
2,21,0.5374277234077454
2,22,0.5212380290031433
2,23,0.5097147226333618
2,24,0.527710497379303
2,25,0.5149194598197937
2,26,0.5243962407112122
2,27,0.5030454993247986
2,28,0.5140989422798157
2,29,0.49277400970458984
2,30,0.508741021156311
2,31,0.4748421907424927
2,32,0.49738261103630066
2,33,0.497251033782959
2,34,0.4870505928993225
2,35,0.46651172637939453
2,36,0.4763059616088867
2,37,0.4611085057258606
2,38,0.45300939679145813
2,39,0.4643673002719879
2,40,0.45926332473754883
2,41,0.4751766324043274
2,42,0.46142899990081787
2,43,0.4640810787677765
2,44,0.44982293248176575
2,45,0.46076759696006775
2,46,0.4636290371417999
2,47,0.43859022855758667
2,48,0.42672300338745117
2,49,0.44088321924209595
2,50,0.4320957660675049
2,51,0.4133261442184448
2,52,0.4365226626396179
2,53,0.40949034690856934
2,54,0.40469086170196533
2,55,0.4034234881401062
2,56,0.40558409690856934
2,57,0.3979692757129669
2,58,0.41742658615112305
2,59,0.40359973907470703
2,60,0.4005555510520935
2,61,0.4056033492088318
2,62,0.37929821014404297
2,63,0.40237122774124146
2,64,0.38179007172584534
2,65,0.3907407522201538
2,66,0.37457284331321716
2,67,0.3819591999053955
2,68,0.3753354549407959
2,69,0.3600640892982483
2,70,0.3664136230945587
2,71,0.39158791303634644
2,72,0.392081618309021
2,73,0.35947853326797485
2,74,0.3607594966888428
2,75,0.3521645665168762
2,76,0.36673831939697266
3,1,0.3477274179458618
3,2,0.3636801242828369
3,3,0.3721003532409668
3,4,0.3616294264793396
3,5,0.3490520119667053
3,6,0.35488593578338623
3,7,0.33726269006729126
3,8,0.3395302891731262
3,9,0.3559810519218445
3,10,0.34201520681381226
3,11,0.344438374042511
3,12,0.33471933007240295
3,13,0.3517199158668518
3,14,0.34340906143188477
3,15,0.33452025055885315
3,16,0.35902947187423706
3,17,0.31186941266059875
3,18,0.31274962425231934
3,19,0.3125291168689728
3,20,0.3227177858352661
3,21,0.2931625247001648
3,22,0.3096405863761902
3,23,0.3439671993255615
3,24,0.2982124090194702
3,25,0.33478599786758423
3,26,0.3006170988082886
3,27,0.30663472414016724
3,28,0.31640273332595825
3,29,0.30478012561798096
3,30,0.2808820605278015
3,31,0.2921745777130127
3,32,0.3025994300842285
3,33,0.29706138372421265
3,34,0.30588120222091675
3,35,0.2887662649154663
3,36,0.2892220616340637
3,37,0.29074379801750183
3,38,0.3068314790725708
3,39,0.29083263874053955
3,40,0.3064125180244446
3,41,0.2794245481491089
3,42,0.28478649258613586
3,43,0.2859942615032196
3,44,0.2814338207244873
3,45,0.27008235454559326
3,46,0.2681977450847626
3,47,0.3009864091873169
3,48,0.2507719397544861
3,49,0.2594795823097229
3,50,0.26166045665740967
3,51,0.2636505365371704
3,52,0.26243624091148376
3,53,0.2717552185058594
3,54,0.2555888295173645
3,55,0.276355504989624
3,56,0.2714041471481323
3,57,0.24787209928035736
3,58,0.27692538499832153
3,59,0.25165244936943054
3,60,0.2767319083213806
3,61,0.26458409428596497
3,62,0.2463969588279724
3,63,0.2531241178512573
3,64,0.24486693739891052
3,65,0.24589747190475464
3,66,0.25535425543785095
3,67,0.24585573375225067
3,68,0.24365946650505066
3,69,0.24976761639118195
3,70,0.25225749611854553
3,71,0.24947506189346313
3,72,0.2408164143562317
3,73,0.2331095039844513
3,74,0.2583773732185364
3,75,0.24799707531929016
3,76,0.2524164915084839
4,1,0.2470606565475464
4,2,0.23420074582099915
4,3,0.24438151717185974
4,4,0.2434503734111786
4,5,0.24443034827709198
4,6,0.2311592996120453
4,7,0.23088455200195312
4,8,0.22693774104118347
4,9,0.2135164588689804
4,10,0.2431425154209137
4,11,0.21828171610832214
4,12,0.23270979523658752
4,13,0.2379850149154663
4,14,0.2321423590183258
4,15,0.2072046399116516
4,16,0.2089918553829193
4,17,0.21049168705940247
4,18,0.2062196284532547
4,19,0.20538702607154846
4,20,0.24163606762886047
4,21,0.1997407078742981
4,22,0.20926351845264435
4,23,0.21728208661079407
4,24,0.24149850010871887
4,25,0.21194684505462646
4,26,0.20287282764911652
4,27,0.215579092502594
4,28,0.21665102243423462
4,29,0.23203879594802856
4,30,0.2232740968465805
4,31,0.2101028710603714
4,32,0.2522851526737213
4,33,0.2226976752281189
4,34,0.20906445384025574
4,35,0.218496635556221
4,36,0.2093704789876938
4,37,0.20654763281345367
4,38,0.19922640919685364
4,39,0.22539731860160828
4,40,0.2237541675567627
4,41,0.2050958275794983
4,42,0.21125096082687378
4,43,0.195876345038414
4,44,0.21970927715301514
4,45,0.21745312213897705
4,46,0.2026727944612503
4,47,0.2010326087474823
4,48,0.20942358672618866
4,49,0.21153202652931213
4,50,0.2113414704799652
4,51,0.19239816069602966
4,52,0.18634116649627686
4,53,0.20011261105537415
4,54,0.19114696979522705
4,55,0.20144867897033691
4,56,0.19721084833145142
4,57,0.21688207983970642
4,58,0.1988900750875473
4,59,0.1948200762271881
4,60,0.18995368480682373
4,61,0.20879139006137848
4,62,0.19329535961151123
4,63,0.18793420493602753
4,64,0.19176414608955383
4,65,0.20250561833381653
4,66,0.21214361488819122
4,67,0.22091791033744812
4,68,0.18494576215744019
4,69,0.18143293261528015
4,70,0.1758604347705841
4,71,0.20704472064971924
4,72,0.19047588109970093
4,73,0.18992730975151062
4,74,0.18691615760326385
4,75,0.19180209934711456
4,76,0.1779363602399826
5,1,0.2100909948348999
5,2,0.1839001625776291
5,3,0.19961076974868774
5,4,0.1725628674030304
5,5,0.18379688262939453
5,6,0.1606389284133911
5,7,0.16492784023284912
5,8,0.16770516335964203
5,9,0.189283549785614
5,10,0.16961365938186646
5,11,0.16923236846923828
5,12,0.19297966361045837
5,13,0.15367193520069122
5,14,0.17213135957717896
5,15,0.15705949068069458
5,16,0.18965549767017365
5,17,0.1807767152786255
5,18,0.17325395345687866
5,19,0.1500263512134552
5,20,0.16796961426734924
5,21,0.18753351271152496
5,22,0.16181689500808716
5,23,0.15446126461029053
5,24,0.19387376308441162
5,25,0.1905938982963562
5,26,0.16440339386463165
5,27,0.16475459933280945
5,28,0.1592932939529419
5,29,0.1424955427646637
5,30,0.15636029839515686
5,31,0.17500877380371094
5,32,0.15037307143211365
5,33,0.15711373090744019
5,34,0.1728915572166443
5,35,0.15619613230228424
5,36,0.1583220511674881
5,37,0.14615637063980103
5,38,0.1978285163640976
5,39,0.1702493280172348
5,40,0.17335954308509827
5,41,0.16109931468963623
5,42,0.17448647320270538
5,43,0.14976345002651215
5,44,0.15608707070350647
5,45,0.15249264240264893
5,46,0.1632760763168335
5,47,0.15716034173965454
5,48,0.1660260558128357
5,49,0.15121722221374512
5,50,0.15285538136959076
5,51,0.16637960076332092
5,52,0.17646050453186035
5,53,0.16340255737304688
5,54,0.16611412167549133
5,55,0.1443437933921814
5,56,0.17944855988025665
5,57,0.1642334908246994
5,58,0.15721344947814941
5,59,0.1581525206565857
5,60,0.16538190841674805
5,61,0.14600864052772522
5,62,0.16917003691196442
5,63,0.15773767232894897
5,64,0.15640044212341309
5,65,0.16056019067764282
5,66,0.14976370334625244
5,67,0.14105144143104553
5,68,0.1541340947151184
5,69,0.1719280183315277
5,70,0.14750319719314575
5,71,0.14712266623973846
5,72,0.15335537493228912
5,73,0.14209705591201782
5,74,0.14279870688915253
5,75,0.15907147526741028
5,76,0.15251047909259796
6,1,0.16369138658046722
6,2,0.16537435352802277
6,3,0.13202370703220367
6,4,0.14917731285095215
6,5,0.13909387588500977
6,6,0.14544644951820374
6,7,0.1440713107585907
6,8,0.14477886259555817
6,9,0.1389160454273224
6,10,0.13872107863426208
6,11,0.1554037183523178
6,12,0.12610764801502228
6,13,0.1516100913286209
6,14,0.13379234075546265
6,15,0.14412930607795715
6,16,0.14438408613204956
6,17,0.15844795107841492
6,18,0.14243218302726746
6,19,0.1352977752685547
6,20,0.13035786151885986
6,21,0.1462995857000351
6,22,0.13853959739208221
6,23,0.1443982869386673
6,24,0.14846667647361755
6,25,0.12706409394741058
6,26,0.15466909110546112
6,27,0.1475980281829834
6,28,0.13920705020427704
6,29,0.12491916120052338
6,30,0.1351347267627716
6,31,0.15605628490447998
6,32,0.12802770733833313
6,33,0.15158338844776154
6,34,0.13665050268173218
6,35,0.12524732947349548
6,36,0.131637841463089
6,37,0.1292860060930252
6,38,0.12664605677127838
6,39,0.13002991676330566
6,40,0.14521905779838562
6,41,0.1460331529378891
6,42,0.12708821892738342
6,43,0.15255916118621826
6,44,0.1242077574133873
6,45,0.15908075869083405
6,46,0.15036641061306
6,47,0.12682875990867615
6,48,0.1384487748146057
6,49,0.1515921950340271
6,50,0.13234151899814606
6,51,0.11460717022418976
6,52,0.13174331188201904
6,53,0.14447705447673798
6,54,0.12824565172195435
6,55,0.13712361454963684
6,56,0.1426776647567749
6,57,0.14446869492530823
6,58,0.13813674449920654
6,59,0.1449822336435318
6,60,0.13425901532173157
6,61,0.14897184073925018
6,62,0.14007684588432312
6,63,0.1312686949968338
6,64,0.13358217477798462
6,65,0.13925868272781372
6,66,0.1550666242837906
6,67,0.1358473002910614
6,68,0.14617601037025452
6,69,0.1349523663520813
6,70,0.1351102888584137
6,71,0.12903949618339539
6,72,0.13697654008865356
6,73,0.12648022174835205
6,74,0.11417776346206665
6,75,0.13441620767116547
6,76,0.1499311625957489
7,1,0.11133535206317902
7,2,0.1311582773923874
7,3,0.14386266469955444
7,4,0.12657633423805237
7,5,0.11533063650131226
7,6,0.11398142576217651
7,7,0.13360777497291565
7,8,0.10609398782253265
7,9,0.1582777202129364
7,10,0.11678721010684967
7,11,0.12017543613910675
7,12,0.13160085678100586
7,13,0.1275193691253662
7,14,0.11094196140766144
7,15,0.1185077577829361
7,16,0.11268733441829681
7,17,0.11498871445655823
7,18,0.11441674828529358
7,19,0.12187192589044571
7,20,0.13686440885066986
7,21,0.12528710067272186
7,22,0.12284987419843674
7,23,0.12169469892978668
7,24,0.11009560525417328
7,25,0.1034948080778122
7,26,0.13082243502140045
7,27,0.14058932662010193
7,28,0.13079503178596497
7,29,0.13888749480247498
7,30,0.11450256407260895
7,31,0.12547412514686584
7,32,0.11305458843708038
7,33,0.1189269870519638
7,34,0.12270338833332062
7,35,0.12942788004875183
7,36,0.116763636469841
7,37,0.12443018704652786
7,38,0.12377389520406723
7,39,0.11229170858860016
7,40,0.10847268998622894
7,41,0.12453935295343399
7,42,0.13028165698051453
7,43,0.10628588497638702
7,44,0.11343179643154144
7,45,0.10829852521419525
7,46,0.1169915646314621
7,47,0.12798207998275757
7,48,0.10709591209888458
7,49,0.12403710186481476
7,50,0.1102558821439743
7,51,0.11609381437301636
7,52,0.12887927889823914
7,53,0.11662488430738449
7,54,0.10806454718112946
7,55,0.11703496426343918
7,56,0.11413117498159409
7,57,0.12205243110656738
7,58,0.10721640288829803
7,59,0.1266927570104599
7,60,0.10695643723011017
7,61,0.10919980704784393
7,62,0.1137063205242157
7,63,0.13237276673316956
7,64,0.11717772483825684
7,65,0.1163768544793129
7,66,0.1134435385465622
7,67,0.11419114470481873
7,68,0.11752012372016907
7,69,0.12531782686710358
7,70,0.11211241781711578
7,71,0.10078753530979156
7,72,0.11394068598747253
7,73,0.13368907570838928
7,74,0.11981137096881866
7,75,0.11788587272167206
7,76,0.13063623011112213
8,1,0.11310466378927231
8,2,0.11540102958679199
8,3,0.10361304134130478
8,4,0.09692871570587158
8,5,0.11024101078510284
8,6,0.11193618178367615
8,7,0.12080582976341248
8,8,0.11094098538160324
8,9,0.10362336784601212
8,10,0.10822507739067078
8,11,0.12706249952316284
8,12,0.13676927983760834
8,13,0.11462069302797318
8,14,0.11630353331565857
8,15,0.11439185589551926
8,16,0.1326182782649994
8,17,0.1125965267419815
8,18,0.11487575620412827
8,19,0.1169632151722908
8,20,0.09682224690914154
8,21,0.10416548699140549
8,22,0.15672464668750763
8,23,0.12379980832338333
8,24,0.10895734280347824
8,25,0.10831078886985779
8,26,0.11637800931930542
8,27,0.1294642686843872
8,28,0.10756836086511612
8,29,0.10009230673313141
8,30,0.10237011313438416
8,31,0.12049958109855652
8,32,0.10894283652305603
8,33,0.1063469648361206
8,34,0.10999801009893417
8,35,0.11861015856266022
8,36,0.11713220924139023
8,37,0.09724901616573334
8,38,0.09339919686317444
8,39,0.09700533747673035
8,40,0.111674003303051
8,41,0.10865362733602524
8,42,0.09651099890470505
8,43,0.09591767936944962
8,44,0.11174587905406952
8,45,0.10650163888931274
8,46,0.11151205748319626
8,47,0.099605992436409
8,48,0.13707728683948517
8,49,0.10569007694721222
8,50,0.136135071516037
8,51,0.10858172178268433
8,52,0.12490518391132355
8,53,0.09896449744701385
8,54,0.11846217513084412
8,55,0.10058493167161942
8,56,0.11020293831825256
8,57,0.10030056536197662
8,58,0.09153687208890915
8,59,0.10324931889772415
8,60,0.09924588352441788
8,61,0.10109888762235641
8,62,0.09930767863988876
8,63,0.14063051342964172
8,64,0.11028584837913513
8,65,0.11733024567365646
8,66,0.10670557618141174
8,67,0.10301811993122101
8,68,0.08696520328521729
8,69,0.1119394600391388
8,70,0.08852110803127289
8,71,0.09584654867649078
8,72,0.13295650482177734
8,73,0.10199359804391861
8,74,0.11409177631139755
8,75,0.10071468353271484
8,76,0.09064452350139618
9,1,0.10026608407497406
9,2,0.09527742862701416
9,3,0.10163585096597672
9,4,0.10470953583717346
9,5,0.09477726370096207
9,6,0.11059854924678802
9,7,0.10248943418264389
9,8,0.11961473524570465
9,9,0.09890930354595184
9,10,0.11054123938083649
9,11,0.10756254941225052
9,12,0.10098004341125488
9,13,0.10202314704656601
9,14,0.0974721759557724
9,15,0.08993908762931824
9,16,0.10651601850986481
9,17,0.1006752997636795
9,18,0.10723309218883514
9,19,0.11607860773801804
9,20,0.10702340304851532
9,21,0.09322093427181244
9,22,0.09725262224674225
9,23,0.10038529336452484
9,24,0.11552095413208008
9,25,0.093998983502388
9,26,0.12134578078985214
9,27,0.10810296982526779
9,28,0.10616587102413177
9,29,0.0870148167014122
9,30,0.09654130786657333
9,31,0.09218256920576096
9,32,0.10591435432434082
9,33,0.09364353120326996
9,34,0.10294435173273087
9,35,0.09827227890491486
9,36,0.10269463062286377
9,37,0.11904247850179672
9,38,0.10278350114822388
9,39,0.10827644169330597
9,40,0.09738980978727341
9,41,0.10786444693803787
9,42,0.10743755102157593
9,43,0.15589086711406708
9,44,0.10391812026500702
9,45,0.11648425459861755
9,46,0.11370652168989182
9,47,0.099077008664608
9,48,0.10648413002490997
9,49,0.11407159268856049
9,50,0.1109716147184372
9,51,0.09918446838855743
9,52,0.1038636714220047
9,53,0.1022440642118454
9,54,0.09204589575529099
9,55,0.09305928647518158
9,56,0.10623824596405029
9,57,0.10464426875114441
9,58,0.10366031527519226
9,59,0.09640802443027496
9,60,0.09431806951761246
9,61,0.08924082666635513
9,62,0.11468610167503357
9,63,0.09527275711297989
9,64,0.08496145904064178
9,65,0.11663386970758438
9,66,0.09997135400772095
9,67,0.12112279236316681
9,68,0.10336439311504364
9,69,0.10800954699516296
9,70,0.08785460889339447
9,71,0.099864661693573
9,72,0.0981375128030777
9,73,0.12379906326532364
9,74,0.11232514679431915
9,75,0.11245676875114441
9,76,0.11045420169830322
10,1,0.1033903956413269
10,2,0.08840974420309067
10,3,0.12290631234645844
10,4,0.08689473569393158
10,5,0.09197647869586945
10,6,0.08017037808895111
10,7,0.11027926951646805
10,8,0.11528919637203217
10,9,0.0926937460899353
10,10,0.09912881255149841
10,11,0.10633429884910583
10,12,0.1013963371515274
10,13,0.09302783757448196
10,14,0.09529903531074524
10,15,0.10670904815196991
10,16,0.08662242442369461
10,17,0.10671909153461456
10,18,0.12431397289037704
10,19,0.0916319265961647
10,20,0.10153648257255554
10,21,0.10980281233787537
10,22,0.10684067755937576
10,23,0.1004038155078888
10,24,0.09864095598459244
10,25,0.1015886515378952
10,26,0.09328208863735199
10,27,0.09313057363033295
10,28,0.10340389609336853
10,29,0.08628135174512863
10,30,0.09005293995141983
10,31,0.07914507389068604
10,32,0.09103862941265106
10,33,0.08785663545131683
10,34,0.08055159449577332
10,35,0.08329145610332489
10,36,0.09788984060287476
10,37,0.0842423290014267
10,38,0.09601836651563644
10,39,0.08906172215938568
10,40,0.10228113830089569
10,41,0.1074729934334755
10,42,0.08797144144773483
10,43,0.10678768157958984
10,44,0.08952230215072632
10,45,0.09520746767520905
10,46,0.10582233965396881
10,47,0.09191550314426422
10,48,0.08757945150136948
10,49,0.08589538931846619
10,50,0.0883798599243164
10,51,0.08954717218875885
10,52,0.08947908878326416
10,53,0.09380237758159637
10,54,0.09267716854810715
10,55,0.0925511047244072
10,56,0.09835641831159592
10,57,0.10265877842903137
10,58,0.0895758643746376
10,59,0.09584806859493256
10,60,0.09614396095275879
10,61,0.10396571457386017
10,62,0.09200197458267212
10,63,0.0838024765253067
10,64,0.09124337136745453
10,65,0.08913668990135193
10,66,0.08828364312648773
10,67,0.100950688123703
10,68,0.07493232190608978
10,69,0.09447336941957474
10,70,0.09208264946937561
10,71,0.08423268795013428
10,72,0.115870900452137
10,73,0.08983615785837173
10,74,0.08618093281984329
10,75,0.09119933843612671
10,76,0.08609773218631744
11,1,0.09574189782142639
11,2,0.0988791212439537
11,3,0.10256708413362503
11,4,0.08889877051115036
11,5,0.08978481590747833
11,6,0.07885848730802536
11,7,0.10113487392663956
11,8,0.08286765962839127
11,9,0.08564230799674988
11,10,0.08741989731788635
11,11,0.083738774061203
11,12,0.1021389365196228
11,13,0.09278855472803116
11,14,0.08764223754405975
11,15,0.1228884905576706
11,16,0.11453947424888611
11,17,0.09278607368469238
11,18,0.1028471365571022
11,19,0.09019282460212708
11,20,0.0870862603187561
11,21,0.08966439962387085
11,22,0.13038064539432526
11,23,0.10780748724937439
11,24,0.09488274157047272
11,25,0.10082216560840607
11,26,0.10332165658473969
11,27,0.0962536409497261
11,28,0.09594091027975082
11,29,0.09299849718809128
11,30,0.090799480676651
11,31,0.09183388203382492
11,32,0.09143856167793274
11,33,0.07928724586963654
11,34,0.07499703764915466
11,35,0.0921948254108429
11,36,0.0909222662448883
11,37,0.11307787895202637
11,38,0.0822906494140625
11,39,0.09472676366567612
11,40,0.08062402904033661
11,41,0.08868886530399323
11,42,0.11513277143239975
11,43,0.08467400819063187
11,44,0.08841972798109055
11,45,0.10266347229480743
11,46,0.0859265923500061
11,47,0.0768158882856369
11,48,0.09980876743793488
11,49,0.09837085753679276
11,50,0.08554962277412415
11,51,0.09298934042453766
11,52,0.08695118129253387
11,53,0.08686693012714386
11,54,0.0889856368303299
11,55,0.08989222347736359
11,56,0.08724164962768555
11,57,0.09593656659126282
11,58,0.08341968804597855
11,59,0.09170298278331757
11,60,0.08375135809183121
11,61,0.08441057056188583
11,62,0.0829157680273056
11,63,0.08479300141334534
11,64,0.09560215473175049
11,65,0.0845651775598526
11,66,0.0798562616109848
11,67,0.10343537479639053
11,68,0.08618272840976715
11,69,0.07945595681667328
11,70,0.08633790165185928
11,71,0.08995646238327026
11,72,0.08887147903442383
11,73,0.09911015629768372
11,74,0.08326144516468048
11,75,0.08297127485275269
11,76,0.0866910070180893
12,1,0.08801201730966568
12,2,0.07630205154418945
12,3,0.09392711520195007
12,4,0.08687442541122437
12,5,0.07162270694971085
12,6,0.10374659299850464
12,7,0.08298420906066895
12,8,0.08534158766269684
12,9,0.08003425598144531
12,10,0.08018149435520172
12,11,0.08760794252157211
12,12,0.08921980112791061
12,13,0.09219157695770264
12,14,0.10487084090709686
12,15,0.09604562819004059
12,16,0.08762036263942719
12,17,0.0862116813659668
12,18,0.09624682366847992
12,19,0.10629558563232422
12,20,0.10597075521945953
12,21,0.08040428161621094
12,22,0.0908842533826828
12,23,0.08212482929229736
12,24,0.07956929504871368
12,25,0.09021313488483429
12,26,0.08144140988588333
12,27,0.08179504424333572
12,28,0.08292043209075928
12,29,0.08278442919254303
12,30,0.09085346758365631
12,31,0.07886423170566559
12,32,0.08265257626771927
12,33,0.08883638679981232
12,34,0.0824306309223175
12,35,0.08762133121490479
12,36,0.11170434951782227
12,37,0.09685271978378296
12,38,0.09546265751123428
12,39,0.08046086132526398
12,40,0.09504653513431549
12,41,0.08466436713933945
12,42,0.09237505495548248
12,43,0.09820131212472916
12,44,0.0740688368678093
12,45,0.0967654287815094
12,46,0.08274022489786148
12,47,0.0795675665140152
12,48,0.07720885425806046
12,49,0.09133225679397583
12,50,0.08244805037975311
12,51,0.10219299048185349
12,52,0.0805128961801529
12,53,0.12178609520196915
12,54,0.08622545003890991
12,55,0.09713876992464066
12,56,0.09012575447559357
12,57,0.090555340051651
12,58,0.08978664129972458
12,59,0.08544164896011353
12,60,0.08679524064064026
12,61,0.08907264471054077
12,62,0.0793769508600235
12,63,0.10006551444530487
12,64,0.08905641734600067
12,65,0.10631659626960754
12,66,0.0951150506734848
12,67,0.08181848376989365
12,68,0.0850665345788002
12,69,0.08778700232505798
12,70,0.10707715153694153
12,71,0.0798148438334465
12,72,0.08431059122085571
12,73,0.07875269651412964
12,74,0.08775760233402252
12,75,0.08310447633266449
12,76,0.08578865230083466
13,1,0.08223140239715576
13,2,0.09435801208019257
13,3,0.08585569262504578
13,4,0.09075355529785156
13,5,0.09044197201728821
13,6,0.08814097940921783
13,7,0.07415493577718735
13,8,0.0730435699224472
13,9,0.07435374706983566
13,10,0.08253337442874908
13,11,0.08300013840198517
13,12,0.07299917936325073
13,13,0.09199458360671997
13,14,0.10418083518743515
13,15,0.08722180128097534
13,16,0.08021341264247894
13,17,0.09425685554742813
13,18,0.0898529440164566
13,19,0.07956412434577942
13,20,0.0792582780122757
13,21,0.08426264673471451
13,22,0.07606083154678345
13,23,0.11048771440982819
13,24,0.0843733474612236
13,25,0.08621430397033691
13,26,0.07447335869073868
13,27,0.08142444491386414
13,28,0.08897152543067932
13,29,0.08713481575250626
13,30,0.09802796691656113
13,31,0.07871568202972412
13,32,0.08045302331447601
13,33,0.07734781503677368
13,34,0.09267018735408783
13,35,0.0940219908952713
13,36,0.09252232313156128
13,37,0.09088923037052155
13,38,0.07647241652011871
13,39,0.06525807082653046
13,40,0.09461110085248947
13,41,0.09699751436710358
13,42,0.09105074405670166
13,43,0.0744505524635315
13,44,0.0752561166882515
13,45,0.08886705338954926
13,46,0.08810403943061829
13,47,0.08171501755714417
13,48,0.08999446034431458
13,49,0.07084127515554428
13,50,0.0929311066865921
13,51,0.08025726675987244
13,52,0.07764236629009247
13,53,0.08329103887081146
13,54,0.09358371794223785
13,55,0.08502325415611267
13,56,0.07810641825199127
13,57,0.06178515776991844
13,58,0.0726667270064354
13,59,0.0780484527349472
13,60,0.08434270322322845
13,61,0.08587484806776047
13,62,0.07877882570028305
13,63,0.0845862552523613
13,64,0.07232958823442459
13,65,0.07494720816612244
13,66,0.08123601973056793
13,67,0.07652482390403748
13,68,0.07121243327856064
13,69,0.0725039541721344
13,70,0.0911828950047493
13,71,0.08067229390144348
13,72,0.0976223275065422
13,73,0.1007041409611702
13,74,0.08249533176422119
13,75,0.08615441620349884
13,76,0.07681918889284134
14,1,0.07900843024253845
14,2,0.08111187815666199
14,3,0.0802890807390213
14,4,0.07783645391464233
14,5,0.07579562067985535
14,6,0.07752186059951782
14,7,0.08212936669588089
14,8,0.08805286884307861
14,9,0.07804874330759048
14,10,0.09791040420532227
14,11,0.07657920569181442
14,12,0.08787702769041061
14,13,0.06912834942340851
14,14,0.06962745636701584
14,15,0.10106395184993744
14,16,0.08081215620040894
14,17,0.07455521821975708
14,18,0.0739973932504654
14,19,0.08152709901332855
14,20,0.10383555293083191
14,21,0.0811762660741806
14,22,0.09397231042385101
14,23,0.0806288942694664
14,24,0.07886727899312973
14,25,0.0909157544374466
14,26,0.08450798690319061
14,27,0.07674654573202133
14,28,0.08332735300064087
14,29,0.08524754643440247
14,30,0.07110968977212906
14,31,0.06168326735496521
14,32,0.0889301598072052
14,33,0.07109981775283813
14,34,0.07900848239660263
14,35,0.07363879680633545
14,36,0.09783001244068146
14,37,0.07791776210069656
14,38,0.06543279439210892
14,39,0.06916218996047974
14,40,0.07442361116409302
14,41,0.07336975634098053
14,42,0.08592542260885239
14,43,0.09344930946826935
14,44,0.08064107596874237
14,45,0.0666225403547287
14,46,0.07614485174417496
14,47,0.0860714539885521
14,48,0.08619754016399384
14,49,0.087529256939888
14,50,0.09372666478157043
14,51,0.08389405161142349
14,52,0.08198103308677673
14,53,0.08579668402671814
14,54,0.07780054211616516
14,55,0.08545095473527908
14,56,0.07338593155145645
14,57,0.07481982558965683
14,58,0.07791860401630402
14,59,0.08567105233669281
14,60,0.08623408526182175
14,61,0.08670046180486679
14,62,0.09147731959819794
14,63,0.07230272889137268
14,64,0.08486607670783997
14,65,0.08327031135559082
14,66,0.06915741413831711
14,67,0.09448696672916412
14,68,0.08461856842041016
14,69,0.0993432104587555
14,70,0.08506108820438385
14,71,0.07659865915775299
14,72,0.0841287225484848
14,73,0.07166603207588196
14,74,0.08357319235801697
14,75,0.08376836776733398
14,76,0.08033458888530731
15,1,0.07839932292699814
15,2,0.0949399322271347
15,3,0.08090022206306458
15,4,0.08710677921772003
15,5,0.07546737045049667
15,6,0.07610240578651428
15,7,0.07798558473587036
15,8,0.07393471896648407
15,9,0.07315529882907867
15,10,0.07193799316883087
15,11,0.06908797472715378
15,12,0.07419164478778839
15,13,0.08111155778169632
15,14,0.08054181933403015
15,15,0.08856156468391418
15,16,0.07258192449808121
15,17,0.06683580577373505
15,18,0.08653371036052704
15,19,0.0771675631403923
15,20,0.08499108254909515
15,21,0.0714806467294693
15,22,0.08414285629987717
15,23,0.09024852514266968
15,24,0.07990331947803497
15,25,0.09029566496610641
15,26,0.08821239322423935
15,27,0.08922696113586426
15,28,0.09973227232694626
15,29,0.08339254558086395
15,30,0.09817856550216675
15,31,0.08318980038166046
15,32,0.090058833360672
15,33,0.08333224058151245
15,34,0.0870768129825592
15,35,0.07602609694004059
15,36,0.08774260431528091
15,37,0.07966050505638123
15,38,0.09130611270666122
15,39,0.0845593735575676
15,40,0.07064265012741089
15,41,0.07263016700744629
15,42,0.07126118242740631
15,43,0.08834201842546463
15,44,0.06905794143676758
15,45,0.07616880536079407
15,46,0.07748468220233917
15,47,0.09014646708965302
15,48,0.08076043426990509
15,49,0.08480203151702881
15,50,0.07896782457828522
15,51,0.07058854401111603
15,52,0.08225072175264359
15,53,0.07638305425643921
15,54,0.08373554050922394
15,55,0.08352483808994293
15,56,0.08159469813108444
15,57,0.07418584823608398
15,58,0.07834355533123016
15,59,0.08852116763591766
15,60,0.07670629024505615
15,61,0.06698256731033325
15,62,0.09857403486967087
15,63,0.07351145148277283
15,64,0.07703865319490433
15,65,0.08304674923419952
15,66,0.07156407833099365
15,67,0.07261902093887329
15,68,0.07817424833774567
15,69,0.0953824520111084
15,70,0.07350779324769974
15,71,0.07207822799682617
15,72,0.07216612994670868
15,73,0.0806908831000328
15,74,0.08420281112194061
15,75,0.0745493620634079
15,76,0.10367842018604279
16,1,0.08038116991519928
16,2,0.06534363329410553
16,3,0.07788863778114319
16,4,0.08095782995223999
16,5,0.07540689408779144
16,6,0.0730399563908577
16,7,0.0831494927406311
16,8,0.0651596263051033
16,9,0.07947909832000732
16,10,0.07680562138557434
16,11,0.07893697917461395
16,12,0.0691465213894844
16,13,0.0785791277885437
16,14,0.07635635137557983
16,15,0.06822429597377777
16,16,0.08423778414726257
16,17,0.08089751750230789
16,18,0.0983048528432846
16,19,0.07744042575359344
16,20,0.08492475748062134
16,21,0.07938540726900101
16,22,0.07070348411798477
16,23,0.08058562874794006
16,24,0.0733926072716713
16,25,0.07504250109195709
16,26,0.07864928990602493
16,27,0.08182674646377563
16,28,0.07006286084651947
16,29,0.08093772828578949
16,30,0.07251247018575668
16,31,0.09464946389198303
16,32,0.08032310009002686
16,33,0.08004668354988098
16,34,0.07023066282272339
16,35,0.08132556080818176
16,36,0.07055775821208954
16,37,0.08332433551549911
16,38,0.081062451004982
16,39,0.07780449837446213
16,40,0.09998539090156555
16,41,0.07675636559724808
16,42,0.0682120993733406
16,43,0.07050161063671112
16,44,0.08753591775894165
16,45,0.08389848470687866
16,46,0.09315641224384308
16,47,0.07714738696813583
16,48,0.08459586650133133
16,49,0.07951809465885162
16,50,0.06979255378246307
16,51,0.08311820030212402
16,52,0.09048713743686676
16,53,0.08526119589805603
16,54,0.07032515853643417
16,55,0.08115866780281067
16,56,0.09251580387353897
16,57,0.07701059430837631
16,58,0.08222004771232605
16,59,0.07558808475732803
16,60,0.07977514714002609
16,61,0.10162089020013809
16,62,0.06831472367048264
16,63,0.0759132131934166
16,64,0.08159191906452179
16,65,0.08149998635053635
16,66,0.09243807196617126
16,67,0.08096062391996384
16,68,0.07769522070884705
16,69,0.06594932079315186
16,70,0.07106159627437592
16,71,0.07765910774469376
16,72,0.08316510915756226
16,73,0.07738743722438812
16,74,0.07564535737037659
16,75,0.0731540322303772
16,76,0.07237108051776886
17,1,0.07189673185348511
17,2,0.08788856863975525
17,3,0.07976232469081879
17,4,0.07744430005550385
17,5,0.06895755976438522
17,6,0.076333187520504
17,7,0.08091496676206589
17,8,0.07771183550357819
17,9,0.06533308327198029
17,10,0.06833747029304504
17,11,0.08817171305418015
17,12,0.07890541106462479
17,13,0.07205568253993988
17,14,0.06593085825443268
17,15,0.09552187472581863
17,16,0.06379237025976181
17,17,0.08877287060022354
17,18,0.08116139471530914
17,19,0.08549323678016663
17,20,0.0808773934841156
17,21,0.0840369164943695
17,22,0.0664355605840683
17,23,0.0653328150510788
17,24,0.06586836278438568
17,25,0.07730935513973236
17,26,0.07132790982723236
17,27,0.07222120463848114
17,28,0.07104872167110443
17,29,0.07592011988162994
17,30,0.06778458505868912
17,31,0.09654837846755981
17,32,0.09050656855106354
17,33,0.07575365155935287
17,34,0.08639172464609146
17,35,0.07779046893119812
17,36,0.08454541862010956
17,37,0.06833072751760483
17,38,0.07494388520717621
17,39,0.07220256328582764
17,40,0.0657007247209549
17,41,0.07903409004211426
17,42,0.08742125332355499
17,43,0.07425481081008911
17,44,0.0701439380645752
17,45,0.06574077904224396
17,46,0.09997390955686569
17,47,0.07307164371013641
17,48,0.06951004266738892
17,49,0.07706855982542038
17,50,0.08002302050590515
17,51,0.07664872705936432
17,52,0.07917141914367676
17,53,0.10735964775085449
17,54,0.10181014239788055
17,55,0.09316876530647278
17,56,0.07172394543886185
17,57,0.08646684885025024
17,58,0.07557235658168793
17,59,0.07976207137107849
17,60,0.08570167422294617
17,61,0.07861994206905365
17,62,0.07542231678962708
17,63,0.06910862028598785
17,64,0.06993680447340012
17,65,0.08805184811353683
17,66,0.08580926060676575
17,67,0.07583482563495636
17,68,0.07037830352783203
17,69,0.09184883534908295
17,70,0.06965449452400208
17,71,0.07136880606412888
17,72,0.07616861909627914
17,73,0.06491713970899582
17,74,0.061360280960798264
17,75,0.07658100873231888
17,76,0.07205121219158173
18,1,0.07250168919563293
18,2,0.0828506350517273
18,3,0.06844636052846909
18,4,0.07765635848045349
18,5,0.0682809054851532
18,6,0.08639338612556458
18,7,0.07362870872020721
18,8,0.0856880247592926
18,9,0.07392473518848419
18,10,0.06551554799079895
18,11,0.07854396104812622
18,12,0.07691670954227448
18,13,0.09705691039562225
18,14,0.07680334895849228
18,15,0.07201552391052246
18,16,0.06834973394870758
18,17,0.07379644364118576
18,18,0.07411234080791473
18,19,0.0678451806306839
18,20,0.07952767610549927
18,21,0.07794281840324402
18,22,0.07500802725553513
18,23,0.08528749644756317
18,24,0.0725121721625328
18,25,0.07689198851585388
18,26,0.07174297422170639
18,27,0.0732603371143341
18,28,0.07951913774013519
18,29,0.06653334200382233
18,30,0.07139384746551514
18,31,0.0699654072523117
18,32,0.07720279693603516
18,33,0.06697484105825424
18,34,0.07235752046108246
18,35,0.07159040123224258
18,36,0.06616665422916412
18,37,0.07886795699596405
18,38,0.06992648541927338
18,39,0.06490564346313477
18,40,0.06321527063846588
18,41,0.06915382295846939
18,42,0.06646835803985596
18,43,0.06469172239303589
18,44,0.06585295498371124
18,45,0.06188249960541725
18,46,0.0687967911362648
18,47,0.06909491866827011
18,48,0.05600033327937126
18,49,0.07856565713882446
18,50,0.07011032104492188
18,51,0.06361940503120422
18,52,0.07183165848255157
18,53,0.07309257239103317
18,54,0.07837286591529846
18,55,0.0793120339512825
18,56,0.06485114991664886
18,57,0.07448352128267288
18,58,0.08377643674612045
18,59,0.075947105884552
18,60,0.08621560037136078
18,61,0.079630047082901
18,62,0.07426902651786804
18,63,0.08352277427911758
18,64,0.06126406043767929
18,65,0.06531587988138199
18,66,0.07669228315353394
18,67,0.07182776927947998
18,68,0.07798672467470169
18,69,0.07608579099178314
18,70,0.07607552409172058
18,71,0.06760938465595245
18,72,0.0807487815618515
18,73,0.07814313471317291
18,74,0.07651636004447937
18,75,0.0818704292178154
18,76,0.0727534145116806
19,1,0.0738220065832138
19,2,0.06148974597454071
19,3,0.07358330488204956
19,4,0.07205958664417267
19,5,0.07774937152862549
19,6,0.05777675658464432
19,7,0.09739509969949722
19,8,0.06674563884735107
19,9,0.06677702069282532
19,10,0.06817078590393066
19,11,0.06677085161209106
19,12,0.06080734357237816
19,13,0.06949485838413239
19,14,0.07065153121948242
19,15,0.1028033122420311
19,16,0.058032747358083725
19,17,0.0680694580078125
19,18,0.07571713626384735
19,19,0.07062166929244995
19,20,0.07658857107162476
19,21,0.07194550335407257
19,22,0.06411652266979218
19,23,0.07575917989015579
19,24,0.06873172521591187
19,25,0.06712190061807632
19,26,0.07110375165939331
19,27,0.08350017666816711
19,28,0.07774197310209274
19,29,0.08852149546146393
19,30,0.07317548990249634
19,31,0.07286891341209412
19,32,0.08335866779088974
19,33,0.06793299317359924
19,34,0.06877342611551285
19,35,0.07509037852287292
19,36,0.07110196352005005
19,37,0.07047035545110703
19,38,0.07909128814935684
19,39,0.07960612326860428
19,40,0.06897546350955963
19,41,0.07886120676994324
19,42,0.07451370358467102
19,43,0.07228712737560272
19,44,0.07373946905136108
19,45,0.07622234523296356
19,46,0.07113052904605865
19,47,0.06955083459615707
19,48,0.0677027702331543
19,49,0.06934554874897003
19,50,0.08574126660823822
19,51,0.06758332997560501
19,52,0.06559865176677704
19,53,0.0725252777338028
19,54,0.06206551939249039
19,55,0.07750949263572693
19,56,0.06784700602293015
19,57,0.062059737741947174
19,58,0.06887663900852203
19,59,0.0688660740852356
19,60,0.07636016607284546
19,61,0.07861845195293427
19,62,0.0565662607550621
19,63,0.060887858271598816
19,64,0.071155846118927
19,65,0.07237207889556885
19,66,0.05693303793668747
19,67,0.06403753906488419
19,68,0.09062063694000244
19,69,0.07622270286083221
19,70,0.08394476771354675
19,71,0.07046504318714142
19,72,0.06591121852397919
19,73,0.07704498618841171
19,74,0.08248721808195114
19,75,0.0694490447640419
19,76,0.06222553923726082
20,1,0.0715624988079071
20,2,0.07431484758853912
20,3,0.07571206986904144
20,4,0.060386624187231064
20,5,0.07840311527252197
20,6,0.08182484656572342
20,7,0.06738398224115372
20,8,0.06843563169240952
20,9,0.08843167126178741
20,10,0.07188370823860168
20,11,0.06584394723176956
20,12,0.06088043749332428
20,13,0.07426182180643082
20,14,0.07742729783058167
20,15,0.07151778787374496
20,16,0.07569923996925354
20,17,0.07660190016031265
20,18,0.06580828875303268
20,19,0.07140252739191055
20,20,0.06682140380144119
20,21,0.0740671157836914
20,22,0.0690860003232956
20,23,0.06699585914611816
20,24,0.07771028578281403
20,25,0.0735316127538681
20,26,0.06724154204130173
20,27,0.07249671220779419
20,28,0.07036828249692917
20,29,0.05480251461267471
20,30,0.05999694764614105
20,31,0.07339092344045639
20,32,0.06974318623542786
20,33,0.0642227828502655
20,34,0.06400218605995178
20,35,0.07888756692409515
20,36,0.05925021320581436
20,37,0.06449046730995178
20,38,0.06901532411575317
20,39,0.07090611755847931
20,40,0.07090918719768524
20,41,0.05964842811226845
20,42,0.06942117214202881
20,43,0.06685718894004822
20,44,0.06703877449035645
20,45,0.10036037862300873
20,46,0.0671490728855133
20,47,0.05759922415018082
20,48,0.07324439287185669
20,49,0.07175635546445847
20,50,0.07981529086828232
20,51,0.07258676737546921
20,52,0.06853839755058289
20,53,0.0566367506980896
20,54,0.06551216542720795
20,55,0.08613791316747665
20,56,0.0694657564163208
20,57,0.06494606286287308
20,58,0.07434113323688507
20,59,0.06496536731719971
20,60,0.07690101861953735
20,61,0.06916183233261108
20,62,0.06400948017835617
20,63,0.06505673378705978
20,64,0.09793142974376678
20,65,0.07186227291822433
20,66,0.07194474339485168
20,67,0.07106250524520874
20,68,0.06396528333425522
20,69,0.07748346030712128
20,70,0.0789862722158432
20,71,0.061581436544656754
20,72,0.0802358016371727
20,73,0.057841282337903976
20,74,0.06343929469585419
20,75,0.07948993146419525
20,76,0.08067518472671509
21,1,0.0757184624671936
21,2,0.06568461656570435
21,3,0.0637691542506218
21,4,0.0671057179570198
21,5,0.0717417299747467
21,6,0.06794270873069763
21,7,0.05837244540452957
21,8,0.07630828022956848
21,9,0.06023551896214485
21,10,0.05817113071680069
21,11,0.07347479462623596
21,12,0.07111339271068573
21,13,0.06096722558140755
21,14,0.07638891041278839
21,15,0.06661814451217651
21,16,0.0639190822839737
21,17,0.07461674511432648
21,18,0.06634315848350525
21,19,0.06554420292377472
21,20,0.07478795945644379
21,21,0.07449164241552353
21,22,0.061351217329502106
21,23,0.060288265347480774
21,24,0.07512585818767548
21,25,0.07203302532434464
21,26,0.07575051486492157
21,27,0.06449167430400848
21,28,0.07829676568508148
21,29,0.06911624222993851
21,30,0.07462743669748306
21,31,0.07054702937602997
21,32,0.0709373950958252
21,33,0.06647762656211853
21,34,0.06317168474197388
21,35,0.05981545150279999
21,36,0.052077118307352066
21,37,0.06349744647741318
21,38,0.06757117807865143
21,39,0.0640811026096344
21,40,0.05621233955025673
21,41,0.07227963209152222
21,42,0.05842011794447899
21,43,0.07014411687850952
21,44,0.0705108791589737
21,45,0.06442397087812424
21,46,0.06876938790082932
21,47,0.051518455147743225
21,48,0.06492573022842407
21,49,0.05421499162912369
21,50,0.07469554245471954
21,51,0.06047388166189194
21,52,0.06131632998585701
21,53,0.06770913302898407
21,54,0.07771788537502289
21,55,0.07233309745788574
21,56,0.07322248071432114
21,57,0.07743749022483826
21,58,0.06803605705499649
21,59,0.0621476024389267
21,60,0.06603366136550903
21,61,0.06259681284427643
21,62,0.056505098938941956
21,63,0.057455748319625854
21,64,0.06346654891967773
21,65,0.06697021424770355
21,66,0.06439626216888428
21,67,0.06085078418254852
21,68,0.05737355351448059
21,69,0.062467727810144424
21,70,0.06783541291952133
21,71,0.06239985674619675
21,72,0.06347350031137466
21,73,0.07081692665815353
21,74,0.07588611543178558
21,75,0.05225750058889389
21,76,0.06733783334493637
22,1,0.05895204842090607
22,2,0.0609331876039505
22,3,0.0643976628780365
22,4,0.062406785786151886
22,5,0.06141161918640137
22,6,0.06560540199279785
22,7,0.0654975175857544
22,8,0.07058267295360565
22,9,0.060833729803562164
22,10,0.059354253113269806
22,11,0.0919235497713089
22,12,0.06312404572963715
22,13,0.05962760001420975
22,14,0.06483279168605804
22,15,0.06328975409269333
22,16,0.07873743772506714
22,17,0.07647302746772766
22,18,0.06448984146118164
22,19,0.05197938531637192
22,20,0.06099014729261398
22,21,0.05774417519569397
22,22,0.06480995565652847
22,23,0.061173103749752045
22,24,0.0701383575797081
22,25,0.05900350585579872
22,26,0.06751672923564911
22,27,0.06186841428279877
22,28,0.0660766214132309
22,29,0.05786694586277008
22,30,0.05994283780455589
22,31,0.06962444633245468
22,32,0.06683836132287979
22,33,0.05571417137980461
22,34,0.06442444771528244
22,35,0.07264174520969391
22,36,0.061980314552783966
22,37,0.06373618543148041
22,38,0.06912998855113983
22,39,0.06055404245853424
22,40,0.06931184232234955
22,41,0.06835458427667618
22,42,0.07157571613788605
22,43,0.05613579601049423
22,44,0.05406052991747856
22,45,0.06949091702699661
22,46,0.07185204327106476
22,47,0.0860542356967926
22,48,0.0683031901717186
22,49,0.0523943267762661
22,50,0.07236558198928833
22,51,0.07144875824451447
22,52,0.0658421665430069
22,53,0.06850796192884445
22,54,0.07618558406829834
22,55,0.06164511665701866
22,56,0.06535575538873672
22,57,0.06615208089351654
22,58,0.07023592293262482
22,59,0.0688304454088211
22,60,0.05767542123794556
22,61,0.07067333906888962
22,62,0.06763473153114319
22,63,0.07151580601930618
22,64,0.07330730557441711
22,65,0.06437613070011139
22,66,0.06163568049669266
22,67,0.06110324710607529
22,68,0.06993734836578369
22,69,0.06353271007537842
22,70,0.06721028685569763
22,71,0.060779280960559845
22,72,0.07040902972221375
22,73,0.06661295890808105
22,74,0.05574579909443855
22,75,0.07567355781793594
22,76,0.0763741135597229
23,1,0.07657362520694733
23,2,0.059154756367206573
23,3,0.07037581503391266
23,4,0.06044444814324379
23,5,0.06776923686265945
23,6,0.06936247646808624
23,7,0.07010242342948914
23,8,0.0734323263168335
23,9,0.061875469982624054
23,10,0.06231957674026489
23,11,0.05899353325366974
23,12,0.07107482850551605
23,13,0.06776328384876251
23,14,0.06042356789112091
23,15,0.0634094774723053
23,16,0.07557019591331482
23,17,0.06941323727369308
23,18,0.07431311905384064
23,19,0.06357163190841675
23,20,0.06815196573734283
23,21,0.06965015828609467
23,22,0.05907217785716057
23,23,0.07018652558326721
23,24,0.06706807017326355
23,25,0.07642851769924164
23,26,0.07299099862575531
23,27,0.06979744136333466
23,28,0.082219198346138
23,29,0.0667424350976944
23,30,0.08047150075435638
23,31,0.06977556645870209
23,32,0.07829423248767853
23,33,0.07198542356491089
23,34,0.06839841604232788
23,35,0.06476250290870667
23,36,0.07946482300758362
23,37,0.07281703501939774
23,38,0.07210749387741089
23,39,0.0684724748134613
23,40,0.06336413323879242
23,41,0.06352271139621735
23,42,0.06886094808578491
23,43,0.070154570043087
23,44,0.06171777471899986
23,45,0.06285687536001205
23,46,0.06654568016529083
23,47,0.0614151768386364
23,48,0.06516902893781662
23,49,0.073164202272892
23,50,0.06944013386964798
23,51,0.06923721730709076
23,52,0.07649745047092438
23,53,0.061233315616846085
23,54,0.06354483217000961
23,55,0.06435824930667877
23,56,0.05546934902667999
23,57,0.0635928362607956
23,58,0.07206571102142334
23,59,0.05350522696971893
23,60,0.07756132632493973
23,61,0.08603550493717194
23,62,0.072634756565094
23,63,0.0764770656824112
23,64,0.0630512684583664
23,65,0.06881991028785706
23,66,0.061465393751859665
23,67,0.0738535225391388
23,68,0.05709386616945267
23,69,0.06651194393634796
23,70,0.07161115109920502
23,71,0.07076259702444077
23,72,0.07051199674606323
23,73,0.07864817976951599
23,74,0.07476290315389633
23,75,0.057946205139160156
23,76,0.0589156374335289
24,1,0.06470239162445068
24,2,0.0776054710149765
24,3,0.0604139044880867
24,4,0.0585159994661808
24,5,0.07040602713823318
24,6,0.05846257507801056
24,7,0.07020178437232971
24,8,0.07115624099969864
24,9,0.06409557163715363
24,10,0.0623883418738842
24,11,0.05977221205830574
24,12,0.060294561088085175
24,13,0.06830020248889923
24,14,0.06531140208244324
24,15,0.062284547835588455
24,16,0.07113400846719742
24,17,0.053593847900629044
24,18,0.06079865247011185
24,19,0.06404885649681091
24,20,0.11991820484399796
24,21,0.058142952620983124
24,22,0.06323244422674179
24,23,0.06440438330173492
24,24,0.06503548473119736
24,25,0.060186222195625305
24,26,0.06710847467184067
24,27,0.07027750462293625
24,28,0.06780115514993668
24,29,0.06781932711601257
24,30,0.0660560354590416
24,31,0.06619706749916077
24,32,0.060931496322155
24,33,0.06420508772134781
24,34,0.06866868585348129
24,35,0.0686739832162857
24,36,0.07670245319604874
24,37,0.0690624862909317
24,38,0.06585945188999176
24,39,0.07285276055335999
24,40,0.06369771808385849
24,41,0.07716850936412811
24,42,0.05657585337758064
24,43,0.06153693422675133
24,44,0.06549644470214844
24,45,0.06437715888023376
24,46,0.06483004242181778
24,47,0.05516097694635391
24,48,0.05629358068108559
24,49,0.06969959288835526
24,50,0.06374582648277283
24,51,0.06684249639511108
24,52,0.07044349610805511
24,53,0.06914450228214264
24,54,0.05840010941028595
24,55,0.09522990882396698
24,56,0.05448366701602936
24,57,0.059070199728012085
24,58,0.07799699902534485
24,59,0.06359237432479858
24,60,0.06611200422048569
24,61,0.07187186181545258
24,62,0.07304786145687103
24,63,0.06564170867204666
24,64,0.06083544343709946
24,65,0.07496004551649094
24,66,0.07707393914461136
24,67,0.06426919996738434
24,68,0.06421511620283127
24,69,0.05901821702718735
24,70,0.05921194329857826
24,71,0.07717376947402954
24,72,0.06373262405395508
24,73,0.059966739267110825
24,74,0.06552816927433014
24,75,0.07518361508846283
24,76,0.07325340807437897
25,1,0.05908666551113129
25,2,0.07650688290596008
25,3,0.05817348137497902
25,4,0.05761289596557617
25,5,0.05453544855117798
25,6,0.07534022629261017
25,7,0.060203276574611664
25,8,0.055951252579689026
25,9,0.07022276520729065
25,10,0.06503096222877502
25,11,0.05796431377530098
25,12,0.06859740614891052
25,13,0.06839107722043991
25,14,0.064457967877388
25,15,0.06308902055025101
25,16,0.05482587218284607
25,17,0.058018237352371216
25,18,0.05874662101268768
25,19,0.07642418891191483
25,20,0.070428267121315
25,21,0.06980185210704803
25,22,0.06507616490125656
25,23,0.06703311204910278
25,24,0.05988942086696625
25,25,0.06145264208316803
25,26,0.07801978290081024
25,27,0.0663304477930069
25,28,0.0637165904045105
25,29,0.06539236009120941
25,30,0.06535232067108154
25,31,0.05236353352665901
25,32,0.07009822130203247
25,33,0.06404639780521393
25,34,0.0632190853357315
25,35,0.05731378495693207
25,36,0.05436944589018822
25,37,0.07553364336490631
25,38,0.062177304178476334
25,39,0.06188242882490158
25,40,0.05592914670705795
25,41,0.060651592910289764
25,42,0.05952243506908417
25,43,0.055827394127845764
25,44,0.05339760333299637
25,45,0.06550221890211105
25,46,0.06235356628894806
25,47,0.09856176376342773
25,48,0.0849435031414032
25,49,0.07371662557125092
25,50,0.06331201642751694
25,51,0.0767773911356926
25,52,0.07014515995979309
25,53,0.06271392107009888
25,54,0.08104227483272552
25,55,0.07157666981220245
25,56,0.058120399713516235
25,57,0.06602619588375092
25,58,0.05844077840447426
25,59,0.06069159507751465
25,60,0.0671173632144928
25,61,0.05862249433994293
25,62,0.060305677354335785
25,63,0.07092863321304321
25,64,0.05556754767894745
25,65,0.06788662821054459
25,66,0.06717582792043686
25,67,0.07319289445877075
25,68,0.07094283401966095
25,69,0.07532857358455658
25,70,0.07207130640745163
25,71,0.05680885910987854
25,72,0.06890149414539337
25,73,0.0617416575551033
25,74,0.06239686161279678
25,75,0.06627333164215088
25,76,0.06474774330854416
26,1,0.07149413228034973
26,2,0.06258706003427505
26,3,0.0614234060049057
26,4,0.06597428023815155
26,5,0.06485515832901001
26,6,0.06877213716506958
26,7,0.05636908859014511
26,8,0.06691059470176697
26,9,0.057970739901065826
26,10,0.05938468873500824
26,11,0.05608126521110535
26,12,0.06268079578876495
26,13,0.05679967254400253
26,14,0.054555222392082214
26,15,0.06605738401412964
26,16,0.06579287350177765
26,17,0.057974040508270264
26,18,0.07288920879364014
26,19,0.057454124093055725
26,20,0.05331723392009735
26,21,0.069390669465065
26,22,0.050630833953619
26,23,0.06632041931152344
26,24,0.06380851566791534
26,25,0.06353835761547089
26,26,0.056932058185338974
26,27,0.060902051627635956
26,28,0.061523765325546265
26,29,0.057678282260894775
26,30,0.0658101737499237
26,31,0.05797059088945389
26,32,0.07210935652256012
26,33,0.06260856240987778
26,34,0.05336962640285492
26,35,0.06515121459960938
26,36,0.06288017332553864
26,37,0.057476166635751724
26,38,0.07268882542848587
26,39,0.06341644376516342
26,40,0.051960572600364685
26,41,0.06091340631246567
26,42,0.06758221238851547
26,43,0.054220911115407944
26,44,0.06699974834918976
26,45,0.06947923451662064
26,46,0.06515410542488098
26,47,0.06338997185230255
26,48,0.06148557364940643
26,49,0.05858539789915085
26,50,0.05801476910710335
26,51,0.06674183905124664
26,52,0.0710475891828537
26,53,0.05138051137328148
26,54,0.056399255990982056
26,55,0.05549941956996918
26,56,0.06862863898277283
26,57,0.06013741344213486
26,58,0.0644507110118866
26,59,0.07908778637647629
26,60,0.06381919234991074
26,61,0.06235148385167122
26,62,0.05772358924150467
26,63,0.06721620261669159
26,64,0.05574142932891846
26,65,0.06488975137472153
26,66,0.06074437499046326
26,67,0.05665155500173569
26,68,0.0632643923163414
26,69,0.06628923118114471
26,70,0.05190742760896683
26,71,0.05630025267601013
26,72,0.056710049510002136
26,73,0.054605185985565186
26,74,0.07007432729005814
26,75,0.06472554802894592
26,76,0.0613996796309948
27,1,0.06092429906129837
27,2,0.059134919196367264
27,3,0.06409353017807007
27,4,0.0676472932100296
27,5,0.06471370905637741
27,6,0.06196155399084091
27,7,0.05264910310506821
27,8,0.05270221829414368
27,9,0.056827932596206665
27,10,0.06611213088035583
27,11,0.06257013976573944
27,12,0.0582968108355999
27,13,0.056228894740343094
27,14,0.05930246412754059
27,15,0.06319447606801987
27,16,0.05999944731593132
27,17,0.05649872496724129
27,18,0.07034727185964584
27,19,0.06077955663204193
27,20,0.059415627270936966
27,21,0.07265614718198776
27,22,0.064357690513134
27,23,0.05756716802716255
27,24,0.06765055656433105
27,25,0.06118151545524597
27,26,0.06456103920936584
27,27,0.059027764946222305
27,28,0.05882928520441055
27,29,0.0575982928276062
27,30,0.07261636108160019
27,31,0.06678082048892975
27,32,0.06325605511665344
27,33,0.06471875309944153
27,34,0.06243538111448288
27,35,0.053014546632766724
27,36,0.05242686718702316
27,37,0.07411675155162811
27,38,0.06199688836932182
27,39,0.0627342164516449
27,40,0.059239462018013
27,41,0.06279969215393066
27,42,0.07541342824697495
27,43,0.05325940251350403
27,44,0.05775870382785797
27,45,0.06691866368055344
27,46,0.05077685788273811
27,47,0.059740081429481506
27,48,0.0566142275929451
27,49,0.06957247108221054
27,50,0.06491696834564209
27,51,0.06264133006334305
27,52,0.057568348944187164
27,53,0.05329832434654236
27,54,0.06513798236846924
27,55,0.05276744067668915
27,56,0.0786089077591896
27,57,0.05884229764342308
27,58,0.05557674542069435
27,59,0.06720201671123505
27,60,0.054930783808231354
27,61,0.05883895233273506
27,62,0.0527227446436882
27,63,0.06274502724409103
27,64,0.052978578954935074
27,65,0.06226153299212456
27,66,0.04996834695339203
27,67,0.05993938073515892
27,68,0.06974902749061584
27,69,0.06021910160779953
27,70,0.05425385385751724
27,71,0.05861460417509079
27,72,0.057818688452243805
27,73,0.060741789638996124
27,74,0.05581403523683548
27,75,0.0670907199382782
27,76,0.057680703699588776
28,1,0.058123525232076645
28,2,0.059147972613573074
28,3,0.0647566169500351
28,4,0.07686113566160202
28,5,0.05539166182279587
28,6,0.06417006254196167
28,7,0.05957386642694473
28,8,0.05750015377998352
28,9,0.059356629848480225
28,10,0.05617745220661163
28,11,0.07100383192300797
28,12,0.07504114508628845
28,13,0.06326977908611298
28,14,0.05357232317328453
28,15,0.061366986483335495
28,16,0.054872363805770874
28,17,0.06085289269685745
28,18,0.06346655637025833
28,19,0.05460568517446518
28,20,0.06239676475524902
28,21,0.07969603687524796
28,22,0.059162382036447525
28,23,0.06836389005184174
28,24,0.06892214715480804
28,25,0.05186586081981659
28,26,0.0739608034491539
28,27,0.05901147425174713
28,28,0.06491153687238693
28,29,0.05344171077013016
28,30,0.08026120066642761
28,31,0.05653607100248337
28,32,0.054446205496788025
28,33,0.06042219698429108
28,34,0.058174967765808105
28,35,0.07535965740680695
28,36,0.06316253542900085
28,37,0.06130514293909073
28,38,0.05246596783399582
28,39,0.04988529533147812
28,40,0.05173442140221596
28,41,0.06871096789836884
28,42,0.04984677955508232
28,43,0.052188802510499954
28,44,0.05025598406791687
28,45,0.0970943495631218
28,46,0.0594649538397789
28,47,0.05665779113769531
28,48,0.08065831661224365
28,49,0.06761130690574646
28,50,0.0517328679561615
28,51,0.0689898282289505
28,52,0.06461520493030548
28,53,0.06345582753419876
28,54,0.06696560978889465
28,55,0.06203716993331909
28,56,0.050402332097291946
28,57,0.07535354793071747
28,58,0.07334867119789124
28,59,0.06197410076856613
28,60,0.0569399893283844
28,61,0.07471542060375214
28,62,0.06260837614536285
28,63,0.055742863565683365
28,64,0.057246133685112
28,65,0.06200708448886871
28,66,0.05971871688961983
28,67,0.05773330479860306
28,68,0.06633006781339645
28,69,0.060312673449516296
28,70,0.051185715943574905
28,71,0.0577378049492836
28,72,0.0558030903339386
28,73,0.057834576815366745
28,74,0.07042739540338516
28,75,0.051611147820949554
28,76,0.05261625349521637
29,1,0.0550122931599617
29,2,0.05788537859916687
29,3,0.0504181832075119
29,4,0.06652268767356873
29,5,0.05053416267037392
29,6,0.05830328166484833
29,7,0.05648930370807648
29,8,0.06648823618888855
29,9,0.05752907693386078
29,10,0.05758308991789818
29,11,0.06621849536895752
29,12,0.06034256890416145
29,13,0.05272641032934189
29,14,0.058487504720687866
29,15,0.06626182794570923
29,16,0.061429671943187714
29,17,0.05280965566635132
29,18,0.05925954878330231
29,19,0.059104613959789276
29,20,0.06915266811847687
29,21,0.053602270781993866
29,22,0.0532747246325016
29,23,0.06594844162464142
29,24,0.06425201892852783
29,25,0.06539072096347809
29,26,0.06270916014909744
29,27,0.06143500655889511
29,28,0.05240649729967117
29,29,0.056855618953704834
29,30,0.05161328986287117
29,31,0.057563260197639465
29,32,0.06977087259292603
29,33,0.054932594299316406
29,34,0.054073430597782135
29,35,0.048962973058223724
29,36,0.05735080689191818
29,37,0.06393513083457947
29,38,0.06665371358394623
29,39,0.0555160790681839
29,40,0.05701306834816933
29,41,0.06238790601491928
29,42,0.04995046183466911
29,43,0.09787723422050476
29,44,0.06712161749601364
29,45,0.050801753997802734
29,46,0.057699356228113174
29,47,0.06558651477098465
29,48,0.07210682332515717
29,49,0.0731249749660492
29,50,0.06088319048285484
29,51,0.05885184183716774
29,52,0.06741252541542053
29,53,0.052405133843421936
29,54,0.06478409469127655
29,55,0.06286726146936417
29,56,0.06327050924301147
29,57,0.04781072214245796
29,58,0.06187507510185242
29,59,0.05854440852999687
29,60,0.06637575477361679
29,61,0.057353049516677856
29,62,0.062227148562669754
29,63,0.05693264678120613
29,64,0.059278421103954315
29,65,0.06306919455528259
29,66,0.05378739908337593
29,67,0.05166515335440636
29,68,0.05839211493730545
29,69,0.06027873978018761
29,70,0.07985162734985352
29,71,0.06557916104793549
29,72,0.05477005988359451
29,73,0.06004668027162552
29,74,0.05402550846338272
29,75,0.05803408473730087
29,76,0.06346689164638519
30,1,0.051233842968940735
30,2,0.05944303050637245
30,3,0.056849155575037
30,4,0.04885378107428551
30,5,0.053991325199604034
30,6,0.06514207273721695
30,7,0.05561859905719757
30,8,0.05492013692855835
30,9,0.05858870595693588
30,10,0.06214269995689392
30,11,0.05044340342283249
30,12,0.06111068278551102
30,13,0.06266950070858002
30,14,0.050674960017204285
30,15,0.05727596580982208
30,16,0.06184640899300575
30,17,0.06216253340244293
30,18,0.0602029487490654
30,19,0.061269067227840424
30,20,0.055222779512405396
30,21,0.07148236036300659
30,22,0.06203576177358627
30,23,0.06153430789709091
30,24,0.07068006694316864
30,25,0.06048623472452164
30,26,0.05716845393180847
30,27,0.07309958338737488
30,28,0.06815499812364578
30,29,0.06329134106636047
30,30,0.052879758179187775
30,31,0.056450121104717255
30,32,0.06253793090581894
30,33,0.07035230845212936
30,34,0.05569297447800636
30,35,0.06027303636074066
30,36,0.06285852193832397
30,37,0.052186861634254456
30,38,0.07693260163068771
30,39,0.06417205929756165
30,40,0.06476747989654541
30,41,0.06320200860500336
30,42,0.05787903442978859
30,43,0.07290630042552948
30,44,0.06358100473880768
30,45,0.07727895677089691
30,46,0.0631469264626503
30,47,0.06482283771038055
30,48,0.05974646657705307
30,49,0.056318484246730804
30,50,0.05529756471514702
30,51,0.05486482009291649
30,52,0.04837242513895035
30,53,0.06240227073431015
30,54,0.06766416132450104
30,55,0.05568239837884903
30,56,0.06612001359462738
30,57,0.05871082842350006
30,58,0.05755486339330673
30,59,0.05929461866617203
30,60,0.05130022019147873
30,61,0.05269784480333328
30,62,0.054540302604436874
30,63,0.0565236397087574
30,64,0.06786386668682098
30,65,0.05524977669119835
30,66,0.05004948377609253
30,67,0.05664033442735672
30,68,0.07356368005275726
30,69,0.05090183764696121
30,70,0.05957904830574989
30,71,0.0529899075627327
30,72,0.0564768984913826
30,73,0.05732177942991257
30,74,0.050616368651390076
30,75,0.06219818443059921
30,76,0.061513397842645645
31,1,0.051722202450037
31,2,0.06719977408647537
31,3,0.05223345011472702
31,4,0.053928591310977936
31,5,0.06583546847105026
31,6,0.05914556235074997
31,7,0.06449264287948608
31,8,0.054501794278621674
31,9,0.06538254022598267
31,10,0.06413097679615021
31,11,0.04905547946691513
31,12,0.05932902544736862
31,13,0.0481373593211174
31,14,0.05193623900413513
31,15,0.05715566128492355
31,16,0.0614466592669487
31,17,0.05236662179231644
31,18,0.0547323003411293
31,19,0.08520236611366272
31,20,0.058017801493406296
31,21,0.06044270470738411
31,22,0.06543707847595215
31,23,0.05755200609564781
31,24,0.05645444989204407
31,25,0.05975423753261566
31,26,0.05526823550462723
31,27,0.06223523989319801
31,28,0.05153150111436844
31,29,0.0641511082649231
31,30,0.05147865414619446
31,31,0.06481620669364929
31,32,0.062193937599658966
31,33,0.056729551404714584
31,34,0.0567411407828331
31,35,0.07972973585128784
31,36,0.049513380974531174
31,37,0.0482778325676918
31,38,0.04047512263059616
31,39,0.05407103896141052
31,40,0.06841343641281128
31,41,0.06147514283657074
31,42,0.06028377264738083
31,43,0.06404538452625275
31,44,0.06140883266925812
31,45,0.055095117539167404
31,46,0.05586225539445877
31,47,0.056310445070266724
31,48,0.06007973849773407
31,49,0.04773899167776108
31,50,0.056250620633363724
31,51,0.05735345184803009
31,52,0.08750079572200775
31,53,0.06565769761800766
31,54,0.0608360581099987
31,55,0.06688433140516281
31,56,0.04731836915016174
31,57,0.059576354920864105
31,58,0.06369302421808243
31,59,0.05500892922282219
31,60,0.05600444972515106
31,61,0.05611967295408249
31,62,0.0651751309633255
31,63,0.054890576750040054
31,64,0.057573117315769196
31,65,0.07064943015575409
31,66,0.06276802718639374
31,67,0.057770729064941406
31,68,0.05182082951068878
31,69,0.060371313244104385
31,70,0.05605042725801468
31,71,0.05809835344552994
31,72,0.06032272055745125
31,73,0.06243384629487991
31,74,0.07361554354429245
31,75,0.06269482523202896
31,76,0.05824188515543938
32,1,0.06768380850553513
32,2,0.059098921716213226
32,3,0.06811128556728363
32,4,0.07113859802484512
32,5,0.062094490975141525
32,6,0.06105228513479233
32,7,0.060904610902071
32,8,0.06291612982749939
32,9,0.06363545358181
32,10,0.05895668640732765
32,11,0.0622311607003212
32,12,0.06364665925502777
32,13,0.054625313729047775
32,14,0.06333312392234802
32,15,0.056478843092918396
32,16,0.06920752674341202
32,17,0.06795500218868256
32,18,0.060535941272974014
32,19,0.05879224091768265
32,20,0.06516736000776291
32,21,0.062209002673625946
32,22,0.059315025806427
32,23,0.049513284116983414
32,24,0.06837795674800873
32,25,0.06711144745349884
32,26,0.06369958817958832
32,27,0.0915435403585434
32,28,0.05833601951599121
32,29,0.05009285360574722
32,30,0.0709959864616394
32,31,0.06695680320262909
32,32,0.05908690392971039
32,33,0.05433215945959091
32,34,0.06687496602535248
32,35,0.05331166461110115
32,36,0.05290009826421738
32,37,0.05394196882843971
32,38,0.06910984218120575
32,39,0.05470849573612213
32,40,0.05980025231838226
32,41,0.05584410950541496
32,42,0.06376924365758896
32,43,0.0654858648777008
32,44,0.06874364614486694
32,45,0.05347146838903427
32,46,0.054335303604602814
32,47,0.05068473517894745
32,48,0.06853164732456207
32,49,0.05030973255634308
32,50,0.05397941917181015
32,51,0.05186726525425911
32,52,0.05444495379924774
32,53,0.0535300113260746
32,54,0.04899594187736511
32,55,0.05105951428413391
32,56,0.06679210066795349
32,57,0.055292606353759766
32,58,0.04725450277328491
32,59,0.04936522990465164
32,60,0.048399925231933594
32,61,0.061908915638923645
32,62,0.059515196830034256
32,63,0.06887006759643555
32,64,0.05251791700720787
32,65,0.06316962093114853
32,66,0.06545110046863556
32,67,0.06483360379934311
32,68,0.07587556540966034
32,69,0.05085918307304382
32,70,0.05461396276950836
32,71,0.06426173448562622
32,72,0.062014948576688766
32,73,0.051503829658031464
32,74,0.059201616793870926
32,75,0.06695057451725006
32,76,0.05211611092090607
33,1,0.051354438066482544
33,2,0.050385043025016785
33,3,0.05228719115257263
33,4,0.05739792436361313
33,5,0.06834471225738525
33,6,0.05775969475507736
33,7,0.07103925943374634
33,8,0.05518137291073799
33,9,0.05750459432601929
33,10,0.051700834184885025
33,11,0.057045359164476395
33,12,0.05401363596320152
33,13,0.06484400480985641
33,14,0.0560963898897171
33,15,0.06492719054222107
33,16,0.05452829599380493
33,17,0.05642586201429367
33,18,0.06612066179513931
33,19,0.04571688920259476
33,20,0.05887776240706444
33,21,0.058132074773311615
33,22,0.07723481953144073
33,23,0.055125586688518524
33,24,0.049831636250019073
33,25,0.058897651731967926
33,26,0.0617121160030365
33,27,0.05736833065748215
33,28,0.05324676260352135
33,29,0.052897267043590546
33,30,0.061143677681684494
33,31,0.061187125742435455
33,32,0.05090291053056717
33,33,0.06129031255841255
33,34,0.06393387913703918
33,35,0.06498826295137405
33,36,0.05187378078699112
33,37,0.05002427473664284
33,38,0.049140363931655884
33,39,0.06860224902629852
33,40,0.05053311958909035
33,41,0.05253787711262703
33,42,0.054162368178367615
33,43,0.045649126172065735
33,44,0.059284962713718414
33,45,0.060382209718227386
33,46,0.0567643865942955
33,47,0.05236421525478363
33,48,0.053804896771907806
33,49,0.06264039874076843
33,50,0.059278588742017746
33,51,0.06039339303970337
33,52,0.05677557736635208
33,53,0.03942403197288513
33,54,0.054660819470882416
33,55,0.07309119403362274
33,56,0.05334658920764923
33,57,0.07459679245948792
33,58,0.06233924627304077
33,59,0.05631061643362045
33,60,0.05289364606142044
33,61,0.05169310420751572
33,62,0.05912705883383751
33,63,0.06864923238754272
33,64,0.053614720702171326
33,65,0.054508063942193985
33,66,0.05347656458616257
33,67,0.07130597531795502
33,68,0.049822643399238586
33,69,0.06440480053424835
33,70,0.045688167214393616
33,71,0.05864267796278
33,72,0.05168754607439041
33,73,0.0618351548910141
33,74,0.05522391200065613
33,75,0.049570608884096146
33,76,0.06253139674663544
34,1,0.06155430153012276
34,2,0.05350211262702942
34,3,0.0605863556265831
34,4,0.05979333817958832
34,5,0.0750478059053421
34,6,0.05103980377316475
34,7,0.04995178431272507
34,8,0.06175241246819496
34,9,0.06167769432067871
34,10,0.049395885318517685
34,11,0.052157118916511536
34,12,0.049931641668081284
34,13,0.06334888935089111
34,14,0.054157424718141556
34,15,0.06805253773927689
34,16,0.04937533289194107
34,17,0.05250273644924164
34,18,0.052366502583026886
34,19,0.054650817066431046
34,20,0.06197822839021683
34,21,0.05856585502624512
34,22,0.0466398149728775
34,23,0.05698434263467789
34,24,0.05015966668725014
34,25,0.04947297275066376
34,26,0.056290045380592346
34,27,0.06000155210494995
34,28,0.07318142801523209
34,29,0.08700389415025711
34,30,0.06463645398616791
34,31,0.05904043838381767
34,32,0.05760987102985382
34,33,0.054497942328453064
34,34,0.0656343474984169
34,35,0.05507201701402664
34,36,0.05976530909538269
34,37,0.053090281784534454
34,38,0.05570998042821884
34,39,0.07112307101488113
34,40,0.057999029755592346
34,41,0.05418449640274048
34,42,0.06500199437141418
34,43,0.060906536877155304
34,44,0.06433095037937164
34,45,0.06082429364323616
34,46,0.047490231692790985
34,47,0.0651361346244812
34,48,0.049353133887052536
34,49,0.04869938641786575
34,50,0.05490729957818985
34,51,0.06020280346274376
34,52,0.053955260664224625
34,53,0.05072998255491257
34,54,0.04890720546245575
34,55,0.058498259633779526
34,56,0.060729824006557465
34,57,0.047149382531642914
34,58,0.05564466491341591
34,59,0.06315843760967255
34,60,0.0612649992108345
34,61,0.059888869524002075
34,62,0.05555597320199013
34,63,0.049079254269599915
34,64,0.051214881241321564
34,65,0.05852435901761055
34,66,0.04454406350851059
34,67,0.05327373743057251
34,68,0.05133583024144173
34,69,0.04974278435111046
34,70,0.05307307839393616
34,71,0.05199258774518967
34,72,0.06816660612821579
34,73,0.05942077562212944
34,74,0.05022811517119408
34,75,0.05117056146264076
34,76,0.06602644175291061
35,1,0.0435185581445694
35,2,0.05534327030181885
35,3,0.06110188364982605
35,4,0.05660657212138176
35,5,0.0559566393494606
35,6,0.045863665640354156
35,7,0.05082174763083458
35,8,0.04687584191560745
35,9,0.05802343040704727
35,10,0.053097717463970184
35,11,0.058001559227705
35,12,0.05326858535408974
35,13,0.05524731054902077
35,14,0.06141931563615799
35,15,0.056675150990486145
35,16,0.05149995535612106
35,17,0.05834346264600754
35,18,0.05910046771168709
35,19,0.05212150514125824
35,20,0.05328349769115448
35,21,0.07445704191923141
35,22,0.055438101291656494
35,23,0.046472951769828796
35,24,0.057639289647340775
35,25,0.06903805583715439
35,26,0.061099909245967865
35,27,0.05111158639192581
35,28,0.060278214514255524
35,29,0.0571199432015419
35,30,0.04744367301464081
35,31,0.06010838598012924
35,32,0.05851894989609718
35,33,0.05468900501728058
35,34,0.05610964447259903
35,35,0.06707107275724411
35,36,0.06276237219572067
35,37,0.05906829982995987
35,38,0.06360434740781784
35,39,0.052316270768642426
35,40,0.05357563495635986
35,41,0.04810197651386261
35,42,0.0587412528693676
35,43,0.0656406506896019
35,44,0.05027729272842407
35,45,0.05913263186812401
35,46,0.06620743870735168
35,47,0.05287241190671921
35,48,0.06577986478805542
35,49,0.05918136239051819
35,50,0.05894603580236435
35,51,0.048879921436309814
35,52,0.05361129343509674
35,53,0.060590945184230804
35,54,0.05773935839533806
35,55,0.06317149847745895
35,56,0.06935633718967438
35,57,0.06074181944131851
35,58,0.06502863019704819
35,59,0.06090770661830902
35,60,0.050040438771247864
35,61,0.053997281938791275
35,62,0.04777493327856064
35,63,0.053585730493068695
35,64,0.05728592351078987
35,65,0.07571777701377869
35,66,0.06624909490346909
35,67,0.05730850249528885
35,68,0.05039435625076294
35,69,0.06066742539405823
35,70,0.052220433950424194
35,71,0.051828064024448395
35,72,0.05224871635437012
35,73,0.0656636506319046
35,74,0.05382218211889267
35,75,0.05837300047278404
35,76,0.0522301159799099
36,1,0.0638430267572403
36,2,0.04414455220103264
36,3,0.054201364517211914
36,4,0.060365766286849976
36,5,0.05877605080604553
36,6,0.046781424432992935
36,7,0.05469910055398941
36,8,0.057731106877326965
36,9,0.0512152761220932
36,10,0.048103295266628265
36,11,0.0723012164235115
36,12,0.04878764599561691
36,13,0.060969963669776917
36,14,0.04960361868143082
36,15,0.051629677414894104
36,16,0.06721906363964081
36,17,0.06118924915790558
36,18,0.047593601047992706
36,19,0.05010954290628433
36,20,0.05016346275806427
36,21,0.058858394622802734
36,22,0.0535145103931427
36,23,0.06603896617889404
36,24,0.06371685862541199
36,25,0.04858439415693283
36,26,0.05670494586229324
36,27,0.0468079075217247
36,28,0.05568639189004898
36,29,0.0529458150267601
36,30,0.07144588977098465
36,31,0.07668307423591614
36,32,0.06259570270776749
36,33,0.05731099098920822
36,34,0.062374185770750046
36,35,0.07621508836746216
36,36,0.0682084932923317
36,37,0.0532342791557312
36,38,0.056277453899383545
36,39,0.05255705118179321
36,40,0.055840037763118744
36,41,0.05236411839723587
36,42,0.04962055757641792
36,43,0.050520896911621094
36,44,0.06055624037981033
36,45,0.05414733663201332
36,46,0.049888670444488525
36,47,0.04972655698657036
36,48,0.05050848796963692
36,49,0.05168306455016136
36,50,0.060580458492040634
36,51,0.05098909139633179
36,52,0.05320492386817932
36,53,0.05599154904484749
36,54,0.051351338624954224
36,55,0.044691238552331924
36,56,0.05580499768257141
36,57,0.059110306203365326
36,58,0.05622313171625137
36,59,0.05249198526144028
36,60,0.05431545153260231
36,61,0.07862888276576996
36,62,0.06055920198559761
36,63,0.06080537661910057
36,64,0.0687599927186966
36,65,0.06459216773509979
36,66,0.05092746764421463
36,67,0.05725940316915512
36,68,0.07262725383043289
36,69,0.058985888957977295
36,70,0.080667644739151
36,71,0.05852077901363373
36,72,0.05657975375652313
36,73,0.06145954132080078
36,74,0.050745174288749695
36,75,0.05736278370022774
36,76,0.04453827813267708
37,1,0.06797275692224503
37,2,0.07489030063152313
37,3,0.07417578995227814
37,4,0.06891842186450958
37,5,0.05256659537553787
37,6,0.05789248272776604
37,7,0.05331627279520035
37,8,0.05585979297757149
37,9,0.059081993997097015
37,10,0.0607309490442276
37,11,0.05392497405409813
37,12,0.057936891913414
37,13,0.05271666496992111
37,14,0.04843796044588089
37,15,0.06064651533961296
37,16,0.0604851096868515
37,17,0.0498255230486393
37,18,0.053035952150821686
37,19,0.04750542342662811
37,20,0.06071756035089493
37,21,0.048469893634319305
37,22,0.05302360653877258
37,23,0.059850774705410004
37,24,0.062296152114868164
37,25,0.05736742913722992
37,26,0.05061156302690506
37,27,0.06769250333309174
37,28,0.05620838701725006
37,29,0.057559847831726074
37,30,0.05383191257715225
37,31,0.06748178601264954
37,32,0.05179779231548309
37,33,0.0603058785200119
37,34,0.07462569326162338
37,35,0.07055413722991943
37,36,0.05139412730932236
37,37,0.05166410654783249
37,38,0.05338235944509506
37,39,0.044556621462106705
37,40,0.05646320432424545
37,41,0.05172266811132431
37,42,0.06123919039964676
37,43,0.04997663199901581
37,44,0.055494215339422226
37,45,0.05516190826892853
37,46,0.05407636612653732
37,47,0.05997653305530548
37,48,0.0596781000494957
37,49,0.05243544280529022
37,50,0.05540267378091812
37,51,0.05195770412683487
37,52,0.041461873799562454
37,53,0.051799383014440536
37,54,0.040676604956388474
37,55,0.0503452867269516
37,56,0.05652038753032684
37,57,0.04605710506439209
37,58,0.06970633566379547
37,59,0.05704181641340256
37,60,0.04762719199061394
37,61,0.04540380835533142
37,62,0.0744936615228653
37,63,0.05553726851940155
37,64,0.06774933636188507
37,65,0.0556507483124733
37,66,0.05267161503434181
37,67,0.055615730583667755
37,68,0.05437658727169037
37,69,0.05590888112783432
37,70,0.04711450636386871
37,71,0.0729542002081871
37,72,0.05463678389787674
37,73,0.0608474500477314
37,74,0.05732734501361847
37,75,0.06329376995563507
37,76,0.05957727134227753
38,1,0.05238436162471771
38,2,0.056464921683073044
38,3,0.05660179629921913
38,4,0.0615680031478405
38,5,0.053700339049100876
38,6,0.0539381243288517
38,7,0.06464363634586334
38,8,0.053047891706228256
38,9,0.06904109567403793
38,10,0.05184115469455719
38,11,0.05182209610939026
38,12,0.06405989825725555
38,13,0.05721176415681839
38,14,0.05166154354810715
38,15,0.06287826597690582
38,16,0.05559323728084564
38,17,0.05690864473581314
38,18,0.05464550852775574
38,19,0.05348353832960129
38,20,0.05338866263628006
38,21,0.05245279520750046
38,22,0.05000153183937073
38,23,0.05708680301904678
38,24,0.06973574310541153
38,25,0.05631454288959503
38,26,0.053533412516117096
38,27,0.04688733071088791
38,28,0.06480535864830017
38,29,0.05550286918878555
38,30,0.04617386311292648
38,31,0.05509396269917488
38,32,0.05791698396205902
38,33,0.05962904542684555
38,34,0.05335429683327675
38,35,0.055334556847810745
38,36,0.05638884752988815
38,37,0.05696170777082443
38,38,0.05059858039021492
38,39,0.06430721282958984
38,40,0.05449485406279564
38,41,0.051937561482191086
38,42,0.0495578795671463
38,43,0.05467309430241585
38,44,0.06010937690734863
38,45,0.05385614186525345
38,46,0.04452447220683098
38,47,0.06811326742172241
38,48,0.06990955770015717
38,49,0.05240822583436966
38,50,0.055242981761693954
38,51,0.04930945113301277
38,52,0.047822728753089905
38,53,0.05128755420446396
38,54,0.056664034724235535
38,55,0.05438890680670738
38,56,0.05683565139770508
38,57,0.060372620820999146
38,58,0.04267614707350731
38,59,0.048371776938438416
38,60,0.04972050338983536
38,61,0.04675853252410889
38,62,0.05023125559091568
38,63,0.05883404240012169
38,64,0.06148865818977356
38,65,0.05296338349580765
38,66,0.05739548057317734
38,67,0.051822640001773834
38,68,0.05863955616950989
38,69,0.05806690454483032
38,70,0.059275466948747635
38,71,0.0519351065158844
38,72,0.05411271005868912
38,73,0.04662637412548065
38,74,0.055122435092926025
38,75,0.05656249821186066
38,76,0.05712399631738663
39,1,0.051784031093120575
39,2,0.05344943702220917
39,3,0.05225136876106262
39,4,0.04842155799269676
39,5,0.05049026757478714
39,6,0.04990224540233612
39,7,0.05947797745466232
39,8,0.05024784058332443
39,9,0.04499058425426483
39,10,0.06479397416114807
39,11,0.06051603704690933
39,12,0.059935614466667175
39,13,0.04910392314195633
39,14,0.05385918915271759
39,15,0.05177314579486847
39,16,0.06184004992246628
39,17,0.04780099540948868
39,18,0.048077382147312164
39,19,0.055318426340818405
39,20,0.05030050128698349
39,21,0.05307014286518097
39,22,0.055067598819732666
39,23,0.05209627375006676
39,24,0.058043163269758224
39,25,0.059475045651197433
39,26,0.048755645751953125
39,27,0.04545031487941742
39,28,0.04966107755899429
39,29,0.05240795016288757
39,30,0.046880293637514114
39,31,0.053757257759571075
39,32,0.05224411189556122
39,33,0.05056072771549225
39,34,0.05177410691976547
39,35,0.05620398372411728
39,36,0.04476863145828247
39,37,0.05306877940893173
39,38,0.049905434250831604
39,39,0.056123435497283936
39,40,0.0476342998445034
39,41,0.04728765785694122
39,42,0.044239774346351624
39,43,0.05186566710472107
39,44,0.05516766011714935
39,45,0.05435460805892944
39,46,0.04765044152736664
39,47,0.06595505774021149
39,48,0.05279434472322464
39,49,0.05122833698987961
39,50,0.04778188839554787
39,51,0.05862708017230034
39,52,0.054019004106521606
39,53,0.057165831327438354
39,54,0.047835491597652435
39,55,0.08332353085279465
39,56,0.05693385750055313
39,57,0.05757006257772446
39,58,0.0661780908703804
39,59,0.05772904306650162
39,60,0.046734511852264404
39,61,0.05277033895254135
39,62,0.07542305439710617
39,63,0.07343349605798721
39,64,0.05829116702079773
39,65,0.05412190780043602
39,66,0.05801387131214142
39,67,0.054820716381073
39,68,0.05184251442551613
39,69,0.053801000118255615
39,70,0.058633849024772644
39,71,0.057055823504924774
39,72,0.049772463738918304
39,73,0.059404969215393066
39,74,0.06572772562503815
39,75,0.05073457211256027
39,76,0.06432526558637619
40,1,0.05932378023862839
40,2,0.057811811566352844
40,3,0.05062219128012657
40,4,0.049852680414915085
40,5,0.05278128385543823
40,6,0.04841965436935425
40,7,0.05058284103870392
40,8,0.04918455705046654
40,9,0.048882197588682175
40,10,0.06160076707601547
40,11,0.05849126726388931
40,12,0.04785056412220001
40,13,0.054384101182222366
40,14,0.05698998272418976
40,15,0.04245798662304878
40,16,0.058127738535404205
40,17,0.05438933148980141
40,18,0.051557570695877075
40,19,0.048593658953905106
40,20,0.05986817553639412
40,21,0.055675484240055084
40,22,0.04783903807401657
40,23,0.05228232592344284
40,24,0.05216384679079056
40,25,0.04717104136943817
40,26,0.04952862113714218
40,27,0.0500384122133255
40,28,0.05192078277468681
40,29,0.05324430391192436
40,30,0.055499352514743805
40,31,0.06401577591896057
40,32,0.047474317252635956
40,33,0.053208619356155396
40,34,0.057014402002096176
40,35,0.04749514162540436
40,36,0.048579148948192596
40,37,0.05504981428384781
40,38,0.051518384367227554
40,39,0.06251181662082672
40,40,0.05324705317616463
40,41,0.05015242099761963
40,42,0.0632307156920433
40,43,0.04928794875741005
40,44,0.05418044328689575
40,45,0.04456499591469765
40,46,0.05832747370004654
40,47,0.04938655346632004
40,48,0.06915510445833206
40,49,0.052292350679636
40,50,0.050314366817474365
40,51,0.05303335189819336
40,52,0.05072766914963722
40,53,0.04973539710044861
40,54,0.0411982536315918
40,55,0.0617620050907135
40,56,0.05600868538022041
40,57,0.05016527324914932
40,58,0.05473466217517853
40,59,0.05328398197889328
40,60,0.05307909473776817
40,61,0.05305784195661545
40,62,0.049176424741744995
40,63,0.05891263857483864
40,64,0.06905223429203033
40,65,0.05161874368786812
40,66,0.050528571009635925
40,67,0.046931102871894836
40,68,0.05535497888922691
40,69,0.05736047774553299
40,70,0.065004862844944
40,71,0.05931997299194336
40,72,0.04850966855883598
40,73,0.048015695065259933
40,74,0.049007028341293335
40,75,0.049789994955062866
40,76,0.05160032585263252
41,1,0.05592953786253929
41,2,0.047746915370225906
41,3,0.050068534910678864
41,4,0.04668566212058067
41,5,0.06606566905975342
41,6,0.044608790427446365
41,7,0.05074155330657959
41,8,0.058493126183748245
41,9,0.049703262746334076
41,10,0.05263972282409668
41,11,0.05469166487455368
41,12,0.0633775070309639
41,13,0.04882949963212013
41,14,0.054065097123384476
41,15,0.052429985255002975
41,16,0.0605754628777504
41,17,0.0546959713101387
41,18,0.05136369913816452
41,19,0.06198994442820549
41,20,0.053356606513261795
41,21,0.0717802420258522
41,22,0.048461854457855225
41,23,0.05493810772895813
41,24,0.056923143565654755
41,25,0.05070152506232262
41,26,0.060301925987005234
41,27,0.05012983828783035
41,28,0.05198485404253006
41,29,0.05546228215098381
41,30,0.05708116292953491
41,31,0.052402056753635406
41,32,0.043628841638565063
41,33,0.053119558840990067
41,34,0.05390964075922966
41,35,0.06407824903726578
41,36,0.0553729422390461
41,37,0.05016866326332092
41,38,0.059934500604867935
41,39,0.050757795572280884
41,40,0.057440608739852905
41,41,0.07042304426431656
41,42,0.05200876295566559
41,43,0.04991795867681503
41,44,0.04990299791097641
41,45,0.05268250033259392
41,46,0.05203559249639511
41,47,0.051084429025650024
41,48,0.056345146149396896
41,49,0.06585432589054108
41,50,0.05504175275564194
41,51,0.05506250634789467
41,52,0.05502476915717125
41,53,0.04790950194001198
41,54,0.053619131445884705
41,55,0.0557146817445755
41,56,0.047105103731155396
41,57,0.04623691365122795
41,58,0.05393986776471138
41,59,0.0662892684340477
41,60,0.047524675726890564
41,61,0.05594511330127716
41,62,0.05817791447043419
41,63,0.054655395448207855
41,64,0.04986266791820526
41,65,0.04941427707672119
41,66,0.058283448219299316
41,67,0.055338673293590546
41,68,0.053425874561071396
41,69,0.057761721312999725
41,70,0.047567084431648254
41,71,0.05275585874915123
41,72,0.05547228083014488
41,73,0.05198417976498604
41,74,0.047582320868968964
41,75,0.04780558496713638
41,76,0.06564296782016754
42,1,0.05063939094543457
42,2,0.05168483406305313
42,3,0.05302485078573227
42,4,0.053621940314769745
42,5,0.04720049351453781
42,6,0.046556226909160614
42,7,0.06201733276247978
42,8,0.050419725477695465
42,9,0.05670251324772835
42,10,0.044429145753383636
42,11,0.04988832399249077
42,12,0.04937737435102463
42,13,0.05007636919617653
42,14,0.04974149912595749
42,15,0.054930418729782104
42,16,0.04823887720704079
42,17,0.045414093881845474
42,18,0.04669518023729324
42,19,0.04475422203540802
42,20,0.052292779088020325
42,21,0.05078936368227005
42,22,0.047202058136463165
42,23,0.0592058040201664
42,24,0.044708386063575745
42,25,0.04817763715982437
42,26,0.052083976566791534
42,27,0.04856595769524574
42,28,0.056994907557964325
42,29,0.05109994113445282
42,30,0.05604339763522148
42,31,0.05694220960140228
42,32,0.0483393557369709
42,33,0.04723577946424484
42,34,0.04893071576952934
42,35,0.05606686323881149
42,36,0.04157546907663345
42,37,0.04887543246150017
42,38,0.05264606326818466
42,39,0.05729355663061142
42,40,0.062220752239227295
42,41,0.05170999467372894
42,42,0.056040555238723755
42,43,0.04369707033038139
42,44,0.04754114896059036
42,45,0.05501224100589752
42,46,0.04439835250377655
42,47,0.044171229004859924
42,48,0.056460097432136536
42,49,0.04727954417467117
42,50,0.05139826238155365
42,51,0.04433179646730423
42,52,0.05689625442028046
42,53,0.049464382231235504
42,54,0.05008530989289284
42,55,0.051922332495450974
42,56,0.06728331744670868
42,57,0.053771987557411194
42,58,0.04989594221115112
42,59,0.05528280511498451
42,60,0.06011326611042023
42,61,0.04686645418405533
42,62,0.0517381988465786
42,63,0.06187237799167633
42,64,0.053875699639320374
42,65,0.04898533225059509
42,66,0.05244595929980278
42,67,0.05763322114944458
42,68,0.05573664605617523
42,69,0.05907408520579338
42,70,0.04933898150920868
42,71,0.054748039692640305
42,72,0.045708879828453064
42,73,0.04857619106769562
42,74,0.05207381024956703
42,75,0.05184306204319
42,76,0.055409424006938934
43,1,0.052713699638843536
43,2,0.052215851843357086
43,3,0.05580424889922142
43,4,0.0503787025809288
43,5,0.04869915917515755
43,6,0.05284862220287323
43,7,0.05372200161218643
43,8,0.05151953548192978
43,9,0.049654148519039154
43,10,0.06469294428825378
43,11,0.04942062124609947
43,12,0.04837706312537193
43,13,0.051422424614429474
43,14,0.050848543643951416
43,15,0.05554710701107979
43,16,0.05542735382914543
43,17,0.0579821951687336
43,18,0.06681884080171585
43,19,0.055993735790252686
43,20,0.05454830080270767
43,21,0.04549669474363327
43,22,0.04757063835859299
43,23,0.056095048785209656
43,24,0.05102085322141647
43,25,0.043770696967840195
43,26,0.056227460503578186
43,27,0.048582449555397034
43,28,0.05083475634455681
43,29,0.05637764930725098
43,30,0.046324633061885834
43,31,0.055566590279340744
43,32,0.04892227053642273
43,33,0.05142425373196602
43,34,0.04952157288789749
43,35,0.0445171557366848
43,36,0.0482945442199707
43,37,0.04490801319479942
43,38,0.058809440582990646
43,39,0.05107748508453369
43,40,0.06367754936218262
43,41,0.050910577178001404
43,42,0.051218803972005844
43,43,0.06228689104318619
43,44,0.06653236597776413
43,45,0.04845622181892395
43,46,0.0553160160779953
43,47,0.05287036672234535
43,48,0.04810545593500137
43,49,0.05436889827251434
43,50,0.04757912456989288
43,51,0.04972059279680252
43,52,0.05052737146615982
43,53,0.05058297887444496
43,54,0.045262791216373444
43,55,0.055068954825401306
43,56,0.05118484050035477
43,57,0.058028679341077805
43,58,0.05052998661994934
43,59,0.047152500599622726
43,60,0.046907372772693634
43,61,0.05567232146859169
43,62,0.06283896416425705
43,63,0.05458591505885124
43,64,0.04400657117366791
43,65,0.04362807795405388
43,66,0.048783063888549805
43,67,0.05289563536643982
43,68,0.06225153058767319
43,69,0.05490090698003769
43,70,0.05065220221877098
43,71,0.04552072286605835
43,72,0.05839582532644272
43,73,0.06299137324094772
43,74,0.06551524996757507
43,75,0.04498494416475296
43,76,0.04971420019865036
44,1,0.05667183920741081
44,2,0.047234222292900085
44,3,0.058809347450733185
44,4,0.055806804448366165
44,5,0.05617848411202431
44,6,0.06242639198899269
44,7,0.04840494692325592
44,8,0.055868059396743774
44,9,0.04534142464399338
44,10,0.050159938633441925
44,11,0.059859760105609894
44,12,0.05671923607587814
44,13,0.04925774782896042
44,14,0.060175471007823944
44,15,0.0547625906765461
44,16,0.05252799391746521
44,17,0.05089378356933594
44,18,0.044644348323345184
44,19,0.05343486741185188
44,20,0.05201214179396629
44,21,0.046980664134025574
44,22,0.049009982496500015
44,23,0.058388691395521164
44,24,0.04728997126221657
44,25,0.05522705614566803
44,26,0.05230357497930527
44,27,0.04794822633266449
44,28,0.06127535179257393
44,29,0.04863011837005615
44,30,0.06328772008419037
44,31,0.05130113661289215
44,32,0.06009591370820999
44,33,0.057561252266168594
44,34,0.05581822991371155
44,35,0.05070944130420685
44,36,0.056974902749061584
44,37,0.0521676167845726
44,38,0.05057619512081146
44,39,0.052018482238054276
44,40,0.07173158973455429
44,41,0.048402197659015656
44,42,0.04753516986966133
44,43,0.05856591835618019
44,44,0.05109772831201553
44,45,0.06182446330785751
44,46,0.051712505519390106
44,47,0.04896261915564537
44,48,0.052176326513290405
44,49,0.05514942854642868
44,50,0.051367975771427155
44,51,0.05541285499930382
44,52,0.0523885153234005
44,53,0.04963162541389465
44,54,0.057837262749671936
44,55,0.051881905645132065
44,56,0.059778716415166855
44,57,0.045246049761772156
44,58,0.048026420176029205
44,59,0.047212619334459305
44,60,0.048430897295475006
44,61,0.04936521500349045
44,62,0.05108121037483215
44,63,0.048819560557603836
44,64,0.05170951038599014
44,65,0.04816034436225891
44,66,0.05428294837474823
44,67,0.05753964185714722
44,68,0.04471343383193016
44,69,0.049174413084983826
44,70,0.04757237061858177
44,71,0.04627261310815811
44,72,0.056925877928733826
44,73,0.054839882999658585
44,74,0.04926915839314461
44,75,0.054185476154088974
44,76,0.050848692655563354
45,1,0.053371623158454895
45,2,0.043790459632873535
45,3,0.05083456635475159
45,4,0.05718375742435455
45,5,0.05153307691216469
45,6,0.05797186866402626
45,7,0.049661122262477875
45,8,0.03905009105801582
45,9,0.0616280660033226
45,10,0.069011390209198
45,11,0.05791398137807846
45,12,0.05696611478924751
45,13,0.060775026679039
45,14,0.05429419130086899
45,15,0.04836295545101166
45,16,0.044674549251794815
45,17,0.06325160712003708
45,18,0.04500811547040939
45,19,0.04944278299808502
45,20,0.05432768166065216
45,21,0.05079973489046097
45,22,0.05343913286924362
45,23,0.06116173788905144
45,24,0.06571297347545624
45,25,0.06123846024274826
45,26,0.05414696782827377
45,27,0.05203547328710556
45,28,0.05348099023103714
45,29,0.04861459881067276
45,30,0.05451446771621704
45,31,0.05808577686548233
45,32,0.05382654070854187
45,33,0.06261128932237625
45,34,0.049365267157554626
45,35,0.05858398973941803
45,36,0.06530625373125076
45,37,0.05727783590555191
45,38,0.05321763455867767
45,39,0.0663326159119606
45,40,0.05160154402256012
45,41,0.05349439010024071
45,42,0.055100418627262115
45,43,0.053971074521541595
45,44,0.05514770746231079
45,45,0.05705053359270096
45,46,0.050838470458984375
45,47,0.04874104633927345
45,48,0.05787845700979233
45,49,0.051034145057201385
45,50,0.05757121741771698
45,51,0.05491310730576515
45,52,0.049118783324956894
45,53,0.044280435889959335
45,54,0.057958707213401794
45,55,0.04686741903424263
45,56,0.0506068617105484
45,57,0.04620583727955818
45,58,0.06883296370506287
45,59,0.04305494576692581
45,60,0.05195855349302292
45,61,0.05051714554429054
45,62,0.04218568280339241
45,63,0.05161147564649582
45,64,0.04748820513486862
45,65,0.05003572627902031
45,66,0.04955354705452919
45,67,0.0507526658475399
45,68,0.05202530324459076
45,69,0.04773377254605293
45,70,0.04718121886253357
45,71,0.05383552610874176
45,72,0.0429789200425148
45,73,0.05399039387702942
45,74,0.057961784303188324
45,75,0.05043774098157883
45,76,0.05347581207752228
46,1,0.049288392066955566
46,2,0.04961974173784256
46,3,0.05212674289941788
46,4,0.049303680658340454
46,5,0.04919460415840149
46,6,0.05083582550287247
46,7,0.052289221435785294
46,8,0.05323103815317154
46,9,0.04649863392114639
46,10,0.0591110959649086
46,11,0.047183580696582794
46,12,0.04586628079414368
46,13,0.0469001829624176
46,14,0.044794961810112
46,15,0.04566124826669693
46,16,0.04753967374563217
46,17,0.047922879457473755
46,18,0.06116273254156113
46,19,0.04733680188655853
46,20,0.05831856280565262
46,21,0.060938384383916855
46,22,0.04532362148165703
46,23,0.04846525192260742
46,24,0.04835342615842819
46,25,0.06091945618391037
46,26,0.042807236313819885
46,27,0.05438937619328499
46,28,0.051330577582120895
46,29,0.05138976126909256
46,30,0.05125049501657486
46,31,0.04750240594148636
46,32,0.042494580149650574
46,33,0.04985763132572174
46,34,0.05482621118426323
46,35,0.04384329915046692
46,36,0.05507638305425644
46,37,0.04535217583179474
46,38,0.052565790712833405
46,39,0.043768562376499176
46,40,0.0561748668551445
46,41,0.049788471311330795
46,42,0.04546857252717018
46,43,0.05145437270402908
46,44,0.056477807462215424
46,45,0.051988132297992706
46,46,0.04450716823339462
46,47,0.05008125305175781
46,48,0.0589875727891922
46,49,0.06624636054039001
46,50,0.054656028747558594
46,51,0.04929446801543236
46,52,0.047271840274333954
46,53,0.04863996058702469
46,54,0.05165541172027588
46,55,0.05163431167602539
46,56,0.051060937345027924
46,57,0.04495291784405708
46,58,0.04683069512248039
46,59,0.04880249500274658
46,60,0.06432726979255676
46,61,0.046340540051460266
46,62,0.05104510486125946
46,63,0.04665694013237953
46,64,0.052462562918663025
46,65,0.045507654547691345
46,66,0.053526297211647034
46,67,0.045301273465156555
46,68,0.050247885286808014
46,69,0.05631205439567566
46,70,0.06660860031843185
46,71,0.05316673591732979
46,72,0.04196017235517502
46,73,0.06522327661514282
46,74,0.049990251660346985
46,75,0.0539037249982357
46,76,0.0418890155851841
47,1,0.052081942558288574
47,2,0.05056070163846016
47,3,0.05037449300289154
47,4,0.04804661497473717
47,5,0.055809736251831055
47,6,0.053094908595085144
47,7,0.05220336467027664
47,8,0.0612376444041729
47,9,0.048883892595767975
47,10,0.05712582916021347
47,11,0.059137143194675446
47,12,0.05238695815205574
47,13,0.05780733376741409
47,14,0.05694112926721573
47,15,0.05995456129312515
47,16,0.051663778722286224
47,17,0.05251295864582062
47,18,0.04553384333848953
47,19,0.048786163330078125
47,20,0.04903304576873779
47,21,0.052153319120407104
47,22,0.049849383533000946
47,23,0.04396452382206917
47,24,0.05609514191746712
47,25,0.05815137177705765
47,26,0.05128881335258484
47,27,0.052692949771881104
47,28,0.05514714866876602
47,29,0.05421200022101402
47,30,0.051629260182380676
47,31,0.050297100096940994
47,32,0.05609884858131409
47,33,0.051008693873882294
47,34,0.05551992356777191
47,35,0.054772406816482544
47,36,0.05490511655807495
47,37,0.04127679765224457
47,38,0.04645604267716408
47,39,0.05008639022707939
47,40,0.06863652169704437
47,41,0.051326341927051544
47,42,0.04887743666768074
47,43,0.04903314262628555
47,44,0.051735371351242065
47,45,0.04446837306022644
47,46,0.0429890900850296
47,47,0.04735035449266434
47,48,0.04720371961593628
47,49,0.060127124190330505
47,50,0.05035614222288132
47,51,0.0507841482758522
47,52,0.05292174592614174
47,53,0.08582822978496552
47,54,0.04110749065876007
47,55,0.05552113801240921
47,56,0.05110854655504227
47,57,0.0488600954413414
47,58,0.04574918746948242
47,59,0.046394288539886475
47,60,0.04321790114045143
47,61,0.049019407480955124
47,62,0.05232711136341095
47,63,0.05193242430686951
47,64,0.05149310082197189
47,65,0.05112292990088463
47,66,0.046767085790634155
47,67,0.05202396586537361
47,68,0.04927205294370651
47,69,0.04978810250759125
47,70,0.04238821566104889
47,71,0.04724275320768356
47,72,0.051890790462493896
47,73,0.047077760100364685
47,74,0.044441964477300644
47,75,0.04939117655158043
47,76,0.04406266659498215
48,1,0.048403769731521606
48,2,0.04580874741077423
48,3,0.049310218542814255
48,4,0.05760663375258446
48,5,0.05813444033265114
48,6,0.04868290573358536
48,7,0.04508953541517258
48,8,0.053712885826826096
48,9,0.05676930397748947
48,10,0.047891855239868164
48,11,0.06057719141244888
48,12,0.05143958330154419
48,13,0.051120221614837646
48,14,0.04686574265360832
48,15,0.051321711391210556
48,16,0.05033406987786293
48,17,0.054631587117910385
48,18,0.05544677749276161
48,19,0.04975447803735733
48,20,0.07265840470790863
48,21,0.047656431794166565
48,22,0.055740080773830414
48,23,0.05173804238438606
48,24,0.04556332528591156
48,25,0.05546776205301285
48,26,0.0663844645023346
48,27,0.056683048605918884
48,28,0.04637380689382553
48,29,0.048328012228012085
48,30,0.04107806459069252
48,31,0.04684402793645859
48,32,0.04696289449930191
48,33,0.06632571667432785
48,34,0.047950729727745056
48,35,0.05295416712760925
48,36,0.0476856455206871
48,37,0.04517965018749237
48,38,0.05206292122602463
48,39,0.05161653459072113
48,40,0.058394405990839005
48,41,0.05074949562549591
48,42,0.05620697885751724
48,43,0.0570354163646698
48,44,0.05924826115369797
48,45,0.04746321961283684
48,46,0.050397422164678574
48,47,0.05100042000412941
48,48,0.0558609813451767
48,49,0.043192308396101
48,50,0.04625552147626877
48,51,0.05102091282606125
48,52,0.05482933297753334
48,53,0.05455806106328964
48,54,0.05790557712316513
48,55,0.04681511968374252
48,56,0.046832725405693054
48,57,0.053912825882434845
48,58,0.04818415269255638
48,59,0.0519980825483799
48,60,0.05478915944695473
48,61,0.052746787667274475
48,62,0.040735580027103424
48,63,0.04335228353738785
48,64,0.0456872284412384
48,65,0.05456605553627014
48,66,0.046269506216049194
48,67,0.05304180085659027
48,68,0.05175596848130226
48,69,0.05465858802199364
48,70,0.05006026104092598
48,71,0.055207062512636185
48,72,0.05167476087808609
48,73,0.05226887762546539
48,74,0.051616109907627106
48,75,0.04793686047196388
48,76,0.06076383590698242
49,1,0.05558040738105774
49,2,0.052694473415613174
49,3,0.05607810989022255
49,4,0.04683392867445946
49,5,0.05337430536746979
49,6,0.04822535812854767
49,7,0.043855998665094376
49,8,0.04819934815168381
49,9,0.045470163226127625
49,10,0.04666715860366821
49,11,0.053750596940517426
49,12,0.04827624559402466
49,13,0.040323756635189056
49,14,0.052845291793346405
49,15,0.044603120535612106
49,16,0.043797753751277924
49,17,0.04867001622915268
49,18,0.0465766116976738
49,19,0.05522557348012924
49,20,0.045142851769924164
49,21,0.06250190734863281
49,22,0.045361049473285675
49,23,0.05480445548892021
49,24,0.04841103404760361
49,25,0.058075495064258575
49,26,0.05410431697964668
49,27,0.0495474636554718
49,28,0.04811948910355568
49,29,0.05302827060222626
49,30,0.05288223922252655
49,31,0.047013070434331894
49,32,0.05088268965482712
49,33,0.04200021177530289
49,34,0.0528859943151474
49,35,0.047694191336631775
49,36,0.04930116981267929
49,37,0.05333596467971802
49,38,0.045168377459049225
49,39,0.055973492562770844
49,40,0.044356148689985275
49,41,0.04639093577861786
49,42,0.05230085551738739
49,43,0.057569488883018494
49,44,0.04950686916708946
49,45,0.07087644189596176
49,46,0.03918867185711861
49,47,0.048364318907260895
49,48,0.04952595755457878
49,49,0.046115659177303314
49,50,0.04497399553656578
49,51,0.0646338164806366
49,52,0.04282825440168381
49,53,0.05000930279493332
49,54,0.04537767171859741
49,55,0.04441928118467331
49,56,0.05306200683116913
49,57,0.05572197586297989
49,58,0.044947147369384766
49,59,0.04815322905778885
49,60,0.04157135635614395
49,61,0.05439405143260956
49,62,0.05208512768149376
49,63,0.048671554774045944
49,64,0.04627538472414017
49,65,0.055991921573877335
49,66,0.04893264174461365
49,67,0.04937538504600525
49,68,0.044148728251457214
49,69,0.05067616328597069
49,70,0.05761898308992386
49,71,0.06061486899852753
49,72,0.04724844917654991
49,73,0.049882203340530396
49,74,0.04975961521267891
49,75,0.04928653687238693
49,76,0.055421896278858185
50,1,0.050471775233745575
50,2,0.05151982605457306
50,3,0.0495380237698555
50,4,0.05869431421160698
50,5,0.04782961681485176
50,6,0.050944194197654724
50,7,0.053227633237838745
50,8,0.04770127683877945
50,9,0.04208992049098015
50,10,0.048302631825208664
50,11,0.056997932493686676
50,12,0.04798875004053116
50,13,0.05126827955245972
50,14,0.04782155156135559
50,15,0.0522756427526474
50,16,0.0459180623292923
50,17,0.04788292571902275
50,18,0.05428174138069153
50,19,0.05144052952528
50,20,0.057897455990314484
50,21,0.04667411372065544
50,22,0.04235159605741501
50,23,0.05011218786239624
50,24,0.05519137531518936
50,25,0.05831187963485718
50,26,0.04656679555773735
50,27,0.04820794239640236
50,28,0.043849408626556396
50,29,0.05811411514878273
50,30,0.04427133873105049
50,31,0.05491677299141884
50,32,0.0631835013628006
50,33,0.04933873564004898
50,34,0.04882290959358215
50,35,0.05954896658658981
50,36,0.04650155454874039
50,37,0.044029317796230316
50,38,0.04366043955087662
50,39,0.058903031051158905
50,40,0.05540218949317932
50,41,0.04469287768006325
50,42,0.04684450477361679
50,43,0.047639794647693634
50,44,0.04726588726043701
50,45,0.05031456798315048
50,46,0.056645870208740234
50,47,0.048187028616666794
50,48,0.054281286895275116
50,49,0.053095556795597076
50,50,0.049861639738082886
50,51,0.050004586577415466
50,52,0.05898414924740791
50,53,0.05231991037726402
50,54,0.04995223134756088
50,55,0.05124405026435852
50,56,0.039422374218702316
50,57,0.04168375954031944
50,58,0.04672843962907791
50,59,0.04556344449520111
50,60,0.04518595710396767
50,61,0.05467876419425011
50,62,0.055795975029468536
50,63,0.043569162487983704
50,64,0.04707290232181549
50,65,0.07947055995464325
50,66,0.047002606093883514
50,67,0.04797537624835968
50,68,0.04388207569718361
50,69,0.053608059883117676
50,70,0.04447731003165245
50,71,0.053859204053878784
50,72,0.06169627979397774
50,73,0.0519239567220211
50,74,0.05611681938171387
50,75,0.0506550595164299
50,76,0.053220607340335846
