epoch,step,loss
1,1,1.921346664428711
1,2,1.430908203125
1,3,1.0779895782470703
1,4,0.8256016969680786
1,5,0.7041731476783752
1,6,0.7342652678489685
2,1,0.5960989594459534
2,2,0.5076415538787842
2,3,0.5532200932502747
2,4,0.4417312741279602
2,5,0.620201826095581
3,1,0.4407781958580017
3,2,0.4296875
3,3,0.4421713054180145
3,4,0.5323808193206787
3,5,0.4049544334411621
4,1,0.4132819175720215
4,2,0.36828523874282837
4,3,0.36678317189216614
4,4,0.34889623522758484
4,5,0.4730849862098694
5,1,0.4348166286945343
5,2,0.3135157823562622
5,3,0.3813435137271881
5,4,0.29287785291671753
5,5,0.2870803773403168
6,1,0.3321724534034729
6,2,0.2667219638824463
6,3,0.28915852308273315
6,4,0.289367139339447
6,5,0.3190003037452698
7,1,0.2536742091178894
7,2,0.25817039608955383
7,3,0.29484453797340393
7,4,0.3220353126525879
7,5,0.24706541001796722
8,1,0.2291153073310852
8,2,0.2106727808713913
8,3,0.2610500156879425
8,4,0.24817246198654175
8,5,0.20490765571594238
9,1,0.20308765769004822
9,2,0.2284494936466217
9,3,0.19527804851531982
9,4,0.2305116057395935
9,5,0.22245247662067413
10,1,0.15653231739997864
10,2,0.13360613584518433
10,3,0.1782774031162262
10,4,0.22474566102027893
10,5,0.18465083837509155
11,1,0.18593716621398926
11,2,0.181680366396904
11,3,0.1535375714302063
11,4,0.11346036195755005
11,5,0.16578848659992218
12,1,0.1502716988325119
12,2,0.15205451846122742
12,3,0.15352904796600342
12,4,0.10763213038444519
12,5,0.1343517303466797
13,1,0.1353396475315094
13,2,0.15639501810073853
13,3,0.09399065375328064
13,4,0.19205451011657715
13,5,0.09779899567365646
14,1,0.10903140902519226
14,2,0.13357332348823547
14,3,0.11607436090707779
14,4,0.13083691895008087
14,5,0.08842878043651581
15,1,0.0725618451833725
15,2,0.18587547540664673
15,3,0.11564701795578003
15,4,0.10890788584947586
15,5,0.11538856476545334
16,1,0.07415509968996048
16,2,0.10381941497325897
16,3,0.06940252333879471
16,4,0.11205153167247772
16,5,0.10356122255325317
17,1,0.0730123519897461
17,2,0.10626508295536041
17,3,0.0897611752152443
17,4,0.11448760330677032
17,5,0.0632684975862503
18,1,0.06341708451509476
18,2,0.10511234402656555
18,3,0.048954226076602936
18,4,0.07750263810157776
18,5,0.03562425822019577
19,1,0.07169625908136368
19,2,0.06437540054321289
19,3,0.05127570033073425
19,4,0.06580638140439987
19,5,0.13294152915477753
20,1,0.06352661550045013
20,2,0.037963878363370895
20,3,0.09628667682409286
20,4,0.11186400800943375
20,5,0.06983502209186554
21,1,0.025670044124126434
21,2,0.04310286045074463
21,3,0.031180858612060547
21,4,0.07625161111354828
21,5,0.04106622189283371
22,1,0.06094038859009743
22,2,0.05580153316259384
22,3,0.05104280263185501
22,4,0.14811596274375916
22,5,0.0573052242398262
23,1,0.056983791291713715
23,2,0.09424625337123871
23,3,0.06451870501041412
23,4,0.07342002540826797
23,5,0.03565103933215141
24,1,0.04829368740320206
24,2,0.09239917993545532
24,3,0.0422256663441658
24,4,0.054504863917827606
24,5,0.08679874986410141
25,1,0.03555618226528168
25,2,0.03681561350822449
25,3,0.02902093529701233
25,4,0.03929535672068596
25,5,0.07598021626472473
26,1,0.054633837193250656
26,2,0.06564395129680634
26,3,0.02798059955239296
26,4,0.06503485888242722
26,5,0.03632853180170059
27,1,0.03389549255371094
27,2,0.043626569211483
27,3,0.024117514491081238
27,4,0.037198737263679504
27,5,0.03682393580675125
28,1,0.023559726774692535
28,2,0.04030851647257805
28,3,0.028455909341573715
28,4,0.024461934342980385
28,5,0.012082208879292011
29,1,0.05221553146839142
29,2,0.025164131075143814
29,3,0.022930605337023735
29,4,0.03724922239780426
29,5,0.04004109650850296
30,1,0.09514418989419937
30,2,0.01966588757932186
30,3,0.043067824095487595
30,4,0.012631528079509735
30,5,0.015869319438934326
31,1,0.042482756078243256
31,2,0.018012305721640587
31,3,0.036810584366321564
31,4,0.03311576694250107
31,5,0.013014744967222214
32,1,0.11816233396530151
32,2,0.023445136845111847
32,3,0.037805669009685516
32,4,0.017124412581324577
32,5,0.02231552265584469
33,1,0.04318328946828842
33,2,0.048566438257694244
33,3,0.02438432350754738
33,4,0.017508015036582947
33,5,0.011758526787161827
34,1,0.08315885066986084
34,2,0.009217849932610989
34,3,0.008646839298307896
34,4,0.011701222509145737
34,5,0.08650300651788712
35,1,0.007384158205240965
35,2,0.024440903216600418
35,3,0.012951006181538105
35,4,0.0172122810035944
35,5,0.025817692279815674
36,1,0.05982895940542221
36,2,0.023192327469587326
36,3,0.09295579791069031
36,4,0.005831220652908087
36,5,0.07678830623626709
37,1,0.018040623515844345
37,2,0.006185371428728104
37,3,0.013641620986163616
37,4,0.051543720066547394
37,5,0.020032741129398346
38,1,0.015530764125287533
38,2,0.014803001657128334
38,3,0.011897295713424683
38,4,0.023362262174487114
38,5,0.013166729360818863
39,1,0.01878097653388977
39,2,0.08589150756597519
39,3,0.017136914655566216
39,4,0.009999535977840424
39,5,0.031504712998867035
40,1,0.008432986214756966
40,2,0.016786634922027588
40,3,0.04257582873106003
40,4,0.025782600045204163
40,5,0.009591365233063698
41,1,0.02428959123790264
41,2,0.008361493237316608
41,3,0.04927210509777069
41,4,0.010371332988142967
41,5,0.006938181817531586
42,1,0.009446414187550545
42,2,0.010543967597186565
42,3,0.010764941573143005
42,4,0.00802670419216156
42,5,0.025915663689374924
43,1,0.010183779522776604
43,2,0.007679707836359739
43,3,0.020171336829662323
43,4,0.006919534411281347
43,5,0.0055124531500041485
44,1,0.03225702792406082
44,2,0.017251314595341682
44,3,0.03004232607781887
44,4,0.008819667622447014
44,5,0.047477494925260544
45,1,0.015025355853140354
45,2,0.019047483801841736
45,3,0.0818585529923439
45,4,0.013502232730388641
45,5,0.05183935537934303
46,1,0.03630015254020691
46,2,0.031944938004016876
46,3,0.05557135492563248
46,4,0.01380767859518528
46,5,0.01772623136639595
47,1,0.006329662166535854
47,2,0.007571750320494175
47,3,0.01629861816763878
47,4,0.029651552438735962
47,5,0.006750407628715038
48,1,0.0060525014996528625
48,2,0.024165162816643715
48,3,0.014058420434594154
48,4,0.009319301694631577
48,5,0.01572304032742977
49,1,0.03551285341382027
49,2,0.007326867897063494
49,3,0.038398902863264084
49,4,0.008542245253920555
49,5,0.01712746173143387
50,1,0.020737424492836
50,2,0.007178201340138912
50,3,0.02843797206878662
50,4,0.014830435626208782
50,5,0.008384181186556816
51,1,0.014519019052386284
51,2,0.06138933077454567
51,3,0.02144569158554077
51,4,0.008519677445292473
51,5,0.03342689201235771
52,1,0.009223073720932007
52,2,0.026792822405695915
52,3,0.018990356475114822
52,4,0.004299400374293327
52,5,0.007392625790089369
53,1,0.015795089304447174
53,2,0.01624199189245701
53,3,0.0659550204873085
53,4,0.0666046142578125
53,5,0.011190738528966904
54,1,0.0030866600573062897
54,2,0.0057885609567165375
54,3,0.06552097201347351
54,4,0.043517958372831345
54,5,0.045187875628471375
55,1,0.14073115587234497
55,2,0.051014240831136703
55,3,0.00788300484418869
55,4,0.06253722310066223
55,5,0.022727476432919502
56,1,0.003992112819105387
56,2,0.014197899028658867
56,3,0.01822666823863983
56,4,0.005164706148207188
56,5,0.022046949714422226
57,1,0.028316643089056015
57,2,0.10978633165359497
57,3,0.007566177286207676
57,4,0.06770093739032745
57,5,0.036643147468566895
58,1,0.011916440911591053
58,2,0.004171715583652258
58,3,0.0030264793895184994
58,4,0.07187657058238983
58,5,0.004643084481358528
59,1,0.02308817207813263
59,2,0.01660452038049698
59,3,0.00587061233818531
59,4,0.05166510120034218
59,5,0.021077368408441544
60,1,0.01733100786805153
60,2,0.01743122935295105
60,3,0.03529682755470276
60,4,0.0870060920715332
60,5,0.053081948310136795
61,1,0.025966588407754898
61,2,0.002316427417099476
61,3,0.015044735744595528
61,4,0.03894218057394028
61,5,0.05538986995816231
62,1,0.0051886048167943954
62,2,0.018873078748583794
62,3,0.018805939704179764
62,4,0.010561374947428703
62,5,0.021329596638679504
63,1,0.008783492259681225
63,2,0.008179675787687302
63,3,0.009423372335731983
63,4,0.006075814366340637
63,5,0.020335229113698006
64,1,0.03573042154312134
64,2,0.016376551240682602
64,3,0.019066521897912025
64,4,0.011027967557311058
64,5,0.011562036350369453
65,1,0.007575335446745157
65,2,0.045223020017147064
65,3,0.017295239493250847
65,4,0.007044065743684769
65,5,0.002537572756409645
66,1,0.018057001754641533
66,2,0.0030564074404537678
66,3,0.06876114010810852
66,4,0.010510764084756374
66,5,0.021146755665540695
67,1,0.004040309693664312
67,2,0.004419746343046427
67,3,0.003927026875317097
67,4,0.005893132649362087
67,5,0.019277522340416908
68,1,0.030387870967388153
68,2,0.017086999490857124
68,3,0.0052243429236114025
68,4,0.05535407364368439
68,5,0.01922193355858326
69,1,0.02529176138341427
69,2,0.010388804599642754
69,3,0.020403306931257248
69,4,0.009920172393321991
69,5,0.01540890708565712
70,1,0.006533920299261808
70,2,0.0426495186984539
70,3,0.004447259474545717
70,4,0.044737204909324646
70,5,0.00362878805026412
71,1,0.009075934067368507
71,2,0.008645334281027317
71,3,0.011720608919858932
71,4,0.006468533538281918
71,5,0.009234678000211716
72,1,0.005485798232257366
72,2,0.0020493543706834316
72,3,0.0632062554359436
72,4,0.008344762027263641
72,5,0.006380749866366386
73,1,0.005525236949324608
73,2,0.035420868545770645
73,3,0.016921114176511765
73,4,0.007253482937812805
73,5,0.006298807915300131
74,1,0.021861763671040535
74,2,0.0030488623306155205
74,3,0.032067976891994476
74,4,0.023122821003198624
74,5,0.03277222812175751
75,1,0.004609786905348301
75,2,0.006171459797769785
75,3,0.01631203107535839
75,4,0.003596013877540827
75,5,0.039884041994810104
76,1,0.016025591641664505
76,2,0.0039330534636974335
76,3,0.02935095503926277
76,4,0.008148263208568096
76,5,0.005471991840749979
77,1,0.006607333198189735
77,2,0.005496819503605366
77,3,0.01707332208752632
77,4,0.0033772210590541363
77,5,0.02439715899527073
78,1,0.002425543498247862
78,2,0.005474827252328396
78,3,0.11971516907215118
78,4,0.010492347180843353
78,5,0.00673713581636548
79,1,0.004314676858484745
79,2,0.04480275511741638
79,3,0.12193343788385391
79,4,0.00860859639942646
79,5,0.04355739802122116
80,1,0.055155761539936066
80,2,0.0070973532274365425
80,3,0.01795336976647377
80,4,0.038614992052316666
80,5,0.013902196660637856
81,1,0.010023102164268494
81,2,0.07780775427818298
81,3,0.007376577705144882
81,4,0.01080821081995964
81,5,0.003386666066944599
82,1,0.02469899319112301
82,2,0.006354970391839743
82,3,0.01242610439658165
82,4,0.01981593295931816
82,5,0.013699068687856197
83,1,0.002528437413275242
83,2,0.015205081552267075
83,3,0.0042518023401498795
83,4,0.006575950421392918
83,5,0.023120421916246414
84,1,0.006329901982098818
84,2,0.015973109751939774
84,3,0.02674654684960842
84,4,0.010476430878043175
84,5,0.05462376028299332
85,1,0.004132489673793316
85,2,0.013784411363303661
85,3,0.00461157551035285
85,4,0.005576376803219318
85,5,0.04175565019249916
86,1,0.029941966757178307
86,2,0.05943266674876213
86,3,0.00863990094512701
86,4,0.01919238641858101
86,5,0.0462532639503479
87,1,0.03403874859213829
87,2,0.01720387116074562
87,3,0.005929229781031609
87,4,0.0030077528208494186
87,5,0.01296248473227024
88,1,0.0065121580846607685
88,2,0.010590985417366028
88,3,0.02607281133532524
88,4,0.009071066044270992
88,5,0.002661154605448246
89,1,0.025106113404035568
89,2,0.006810803432017565
89,3,0.010711712762713432
89,4,0.00402951892465353
89,5,0.023474274203181267
90,1,0.0367918387055397
90,2,0.007836456410586834
90,3,0.024831498041749
90,4,0.009682275354862213
90,5,0.016493581235408783
91,1,0.005010904278606176
91,2,0.03116454929113388
91,3,0.04745681583881378
91,4,0.00486160721629858
91,5,0.010718580335378647
92,1,0.004428068641573191
92,2,0.009376523084938526
92,3,0.002736519556492567
92,4,0.005632045678794384
92,5,0.037623655050992966
93,1,0.009307807311415672
93,2,0.031050510704517365
93,3,0.034621745347976685
93,4,0.0535762757062912
93,5,0.009810357354581356
94,1,0.01426385622471571
94,2,0.010472958907485008
94,3,0.00766852218657732
94,4,0.008870411664247513
94,5,0.005906717851758003
95,1,0.00732136145234108
95,2,0.003305868711322546
95,3,0.003611395601183176
95,4,0.005369758233428001
95,5,0.0053445021621882915
96,1,0.0051432400941848755
96,2,0.06197942793369293
96,3,0.004454334266483784
96,4,0.043951984494924545
96,5,0.029189927503466606
97,1,0.0030834204517304897
97,2,0.012105826288461685
97,3,0.0029350919649004936
97,4,0.0016725710593163967
97,5,0.014527471736073494
98,1,0.014600337482988834
98,2,0.005946884397417307
98,3,0.00843867752701044
98,4,0.011642972938716412
98,5,0.06768989562988281
99,1,0.03422853350639343
99,2,0.010441519320011139
99,3,0.01613721437752247
99,4,0.0026648533530533314
99,5,0.004613370168954134
100,1,0.009509832598268986
100,2,0.03386152908205986
100,3,0.003514212090522051
100,4,0.048048846423625946
100,5,0.005079139489680529
