epoch,step,loss
1,1,1.7275569438934326
1,2,1.663620114326477
1,3,1.6168975830078125
1,4,1.5593688488006592
1,5,1.5285017490386963
1,6,1.4941998720169067
1,7,1.4660909175872803
1,8,1.4370384216308594
1,9,1.4122035503387451
1,10,1.394376277923584
1,11,1.3659865856170654
1,12,1.341914415359497
1,13,1.3230559825897217
1,14,1.3060228824615479
1,15,1.289575457572937
1,16,1.2718169689178467
1,17,1.2616591453552246
1,18,1.2472209930419922
1,19,1.2351504564285278
1,20,1.2205097675323486
1,21,1.2085494995117188
1,22,1.1975088119506836
1,23,1.1918480396270752
1,24,1.1900608539581299
1,25,1.167710781097412
1,26,1.1626527309417725
1,27,1.150660514831543
1,28,1.1458693742752075
1,29,1.1303434371948242
1,30,1.1196529865264893
1,31,1.1069486141204834
1,32,1.1002388000488281
1,33,1.0889203548431396
1,34,1.0839024782180786
1,35,1.0902166366577148
1,36,1.0693602561950684
1,37,1.0650722980499268
1,38,1.0583162307739258
1,39,1.0528132915496826
1,40,1.0405967235565186
1,41,1.0296976566314697
1,42,1.0370173454284668
1,43,1.0316576957702637
1,44,1.0107808113098145
1,45,1.0042999982833862
1,46,0.9911190867424011
1,47,0.9862567186355591
1,48,0.9765264391899109
1,49,0.9655731916427612
1,50,0.9631470441818237
1,51,0.9598168134689331
1,52,0.9460658431053162
1,53,0.9405900239944458
1,54,0.9380748867988586
1,55,0.9303890466690063
1,56,0.9196228384971619
1,57,0.9177842140197754
1,58,0.9064810276031494
1,59,0.9044055938720703
1,60,0.8830876350402832
1,61,0.8793402314186096
1,62,0.8682912588119507
1,63,0.8591567277908325
1,64,0.8565829396247864
1,65,0.8418576717376709
1,66,0.8316115140914917
1,67,0.8302950263023376
1,68,0.8307796120643616
1,69,0.8152544498443604
1,70,0.815750002861023
1,71,0.8058230876922607
1,72,0.8090822696685791
1,73,0.7820752859115601
1,74,0.8104597330093384
1,75,0.769568681716919
1,76,0.7803088426589966
1,77,0.7564850449562073
2,1,0.7391452193260193
2,2,0.7436671853065491
2,3,0.7386336326599121
2,4,0.7258177995681763
2,5,0.7306860685348511
2,6,0.7108370661735535
2,7,0.6923128366470337
2,8,0.6995522975921631
2,9,0.703815221786499
2,10,0.6803046464920044
2,11,0.6821197271347046
2,12,0.6668696403503418
2,13,0.6793656349182129
2,14,0.6596139669418335
2,15,0.6482384204864502
2,16,0.6523013114929199
2,17,0.6445637941360474
2,18,0.6599530577659607
2,19,0.6400802731513977
2,20,0.6400532126426697
2,21,0.6099427938461304
2,22,0.6129895448684692
2,23,0.604496955871582
2,24,0.6224616169929504
2,25,0.6035523414611816
2,26,0.5951974391937256
2,27,0.5907207727432251
2,28,0.5955943465232849
2,29,0.5757312178611755
2,30,0.5601654052734375
2,31,0.5803757905960083
2,32,0.567475438117981
2,33,0.5611989498138428
2,34,0.5434176325798035
2,35,0.5477782487869263
2,36,0.5309546589851379
2,37,0.5326179265975952
2,38,0.5205045342445374
2,39,0.5215268135070801
2,40,0.5136312246322632
2,41,0.5249530673027039
2,42,0.5157318711280823
2,43,0.5037356615066528
2,44,0.5117756128311157
2,45,0.5086386799812317
2,46,0.48271530866622925
2,47,0.4915847182273865
2,48,0.4794434905052185
2,49,0.4884301722049713
2,50,0.46931251883506775
2,51,0.4745778739452362
2,52,0.48266178369522095
2,53,0.47518831491470337
2,54,0.454721599817276
2,55,0.44672533869743347
2,56,0.4364062249660492
2,57,0.4638187885284424
2,58,0.452157586812973
2,59,0.4461232125759125
2,60,0.43066999316215515
2,61,0.43930959701538086
2,62,0.41270363330841064
2,63,0.4280273914337158
2,64,0.4072188138961792
2,65,0.40520864725112915
2,66,0.4112800061702728
2,67,0.3936944603919983
2,68,0.40426599979400635
2,69,0.40311628580093384
2,70,0.4016475975513458
2,71,0.38726580142974854
2,72,0.4205367863178253
2,73,0.41666918992996216
2,74,0.3993481993675232
2,75,0.39994925260543823
2,76,0.3794480264186859
3,1,0.38764140009880066
3,2,0.37252670526504517
3,3,0.3543691635131836
3,4,0.3595554232597351
3,5,0.3580842912197113
3,6,0.36886996030807495
3,7,0.3589397668838501
3,8,0.36305519938468933
3,9,0.34499290585517883
3,10,0.3636845052242279
3,11,0.35147982835769653
3,12,0.3580406606197357
3,13,0.35055282711982727
3,14,0.35999858379364014
3,15,0.3497070372104645
3,16,0.3264923691749573
3,17,0.3438538908958435
3,18,0.33379989862442017
3,19,0.33276253938674927
3,20,0.3235088586807251
3,21,0.33368825912475586
3,22,0.3351377248764038
3,23,0.3194383680820465
3,24,0.3156934380531311
3,25,0.3090805411338806
3,26,0.31045180559158325
3,27,0.3127470314502716
3,28,0.3111734986305237
3,29,0.3081039488315582
3,30,0.3249947428703308
3,31,0.3015615940093994
3,32,0.29695773124694824
3,33,0.2987063527107239
3,34,0.30518487095832825
3,35,0.3047388792037964
3,36,0.2968733012676239
3,37,0.2911067605018616
3,38,0.3013818562030792
3,39,0.27567291259765625
3,40,0.2783403694629669
3,41,0.27552878856658936
3,42,0.2855680584907532
3,43,0.26977357268333435
3,44,0.28233224153518677
3,45,0.29771846532821655
3,46,0.26640284061431885
3,47,0.28617367148399353
3,48,0.26707708835601807
3,49,0.2722092866897583
3,50,0.28062087297439575
3,51,0.2635030746459961
3,52,0.26314622163772583
3,53,0.2595288157463074
3,54,0.2532497048377991
3,55,0.24920451641082764
3,56,0.2523658573627472
3,57,0.258474737405777
3,58,0.25469744205474854
3,59,0.2442164421081543
3,60,0.2516123950481415
3,61,0.25006788969039917
3,62,0.23940613865852356
3,63,0.2426513284444809
3,64,0.23556742072105408
3,65,0.24782609939575195
3,66,0.2344791740179062
3,67,0.24617750942707062
3,68,0.24453042447566986
3,69,0.2398451417684555
3,70,0.23257586359977722
3,71,0.23465582728385925
3,72,0.2340434193611145
3,73,0.22755351662635803
3,74,0.24952425062656403
3,75,0.2153155654668808
3,76,0.23191088438034058
4,1,0.24009209871292114
4,2,0.2267800271511078
4,3,0.2264014184474945
4,4,0.21870219707489014
4,5,0.21465155482292175
4,6,0.2203013300895691
4,7,0.22915151715278625
4,8,0.20502981543540955
4,9,0.22262242436408997
4,10,0.21116140484809875
4,11,0.2109200656414032
4,12,0.21169400215148926
4,13,0.21383339166641235
4,14,0.19637469947338104
4,15,0.19306997954845428
4,16,0.1957821398973465
4,17,0.22066667675971985
4,18,0.20532631874084473
4,19,0.21614837646484375
4,20,0.20508691668510437
4,21,0.22136101126670837
4,22,0.24448242783546448
4,23,0.20988497138023376
4,24,0.19627532362937927
4,25,0.19748637080192566
4,26,0.19147872924804688
4,27,0.21572968363761902
4,28,0.18964116275310516
4,29,0.19362196326255798
4,30,0.21441815793514252
4,31,0.18619412183761597
4,32,0.20607636868953705
4,33,0.18816599249839783
4,34,0.19755050539970398
4,35,0.1982080191373825
4,36,0.18865041434764862
4,37,0.1820291131734848
4,38,0.1700931191444397
4,39,0.1908300220966339
4,40,0.1934588998556137
4,41,0.20390895009040833
4,42,0.17726543545722961
4,43,0.20157021284103394
4,44,0.18737852573394775
4,45,0.19000571966171265
4,46,0.18335987627506256
4,47,0.18596963584423065
4,48,0.19949188828468323
4,49,0.1872328221797943
4,50,0.19607099890708923
4,51,0.18819010257720947
4,52,0.18257924914360046
4,53,0.17209795117378235
4,54,0.19061876833438873
4,55,0.17012959718704224
4,56,0.1734197735786438
4,57,0.17781463265419006
4,58,0.18035703897476196
4,59,0.189376100897789
4,60,0.17280787229537964
4,61,0.1711350381374359
4,62,0.17334435880184174
4,63,0.18119129538536072
4,64,0.17253617942333221
4,65,0.1774028241634369
4,66,0.17465318739414215
4,67,0.16771185398101807
4,68,0.18732090294361115
4,69,0.16159580647945404
4,70,0.1537531465291977
4,71,0.16984210908412933
4,72,0.17534306645393372
4,73,0.17639334499835968
4,74,0.18384696543216705
4,75,0.1679820418357849
4,76,0.1653979867696762
5,1,0.15825603902339935
5,2,0.17338556051254272
5,3,0.1670336127281189
5,4,0.15787731111049652
5,5,0.16070227324962616
5,6,0.16450756788253784
5,7,0.16721069812774658
5,8,0.16348421573638916
5,9,0.1798195242881775
5,10,0.15923982858657837
5,11,0.15386846661567688
5,12,0.1515054702758789
5,13,0.1641635000705719
5,14,0.1587335467338562
5,15,0.1490020453929901
5,16,0.1605188399553299
5,17,0.16774310171604156
5,18,0.1476731300354004
5,19,0.1753854751586914
5,20,0.15832950174808502
5,21,0.1653396636247635
5,22,0.15593013167381287
5,23,0.15499454736709595
5,24,0.15319116413593292
5,25,0.1596740484237671
5,26,0.16659259796142578
5,27,0.20115840435028076
5,28,0.15711790323257446
5,29,0.15071891248226166
5,30,0.15881949663162231
5,31,0.1972053050994873
5,32,0.14697209000587463
5,33,0.1445012390613556
5,34,0.16225838661193848
5,35,0.159153014421463
5,36,0.16185656189918518
5,37,0.13837642967700958
5,38,0.13485057651996613
5,39,0.14328837394714355
5,40,0.1768474131822586
5,41,0.14637471735477448
5,42,0.15159794688224792
5,43,0.12530718743801117
5,44,0.13954417407512665
5,45,0.14537617564201355
5,46,0.1597401648759842
5,47,0.15283475816249847
5,48,0.14331138134002686
5,49,0.1460026204586029
5,50,0.14629915356636047
5,51,0.15071327984333038
5,52,0.13956384360790253
5,53,0.14054115116596222
5,54,0.1412075161933899
5,55,0.13691025972366333
5,56,0.14526048302650452
5,57,0.14102688431739807
5,58,0.13036668300628662
5,59,0.13844196498394012
5,60,0.13454781472682953
5,61,0.14467592537403107
5,62,0.1306172013282776
5,63,0.13029000163078308
5,64,0.12835370004177094
5,65,0.1479206383228302
5,66,0.13924762606620789
5,67,0.13611319661140442
5,68,0.12246108055114746
5,69,0.1357334554195404
5,70,0.14474743604660034
5,71,0.14150704443454742
5,72,0.13152027130126953
5,73,0.12656530737876892
5,74,0.13706961274147034
5,75,0.12688778340816498
5,76,0.12635961174964905
6,1,0.12234161049127579
6,2,0.12677064538002014
6,3,0.13248300552368164
6,4,0.13021790981292725
6,5,0.13381436467170715
6,6,0.1404794454574585
6,7,0.12065146863460541
6,8,0.14400814473628998
6,9,0.11879229545593262
6,10,0.12844516336917877
6,11,0.12775319814682007
6,12,0.17893576622009277
6,13,0.11423217505216599
6,14,0.12758272886276245
6,15,0.13040882349014282
6,16,0.12302067130804062
6,17,0.13322024047374725
6,18,0.12012313306331635
6,19,0.13753670454025269
6,20,0.1267172247171402
6,21,0.13258805871009827
6,22,0.12990981340408325
6,23,0.12992005050182343
6,24,0.12025110423564911
6,25,0.1289597749710083
6,26,0.13621030747890472
6,27,0.13176898658275604
6,28,0.14568564295768738
6,29,0.13177964091300964
6,30,0.13883855938911438
6,31,0.12809711694717407
6,32,0.15557733178138733
6,33,0.13691529631614685
6,34,0.13576382398605347
6,35,0.12828852236270905
6,36,0.11844879388809204
6,37,0.1356840431690216
6,38,0.13299527764320374
6,39,0.13412947952747345
6,40,0.12909480929374695
6,41,0.11759679764509201
6,42,0.12060344219207764
6,43,0.13518376648426056
6,44,0.1299576461315155
6,45,0.1468202769756317
6,46,0.11926798522472382
6,47,0.13603778183460236
6,48,0.11768092960119247
6,49,0.11463266611099243
6,50,0.12669619917869568
6,51,0.14418098330497742
6,52,0.13841834664344788
6,53,0.13352526724338531
6,54,0.13038015365600586
6,55,0.1264483481645584
6,56,0.12044936418533325
6,57,0.12384654581546783
6,58,0.12238544225692749
6,59,0.11538129299879074
6,60,0.15069958567619324
6,61,0.15148529410362244
6,62,0.1294747292995453
6,63,0.12898032367229462
6,64,0.12685701251029968
6,65,0.10822758078575134
6,66,0.11307109147310257
6,67,0.11296737194061279
6,68,0.1238810122013092
6,69,0.12079059332609177
6,70,0.11628983914852142
6,71,0.12771642208099365
6,72,0.11488497257232666
6,73,0.11178117245435715
6,74,0.1176089271903038
6,75,0.11953684687614441
6,76,0.11174141615629196
7,1,0.11263829469680786
7,2,0.10723162442445755
7,3,0.120846688747406
7,4,0.10626626014709473
7,5,0.12140579521656036
7,6,0.11303627490997314
7,7,0.1232689768075943
7,8,0.11894825845956802
7,9,0.1125970259308815
7,10,0.1239326000213623
7,11,0.14031559228897095
7,12,0.11987599730491638
7,13,0.11226825416088104
7,14,0.11372074484825134
7,15,0.11895554512739182
7,16,0.10976223647594452
7,17,0.11211778223514557
7,18,0.10505940765142441
7,19,0.1155996099114418
7,20,0.1238022893667221
7,21,0.11362697929143906
7,22,0.10311868786811829
7,23,0.11830843985080719
7,24,0.12130551785230637
7,25,0.10373234748840332
7,26,0.12174481153488159
7,27,0.11930614709854126
7,28,0.11296644061803818
7,29,0.11155758053064346
7,30,0.09996400773525238
7,31,0.10713030397891998
7,32,0.1077093780040741
7,33,0.11239233613014221
7,34,0.12029378116130829
7,35,0.11898304522037506
7,36,0.10296781361103058
7,37,0.10346363484859467
7,38,0.11255589872598648
7,39,0.10704009234905243
7,40,0.10936318337917328
7,41,0.10413262993097305
7,42,0.10360664129257202
7,43,0.10571306943893433
7,44,0.10089509189128876
7,45,0.09244099259376526
7,46,0.11430475860834122
7,47,0.1175781860947609
7,48,0.11617793142795563
7,49,0.10213929414749146
7,50,0.10213245451450348
7,51,0.10151778161525726
7,52,0.1147608757019043
7,53,0.11762398481369019
7,54,0.11041787266731262
7,55,0.09858876466751099
7,56,0.11423750221729279
7,57,0.09734329581260681
7,58,0.09995363652706146
7,59,0.08740602433681488
7,60,0.11443957686424255
7,61,0.09252037107944489
7,62,0.10666060447692871
7,63,0.1001891940832138
7,64,0.09063821285963058
7,65,0.11260952055454254
7,66,0.09313305467367172
7,67,0.10293379426002502
7,68,0.10208355635404587
7,69,0.10435409843921661
7,70,0.09898363053798676
7,71,0.09390535950660706
7,72,0.09952670335769653
7,73,0.11447954177856445
7,74,0.10619573295116425
7,75,0.10993978381156921
7,76,0.09484538435935974
8,1,0.09436435252428055
8,2,0.10144120454788208
8,3,0.10776817053556442
8,4,0.09536951780319214
8,5,0.10439241677522659
8,6,0.1037241518497467
8,7,0.09704740345478058
8,8,0.10141153633594513
8,9,0.10668973624706268
8,10,0.1031019315123558
8,11,0.09728895127773285
8,12,0.09513932466506958
8,13,0.08227924257516861
8,14,0.09910668432712555
8,15,0.0917055606842041
8,16,0.11103077232837677
8,17,0.10009545087814331
8,18,0.0972604900598526
8,19,0.09823522716760635
8,20,0.09467125684022903
8,21,0.09484744071960449
8,22,0.09546586871147156
8,23,0.09348488599061966
8,24,0.09630201756954193
8,25,0.09604813158512115
8,26,0.10442708432674408
8,27,0.09667861461639404
8,28,0.10381297767162323
8,29,0.15004819631576538
8,30,0.10640834271907806
8,31,0.09959805011749268
8,32,0.09780409932136536
8,33,0.09557236731052399
8,34,0.09810115396976471
8,35,0.1057649552822113
8,36,0.1077415943145752
8,37,0.10429239273071289
8,38,0.1042771115899086
8,39,0.10067012906074524
8,40,0.10660964995622635
8,41,0.10419169068336487
8,42,0.0927540734410286
8,43,0.1119769737124443
8,44,0.09576153755187988
8,45,0.10048515349626541
8,46,0.09191359579563141
8,47,0.10167659819126129
8,48,0.10894608497619629
8,49,0.09762804210186005
8,50,0.09222377836704254
8,51,0.09524829685688019
8,52,0.0839758813381195
8,53,0.09984958171844482
8,54,0.10371536016464233
8,55,0.09811954200267792
8,56,0.09916184097528458
8,57,0.08320524543523788
8,58,0.08801115304231644
8,59,0.09290671348571777
8,60,0.08834975957870483
8,61,0.1276894211769104
8,62,0.09059011936187744
8,63,0.09766148775815964
8,64,0.10024158656597137
8,65,0.09184415638446808
8,66,0.08475890755653381
8,67,0.10960263013839722
8,68,0.08971555531024933
8,69,0.09498731791973114
8,70,0.08598785102367401
8,71,0.0951244980096817
8,72,0.08792753517627716
8,73,0.09143038094043732
8,74,0.09269993752241135
8,75,0.09252088516950607
8,76,0.1036759689450264
9,1,0.09708122909069061
9,2,0.085370734333992
9,3,0.08395107835531235
9,4,0.09785020351409912
9,5,0.09318031370639801
9,6,0.09799906611442566
9,7,0.07958733290433884
9,8,0.08741281926631927
9,9,0.0894940197467804
9,10,0.10035547614097595
9,11,0.08782915025949478
9,12,0.10109540820121765
9,13,0.09762976318597794
9,14,0.10326772183179855
9,15,0.08560865372419357
9,16,0.10006903111934662
9,17,0.10334017872810364
9,18,0.07997928559780121
9,19,0.09282311797142029
9,20,0.09483659267425537
9,21,0.09029625356197357
9,22,0.0778641328215599
9,23,0.10036665946245193
9,24,0.08205366134643555
9,25,0.08023939281702042
9,26,0.08875562250614166
9,27,0.1082921028137207
9,28,0.10152527689933777
9,29,0.08836255222558975
9,30,0.10199818760156631
9,31,0.08556190133094788
9,32,0.09814117848873138
9,33,0.09314224123954773
9,34,0.07947205752134323
9,35,0.09028487652540207
9,36,0.08869966864585876
9,37,0.085518978536129
9,38,0.08066924661397934
9,39,0.11561521887779236
9,40,0.08381509780883789
9,41,0.08574250340461731
9,42,0.08615636825561523
9,43,0.08836444467306137
9,44,0.08866164088249207
9,45,0.08559969067573547
9,46,0.08898937702178955
9,47,0.08635422587394714
9,48,0.09661738574504852
9,49,0.08803072571754456
9,50,0.08130408823490143
9,51,0.08305643498897552
9,52,0.08977212011814117
9,53,0.09215187281370163
9,54,0.09020534157752991
9,55,0.09118093550205231
9,56,0.0959758460521698
9,57,0.09249919652938843
9,58,0.0942610502243042
9,59,0.09556791931390762
9,60,0.08451659977436066
9,61,0.08753401041030884
9,62,0.07814893126487732
9,63,0.10441046953201294
9,64,0.08956053853034973
9,65,0.08769114315509796
9,66,0.08628535270690918
9,67,0.0890226885676384
9,68,0.10650723427534103
9,69,0.08575185388326645
9,70,0.08926047384738922
9,71,0.0960368812084198
9,72,0.08404934406280518
9,73,0.09181733429431915
9,74,0.08652757853269577
9,75,0.11096756905317307
9,76,0.09516569972038269
10,1,0.07982891798019409
10,2,0.08288779109716415
10,3,0.1096791923046112
10,4,0.08583290874958038
10,5,0.1301388144493103
10,6,0.07928081601858139
10,7,0.10135743021965027
10,8,0.09756158292293549
10,9,0.10338985174894333
10,10,0.09071280807256699
10,11,0.10187388956546783
10,12,0.09830008447170258
10,13,0.08795790374279022
10,14,0.085257887840271
10,15,0.09543934464454651
10,16,0.08699573576450348
10,17,0.09772301465272903
10,18,0.08763067424297333
10,19,0.0938953086733818
10,20,0.08998090028762817
10,21,0.08224189281463623
10,22,0.08820489048957825
10,23,0.08792825043201447
10,24,0.08094000071287155
10,25,0.08707143366336823
10,26,0.08587171137332916
10,27,0.09340327978134155
10,28,0.08173669129610062
10,29,0.08196588605642319
10,30,0.08826197683811188
10,31,0.09139515459537506
10,32,0.08007018268108368
10,33,0.10307146608829498
10,34,0.08408132195472717
10,35,0.08484359830617905
10,36,0.08228101581335068
10,37,0.08636610209941864
10,38,0.08685548603534698
10,39,0.08507706969976425
10,40,0.09554876387119293
10,41,0.09497261047363281
10,42,0.08112204819917679
10,43,0.08281499147415161
10,44,0.09897889941930771
10,45,0.08091234415769577
10,46,0.0724015086889267
10,47,0.10409576445817947
10,48,0.15490463376045227
10,49,0.08475686609745026
10,50,0.08612263202667236
10,51,0.08522941172122955
10,52,0.09153730422258377
10,53,0.07894498854875565
10,54,0.09301503002643585
10,55,0.09404833614826202
10,56,0.0886431485414505
10,57,0.07794757187366486
10,58,0.08837317675352097
10,59,0.08582618832588196
10,60,0.08502369374036789
10,61,0.08173288404941559
10,62,0.06854777038097382
10,63,0.07668522000312805
10,64,0.08066792041063309
10,65,0.08748629689216614
10,66,0.08154401183128357
10,67,0.09035061299800873
10,68,0.07929965853691101
10,69,0.07194314897060394
10,70,0.07804659008979797
10,71,0.08873407542705536
10,72,0.09085451066493988
10,73,0.08197617530822754
10,74,0.09419769048690796
10,75,0.0815628170967102
10,76,0.09183377027511597
11,1,0.09876108914613724
11,2,0.08084116876125336
11,3,0.09224286675453186
11,4,0.07038931548595428
11,5,0.10392753779888153
11,6,0.08291280269622803
11,7,0.08468934893608093
11,8,0.07743383198976517
11,9,0.103923499584198
11,10,0.08215411007404327
11,11,0.08454388380050659
11,12,0.09243956953287125
11,13,0.1013282835483551
11,14,0.08721155673265457
11,15,0.08872544020414352
11,16,0.09026281535625458
11,17,0.07775114476680756
11,18,0.10119003057479858
11,19,0.08644582331180573
11,20,0.07869591563940048
11,21,0.08226779103279114
11,22,0.09222374856472015
11,23,0.07353083789348602
11,24,0.09477435052394867
11,25,0.08407947421073914
11,26,0.09435266256332397
11,27,0.08571753650903702
11,28,0.07530106604099274
11,29,0.0751243382692337
11,30,0.08097165077924728
11,31,0.08455859124660492
11,32,0.06906894594430923
11,33,0.08371998369693756
11,34,0.0692501962184906
11,35,0.07590945810079575
11,36,0.08781959861516953
11,37,0.07346548140048981
11,38,0.08549308776855469
11,39,0.07122275978326797
11,40,0.07357387244701385
11,41,0.06991536170244217
11,42,0.07375407963991165
11,43,0.07867707312107086
11,44,0.08291170001029968
11,45,0.08440421521663666
11,46,0.08717416226863861
11,47,0.0784154087305069
11,48,0.07533988356590271
11,49,0.0759749561548233
11,50,0.07236902415752411
11,51,0.09404881298542023
11,52,0.09722196310758591
11,53,0.09121060371398926
11,54,0.09961947798728943
11,55,0.10150311887264252
11,56,0.07714985311031342
11,57,0.088730089366436
11,58,0.09245496988296509
11,59,0.08790337294340134
11,60,0.07961490750312805
11,61,0.07623960822820663
11,62,0.09313948452472687
11,63,0.08046892285346985
11,64,0.07581204175949097
11,65,0.07605805993080139
11,66,0.09697449207305908
11,67,0.08858227729797363
11,68,0.0895751491189003
11,69,0.07609459012746811
11,70,0.06974952667951584
11,71,0.0874447152018547
11,72,0.08501723408699036
11,73,0.08632916957139969
11,74,0.07447478920221329
11,75,0.07904186844825745
11,76,0.0785970389842987
12,1,0.09324628859758377
12,2,0.0753520131111145
12,3,0.07387290894985199
12,4,0.08816808462142944
12,5,0.0669977217912674
12,6,0.06444244086742401
12,7,0.08974327147006989
12,8,0.09231569617986679
12,9,0.0711066722869873
12,10,0.08037849515676498
12,11,0.07504229992628098
12,12,0.07900597155094147
12,13,0.09013082087039948
12,14,0.07801584899425507
12,15,0.07662525773048401
12,16,0.09287841618061066
12,17,0.06640838086605072
12,18,0.08094897121191025
12,19,0.08533598482608795
12,20,0.08824213594198227
12,21,0.07396461069583893
12,22,0.09398764371871948
12,23,0.0818394124507904
12,24,0.09772667288780212
12,25,0.06521441042423248
12,26,0.07075533270835876
12,27,0.07237514853477478
12,28,0.07952754944562912
12,29,0.0742383524775505
12,30,0.07185916602611542
12,31,0.10150903463363647
12,32,0.07227662205696106
12,33,0.07980910688638687
12,34,0.07281364500522614
12,35,0.0752100870013237
12,36,0.08400563895702362
12,37,0.09711696207523346
12,38,0.0772065818309784
12,39,0.07782739400863647
12,40,0.0780310332775116
12,41,0.08702635765075684
12,42,0.08150088042020798
12,43,0.07367818802595139
12,44,0.08143159747123718
12,45,0.08815354108810425
12,46,0.0740099772810936
12,47,0.07496291399002075
12,48,0.08116808533668518
12,49,0.07705993950366974
12,50,0.07195748388767242
12,51,0.09724998474121094
12,52,0.07336045801639557
12,53,0.0747966468334198
12,54,0.08785481750965118
12,55,0.08219793438911438
12,56,0.07104085385799408
12,57,0.10377943515777588
12,58,0.08876936882734299
12,59,0.07163161784410477
12,60,0.08838711678981781
12,61,0.07450853288173676
12,62,0.07529006898403168
12,63,0.0778084546327591
12,64,0.06528478860855103
12,65,0.07268333435058594
12,66,0.08091265708208084
12,67,0.0807880237698555
12,68,0.07652686536312103
12,69,0.07512088865041733
12,70,0.07443718612194061
12,71,0.08296240121126175
12,72,0.07022896409034729
12,73,0.07251568138599396
12,74,0.06793464720249176
12,75,0.06635668873786926
12,76,0.066460520029068
13,1,0.06910757720470428
13,2,0.07830095291137695
13,3,0.08167222142219543
13,4,0.06299556791782379
13,5,0.0744444876909256
13,6,0.0835707038640976
13,7,0.06681402027606964
13,8,0.08693154156208038
13,9,0.07142890989780426
13,10,0.06888433545827866
13,11,0.07854126393795013
13,12,0.07108557224273682
13,13,0.08907140791416168
13,14,0.07574102282524109
13,15,0.07577244937419891
13,16,0.0842730700969696
13,17,0.07286021113395691
13,18,0.07048875093460083
13,19,0.07742992043495178
13,20,0.09651896357536316
13,21,0.07877369225025177
13,22,0.06453876942396164
13,23,0.07914455235004425
13,24,0.06987795233726501
13,25,0.11117209494113922
13,26,0.08432839065790176
13,27,0.07284717261791229
13,28,0.0763041079044342
13,29,0.07486437261104584
13,30,0.08024601638317108
13,31,0.0649508610367775
13,32,0.07722168415784836
13,33,0.0719074010848999
13,34,0.08184856176376343
13,35,0.0626738965511322
13,36,0.06661493331193924
13,37,0.07381728291511536
13,38,0.07825428247451782
13,39,0.08827370405197144
13,40,0.06831768155097961
13,41,0.0804336667060852
13,42,0.07401349395513535
13,43,0.07722114026546478
13,44,0.08530151844024658
13,45,0.09324735403060913
13,46,0.07014469057321548
13,47,0.07559959590435028
13,48,0.07068172097206116
13,49,0.07375581562519073
13,50,0.07910723984241486
13,51,0.0672723576426506
13,52,0.07350274175405502
13,53,0.07080284506082535
13,54,0.06051575392484665
13,55,0.09491214156150818
13,56,0.08124129474163055
13,57,0.07200360298156738
13,58,0.0774221271276474
13,59,0.07876574993133545
13,60,0.07541895657777786
13,61,0.07617174088954926
13,62,0.07462447881698608
13,63,0.08173848688602448
13,64,0.07511329650878906
13,65,0.07070066034793854
13,66,0.061498500406742096
13,67,0.06690070033073425
13,68,0.07299841940402985
13,69,0.06721441447734833
13,70,0.08266180753707886
13,71,0.06904394924640656
13,72,0.06491369009017944
13,73,0.08180953562259674
13,74,0.0655934065580368
13,75,0.08647020161151886
13,76,0.061357107013463974
14,1,0.0752105787396431
14,2,0.0757031962275505
14,3,0.07165588438510895
14,4,0.07116648554801941
14,5,0.06826096028089523
14,6,0.08747371286153793
14,7,0.07401518523693085
14,8,0.07893412560224533
14,9,0.07340729236602783
14,10,0.06722340732812881
14,11,0.05966740846633911
14,12,0.06103454530239105
14,13,0.07064786553382874
14,14,0.08227653801441193
14,15,0.06610146164894104
14,16,0.06972696632146835
14,17,0.06697434186935425
14,18,0.07410252094268799
14,19,0.06458225846290588
14,20,0.07054226100444794
14,21,0.06832519173622131
14,22,0.0821712464094162
14,23,0.07618865370750427
14,24,0.06419733166694641
14,25,0.06308647990226746
14,26,0.06824996322393417
14,27,0.07737837731838226
14,28,0.05898316204547882
14,29,0.07644955068826675
14,30,0.06512930989265442
14,31,0.06788554787635803
14,32,0.06389407068490982
14,33,0.05590377002954483
14,34,0.06666484475135803
14,35,0.07272732257843018
14,36,0.06747274845838547
14,37,0.08144383132457733
14,38,0.06933442503213882
14,39,0.06965450942516327
14,40,0.06760209798812866
14,41,0.08490340411663055
14,42,0.08299724757671356
14,43,0.07085087895393372
14,44,0.06261995434761047
14,45,0.07190286368131638
14,46,0.07611716538667679
14,47,0.06528966873884201
14,48,0.07063014060258865
14,49,0.07293480634689331
14,50,0.07665102183818817
14,51,0.06553029268980026
14,52,0.06583236157894135
14,53,0.0689292848110199
14,54,0.07393211871385574
14,55,0.08059342205524445
14,56,0.07410043478012085
14,57,0.06569018214941025
14,58,0.06904421746730804
14,59,0.07412140816450119
14,60,0.07471322268247604
14,61,0.07586424052715302
14,62,0.07031572610139847
14,63,0.06208612024784088
14,64,0.07035976648330688
14,65,0.06291347742080688
14,66,0.06983502209186554
14,67,0.06785596907138824
14,68,0.06902623176574707
14,69,0.06924301385879517
14,70,0.0694456622004509
14,71,0.0618375726044178
14,72,0.09051601588726044
14,73,0.07961658388376236
14,74,0.07263360917568207
14,75,0.08551093935966492
14,76,0.07291847467422485
15,1,0.0725843533873558
15,2,0.06701643019914627
15,3,0.08478543162345886
15,4,0.07384730875492096
15,5,0.06895668804645538
15,6,0.06872239708900452
15,7,0.07082441449165344
15,8,0.06882638484239578
15,9,0.07778596878051758
15,10,0.06570874154567719
15,11,0.06389839202165604
15,12,0.07085202634334564
15,13,0.06718002259731293
15,14,0.0678490400314331
15,15,0.08110713213682175
15,16,0.07086874544620514
15,17,0.07181067764759064
15,18,0.07685624808073044
15,19,0.06868185102939606
15,20,0.08177056908607483
15,21,0.08287607133388519
15,22,0.06268680095672607
15,23,0.06715918332338333
15,24,0.06282036751508713
15,25,0.07199081778526306
15,26,0.06944792717695236
15,27,0.07507965713739395
15,28,0.0732000544667244
15,29,0.06403467059135437
15,30,0.0694810152053833
15,31,0.08426788449287415
15,32,0.06698668748140335
15,33,0.07181069254875183
15,34,0.06350503116846085
15,35,0.07225707918405533
15,36,0.06596824526786804
15,37,0.0630304217338562
15,38,0.06607791781425476
15,39,0.06773689389228821
15,40,0.05718477815389633
15,41,0.059778373688459396
15,42,0.06808198988437653
15,43,0.0723983570933342
15,44,0.07300951331853867
15,45,0.06637321412563324
15,46,0.06372323632240295
15,47,0.07017043232917786
15,48,0.07699134945869446
15,49,0.06787505745887756
15,50,0.05984365940093994
15,51,0.06531193107366562
15,52,0.06874637305736542
15,53,0.06777860224246979
15,54,0.07720789313316345
15,55,0.07675930112600327
15,56,0.06000874191522598
15,57,0.07026611268520355
15,58,0.0745154321193695
15,59,0.06637740880250931
15,60,0.07221905142068863
15,61,0.06811899691820145
15,62,0.07512898743152618
15,63,0.07058832049369812
15,64,0.07073959708213806
15,65,0.061585426330566406
15,66,0.06723757088184357
15,67,0.07139261066913605
15,68,0.07207784801721573
15,69,0.06388763338327408
15,70,0.08014703541994095
15,71,0.06390164792537689
15,72,0.07642090320587158
15,73,0.06640985608100891
15,74,0.07270585745573044
15,75,0.06817316263914108
15,76,0.06363043934106827
16,1,0.07058672606945038
16,2,0.06300991028547287
16,3,0.08250177651643753
16,4,0.07097660005092621
16,5,0.07041101157665253
16,6,0.05999127775430679
16,7,0.0629199892282486
16,8,0.0695400983095169
16,9,0.052344903349876404
16,10,0.05907618999481201
16,11,0.059583596885204315
16,12,0.06644286215305328
16,13,0.0719146877527237
16,14,0.060097552835941315
16,15,0.06490494310855865
16,16,0.07311169058084488
16,17,0.06014960631728172
16,18,0.06141899526119232
16,19,0.09035599231719971
16,20,0.06828765571117401
16,21,0.07554903626441956
16,22,0.06740207970142365
16,23,0.08041641116142273
16,24,0.06690055876970291
16,25,0.06243031844496727
16,26,0.07387513667345047
16,27,0.065678671002388
16,28,0.05667819827795029
16,29,0.06168685853481293
16,30,0.06329721212387085
16,31,0.06388495862483978
16,32,0.08624925464391708
16,33,0.06864888966083527
16,34,0.07693687081336975
16,35,0.06959275901317596
16,36,0.06172236055135727
16,37,0.059097565710544586
16,38,0.061032019555568695
16,39,0.061080463230609894
16,40,0.07252442091703415
16,41,0.06593134999275208
16,42,0.07642289996147156
16,43,0.06873635202646255
16,44,0.059597961604595184
16,45,0.06987309455871582
16,46,0.0668502002954483
16,47,0.07714670151472092
16,48,0.0673191100358963
16,49,0.06541979312896729
16,50,0.07363278418779373
16,51,0.07162067294120789
16,52,0.07652777433395386
16,53,0.05094023421406746
16,54,0.07717238366603851
16,55,0.06611206382513046
16,56,0.0587867870926857
16,57,0.07889130711555481
16,58,0.10041161626577377
16,59,0.06316132843494415
16,60,0.0684434026479721
16,61,0.07314035296440125
16,62,0.08544854819774628
16,63,0.057365186512470245
16,64,0.061980195343494415
16,65,0.06582798063755035
16,66,0.06019102782011032
16,67,0.07393079996109009
16,68,0.07821021229028702
16,69,0.06203307956457138
16,70,0.07767427712678909
16,71,0.06602805107831955
16,72,0.05956144630908966
16,73,0.06831937283277512
16,74,0.07855147123336792
16,75,0.06817832589149475
16,76,0.06786635518074036
17,1,0.06628155708312988
17,2,0.0668661892414093
17,3,0.06652960181236267
17,4,0.06210755929350853
17,5,0.06622681021690369
17,6,0.06792140752077103
17,7,0.06252360343933105
17,8,0.07780183851718903
17,9,0.06904169917106628
17,10,0.06543010473251343
17,11,0.06831591576337814
17,12,0.06852397322654724
17,13,0.07360763847827911
17,14,0.09006136655807495
17,15,0.0740080252289772
17,16,0.07746970653533936
17,17,0.06758630275726318
17,18,0.06737582385540009
17,19,0.05591825395822525
17,20,0.06292219460010529
17,21,0.07730653882026672
17,22,0.07337082922458649
17,23,0.07504411041736603
17,24,0.06196460500359535
17,25,0.06414267420768738
17,26,0.061936572194099426
17,27,0.08461515605449677
17,28,0.05681348219513893
17,29,0.0761546716094017
17,30,0.06143716350197792
17,31,0.07243041694164276
17,32,0.06795874238014221
17,33,0.06272951513528824
17,34,0.07777005434036255
17,35,0.06981755793094635
17,36,0.061802394688129425
17,37,0.06278695911169052
17,38,0.06744612008333206
17,39,0.07045216113328934
17,40,0.06660830229520798
17,41,0.07227863371372223
17,42,0.0671919584274292
17,43,0.061315760016441345
17,44,0.07227850705385208
17,45,0.07523829489946365
17,46,0.061193082481622696
17,47,0.06129361689090729
17,48,0.0675140917301178
17,49,0.07661271840333939
17,50,0.06441989541053772
17,51,0.0765245109796524
17,52,0.06644146144390106
17,53,0.06504857540130615
17,54,0.08156616985797882
17,55,0.05676855146884918
17,56,0.06822776794433594
17,57,0.05125996470451355
17,58,0.06642298400402069
17,59,0.06539839506149292
17,60,0.06059935316443443
17,61,0.05675686150789261
17,62,0.07422012835741043
17,63,0.07278405874967575
17,64,0.06287798285484314
17,65,0.06805183738470078
17,66,0.05788617581129074
17,67,0.07580871880054474
17,68,0.06582295149564743
17,69,0.06573286652565002
17,70,0.0556795597076416
17,71,0.05631130188703537
17,72,0.06475945562124252
17,73,0.057575780898332596
17,74,0.06976049393415451
17,75,0.0634026899933815
17,76,0.054190557450056076
18,1,0.05924251303076744
18,2,0.06069356948137283
18,3,0.06897096335887909
18,4,0.05352826416492462
18,5,0.06576374918222427
18,6,0.05965740606188774
18,7,0.06837114691734314
18,8,0.061073802411556244
18,9,0.07816591113805771
18,10,0.07127740234136581
18,11,0.06363566964864731
18,12,0.06087657809257507
18,13,0.07237987220287323
18,14,0.07101109623908997
18,15,0.059687867760658264
18,16,0.057122666388750076
18,17,0.0528826043009758
18,18,0.06877174228429794
18,19,0.0494530126452446
18,20,0.06454861164093018
18,21,0.06654585897922516
18,22,0.06452459841966629
18,23,0.06636782735586166
18,24,0.06597734987735748
18,25,0.06514576077461243
18,26,0.05915137752890587
18,27,0.06599073857069016
18,28,0.07030327618122101
18,29,0.06355114281177521
18,30,0.07095526903867722
18,31,0.06165757775306702
18,32,0.06051749736070633
18,33,0.06424999237060547
18,34,0.05870922654867172
18,35,0.06382177025079727
18,36,0.06967991590499878
18,37,0.06526113301515579
18,38,0.058484893292188644
18,39,0.06268870830535889
18,40,0.05572797358036041
18,41,0.06598532944917679
18,42,0.05850289389491081
18,43,0.05893769860267639
18,44,0.07280215620994568
18,45,0.05949660390615463
18,46,0.058935537934303284
18,47,0.07638393342494965
18,48,0.07008692622184753
18,49,0.0567496120929718
18,50,0.07269397377967834
18,51,0.06198614835739136
18,52,0.06653811782598495
18,53,0.07821640372276306
18,54,0.06568651646375656
18,55,0.07388466596603394
18,56,0.05907776579260826
18,57,0.05122006684541702
18,58,0.0686718076467514
18,59,0.0704648345708847
18,60,0.0867064893245697
18,61,0.07815179973840714
18,62,0.06858521699905396
18,63,0.06384872645139694
18,64,0.06669533252716064
18,65,0.058956071734428406
18,66,0.0625564306974411
18,67,0.057847846299409866
18,68,0.06897209584712982
18,69,0.08795706182718277
18,70,0.06807886064052582
18,71,0.07460081577301025
18,72,0.06335839629173279
18,73,0.06817829608917236
18,74,0.05674690008163452
18,75,0.06337710469961166
18,76,0.059890635311603546
19,1,0.06413080543279648
19,2,0.06013695150613785
19,3,0.05809054896235466
19,4,0.06780456006526947
19,5,0.059698864817619324
19,6,0.051583148539066315
19,7,0.0564894899725914
19,8,0.056927815079689026
19,9,0.05689581483602524
19,10,0.06365752965211868
19,11,0.06152717024087906
19,12,0.06426632404327393
19,13,0.06499628722667694
19,14,0.06174562871456146
19,15,0.05552767589688301
19,16,0.06313495337963104
19,17,0.06330602616071701
19,18,0.05540620535612106
19,19,0.05998976156115532
19,20,0.05721001327037811
19,21,0.0689101591706276
19,22,0.06289034336805344
19,23,0.06741794943809509
19,24,0.05843856930732727
19,25,0.06610414385795593
19,26,0.05772284418344498
19,27,0.081549271941185
19,28,0.05136234313249588
19,29,0.08198972046375275
19,30,0.06197218596935272
19,31,0.06630237400531769
19,32,0.06759066879749298
19,33,0.05613745376467705
19,34,0.059729136526584625
19,35,0.055181682109832764
19,36,0.0759904533624649
19,37,0.05791320651769638
19,38,0.06784228980541229
19,39,0.0631752610206604
19,40,0.08463318645954132
19,41,0.0794735848903656
19,42,0.07076674699783325
19,43,0.06226767599582672
19,44,0.07334957271814346
19,45,0.058229632675647736
19,46,0.053800515830516815
19,47,0.06272166967391968
19,48,0.06660968065261841
19,49,0.06398303806781769
19,50,0.06998921930789948
19,51,0.053356610238552094
19,52,0.06707082688808441
19,53,0.06071325019001961
19,54,0.05524173751473427
19,55,0.055984027683734894
19,56,0.07617447525262833
19,57,0.07241253554821014
19,58,0.06097959727048874
19,59,0.07495863735675812
19,60,0.07875700294971466
19,61,0.07431641221046448
19,62,0.06532623618841171
19,63,0.0653393566608429
19,64,0.06456992030143738
19,65,0.06667156517505646
19,66,0.0681324154138565
19,67,0.05985110625624657
19,68,0.06677816808223724
19,69,0.06386887282133102
19,70,0.07099159061908722
19,71,0.06469134241342545
19,72,0.06653095036745071
19,73,0.059392452239990234
19,74,0.06406652182340622
19,75,0.0677366852760315
19,76,0.07289893180131912
20,1,0.06281343847513199
20,2,0.05651690065860748
20,3,0.051347337663173676
20,4,0.06290123611688614
20,5,0.0530187264084816
20,6,0.05919639393687248
20,7,0.06858383864164352
20,8,0.05761483311653137
20,9,0.07188449054956436
20,10,0.06718601286411285
20,11,0.06324108690023422
20,12,0.07416009902954102
20,13,0.06166631355881691
20,14,0.05574868619441986
20,15,0.05849490687251091
20,16,0.055329665541648865
20,17,0.06621289253234863
20,18,0.06515401601791382
20,19,0.06334176659584045
20,20,0.06945264339447021
20,21,0.06027110293507576
20,22,0.05515005439519882
20,23,0.06298031657934189
20,24,0.0665898248553276
20,25,0.07864745706319809
20,26,0.06126866117119789
20,27,0.06263195723295212
20,28,0.06630051881074905
20,29,0.05936291068792343
20,30,0.06940333545207977
20,31,0.06620143353939056
20,32,0.07606593519449234
20,33,0.06998000293970108
20,34,0.05306733772158623
20,35,0.05555938184261322
20,36,0.04977789148688316
20,37,0.055312782526016235
20,38,0.06710395216941833
20,39,0.05237084627151489
20,40,0.04949916899204254
20,41,0.0689048022031784
20,42,0.06456132233142853
20,43,0.05763937160372734
20,44,0.050595369189977646
20,45,0.055780716240406036
20,46,0.08135412633419037
20,47,0.059100694954395294
20,48,0.06078582629561424
20,49,0.06812877953052521
20,50,0.06576050072908401
20,51,0.05865626782178879
20,52,0.06030450016260147
20,53,0.05570272356271744
20,54,0.05512554943561554
20,55,0.06452779471874237
20,56,0.05429738759994507
20,57,0.06690028309822083
20,58,0.058496881276369095
20,59,0.06430739909410477
20,60,0.056942421942949295
20,61,0.06648192554712296
20,62,0.06741386651992798
20,63,0.06905952841043472
20,64,0.06590299308300018
20,65,0.061096616089344025
20,66,0.05600474402308464
20,67,0.05917459726333618
20,68,0.06158822029829025
20,69,0.05686797946691513
20,70,0.05829411745071411
20,71,0.054156430065631866
20,72,0.07285189628601074
20,73,0.051336679607629776
20,74,0.0682080015540123
20,75,0.06163795292377472
20,76,0.05909861996769905
21,1,0.05855245143175125
21,2,0.056975528597831726
21,3,0.06125100702047348
21,4,0.05645916610956192
21,5,0.060665473341941833
21,6,0.05900810658931732
21,7,0.05611950159072876
21,8,0.06423810124397278
21,9,0.06566405296325684
21,10,0.05556199699640274
21,11,0.05868406593799591
21,12,0.06395097821950912
21,13,0.06772329658269882
21,14,0.0583183690905571
21,15,0.06505115330219269
21,16,0.06442326307296753
21,17,0.0554899126291275
21,18,0.05011380463838577
21,19,0.060066405683755875
21,20,0.04856327548623085
21,21,0.061902448534965515
21,22,0.0684610903263092
21,23,0.06536394357681274
21,24,0.06459373235702515
21,25,0.054545432329177856
21,26,0.05106154456734657
21,27,0.06122134253382683
21,28,0.053801279515028
21,29,0.0586666539311409
21,30,0.06946542114019394
21,31,0.050464171916246414
21,32,0.06378521770238876
21,33,0.05615302175283432
21,34,0.06767401099205017
21,35,0.058729466050863266
21,36,0.0434521920979023
21,37,0.059271927922964096
21,38,0.07187604159116745
21,39,0.057016465812921524
21,40,0.06314023584127426
21,41,0.061716265976428986
21,42,0.05493910610675812
21,43,0.06252632290124893
21,44,0.051854707300662994
21,45,0.06094008684158325
21,46,0.0526244156062603
21,47,0.05450423061847687
21,48,0.05419334024190903
21,49,0.06350086629390717
21,50,0.06654291599988937
21,51,0.05797026306390762
21,52,0.06417114287614822
21,53,0.06023469567298889
21,54,0.06755062937736511
21,55,0.05841615051031113
21,56,0.06403800845146179
21,57,0.051112864166498184
21,58,0.06826905906200409
21,59,0.06511376798152924
21,60,0.05745978653430939
21,61,0.06814686954021454
21,62,0.06522595882415771
21,63,0.06666016578674316
21,64,0.06485603749752045
21,65,0.05682258680462837
21,66,0.06570589542388916
21,67,0.06240268796682358
21,68,0.054150380194187164
21,69,0.05842471122741699
21,70,0.051528334617614746
21,71,0.06057528406381607
21,72,0.05039443075656891
21,73,0.06803204864263535
21,74,0.06494086980819702
21,75,0.05519098788499832
21,76,0.07075729966163635
22,1,0.05664900690317154
22,2,0.06612516939640045
22,3,0.06206538900732994
22,4,0.06773364543914795
22,5,0.05742396414279938
22,6,0.054542332887649536
22,7,0.062247537076473236
22,8,0.06318992376327515
22,9,0.04775116592645645
22,10,0.06801482290029526
22,11,0.0720360055565834
22,12,0.06394700706005096
22,13,0.08430473506450653
22,14,0.05495832860469818
22,15,0.059434160590171814
22,16,0.07355255633592606
22,17,0.06175430119037628
22,18,0.048387713730335236
22,19,0.0476851612329483
22,20,0.06592725962400436
22,21,0.06405087560415268
22,22,0.05788353830575943
22,23,0.08171600103378296
22,24,0.06386852264404297
22,25,0.06490454822778702
22,26,0.0526130236685276
22,27,0.055384472012519836
22,28,0.062401510775089264
22,29,0.06897144764661789
22,30,0.07846006006002426
22,31,0.056117571890354156
22,32,0.05902935564517975
22,33,0.07054483890533447
22,34,0.06266112625598907
22,35,0.05476772040128708
22,36,0.05843760818243027
22,37,0.06709098815917969
22,38,0.053936105221509933
22,39,0.0626358911395073
22,40,0.05731926113367081
22,41,0.06997965276241302
22,42,0.0618455670773983
22,43,0.05762403830885887
22,44,0.05900019034743309
22,45,0.05395917594432831
22,46,0.055762071162462234
22,47,0.05338592827320099
22,48,0.05393453687429428
22,49,0.05344431847333908
22,50,0.05673930048942566
22,51,0.05982676520943642
22,52,0.07018140703439713
22,53,0.06880278885364532
22,54,0.0551932230591774
22,55,0.0474957600235939
22,56,0.05579209327697754
22,57,0.04961441457271576
22,58,0.04580902308225632
22,59,0.05452592670917511
22,60,0.07010529190301895
22,61,0.05158352106809616
22,62,0.05890670418739319
22,63,0.04798772931098938
22,64,0.0551040917634964
22,65,0.05596815422177315
22,66,0.05908152461051941
22,67,0.06283716857433319
22,68,0.056757885962724686
22,69,0.06595907360315323
22,70,0.04748421162366867
22,71,0.05232442915439606
22,72,0.04515405744314194
22,73,0.051585838198661804
22,74,0.06894935667514801
22,75,0.06867814064025879
22,76,0.06328698992729187
23,1,0.06163918226957321
23,2,0.04992225766181946
23,3,0.06205373257398605
23,4,0.04701489955186844
23,5,0.07254941761493683
23,6,0.04935822635889053
23,7,0.060455575585365295
23,8,0.06354563683271408
23,9,0.05445391684770584
23,10,0.0605270192027092
23,11,0.05261142551898956
23,12,0.0676504522562027
23,13,0.0590963214635849
23,14,0.07212679088115692
23,15,0.05788368731737137
23,16,0.05454700440168381
23,17,0.053632453083992004
23,18,0.06497207283973694
23,19,0.06218273937702179
23,20,0.05104714259505272
23,21,0.06854039430618286
23,22,0.05263424664735794
23,23,0.07179512083530426
23,24,0.06357798725366592
23,25,0.05494150519371033
23,26,0.05534767359495163
23,27,0.051544565707445145
23,28,0.057993724942207336
23,29,0.06507328152656555
23,30,0.06510354578495026
23,31,0.047541115432977676
23,32,0.06713486462831497
23,33,0.056961044669151306
23,34,0.05998541787266731
23,35,0.053905509412288666
23,36,0.058142729103565216
23,37,0.05019854009151459
23,38,0.05995845049619675
23,39,0.05654539912939072
23,40,0.05772966146469116
23,41,0.055174775421619415
23,42,0.05557774007320404
23,43,0.05523151904344559
23,44,0.05120629444718361
23,45,0.08712492883205414
23,46,0.04886534810066223
23,47,0.055622365325689316
23,48,0.05315648764371872
23,49,0.06405480206012726
23,50,0.06895962357521057
23,51,0.05460803583264351
23,52,0.05674473196268082
23,53,0.05121771991252899
23,54,0.062000371515750885
23,55,0.055798210203647614
23,56,0.06647881120443344
23,57,0.05099667236208916
23,58,0.05633712187409401
23,59,0.05010474473237991
23,60,0.05138295143842697
23,61,0.04879888519644737
23,62,0.052060242742300034
23,63,0.0534757524728775
23,64,0.06336724758148193
23,65,0.052889421582221985
23,66,0.05558456480503082
23,67,0.05987691134214401
23,68,0.0510156974196434
23,69,0.055501557886600494
23,70,0.04518255591392517
23,71,0.06987481564283371
23,72,0.050456441938877106
23,73,0.048893529921770096
23,74,0.05651005357503891
23,75,0.06066969037055969
23,76,0.052823904901742935
24,1,0.061707064509391785
24,2,0.06370820105075836
24,3,0.06499246507883072
24,4,0.06100570410490036
24,5,0.05528613552451134
24,6,0.07263562828302383
24,7,0.062259163707494736
24,8,0.05781117081642151
24,9,0.048288166522979736
24,10,0.06737147271633148
24,11,0.05430936440825462
24,12,0.06055876240134239
24,13,0.06386744976043701
24,14,0.049623265862464905
24,15,0.05008469149470329
24,16,0.052685581147670746
24,17,0.048908911645412445
24,18,0.04987683147192001
24,19,0.05828006565570831
24,20,0.04909023270010948
24,21,0.05757332220673561
24,22,0.05665943771600723
24,23,0.057363931089639664
24,24,0.06602194905281067
24,25,0.06157126650214195
24,26,0.053868409246206284
24,27,0.04961523413658142
24,28,0.055849574506282806
24,29,0.06410455703735352
24,30,0.05635039880871773
24,31,0.05470283702015877
24,32,0.0838904082775116
24,33,0.0591353215277195
24,34,0.06216428056359291
24,35,0.06933524459600449
24,36,0.047821663320064545
24,37,0.05146724730730057
24,38,0.0826798677444458
24,39,0.05581071972846985
24,40,0.04376217722892761
24,41,0.05695222318172455
24,42,0.06024758517742157
24,43,0.05888482928276062
24,44,0.061812520027160645
24,45,0.05690966546535492
24,46,0.06693802028894424
24,47,0.062415286898612976
24,48,0.050241321325302124
24,49,0.059105224907398224
24,50,0.08343957364559174
24,51,0.05063604190945625
24,52,0.058974213898181915
24,53,0.058492254465818405
24,54,0.06264525651931763
24,55,0.0573161318898201
24,56,0.06888163089752197
24,57,0.06403422355651855
24,58,0.07034286856651306
24,59,0.051565803587436676
24,60,0.059119436889886856
24,61,0.056103214621543884
24,62,0.05628900229930878
24,63,0.06991162151098251
24,64,0.05748311057686806
24,65,0.051572710275650024
24,66,0.050749871879816055
24,67,0.05362246185541153
24,68,0.07563751935958862
24,69,0.04889574646949768
24,70,0.05268477648496628
24,71,0.061594970524311066
24,72,0.0667957291007042
24,73,0.06420907378196716
24,74,0.0692189484834671
24,75,0.06002198904752731
24,76,0.0617179349064827
25,1,0.04974132776260376
25,2,0.04928652569651604
25,3,0.07572522014379501
25,4,0.06163669377565384
25,5,0.05538669601082802
25,6,0.061709314584732056
25,7,0.0523613840341568
25,8,0.05421295017004013
25,9,0.0679178461432457
25,10,0.059782106429338455
25,11,0.050318643450737
25,12,0.05720895901322365
25,13,0.06563700735569
25,14,0.06004391238093376
25,15,0.06590114533901215
25,16,0.05534227937459946
25,17,0.05181099474430084
25,18,0.057491205632686615
25,19,0.0547151044011116
25,20,0.054189495742321014
25,21,0.05842046067118645
25,22,0.04822550714015961
25,23,0.05767218768596649
25,24,0.05589039996266365
25,25,0.05896781012415886
25,26,0.07051090151071548
25,27,0.05358172953128815
25,28,0.0514582097530365
25,29,0.060270801186561584
25,30,0.05729714781045914
25,31,0.04631085321307182
25,32,0.05150388926267624
25,33,0.04739140719175339
25,34,0.05319654569029808
25,35,0.04824932664632797
25,36,0.06983549147844315
25,37,0.07013243436813354
25,38,0.057956669479608536
25,39,0.05961493030190468
25,40,0.05336735397577286
25,41,0.0553007498383522
25,42,0.05298631638288498
25,43,0.06877593696117401
25,44,0.05560555309057236
25,45,0.050360582768917084
25,46,0.060708340257406235
25,47,0.05656794458627701
25,48,0.06695106625556946
25,49,0.06004013866186142
25,50,0.05307724326848984
25,51,0.05216284096240997
25,52,0.058156467974185944
25,53,0.057457633316516876
25,54,0.04704325273633003
25,55,0.05674975365400314
25,56,0.05418763309717178
25,57,0.05319223552942276
25,58,0.0540655255317688
25,59,0.05477415397763252
25,60,0.04421763867139816
25,61,0.04779345169663429
25,62,0.04582181200385094
25,63,0.05085538327693939
25,64,0.05559203773736954
25,65,0.058422837406396866
25,66,0.05448056012392044
25,67,0.056289635598659515
25,68,0.04990158602595329
25,69,0.06072229519486427
25,70,0.06060350313782692
25,71,0.051725007593631744
25,72,0.054341115057468414
25,73,0.04914254695177078
25,74,0.06349869072437286
25,75,0.049653537571430206
25,76,0.048526182770729065
26,1,0.05878712236881256
26,2,0.051014237105846405
26,3,0.064316026866436
26,4,0.07069821655750275
26,5,0.05211106687784195
26,6,0.056619927287101746
26,7,0.04893116652965546
26,8,0.05552353709936142
26,9,0.05654073506593704
26,10,0.05888374522328377
26,11,0.047511015087366104
26,12,0.04992932081222534
26,13,0.0511801615357399
26,14,0.055651675909757614
26,15,0.059346579015254974
26,16,0.047349490225315094
26,17,0.0621342808008194
26,18,0.06242638826370239
26,19,0.05756610631942749
26,20,0.0555085763335228
26,21,0.05878974497318268
26,22,0.0523669570684433
26,23,0.051851142197847366
26,24,0.05797996371984482
26,25,0.055183544754981995
26,26,0.052956245839595795
26,27,0.04532279074192047
26,28,0.05318528413772583
26,29,0.055073004215955734
26,30,0.05385013669729233
26,31,0.04903733730316162
26,32,0.05616217479109764
26,33,0.053767889738082886
26,34,0.051691874861717224
26,35,0.04275381565093994
26,36,0.04893818870186806
26,37,0.06206754222512245
26,38,0.05127069354057312
26,39,0.045752398669719696
26,40,0.056926339864730835
26,41,0.05071575567126274
26,42,0.05693519860506058
26,43,0.05453963205218315
26,44,0.05403845012187958
26,45,0.05206692963838577
26,46,0.060634758323431015
26,47,0.061928439885377884
26,48,0.06336572766304016
26,49,0.043393585830926895
26,50,0.04880940169095993
26,51,0.05194222927093506
26,52,0.050963494926691055
26,53,0.059725724160671234
26,54,0.05953115224838257
26,55,0.06316804885864258
26,56,0.0685473158955574
26,57,0.052176833152770996
26,58,0.05931977555155754
26,59,0.04857686161994934
26,60,0.052045851945877075
26,61,0.05027971416711807
26,62,0.0591169036924839
26,63,0.06960365176200867
26,64,0.048433609306812286
26,65,0.060875117778778076
26,66,0.05403357744216919
26,67,0.060544393956661224
26,68,0.04673393815755844
26,69,0.056894294917583466
26,70,0.051708415150642395
26,71,0.048812538385391235
26,72,0.04705728590488434
26,73,0.05354001000523567
26,74,0.06566428393125534
26,75,0.054540883749723434
26,76,0.05473901331424713
27,1,0.05688043311238289
27,2,0.05301952362060547
27,3,0.061311569064855576
27,4,0.06735220551490784
27,5,0.050758812576532364
27,6,0.06005754694342613
27,7,0.05865798145532608
27,8,0.058780450373888016
27,9,0.05778595432639122
27,10,0.04922972992062569
27,11,0.06159113347530365
27,12,0.054852500557899475
27,13,0.0506170354783535
27,14,0.051332201808691025
27,15,0.05423508211970329
27,16,0.050422392785549164
27,17,0.056937992572784424
27,18,0.05373101681470871
27,19,0.04590488225221634
27,20,0.04957305267453194
27,21,0.05044768005609512
27,22,0.06225268915295601
27,23,0.10959933698177338
27,24,0.06722666323184967
27,25,0.06317668408155441
27,26,0.0664612203836441
27,27,0.04108525067567825
27,28,0.05341146141290665
27,29,0.05265358090400696
27,30,0.058043841272592545
27,31,0.05965615063905716
27,32,0.05893820896744728
27,33,0.057666316628456116
27,34,0.0695364698767662
27,35,0.059133484959602356
27,36,0.047050878405570984
27,37,0.05503682419657707
27,38,0.05723010376095772
27,39,0.06956349313259125
27,40,0.05124421417713165
27,41,0.05363347753882408
27,42,0.0504240021109581
27,43,0.058612845838069916
27,44,0.0574653185904026
27,45,0.054027535021305084
27,46,0.051940444856882095
27,47,0.0498914010822773
27,48,0.04897928237915039
27,49,0.05152774229645729
27,50,0.05461493879556656
27,51,0.05612373352050781
27,52,0.049497779458761215
27,53,0.049033209681510925
27,54,0.04863407835364342
27,55,0.05574747920036316
27,56,0.0668022483587265
27,57,0.05345378443598747
27,58,0.058792777359485626
27,59,0.05123893916606903
27,60,0.06805135309696198
27,61,0.046809032559394836
27,62,0.054564159363508224
27,63,0.05609430372714996
27,64,0.053771115839481354
27,65,0.04859360307455063
27,66,0.05455155670642853
27,67,0.05640442669391632
27,68,0.057250164449214935
27,69,0.04869788885116577
27,70,0.05878913402557373
27,71,0.046513333916664124
27,72,0.048402342945337296
27,73,0.051740508526563644
27,74,0.04933294653892517
27,75,0.052751973271369934
27,76,0.05301353335380554
28,1,0.06089777871966362
28,2,0.05877697095274925
28,3,0.049666035920381546
28,4,0.05538300797343254
28,5,0.0523938313126564
28,6,0.0558989979326725
28,7,0.04732843115925789
28,8,0.04627685993909836
28,9,0.07098948955535889
28,10,0.055197425186634064
28,11,0.0518670380115509
28,12,0.06666785478591919
28,13,0.0478217750787735
28,14,0.04977446049451828
28,15,0.051607877016067505
28,16,0.046750281006097794
28,17,0.0536152720451355
28,18,0.05051248520612717
28,19,0.05793178454041481
28,20,0.05638504400849342
28,21,0.04780200123786926
28,22,0.06981941312551498
28,23,0.049365315586328506
28,24,0.055072493851184845
28,25,0.05124840512871742
28,26,0.05306284874677658
28,27,0.053271129727363586
28,28,0.06903587281703949
28,29,0.056262705475091934
28,30,0.053404439240694046
28,31,0.058805204927921295
28,32,0.04832611232995987
28,33,0.05012880265712738
28,34,0.052797555923461914
28,35,0.05085747316479683
28,36,0.06292674690485
28,37,0.056637272238731384
28,38,0.06320277601480484
28,39,0.0502249076962471
28,40,0.05237982049584389
28,41,0.04735269397497177
28,42,0.05773179605603218
28,43,0.05941487103700638
28,44,0.048645325005054474
28,45,0.04561515152454376
28,46,0.04772638902068138
28,47,0.04801412671804428
28,48,0.04671396315097809
28,49,0.0517626628279686
28,50,0.049068551510572433
28,51,0.052368827164173126
28,52,0.05571797490119934
28,53,0.052021607756614685
28,54,0.048577748239040375
28,55,0.05650477111339569
28,56,0.05706232041120529
28,57,0.05558645725250244
28,58,0.050655726343393326
28,59,0.05437827110290527
28,60,0.05109821632504463
28,61,0.06152516230940819
28,62,0.04737300053238869
28,63,0.04850337654352188
28,64,0.053029660135507584
28,65,0.05350223928689957
28,66,0.04777786135673523
28,67,0.050833843648433685
28,68,0.0654982477426529
28,69,0.057421278208494186
28,70,0.05529146268963814
28,71,0.05911941081285477
28,72,0.05007951706647873
28,73,0.048134006559848785
28,74,0.05093564838171005
28,75,0.0498780757188797
28,76,0.054605111479759216
29,1,0.049010083079338074
29,2,0.06297768652439117
29,3,0.05595328286290169
29,4,0.055201977491378784
29,5,0.06220591813325882
29,6,0.04893632233142853
29,7,0.05193769186735153
29,8,0.04998018965125084
29,9,0.05803903192281723
29,10,0.056420765817165375
29,11,0.05069269984960556
29,12,0.047639064490795135
29,13,0.05362657830119133
29,14,0.0523594506084919
29,15,0.050831541419029236
29,16,0.048781510442495346
29,17,0.049754127860069275
29,18,0.0486961305141449
29,19,0.05758748576045036
29,20,0.047912489622831345
29,21,0.04412413388490677
29,22,0.048491980880498886
29,23,0.05935594439506531
29,24,0.053288884460926056
29,25,0.05120796337723732
29,26,0.05322519689798355
29,27,0.06801863014698029
29,28,0.05552513152360916
29,29,0.04933089762926102
29,30,0.04147027060389519
29,31,0.052948303520679474
29,32,0.04858189821243286
29,33,0.05618926137685776
29,34,0.048088379204273224
29,35,0.052954088896512985
29,36,0.047244131565093994
29,37,0.051401425153017044
29,38,0.05053475871682167
29,39,0.056501999497413635
29,40,0.0510401725769043
29,41,0.060039691627025604
29,42,0.05476751551032066
29,43,0.04243902862071991
29,44,0.05074353516101837
29,45,0.05859091505408287
29,46,0.05538443848490715
29,47,0.051450323313474655
29,48,0.0512859970331192
29,49,0.0561181865632534
29,50,0.06363901495933533
29,51,0.0437057688832283
29,52,0.04467520862817764
29,53,0.05067124590277672
29,54,0.05728542059659958
29,55,0.047769930213689804
29,56,0.049121737480163574
29,57,0.05129463970661163
29,58,0.05272702872753143
29,59,0.05711715668439865
29,60,0.0450194776058197
29,61,0.05377272516489029
29,62,0.06044590473175049
29,63,0.05641651153564453
29,64,0.0432695709168911
29,65,0.05973435565829277
29,66,0.053389012813568115
29,67,0.057492971420288086
29,68,0.04864536225795746
29,69,0.054787762463092804
29,70,0.05656255781650543
29,71,0.04831433296203613
29,72,0.05010605603456497
29,73,0.05694219470024109
29,74,0.047094374895095825
29,75,0.05552126467227936
29,76,0.049313344061374664
30,1,0.05880386009812355
30,2,0.053360819816589355
30,3,0.0576600581407547
30,4,0.051402006298303604
30,5,0.05476208031177521
30,6,0.04681093618273735
30,7,0.053232595324516296
30,8,0.044178642332553864
30,9,0.06312546133995056
30,10,0.05339619517326355
30,11,0.049746911972761154
30,12,0.05552850663661957
30,13,0.05187138170003891
30,14,0.04579458385705948
30,15,0.05194661021232605
30,16,0.05825334042310715
30,17,0.04900278151035309
30,18,0.05289764702320099
30,19,0.04991026967763901
30,20,0.05936378985643387
30,21,0.04956105351448059
30,22,0.050507377833127975
30,23,0.05191715061664581
30,24,0.04988136142492294
30,25,0.05212123319506645
30,26,0.05389396473765373
30,27,0.048456162214279175
30,28,0.05910372734069824
30,29,0.05825525522232056
30,30,0.05034744739532471
30,31,0.05162317305803299
30,32,0.053550656884908676
30,33,0.04380045831203461
30,34,0.04598699510097504
30,35,0.04861980304121971
30,36,0.046165235340595245
30,37,0.05471929907798767
30,38,0.052947305142879486
30,39,0.05033886805176735
30,40,0.047749113291502
30,41,0.057006947696208954
30,42,0.05165328457951546
30,43,0.04513297975063324
30,44,0.05093108490109444
30,45,0.053857579827308655
30,46,0.04660733789205551
30,47,0.05664101988077164
30,48,0.05476156994700432
30,49,0.04656331241130829
30,50,0.051282137632369995
30,51,0.04549848288297653
30,52,0.0454803965985775
30,53,0.04376573860645294
30,54,0.07368291914463043
30,55,0.05250280350446701
30,56,0.04744286835193634
30,57,0.051336728036403656
30,58,0.0518285296857357
30,59,0.045793838798999786
30,60,0.04911595582962036
30,61,0.04594074562191963
30,62,0.0476016029715538
30,63,0.059142209589481354
30,64,0.05176697298884392
30,65,0.06693747639656067
30,66,0.05619580298662186
30,67,0.0502278208732605
30,68,0.0537894070148468
30,69,0.05106883868575096
30,70,0.05206451192498207
30,71,0.04682987183332443
30,72,0.05608993023633957
30,73,0.04842977970838547
30,74,0.057514019310474396
30,75,0.048143498599529266
30,76,0.04750600457191467
31,1,0.05660058557987213
31,2,0.058975644409656525
31,3,0.053293563425540924
31,4,0.04916473478078842
31,5,0.051399730145931244
31,6,0.05428051948547363
31,7,0.057064685970544815
31,8,0.04746111482381821
31,9,0.05412817746400833
31,10,0.05189995467662811
31,11,0.05202370136976242
31,12,0.052390530705451965
31,13,0.05112268030643463
31,14,0.07126303762197495
31,15,0.052473973482847214
31,16,0.04861398786306381
31,17,0.055964916944503784
31,18,0.04332951828837395
31,19,0.05612220987677574
31,20,0.04666269198060036
31,21,0.05136921629309654
31,22,0.052497200667858124
31,23,0.04944955185055733
31,24,0.04683409631252289
31,25,0.04917295277118683
31,26,0.06250432133674622
31,27,0.05289188027381897
31,28,0.06177829951047897
31,29,0.05529000610113144
31,30,0.053566716611385345
31,31,0.05814303085207939
31,32,0.05083585903048515
31,33,0.04914795234799385
31,34,0.0547063946723938
31,35,0.05372713878750801
31,36,0.048977263271808624
31,37,0.0516381561756134
31,38,0.056155070662498474
31,39,0.052749812602996826
31,40,0.06052837520837784
31,41,0.05707588791847229
31,42,0.05773564800620079
31,43,0.045189160853624344
31,44,0.048127513378858566
31,45,0.05811605602502823
31,46,0.06325393915176392
31,47,0.051375724375247955
31,48,0.04255043715238571
31,49,0.05107642710208893
31,50,0.05185015872120857
31,51,0.05109890177845955
31,52,0.0493343323469162
31,53,0.05358336120843887
31,54,0.042199160903692245
31,55,0.047208234667778015
31,56,0.043577566742897034
31,57,0.05884542316198349
31,58,0.0479135736823082
31,59,0.04590673744678497
31,60,0.045189812779426575
31,61,0.05206930264830589
31,62,0.045606113970279694
31,63,0.06406772881746292
31,64,0.0476192981004715
31,65,0.0522359162569046
31,66,0.047012098133563995
31,67,0.05521690472960472
31,68,0.04784891754388809
31,69,0.045891545712947845
31,70,0.056814976036548615
31,71,0.046468108892440796
31,72,0.05066443234682083
31,73,0.049736686050891876
31,74,0.05281811207532883
31,75,0.0507691316306591
31,76,0.04155532270669937
32,1,0.05612151697278023
32,2,0.04301031678915024
32,3,0.055392682552337646
32,4,0.05121639370918274
32,5,0.051325224339962006
32,6,0.045517198741436005
32,7,0.05083209648728371
32,8,0.04472952336072922
32,9,0.05272415652871132
32,10,0.054895754903554916
32,11,0.04946120083332062
32,12,0.04825093597173691
32,13,0.055031463503837585
32,14,0.048692479729652405
32,15,0.05052629113197327
32,16,0.06162388250231743
32,17,0.046361733227968216
32,18,0.04838579148054123
32,19,0.04920367896556854
32,20,0.05523982644081116
32,21,0.0683283805847168
32,22,0.05923961102962494
32,23,0.05232582241296768
32,24,0.0456538125872612
32,25,0.04852479323744774
32,26,0.050091519951820374
32,27,0.05953575670719147
32,28,0.05302838608622551
32,29,0.04654844477772713
32,30,0.052516043186187744
32,31,0.057466816157102585
32,32,0.06273951381444931
32,33,0.048885978758335114
32,34,0.05010253190994263
32,35,0.05077403783798218
32,36,0.048070743680000305
32,37,0.0508250966668129
32,38,0.04400553181767464
32,39,0.0470600426197052
32,40,0.06025677174329758
32,41,0.04864205792546272
32,42,0.05109255760908127
32,43,0.046368926763534546
32,44,0.04193580150604248
32,45,0.04482321813702583
32,46,0.05667434632778168
32,47,0.043629247695207596
32,48,0.046751439571380615
32,49,0.05011492967605591
32,50,0.0490010604262352
32,51,0.05570170655846596
32,52,0.04963861405849457
32,53,0.04296869412064552
32,54,0.04750737547874451
32,55,0.05114658176898956
32,56,0.049304474145174026
32,57,0.044116124510765076
32,58,0.049062468111515045
32,59,0.053687307983636856
32,60,0.045264244079589844
32,61,0.048489660024642944
32,62,0.050199106335639954
32,63,0.05024024471640587
32,64,0.05465459078550339
32,65,0.04978989437222481
32,66,0.041380587965250015
32,67,0.04550161957740784
32,68,0.05559924244880676
32,69,0.0440124087035656
32,70,0.05033968389034271
32,71,0.057213056832551956
32,72,0.04831957444548607
32,73,0.052569422870874405
32,74,0.055987436324357986
32,75,0.054464541375637054
32,76,0.05295387655496597
33,1,0.045983657240867615
33,2,0.045944325625896454
33,3,0.04639557749032974
33,4,0.054027147591114044
33,5,0.04746246337890625
33,6,0.051223576068878174
33,7,0.04665226489305496
33,8,0.04796940088272095
33,9,0.04676758870482445
33,10,0.0525500550866127
33,11,0.051094163209199905
33,12,0.04851727932691574
33,13,0.05028832331299782
33,14,0.045303016901016235
33,15,0.04845089465379715
33,16,0.05586143583059311
33,17,0.05653614550828934
33,18,0.05316019803285599
33,19,0.052948255091905594
33,20,0.05547041445970535
33,21,0.04633236303925514
33,22,0.048490360379219055
33,23,0.041981570422649384
33,24,0.051707372069358826
33,25,0.046463049948215485
33,26,0.056110136210918427
33,27,0.04827810823917389
33,28,0.043163761496543884
33,29,0.05715757980942726
33,30,0.05275119096040726
33,31,0.058787982910871506
33,32,0.042270515114068985
33,33,0.05548914521932602
33,34,0.062081992626190186
33,35,0.048716384917497635
33,36,0.05644660443067551
33,37,0.053744275122880936
33,38,0.05148870870471001
33,39,0.059449467808008194
33,40,0.057681672275066376
33,41,0.04602819308638573
33,42,0.04585600644350052
33,43,0.05210784077644348
33,44,0.054419077932834625
33,45,0.044783689081668854
33,46,0.0512080080807209
33,47,0.057194121181964874
33,48,0.05432969331741333
33,49,0.04818270355463028
33,50,0.041758645325899124
33,51,0.049957048147916794
33,52,0.039061225950717926
33,53,0.04946945980191231
33,54,0.04601631686091423
33,55,0.047861844301223755
33,56,0.04896271228790283
33,57,0.042068712413311005
33,58,0.05669925734400749
33,59,0.05025053024291992
33,60,0.05727843940258026
33,61,0.04707467555999756
33,62,0.058137986809015274
33,63,0.05353372544050217
33,64,0.04557362198829651
33,65,0.06309445947408676
33,66,0.04866598919034004
33,67,0.049669839441776276
33,68,0.057406339794397354
33,69,0.051958538591861725
33,70,0.044213153421878815
33,71,0.047938551753759384
33,72,0.043099336326122284
33,73,0.044568248093128204
33,74,0.04866102337837219
33,75,0.04997256398200989
33,76,0.058782704174518585
34,1,0.051192596554756165
34,2,0.046086929738521576
34,3,0.04572153091430664
34,4,0.04370218142867088
34,5,0.04496827349066734
34,6,0.05126761645078659
34,7,0.04707088693976402
34,8,0.047829341143369675
34,9,0.044444747269153595
34,10,0.05895032733678818
34,11,0.0559978149831295
34,12,0.050580136477947235
34,13,0.06558753550052643
34,14,0.04541093111038208
34,15,0.05074312165379524
34,16,0.05009964853525162
34,17,0.04960476607084274
34,18,0.06043676286935806
34,19,0.05642154440283775
34,20,0.04532169550657272
34,21,0.0480584055185318
34,22,0.04982879012823105
34,23,0.05806858837604523
34,24,0.05393630638718605
34,25,0.054409194737672806
34,26,0.06455208361148834
34,27,0.043412625789642334
34,28,0.05424947664141655
34,29,0.05455118417739868
34,30,0.04928792268037796
34,31,0.04584694281220436
34,32,0.04371778666973114
34,33,0.051456768065690994
34,34,0.04555225372314453
34,35,0.0450560599565506
34,36,0.05539502948522568
34,37,0.051181260496377945
34,38,0.06271480768918991
34,39,0.04636605083942413
34,40,0.06391406059265137
34,41,0.0456664115190506
34,42,0.053191110491752625
34,43,0.05534040927886963
34,44,0.04257886856794357
34,45,0.05060075968503952
34,46,0.05124864727258682
34,47,0.04105725139379501
34,48,0.05296250805258751
34,49,0.04337547719478607
34,50,0.044164739549160004
34,51,0.04840775579214096
34,52,0.07129528373479843
34,53,0.04710964113473892
34,54,0.04207037389278412
34,55,0.04787878692150116
34,56,0.049101341515779495
34,57,0.05444086715579033
34,58,0.04787905141711235
34,59,0.047568581998348236
34,60,0.05654461681842804
34,61,0.0537525936961174
34,62,0.04626113176345825
34,63,0.056882403790950775
34,64,0.043662529438734055
34,65,0.04263545572757721
34,66,0.04790648818016052
34,67,0.04965897649526596
34,68,0.05006628483533859
34,69,0.04818896949291229
34,70,0.055766887962818146
34,71,0.04401585832238197
34,72,0.058378636837005615
34,73,0.04780507832765579
34,74,0.05890253186225891
34,75,0.05431457608938217
34,76,0.05339020490646362
35,1,0.04702391475439072
35,2,0.04573696479201317
35,3,0.04254541173577309
35,4,0.051015228033065796
35,5,0.05217571556568146
35,6,0.045785799622535706
35,7,0.0488877072930336
35,8,0.04495681822299957
35,9,0.0504869744181633
35,10,0.05403478443622589
35,11,0.05270220339298248
35,12,0.05752795562148094
35,13,0.04719142988324165
35,14,0.04879792779684067
35,15,0.0820227861404419
35,16,0.054229170083999634
35,17,0.04804607480764389
35,18,0.046722039580345154
35,19,0.046863310039043427
35,20,0.05239280313253403
35,21,0.05579055845737457
35,22,0.046921782195568085
35,23,0.052611351013183594
35,24,0.05416741594672203
35,25,0.04346461966633797
35,26,0.05517563968896866
35,27,0.04697170853614807
35,28,0.05188214033842087
35,29,0.05830646678805351
35,30,0.04332312196493149
35,31,0.06123755872249603
35,32,0.04991503804922104
35,33,0.045051831752061844
35,34,0.05016844719648361
35,35,0.037299782037734985
35,36,0.04263962432742119
35,37,0.04532879590988159
35,38,0.05710943415760994
35,39,0.056303977966308594
35,40,0.053829021751880646
35,41,0.04397006332874298
35,42,0.047186754643917084
35,43,0.056545838713645935
35,44,0.04220036417245865
35,45,0.04877709597349167
35,46,0.04375720024108887
35,47,0.039590023458004
35,48,0.04409998282790184
35,49,0.05127622187137604
35,50,0.047114524990320206
35,51,0.05219380185008049
35,52,0.04759644344449043
35,53,0.05274057015776634
35,54,0.0487893708050251
35,55,0.0427568256855011
35,56,0.039136871695518494
35,57,0.04441293329000473
35,58,0.04545440524816513
35,59,0.0581778958439827
35,60,0.05865081399679184
35,61,0.05245383828878403
35,62,0.05083446949720383
35,63,0.05478851497173309
35,64,0.043737974017858505
35,65,0.04656151682138443
35,66,0.0531582310795784
35,67,0.051732368767261505
35,68,0.04270743206143379
35,69,0.04366068169474602
35,70,0.04731760919094086
35,71,0.05260276794433594
35,72,0.04731135815382004
35,73,0.04923760145902634
35,74,0.05579080432653427
35,75,0.043183550238609314
35,76,0.051253557205200195
36,1,0.04301673173904419
36,2,0.052071407437324524
36,3,0.05260620266199112
36,4,0.04673699289560318
36,5,0.04685354232788086
36,6,0.03922747075557709
36,7,0.049598343670368195
36,8,0.04124218225479126
36,9,0.052904319018125534
36,10,0.04792536050081253
36,11,0.04854494333267212
36,12,0.05792831629514694
36,13,0.04383954033255577
36,14,0.04607120528817177
36,15,0.05039621889591217
36,16,0.0510546900331974
36,17,0.0423748642206192
36,18,0.04650671407580376
36,19,0.05042150616645813
36,20,0.05022900924086571
36,21,0.0497075617313385
36,22,0.0478096678853035
36,23,0.05192476511001587
36,24,0.038513533771038055
36,25,0.04407356679439545
36,26,0.04650060459971428
36,27,0.055894747376441956
36,28,0.04995618760585785
36,29,0.04801469296216965
36,30,0.05464032292366028
36,31,0.04844994470477104
36,32,0.047997020184993744
36,33,0.04673207551240921
36,34,0.05778241157531738
36,35,0.05546264722943306
36,36,0.050837572664022446
36,37,0.044877976179122925
36,38,0.05477543920278549
36,39,0.05506126955151558
36,40,0.052266016602516174
36,41,0.05255037918686867
36,42,0.05916770175099373
36,43,0.05065654218196869
36,44,0.07063819468021393
36,45,0.056507810950279236
36,46,0.060437723994255066
36,47,0.039832066744565964
36,48,0.05319034680724144
36,49,0.048128560185432434
36,50,0.053359076380729675
36,51,0.04156585782766342
36,52,0.04295958951115608
36,53,0.04738810285925865
36,54,0.05217421427369118
36,55,0.0481489896774292
36,56,0.0441247820854187
36,57,0.04669716954231262
36,58,0.05252252146601677
36,59,0.0499703474342823
36,60,0.04370076209306717
36,61,0.0474342480301857
36,62,0.041474975645542145
36,63,0.05102204531431198
36,64,0.04336266219615936
36,65,0.04831627011299133
36,66,0.044564880430698395
36,67,0.06275913119316101
36,68,0.05254080146551132
36,69,0.060835838317871094
36,70,0.04771573469042778
36,71,0.05465731769800186
36,72,0.06232501193881035
36,73,0.0570174902677536
36,74,0.05412326008081436
36,75,0.041254643350839615
36,76,0.0482141450047493
37,1,0.04435901716351509
37,2,0.04765431582927704
37,3,0.05137128382921219
37,4,0.062323421239852905
37,5,0.05216912925243378
37,6,0.044201504439115524
37,7,0.0477108433842659
37,8,0.04729723185300827
37,9,0.053363122045993805
37,10,0.05702921748161316
37,11,0.051389291882514954
37,12,0.05046018213033676
37,13,0.041368816047906876
37,14,0.044683970510959625
37,15,0.047304943203926086
37,16,0.045608021318912506
37,17,0.055371034890413284
37,18,0.05650367587804794
37,19,0.05136055499315262
37,20,0.056348320096731186
37,21,0.0504436232149601
37,22,0.05401170626282692
37,23,0.05608847737312317
37,24,0.058064039796590805
37,25,0.05453044921159744
37,26,0.05867859348654747
37,27,0.05571139231324196
37,28,0.04370271414518356
37,29,0.04477474093437195
37,30,0.050572458654642105
37,31,0.046579115092754364
37,32,0.047534652054309845
37,33,0.04629629850387573
37,34,0.05007663369178772
37,35,0.05016995966434479
37,36,0.04738583043217659
37,37,0.04707585275173187
37,38,0.05292954668402672
37,39,0.044860661029815674
37,40,0.048856042325496674
37,41,0.04685618355870247
37,42,0.05468121916055679
37,43,0.055701471865177155
37,44,0.04744325578212738
37,45,0.05123189091682434
37,46,0.06271493434906006
37,47,0.05731070041656494
37,48,0.051207296550273895
37,49,0.04209782928228378
37,50,0.05175640061497688
37,51,0.05487144738435745
37,52,0.048260826617479324
37,53,0.04914933443069458
37,54,0.04720483720302582
37,55,0.05578027665615082
37,56,0.045022882521152496
37,57,0.05086248368024826
37,58,0.045321714133024216
37,59,0.045243825763463974
37,60,0.05739736557006836
37,61,0.0466754250228405
37,62,0.047825805842876434
37,63,0.04622288793325424
37,64,0.05183450132608414
37,65,0.044635556638240814
37,66,0.04436305910348892
37,67,0.040726181119680405
37,68,0.04607488587498665
37,69,0.04638151079416275
37,70,0.05895880609750748
37,71,0.04607267677783966
37,72,0.053138718008995056
37,73,0.051547300070524216
37,74,0.04286457598209381
37,75,0.04865562915802002
37,76,0.053725652396678925
38,1,0.04544945806264877
38,2,0.05015488713979721
38,3,0.046637967228889465
38,4,0.04160918667912483
38,5,0.0462157279253006
38,6,0.044057343155145645
38,7,0.04428589716553688
38,8,0.049203790724277496
38,9,0.04824470356106758
38,10,0.05012863129377365
38,11,0.043063949793577194
38,12,0.0657510906457901
38,13,0.041411496698856354
38,14,0.04423387348651886
38,15,0.05072089657187462
38,16,0.04699209704995155
38,17,0.04920916631817818
38,18,0.04003070294857025
38,19,0.04963996261358261
38,20,0.05191842466592789
38,21,0.047579940408468246
38,22,0.04344794526696205
38,23,0.049416400492191315
38,24,0.05248648673295975
38,25,0.04898069053888321
38,26,0.04508742690086365
38,27,0.04003877192735672
38,28,0.03917260095477104
38,29,0.056003522127866745
38,30,0.05107538402080536
38,31,0.04581429809331894
38,32,0.047338925302028656
38,33,0.03728317841887474
38,34,0.0433252677321434
38,35,0.04241818189620972
38,36,0.048481740057468414
38,37,0.05342957749962807
38,38,0.04646318405866623
38,39,0.04320337623357773
38,40,0.058215394616127014
38,41,0.04407266154885292
38,42,0.047329362481832504
38,43,0.04294546693563461
38,44,0.04747520387172699
38,45,0.06200679391622543
38,46,0.04660883918404579
38,47,0.05004790425300598
38,48,0.044002313166856766
38,49,0.0500774085521698
38,50,0.05015494301915169
38,51,0.05211147293448448
38,52,0.04578226059675217
38,53,0.04773040860891342
38,54,0.044909801334142685
38,55,0.04760574549436569
38,56,0.049017284065485
38,57,0.03996569663286209
38,58,0.04858768731355667
38,59,0.048628680408000946
38,60,0.046046238392591476
38,61,0.05954589322209358
38,62,0.04261799901723862
38,63,0.04988554120063782
38,64,0.055390626192092896
38,65,0.05209789052605629
38,66,0.04317764565348625
38,67,0.04411175101995468
38,68,0.04372729733586311
38,69,0.04019464924931526
38,70,0.05229060724377632
38,71,0.05856434255838394
38,72,0.04170849174261093
38,73,0.04737408459186554
38,74,0.05324838310480118
38,75,0.05096317455172539
38,76,0.045567505061626434
39,1,0.04483148083090782
39,2,0.04520820081233978
39,3,0.052462246268987656
39,4,0.04824049025774002
39,5,0.05380217730998993
39,6,0.04863503575325012
39,7,0.04748575761914253
39,8,0.0452701635658741
39,9,0.04656277969479561
39,10,0.04611384496092796
39,11,0.03914044052362442
39,12,0.041014574468135834
39,13,0.04513974487781525
39,14,0.04631849378347397
39,15,0.05058881640434265
39,16,0.0495719388127327
39,17,0.043950144201517105
39,18,0.04850310832262039
39,19,0.04374393820762634
39,20,0.0491032749414444
39,21,0.04981432110071182
39,22,0.05254126340150833
39,23,0.06184211000800133
39,24,0.049730703234672546
39,25,0.0517452247440815
39,26,0.04173337668180466
39,27,0.05281555652618408
39,28,0.04105791449546814
39,29,0.04728439450263977
39,30,0.042661357671022415
39,31,0.050559744238853455
39,32,0.04686787724494934
39,33,0.045829787850379944
39,34,0.042703840881586075
39,35,0.03649492561817169
39,36,0.04613673686981201
39,37,0.045317213982343674
39,38,0.054360389709472656
39,39,0.046227190643548965
39,40,0.045794855803251266
39,41,0.06304413080215454
39,42,0.046064116060733795
39,43,0.05059715360403061
39,44,0.06677427887916565
39,45,0.06468571722507477
39,46,0.044248051941394806
39,47,0.05238581448793411
39,48,0.050795651972293854
39,49,0.043638214468955994
39,50,0.04678364843130112
39,51,0.04276099056005478
39,52,0.05218144506216049
39,53,0.0541713610291481
39,54,0.04218631237745285
39,55,0.04837082698941231
39,56,0.04450444132089615
39,57,0.04565862938761711
39,58,0.0435946062207222
39,59,0.04521593451499939
39,60,0.04753601551055908
39,61,0.044661641120910645
39,62,0.05612468719482422
39,63,0.051908526569604874
39,64,0.04699937254190445
39,65,0.050896741449832916
39,66,0.0467129722237587
39,67,0.05317387729883194
39,68,0.045405831187963486
39,69,0.03949869051575661
39,70,0.054117701947689056
39,71,0.044485315680503845
39,72,0.0532369539141655
39,73,0.04038557782769203
39,74,0.04561363905668259
39,75,0.04438534006476402
39,76,0.046616509556770325
40,1,0.05104220658540726
40,2,0.04860252887010574
40,3,0.047804996371269226
40,4,0.055711932480335236
40,5,0.05368286371231079
40,6,0.050311069935560226
40,7,0.051339976489543915
40,8,0.051093727350234985
40,9,0.05940810590982437
40,10,0.04100986197590828
40,11,0.04793519154191017
40,12,0.0569583922624588
40,13,0.045072540640830994
40,14,0.050434038043022156
40,15,0.04626926779747009
40,16,0.05020416900515556
40,17,0.04280071705579758
40,18,0.04824703931808472
40,19,0.03927341848611832
40,20,0.03980856388807297
40,21,0.05681310594081879
40,22,0.044505663216114044
40,23,0.0483686625957489
40,24,0.046514786779880524
40,25,0.043579619377851486
40,26,0.044401783496141434
40,27,0.050967343151569366
40,28,0.04776600003242493
40,29,0.05896630510687828
40,30,0.06053720787167549
40,31,0.03956642001867294
40,32,0.05471128970384598
40,33,0.04019343852996826
40,34,0.04517124593257904
40,35,0.04489266872406006
40,36,0.05500679835677147
40,37,0.047084011137485504
40,38,0.07228824496269226
40,39,0.05406409502029419
40,40,0.0444505400955677
40,41,0.04342164844274521
40,42,0.040263090282678604
40,43,0.053853265941143036
40,44,0.05725102126598358
40,45,0.054434634745121
40,46,0.0497620552778244
40,47,0.05086471885442734
40,48,0.053226180374622345
40,49,0.041490115225315094
40,50,0.04760146886110306
40,51,0.04544835537672043
40,52,0.04200875759124756
40,53,0.04868036508560181
40,54,0.050966616719961166
40,55,0.03917260468006134
40,56,0.045275598764419556
40,57,0.054314710199832916
40,58,0.05854542925953865
40,59,0.04665703698992729
40,60,0.045904580503702164
40,61,0.049640096724033356
40,62,0.03971978276968002
40,63,0.04855945706367493
40,64,0.040278609842061996
40,65,0.03839215636253357
40,66,0.04273374006152153
40,67,0.04566146433353424
40,68,0.05289331078529358
40,69,0.0445173904299736
40,70,0.037210799753665924
40,71,0.054767679423093796
40,72,0.04516955092549324
40,73,0.049606505781412125
40,74,0.046903543174266815
40,75,0.04822850227355957
40,76,0.045164138078689575
41,1,0.04905165731906891
41,2,0.04011912643909454
41,3,0.04400971904397011
41,4,0.045966874808073044
41,5,0.044052887707948685
41,6,0.04986393451690674
41,7,0.042449429631233215
41,8,0.04503640905022621
41,9,0.05018498748540878
41,10,0.0484897643327713
41,11,0.042660024017095566
41,12,0.04547706991434097
41,13,0.04573691263794899
41,14,0.042216479778289795
41,15,0.04504755884408951
41,16,0.06782059371471405
41,17,0.04211883246898651
41,18,0.04918108135461807
41,19,0.05246058106422424
41,20,0.05374007299542427
41,21,0.0457625538110733
41,22,0.04170455038547516
41,23,0.05074071139097214
41,24,0.04781799763441086
41,25,0.04404992610216141
41,26,0.046874381601810455
41,27,0.043322645127773285
41,28,0.04331473633646965
41,29,0.044332459568977356
41,30,0.0640815868973732
41,31,0.0546465665102005
41,32,0.057072386145591736
41,33,0.05128397047519684
41,34,0.06067292019724846
41,35,0.05121048167347908
41,36,0.05647476390004158
41,37,0.04430520534515381
41,38,0.04974339157342911
41,39,0.06964696943759918
41,40,0.043697815388441086
41,41,0.05047840625047684
41,42,0.042460985481739044
41,43,0.050933800637722015
41,44,0.04970990866422653
41,45,0.04076313227415085
41,46,0.039390914142131805
41,47,0.04738469421863556
41,48,0.05353809893131256
41,49,0.045800503343343735
41,50,0.043591342866420746
41,51,0.049944840371608734
41,52,0.04208044707775116
41,53,0.04634673148393631
41,54,0.0507374107837677
41,55,0.047326162457466125
41,56,0.051356974989175797
41,57,0.04443838447332382
41,58,0.04297502711415291
41,59,0.0472036749124527
41,60,0.05316349118947983
41,61,0.04638668894767761
41,62,0.05094465985894203
41,63,0.0414307601749897
41,64,0.04573776572942734
41,65,0.051101215183734894
41,66,0.04753345251083374
41,67,0.04132302105426788
41,68,0.05439073592424393
41,69,0.046651534736156464
41,70,0.04052995517849922
41,71,0.05143209174275398
41,72,0.03977026045322418
41,73,0.055733587592840195
41,74,0.05088320001959801
41,75,0.04845708608627319
41,76,0.037944965064525604
42,1,0.051821496337652206
42,2,0.05682939291000366
42,3,0.044884730130434036
42,4,0.05559355765581131
42,5,0.05103777348995209
42,6,0.051774632185697556
42,7,0.042665544897317886
42,8,0.04434450715780258
42,9,0.052906133234500885
42,10,0.03967798128724098
42,11,0.04765084385871887
42,12,0.047903865575790405
42,13,0.04904119670391083
42,14,0.03973820433020592
42,15,0.04064709693193436
42,16,0.053686294704675674
42,17,0.04332317039370537
42,18,0.04006713256239891
42,19,0.04170098900794983
42,20,0.045832253992557526
42,21,0.04770395904779434
42,22,0.03905263543128967
42,23,0.03471888229250908
42,24,0.03690975904464722
42,25,0.041327666491270065
42,26,0.05347740650177002
42,27,0.04518818110227585
42,28,0.04746963828802109
42,29,0.04542367160320282
42,30,0.052301596850156784
42,31,0.04694601893424988
42,32,0.05638479068875313
42,33,0.04707322642207146
42,34,0.047082699835300446
42,35,0.05042744055390358
42,36,0.045724183320999146
42,37,0.04591161012649536
42,38,0.03824206441640854
42,39,0.052326351404190063
42,40,0.05368167161941528
42,41,0.03697600215673447
42,42,0.0423194020986557
42,43,0.04329119995236397
42,44,0.04246993735432625
42,45,0.04948163777589798
42,46,0.04659122973680496
42,47,0.05230586975812912
42,48,0.04141742363572121
42,49,0.04354824125766754
42,50,0.043130651116371155
42,51,0.04380679130554199
42,52,0.05003870278596878
42,53,0.053816236555576324
42,54,0.04777387157082558
42,55,0.0445307195186615
42,56,0.05858989804983139
42,57,0.0493689626455307
42,58,0.04197593033313751
42,59,0.04764115437865257
42,60,0.043891631066799164
42,61,0.0452917218208313
42,62,0.05071272701025009
42,63,0.04398899897933006
42,64,0.039655283093452454
42,65,0.04606189951300621
42,66,0.05160157382488251
42,67,0.046359725296497345
42,68,0.05133975297212601
42,69,0.04073517769575119
42,70,0.04191819205880165
42,71,0.042716629803180695
42,72,0.045510269701480865
42,73,0.05373544991016388
42,74,0.04550529271364212
42,75,0.040670447051525116
42,76,0.047022778540849686
43,1,0.039153993129730225
43,2,0.04178507626056671
43,3,0.042869932949543
43,4,0.04088575392961502
43,5,0.03971134126186371
43,6,0.04969772696495056
43,7,0.04504140093922615
43,8,0.05265869200229645
43,9,0.04523690789937973
43,10,0.045954473316669464
43,11,0.04439137876033783
43,12,0.04870806261897087
43,13,0.04986146092414856
43,14,0.04786207526922226
43,15,0.04252449423074722
43,16,0.046117380261421204
43,17,0.04723111912608147
43,18,0.04137473180890083
43,19,0.040114764124155045
43,20,0.04438132047653198
43,21,0.0454539880156517
43,22,0.04489707946777344
43,23,0.04597761854529381
43,24,0.044578343629837036
43,25,0.05386336147785187
43,26,0.047695793211460114
43,27,0.041478946805000305
43,28,0.043772950768470764
43,29,0.043704330921173096
43,30,0.038360193371772766
43,31,0.04354289174079895
43,32,0.05000278353691101
43,33,0.04262790083885193
43,34,0.04099905490875244
43,35,0.04638010635972023
43,36,0.04528321325778961
43,37,0.0474521778523922
43,38,0.039750732481479645
43,39,0.049123696982860565
43,40,0.041847314685583115
43,41,0.046111419796943665
43,42,0.04812067002058029
43,43,0.04630644991993904
43,44,0.04049450904130936
43,45,0.04432684928178787
43,46,0.05333520844578743
43,47,0.038171570748090744
43,48,0.05257785692811012
43,49,0.04262549802660942
43,50,0.03952453285455704
43,51,0.04086891561746597
43,52,0.06425399333238602
43,53,0.054156430065631866
43,54,0.045179180800914764
43,55,0.04909253865480423
43,56,0.04025251418352127
43,57,0.04179360345005989
43,58,0.04000183194875717
43,59,0.04519464820623398
43,60,0.03888958692550659
43,61,0.05787255987524986
43,62,0.053544849157333374
43,63,0.04641658067703247
43,64,0.04283180087804794
43,65,0.047972507774829865
43,66,0.04791533946990967
43,67,0.044507719576358795
43,68,0.04737288877367973
43,69,0.04565390199422836
43,70,0.04205651581287384
43,71,0.04108799248933792
43,72,0.045513007789850235
43,73,0.043211936950683594
43,74,0.05135587602853775
43,75,0.04458709806203842
43,76,0.04627121612429619
44,1,0.042362190783023834
44,2,0.052734002470970154
44,3,0.05545315146446228
44,4,0.04237932711839676
44,5,0.05001245439052582
44,6,0.0411251075565815
44,7,0.038894351571798325
44,8,0.04156317189335823
44,9,0.04567212611436844
44,10,0.04049336910247803
44,11,0.047205835580825806
44,12,0.04054887592792511
44,13,0.042372506111860275
44,14,0.042006079107522964
44,15,0.048360321670770645
44,16,0.052745066583156586
44,17,0.0428796112537384
44,18,0.050399456173181534
44,19,0.04418164864182472
44,20,0.040478046983480453
44,21,0.047263018786907196
44,22,0.0418960303068161
44,23,0.034791335463523865
44,24,0.04420484974980354
44,25,0.04394916445016861
44,26,0.049087557941675186
44,27,0.046366218477487564
44,28,0.05256989598274231
44,29,0.050073280930519104
44,30,0.05000261962413788
44,31,0.045341841876506805
44,32,0.04467657208442688
44,33,0.04233787953853607
44,34,0.04302287474274635
44,35,0.04562005400657654
44,36,0.04405441880226135
44,37,0.04207177460193634
44,38,0.043112799525260925
44,39,0.05418859422206879
44,40,0.04577559232711792
44,41,0.05127846449613571
44,42,0.04979802295565605
44,43,0.05168847367167473
44,44,0.05099019408226013
44,45,0.04121459648013115
44,46,0.048164792358875275
44,47,0.042185090482234955
44,48,0.04702848196029663
44,49,0.045860882848501205
44,50,0.047226421535015106
44,51,0.04709140583872795
44,52,0.055630989372730255
44,53,0.04540079087018967
44,54,0.042681314051151276
44,55,0.055301036685705185
44,56,0.05095388740301132
44,57,0.04974886029958725
44,58,0.03950399160385132
44,59,0.049831390380859375
44,60,0.04469241201877594
44,61,0.04945983365178108
44,62,0.04070766270160675
44,63,0.04823683947324753
44,64,0.042809970676898956
44,65,0.04147322475910187
44,66,0.0499972403049469
44,67,0.047547828406095505
44,68,0.0510077029466629
44,69,0.03446885943412781
44,70,0.04274353012442589
44,71,0.04676966369152069
44,72,0.041020892560482025
44,73,0.04523281008005142
44,74,0.03892216458916664
44,75,0.044496409595012665
44,76,0.04325646162033081
45,1,0.05023697018623352
45,2,0.040023744106292725
45,3,0.040170442312955856
45,4,0.04648292809724808
45,5,0.05828677862882614
45,6,0.039468951523303986
45,7,0.047573238611221313
45,8,0.047964636236429214
45,9,0.04328727722167969
45,10,0.0447903648018837
45,11,0.055109452456235886
45,12,0.057952310889959335
45,13,0.04314048960804939
45,14,0.043140046298503876
45,15,0.042882151901721954
45,16,0.03909999877214432
45,17,0.04523196816444397
45,18,0.04288053512573242
45,19,0.04603096842765808
45,20,0.04846541956067085
45,21,0.04667018726468086
45,22,0.043761901557445526
45,23,0.050085000693798065
45,24,0.04628947749733925
45,25,0.04840518906712532
45,26,0.0418209582567215
45,27,0.05504748225212097
45,28,0.0481531023979187
45,29,0.042495109140872955
45,30,0.040049757808446884
45,31,0.0651860311627388
45,32,0.04583854228258133
45,33,0.04147570580244064
45,34,0.04928586632013321
45,35,0.047530412673950195
45,36,0.04398691654205322
45,37,0.04082939028739929
45,38,0.06473358720541
45,39,0.0438828319311142
45,40,0.05067887902259827
45,41,0.04078862816095352
45,42,0.04297476261854172
45,43,0.047005198895931244
45,44,0.04711523652076721
45,45,0.05328424274921417
45,46,0.06212553754448891
45,47,0.04771694540977478
45,48,0.05083652213215828
45,49,0.04659394174814224
45,50,0.0466078519821167
45,51,0.03663937374949455
45,52,0.0477449968457222
45,53,0.04701290652155876
45,54,0.0413668230175972
45,55,0.04403957724571228
45,56,0.05184762179851532
45,57,0.07660079002380371
45,58,0.04351582005620003
45,59,0.04869076982140541
45,60,0.05335191637277603
45,61,0.050901032984256744
45,62,0.055077530443668365
45,63,0.044952988624572754
45,64,0.048867564648389816
45,65,0.048150140792131424
45,66,0.04937954992055893
45,67,0.04825333505868912
45,68,0.053764402866363525
45,69,0.04626283794641495
45,70,0.05210733786225319
45,71,0.05024141073226929
45,72,0.04813804104924202
45,73,0.041126735508441925
45,74,0.0379200354218483
45,75,0.04221314191818237
45,76,0.059030886739492416
46,1,0.04906788840889931
46,2,0.05068104714155197
46,3,0.047543130815029144
46,4,0.047424882650375366
46,5,0.05100063234567642
46,6,0.04493167996406555
46,7,0.04870279133319855
46,8,0.0408921092748642
46,9,0.0483461394906044
46,10,0.04755125194787979
46,11,0.04366426169872284
46,12,0.05021967366337776
46,13,0.05151328444480896
46,14,0.04217996448278427
46,15,0.04850570857524872
46,16,0.046548038721084595
46,17,0.04916764795780182
46,18,0.050828658044338226
46,19,0.04094300419092178
46,20,0.04899005591869354
46,21,0.04819503426551819
46,22,0.04703187942504883
46,23,0.0550551600754261
46,24,0.045822709798812866
46,25,0.04198754206299782
46,26,0.04467087239027023
46,27,0.04771117866039276
46,28,0.04569535702466965
46,29,0.040001556277275085
46,30,0.03669951111078262
46,31,0.03932763636112213
46,32,0.04538612440228462
46,33,0.040779635310173035
46,34,0.04379357025027275
46,35,0.041946008801460266
46,36,0.05706939473748207
46,37,0.04695533961057663
46,38,0.045472413301467896
46,39,0.042761534452438354
46,40,0.049324698746204376
46,41,0.04757700860500336
46,42,0.04895712435245514
46,43,0.040139831602573395
46,44,0.04537844657897949
46,45,0.044956982135772705
46,46,0.044301699846982956
46,47,0.04600460082292557
46,48,0.03790450841188431
46,49,0.040954288095235825
46,50,0.04895558953285217
46,51,0.05769875645637512
46,52,0.04076634347438812
46,53,0.04235696420073509
46,54,0.04682663828134537
46,55,0.044919438660144806
46,56,0.04721939563751221
46,57,0.043592680245637894
46,58,0.043498843908309937
46,59,0.043250467628240585
46,60,0.049007244408130646
46,61,0.04420598968863487
46,62,0.06480977684259415
46,63,0.06051679700613022
46,64,0.03886013850569725
46,65,0.05046777427196503
46,66,0.04461802542209625
46,67,0.04344848543405533
46,68,0.045160409063100815
46,69,0.046559229493141174
46,70,0.04469088464975357
46,71,0.043489888310432434
46,72,0.03660975396633148
46,73,0.047019146382808685
46,74,0.047956909984350204
46,75,0.043827034533023834
46,76,0.06827498972415924
47,1,0.03998366743326187
47,2,0.03982366994023323
47,3,0.039602890610694885
47,4,0.05776717886328697
47,5,0.045931778848171234
47,6,0.0455755814909935
47,7,0.05212673917412758
47,8,0.044769249856472015
47,9,0.05657491832971573
47,10,0.04508914798498154
47,11,0.038318656384944916
47,12,0.05700200796127319
47,13,0.05119643360376358
47,14,0.04627273231744766
47,15,0.04724956303834915
47,16,0.04871106147766113
47,17,0.041915737092494965
47,18,0.045378826558589935
47,19,0.04382433742284775
47,20,0.04952172562479973
47,21,0.044728755950927734
47,22,0.04967343434691429
47,23,0.057084403932094574
47,24,0.04949953407049179
47,25,0.04031829535961151
47,26,0.05149427801370621
47,27,0.05367041006684303
47,28,0.04324434697628021
47,29,0.048308923840522766
47,30,0.04535122215747833
47,31,0.045317377895116806
47,32,0.047768980264663696
47,33,0.04479095712304115
47,34,0.04286840185523033
47,35,0.04393141716718674
47,36,0.044338665902614594
47,37,0.04582543671131134
47,38,0.041594184935092926
47,39,0.040839940309524536
47,40,0.03919532895088196
47,41,0.044578246772289276
47,42,0.03829887509346008
47,43,0.042104169726371765
47,44,0.04389262944459915
47,45,0.05854808911681175
47,46,0.04189084470272064
47,47,0.040046192705631256
47,48,0.040952857583761215
47,49,0.049916114658117294
47,50,0.05130793899297714
47,51,0.04588199779391289
47,52,0.044440075755119324
47,53,0.04480895772576332
47,54,0.039568688720464706
47,55,0.042731501162052155
47,56,0.047502391040325165
47,57,0.044235702604055405
47,58,0.05459275841712952
47,59,0.03998268395662308
47,60,0.041791882365942
47,61,0.05083061009645462
47,62,0.04271745681762695
47,63,0.046030014753341675
47,64,0.04247897118330002
47,65,0.057493142783641815
47,66,0.051262155175209045
47,67,0.04325377196073532
47,68,0.049354493618011475
47,69,0.044473797082901
47,70,0.041507236659526825
47,71,0.0433940663933754
47,72,0.047541115432977676
47,73,0.0432153195142746
47,74,0.06115329638123512
47,75,0.05495428293943405
47,76,0.04386565834283829
48,1,0.0503956563770771
48,2,0.04044956713914871
48,3,0.05056125670671463
48,4,0.036511294543743134
48,5,0.04335090517997742
48,6,0.04586278647184372
48,7,0.03790249675512314
48,8,0.04172077402472496
48,9,0.039976075291633606
48,10,0.04545191675424576
48,11,0.044631075114011765
48,12,0.03998326510190964
48,13,0.04628748446702957
48,14,0.03966767340898514
48,15,0.043779440224170685
48,16,0.04422478377819061
48,17,0.039701879024505615
48,18,0.04232761263847351
48,19,0.04429920017719269
48,20,0.049406930804252625
48,21,0.05158519744873047
48,22,0.03961960971355438
48,23,0.043746624141931534
48,24,0.0512097030878067
48,25,0.04183461144566536
48,26,0.04334768280386925
48,27,0.043311573565006256
48,28,0.04829149693250656
48,29,0.0468292273581028
48,30,0.03945893794298172
48,31,0.045568570494651794
48,32,0.04672585800290108
48,33,0.03941919654607773
48,34,0.04391838610172272
48,35,0.06040187180042267
48,36,0.04894223064184189
48,37,0.04546650871634483
48,38,0.05145826190710068
48,39,0.044892407953739166
48,40,0.04933799430727959
48,41,0.047599323093891144
48,42,0.04427316412329674
48,43,0.05233408510684967
48,44,0.05184227228164673
48,45,0.055458296090364456
48,46,0.05674455687403679
48,47,0.03964117914438248
48,48,0.04368732124567032
48,49,0.08889629691839218
48,50,0.05389918386936188
48,51,0.04369686171412468
48,52,0.047323714941740036
48,53,0.0440792515873909
48,54,0.04498950392007828
48,55,0.04353715479373932
48,56,0.049205292016267776
48,57,0.041077129542827606
48,58,0.0436629056930542
48,59,0.04117865860462189
48,60,0.043455421924591064
48,61,0.047853268682956696
48,62,0.042356766760349274
48,63,0.05415983125567436
48,64,0.04571399837732315
48,65,0.042801372706890106
48,66,0.04715363681316376
48,67,0.04142766073346138
48,68,0.05236256122589111
48,69,0.03571233153343201
48,70,0.044831324368715286
48,71,0.0393606498837471
48,72,0.042632535099983215
48,73,0.04081461951136589
48,74,0.04057420417666435
48,75,0.0473773255944252
48,76,0.045556604862213135
49,1,0.05020716041326523
49,2,0.044252753257751465
49,3,0.03716565668582916
49,4,0.03486140817403793
49,5,0.04321260005235672
49,6,0.052254777401685715
49,7,0.04328567162156105
49,8,0.037387631833553314
49,9,0.04543687775731087
49,10,0.05444043502211571
49,11,0.03965955972671509
49,12,0.03729045391082764
49,13,0.0396219901740551
49,14,0.0509025864303112
49,15,0.04291866347193718
49,16,0.05010298639535904
49,17,0.05791643261909485
49,18,0.03943949192762375
49,19,0.0388047993183136
49,20,0.052446939051151276
49,21,0.047010764479637146
49,22,0.047465454787015915
49,23,0.04978033900260925
49,24,0.04819083958864212
49,25,0.04531845450401306
49,26,0.03418681025505066
49,27,0.044845640659332275
49,28,0.042347654700279236
49,29,0.04227275028824806
49,30,0.047843046486377716
49,31,0.046369001269340515
49,32,0.043027400970458984
49,33,0.038090940564870834
49,34,0.049390144646167755
49,35,0.04022708535194397
49,36,0.039278753101825714
49,37,0.04223864525556564
49,38,0.04336193576455116
49,39,0.04373742640018463
49,40,0.04858989268541336
49,41,0.040975913405418396
49,42,0.05706404522061348
49,43,0.04420313611626625
49,44,0.04485815018415451
49,45,0.062007836997509
49,46,0.055117927491664886
49,47,0.05404544621706009
49,48,0.042936064302921295
49,49,0.04173041880130768
49,50,0.0481429398059845
49,51,0.04401571303606033
49,52,0.045552853494882584
49,53,0.04176827520132065
49,54,0.05570119619369507
49,55,0.04640012979507446
49,56,0.043764062225818634
49,57,0.046303436160087585
49,58,0.04354744404554367
49,59,0.03964848443865776
49,60,0.051530368626117706
49,61,0.0611589252948761
49,62,0.04937046393752098
49,63,0.03963679075241089
49,64,0.04190982133150101
49,65,0.04282476752996445
49,66,0.044075511395931244
49,67,0.04131636768579483
49,68,0.040248703211545944
49,69,0.04440787807106972
49,70,0.047946251928806305
49,71,0.04095885157585144
49,72,0.04810430854558945
49,73,0.04088956117630005
49,74,0.04392121732234955
49,75,0.039707250893116
49,76,0.04269567131996155
50,1,0.04671497642993927
50,2,0.03841352462768555
50,3,0.0503348670899868
50,4,0.04590524733066559
50,5,0.05388520285487175
50,6,0.039156097918748856
50,7,0.04118599742650986
50,8,0.04632263630628586
50,9,0.043515827506780624
50,10,0.04184892773628235
50,11,0.04476297274231911
50,12,0.0393332839012146
50,13,0.045311056077480316
50,14,0.05135154724121094
50,15,0.04771631956100464
50,16,0.04400712251663208
50,17,0.04286947846412659
50,18,0.06667884439229965
50,19,0.03840809315443039
50,20,0.0484880730509758
50,21,0.04595261812210083
50,22,0.048036638647317886
50,23,0.04740236699581146
50,24,0.040324654430150986
50,25,0.04086852818727493
50,26,0.042475681751966476
50,27,0.03829734027385712
50,28,0.044763270765542984
50,29,0.04105916991829872
50,30,0.045996829867362976
50,31,0.047425270080566406
50,32,0.05217040702700615
50,33,0.03661232441663742
50,34,0.04704324156045914
50,35,0.04952055960893631
50,36,0.045712877064943314
50,37,0.03898550942540169
50,38,0.03734520822763443
50,39,0.05187610909342766
50,40,0.04085078090429306
50,41,0.04589606821537018
50,42,0.03524008393287659
50,43,0.04774238169193268
50,44,0.05239039659500122
50,45,0.04627399519085884
50,46,0.04121775925159454
50,47,0.03612123429775238
50,48,0.040318287909030914
50,49,0.04452228546142578
50,50,0.04511372745037079
50,51,0.057081665843725204
50,52,0.04616076499223709
50,53,0.03843040019273758
50,54,0.04591699689626694
50,55,0.042058952152729034
50,56,0.04329688847064972
50,57,0.046931229531764984
50,58,0.04350729659199715
50,59,0.05143386870622635
50,60,0.03644154593348503
50,61,0.03997909650206566
50,62,0.0413205549120903
50,63,0.04306451976299286
50,64,0.0399058572947979
50,65,0.04317140206694603
50,66,0.041286058723926544
50,67,0.04158937186002731
50,68,0.04007437080144882
50,69,0.04175065457820892
50,70,0.042314231395721436
50,71,0.05157259851694107
50,72,0.04431353509426117
50,73,0.04096423089504242
50,74,0.04284944012761116
50,75,0.0491083562374115
50,76,0.05052964761853218
