epoch,step,loss
1,1,4.7754974365234375
1,2,4.662727355957031
1,3,4.6714935302734375
1,4,4.603385925292969
1,5,4.563880920410156
1,6,4.528738975524902
2,1,4.118354797363281
2,2,4.1436920166015625
2,3,4.163761138916016
2,4,4.040546417236328
2,5,3.9064903259277344
3,1,3.8855857849121094
3,2,3.7008800506591797
3,3,3.788473129272461
3,4,3.704082489013672
3,5,3.6300582885742188
4,1,3.5421142578125
4,2,3.5090723037719727
4,3,3.477275848388672
4,4,3.293132781982422
4,5,3.4469470977783203
5,1,3.2245864868164062
5,2,3.160055160522461
5,3,3.2576541900634766
5,4,3.0743560791015625
5,5,3.096281051635742
6,1,3.0245914459228516
6,2,2.917552947998047
6,3,2.802591323852539
6,4,2.6923866271972656
6,5,2.8430519104003906
7,1,2.48193359375
7,2,2.656675338745117
7,3,2.5988388061523438
7,4,2.4916858673095703
7,5,2.6048460006713867
8,1,2.2265305519104004
8,2,2.3785243034362793
8,3,2.133434772491455
8,4,2.4085512161254883
8,5,2.450435161590576
9,1,2.1704375743865967
9,2,2.118821859359741
9,3,1.9076440334320068
9,4,1.8640992641448975
9,5,2.011997699737549
10,1,1.7749183177947998
10,2,1.6499710083007812
10,3,1.6332647800445557
10,4,1.903770089149475
10,5,1.8105862140655518
11,1,1.4073448181152344
11,2,1.5218791961669922
11,3,1.570690631866455
11,4,1.8354339599609375
11,5,1.4915618896484375
12,1,1.258266806602478
12,2,1.3095476627349854
12,3,1.2562799453735352
12,4,1.3355287313461304
12,5,1.372093915939331
13,1,1.1986761093139648
13,2,1.2391486167907715
13,3,1.2602436542510986
13,4,0.9726614952087402
13,5,1.1112298965454102
14,1,1.0724760293960571
14,2,1.3656702041625977
14,3,0.9622863531112671
14,4,1.150978446006775
14,5,1.6551933288574219
15,1,0.9120184183120728
15,2,0.7979975342750549
15,3,0.8996522426605225
15,4,0.9034155607223511
15,5,0.8211424350738525
16,1,0.7523324489593506
16,2,0.679157555103302
16,3,1.2256113290786743
16,4,1.0422283411026
16,5,0.9096966981887817
17,1,0.7330151200294495
17,2,0.9273202419281006
17,3,1.1225931644439697
17,4,0.7297801375389099
17,5,0.7579432725906372
18,1,0.5570163726806641
18,2,0.8189915418624878
18,3,0.43227797746658325
18,4,0.5648717880249023
18,5,0.5942047238349915
19,1,0.623478889465332
19,2,0.7003573179244995
19,3,0.6623774766921997
19,4,0.5276967287063599
19,5,0.8922175168991089
20,1,0.33826252818107605
20,2,1.0021989345550537
20,3,0.6446081399917603
20,4,0.48013073205947876
20,5,0.3983197808265686
21,1,0.3177517056465149
21,2,0.3508791923522949
21,3,0.435411274433136
21,4,0.3103577494621277
21,5,0.6489968299865723
22,1,0.6187432408332825
22,2,0.2854333817958832
22,3,0.25388842821121216
22,4,0.6593550443649292
22,5,0.3631705641746521
23,1,0.47284460067749023
23,2,0.5249670743942261
23,3,0.27852073311805725
23,4,0.45111173391342163
23,5,0.4204667806625366
24,1,0.18150246143341064
24,2,0.2255134880542755
24,3,0.2437102198600769
24,4,0.22280801832675934
24,5,0.5749551057815552
25,1,0.5362101197242737
25,2,0.3730740547180176
25,3,0.24957236647605896
25,4,0.5439895987510681
25,5,0.2535102367401123
26,1,0.1994481384754181
26,2,0.18274545669555664
26,3,0.34910848736763
26,4,0.17237883806228638
26,5,0.6482625007629395
27,1,0.6787449717521667
27,2,0.42202404141426086
27,3,0.42111098766326904
27,4,0.16821160912513733
27,5,0.18959611654281616
28,1,0.4262925982475281
28,2,0.14382092654705048
28,3,0.3327842354774475
28,4,0.515935480594635
28,5,0.32450369000434875
29,1,0.14052951335906982
29,2,0.16128882765769958
29,3,0.5365155935287476
29,4,0.5255017876625061
29,5,0.44753631949424744
30,1,0.3135269284248352
30,2,0.12204381823539734
30,3,0.7070180177688599
30,4,0.16005659103393555
30,5,0.32879191637039185
31,1,0.11371476948261261
31,2,0.4686376750469208
31,3,0.28948917984962463
31,4,0.3984612226486206
31,5,0.407184898853302
32,1,0.0932474434375763
32,2,0.1268959641456604
32,3,0.37962737679481506
32,4,0.10512953996658325
32,5,0.33616411685943604
33,1,0.36430639028549194
33,2,0.3670222759246826
33,3,0.12470270693302155
33,4,0.19703660905361176
33,5,0.2642541527748108
34,1,0.08689868450164795
34,2,0.13624370098114014
34,3,0.3871333599090576
34,4,0.1713605523109436
34,5,0.31024789810180664
35,1,0.35089895129203796
35,2,0.10172384977340698
35,3,0.12572050094604492
35,4,0.07806955277919769
35,5,0.33593523502349854
36,1,0.12218388170003891
36,2,0.5344966650009155
36,3,0.424191951751709
36,4,0.2580878734588623
36,5,0.3349573016166687
37,1,0.08539743721485138
37,2,0.13131025433540344
37,3,0.09699386358261108
37,4,0.8062458038330078
37,5,0.07638092339038849
38,1,0.07787790894508362
38,2,0.10131485015153885
38,3,0.08187901973724365
38,4,0.11321352422237396
38,5,0.3920314311981201
39,1,0.15828612446784973
39,2,0.11685503274202347
39,3,0.8970177173614502
39,4,0.2397829294204712
39,5,0.4415881633758545
40,1,0.07399074733257294
40,2,0.41626453399658203
40,3,0.08592621237039566
40,4,0.16723346710205078
40,5,0.10055729746818542
41,1,0.2758769989013672
41,2,0.06851908564567566
41,3,0.444023072719574
41,4,0.12397760152816772
41,5,0.2903871536254883
42,1,0.06763560324907303
42,2,0.1517493724822998
42,3,0.45236659049987793
42,4,0.2566373348236084
42,5,0.12461820989847183
43,1,0.3828006386756897
43,2,0.06478527188301086
43,3,0.4966573715209961
43,4,0.08255244791507721
43,5,0.32012510299682617
44,1,0.08992837369441986
44,2,0.06559250503778458
44,3,0.3791452646255493
44,4,0.15187345445156097
44,5,0.08360512554645538
45,1,0.04969676584005356
45,2,0.14422866702079773
45,3,0.18838097155094147
45,4,0.36334747076034546
45,5,0.08835884183645248
46,1,0.09575822949409485
46,2,0.1077708899974823
46,3,0.20662663877010345
46,4,0.07090424001216888
46,5,0.3455108106136322
47,1,0.06073565036058426
47,2,0.18396161496639252
47,3,0.0643591359257698
47,4,0.6006983518600464
47,5,0.2436908483505249
48,1,0.04577659070491791
48,2,0.46476244926452637
48,3,0.15569952130317688
48,4,0.16820190846920013
48,5,0.672747015953064
49,1,0.0901680439710617
49,2,0.088236004114151
49,3,0.05230146646499634
49,4,0.10334652662277222
49,5,0.0615072026848793
50,1,0.2960510551929474
50,2,0.09246732294559479
50,3,0.07822687923908234
50,4,0.16224153339862823
50,5,0.16867780685424805
51,1,0.14736996591091156
51,2,0.24493515491485596
51,3,0.06724891066551208
51,4,0.11444955319166183
51,5,0.2893962860107422
52,1,0.10939346253871918
52,2,0.1190398633480072
52,3,0.05663280934095383
52,4,0.05740845948457718
52,5,0.568528413772583
53,1,0.10974016785621643
53,2,0.5956023931503296
53,3,0.057044804096221924
53,4,0.06064769625663757
53,5,0.2418593019247055
54,1,0.27687063813209534
54,2,0.782193124294281
54,3,0.12580719590187073
54,4,0.28647658228874207
54,5,0.12703782320022583
55,1,0.09261882305145264
55,2,0.12243332713842392
55,3,0.08079741150140762
55,4,0.05304025858640671
55,5,0.1638210564851761
56,1,0.19475522637367249
56,2,0.22260740399360657
56,3,0.25089919567108154
56,4,0.08251816034317017
56,5,0.07746671140193939
57,1,0.06877793371677399
57,2,0.6444443464279175
57,3,0.09336269646883011
57,4,0.08026216179132462
57,5,0.0983869656920433
58,1,0.05173395574092865
58,2,0.04213108867406845
58,3,0.04579569399356842
58,4,0.14110347628593445
58,5,0.21422135829925537
59,1,0.09365148842334747
59,2,0.49196702241897583
59,3,0.13774552941322327
59,4,0.03951725363731384
59,5,0.35267287492752075
60,1,0.35592904686927795
60,2,0.23044656217098236
60,3,0.04296344518661499
60,4,0.11771909147500992
60,5,0.06891845166683197
61,1,0.08160179853439331
61,2,0.04585900157690048
61,3,0.10807329416275024
61,4,0.19683870673179626
61,5,0.22164668142795563
62,1,0.1556270718574524
62,2,0.03236382454633713
62,3,0.7424267530441284
62,4,0.4797804355621338
62,5,0.061322033405303955
63,1,0.24835175275802612
63,2,0.7221009731292725
63,3,0.17573831975460052
63,4,0.07227610051631927
63,5,0.4549509882926941
64,1,0.5328625440597534
64,2,0.08148574084043503
64,3,0.1833093762397766
64,4,0.11866597831249237
64,5,0.06024434417486191
65,1,0.33525609970092773
65,2,0.07214309275150299
65,3,0.038551636040210724
65,4,0.09663908928632736
65,5,0.046243228018283844
66,1,0.12304390966892242
66,2,0.3886594772338867
66,3,0.2485891580581665
66,4,0.08873245865106583
66,5,0.042569778859615326
67,1,0.0709940493106842
67,2,0.2993893027305603
67,3,0.07423633337020874
67,4,0.10707226395606995
67,5,0.225435271859169
68,1,0.3231339156627655
68,2,0.15113431215286255
68,3,0.04282708838582039
68,4,0.1800052970647812
68,5,0.05032883584499359
69,1,0.20110279321670532
69,2,0.03855335712432861
69,3,0.13160830736160278
69,4,0.21391142904758453
69,5,0.07684435695409775
70,1,0.03468857705593109
70,2,0.05164586752653122
70,3,0.20093107223510742
70,4,0.043217264115810394
70,5,0.18870626389980316
71,1,0.03320879489183426
71,2,0.06913899630308151
71,3,0.045310892164707184
71,4,0.17693103849887848
71,5,0.052318789064884186
72,1,0.036679718643426895
72,2,0.32788169384002686
72,3,0.21415729820728302
72,4,0.09800252318382263
72,5,0.0852733850479126
73,1,0.32131075859069824
73,2,0.07156513631343842
73,3,0.16482862830162048
73,4,0.11299149692058563
73,5,0.03802579268813133
74,1,0.03591495007276535
74,2,0.48003679513931274
74,3,0.05343279615044594
74,4,0.11173795163631439
74,5,0.12085242569446564
75,1,0.04627399891614914
75,2,0.3541151285171509
75,3,0.041752077639102936
75,4,0.22783729434013367
75,5,0.05569886416196823
76,1,0.09647569060325623
76,2,0.036709368228912354
76,3,0.023986533284187317
76,4,0.05296044796705246
76,5,0.033322736620903015
77,1,0.11296658962965012
77,2,0.022124581038951874
77,3,0.16953465342521667
77,4,0.21172362565994263
77,5,0.03887210786342621
78,1,0.033622484654188156
78,2,0.39831018447875977
78,3,0.03463049232959747
78,4,0.054826050996780396
78,5,0.16338902711868286
79,1,0.08682329952716827
79,2,0.6103965044021606
79,3,0.06006629765033722
79,4,0.07880880683660507
79,5,0.20264087617397308
80,1,0.11946102231740952
80,2,0.2893645763397217
80,3,0.05719057470560074
80,4,0.031536512076854706
80,5,0.18385055661201477
81,1,0.08170875161886215
81,2,0.05568782985210419
81,3,0.30699673295021057
81,4,0.044620778411626816
81,5,0.02993195131421089
82,1,0.8780644536018372
82,2,0.1131570041179657
82,3,0.0319596603512764
82,4,0.042221516370773315
82,5,0.22685480117797852
83,1,0.10393059998750687
83,2,0.1431061327457428
83,3,0.040804989635944366
83,4,0.40338483452796936
83,5,0.03422796353697777
84,1,0.043274447321891785
84,2,0.3324442207813263
84,3,0.15964335203170776
84,4,0.04360232874751091
84,5,0.12492648512125015
85,1,0.0375572144985199
85,2,0.11609522253274918
85,3,0.0680200383067131
85,4,0.14637231826782227
85,5,0.03250125050544739
86,1,0.08957555890083313
86,2,0.20030540227890015
86,3,0.6071596145629883
86,4,0.0683642327785492
86,5,0.2713291049003601
87,1,0.0785871297121048
87,2,0.027362700551748276
87,3,0.043006766587495804
87,4,0.25450578331947327
87,5,0.04525288939476013
88,1,0.4382076859474182
88,2,0.14483673870563507
88,3,0.24433451890945435
88,4,0.2962345480918884
88,5,0.03153480961918831
89,1,0.12930652499198914
89,2,0.03633425012230873
89,3,0.34698155522346497
89,4,0.02917017787694931
89,5,0.0497165285050869
90,1,0.16399794816970825
90,2,0.21046900749206543
90,3,0.08160015195608139
90,4,0.03801270201802254
90,5,0.039461925625801086
91,1,0.031092867255210876
91,2,0.1727021336555481
91,3,0.113997682929039
91,4,0.38102418184280396
91,5,0.3537224233150482
92,1,0.03471497446298599
92,2,0.0971696600317955
92,3,0.08306150883436203
92,4,0.17758305370807648
92,5,0.2885562777519226
93,1,0.31794923543930054
93,2,0.21137747168540955
93,3,0.20959818363189697
93,4,0.11051522195339203
93,5,0.026596922427415848
94,1,0.22277572751045227
94,2,0.02276002988219261
94,3,0.13732750713825226
94,4,0.03546062856912613
94,5,0.04879889264702797
95,1,0.030407320708036423
95,2,0.33919471502304077
95,3,0.15633916854858398
95,4,0.056161366403102875
95,5,0.34694769978523254
96,1,0.024941690266132355
96,2,0.06035172939300537
96,3,0.10002435743808746
96,4,0.07063053548336029
96,5,0.11720303446054459
97,1,0.10028670728206635
97,2,0.038319170475006104
97,3,0.6298289895057678
97,4,0.05940685421228409
97,5,0.0253409743309021
98,1,0.04550785943865776
98,2,0.13942936062812805
98,3,0.42680585384368896
98,4,0.2690446376800537
98,5,0.4607868790626526
99,1,0.06030695512890816
99,2,0.17523324489593506
99,3,0.13886281847953796
99,4,0.026798076927661896
99,5,0.29702144861221313
100,1,0.32539352774620056
100,2,0.2801201045513153
100,3,0.0350862517952919
100,4,0.10201894491910934
100,5,0.0732765793800354
