epoch,step,loss
1,1,1.516753911972046
1,2,1.4602062702178955
1,3,1.4068371057510376
1,4,1.3686305284500122
1,5,1.3157093524932861
1,6,1.2801696062088013
1,7,1.2453960180282593
1,8,1.21468186378479
1,9,1.1791913509368896
1,10,1.1633809804916382
1,11,1.1318414211273193
1,12,1.1007107496261597
1,13,1.1069741249084473
1,14,1.086958885192871
1,15,1.0514804124832153
1,16,1.0283974409103394
1,17,1.0393660068511963
1,18,1.0036121606826782
1,19,1.003960371017456
1,20,1.0084562301635742
1,21,0.9759378433227539
1,22,0.943691611289978
1,23,0.9727915525436401
1,24,0.9342042207717896
1,25,0.93914395570755
1,26,0.9328141212463379
1,27,0.9165561199188232
1,28,0.9113909602165222
1,29,0.8854272961616516
1,30,0.881269097328186
1,31,0.8835177421569824
1,32,0.8683242797851562
1,33,0.8529490232467651
1,34,0.8377360105514526
1,35,0.8305553197860718
1,36,0.8116440773010254
1,37,0.8073221445083618
1,38,0.8140223622322083
1,39,0.8051543831825256
1,40,0.7880508899688721
1,41,0.7561606168746948
1,42,0.7552354335784912
1,43,0.7481670379638672
1,44,0.7544962167739868
1,45,0.7455580234527588
1,46,0.7331624627113342
1,47,0.721633791923523
1,48,0.7302143573760986
1,49,0.7111057639122009
1,50,0.6911189556121826
1,51,0.6877175569534302
1,52,0.674981951713562
1,53,0.6735523343086243
1,54,0.6647050976753235
1,55,0.6569799184799194
1,56,0.6679943203926086
1,57,0.6506274938583374
1,58,0.6404292583465576
1,59,0.6419187188148499
1,60,0.6271815299987793
1,61,0.6175963878631592
1,62,0.6079227328300476
1,63,0.6122044920921326
1,64,0.6114444732666016
1,65,0.5949095487594604
1,66,0.6136616468429565
1,67,0.5694745182991028
1,68,0.56333327293396
1,69,0.5728449821472168
1,70,0.5729331374168396
1,71,0.5726613998413086
1,72,0.5404624938964844
1,73,0.5726844072341919
1,74,0.5331666469573975
1,75,0.5595906972885132
1,76,0.5160010457038879
1,77,0.5397584438323975
2,1,0.526614785194397
2,2,0.5261974930763245
2,3,0.5138225555419922
2,4,0.5140796303749084
2,5,0.49974918365478516
2,6,0.48116663098335266
2,7,0.4829637408256531
2,8,0.486306369304657
2,9,0.4794069528579712
2,10,0.4798019528388977
2,11,0.46764782071113586
2,12,0.47066548466682434
2,13,0.4661288261413574
2,14,0.46669355034828186
2,15,0.4519639015197754
2,16,0.4438978433609009
2,17,0.4656224250793457
2,18,0.44646620750427246
2,19,0.4289383292198181
2,20,0.4367765188217163
2,21,0.4410901665687561
2,22,0.45383304357528687
2,23,0.4258172810077667
2,24,0.4297780394554138
2,25,0.4219139516353607
2,26,0.4105498492717743
2,27,0.40013718605041504
2,28,0.41360700130462646
2,29,0.3990522623062134
2,30,0.3989245295524597
2,31,0.4066482484340668
2,32,0.38247668743133545
2,33,0.3919883966445923
2,34,0.3941776156425476
2,35,0.3897038996219635
2,36,0.3871401250362396
2,37,0.4071981906890869
2,38,0.3757571876049042
2,39,0.38502874970436096
2,40,0.3729318380355835
2,41,0.3773484230041504
2,42,0.372499942779541
2,43,0.3434557020664215
2,44,0.3795633018016815
2,45,0.3550247251987457
2,46,0.3684273362159729
2,47,0.3692765533924103
2,48,0.3648475408554077
2,49,0.35240766406059265
2,50,0.3462405204772949
2,51,0.36118143796920776
2,52,0.3466147780418396
2,53,0.3516923487186432
2,54,0.33198273181915283
2,55,0.3244209885597229
2,56,0.3191240429878235
2,57,0.321940541267395
2,58,0.3233678340911865
2,59,0.3200586438179016
2,60,0.3141920566558838
2,61,0.3203682005405426
2,62,0.31430432200431824
2,63,0.3138912320137024
2,64,0.3066878318786621
2,65,0.3152172565460205
2,66,0.3249625563621521
2,67,0.30457037687301636
2,68,0.3058760464191437
2,69,0.30111968517303467
2,70,0.3083057403564453
2,71,0.29062485694885254
2,72,0.3262544572353363
2,73,0.29633691906929016
2,74,0.29581376910209656
2,75,0.3101567029953003
2,76,0.2914530038833618
3,1,0.2816042900085449
3,2,0.3025127649307251
3,3,0.2772270739078522
3,4,0.28755682706832886
3,5,0.262870728969574
3,6,0.29053795337677
3,7,0.28525400161743164
3,8,0.2739255428314209
3,9,0.2679271996021271
3,10,0.28951624035835266
3,11,0.28808510303497314
3,12,0.26054319739341736
3,13,0.29142558574676514
3,14,0.2687775194644928
3,15,0.2754085958003998
3,16,0.2871752083301544
3,17,0.27714240550994873
3,18,0.2742048501968384
3,19,0.26372164487838745
3,20,0.2680981159210205
3,21,0.2639111280441284
3,22,0.2744264006614685
3,23,0.2586820721626282
3,24,0.23769894242286682
3,25,0.27659162878990173
3,26,0.27271002531051636
3,27,0.23314505815505981
3,28,0.2729296088218689
3,29,0.24000445008277893
3,30,0.2581089437007904
3,31,0.24300134181976318
3,32,0.26315152645111084
3,33,0.2524403929710388
3,34,0.257446825504303
3,35,0.22331583499908447
3,36,0.24027782678604126
3,37,0.238605335354805
3,38,0.2485380470752716
3,39,0.21474750339984894
3,40,0.2324615716934204
3,41,0.23654469847679138
3,42,0.22151818871498108
3,43,0.2236134260892868
3,44,0.23621875047683716
3,45,0.28864622116088867
3,46,0.2503088116645813
3,47,0.24830618500709534
3,48,0.23205918073654175
3,49,0.22117863595485687
3,50,0.21994423866271973
3,51,0.2503897249698639
3,52,0.22304078936576843
3,53,0.2550542950630188
3,54,0.22276216745376587
3,55,0.2063431739807129
3,56,0.19817420840263367
3,57,0.2128613144159317
3,58,0.22037388384342194
3,59,0.21753104031085968
3,60,0.20370158553123474
3,61,0.24524825811386108
3,62,0.21934334933757782
3,63,0.22224952280521393
3,64,0.2126319408416748
3,65,0.215399831533432
3,66,0.20586146414279938
3,67,0.20994211733341217
3,68,0.20517170429229736
3,69,0.200322687625885
3,70,0.2462647706270218
3,71,0.1923082172870636
3,72,0.21117568016052246
3,73,0.19624125957489014
3,74,0.19968515634536743
3,75,0.20654793083667755
3,76,0.191503643989563
4,1,0.21928167343139648
4,2,0.1994868814945221
4,3,0.2102869749069214
4,4,0.19867511093616486
4,5,0.19172506034374237
4,6,0.18967300653457642
4,7,0.20148703455924988
4,8,0.20221763849258423
4,9,0.17905648052692413
4,10,0.17767266929149628
4,11,0.18127894401550293
4,12,0.22198624908924103
4,13,0.20698153972625732
4,14,0.1937912553548813
4,15,0.1974024772644043
4,16,0.20203615725040436
4,17,0.21614032983779907
4,18,0.20534171164035797
4,19,0.1921977400779724
4,20,0.17706552147865295
4,21,0.17934797704219818
4,22,0.17448699474334717
4,23,0.1874426156282425
4,24,0.16753694415092468
4,25,0.18664485216140747
4,26,0.17352277040481567
4,27,0.16857242584228516
4,28,0.21133838593959808
4,29,0.1769217997789383
4,30,0.18784907460212708
4,31,0.1765250861644745
4,32,0.17404863238334656
4,33,0.18698084354400635
4,34,0.18321074545383453
4,35,0.17187505960464478
4,36,0.18056386709213257
4,37,0.18921467661857605
4,38,0.16813921928405762
4,39,0.17171543836593628
4,40,0.17700327932834625
4,41,0.1832633912563324
4,42,0.1866292953491211
4,43,0.18275772035121918
4,44,0.18630057573318481
4,45,0.16295284032821655
4,46,0.16544783115386963
4,47,0.18188996613025665
4,48,0.1840900480747223
4,49,0.20525997877120972
4,50,0.16251946985721588
4,51,0.16252872347831726
4,52,0.18359386920928955
4,53,0.15847904980182648
4,54,0.173572838306427
4,55,0.17294283211231232
4,56,0.17651915550231934
4,57,0.1660289764404297
4,58,0.15774838626384735
4,59,0.15302899479866028
4,60,0.17745380103588104
4,61,0.18235436081886292
4,62,0.16340428590774536
4,63,0.19537976384162903
4,64,0.1636507362127304
4,65,0.15851536393165588
4,66,0.16310113668441772
4,67,0.16509327292442322
4,68,0.16854718327522278
4,69,0.14436137676239014
4,70,0.14799907803535461
4,71,0.15602363646030426
4,72,0.16276168823242188
4,73,0.16451215744018555
4,74,0.1558741182088852
4,75,0.16609661281108856
4,76,0.14877763390541077
5,1,0.14742670953273773
5,2,0.1597781628370285
5,3,0.17169630527496338
5,4,0.16726478934288025
5,5,0.14792127907276154
5,6,0.15158143639564514
5,7,0.16789233684539795
5,8,0.15406902134418488
5,9,0.1469922661781311
5,10,0.1559058278799057
5,11,0.14357325434684753
5,12,0.18434485793113708
5,13,0.15955358743667603
5,14,0.1690444052219391
5,15,0.1585182547569275
5,16,0.13827845454216003
5,17,0.18444669246673584
5,18,0.17466504871845245
5,19,0.14708921313285828
5,20,0.1493847370147705
5,21,0.15437640249729156
5,22,0.15015411376953125
5,23,0.16651347279548645
5,24,0.16287446022033691
5,25,0.1722353994846344
5,26,0.1590072065591812
5,27,0.15744426846504211
5,28,0.16159889101982117
5,29,0.1487739384174347
5,30,0.14958146214485168
5,31,0.14826375246047974
5,32,0.1559372842311859
5,33,0.16005843877792358
5,34,0.13158193230628967
5,35,0.16054895520210266
5,36,0.1540001630783081
5,37,0.173691526055336
5,38,0.14841791987419128
5,39,0.1726967990398407
5,40,0.13663582503795624
5,41,0.13866859674453735
5,42,0.14940610527992249
5,43,0.13637642562389374
5,44,0.15990592539310455
5,45,0.16320183873176575
5,46,0.15677015483379364
5,47,0.150672048330307
5,48,0.15927982330322266
5,49,0.14188489317893982
5,50,0.13907179236412048
5,51,0.1458417773246765
5,52,0.15297918021678925
5,53,0.15727724134922028
5,54,0.13757142424583435
5,55,0.1463562250137329
5,56,0.1574011892080307
5,57,0.16095086932182312
5,58,0.12707673013210297
5,59,0.1477777361869812
5,60,0.15024906396865845
5,61,0.1267242431640625
5,62,0.13889577984809875
5,63,0.16283603012561798
5,64,0.16340579092502594
5,65,0.1350899040699005
5,66,0.1585809290409088
5,67,0.1490400731563568
5,68,0.13071826100349426
5,69,0.15729698538780212
5,70,0.1304612010717392
5,71,0.14306509494781494
5,72,0.17988447844982147
5,73,0.13773533701896667
5,74,0.13016334176063538
5,75,0.1245904192328453
5,76,0.1437147706747055
6,1,0.12988410890102386
6,2,0.12383993715047836
6,3,0.14729058742523193
6,4,0.13822311162948608
6,5,0.12183590233325958
6,6,0.13086891174316406
6,7,0.1253540813922882
6,8,0.13929301500320435
6,9,0.12126385420560837
6,10,0.1327899992465973
6,11,0.1315605342388153
6,12,0.1225094199180603
6,13,0.137868732213974
6,14,0.14972132444381714
6,15,0.1282678097486496
6,16,0.12813352048397064
6,17,0.1243097111582756
6,18,0.14781317114830017
6,19,0.13941562175750732
6,20,0.1209089607000351
6,21,0.12148353457450867
6,22,0.13534176349639893
6,23,0.13745155930519104
6,24,0.12477137893438339
6,25,0.11373068392276764
6,26,0.14186280965805054
6,27,0.11881694197654724
6,28,0.12737351655960083
6,29,0.11438122391700745
6,30,0.1644972562789917
6,31,0.14350032806396484
6,32,0.11880987882614136
6,33,0.1164899617433548
6,34,0.14213226735591888
6,35,0.14295998215675354
6,36,0.13002431392669678
6,37,0.13291603326797485
6,38,0.12403789162635803
6,39,0.13681337237358093
6,40,0.12381452322006226
6,41,0.11148538440465927
6,42,0.1319776475429535
6,43,0.12117236852645874
6,44,0.12706322968006134
6,45,0.1400800198316574
6,46,0.12016576528549194
6,47,0.12518107891082764
6,48,0.16162464022636414
6,49,0.13394667208194733
6,50,0.1402357518672943
6,51,0.12528029084205627
6,52,0.1446346491575241
6,53,0.12860901653766632
6,54,0.12954656779766083
6,55,0.14457236230373383
6,56,0.12935705482959747
6,57,0.11508889496326447
6,58,0.13515132665634155
6,59,0.12279742956161499
6,60,0.12688018381595612
6,61,0.1367233693599701
6,62,0.14132975041866302
6,63,0.1174570843577385
6,64,0.13231369853019714
6,65,0.11936965584754944
6,66,0.1308687925338745
6,67,0.1411929875612259
6,68,0.13162891566753387
6,69,0.14629676938056946
6,70,0.12774872779846191
6,71,0.1296517550945282
6,72,0.13415440917015076
6,73,0.14510875940322876
6,74,0.1085178479552269
6,75,0.12604182958602905
6,76,0.12281162291765213
7,1,0.11881773173809052
7,2,0.11348684132099152
7,3,0.11083924770355225
7,4,0.12065081298351288
7,5,0.11100734770298004
7,6,0.1124136745929718
7,7,0.1125214695930481
7,8,0.11506631970405579
7,9,0.1091645210981369
7,10,0.10755458474159241
7,11,0.11289826035499573
7,12,0.11860295385122299
7,13,0.10925289243459702
7,14,0.10395918041467667
7,15,0.11804898083209991
7,16,0.10791756957769394
7,17,0.10928298532962799
7,18,0.11580146849155426
7,19,0.11985031515359879
7,20,0.10622058063745499
7,21,0.1215810626745224
7,22,0.1327962875366211
7,23,0.11834335327148438
7,24,0.14092189073562622
7,25,0.12218086421489716
7,26,0.11852968484163284
7,27,0.1188063770532608
7,28,0.11174377799034119
7,29,0.11450976133346558
7,30,0.1330183744430542
7,31,0.1229204460978508
7,32,0.11965301632881165
7,33,0.12697556614875793
7,34,0.11902817338705063
7,35,0.12024249136447906
7,36,0.10760778188705444
7,37,0.13064154982566833
7,38,0.11222384870052338
7,39,0.11569450795650482
7,40,0.11066994071006775
7,41,0.1148885041475296
7,42,0.10705741494894028
7,43,0.11544312536716461
7,44,0.11020570993423462
7,45,0.11888342350721359
7,46,0.09756501019001007
7,47,0.1205238550901413
7,48,0.10008172690868378
7,49,0.11498968303203583
7,50,0.11812429130077362
7,51,0.10568709671497345
7,52,0.10346274822950363
7,53,0.12080482393503189
7,54,0.1194271668791771
7,55,0.1349342316389084
7,56,0.11026474833488464
7,57,0.10923055559396744
7,58,0.14502795040607452
7,59,0.1299574226140976
7,60,0.10120370984077454
7,61,0.11969050765037537
7,62,0.12780730426311493
7,63,0.11554853618144989
7,64,0.12148787081241608
7,65,0.10744133591651917
7,66,0.12087256461381912
7,67,0.11821907758712769
7,68,0.10041812062263489
7,69,0.15512247383594513
7,70,0.1127740889787674
7,71,0.1059177815914154
7,72,0.11035222560167313
7,73,0.10522665083408356
7,74,0.13431291282176971
7,75,0.10984697192907333
7,76,0.11660448461771011
8,1,0.12378185987472534
8,2,0.10772797465324402
8,3,0.10709930211305618
8,4,0.10808558762073517
8,5,0.11724308133125305
8,6,0.09832312166690826
8,7,0.10639502108097076
8,8,0.114876389503479
8,9,0.11147350072860718
8,10,0.0992237851023674
8,11,0.11448892951011658
8,12,0.10405965894460678
8,13,0.11265335977077484
8,14,0.10437233000993729
8,15,0.10207594931125641
8,16,0.10822442173957825
8,17,0.11144958436489105
8,18,0.11074702441692352
8,19,0.11548829823732376
8,20,0.09861704707145691
8,21,0.13503910601139069
8,22,0.11168109625577927
8,23,0.14722944796085358
8,24,0.10926210880279541
8,25,0.12538887560367584
8,26,0.11026377975940704
8,27,0.12323303520679474
8,28,0.12179981172084808
8,29,0.10053813457489014
8,30,0.10134155303239822
8,31,0.10012359917163849
8,32,0.10207978636026382
8,33,0.09659567475318909
8,34,0.10758748650550842
8,35,0.10317647457122803
8,36,0.10633033514022827
8,37,0.10009300708770752
8,38,0.10010001063346863
8,39,0.10324068367481232
8,40,0.10506544262170792
8,41,0.10987047106027603
8,42,0.10356378555297852
8,43,0.10394461452960968
8,44,0.09684456884860992
8,45,0.1288364827632904
8,46,0.1091223657131195
8,47,0.09986462444067001
8,48,0.10629626363515854
8,49,0.11506898701190948
8,50,0.10164494812488556
8,51,0.10775205492973328
8,52,0.10985312610864639
8,53,0.1265050172805786
8,54,0.10107514262199402
8,55,0.11161620914936066
8,56,0.12323145568370819
8,57,0.10034627467393875
8,58,0.10207724571228027
8,59,0.10187213122844696
8,60,0.09366340935230255
8,61,0.10243368148803711
8,62,0.13226670026779175
8,63,0.10418738424777985
8,64,0.10839559882879257
8,65,0.11141006648540497
8,66,0.10856758803129196
8,67,0.11296793818473816
8,68,0.0984317809343338
8,69,0.09245384484529495
8,70,0.0865541622042656
8,71,0.1270332783460617
8,72,0.11246369779109955
8,73,0.09971050173044205
8,74,0.10602875053882599
8,75,0.13261602818965912
8,76,0.09906887263059616
9,1,0.10009029507637024
9,2,0.1171298548579216
9,3,0.09900590032339096
9,4,0.10853172838687897
9,5,0.10065988451242447
9,6,0.09735916554927826
9,7,0.11176525801420212
9,8,0.09576309472322464
9,9,0.09397346526384354
9,10,0.1059851199388504
9,11,0.09808571636676788
9,12,0.12112263590097427
9,13,0.1080138087272644
9,14,0.09994339942932129
9,15,0.09456755220890045
9,16,0.09460274875164032
9,17,0.10337260365486145
9,18,0.10954682528972626
9,19,0.11691053956747055
9,20,0.10809960961341858
9,21,0.093988336622715
9,22,0.09350235015153885
9,23,0.11800579726696014
9,24,0.10410912334918976
9,25,0.103663370013237
9,26,0.09317591041326523
9,27,0.08704540133476257
9,28,0.10743549466133118
9,29,0.08895222842693329
9,30,0.0914665162563324
9,31,0.09297195076942444
9,32,0.09533804655075073
9,33,0.0901762992143631
9,34,0.10028534382581711
9,35,0.10032588243484497
9,36,0.10654285550117493
9,37,0.09014003723859787
9,38,0.09822338074445724
9,39,0.09506608545780182
9,40,0.1326935887336731
9,41,0.09363154321908951
9,42,0.09874781221151352
9,43,0.09681172668933868
9,44,0.09372580051422119
9,45,0.09561706334352493
9,46,0.10613851249217987
9,47,0.10539981722831726
9,48,0.08307094871997833
9,49,0.0920216515660286
9,50,0.11172090470790863
9,51,0.09361103177070618
9,52,0.0975056141614914
9,53,0.10146594047546387
9,54,0.09868375957012177
9,55,0.08867637813091278
9,56,0.11540038883686066
9,57,0.0941733792424202
9,58,0.09859883785247803
9,59,0.09118649363517761
9,60,0.1352192461490631
9,61,0.10258422791957855
9,62,0.08909665048122406
9,63,0.09809602797031403
9,64,0.0962112545967102
9,65,0.09993821382522583
9,66,0.11309800297021866
9,67,0.09218281507492065
9,68,0.10269339382648468
9,69,0.09449242055416107
9,70,0.09078390896320343
9,71,0.10755506902933121
9,72,0.08484171330928802
9,73,0.09789721667766571
9,74,0.11219532042741776
9,75,0.10421359539031982
9,76,0.09146665036678314
10,1,0.10381254553794861
10,2,0.08977766335010529
10,3,0.10466283559799194
10,4,0.09790484607219696
10,5,0.10714241862297058
10,6,0.10820773243904114
10,7,0.0994408056139946
10,8,0.09559306502342224
10,9,0.10025856643915176
10,10,0.0866556316614151
10,11,0.0875525251030922
10,12,0.11887526512145996
10,13,0.10403613746166229
10,14,0.10173225402832031
10,15,0.11720231175422668
10,16,0.10001203417778015
10,17,0.09105508029460907
10,18,0.10297772288322449
10,19,0.10577879846096039
10,20,0.11926624923944473
10,21,0.10297154635190964
10,22,0.10105486959218979
10,23,0.10068267583847046
10,24,0.1126554012298584
10,25,0.10445518791675568
10,26,0.09147229790687561
10,27,0.10569524765014648
10,28,0.0927857905626297
10,29,0.12254678457975388
10,30,0.10294299572706223
10,31,0.08984856307506561
10,32,0.113456591963768
10,33,0.11387006938457489
10,34,0.09928904473781586
10,35,0.10647054016590118
10,36,0.10564111173152924
10,37,0.09117249399423599
10,38,0.11520154774188995
10,39,0.1070607453584671
10,40,0.10227687656879425
10,41,0.10086315870285034
10,42,0.09590721130371094
10,43,0.11568109691143036
10,44,0.09267908334732056
10,45,0.08336706459522247
10,46,0.10345501452684402
10,47,0.08903611451387405
10,48,0.10824726521968842
10,49,0.10635022073984146
10,50,0.09391308575868607
10,51,0.1109388917684555
10,52,0.09726212918758392
10,53,0.09703876823186874
10,54,0.08596576750278473
10,55,0.10701537877321243
10,56,0.09788084030151367
10,57,0.10212577879428864
10,58,0.09585448354482651
10,59,0.08786749839782715
10,60,0.08596058189868927
10,61,0.09244586527347565
10,62,0.1016937792301178
10,63,0.09260588884353638
10,64,0.08744502067565918
10,65,0.09634186327457428
10,66,0.09243419766426086
10,67,0.09041276574134827
10,68,0.10065942257642746
10,69,0.09877171367406845
10,70,0.09530800580978394
10,71,0.08879497647285461
10,72,0.0864751785993576
10,73,0.09448544681072235
10,74,0.07864406704902649
10,75,0.0868617594242096
10,76,0.0847163051366806
11,1,0.08642080426216125
11,2,0.10491667687892914
11,3,0.09150007367134094
11,4,0.09891004860401154
11,5,0.1112041100859642
11,6,0.08659107983112335
11,7,0.0877058207988739
11,8,0.09300443530082703
11,9,0.09254048764705658
11,10,0.07972539961338043
11,11,0.10378023982048035
11,12,0.10625724494457245
11,13,0.09884276241064072
11,14,0.11085999011993408
11,15,0.09270497411489487
11,16,0.08535018563270569
11,17,0.0871804803609848
11,18,0.1029859259724617
11,19,0.11261588335037231
11,20,0.08356425166130066
11,21,0.08565819263458252
11,22,0.09379227459430695
11,23,0.10848971456289291
11,24,0.10725702345371246
11,25,0.09342816472053528
11,26,0.09155984967947006
11,27,0.10567044466733932
11,28,0.08741600066423416
11,29,0.09463641047477722
11,30,0.08872736245393753
11,31,0.09021777659654617
11,32,0.11040155589580536
11,33,0.1019330620765686
11,34,0.07855087518692017
11,35,0.07773933559656143
11,36,0.07679514586925507
11,37,0.08309061080217361
11,38,0.10563522577285767
11,39,0.08077702671289444
11,40,0.10952557623386383
11,41,0.08134515583515167
11,42,0.08802008628845215
11,43,0.09856697916984558
11,44,0.08142457157373428
11,45,0.08252181112766266
11,46,0.08142586052417755
11,47,0.08818401396274567
11,48,0.10073503851890564
11,49,0.09918897598981857
11,50,0.08419410139322281
11,51,0.08895956724882126
11,52,0.10340657830238342
11,53,0.10950086265802383
11,54,0.07797761261463165
11,55,0.12077466398477554
11,56,0.09567295014858246
11,57,0.09633878618478775
11,58,0.08423768728971481
11,59,0.11499916762113571
11,60,0.09143964946269989
11,61,0.09960488229990005
11,62,0.11199206113815308
11,63,0.09174158424139023
11,64,0.09116852283477783
11,65,0.0976356714963913
11,66,0.1299649178981781
11,67,0.08807487040758133
11,68,0.0853625237941742
11,69,0.09376073628664017
11,70,0.0785146951675415
11,71,0.08336274325847626
11,72,0.10048892349004745
11,73,0.08497624844312668
11,74,0.10794436931610107
11,75,0.09705503284931183
11,76,0.09192846715450287
12,1,0.0843641385436058
12,2,0.09747648984193802
12,3,0.10383612662553787
12,4,0.10984587669372559
12,5,0.10653012990951538
12,6,0.07677821815013885
12,7,0.08763740956783295
12,8,0.09832363575696945
12,9,0.09742186218500137
12,10,0.09562596678733826
12,11,0.10838533937931061
12,12,0.08579397946596146
12,13,0.08920536190271378
12,14,0.09104065597057343
12,15,0.1009349599480629
12,16,0.08339168131351471
12,17,0.10267351567745209
12,18,0.07636719942092896
12,19,0.09525476396083832
12,20,0.08933290839195251
12,21,0.07998930662870407
12,22,0.0854097381234169
12,23,0.09599307924509048
12,24,0.08039148151874542
12,25,0.0946306362748146
12,26,0.09125377237796783
12,27,0.08677798509597778
12,28,0.0897316262125969
12,29,0.08251865208148956
12,30,0.09023497998714447
12,31,0.07616763561964035
12,32,0.09848439693450928
12,33,0.09719997644424438
12,34,0.07848645001649857
12,35,0.0887179970741272
12,36,0.07937391102313995
12,37,0.07975843548774719
12,38,0.11583815515041351
12,39,0.08774159848690033
12,40,0.08570143580436707
12,41,0.10290846228599548
12,42,0.1229511946439743
12,43,0.09810477495193481
12,44,0.0980047881603241
12,45,0.09497146308422089
12,46,0.0981174036860466
12,47,0.10666708648204803
12,48,0.09405212849378586
12,49,0.09960828721523285
12,50,0.11835838109254837
12,51,0.09609939157962799
12,52,0.08576557040214539
12,53,0.09938058257102966
12,54,0.09688819944858551
12,55,0.11085521429777145
12,56,0.09461429715156555
12,57,0.09972560405731201
12,58,0.08836811035871506
12,59,0.08731743693351746
12,60,0.08490963280200958
12,61,0.1049640029668808
12,62,0.08015361428260803
12,63,0.0837637186050415
12,64,0.08834941685199738
12,65,0.09017433226108551
12,66,0.08539384603500366
12,67,0.0950070470571518
12,68,0.11459874361753464
12,69,0.09301154315471649
12,70,0.08515515923500061
12,71,0.10770179331302643
12,72,0.08232352882623672
12,73,0.09120763093233109
12,74,0.08862369507551193
12,75,0.0964297503232956
12,76,0.10416960716247559
13,1,0.09228023886680603
13,2,0.08504903316497803
13,3,0.08980698883533478
13,4,0.09570074826478958
13,5,0.09764674305915833
13,6,0.09330733120441437
13,7,0.10685248672962189
13,8,0.09183316677808762
13,9,0.08921702206134796
13,10,0.09182404726743698
13,11,0.09609552472829819
13,12,0.08276155591011047
13,13,0.09788577258586884
13,14,0.08686452358961105
13,15,0.08169260621070862
13,16,0.07560141384601593
13,17,0.09608187526464462
13,18,0.08271095156669617
13,19,0.09827646613121033
13,20,0.08066783845424652
13,21,0.08358244597911835
13,22,0.08180035650730133
13,23,0.08765185624361038
13,24,0.06768932938575745
13,25,0.07499067485332489
13,26,0.07531116157770157
13,27,0.08891380578279495
13,28,0.07209686934947968
13,29,0.07738891988992691
13,30,0.08122280240058899
13,31,0.07862645387649536
13,32,0.08296015858650208
13,33,0.07376323640346527
13,34,0.07652667909860611
13,35,0.08582781255245209
13,36,0.07682231813669205
13,37,0.08429759740829468
13,38,0.0927649736404419
13,39,0.09478212893009186
13,40,0.08980758488178253
13,41,0.07763831317424774
13,42,0.07883737236261368
13,43,0.07971237599849701
13,44,0.07871903479099274
13,45,0.08001050353050232
13,46,0.09444431960582733
13,47,0.07032275199890137
13,48,0.0801241546869278
13,49,0.071363165974617
13,50,0.0754997581243515
13,51,0.08530796319246292
13,52,0.0787513330578804
13,53,0.07490670680999756
13,54,0.11011486500501633
13,55,0.08268341422080994
13,56,0.0985575020313263
13,57,0.0861906185746193
13,58,0.09542624652385712
13,59,0.09088120609521866
13,60,0.08113771677017212
13,61,0.08520824462175369
13,62,0.08180508017539978
13,63,0.07579183578491211
13,64,0.07911770045757294
13,65,0.09994806349277496
13,66,0.10613339394330978
13,67,0.08263140171766281
13,68,0.08674445003271103
13,69,0.07892461866140366
13,70,0.08818520605564117
13,71,0.09518173336982727
13,72,0.08142086118459702
13,73,0.08268104493618011
13,74,0.09414220601320267
13,75,0.09460484981536865
13,76,0.07950064539909363
14,1,0.06841693818569183
14,2,0.06813345849514008
14,3,0.09810134023427963
14,4,0.08367206156253815
14,5,0.08506855368614197
14,6,0.09321655333042145
14,7,0.0780535414814949
14,8,0.07569487392902374
14,9,0.07706235349178314
14,10,0.07475709915161133
14,11,0.07406586408615112
14,12,0.07188913971185684
14,13,0.08238259702920914
14,14,0.07643938064575195
14,15,0.08031658083200455
14,16,0.0846610963344574
14,17,0.08791854977607727
14,18,0.09540106356143951
14,19,0.07804051041603088
14,20,0.06294930726289749
14,21,0.06223186478018761
14,22,0.09925094246864319
14,23,0.07650744915008545
14,24,0.07003995776176453
14,25,0.0726119875907898
14,26,0.08030639588832855
14,27,0.08270567655563354
14,28,0.07439655810594559
14,29,0.07036307454109192
14,30,0.09265884757041931
14,31,0.09507110714912415
14,32,0.07270660996437073
14,33,0.07742045819759369
14,34,0.07601206004619598
14,35,0.08007054030895233
14,36,0.10006287693977356
14,37,0.07368037849664688
14,38,0.07699771225452423
14,39,0.07974830269813538
14,40,0.07364748418331146
14,41,0.09971743822097778
14,42,0.08856229484081268
14,43,0.08157528936862946
14,44,0.07553483545780182
14,45,0.09650687128305435
14,46,0.08656084537506104
14,47,0.08662576973438263
14,48,0.08913248032331467
14,49,0.10661707818508148
14,50,0.08241188526153564
14,51,0.06830352544784546
14,52,0.08326699584722519
14,53,0.09991946071386337
14,54,0.08804412186145782
14,55,0.08771920204162598
14,56,0.07762077450752258
14,57,0.08434345573186874
14,58,0.09205985069274902
14,59,0.08271658420562744
14,60,0.09223483502864838
14,61,0.0754280611872673
14,62,0.09182725101709366
14,63,0.08462413400411606
14,64,0.07308723777532578
14,65,0.08967374265193939
14,66,0.08900659531354904
14,67,0.08929736912250519
14,68,0.09332091361284256
14,69,0.07891875505447388
14,70,0.08055023849010468
14,71,0.09817302227020264
14,72,0.09007838368415833
14,73,0.07133134454488754
14,74,0.08384545147418976
14,75,0.070497527718544
14,76,0.09830521047115326
15,1,0.07886478304862976
15,2,0.08214488625526428
15,3,0.09228777885437012
15,4,0.08135898411273956
15,5,0.07634714990854263
15,6,0.09217182546854019
15,7,0.09505512565374374
15,8,0.07824790477752686
15,9,0.07482784241437912
15,10,0.08444812893867493
15,11,0.07188402116298676
15,12,0.07249941676855087
15,13,0.07975049316883087
15,14,0.08087016642093658
15,15,0.08586815744638443
15,16,0.0642894059419632
15,17,0.0711471289396286
15,18,0.08389680832624435
15,19,0.09502176940441132
15,20,0.06599448621273041
15,21,0.07321397960186005
15,22,0.09475082904100418
15,23,0.07316239923238754
15,24,0.09469835460186005
15,25,0.07046075165271759
15,26,0.07341346144676208
15,27,0.07033932209014893
15,28,0.0766468420624733
15,29,0.06724561750888824
15,30,0.10005372762680054
15,31,0.08694806694984436
15,32,0.08338920027017593
15,33,0.09051862359046936
15,34,0.08027354627847672
15,35,0.08989138156175613
15,36,0.07940658181905746
15,37,0.07834582775831223
15,38,0.08585435152053833
15,39,0.08332307636737823
15,40,0.08788339793682098
15,41,0.07926659286022186
15,42,0.07514235377311707
15,43,0.07400364428758621
15,44,0.08765201270580292
15,45,0.08661507070064545
15,46,0.07805201411247253
15,47,0.15554174780845642
15,48,0.07674399763345718
15,49,0.09133133292198181
15,50,0.0996844619512558
15,51,0.07651872932910919
15,52,0.08972503244876862
15,53,0.08114837110042572
15,54,0.07709022611379623
15,55,0.08935045450925827
15,56,0.07693785429000854
15,57,0.08736781775951385
15,58,0.07805380970239639
15,59,0.07044409960508347
15,60,0.09926056861877441
15,61,0.09696540236473083
15,62,0.07311764359474182
15,63,0.08947920799255371
15,64,0.08105627447366714
15,65,0.07723373919725418
15,66,0.09664793312549591
15,67,0.06518764048814774
15,68,0.09619027376174927
15,69,0.1260676085948944
15,70,0.09847699105739594
15,71,0.07818190008401871
15,72,0.06771628558635712
15,73,0.08245304226875305
15,74,0.0805707722902298
15,75,0.07972659170627594
15,76,0.07959774881601334
16,1,0.07812157273292542
16,2,0.06819778680801392
16,3,0.09188838303089142
16,4,0.06734389066696167
16,5,0.09341853857040405
16,6,0.07959446310997009
16,7,0.0987427830696106
16,8,0.07749953866004944
16,9,0.07243458181619644
16,10,0.0817914605140686
16,11,0.0691966637969017
16,12,0.08360929042100906
16,13,0.072747603058815
16,14,0.06881258636713028
16,15,0.10473750531673431
16,16,0.08660241961479187
16,17,0.08090616762638092
16,18,0.08415389806032181
16,19,0.07551498711109161
16,20,0.07875941693782806
16,21,0.06852702796459198
16,22,0.1101032942533493
16,23,0.07660451531410217
16,24,0.0764467865228653
16,25,0.07733923196792603
16,26,0.08223967254161835
16,27,0.07216212153434753
16,28,0.07247713208198547
16,29,0.07958994805812836
16,30,0.07260987162590027
16,31,0.08734295517206192
16,32,0.07534302771091461
16,33,0.08104605972766876
16,34,0.07650956511497498
16,35,0.06804614514112473
16,36,0.07916513085365295
16,37,0.07388308644294739
16,38,0.07831494510173798
16,39,0.08084127306938171
16,40,0.07591211795806885
16,41,0.09179182350635529
16,42,0.07929136604070663
16,43,0.07872001081705093
16,44,0.0824989527463913
16,45,0.07189203798770905
16,46,0.06114902347326279
16,47,0.0762951672077179
16,48,0.08558012545108795
16,49,0.07939360290765762
16,50,0.06864852458238602
16,51,0.07675677537918091
16,52,0.08088415861129761
16,53,0.07916206866502762
16,54,0.06621357053518295
16,55,0.07334054261445999
16,56,0.07942695915699005
16,57,0.09211461991071701
16,58,0.08175690472126007
16,59,0.07271566241979599
16,60,0.08228518068790436
16,61,0.06777083873748779
16,62,0.06716375797986984
16,63,0.09799579530954361
16,64,0.07141151279211044
16,65,0.07125627994537354
16,66,0.06973227858543396
16,67,0.08285940438508987
16,68,0.0730520635843277
16,69,0.07553242146968842
16,70,0.06390887498855591
16,71,0.07185289263725281
16,72,0.07819384336471558
16,73,0.08302526921033859
16,74,0.06627437472343445
16,75,0.06797637045383453
16,76,0.07815224677324295
17,1,0.09140612185001373
17,2,0.07587915658950806
17,3,0.07412756979465485
17,4,0.07708854228258133
17,5,0.09772978723049164
17,6,0.07533784955739975
17,7,0.06924587488174438
17,8,0.06813918799161911
17,9,0.07073362171649933
17,10,0.07433720678091049
17,11,0.0724911093711853
17,12,0.07859552651643753
17,13,0.07752546668052673
17,14,0.08024389296770096
17,15,0.07433445751667023
17,16,0.07473380863666534
17,17,0.09164940565824509
17,18,0.06551853567361832
17,19,0.07661691308021545
17,20,0.11795446276664734
17,21,0.06811629235744476
17,22,0.07626920938491821
17,23,0.07537588477134705
17,24,0.07479362189769745
17,25,0.08286315947771072
17,26,0.08411075174808502
17,27,0.07613344490528107
17,28,0.07488872855901718
17,29,0.07061588764190674
17,30,0.08077897876501083
17,31,0.07402466237545013
17,32,0.06893099844455719
17,33,0.06482280790805817
17,34,0.07231023907661438
17,35,0.0709134042263031
17,36,0.0913054496049881
17,37,0.064848892390728
17,38,0.06621186435222626
17,39,0.07459691911935806
17,40,0.0747843086719513
17,41,0.06572385877370834
17,42,0.06369815021753311
17,43,0.07817237079143524
17,44,0.09040305018424988
17,45,0.06604504585266113
17,46,0.08312199264764786
17,47,0.06958234310150146
17,48,0.07198500633239746
17,49,0.07747992128133774
17,50,0.07228946685791016
17,51,0.0835074707865715
17,52,0.058575667440891266
17,53,0.08846734464168549
17,54,0.07314138114452362
17,55,0.0719890221953392
17,56,0.07335139811038971
17,57,0.10023196041584015
17,58,0.09272085130214691
17,59,0.07909917086362839
17,60,0.07861439883708954
17,61,0.08033256232738495
17,62,0.07084596902132034
17,63,0.06981512159109116
17,64,0.08204108476638794
17,65,0.08337908238172531
17,66,0.0764707401394844
17,67,0.07487644255161285
17,68,0.0917825847864151
17,69,0.06757473945617676
17,70,0.0731288343667984
17,71,0.07818475365638733
17,72,0.07450813055038452
17,73,0.09334728121757507
17,74,0.08879626542329788
17,75,0.07735905051231384
17,76,0.07793015986680984
18,1,0.07037629187107086
18,2,0.07721474766731262
18,3,0.08636718988418579
18,4,0.08140791952610016
18,5,0.08383293449878693
18,6,0.0966508537530899
18,7,0.0866549164056778
18,8,0.07425977289676666
18,9,0.08478602766990662
18,10,0.07591982930898666
18,11,0.08807826042175293
18,12,0.082540363073349
18,13,0.07341249287128448
18,14,0.08331017941236496
18,15,0.08733166754245758
18,16,0.07924933731555939
18,17,0.06840430945158005
18,18,0.14155878126621246
18,19,0.0935836136341095
18,20,0.108038991689682
18,21,0.10746557265520096
18,22,0.09425674378871918
18,23,0.08802340924739838
18,24,0.09208428859710693
18,25,0.08944181352853775
18,26,0.09212633967399597
18,27,0.07741791754961014
18,28,0.08744825422763824
18,29,0.07712598145008087
18,30,0.07803115993738174
18,31,0.0636613517999649
18,32,0.0714002177119255
18,33,0.07373380661010742
18,34,0.08045925199985504
18,35,0.10621695220470428
18,36,0.0780830830335617
18,37,0.07414507865905762
18,38,0.07871565222740173
18,39,0.06913232058286667
18,40,0.10240733623504639
18,41,0.0808149054646492
18,42,0.06864358484745026
18,43,0.07193681597709656
18,44,0.07840090990066528
18,45,0.09706457704305649
18,46,0.08524616062641144
18,47,0.07931262254714966
18,48,0.07723046839237213
18,49,0.07778289914131165
18,50,0.07023854553699493
18,51,0.07093477249145508
18,52,0.07029680907726288
18,53,0.07636195421218872
18,54,0.08838081359863281
18,55,0.07670918107032776
18,56,0.08630482852458954
18,57,0.0739050954580307
18,58,0.07593145966529846
18,59,0.08117321133613586
18,60,0.0672253891825676
18,61,0.08426430821418762
18,62,0.07306332886219025
18,63,0.0658913180232048
18,64,0.06610112637281418
18,65,0.08418521285057068
18,66,0.07263445109128952
18,67,0.07330554723739624
18,68,0.08119318634271622
18,69,0.06923960894346237
18,70,0.06976237893104553
18,71,0.07060051709413528
18,72,0.07383818179368973
18,73,0.07936842739582062
18,74,0.07317187637090683
18,75,0.07225480675697327
18,76,0.08179114013910294
19,1,0.08842531591653824
19,2,0.07437218725681305
19,3,0.0805431380867958
19,4,0.06626918911933899
19,5,0.06952697038650513
19,6,0.0772729367017746
19,7,0.07553038001060486
19,8,0.06383751332759857
19,9,0.06519751250743866
19,10,0.06993548572063446
19,11,0.07375362515449524
19,12,0.07251475006341934
19,13,0.07777062058448792
19,14,0.07346393167972565
19,15,0.06902636587619781
19,16,0.06402243673801422
19,17,0.08067211508750916
19,18,0.06595361232757568
19,19,0.06650877743959427
19,20,0.06891847401857376
19,21,0.07535679638385773
19,22,0.06891430169343948
19,23,0.07640840858221054
19,24,0.06831452995538712
19,25,0.07716162502765656
19,26,0.06157083064317703
19,27,0.0766226053237915
19,28,0.08122527599334717
19,29,0.07491899281740189
19,30,0.06345590949058533
19,31,0.06791941821575165
19,32,0.07803156971931458
19,33,0.05755995213985443
19,34,0.06971336901187897
19,35,0.07631956785917282
19,36,0.070374995470047
19,37,0.07281698286533356
19,38,0.07171677052974701
19,39,0.06974044442176819
19,40,0.079048752784729
19,41,0.07843168824911118
19,42,0.06283752620220184
19,43,0.061939459294080734
19,44,0.08360928297042847
19,45,0.08071845024824142
19,46,0.06972363591194153
19,47,0.07135313749313354
19,48,0.07207539677619934
19,49,0.06765866279602051
19,50,0.06615098565816879
19,51,0.06803504377603531
19,52,0.07195018976926804
19,53,0.06411665678024292
19,54,0.07272733747959137
19,55,0.08701073378324509
19,56,0.07233833521604538
19,57,0.07331958413124084
19,58,0.07429233193397522
19,59,0.06639324128627777
19,60,0.07383319735527039
19,61,0.07154799997806549
19,62,0.06581199914216995
19,63,0.06773744523525238
19,64,0.08693929016590118
19,65,0.08061261475086212
19,66,0.06429733335971832
19,67,0.07196717709302902
19,68,0.07281969487667084
19,69,0.07209287583827972
19,70,0.0700022503733635
19,71,0.07510626316070557
19,72,0.058034323155879974
19,73,0.061547234654426575
19,74,0.0713331401348114
19,75,0.06392112374305725
19,76,0.06581491231918335
20,1,0.07735802233219147
20,2,0.07357830554246902
20,3,0.06805817782878876
20,4,0.06876188516616821
20,5,0.07852065563201904
20,6,0.07292856276035309
20,7,0.06057363003492355
20,8,0.06806917488574982
20,9,0.06224382668733597
20,10,0.075716033577919
20,11,0.06349626928567886
20,12,0.0738765150308609
20,13,0.05950390547513962
20,14,0.06499389559030533
20,15,0.06954937428236008
20,16,0.0655740275979042
20,17,0.07831479609012604
20,18,0.07092441618442535
20,19,0.08082099258899689
20,20,0.08819690346717834
20,21,0.09321968257427216
20,22,0.06469613313674927
20,23,0.08433704078197479
20,24,0.06595860421657562
20,25,0.06301619857549667
20,26,0.07465144991874695
20,27,0.058012332767248154
20,28,0.06863759458065033
20,29,0.08652889728546143
20,30,0.06097298860549927
20,31,0.06323961168527603
20,32,0.070185087621212
20,33,0.06366442143917084
20,34,0.09367993474006653
20,35,0.06255681812763214
20,36,0.06224127858877182
20,37,0.06400557607412338
20,38,0.064781054854393
20,39,0.06860686838626862
20,40,0.07985374331474304
20,41,0.06753604114055634
20,42,0.06718862801790237
20,43,0.07326401770114899
20,44,0.06758645176887512
20,45,0.06342485547065735
20,46,0.07108810544013977
20,47,0.06502335518598557
20,48,0.0646459236741066
20,49,0.07686807960271835
20,50,0.0666324645280838
20,51,0.07406029105186462
20,52,0.07642725110054016
20,53,0.06573934853076935
20,54,0.07545129209756851
20,55,0.06151740252971649
20,56,0.07081727683544159
20,57,0.06706595420837402
20,58,0.07144253700971603
20,59,0.06806201487779617
20,60,0.07079809159040451
20,61,0.05761673301458359
20,62,0.06769143790006638
20,63,0.0713021457195282
20,64,0.06384564936161041
20,65,0.061286624521017075
20,66,0.06307549774646759
20,67,0.09005888551473618
20,68,0.06530488282442093
20,69,0.08133575320243835
20,70,0.056480422616004944
20,71,0.06297829002141953
20,72,0.07731456309556961
20,73,0.07124990224838257
20,74,0.07058866322040558
20,75,0.0761139839887619
20,76,0.06026885285973549
21,1,0.06194281205534935
21,2,0.0630095824599266
21,3,0.07240787148475647
21,4,0.06024694815278053
21,5,0.07660934329032898
21,6,0.07877639681100845
21,7,0.06471551954746246
21,8,0.06497625261545181
21,9,0.0659782737493515
21,10,0.07394707947969437
21,11,0.06374916434288025
21,12,0.07309536635875702
21,13,0.09346679598093033
21,14,0.06954862922430038
21,15,0.0642867237329483
21,16,0.06226177513599396
21,17,0.06760397553443909
21,18,0.07804752886295319
21,19,0.07934314012527466
21,20,0.0715695396065712
21,21,0.06431271135807037
21,22,0.06809696555137634
21,23,0.06694053113460541
21,24,0.07142402976751328
21,25,0.07118744403123856
21,26,0.06745795905590057
21,27,0.06632937490940094
21,28,0.06210939586162567
21,29,0.06609007716178894
21,30,0.06879091262817383
21,31,0.07462964951992035
21,32,0.07313991338014603
21,33,0.05775017291307449
21,34,0.0580454021692276
21,35,0.0680549368262291
21,36,0.05542176216840744
21,37,0.07741397619247437
21,38,0.06187356635928154
21,39,0.06422359496355057
21,40,0.06808099895715714
21,41,0.07380858063697815
21,42,0.062452055513858795
21,43,0.07499366998672485
21,44,0.07778871804475784
21,45,0.07488423585891724
21,46,0.06303610652685165
21,47,0.07128722220659256
21,48,0.07450062036514282
21,49,0.07326582819223404
21,50,0.06535530090332031
21,51,0.07305005192756653
21,52,0.07448239624500275
21,53,0.055660150945186615
21,54,0.07284285873174667
21,55,0.07996277511119843
21,56,0.0745859295129776
21,57,0.06792941689491272
21,58,0.06188022717833519
21,59,0.06819214671850204
21,60,0.07355614006519318
21,61,0.07948526740074158
21,62,0.08010023087263107
21,63,0.05729760602116585
21,64,0.06493814289569855
21,65,0.08856254070997238
21,66,0.06276620179414749
21,67,0.06390716135501862
21,68,0.05730915814638138
21,69,0.06368766725063324
21,70,0.06727452576160431
21,71,0.06273423880338669
21,72,0.06910468637943268
21,73,0.06678028404712677
21,74,0.06925064325332642
21,75,0.0657229945063591
21,76,0.07032888382673264
22,1,0.056760549545288086
22,2,0.0682138055562973
22,3,0.07851721346378326
22,4,0.06427721679210663
22,5,0.06751838326454163
22,6,0.06500393152236938
22,7,0.07117855548858643
22,8,0.06039012223482132
22,9,0.06814023107290268
22,10,0.0766245424747467
22,11,0.07978663593530655
22,12,0.08139900863170624
22,13,0.06880219280719757
22,14,0.06144796311855316
22,15,0.06323099881410599
22,16,0.05962270498275757
22,17,0.06484340131282806
22,18,0.06702741980552673
22,19,0.07189527153968811
22,20,0.06381422281265259
22,21,0.05522061139345169
22,22,0.0745842456817627
22,23,0.0787588506937027
22,24,0.08227842301130295
22,25,0.06883469223976135
22,26,0.070060595870018
22,27,0.06035761162638664
22,28,0.07426689565181732
22,29,0.07085290551185608
22,30,0.060251232236623764
22,31,0.07426465302705765
22,32,0.07119669020175934
22,33,0.07058251649141312
22,34,0.0759507492184639
22,35,0.05929788202047348
22,36,0.07509510964155197
22,37,0.06402771174907684
22,38,0.0594826266169548
22,39,0.0684136301279068
22,40,0.08189143240451813
22,41,0.05760492384433746
22,42,0.06261460483074188
22,43,0.08094614744186401
22,44,0.059437111020088196
22,45,0.06191123276948929
22,46,0.06579631567001343
22,47,0.06665050238370895
22,48,0.061405010521411896
22,49,0.057881616055965424
22,50,0.07264205813407898
22,51,0.05663669854402542
22,52,0.060347121208906174
22,53,0.048805203288793564
22,54,0.07357247173786163
22,55,0.062955841422081
22,56,0.07055173814296722
22,57,0.07062532007694244
22,58,0.062019288539886475
22,59,0.06148449704051018
22,60,0.06401486694812775
22,61,0.060372259467840195
22,62,0.07625104486942291
22,63,0.06694528460502625
22,64,0.06982153654098511
22,65,0.06567065417766571
22,66,0.07664959132671356
22,67,0.0614563524723053
22,68,0.06372758746147156
22,69,0.05866488814353943
22,70,0.06393878906965256
22,71,0.06917427480220795
22,72,0.061180245131254196
22,73,0.060000739991664886
22,74,0.06365864723920822
22,75,0.08148981630802155
22,76,0.07025685161352158
23,1,0.07203057408332825
23,2,0.07717679440975189
23,3,0.07270051538944244
23,4,0.06147691607475281
23,5,0.06871066987514496
23,6,0.06615263968706131
23,7,0.05822611227631569
23,8,0.09436074644327164
23,9,0.07018494606018066
23,10,0.07021050155162811
23,11,0.0606478750705719
23,12,0.07759591192007065
23,13,0.07551100850105286
23,14,0.059687159955501556
23,15,0.07125478982925415
23,16,0.0675860047340393
23,17,0.06966748833656311
23,18,0.06446795910596848
23,19,0.06314611434936523
23,20,0.06745640933513641
23,21,0.07699628919363022
23,22,0.06892508268356323
23,23,0.06366798281669617
23,24,0.0834469273686409
23,25,0.06081727519631386
23,26,0.058718230575323105
23,27,0.06672226637601852
23,28,0.055251285433769226
23,29,0.08326283097267151
23,30,0.06254862993955612
23,31,0.06539271771907806
23,32,0.066893070936203
23,33,0.06165260076522827
23,34,0.05997433885931969
23,35,0.05190121755003929
23,36,0.06790073215961456
23,37,0.07199914753437042
23,38,0.06460225582122803
23,39,0.0701787918806076
23,40,0.07308410853147507
23,41,0.0604579783976078
23,42,0.06581704318523407
23,43,0.06508397310972214
23,44,0.06344277411699295
23,45,0.05029629170894623
23,46,0.0712401419878006
23,47,0.07275895774364471
23,48,0.06286808848381042
23,49,0.061251912266016006
23,50,0.06761689484119415
23,51,0.0595531165599823
23,52,0.05960054695606232
23,53,0.082603320479393
23,54,0.07740768790245056
23,55,0.06783288717269897
23,56,0.06484872102737427
23,57,0.07618561387062073
23,58,0.07276736199855804
23,59,0.07754652202129364
23,60,0.06276983767747879
23,61,0.053638625890016556
23,62,0.06295287609100342
23,63,0.07578150928020477
23,64,0.05724533647298813
23,65,0.05496007204055786
23,66,0.07066038250923157
23,67,0.06861430406570435
23,68,0.07367640733718872
23,69,0.06820507347583771
23,70,0.06555620580911636
23,71,0.05777222663164139
23,72,0.08970800787210464
23,73,0.0600331649184227
23,74,0.05876218155026436
23,75,0.058574043214321136
23,76,0.06532397866249084
24,1,0.06433410197496414
24,2,0.06299194693565369
24,3,0.06159714609384537
24,4,0.07007026672363281
24,5,0.061630334705114365
24,6,0.058511994779109955
24,7,0.07403615117073059
24,8,0.05750477313995361
24,9,0.05774807184934616
24,10,0.060171984136104584
24,11,0.05454161390662193
24,12,0.06540757417678833
24,13,0.05563279613852501
24,14,0.07016126811504364
24,15,0.06304297596216202
24,16,0.060698188841342926
24,17,0.07109564542770386
24,18,0.05464738607406616
24,19,0.06539584696292877
24,20,0.06516017019748688
24,21,0.0713619589805603
24,22,0.07716355472803116
24,23,0.07108840346336365
24,24,0.07683868706226349
24,25,0.06315018981695175
24,26,0.0691877081990242
24,27,0.06748656928539276
24,28,0.1011645495891571
24,29,0.06483691185712814
24,30,0.06328275799751282
24,31,0.07148050516843796
24,32,0.06004607304930687
24,33,0.05913680046796799
24,34,0.06019669026136398
24,35,0.061665862798690796
24,36,0.07164316624403
24,37,0.07355324923992157
24,38,0.0621432326734066
24,39,0.06273254007101059
24,40,0.06330603361129761
24,41,0.06437500566244125
24,42,0.051777731627225876
24,43,0.07972802221775055
24,44,0.07075485587120056
24,45,0.061787016689777374
24,46,0.058471158146858215
24,47,0.059718720614910126
24,48,0.0629301369190216
24,49,0.05907057225704193
24,50,0.06067264825105667
24,51,0.07514418661594391
24,52,0.07163363695144653
24,53,0.06327619403600693
24,54,0.0659218430519104
24,55,0.10056640207767487
24,56,0.060242604464292526
24,57,0.09510112553834915
24,58,0.06793607026338577
24,59,0.07073589414358139
24,60,0.06623673439025879
24,61,0.06040934473276138
24,62,0.0566396489739418
24,63,0.07142937183380127
24,64,0.06414714455604553
24,65,0.06634359806776047
24,66,0.070209801197052
24,67,0.06449855864048004
24,68,0.05958933383226395
24,69,0.06794144213199615
24,70,0.0834897831082344
24,71,0.07144898176193237
24,72,0.06741736829280853
24,73,0.060925889760255814
24,74,0.0693158358335495
24,75,0.06223159283399582
24,76,0.08936843276023865
25,1,0.06353002786636353
25,2,0.05991610884666443
25,3,0.06307119131088257
25,4,0.07931825518608093
25,5,0.0627894327044487
25,6,0.07480271905660629
25,7,0.0764348953962326
25,8,0.06764998286962509
25,9,0.05694388225674629
25,10,0.06772997230291367
25,11,0.0734691247344017
25,12,0.06453125923871994
25,13,0.06045763939619064
25,14,0.06926225125789642
25,15,0.05867156386375427
25,16,0.052379317581653595
25,17,0.06373772025108337
25,18,0.07212748378515244
25,19,0.07069920748472214
25,20,0.05623182654380798
25,21,0.07450591772794724
25,22,0.06464451551437378
25,23,0.0657225102186203
25,24,0.06528092920780182
25,25,0.07421231269836426
25,26,0.06275755912065506
25,27,0.06277044117450714
25,28,0.06221494823694229
25,29,0.05053362995386124
25,30,0.0633215382695198
25,31,0.07470305263996124
25,32,0.05978734791278839
25,33,0.060746930539608
25,34,0.07497581839561462
25,35,0.06060788407921791
25,36,0.061349205672740936
25,37,0.06391642242670059
25,38,0.06269785761833191
25,39,0.058495499193668365
25,40,0.09195957332849503
25,41,0.06131572648882866
25,42,0.06624052673578262
25,43,0.07627972960472107
25,44,0.06179002299904823
25,45,0.0657743588089943
25,46,0.07805599272251129
25,47,0.0546969473361969
25,48,0.0660349428653717
25,49,0.06898371875286102
25,50,0.054836682975292206
25,51,0.06410523504018784
25,52,0.06274476647377014
25,53,0.0584249347448349
25,54,0.05831540375947952
25,55,0.06864584982395172
25,56,0.05692517012357712
25,57,0.05635594576597214
25,58,0.07464675605297089
25,59,0.06360577046871185
25,60,0.08337242901325226
25,61,0.06172002851963043
25,62,0.06262992322444916
25,63,0.06277624517679214
25,64,0.07053142786026001
25,65,0.07167823612689972
25,66,0.0605301670730114
25,67,0.05670643597841263
25,68,0.08639158308506012
25,69,0.06246046721935272
25,70,0.06213875859975815
25,71,0.05734586715698242
25,72,0.06086523085832596
25,73,0.053464509546756744
25,74,0.06793296337127686
25,75,0.062366265803575516
25,76,0.06092612445354462
26,1,0.06571079790592194
26,2,0.057387955486774445
26,3,0.06833481788635254
26,4,0.10652653872966766
26,5,0.05794427543878555
26,6,0.07289831340312958
26,7,0.06730236858129501
26,8,0.06812405586242676
26,9,0.06263889372348785
26,10,0.06795835494995117
26,11,0.06843653321266174
26,12,0.0730946734547615
26,13,0.06472145766019821
26,14,0.07059706747531891
26,15,0.07082146406173706
26,16,0.06240757927298546
26,17,0.07420370727777481
26,18,0.06078842654824257
26,19,0.0626436322927475
26,20,0.07205608487129211
26,21,0.06253005564212799
26,22,0.06871985644102097
26,23,0.07109080255031586
26,24,0.051680658012628555
26,25,0.06975070387125015
26,26,0.06025080382823944
26,27,0.0680541843175888
26,28,0.06064429134130478
26,29,0.060958459973335266
26,30,0.06746990233659744
26,31,0.06513645499944687
26,32,0.05566040426492691
26,33,0.06553623080253601
26,34,0.07072868943214417
26,35,0.06263464689254761
26,36,0.05871782451868057
26,37,0.055491138249635696
26,38,0.057966530323028564
26,39,0.06278367340564728
26,40,0.05634017288684845
26,41,0.06431350857019424
26,42,0.06588701903820038
26,43,0.076801598072052
26,44,0.07520595192909241
26,45,0.06840243935585022
26,46,0.05768699198961258
26,47,0.054922059178352356
26,48,0.05171307548880577
26,49,0.05672044679522514
26,50,0.06058768928050995
26,51,0.0601113960146904
26,52,0.06690939515829086
26,53,0.0743684321641922
26,54,0.06676820665597916
26,55,0.06698057055473328
26,56,0.055424995720386505
26,57,0.06181380897760391
26,58,0.07078219205141068
26,59,0.06578296422958374
26,60,0.05642687529325485
26,61,0.06412019580602646
26,62,0.05782441794872284
26,63,0.06219448521733284
26,64,0.053340040147304535
26,65,0.07164178788661957
26,66,0.06520985066890717
26,67,0.06206391006708145
26,68,0.07473619282245636
26,69,0.06487369537353516
26,70,0.06402218341827393
26,71,0.06476877629756927
26,72,0.06182798743247986
26,73,0.05598330497741699
26,74,0.06289447844028473
26,75,0.0540304072201252
26,76,0.06395620107650757
27,1,0.06349687278270721
27,2,0.06170867383480072
27,3,0.05748191475868225
27,4,0.06262032687664032
27,5,0.061279043555259705
27,6,0.06005226820707321
27,7,0.06226164102554321
27,8,0.06840158998966217
27,9,0.057187989354133606
27,10,0.07014673948287964
27,11,0.0557895228266716
27,12,0.05836837738752365
27,13,0.06022908538579941
27,14,0.06569334119558334
27,15,0.055312205106019974
27,16,0.07463540136814117
27,17,0.06841099262237549
27,18,0.05503542721271515
27,19,0.061395641416311264
27,20,0.05895605683326721
27,21,0.0514218732714653
27,22,0.06101956218481064
27,23,0.0515894778072834
27,24,0.07069696485996246
27,25,0.06411868333816528
27,26,0.06421172618865967
27,27,0.05240664258599281
27,28,0.06593054533004761
27,29,0.06895295530557632
27,30,0.05963629111647606
27,31,0.0644015222787857
27,32,0.053793199360370636
27,33,0.06312812119722366
27,34,0.06323069334030151
27,35,0.07245150208473206
27,36,0.06444679945707321
27,37,0.06727513670921326
27,38,0.06144285202026367
27,39,0.06477250158786774
27,40,0.06441888213157654
27,41,0.06543193012475967
27,42,0.05905504524707794
27,43,0.05547428876161575
27,44,0.06787052750587463
27,45,0.0553215816617012
27,46,0.06136997416615486
27,47,0.05805628001689911
27,48,0.06339381635189056
27,49,0.05577975511550903
27,50,0.07064586132764816
27,51,0.051217906177043915
27,52,0.06370499730110168
27,53,0.04994697868824005
27,54,0.058418259024620056
27,55,0.05332142487168312
27,56,0.05594567209482193
27,57,0.06085743010044098
27,58,0.06589404493570328
27,59,0.07893121242523193
27,60,0.05525582656264305
27,61,0.07004593312740326
27,62,0.06096987426280975
27,63,0.05505262687802315
27,64,0.05801338702440262
27,65,0.06259767711162567
27,66,0.052129022777080536
27,67,0.061235301196575165
27,68,0.05626929551362991
27,69,0.06808453798294067
27,70,0.07281135022640228
27,71,0.056982122361660004
27,72,0.06613317877054214
27,73,0.0635850802063942
27,74,0.057792097330093384
27,75,0.05758008360862732
27,76,0.055458247661590576
28,1,0.05585964024066925
28,2,0.061534568667411804
28,3,0.0473882295191288
28,4,0.06464752554893494
28,5,0.07568861544132233
28,6,0.05507552623748779
28,7,0.06895604729652405
28,8,0.053748443722724915
28,9,0.060553207993507385
28,10,0.06579367816448212
28,11,0.05136938393115997
28,12,0.05981079488992691
28,13,0.06389777362346649
28,14,0.06373070180416107
28,15,0.05738368630409241
28,16,0.04814737290143967
28,17,0.05708516389131546
28,18,0.05499779060482979
28,19,0.07110561430454254
28,20,0.061525002121925354
28,21,0.04829221963882446
28,22,0.05635925754904747
28,23,0.06151288002729416
28,24,0.056947700679302216
28,25,0.058264315128326416
28,26,0.05328817665576935
28,27,0.046798594295978546
28,28,0.05682133883237839
28,29,0.05850323289632797
28,30,0.055183492600917816
28,31,0.06655316054821014
28,32,0.05799535661935806
28,33,0.053750257939100266
28,34,0.06240062788128853
28,35,0.058595750480890274
28,36,0.06334365904331207
28,37,0.051405079662799835
28,38,0.05891332030296326
28,39,0.05331982672214508
28,40,0.05836779624223709
28,41,0.05769947171211243
28,42,0.051127515733242035
28,43,0.05873861163854599
28,44,0.07081139087677002
28,45,0.04846308007836342
28,46,0.06268152594566345
28,47,0.07094228267669678
28,48,0.059578582644462585
28,49,0.08691942691802979
28,50,0.06570897251367569
28,51,0.06429705023765564
28,52,0.06023366004228592
28,53,0.05867563188076019
28,54,0.05563116818666458
28,55,0.0627749115228653
28,56,0.06328682601451874
28,57,0.05100896209478378
28,58,0.06540556252002716
28,59,0.06831791251897812
28,60,0.059301406145095825
28,61,0.05755256488919258
28,62,0.06493710726499557
28,63,0.07005531340837479
28,64,0.05785112455487251
28,65,0.05712055042386055
28,66,0.05189550668001175
28,67,0.06702028214931488
28,68,0.053936734795570374
28,69,0.05572347342967987
28,70,0.07219627499580383
28,71,0.05356175824999809
28,72,0.06403430551290512
28,73,0.054656513035297394
28,74,0.06870679557323456
28,75,0.06500422954559326
28,76,0.06657809019088745
29,1,0.07881484925746918
29,2,0.06473103165626526
29,3,0.06258855760097504
29,4,0.05543486028909683
29,5,0.060462724417448044
29,6,0.06799275428056717
29,7,0.07262587547302246
29,8,0.05968915671110153
29,9,0.06926505267620087
29,10,0.06348355859518051
29,11,0.053259171545505524
29,12,0.06045535206794739
29,13,0.055356476455926895
29,14,0.06965287774801254
29,15,0.05700329318642616
29,16,0.05901408940553665
29,17,0.057281605899333954
29,18,0.10593622922897339
29,19,0.05936654657125473
29,20,0.05748675763607025
29,21,0.060524314641952515
29,22,0.06691693514585495
29,23,0.05550509691238403
29,24,0.0583580881357193
29,25,0.06646009534597397
29,26,0.07078197598457336
29,27,0.06182582676410675
29,28,0.05594092234969139
29,29,0.061467260122299194
29,30,0.06517890840768814
29,31,0.061198025941848755
29,32,0.05799327790737152
29,33,0.058260221034288406
29,34,0.0683756023645401
29,35,0.06208886206150055
29,36,0.07144948095083237
29,37,0.05187266319990158
29,38,0.07225652039051056
29,39,0.0597369484603405
29,40,0.06323603540658951
29,41,0.059481747448444366
29,42,0.058507345616817474
29,43,0.06584951281547546
29,44,0.05593778192996979
29,45,0.056964293122291565
29,46,0.06026545912027359
29,47,0.05814044922590256
29,48,0.054780155420303345
29,49,0.06424129009246826
29,50,0.09155381470918655
29,51,0.058755889534950256
29,52,0.05791541188955307
29,53,0.05440358817577362
29,54,0.04782351106405258
29,55,0.05294693633913994
29,56,0.05862877517938614
29,57,0.0639977678656578
29,58,0.054778456687927246
29,59,0.06806344538927078
29,60,0.05369137227535248
29,61,0.07924500852823257
29,62,0.060787372291088104
29,63,0.05115325748920441
29,64,0.05768675357103348
29,65,0.06763362884521484
29,66,0.06004217267036438
29,67,0.05714930593967438
29,68,0.061714544892311096
29,69,0.06035955995321274
29,70,0.05637439340353012
29,71,0.05734584107995033
29,72,0.05848432704806328
29,73,0.050993386656045914
29,74,0.057564232498407364
29,75,0.05853307247161865
29,76,0.058255963027477264
30,1,0.06712906807661057
30,2,0.05325388163328171
30,3,0.05292550474405289
30,4,0.061855461448431015
30,5,0.05786586180329323
30,6,0.05741041153669357
30,7,0.056218165904283524
30,8,0.07276322692632675
30,9,0.05432691425085068
30,10,0.06603656709194183
30,11,0.051234498620033264
30,12,0.06305460631847382
30,13,0.04366574436426163
30,14,0.05681644380092621
30,15,0.0609324648976326
30,16,0.05614785850048065
30,17,0.06809423118829727
30,18,0.05064947530627251
30,19,0.06774233281612396
30,20,0.06763499975204468
30,21,0.057957448065280914
30,22,0.07449191063642502
30,23,0.05419003218412399
30,24,0.07060761749744415
30,25,0.058592889457941055
30,26,0.05493589863181114
30,27,0.05806200951337814
30,28,0.05897428095340729
30,29,0.06676533073186874
30,30,0.05683133378624916
30,31,0.05341047793626785
30,32,0.05294758826494217
30,33,0.04944687336683273
30,34,0.0640009194612503
30,35,0.06711788475513458
30,36,0.053266383707523346
30,37,0.0669582337141037
30,38,0.05328232795000076
30,39,0.05837421864271164
30,40,0.055907491594552994
30,41,0.06182564049959183
30,42,0.0625840425491333
30,43,0.06355415284633636
30,44,0.058072738349437714
30,45,0.0525900274515152
30,46,0.057558268308639526
30,47,0.09848276525735855
30,48,0.05872850492596626
30,49,0.06891104578971863
30,50,0.05336938798427582
30,51,0.06509822607040405
30,52,0.06731158494949341
30,53,0.05791905149817467
30,54,0.06671193242073059
30,55,0.06707015633583069
30,56,0.06323093175888062
30,57,0.06230853125452995
30,58,0.07511518150568008
30,59,0.07225333899259567
30,60,0.06302488595247269
30,61,0.062703438103199
30,62,0.05670469254255295
30,63,0.05586088448762894
30,64,0.07005039602518082
30,65,0.06097295880317688
30,66,0.06002520024776459
30,67,0.06413614749908447
30,68,0.05545123666524887
30,69,0.07041885703802109
30,70,0.05353936925530434
30,71,0.06845292448997498
30,72,0.060009486973285675
30,73,0.08322867751121521
30,74,0.0607147142291069
30,75,0.07167097181081772
30,76,0.06244789808988571
31,1,0.058515168726444244
31,2,0.05766455456614494
31,3,0.060814887285232544
31,4,0.05566183477640152
31,5,0.057899750769138336
31,6,0.06749002635478973
31,7,0.05888739228248596
31,8,0.06072525680065155
31,9,0.06319533288478851
31,10,0.05669315904378891
31,11,0.06669338047504425
31,12,0.054989203810691833
31,13,0.05798116698861122
31,14,0.04874804615974426
31,15,0.055857300758361816
31,16,0.05736469477415085
31,17,0.05845778062939644
31,18,0.055565811693668365
31,19,0.05991049110889435
31,20,0.05842994898557663
31,21,0.06420242041349411
31,22,0.06448859721422195
31,23,0.05250762403011322
31,24,0.07325796782970428
31,25,0.05712894722819328
31,26,0.052695997059345245
31,27,0.06547395884990692
31,28,0.06257558614015579
31,29,0.05322623252868652
31,30,0.058196358382701874
31,31,0.05381317064166069
31,32,0.055414389818906784
31,33,0.062204986810684204
31,34,0.05614949017763138
31,35,0.05487692356109619
31,36,0.05433369427919388
31,37,0.06018500775098801
31,38,0.06896023452281952
31,39,0.05929539352655411
31,40,0.06833119690418243
31,41,0.05621061846613884
31,42,0.0536528006196022
31,43,0.053471386432647705
31,44,0.056122053414583206
31,45,0.06537698209285736
31,46,0.06671805679798126
31,47,0.04940229654312134
31,48,0.057614006102085114
31,49,0.055896490812301636
31,50,0.05139275640249252
31,51,0.04936927556991577
31,52,0.05378119647502899
31,53,0.06571370363235474
31,54,0.054555825889110565
31,55,0.052496083080768585
31,56,0.0675911232829094
31,57,0.05294594541192055
31,58,0.0561513751745224
31,59,0.054352618753910065
31,60,0.059469662606716156
31,61,0.05822155997157097
31,62,0.05530942976474762
31,63,0.0587451234459877
31,64,0.05808010697364807
31,65,0.06333737075328827
31,66,0.06504897028207779
31,67,0.05266427621245384
31,68,0.05591931194067001
31,69,0.05537859722971916
31,70,0.055698174983263016
31,71,0.057447101920843124
31,72,0.05818431079387665
31,73,0.05470527708530426
31,74,0.05356673523783684
31,75,0.06469616293907166
31,76,0.06061939150094986
32,1,0.05614230036735535
32,2,0.053691551089286804
32,3,0.05759893357753754
32,4,0.05723206326365471
32,5,0.05916561186313629
32,6,0.0616934597492218
32,7,0.055694859474897385
32,8,0.06234768033027649
32,9,0.058012332767248154
32,10,0.07057978212833405
32,11,0.06587523221969604
32,12,0.058559611439704895
32,13,0.06493312865495682
32,14,0.06364072114229202
32,15,0.05915982648730278
32,16,0.0627550482749939
32,17,0.04818909615278244
32,18,0.07248836755752563
32,19,0.06103969365358353
32,20,0.046309277415275574
32,21,0.06366267800331116
32,22,0.06033049151301384
32,23,0.05867058038711548
32,24,0.05052749812602997
32,25,0.0631403997540474
32,26,0.06658376753330231
32,27,0.06464552879333496
32,28,0.051028504967689514
32,29,0.07991580665111542
32,30,0.05097901076078415
32,31,0.05453120544552803
32,32,0.054769158363342285
32,33,0.0630902349948883
32,34,0.05115697532892227
32,35,0.05717700719833374
32,36,0.0707569494843483
32,37,0.05629521235823631
32,38,0.053636450320482254
32,39,0.057739149779081345
32,40,0.04570511728525162
32,41,0.06590620428323746
32,42,0.06617524474859238
32,43,0.06935827434062958
32,44,0.060817740857601166
32,45,0.05939549207687378
32,46,0.05716438591480255
32,47,0.06206288933753967
32,48,0.060627978295087814
32,49,0.05653656646609306
32,50,0.061142414808273315
32,51,0.06028028577566147
32,52,0.05166438966989517
32,53,0.05580201745033264
32,54,0.05659899860620499
32,55,0.04987654834985733
32,56,0.052809759974479675
32,57,0.058594219386577606
32,58,0.06472708284854889
32,59,0.060241762548685074
32,60,0.05305490642786026
32,61,0.05389273166656494
32,62,0.04975873976945877
32,63,0.05505629628896713
32,64,0.06270318478345871
32,65,0.05665814131498337
32,66,0.06671541929244995
32,67,0.054030608385801315
32,68,0.05443049222230911
32,69,0.05327813699841499
32,70,0.06342744827270508
32,71,0.055847130715847015
32,72,0.05323819816112518
32,73,0.05975834280252457
32,74,0.050809796899557114
32,75,0.05272567272186279
32,76,0.06713990867137909
33,1,0.052975185215473175
33,2,0.05656113475561142
33,3,0.05464756488800049
33,4,0.05362726002931595
33,5,0.05276048183441162
33,6,0.06599390506744385
33,7,0.05577819049358368
33,8,0.05849388614296913
33,9,0.05800322815775871
33,10,0.06997691839933395
33,11,0.05229096859693527
33,12,0.0621536485850811
33,13,0.06349720060825348
33,14,0.06951683759689331
33,15,0.06797295808792114
33,16,0.06461314857006073
33,17,0.05590275302529335
33,18,0.05790281295776367
33,19,0.05390753597021103
33,20,0.05381488800048828
33,21,0.06227559968829155
33,22,0.04851987585425377
33,23,0.047537073493003845
33,24,0.05450014770030975
33,25,0.06322196125984192
33,26,0.05641515552997589
33,27,0.056024227291345596
33,28,0.058943212032318115
33,29,0.05045836418867111
33,30,0.05025854706764221
33,31,0.05953580141067505
33,32,0.06065014749765396
33,33,0.06092683970928192
33,34,0.06372404843568802
33,35,0.06208956986665726
33,36,0.05588267743587494
33,37,0.054159052670001984
33,38,0.05256063863635063
33,39,0.04856301099061966
33,40,0.04725773632526398
33,41,0.056279174983501434
33,42,0.0522269569337368
33,43,0.051482610404491425
33,44,0.06309565901756287
33,45,0.05258394032716751
33,46,0.048879459500312805
33,47,0.06586509943008423
33,48,0.05764630436897278
33,49,0.06717176735401154
33,50,0.06413811445236206
33,51,0.06504236161708832
33,52,0.04755565524101257
33,53,0.06198311597108841
33,54,0.058425795286893845
33,55,0.056707218289375305
33,56,0.053845059126615524
33,57,0.05370786786079407
33,58,0.06901692599058151
33,59,0.061897311359643936
33,60,0.0565890371799469
33,61,0.07192711532115936
33,62,0.0580671988427639
33,63,0.055972836911678314
33,64,0.05628930777311325
33,65,0.0513916052877903
33,66,0.047118738293647766
33,67,0.05065193399786949
33,68,0.05295412987470627
33,69,0.05792735144495964
33,70,0.060276396572589874
33,71,0.0522054061293602
33,72,0.05162213370203972
33,73,0.050616681575775146
33,74,0.05172519385814667
33,75,0.04752195626497269
33,76,0.06945599615573883
34,1,0.04532302916049957
34,2,0.050943773239851
34,3,0.05290164798498154
34,4,0.04873475432395935
34,5,0.050911590456962585
34,6,0.047217756509780884
34,7,0.059215791523456573
34,8,0.056771595031023026
34,9,0.053765617311000824
34,10,0.061917275190353394
34,11,0.056132733821868896
34,12,0.05144321545958519
34,13,0.06166567653417587
34,14,0.05321236327290535
34,15,0.05361170694231987
34,16,0.06216548755764961
34,17,0.06380923837423325
34,18,0.06627289950847626
34,19,0.05984412878751755
34,20,0.06092254817485809
34,21,0.05149774253368378
34,22,0.05980647727847099
34,23,0.05486210808157921
34,24,0.05503023415803909
34,25,0.04902224987745285
34,26,0.048293549567461014
34,27,0.05696246773004532
34,28,0.05158242583274841
34,29,0.051721543073654175
34,30,0.06198003515601158
34,31,0.05563073605298996
34,32,0.049260642379522324
34,33,0.05149516835808754
34,34,0.053404368460178375
34,35,0.04989524558186531
34,36,0.06143449619412422
34,37,0.05397503077983856
34,38,0.05943036824464798
34,39,0.06759100407361984
34,40,0.058490075170993805
34,41,0.050993211567401886
34,42,0.05687245726585388
34,43,0.05028112977743149
34,44,0.06197385862469673
34,45,0.053635913878679276
34,46,0.05027468502521515
34,47,0.0679246038198471
34,48,0.04854504391551018
34,49,0.0637538880109787
34,50,0.06394091248512268
34,51,0.06803998351097107
34,52,0.049111753702163696
34,53,0.06248612701892853
34,54,0.058189380913972855
34,55,0.06158372014760971
34,56,0.049571871757507324
34,57,0.06533975154161453
34,58,0.06224755942821503
34,59,0.05812479555606842
34,60,0.06953897327184677
34,61,0.05553034693002701
34,62,0.061552636325359344
34,63,0.05936098098754883
34,64,0.05560121685266495
34,65,0.04746938869357109
34,66,0.055449455976486206
34,67,0.05379249155521393
34,68,0.057898811995983124
34,69,0.05468406528234482
34,70,0.05258166044950485
34,71,0.046120770275592804
34,72,0.06600958108901978
34,73,0.056738175451755524
34,74,0.05433846637606621
34,75,0.06575426459312439
34,76,0.051964499056339264
35,1,0.06482557952404022
35,2,0.04672308266162872
35,3,0.046026043593883514
35,4,0.06154057756066322
35,5,0.05380462110042572
35,6,0.05141817033290863
35,7,0.0588265098631382
35,8,0.05268406867980957
35,9,0.06538423150777817
35,10,0.06019696965813637
35,11,0.06308507919311523
35,12,0.057902686297893524
35,13,0.06980040669441223
35,14,0.058682844042778015
35,15,0.05281735956668854
35,16,0.07177919149398804
35,17,0.057080402970314026
35,18,0.053538497537374496
35,19,0.053829677402973175
35,20,0.05684171989560127
35,21,0.05013468861579895
35,22,0.0638781487941742
35,23,0.04995330423116684
35,24,0.05346635729074478
35,25,0.047486841678619385
35,26,0.054278358817100525
35,27,0.05702788010239601
35,28,0.058193597942590714
35,29,0.05235149338841438
35,30,0.06140566244721413
35,31,0.05364985764026642
35,32,0.05633383244276047
35,33,0.055461905896663666
35,34,0.05869125574827194
35,35,0.05204329267144203
35,36,0.06057685613632202
35,37,0.044592320919036865
35,38,0.05854116007685661
35,39,0.053313154727220535
35,40,0.06788774579763412
35,41,0.05608081817626953
35,42,0.05398322269320488
35,43,0.05766591429710388
35,44,0.053628839552402496
35,45,0.05568892881274223
35,46,0.05117008835077286
35,47,0.05876436084508896
35,48,0.05583283305168152
35,49,0.07779398560523987
35,50,0.06057952344417572
35,51,0.054696373641490936
35,52,0.047642216086387634
35,53,0.054876089096069336
35,54,0.06289497017860413
35,55,0.06016355752944946
35,56,0.0580495148897171
35,57,0.0572790652513504
35,58,0.04993143305182457
35,59,0.05473378300666809
35,60,0.054896384477615356
35,61,0.053856588900089264
35,62,0.04599295184016228
35,63,0.04866154491901398
35,64,0.06039012223482132
35,65,0.0483994334936142
35,66,0.05972863733768463
35,67,0.05523209273815155
35,68,0.06918513774871826
35,69,0.05995713919401169
35,70,0.061202436685562134
35,71,0.054753609001636505
35,72,0.05926291644573212
35,73,0.0480777807533741
35,74,0.06353701651096344
35,75,0.058740340173244476
35,76,0.0523172989487648
36,1,0.05766570568084717
36,2,0.05593659356236458
36,3,0.051213040947914124
36,4,0.04661143198609352
36,5,0.057437047362327576
36,6,0.04786970093846321
36,7,0.049949761480093
36,8,0.05323275923728943
36,9,0.05695466697216034
36,10,0.04988105967640877
36,11,0.05822565034031868
36,12,0.06607423722743988
36,13,0.05592436343431473
36,14,0.05164000391960144
36,15,0.05244148522615433
36,16,0.0724790021777153
36,17,0.05151449143886566
36,18,0.06522239744663239
36,19,0.06558249890804291
36,20,0.06000977009534836
36,21,0.06071793660521507
36,22,0.053599171340465546
36,23,0.05828850716352463
36,24,0.051165871322155
36,25,0.06293971836566925
36,26,0.0508740171790123
36,27,0.061046332120895386
36,28,0.045549966394901276
36,29,0.057095713913440704
36,30,0.05019892752170563
36,31,0.05784701183438301
36,32,0.062268808484077454
36,33,0.06006034463644028
36,34,0.05452105030417442
36,35,0.0592215359210968
36,36,0.050432562828063965
36,37,0.06207475811243057
36,38,0.05342123657464981
36,39,0.05564222112298012
36,40,0.05346306785941124
36,41,0.05990501865744591
36,42,0.055200450122356415
36,43,0.07423438131809235
36,44,0.06160600855946541
36,45,0.06320749223232269
36,46,0.058840956538915634
36,47,0.058271653950214386
36,48,0.05520559847354889
36,49,0.05038965865969658
36,50,0.04975267872214317
36,51,0.04691320285201073
36,52,0.05371225252747536
36,53,0.07358299940824509
36,54,0.071969173848629
36,55,0.05553293228149414
36,56,0.052611514925956726
36,57,0.06394807249307632
36,58,0.05677568167448044
36,59,0.05961858853697777
36,60,0.050347402691841125
36,61,0.053679414093494415
36,62,0.046431764960289
36,63,0.05843879282474518
36,64,0.05658462643623352
36,65,0.06617041677236557
36,66,0.05468263849616051
36,67,0.05121473968029022
36,68,0.047685325145721436
36,69,0.06963694095611572
36,70,0.04928819090127945
36,71,0.06903702020645142
36,72,0.056934479624032974
36,73,0.06314041465520859
36,74,0.06113806366920471
36,75,0.0508451983332634
36,76,0.049718789756298065
37,1,0.057444408535957336
37,2,0.055921874940395355
37,3,0.07892061024904251
37,4,0.054958805441856384
37,5,0.05835341662168503
37,6,0.0595894493162632
37,7,0.05993860214948654
37,8,0.05175089091062546
37,9,0.05231645703315735
37,10,0.05784766748547554
37,11,0.050177451223134995
37,12,0.05408661067485809
37,13,0.055366307497024536
37,14,0.05248590558767319
37,15,0.04898187518119812
37,16,0.05535338073968887
37,17,0.06508983671665192
37,18,0.05976845696568489
37,19,0.05224936455488205
37,20,0.06618694961071014
37,21,0.0601341538131237
37,22,0.07648336887359619
37,23,0.05137914419174194
37,24,0.051024824380874634
37,25,0.04985107481479645
37,26,0.05459844321012497
37,27,0.046953074634075165
37,28,0.06472492218017578
37,29,0.05855270102620125
37,30,0.0704641193151474
37,31,0.05487854406237602
37,32,0.05336988717317581
37,33,0.05511835962533951
37,34,0.051709797233343124
37,35,0.05460215359926224
37,36,0.055529624223709106
37,37,0.053528327494859695
37,38,0.043512921780347824
37,39,0.060671307146549225
37,40,0.050489410758018494
37,41,0.05022076144814491
37,42,0.056336335837841034
37,43,0.05861987918615341
37,44,0.05504491925239563
37,45,0.06468188762664795
37,46,0.05992422252893448
37,47,0.06208306550979614
37,48,0.05906553193926811
37,49,0.055476099252700806
37,50,0.04722224175930023
37,51,0.05887190252542496
37,52,0.049147702753543854
37,53,0.058928027749061584
37,54,0.05843473970890045
37,55,0.048517774790525436
37,56,0.06542711704969406
37,57,0.04955101013183594
37,58,0.058071061968803406
37,59,0.05454318970441818
37,60,0.055348023772239685
37,61,0.05177844688296318
37,62,0.058180272579193115
37,63,0.05326072499155998
37,64,0.07328654825687408
37,65,0.05244561284780502
37,66,0.06754177808761597
37,67,0.052529118955135345
37,68,0.05350948125123978
37,69,0.059091199189424515
37,70,0.05063766986131668
37,71,0.05349615961313248
37,72,0.06218411773443222
37,73,0.05089063197374344
37,74,0.0501771979033947
37,75,0.047805093228816986
37,76,0.06237487122416496
38,1,0.05487104505300522
38,2,0.055528756231069565
38,3,0.05152006447315216
38,4,0.04613831639289856
38,5,0.049541495740413666
38,6,0.05918128788471222
38,7,0.052930980920791626
38,8,0.05234987661242485
38,9,0.04894131422042847
38,10,0.0639549195766449
38,11,0.05594586208462715
38,12,0.053763099014759064
38,13,0.05572522059082985
38,14,0.04996122419834137
38,15,0.047372862696647644
38,16,0.051447056233882904
38,17,0.05201433598995209
38,18,0.060924217104911804
38,19,0.061266377568244934
38,20,0.05919722840189934
38,21,0.05495085194706917
38,22,0.06164630874991417
38,23,0.04502929747104645
38,24,0.05893144756555557
38,25,0.05919676274061203
38,26,0.04989977180957794
38,27,0.08767195045948029
38,28,0.04635991156101227
38,29,0.06339525431394577
38,30,0.06273211538791656
38,31,0.06405610591173172
38,32,0.052821964025497437
38,33,0.049616433680057526
38,34,0.0545550137758255
38,35,0.05148566514253616
38,36,0.05639191344380379
38,37,0.04906085878610611
38,38,0.055567070841789246
38,39,0.06539737433195114
38,40,0.06364679336547852
38,41,0.05038318783044815
38,42,0.05828312039375305
38,43,0.05254208669066429
38,44,0.05728014558553696
38,45,0.05953396111726761
38,46,0.057935748249292374
38,47,0.049354132264852524
38,48,0.06066792458295822
38,49,0.04768592491745949
38,50,0.07847312837839127
38,51,0.05372069031000137
38,52,0.059365786612033844
38,53,0.05326974019408226
38,54,0.04975522309541702
38,55,0.057195890694856644
38,56,0.05578412488102913
38,57,0.05342784523963928
38,58,0.04654616117477417
38,59,0.060919661074876785
38,60,0.0515892431139946
38,61,0.05019037425518036
38,62,0.06022629886865616
38,63,0.05044082552194595
38,64,0.0632033720612526
38,65,0.0607164204120636
38,66,0.059622835367918015
38,67,0.05603284761309624
38,68,0.0518757700920105
38,69,0.05693092942237854
38,70,0.06142548844218254
38,71,0.040744177997112274
38,72,0.06626484543085098
38,73,0.052383169531822205
38,74,0.04496016725897789
38,75,0.05446060001850128
38,76,0.06445522606372833
39,1,0.04906199127435684
39,2,0.055757198482751846
39,3,0.054190512746572495
39,4,0.04733778536319733
39,5,0.05411413311958313
39,6,0.05435439944267273
39,7,0.0645599216222763
39,8,0.046722412109375
39,9,0.057013921439647675
39,10,0.056683722883462906
39,11,0.06653419137001038
39,12,0.05454050004482269
39,13,0.05511775240302086
39,14,0.04779544100165367
39,15,0.05399085581302643
39,16,0.05077262595295906
39,17,0.05977371707558632
39,18,0.05956101790070534
39,19,0.05818620324134827
39,20,0.054617349058389664
39,21,0.05083569139242172
39,22,0.06175445020198822
39,23,0.05939619615674019
39,24,0.05249848589301109
39,25,0.061041075736284256
39,26,0.05140724033117294
39,27,0.05065509304404259
39,28,0.05592832714319229
39,29,0.053759340196847916
39,30,0.06643754243850708
39,31,0.04409582167863846
39,32,0.05573631823062897
39,33,0.04882273077964783
39,34,0.0533619299530983
39,35,0.05566592141985893
39,36,0.04986472427845001
39,37,0.05676998198032379
39,38,0.05955067276954651
39,39,0.052164334803819656
39,40,0.05559537559747696
39,41,0.05348281189799309
39,42,0.05815783888101578
39,43,0.05585908889770508
39,44,0.05402541160583496
39,45,0.055011942982673645
39,46,0.048910703510046005
39,47,0.04798956587910652
39,48,0.056976236402988434
39,49,0.04723738878965378
39,50,0.05361955240368843
39,51,0.06627373397350311
39,52,0.049418818205595016
39,53,0.05897386372089386
39,54,0.060545407235622406
39,55,0.059164389967918396
39,56,0.04956965520977974
39,57,0.05596189573407173
39,58,0.05187784880399704
39,59,0.06685465574264526
39,60,0.058451950550079346
39,61,0.05836165323853493
39,62,0.052876267582178116
39,63,0.058944445103406906
39,64,0.0591115765273571
39,65,0.05607964098453522
39,66,0.04432474076747894
39,67,0.05781291425228119
39,68,0.0584455244243145
39,69,0.0551568977534771
39,70,0.05392497777938843
39,71,0.0524321012198925
39,72,0.0507490336894989
39,73,0.05309482663869858
39,74,0.05205371230840683
39,75,0.053631722927093506
39,76,0.04792949557304382
40,1,0.051580898463726044
40,2,0.04272591322660446
40,3,0.05109994485974312
40,4,0.059151604771614075
40,5,0.046198520809412
40,6,0.058628588914871216
40,7,0.053759340196847916
40,8,0.05148467421531677
40,9,0.05055428296327591
40,10,0.04897506535053253
40,11,0.06315794587135315
40,12,0.044903714209795
40,13,0.05499660223722458
40,14,0.06123846024274826
40,15,0.05301061272621155
40,16,0.051353223621845245
40,17,0.04613224416971207
40,18,0.05239102244377136
40,19,0.06163187325000763
40,20,0.052325230091810226
40,21,0.051271695643663406
40,22,0.046740882098674774
40,23,0.060266636312007904
40,24,0.05513308197259903
40,25,0.053812988102436066
40,26,0.05093686282634735
40,27,0.046074867248535156
40,28,0.04980204999446869
40,29,0.06663374602794647
40,30,0.05653122439980507
40,31,0.057052016258239746
40,32,0.05481085926294327
40,33,0.05280383676290512
40,34,0.05385078862309456
40,35,0.049769915640354156
40,36,0.05297569930553436
40,37,0.05339454859495163
40,38,0.05220950022339821
40,39,0.049491703510284424
40,40,0.05048786848783493
40,41,0.05250438302755356
40,42,0.04842756316065788
40,43,0.05149029195308685
40,44,0.04702107235789299
40,45,0.053939711302518845
40,46,0.043973468244075775
40,47,0.04794381186366081
40,48,0.047050841152668
40,49,0.051434632390737534
40,50,0.05260542035102844
40,51,0.05073217675089836
40,52,0.055507466197013855
40,53,0.07920248806476593
40,54,0.04956069216132164
40,55,0.05459142476320267
40,56,0.055103737860918045
40,57,0.045094773173332214
40,58,0.052435100078582764
40,59,0.05399607867002487
40,60,0.054027579724788666
40,61,0.05725398659706116
40,62,0.05955090746283531
40,63,0.062249671667814255
40,64,0.054026078432798386
40,65,0.05046068876981735
40,66,0.08040361106395721
40,67,0.046724170446395874
40,68,0.05618736147880554
40,69,0.04919504374265671
40,70,0.04927895590662956
40,71,0.048512525856494904
40,72,0.05829600617289543
40,73,0.05158484727144241
40,74,0.060805607587099075
40,75,0.05522617697715759
40,76,0.05999528989195824
41,1,0.054391663521528244
41,2,0.048984967172145844
41,3,0.05029858276247978
41,4,0.05230545252561569
41,5,0.05990586429834366
41,6,0.062205757945775986
41,7,0.04683665186166763
41,8,0.050884731113910675
41,9,0.0517667680978775
41,10,0.06749352812767029
41,11,0.06295140087604523
41,12,0.06212741136550903
41,13,0.056418657302856445
41,14,0.05967897176742554
41,15,0.0485498271882534
41,16,0.049870267510414124
41,17,0.053351521492004395
41,18,0.056068822741508484
41,19,0.060004014521837234
41,20,0.05912650376558304
41,21,0.047906190156936646
41,22,0.054217565804719925
41,23,0.056382566690444946
41,24,0.06451140344142914
41,25,0.05414517596364021
41,26,0.05584746599197388
41,27,0.047088973224163055
41,28,0.07599423825740814
41,29,0.04739952087402344
41,30,0.05356977880001068
41,31,0.045857712626457214
41,32,0.05165775492787361
41,33,0.04459112137556076
41,34,0.06938473880290985
41,35,0.057317331433296204
41,36,0.06277517229318619
41,37,0.051133960485458374
41,38,0.046694282442331314
41,39,0.06059195101261139
41,40,0.0498475581407547
41,41,0.05903150886297226
41,42,0.05531900376081467
41,43,0.04969291016459465
41,44,0.060733944177627563
41,45,0.056393545120954514
41,46,0.046480998396873474
41,47,0.055318526923656464
41,48,0.056159742176532745
41,49,0.05428047105669975
41,50,0.04852675274014473
41,51,0.04677048698067665
41,52,0.05856598541140556
41,53,0.059763796627521515
41,54,0.05347080156207085
41,55,0.05980858579277992
41,56,0.05780354142189026
41,57,0.05869252607226372
41,58,0.051525212824344635
41,59,0.048698488622903824
41,60,0.04939590394496918
41,61,0.04748305678367615
41,62,0.048371270298957825
41,63,0.0512976348400116
41,64,0.053909335285425186
41,65,0.049114421010017395
41,66,0.056068677455186844
41,67,0.05720973014831543
41,68,0.05771191790699959
41,69,0.049380093812942505
41,70,0.06367315351963043
41,71,0.0440727062523365
41,72,0.05019804835319519
41,73,0.04949839413166046
41,74,0.04793526977300644
41,75,0.05456674471497536
41,76,0.057417694479227066
42,1,0.05375564098358154
42,2,0.05327343940734863
42,3,0.04778667166829109
42,4,0.04785056412220001
42,5,0.05345643311738968
42,6,0.05695410817861557
42,7,0.044200412929058075
42,8,0.04709403216838837
42,9,0.05374574661254883
42,10,0.05273169279098511
42,11,0.05335824191570282
42,12,0.06194581836462021
42,13,0.04292262718081474
42,14,0.04884278029203415
42,15,0.058984093368053436
42,16,0.060534246265888214
42,17,0.05623176321387291
42,18,0.055493466556072235
42,19,0.049536801874637604
42,20,0.052844129502773285
42,21,0.06508533656597137
42,22,0.05013559013605118
42,23,0.05572453513741493
42,24,0.04949589818716049
42,25,0.053815048187971115
42,26,0.05106261000037193
42,27,0.06935036182403564
42,28,0.049014702439308167
42,29,0.04302927106618881
42,30,0.0435049906373024
42,31,0.04957103729248047
42,32,0.0607144832611084
42,33,0.04938225448131561
42,34,0.05481599643826485
42,35,0.05644471198320389
42,36,0.04244174063205719
42,37,0.05194048956036568
42,38,0.04019956290721893
42,39,0.05023515969514847
42,40,0.05209827050566673
42,41,0.050855085253715515
42,42,0.052471358329057693
42,43,0.04960941895842552
42,44,0.0449371337890625
42,45,0.0495690181851387
42,46,0.04675232991576195
42,47,0.06549447029829025
42,48,0.05434413254261017
42,49,0.05385066568851471
42,50,0.05211266502737999
42,51,0.060228131711483
42,52,0.05890115723013878
42,53,0.047120511531829834
42,54,0.0446929931640625
42,55,0.051870036870241165
42,56,0.054524220526218414
42,57,0.04996302351355553
42,58,0.06643493473529816
42,59,0.053766921162605286
42,60,0.05689014494419098
42,61,0.05376121774315834
42,62,0.06506691873073578
42,63,0.05186416208744049
42,64,0.04846317321062088
42,65,0.06166189908981323
42,66,0.052045561373233795
42,67,0.056030936539173126
42,68,0.05465275049209595
42,69,0.050328318029642105
42,70,0.05580205097794533
42,71,0.05566457659006119
42,72,0.06711991131305695
42,73,0.0520017147064209
42,74,0.051629289984703064
42,75,0.057370446622371674
42,76,0.0506550669670105
43,1,0.05505494028329849
43,2,0.05123000591993332
43,3,0.05351083725690842
43,4,0.06933669745922089
43,5,0.049588464200496674
43,6,0.05274729058146477
43,7,0.05409030616283417
43,8,0.04801373928785324
43,9,0.05117442086338997
43,10,0.05048193782567978
43,11,0.04776567965745926
43,12,0.05671759694814682
43,13,0.05989322438836098
43,14,0.04761248081922531
43,15,0.056898266077041626
43,16,0.0565871000289917
43,17,0.05290500819683075
43,18,0.04687069356441498
43,19,0.04469424858689308
43,20,0.059651363641023636
43,21,0.06199410557746887
43,22,0.04790574312210083
43,23,0.05266550928354263
43,24,0.04458484798669815
43,25,0.05746931582689285
43,26,0.047807883471250534
43,27,0.0536649152636528
43,28,0.054710641503334045
43,29,0.05531315505504608
43,30,0.059351447969675064
43,31,0.05060163140296936
43,32,0.04820507764816284
43,33,0.044119786471128464
43,34,0.062414295971393585
43,35,0.05018527805805206
43,36,0.07203956693410873
43,37,0.04855397343635559
43,38,0.050299905240535736
43,39,0.05087161809206009
43,40,0.058984167873859406
43,41,0.042973656207323074
43,42,0.04810364544391632
43,43,0.04295869916677475
43,44,0.05240713059902191
43,45,0.04631885141134262
43,46,0.0481250025331974
43,47,0.05011048913002014
43,48,0.06069748103618622
43,49,0.060059018433094025
43,50,0.06075551360845566
43,51,0.04555191844701767
43,52,0.05311930179595947
43,53,0.04997299611568451
43,54,0.05305656045675278
43,55,0.053627271205186844
43,56,0.05177152901887894
43,57,0.053361617028713226
43,58,0.052717939019203186
43,59,0.04741457849740982
43,60,0.04744432866573334
43,61,0.053209640085697174
43,62,0.052375346422195435
43,63,0.04454330727458
43,64,0.05949472635984421
43,65,0.05582987144589424
43,66,0.048301637172698975
43,67,0.04781181365251541
43,68,0.05432843789458275
43,69,0.056013353168964386
43,70,0.05759570747613907
43,71,0.07085645943880081
43,72,0.04608124867081642
43,73,0.050549015402793884
43,74,0.06014133617281914
43,75,0.052370473742485046
43,76,0.04916880652308464
44,1,0.05507265031337738
44,2,0.06059736758470535
44,3,0.051115915179252625
44,4,0.046084169298410416
44,5,0.07407689839601517
44,6,0.06383680552244186
44,7,0.054212428629398346
44,8,0.04771885275840759
44,9,0.04691699519753456
44,10,0.05769101530313492
44,11,0.04996713250875473
44,12,0.05060421675443649
44,13,0.05179760605096817
44,14,0.05225900560617447
44,15,0.05973314493894577
44,16,0.05438847094774246
44,17,0.052420683205127716
44,18,0.04496236890554428
44,19,0.06246428191661835
44,20,0.05961805582046509
44,21,0.05397135019302368
44,22,0.051580917090177536
44,23,0.04531674087047577
44,24,0.044264744967222214
44,25,0.05131082236766815
44,26,0.04574282839894295
44,27,0.04810774326324463
44,28,0.04713556542992592
44,29,0.054117728024721146
44,30,0.04762246087193489
44,31,0.04814232513308525
44,32,0.04778555780649185
44,33,0.06374281644821167
44,34,0.04695338383316994
44,35,0.04867185652256012
44,36,0.0446036234498024
44,37,0.04789464920759201
44,38,0.053375013172626495
44,39,0.052513353526592255
44,40,0.06041780114173889
44,41,0.047103747725486755
44,42,0.04424922168254852
44,43,0.051676589995622635
44,44,0.06688234210014343
44,45,0.05665042996406555
44,46,0.05907507613301277
44,47,0.0819486677646637
44,48,0.05872398614883423
44,49,0.04910370334982872
44,50,0.05882126837968826
44,51,0.05073105916380882
44,52,0.05694713443517685
44,53,0.053473927080631256
44,54,0.04852321743965149
44,55,0.0515761524438858
44,56,0.046909771859645844
44,57,0.0624108649790287
44,58,0.062351375818252563
44,59,0.05671202391386032
44,60,0.047849901020526886
44,61,0.05613381415605545
44,62,0.045972052961587906
44,63,0.0512557178735733
44,64,0.04965749382972717
44,65,0.057350147515535355
44,66,0.04757941886782646
44,67,0.04633752629160881
44,68,0.05157087743282318
44,69,0.05201958864927292
44,70,0.05616285279393196
44,71,0.04865115135908127
44,72,0.04322584718465805
44,73,0.06070752441883087
44,74,0.05464250221848488
44,75,0.0486711785197258
44,76,0.05458517745137215
45,1,0.0547269769012928
45,2,0.050665922462940216
45,3,0.05568176507949829
45,4,0.059093788266181946
45,5,0.045096561312675476
45,6,0.05814233422279358
45,7,0.05374833196401596
45,8,0.05489610135555267
45,9,0.0551207959651947
45,10,0.04458916559815407
45,11,0.054275333881378174
45,12,0.045056141912937164
45,13,0.07600778341293335
45,14,0.04829142987728119
45,15,0.05970844253897667
45,16,0.052854299545288086
45,17,0.04766635224223137
45,18,0.058306630700826645
45,19,0.04845555126667023
45,20,0.051637548953294754
45,21,0.055052414536476135
45,22,0.05854601785540581
45,23,0.05286364257335663
45,24,0.04520615562796593
45,25,0.05272994190454483
45,26,0.05461797118186951
45,27,0.04340473189949989
45,28,0.053565915673971176
45,29,0.045093636959791183
45,30,0.05080510675907135
45,31,0.05724918097257614
45,32,0.045552730560302734
45,33,0.0471782311797142
45,34,0.05678287148475647
45,35,0.05118616670370102
45,36,0.07592944800853729
45,37,0.05200440436601639
45,38,0.05853957682847977
45,39,0.05053902417421341
45,40,0.04488629847764969
45,41,0.05473492294549942
45,42,0.05208617448806763
45,43,0.05996110290288925
45,44,0.04236585646867752
45,45,0.0558910071849823
45,46,0.048758991062641144
45,47,0.05713403970003128
45,48,0.047729067504405975
45,49,0.055551864206790924
45,50,0.05691346526145935
45,51,0.05007209628820419
45,52,0.04848966374993324
45,53,0.059530943632125854
45,54,0.04876343905925751
45,55,0.0563557893037796
45,56,0.0520145483314991
45,57,0.04959831014275551
45,58,0.057458437979221344
45,59,0.04416241869330406
45,60,0.04830235242843628
45,61,0.054383352398872375
45,62,0.04756506159901619
45,63,0.04887945204973221
45,64,0.06183689087629318
45,65,0.05785754695534706
45,66,0.049959272146224976
45,67,0.04587414860725403
45,68,0.05242154002189636
45,69,0.05966807156801224
45,70,0.04237695038318634
45,71,0.058073028922080994
45,72,0.051879048347473145
45,73,0.04531678184866905
45,74,0.04258254915475845
45,75,0.045914243906736374
45,76,0.05476024001836777
46,1,0.055254265666007996
46,2,0.05749272555112839
46,3,0.05377580225467682
46,4,0.057162269949913025
46,5,0.05014289915561676
46,6,0.054361697286367416
46,7,0.06652569770812988
46,8,0.04888082668185234
46,9,0.048360709100961685
46,10,0.0401240810751915
46,11,0.05273565277457237
46,12,0.04668813943862915
46,13,0.041275814175605774
46,14,0.05018799006938934
46,15,0.048346444964408875
46,16,0.05223449319601059
46,17,0.04784721881151199
46,18,0.05092104151844978
46,19,0.04590948671102524
46,20,0.056936077773571014
46,21,0.051756225526332855
46,22,0.054429791867733
46,23,0.05598406493663788
46,24,0.046162787824869156
46,25,0.043644316494464874
46,26,0.04785941168665886
46,27,0.04551057517528534
46,28,0.058624230325222015
46,29,0.04881763085722923
46,30,0.04495000094175339
46,31,0.05373864248394966
46,32,0.06078292056918144
46,33,0.0667298436164856
46,34,0.050248220562934875
46,35,0.05667194724082947
46,36,0.04774738475680351
46,37,0.044964663684368134
46,38,0.06223171204328537
46,39,0.04248948395252228
46,40,0.05110730230808258
46,41,0.05891929566860199
46,42,0.04897945374250412
46,43,0.053831346333026886
46,44,0.04664900153875351
46,45,0.051681097596883774
46,46,0.04627231881022453
46,47,0.051192328333854675
46,48,0.05508236214518547
46,49,0.051387473940849304
46,50,0.04455583542585373
46,51,0.049177855253219604
46,52,0.050412073731422424
46,53,0.042243219912052155
46,54,0.05032140389084816
46,55,0.04722948744893074
46,56,0.04694325476884842
46,57,0.04533468186855316
46,58,0.04609222710132599
46,59,0.04346999153494835
46,60,0.04850161820650101
46,61,0.04757251590490341
46,62,0.05207158997654915
46,63,0.05830002576112747
46,64,0.04457696154713631
46,65,0.049072474241256714
46,66,0.054635725915431976
46,67,0.048973921686410904
46,68,0.054298389703035355
46,69,0.0531822070479393
46,70,0.05291871726512909
46,71,0.051602136343717575
46,72,0.059564925730228424
46,73,0.05242059379816055
46,74,0.039930254220962524
46,75,0.04397469013929367
46,76,0.056318338960409164
47,1,0.0462854728102684
47,2,0.049832165241241455
47,3,0.050534121692180634
47,4,0.05832752585411072
47,5,0.05282004177570343
47,6,0.06263293325901031
47,7,0.05728008598089218
47,8,0.04312330111861229
47,9,0.0466499887406826
47,10,0.052507102489471436
47,11,0.053315289318561554
47,12,0.04258511960506439
47,13,0.05204383283853531
47,14,0.05459870025515556
47,15,0.04949603229761124
47,16,0.05067870765924454
47,17,0.04675404354929924
47,18,0.04090965539216995
47,19,0.04515756294131279
47,20,0.05363779515028
47,21,0.04548637941479683
47,22,0.04673418402671814
47,23,0.05764499306678772
47,24,0.05579879507422447
47,25,0.05314124375581741
47,26,0.050795041024684906
47,27,0.0538196787238121
47,28,0.05208307132124901
47,29,0.06263230741024017
47,30,0.05236244574189186
47,31,0.05893189460039139
47,32,0.04696290194988251
47,33,0.0828060507774353
47,34,0.052989281713962555
47,35,0.05273013934493065
47,36,0.05475548654794693
47,37,0.04340282455086708
47,38,0.055952660739421844
47,39,0.05046578869223595
47,40,0.05997578054666519
47,41,0.04564967751502991
47,42,0.057707417756319046
47,43,0.05479440093040466
47,44,0.05174940824508667
47,45,0.05314938724040985
47,46,0.050087228417396545
47,47,0.050727322697639465
47,48,0.062389906495809555
47,49,0.04662821441888809
47,50,0.053712859749794006
47,51,0.04907321184873581
47,52,0.0550956204533577
47,53,0.06408435106277466
47,54,0.04358399286866188
47,55,0.047727569937705994
47,56,0.04125428944826126
47,57,0.05123579874634743
47,58,0.06187792122364044
47,59,0.0405426025390625
47,60,0.054517608135938644
47,61,0.05309366434812546
47,62,0.05095485970377922
47,63,0.050926368683576584
47,64,0.06274646520614624
47,65,0.04828360676765442
47,66,0.054146166890859604
47,67,0.05488940328359604
47,68,0.04120974242687225
47,69,0.04575861990451813
47,70,0.04643242806196213
47,71,0.054002296179533005
47,72,0.043974895030260086
47,73,0.046486251056194305
47,74,0.06279997527599335
47,75,0.05425252020359039
47,76,0.05274220556020737
48,1,0.05961175635457039
48,2,0.04904209449887276
48,3,0.04972735792398453
48,4,0.05662035942077637
48,5,0.046915821731090546
48,6,0.05657624453306198
48,7,0.04941786453127861
48,8,0.04787392169237137
48,9,0.05645209178328514
48,10,0.05568424612283707
48,11,0.0535815954208374
48,12,0.04980090633034706
48,13,0.0517924427986145
48,14,0.0478673130273819
48,15,0.056359391659498215
48,16,0.05121207609772682
48,17,0.0475735142827034
48,18,0.04156399890780449
48,19,0.04779934138059616
48,20,0.05274287983775139
48,21,0.05491515249013901
48,22,0.053660862147808075
48,23,0.04046304151415825
48,24,0.04472667723894119
48,25,0.05194834619760513
48,26,0.04777779430150986
48,27,0.0515497587621212
48,28,0.05305005609989166
48,29,0.04831790551543236
48,30,0.044342152774333954
48,31,0.04699233919382095
48,32,0.04398275539278984
48,33,0.05168614909052849
48,34,0.04771961271762848
48,35,0.04258543998003006
48,36,0.049627821892499924
48,37,0.056547053158283234
48,38,0.05743589997291565
48,39,0.04413757845759392
48,40,0.05619700998067856
48,41,0.044921305030584335
48,42,0.05521673709154129
48,43,0.05058389902114868
48,44,0.06297381222248077
48,45,0.05394619703292847
48,46,0.05087850242853165
48,47,0.04880073666572571
48,48,0.055225808173418045
48,49,0.05030001327395439
48,50,0.051216885447502136
48,51,0.06693923473358154
48,52,0.05537819117307663
48,53,0.046179477125406265
48,54,0.060242973268032074
48,55,0.04963131248950958
48,56,0.04650401696562767
48,57,0.0462164506316185
48,58,0.04570045694708824
48,59,0.056523989886045456
48,60,0.04693189263343811
48,61,0.050259243696928024
48,62,0.06041046231985092
48,63,0.040295377373695374
48,64,0.04987136647105217
48,65,0.05667639523744583
48,66,0.05422350391745567
48,67,0.046645015478134155
48,68,0.048588261008262634
48,69,0.048898953944444656
48,70,0.05877173691987991
48,71,0.04704122245311737
48,72,0.042203906923532486
48,73,0.049380987882614136
48,74,0.060916800051927567
48,75,0.04638735204935074
48,76,0.05267810821533203
49,1,0.053641803562641144
49,2,0.051575206220149994
49,3,0.05641329288482666
49,4,0.042017679661512375
49,5,0.05986091494560242
49,6,0.043572571128606796
49,7,0.05174196511507034
49,8,0.046064622700214386
49,9,0.05386611074209213
49,10,0.048597317188978195
49,11,0.04824122413992882
49,12,0.059883665293455124
49,13,0.049676425755023956
49,14,0.04397420585155487
49,15,0.05640101060271263
49,16,0.07042110711336136
49,17,0.04708395153284073
49,18,0.043116629123687744
49,19,0.04880610108375549
49,20,0.04513116925954819
49,21,0.05066459998488426
49,22,0.046055350452661514
49,23,0.04453321546316147
49,24,0.05825155973434448
49,25,0.05413728952407837
49,26,0.06450339406728745
49,27,0.0609530545771122
49,28,0.05654675513505936
49,29,0.05364628881216049
49,30,0.052871160209178925
49,31,0.05983904004096985
49,32,0.04497237130999565
49,33,0.05644242465496063
49,34,0.047943174839019775
49,35,0.047848571091890335
49,36,0.037173476070165634
49,37,0.052217066287994385
49,38,0.04820927232503891
49,39,0.04614318162202835
49,40,0.04848440736532211
49,41,0.057656195014715195
49,42,0.048149727284908295
49,43,0.05954504758119583
49,44,0.04228809475898743
49,45,0.04932801425457001
49,46,0.04444495216012001
49,47,0.054323844611644745
49,48,0.056618012487888336
49,49,0.04585020989179611
49,50,0.049605898559093475
49,51,0.052474066615104675
49,52,0.05628058314323425
49,53,0.04770059138536453
49,54,0.04145233333110809
49,55,0.05244143307209015
49,56,0.04957546293735504
49,57,0.05160276219248772
49,58,0.044949933886528015
49,59,0.05114848539233208
49,60,0.045774925500154495
49,61,0.04524337500333786
49,62,0.04501235857605934
49,63,0.05078878253698349
49,64,0.056566305458545685
49,65,0.058502811938524246
49,66,0.04620268940925598
49,67,0.039289481937885284
49,68,0.05206255614757538
49,69,0.052370063960552216
49,70,0.04664827510714531
49,71,0.046201035380363464
49,72,0.04508063197135925
49,73,0.06440195441246033
49,74,0.04794331640005112
49,75,0.04553169757127762
49,76,0.05175670608878136
50,1,0.04919543117284775
50,2,0.047169167548418045
50,3,0.057600732892751694
50,4,0.049067799001932144
50,5,0.05106550455093384
50,6,0.051841139793395996
50,7,0.047824926674366
50,8,0.04737262427806854
50,9,0.047130830585956573
50,10,0.05103740841150284
50,11,0.054920926690101624
50,12,0.059111062437295914
50,13,0.04879651963710785
50,14,0.047841738909482956
50,15,0.0432627871632576
50,16,0.05148885399103165
50,17,0.05053243786096573
50,18,0.05949801206588745
50,19,0.04924792796373367
50,20,0.05789148062467575
50,21,0.04528297856450081
50,22,0.04263783246278763
50,23,0.05024832487106323
50,24,0.04985679313540459
50,25,0.044635288417339325
50,26,0.051037050783634186
50,27,0.05266279727220535
50,28,0.057141389697790146
50,29,0.061982277780771255
50,30,0.05987805500626564
50,31,0.05299857631325722
50,32,0.06356794387102127
50,33,0.04684825986623764
50,34,0.06168633699417114
50,35,0.051816657185554504
50,36,0.04907437413930893
50,37,0.05532795563340187
50,38,0.045645371079444885
50,39,0.043815985321998596
50,40,0.05908167362213135
50,41,0.04885007441043854
50,42,0.04595687985420227
50,43,0.04966337978839874
50,44,0.05591949075460434
50,45,0.06073450669646263
50,46,0.054680466651916504
50,47,0.049851350486278534
50,48,0.055896125733852386
50,49,0.049870625138282776
50,50,0.054458290338516235
50,51,0.04156413674354553
50,52,0.04504702240228653
50,53,0.05107080563902855
50,54,0.0539482906460762
50,55,0.05382835865020752
50,56,0.05306529253721237
50,57,0.05251016467809677
50,58,0.06010046228766441
50,59,0.041517775505781174
50,60,0.04613298177719116
50,61,0.052562277764081955
50,62,0.04991047829389572
50,63,0.05215089023113251
50,64,0.048156507313251495
50,65,0.03856983780860901
50,66,0.04770849272608757
50,67,0.0429946705698967
50,68,0.046054862439632416
50,69,0.04341484606266022
50,70,0.052165061235427856
50,71,0.042417287826538086
50,72,0.047747015953063965
50,73,0.044460542500019073
50,74,0.04007721692323685
50,75,0.047944530844688416
50,76,0.058882661163806915
