epoch,step,loss
1,1,1.5316832065582275
1,2,1.4804255962371826
1,3,1.4350881576538086
1,4,1.4068788290023804
1,5,1.3710683584213257
1,6,1.33617103099823
1,7,1.3139796257019043
1,8,1.302896499633789
1,9,1.2735490798950195
1,10,1.257922887802124
1,11,1.2417988777160645
1,12,1.2333405017852783
1,13,1.212612271308899
1,14,1.2033512592315674
1,15,1.1896603107452393
1,16,1.1816396713256836
1,17,1.1586004495620728
1,18,1.1450306177139282
1,19,1.139366626739502
1,20,1.1226346492767334
1,21,1.1133986711502075
1,22,1.0973405838012695
1,23,1.0761122703552246
1,24,1.0704345703125
1,25,1.072190284729004
1,26,1.0380133390426636
1,27,1.050315022468567
1,28,1.0361008644104004
1,29,1.0119367837905884
1,30,0.9997177124023438
1,31,0.9967539310455322
1,32,0.9948923587799072
1,33,0.9718614816665649
1,34,0.9527249336242676
1,35,0.9458585977554321
1,36,0.9354664087295532
1,37,0.9250620007514954
1,38,0.9058080911636353
1,39,0.9071505069732666
1,40,0.8988244533538818
1,41,0.8810946345329285
1,42,0.8724485039710999
1,43,0.8639254570007324
1,44,0.8526572585105896
1,45,0.8480409383773804
1,46,0.8485046625137329
1,47,0.8339090943336487
1,48,0.8202840685844421
1,49,0.8389331102371216
1,50,0.7993856072425842
1,51,0.7883119583129883
1,52,0.7950657606124878
1,53,0.7954509258270264
1,54,0.7736986875534058
1,55,0.7570468783378601
1,56,0.767042875289917
1,57,0.7658239006996155
1,58,0.7564414739608765
1,59,0.7570996284484863
1,60,0.7405245304107666
1,61,0.7243643999099731
1,62,0.7348672151565552
1,63,0.7124618887901306
1,64,0.7117229700088501
1,65,0.7181243896484375
1,66,0.7014736533164978
1,67,0.6951818466186523
1,68,0.6857465505599976
1,69,0.6920554637908936
1,70,0.661649763584137
1,71,0.6667325496673584
1,72,0.6565882563591003
1,73,0.651724100112915
1,74,0.6493592262268066
1,75,0.6278119087219238
1,76,0.6370375156402588
1,77,0.6343110799789429
2,1,0.6393517255783081
2,2,0.6324682235717773
2,3,0.6098760962486267
2,4,0.6077954769134521
2,5,0.6015657186508179
2,6,0.5906870365142822
2,7,0.596528172492981
2,8,0.5840358734130859
2,9,0.5739338994026184
2,10,0.5704156160354614
2,11,0.5705417990684509
2,12,0.5781488418579102
2,13,0.5585170984268188
2,14,0.5516171455383301
2,15,0.5367476940155029
2,16,0.5453616380691528
2,17,0.5485998392105103
2,18,0.5360990166664124
2,19,0.5413846373558044
2,20,0.5252113342285156
2,21,0.5247193574905396
2,22,0.5163041949272156
2,23,0.5064466595649719
2,24,0.5148473978042603
2,25,0.503486156463623
2,26,0.5112730264663696
2,27,0.4889294505119324
2,28,0.49456319212913513
2,29,0.48258447647094727
2,30,0.4985654950141907
2,31,0.4629082977771759
2,32,0.47465378046035767
2,33,0.47324588894844055
2,34,0.4724806547164917
2,35,0.4539707601070404
2,36,0.4564152956008911
2,37,0.44205549359321594
2,38,0.43727514147758484
2,39,0.440595805644989
2,40,0.43776625394821167
2,41,0.450647234916687
2,42,0.445569783449173
2,43,0.4355861246585846
2,44,0.422355055809021
2,45,0.44206663966178894
2,46,0.4372573494911194
2,47,0.4131850302219391
2,48,0.4130220413208008
2,49,0.4129645526409149
2,50,0.41270726919174194
2,51,0.3919842839241028
2,52,0.4025420844554901
2,53,0.3845958709716797
2,54,0.386660099029541
2,55,0.3808388411998749
2,56,0.3788619637489319
2,57,0.3719434440135956
2,58,0.3778861463069916
2,59,0.37180107831954956
2,60,0.370372474193573
2,61,0.37530016899108887
2,62,0.3639359474182129
2,63,0.3622781038284302
2,64,0.35208630561828613
2,65,0.3565458655357361
2,66,0.34764745831489563
2,67,0.35229939222335815
2,68,0.3482814133167267
2,69,0.3302422761917114
2,70,0.3322172462940216
2,71,0.35517340898513794
2,72,0.35264715552330017
2,73,0.326667845249176
2,74,0.32473984360694885
2,75,0.3225514888763428
2,76,0.33269351720809937
3,1,0.3114392161369324
3,2,0.3247392177581787
3,3,0.3180440068244934
3,4,0.31765997409820557
3,5,0.30360519886016846
3,6,0.30764198303222656
3,7,0.30210965871810913
3,8,0.2999870181083679
3,9,0.30785664916038513
3,10,0.2959737777709961
3,11,0.30875909328460693
3,12,0.30031436681747437
3,13,0.30367791652679443
3,14,0.29677343368530273
3,15,0.28535228967666626
3,16,0.2975601553916931
3,17,0.27578654885292053
3,18,0.27006107568740845
3,19,0.2706409692764282
3,20,0.28508487343788147
3,21,0.2577386498451233
3,22,0.26943057775497437
3,23,0.2874352037906647
3,24,0.2590329349040985
3,25,0.2835080921649933
3,26,0.26791247725486755
3,27,0.25232428312301636
3,28,0.25751081109046936
3,29,0.2604689598083496
3,30,0.24805516004562378
3,31,0.24975839257240295
3,32,0.24906769394874573
3,33,0.25575917959213257
3,34,0.2552589774131775
3,35,0.2394406795501709
3,36,0.24428637325763702
3,37,0.24355119466781616
3,38,0.26360881328582764
3,39,0.2393631935119629
3,40,0.25911617279052734
3,41,0.23190417885780334
3,42,0.24063944816589355
3,43,0.2411952167749405
3,44,0.23261454701423645
3,45,0.23435649275779724
3,46,0.23870868980884552
3,47,0.25503456592559814
3,48,0.21561408042907715
3,49,0.22557763755321503
3,50,0.22347968816757202
3,51,0.22149917483329773
3,52,0.21871806681156158
3,53,0.23223930597305298
3,54,0.22235780954360962
3,55,0.23446083068847656
3,56,0.22474145889282227
3,57,0.2041221559047699
3,58,0.2253309041261673
3,59,0.20809295773506165
3,60,0.2254416048526764
3,61,0.22148583829402924
3,62,0.20641903579235077
3,63,0.20445066690444946
3,64,0.20333519577980042
3,65,0.19815665483474731
3,66,0.212413489818573
3,67,0.1946927011013031
3,68,0.1947614550590515
3,69,0.20424751937389374
3,70,0.2103542983531952
3,71,0.20373710989952087
3,72,0.19192679226398468
3,73,0.1873149573802948
3,74,0.20393089950084686
3,75,0.1972949206829071
3,76,0.2017308622598648
4,1,0.2040964961051941
4,2,0.17973534762859344
4,3,0.19889450073242188
4,4,0.1979954093694687
4,5,0.19199705123901367
4,6,0.17879799008369446
4,7,0.1792435348033905
4,8,0.1840832531452179
4,9,0.17816057801246643
4,10,0.1865137815475464
4,11,0.17408627271652222
4,12,0.18280136585235596
4,13,0.1821187138557434
4,14,0.19102203845977783
4,15,0.17137546837329865
4,16,0.16469788551330566
4,17,0.17157305777072906
4,18,0.16503366827964783
4,19,0.17057102918624878
4,20,0.18175101280212402
4,21,0.16734182834625244
4,22,0.16931617259979248
4,23,0.16409465670585632
4,24,0.17959898710250854
4,25,0.16371889412403107
4,26,0.16883935034275055
4,27,0.17493689060211182
4,28,0.17225924134254456
4,29,0.1926247775554657
4,30,0.1780627965927124
4,31,0.16581308841705322
4,32,0.18777035176753998
4,33,0.17419221997261047
4,34,0.1559533178806305
4,35,0.16663271188735962
4,36,0.16690829396247864
4,37,0.15940724313259125
4,38,0.15770015120506287
4,39,0.16891834139823914
4,40,0.18099448084831238
4,41,0.16224734485149384
4,42,0.15503883361816406
4,43,0.15346552431583405
4,44,0.173514261841774
4,45,0.16732257604599
4,46,0.16525883972644806
4,47,0.1516200602054596
4,48,0.15864595770835876
4,49,0.1564912497997284
4,50,0.16968323290348053
4,51,0.15494737029075623
4,52,0.14312595129013062
4,53,0.15874528884887695
4,54,0.14931198954582214
4,55,0.15706457197666168
4,56,0.155523881316185
4,57,0.17533574998378754
4,58,0.1533539891242981
4,59,0.1536065638065338
4,60,0.14602071046829224
4,61,0.15574681758880615
4,62,0.1470474749803543
4,63,0.14447706937789917
4,64,0.14901326596736908
4,65,0.15628710389137268
4,66,0.16136282682418823
4,67,0.17250171303749084
4,68,0.14013129472732544
4,69,0.14456762373447418
4,70,0.14086288213729858
4,71,0.16294141113758087
4,72,0.14785563945770264
4,73,0.14746347069740295
4,74,0.1427108496427536
4,75,0.1528097689151764
4,76,0.14352299273014069
5,1,0.15602608025074005
5,2,0.1463569551706314
5,3,0.15956223011016846
5,4,0.13612514734268188
5,5,0.1415805220603943
5,6,0.13311603665351868
5,7,0.1361919641494751
5,8,0.13413453102111816
5,9,0.14314794540405273
5,10,0.13868080079555511
5,11,0.128299742937088
5,12,0.1554560661315918
5,13,0.12421956658363342
5,14,0.1370692402124405
5,15,0.1229945495724678
5,16,0.15133635699748993
5,17,0.14684703946113586
5,18,0.14194940030574799
5,19,0.11932416260242462
5,20,0.1358891874551773
5,21,0.14566688239574432
5,22,0.13150745630264282
5,23,0.12550485134124756
5,24,0.16497129201889038
5,25,0.16251662373542786
5,26,0.13639812171459198
5,27,0.13235974311828613
5,28,0.129699245095253
5,29,0.11847735941410065
5,30,0.13289886713027954
5,31,0.14719343185424805
5,32,0.115012526512146
5,33,0.12072453647851944
5,34,0.15633812546730042
5,35,0.12922531366348267
5,36,0.11899304389953613
5,37,0.11438051611185074
5,38,0.17066633701324463
5,39,0.14457224309444427
5,40,0.12950007617473602
5,41,0.12793514132499695
5,42,0.13751518726348877
5,43,0.12151528149843216
5,44,0.12258245795965195
5,45,0.12113295495510101
5,46,0.12479807436466217
5,47,0.12622040510177612
5,48,0.12883195281028748
5,49,0.12254385650157928
5,50,0.12281832098960876
5,51,0.13058710098266602
5,52,0.13761383295059204
5,53,0.12391863763332367
5,54,0.13667228817939758
5,55,0.10797905921936035
5,56,0.1389555186033249
5,57,0.12384629249572754
5,58,0.12294963002204895
5,59,0.12142999470233917
5,60,0.13256540894508362
5,61,0.11701133847236633
5,62,0.12423742562532425
5,63,0.12434595823287964
5,64,0.12211605906486511
5,65,0.12447957694530487
5,66,0.11824283748865128
5,67,0.10965697467327118
5,68,0.11864925175905228
5,69,0.13326877355575562
5,70,0.1150376945734024
5,71,0.11641427874565125
5,72,0.1213880330324173
5,73,0.10732755810022354
5,74,0.11163601279258728
5,75,0.12630373239517212
5,76,0.11781502515077591
6,1,0.12287938594818115
6,2,0.12248463183641434
6,3,0.10781101137399673
6,4,0.11479581892490387
6,5,0.10450925678014755
6,6,0.11487424373626709
6,7,0.10903918743133545
6,8,0.11201725155115128
6,9,0.1135907769203186
6,10,0.10468333959579468
6,11,0.11632935702800751
6,12,0.09831328690052032
6,13,0.11688760668039322
6,14,0.10443468391895294
6,15,0.11554580181837082
6,16,0.11040416359901428
6,17,0.12241961061954498
6,18,0.11411302536725998
6,19,0.10255249589681625
6,20,0.10378435999155045
6,21,0.121613509953022
6,22,0.10781217366456985
6,23,0.11727945506572723
6,24,0.11177868396043777
6,25,0.10113735496997833
6,26,0.12091634422540665
6,27,0.10646308958530426
6,28,0.11107195913791656
6,29,0.09824684262275696
6,30,0.11463441699743271
6,31,0.12365366518497467
6,32,0.10011176019906998
6,33,0.11227741837501526
6,34,0.10275384783744812
6,35,0.10570666193962097
6,36,0.10989154130220413
6,37,0.11024555563926697
6,38,0.10039882361888885
6,39,0.1032821461558342
6,40,0.11715632677078247
6,41,0.11479496210813522
6,42,0.1026477962732315
6,43,0.11751163005828857
6,44,0.10043591260910034
6,45,0.12770500779151917
6,46,0.12042418122291565
6,47,0.10330505669116974
6,48,0.12368138134479523
6,49,0.12232126295566559
6,50,0.11205288022756577
6,51,0.09231238067150116
6,52,0.10429553687572479
6,53,0.12019547075033188
6,54,0.11855516582727432
6,55,0.1079762652516365
6,56,0.12011951208114624
6,57,0.12142724543809891
6,58,0.11658252775669098
6,59,0.12468297779560089
6,60,0.11164639890193939
6,61,0.11850543320178986
6,62,0.11750388890504837
6,63,0.10259035974740982
6,64,0.11231216788291931
6,65,0.11218671500682831
6,66,0.13471601903438568
6,67,0.1119360476732254
6,68,0.12426638603210449
6,69,0.11134849488735199
6,70,0.11162583529949188
6,71,0.10668864101171494
6,72,0.1067134216427803
6,73,0.09955276548862457
6,74,0.09661886096000671
6,75,0.11723731458187103
6,76,0.12897610664367676
7,1,0.09061633795499802
7,2,0.11178670823574066
7,3,0.11380748450756073
7,4,0.09819295257329941
7,5,0.10126626491546631
7,6,0.0968480110168457
7,7,0.10650420933961868
7,8,0.08986687660217285
7,9,0.12910029292106628
7,10,0.09772972017526627
7,11,0.09888068586587906
7,12,0.10130040347576141
7,13,0.09906426072120667
7,14,0.09211846441030502
7,15,0.08989756554365158
7,16,0.08994296193122864
7,17,0.09367828071117401
7,18,0.09687630832195282
7,19,0.09931632876396179
7,20,0.10566553473472595
7,21,0.09400615096092224
7,22,0.10022702813148499
7,23,0.0985969603061676
7,24,0.09165754914283752
7,25,0.08788858354091644
7,26,0.10856269299983978
7,27,0.10997775197029114
7,28,0.1085621565580368
7,29,0.11194019019603729
7,30,0.09991809725761414
7,31,0.10728134214878082
7,32,0.10359849035739899
7,33,0.0983448177576065
7,34,0.1059337705373764
7,35,0.11136502772569656
7,36,0.09614253044128418
7,37,0.10834523290395737
7,38,0.09988034516572952
7,39,0.09391148388385773
7,40,0.0866115540266037
7,41,0.1090022474527359
7,42,0.11423401534557343
7,43,0.09186960756778717
7,44,0.10579832643270493
7,45,0.10136805474758148
7,46,0.10622134059667587
7,47,0.11534257233142853
7,48,0.09369257092475891
7,49,0.11248786002397537
7,50,0.09951147437095642
7,51,0.10848844796419144
7,52,0.1083279550075531
7,53,0.11260373890399933
7,54,0.10410116612911224
7,55,0.10661861300468445
7,56,0.09669247269630432
7,57,0.10385762155056
7,58,0.09098365157842636
7,59,0.10930123925209045
7,60,0.09382530301809311
7,61,0.09487228095531464
7,62,0.09934403002262115
7,63,0.10925660282373428
7,64,0.0948348119854927
7,65,0.09137880802154541
7,66,0.09447450935840607
7,67,0.1014188900589943
7,68,0.09703774005174637
7,69,0.10319765657186508
7,70,0.09486500918865204
7,71,0.0826980471611023
7,72,0.10124208778142929
7,73,0.11021439731121063
7,74,0.10398947447538376
7,75,0.09861583262681961
7,76,0.11693796515464783
8,1,0.09463435411453247
8,2,0.09559627622365952
8,3,0.08965593576431274
8,4,0.08479347825050354
8,5,0.08579081296920776
8,6,0.10136057436466217
8,7,0.09181153029203415
8,8,0.0946500301361084
8,9,0.08431879431009293
8,10,0.08799199759960175
8,11,0.10301803052425385
8,12,0.11114829033613205
8,13,0.09969893097877502
8,14,0.09229683876037598
8,15,0.09709087014198303
8,16,0.11280825734138489
8,17,0.09427079558372498
8,18,0.09448059648275375
8,19,0.09103214740753174
8,20,0.08058121800422668
8,21,0.08776527643203735
8,22,0.11361636221408844
8,23,0.09612704068422318
8,24,0.0949091836810112
8,25,0.08893218636512756
8,26,0.09709718823432922
8,27,0.10931926220655441
8,28,0.08607927709817886
8,29,0.08272805064916611
8,30,0.08694419264793396
8,31,0.1006435975432396
8,32,0.0875834971666336
8,33,0.08313435316085815
8,34,0.09001698344945908
8,35,0.0929308757185936
8,36,0.09813427925109863
8,37,0.08484166860580444
8,38,0.07439152896404266
8,39,0.07850534468889236
8,40,0.09339776635169983
8,41,0.09688592702150345
8,42,0.07859751582145691
8,43,0.08458000421524048
8,44,0.09066265821456909
8,45,0.08176670968532562
8,46,0.09015367925167084
8,47,0.08305764943361282
8,48,0.10896912217140198
8,49,0.0892680287361145
8,50,0.10558353364467621
8,51,0.08770190924406052
8,52,0.10848633944988251
8,53,0.08164427429437637
8,54,0.09780675917863846
8,55,0.08101659268140793
8,56,0.09575231373310089
8,57,0.08734019100666046
8,58,0.07875377684831619
8,59,0.08891266584396362
8,60,0.08636438846588135
8,61,0.0854160338640213
8,62,0.08187852799892426
8,63,0.11456689238548279
8,64,0.09524446725845337
8,65,0.0980658084154129
8,66,0.09180927276611328
8,67,0.08854896575212479
8,68,0.07870577275753021
8,69,0.08667731285095215
8,70,0.07341288775205612
8,71,0.08765529096126556
8,72,0.10724692791700363
8,73,0.08952845633029938
8,74,0.09670315682888031
8,75,0.08622286468744278
8,76,0.07684122025966644
9,1,0.08511030673980713
9,2,0.08250808715820312
9,3,0.09255750477313995
9,4,0.09021427482366562
9,5,0.08333900570869446
9,6,0.09545356780290604
9,7,0.08528079092502594
9,8,0.10598747432231903
9,9,0.08396225422620773
9,10,0.0930275097489357
9,11,0.08468181639909744
9,12,0.07843543589115143
9,13,0.08647522330284119
9,14,0.07618418335914612
9,15,0.0771021693944931
9,16,0.08510886877775192
9,17,0.08008484542369843
9,18,0.08259248733520508
9,19,0.090048648416996
9,20,0.08764564245939255
9,21,0.07821355760097504
9,22,0.07601955533027649
9,23,0.07976610213518143
9,24,0.09149414300918579
9,25,0.07954761385917664
9,26,0.08650717884302139
9,27,0.0896725207567215
9,28,0.08068762719631195
9,29,0.07178610563278198
9,30,0.07706774771213531
9,31,0.08082211017608643
9,32,0.08239468932151794
9,33,0.07711023092269897
9,34,0.08761255443096161
9,35,0.08309730142354965
9,36,0.08188264071941376
9,37,0.09240832179784775
9,38,0.08161167800426483
9,39,0.08554445207118988
9,40,0.07603869587182999
9,41,0.08244005590677261
9,42,0.08073565363883972
9,43,0.1385565996170044
9,44,0.08024147152900696
9,45,0.0821421891450882
9,46,0.10893987864255905
9,47,0.077638640999794
9,48,0.07774779200553894
9,49,0.09791825711727142
9,50,0.09053539484739304
9,51,0.08372901380062103
9,52,0.08326762914657593
9,53,0.07707689702510834
9,54,0.07335717231035233
9,55,0.07603450119495392
9,56,0.08529722690582275
9,57,0.08553087711334229
9,58,0.08292292058467865
9,59,0.07568416744470596
9,60,0.07772865146398544
9,61,0.07201594859361649
9,62,0.09349791705608368
9,63,0.0772676095366478
9,64,0.06617873907089233
9,65,0.08969106525182724
9,66,0.08262267708778381
9,67,0.10045938938856125
9,68,0.08070244640111923
9,69,0.09318281710147858
9,70,0.0764760971069336
9,71,0.08095131814479828
9,72,0.08209989964962006
9,73,0.10150770843029022
9,74,0.08912920951843262
9,75,0.09584380686283112
9,76,0.09011954069137573
10,1,0.0862293541431427
10,2,0.07145386934280396
10,3,0.10475073009729385
10,4,0.07126426696777344
10,5,0.07322397828102112
10,6,0.06986434757709503
10,7,0.08606840670108795
10,8,0.1057732105255127
10,9,0.0722886472940445
10,10,0.07987096160650253
10,11,0.08244430273771286
10,12,0.08627107739448547
10,13,0.07405826449394226
10,14,0.07841679453849792
10,15,0.08596528321504593
10,16,0.07464207708835602
10,17,0.09262538701295853
10,18,0.10391958057880402
10,19,0.0743156224489212
10,20,0.08248968422412872
10,21,0.08436213433742523
10,22,0.0836511105298996
10,23,0.07673531770706177
10,24,0.07834067195653915
10,25,0.07827485352754593
10,26,0.07553381472826004
10,27,0.07700812816619873
10,28,0.08301626145839691
10,29,0.07580796629190445
10,30,0.07205203175544739
10,31,0.06848784536123276
10,32,0.07319895923137665
10,33,0.07189479470252991
10,34,0.07154473662376404
10,35,0.07114478945732117
10,36,0.0809640884399414
10,37,0.0704486072063446
10,38,0.08506545424461365
10,39,0.07470563054084778
10,40,0.08854229748249054
10,41,0.08553662896156311
10,42,0.0771271139383316
10,43,0.09083722531795502
10,44,0.0739210993051529
10,45,0.07871037721633911
10,46,0.09013772755861282
10,47,0.07550370693206787
10,48,0.07248064875602722
10,49,0.0710858404636383
10,50,0.07370174676179886
10,51,0.0702173262834549
10,52,0.07827948033809662
10,53,0.07651916146278381
10,54,0.07824829965829849
10,55,0.07708446681499481
10,56,0.08312045782804489
10,57,0.08772790431976318
10,58,0.07301251590251923
10,59,0.07925876975059509
10,60,0.08027318120002747
10,61,0.08418187499046326
10,62,0.07450921833515167
10,63,0.07564099133014679
10,64,0.07449891418218613
10,65,0.07323066890239716
10,66,0.07573974132537842
10,67,0.08436156809329987
10,68,0.06426666676998138
10,69,0.08169057220220566
10,70,0.08280868083238602
10,71,0.07243853062391281
10,72,0.0961994081735611
10,73,0.06723853945732117
10,74,0.06858926266431808
10,75,0.08172249794006348
10,76,0.07265090942382812
11,1,0.08214986324310303
11,2,0.08692668378353119
11,3,0.08801379054784775
11,4,0.07856941223144531
11,5,0.07579593360424042
11,6,0.06543747335672379
11,7,0.08435741066932678
11,8,0.06804060935974121
11,9,0.07083529978990555
11,10,0.07563823461532593
11,11,0.07465106248855591
11,12,0.09003952145576477
11,13,0.08484236896038055
11,14,0.07251764833927155
11,15,0.09302414208650589
11,16,0.09313994646072388
11,17,0.08445559442043304
11,18,0.0856657475233078
11,19,0.07753346860408783
11,20,0.07103253155946732
11,21,0.07852647453546524
11,22,0.10793056339025497
11,23,0.08483550697565079
11,24,0.07196012139320374
11,25,0.07974866032600403
11,26,0.0780978575348854
11,27,0.07683511823415756
11,28,0.07271185517311096
11,29,0.07665784657001495
11,30,0.07805038243532181
11,31,0.08125301450490952
11,32,0.06964773684740067
11,33,0.06659398972988129
11,34,0.0619829036295414
11,35,0.076337069272995
11,36,0.07570870220661163
11,37,0.07638508826494217
11,38,0.0707717165350914
11,39,0.07646535336971283
11,40,0.06561161577701569
11,41,0.07280559837818146
11,42,0.086785688996315
11,43,0.06824088096618652
11,44,0.07297684252262115
11,45,0.0863090306520462
11,46,0.06806182861328125
11,47,0.06626038998365402
11,48,0.08120086789131165
11,49,0.08127358555793762
11,50,0.06946370005607605
11,51,0.07320725172758102
11,52,0.07512539625167847
11,53,0.07233823090791702
11,54,0.07408830523490906
11,55,0.07910214364528656
11,56,0.0684085488319397
11,57,0.07845353335142136
11,58,0.0723763108253479
11,59,0.07757719606161118
11,60,0.06907156854867935
11,61,0.06788262724876404
11,62,0.0671592503786087
11,63,0.06920535117387772
11,64,0.07778924703598022
11,65,0.06672987341880798
11,66,0.06735075265169144
11,67,0.0851874127984047
11,68,0.0658302754163742
11,69,0.06350717693567276
11,70,0.07082071900367737
11,71,0.07168930768966675
11,72,0.07920153439044952
11,73,0.0845545157790184
11,74,0.068393275141716
11,75,0.07074613869190216
11,76,0.07339849323034286
12,1,0.07321643829345703
12,2,0.060610510408878326
12,3,0.07585974037647247
12,4,0.07050593197345734
12,5,0.06224948540329933
12,6,0.07655246555805206
12,7,0.07207716256380081
12,8,0.07184372842311859
12,9,0.0819912850856781
12,10,0.07090543210506439
12,11,0.07715541124343872
12,12,0.081045962870121
12,13,0.07887507975101471
12,14,0.09732198715209961
12,15,0.0848548635840416
12,16,0.0758228674530983
12,17,0.07286099344491959
12,18,0.0889289379119873
12,19,0.09168993681669235
12,20,0.10305055975914001
12,21,0.07432591170072556
12,22,0.07753710448741913
12,23,0.07064009457826614
12,24,0.06656539440155029
12,25,0.08328951895236969
12,26,0.06573783606290817
12,27,0.06432217359542847
12,28,0.07320519536733627
12,29,0.07137347757816315
12,30,0.07841673493385315
12,31,0.06521740555763245
12,32,0.07086557149887085
12,33,0.07307428121566772
12,34,0.06729354709386826
12,35,0.06749507784843445
12,36,0.09719137847423553
12,37,0.07827150821685791
12,38,0.08193978667259216
12,39,0.06835862994194031
12,40,0.08762562274932861
12,41,0.07496851682662964
12,42,0.08186759054660797
12,43,0.08051134645938873
12,44,0.06687730550765991
12,45,0.08274177461862564
12,46,0.07761593163013458
12,47,0.07498829066753387
12,48,0.066765695810318
12,49,0.07641199231147766
12,50,0.07255403697490692
12,51,0.0869857668876648
12,52,0.06809727847576141
12,53,0.09700655937194824
12,54,0.07767777144908905
12,55,0.08118074387311935
12,56,0.0811680406332016
12,57,0.07273770868778229
12,58,0.07186070084571838
12,59,0.07217748463153839
12,60,0.0685761421918869
12,61,0.07552371174097061
12,62,0.06743399053812027
12,63,0.08702912926673889
12,64,0.07816628366708755
12,65,0.09117051959037781
12,66,0.08340033888816833
12,67,0.0655909851193428
12,68,0.0680084079504013
12,69,0.07196497917175293
12,70,0.09363546967506409
12,71,0.06840065121650696
12,72,0.07571246474981308
12,73,0.06809574365615845
12,74,0.07610028982162476
12,75,0.06565215438604355
12,76,0.07186803221702576
13,1,0.0669020563364029
13,2,0.08220036327838898
13,3,0.07277466356754303
13,4,0.07141919434070587
13,5,0.0782352015376091
13,6,0.07009024918079376
13,7,0.06547410041093826
13,8,0.05900696665048599
13,9,0.06345111131668091
13,10,0.06775908172130585
13,11,0.07043831795454025
13,12,0.06160947307944298
13,13,0.0723651647567749
13,14,0.08407936245203018
13,15,0.07286638021469116
13,16,0.06983243674039841
13,17,0.0823967307806015
13,18,0.08092503249645233
13,19,0.06609164923429489
13,20,0.06537073850631714
13,21,0.07084649056196213
13,22,0.06427796930074692
13,23,0.09001520276069641
13,24,0.06947838515043259
13,25,0.07262635231018066
13,26,0.06665456295013428
13,27,0.0653129294514656
13,28,0.07359889149665833
13,29,0.07234665751457214
13,30,0.07903340458869934
13,31,0.06512317806482315
13,32,0.06399647891521454
13,33,0.06469541788101196
13,34,0.07484806329011917
13,35,0.07599683105945587
13,36,0.0741022378206253
13,37,0.07478176057338715
13,38,0.06363442540168762
13,39,0.056662872433662415
13,40,0.07607728242874146
13,41,0.08044073730707169
13,42,0.07315807044506073
13,43,0.06052921712398529
13,44,0.06027691438794136
13,45,0.06703600287437439
13,46,0.07414235174655914
13,47,0.06606953591108322
13,48,0.07188020646572113
13,49,0.0608743354678154
13,50,0.07697926461696625
13,51,0.07136339694261551
13,52,0.06761842966079712
13,53,0.07255981862545013
13,54,0.07814952731132507
13,55,0.07063157111406326
13,56,0.06233489513397217
13,57,0.051229678094387054
13,58,0.062458716332912445
13,59,0.06980693340301514
13,60,0.0729517862200737
13,61,0.06831912696361542
13,62,0.06875230371952057
13,63,0.07445242255926132
13,64,0.06046581268310547
13,65,0.06327489018440247
13,66,0.07153591513633728
13,67,0.06638586521148682
13,68,0.05882947891950607
13,69,0.06304020434617996
13,70,0.08205439895391464
13,71,0.06445528566837311
13,72,0.08411528915166855
13,73,0.0841749757528305
13,74,0.07101577520370483
13,75,0.07982230186462402
13,76,0.06554128229618073
14,1,0.061895355582237244
14,2,0.06747262179851532
14,3,0.06587745249271393
14,4,0.06800638884305954
14,5,0.0666617900133133
14,6,0.06588040292263031
14,7,0.06602238118648529
14,8,0.07764559239149094
14,9,0.06935121864080429
14,10,0.08825457096099854
14,11,0.0653066486120224
14,12,0.0700535923242569
14,13,0.05703367292881012
14,14,0.05831879749894142
14,15,0.08528736233711243
14,16,0.06815584003925323
14,17,0.06151283532381058
14,18,0.05982210487127304
14,19,0.06641732156276703
14,20,0.0901835709810257
14,21,0.06690812110900879
14,22,0.080764040350914
14,23,0.06290237605571747
14,24,0.06812535971403122
14,25,0.069036103785038
14,26,0.07103725522756577
14,27,0.06442366540431976
14,28,0.06912330538034439
14,29,0.07621247321367264
14,30,0.05824383720755577
14,31,0.05607452988624573
14,32,0.0765957161784172
14,33,0.06287641078233719
14,34,0.06619465351104736
14,35,0.06296657025814056
14,36,0.08890248090028763
14,37,0.06894810497760773
14,38,0.055220961570739746
14,39,0.059196099638938904
14,40,0.06429244577884674
14,41,0.05953031778335571
14,42,0.07051251083612442
14,43,0.07899181544780731
14,44,0.07653959095478058
14,45,0.054899610579013824
14,46,0.06562171876430511
14,47,0.06558776646852493
14,48,0.0698893740773201
14,49,0.07314924895763397
14,50,0.07821989804506302
14,51,0.07346471399068832
14,52,0.06819072365760803
14,53,0.07311016321182251
14,54,0.06299585849046707
14,55,0.07301218807697296
14,56,0.05804798752069473
14,57,0.058635905385017395
14,58,0.06685629487037659
14,59,0.07485915720462799
14,60,0.07082067430019379
14,61,0.07120303809642792
14,62,0.08559215068817139
14,63,0.0618307888507843
14,64,0.07096759229898453
14,65,0.07410913705825806
14,66,0.059830598533153534
14,67,0.08224274218082428
14,68,0.07059769332408905
14,69,0.08536556363105774
14,70,0.0804620161652565
14,71,0.07157877087593079
14,72,0.07125039398670197
14,73,0.06255091726779938
14,74,0.06991054117679596
14,75,0.07063202559947968
14,76,0.07098017632961273
15,1,0.0656861886382103
15,2,0.07447484880685806
15,3,0.07232217490673065
15,4,0.06969131529331207
15,5,0.05411575362086296
15,6,0.0596686415374279
15,7,0.06543838977813721
15,8,0.059054695069789886
15,9,0.06451497972011566
15,10,0.060867708176374435
15,11,0.055203668773174286
15,12,0.06600857526063919
15,13,0.06458806991577148
15,14,0.06748941540718079
15,15,0.07483682781457901
15,16,0.06195801496505737
15,17,0.05600908398628235
15,18,0.0686241164803505
15,19,0.068839430809021
15,20,0.0692892074584961
15,21,0.06133650243282318
15,22,0.06678016483783722
15,23,0.08118802309036255
15,24,0.06603401899337769
15,25,0.06777592748403549
15,26,0.06529916822910309
15,27,0.07454153150320053
15,28,0.07684240490198135
15,29,0.06551453471183777
15,30,0.07287819683551788
15,31,0.06266602128744125
15,32,0.07122594118118286
15,33,0.06495048105716705
15,34,0.0739995688199997
15,35,0.0601414293050766
15,36,0.07208441197872162
15,37,0.06514216214418411
15,38,0.07251690328121185
15,39,0.06759168207645416
15,40,0.05549713969230652
15,41,0.05919910967350006
15,42,0.058218035846948624
15,43,0.06694095581769943
15,44,0.05684642866253853
15,45,0.06043703481554985
15,46,0.06675253808498383
15,47,0.08248554170131683
15,48,0.06379035860300064
15,49,0.0647662878036499
15,50,0.066046804189682
15,51,0.06308083981275558
15,52,0.07044795155525208
15,53,0.06214004382491112
15,54,0.06464210152626038
15,55,0.07373343408107758
15,56,0.06393444538116455
15,57,0.061899952590465546
15,58,0.06720680743455887
15,59,0.09082505851984024
15,60,0.06474452465772629
15,61,0.05716998875141144
15,62,0.07845684885978699
15,63,0.06475146859884262
15,64,0.06799446046352386
15,65,0.07163526117801666
15,66,0.06433355063199997
15,67,0.05837484821677208
15,68,0.06775890290737152
15,69,0.07883109897375107
15,70,0.06348710507154465
15,71,0.06220009922981262
15,72,0.06198141723871231
15,73,0.06998822838068008
15,74,0.07082521915435791
15,75,0.06382560729980469
15,76,0.07859759032726288
16,1,0.06994909048080444
16,2,0.05434248596429825
16,3,0.06036606803536415
16,4,0.06518957018852234
16,5,0.06038852035999298
16,6,0.059174101799726486
16,7,0.07223309576511383
16,8,0.055035512894392014
16,9,0.06789405643939972
16,10,0.06193557754158974
16,11,0.06463254988193512
16,12,0.055251240730285645
16,13,0.06408587843179703
16,14,0.06485752016305923
16,15,0.05829007178544998
16,16,0.07168234139680862
16,17,0.072331003844738
16,18,0.08394302427768707
16,19,0.06521052122116089
16,20,0.0736621543765068
16,21,0.06932742893695831
16,22,0.058020398020744324
16,23,0.06760349869728088
16,24,0.06217984855175018
16,25,0.06415271759033203
16,26,0.06788482517004013
16,27,0.06935535371303558
16,28,0.060660235583782196
16,29,0.07001973688602448
16,30,0.06679373979568481
16,31,0.07620416581630707
16,32,0.06751824915409088
16,33,0.06636031717061996
16,34,0.06017106771469116
16,35,0.06742295622825623
16,36,0.05614791810512543
16,37,0.06382143497467041
16,38,0.06640784442424774
16,39,0.06814714521169662
16,40,0.08225420117378235
16,41,0.0704754889011383
16,42,0.060757678002119064
16,43,0.05868327617645264
16,44,0.06823708117008209
16,45,0.06559278070926666
16,46,0.08008342981338501
16,47,0.06314068287611008
16,48,0.0725274533033371
16,49,0.06655324250459671
16,50,0.056206390261650085
16,51,0.06364172697067261
16,52,0.07211554050445557
16,53,0.07108478993177414
16,54,0.053720615804195404
16,55,0.0665547177195549
16,56,0.07723095268011093
16,57,0.06005343049764633
16,58,0.06787079572677612
16,59,0.061702363193035126
16,60,0.060048434883356094
16,61,0.07463470101356506
16,62,0.05738411098718643
16,63,0.06428724527359009
16,64,0.06648670881986618
16,65,0.060985058546066284
16,66,0.077710822224617
16,67,0.0619545578956604
16,68,0.060188520699739456
16,69,0.052724458277225494
16,70,0.056175872683525085
16,71,0.06178424507379532
16,72,0.06130968779325485
16,73,0.06177983805537224
16,74,0.062478695064783096
16,75,0.06191233918070793
16,76,0.05972808226943016
17,1,0.05819547921419144
17,2,0.06797882914543152
17,3,0.06155209615826607
17,4,0.06373031437397003
17,5,0.05641205981373787
17,6,0.060307323932647705
17,7,0.0671563595533371
17,8,0.06869740784168243
17,9,0.04977991431951523
17,10,0.05719718337059021
17,11,0.07417333126068115
17,12,0.06751034408807755
17,13,0.0658353790640831
17,14,0.05442781001329422
17,15,0.08294062316417694
17,16,0.05374915897846222
17,17,0.07110022008419037
17,18,0.06797563284635544
17,19,0.07038067281246185
17,20,0.07196254283189774
17,21,0.07065073400735855
17,22,0.056901633739471436
17,23,0.05665566772222519
17,24,0.05718296021223068
17,25,0.06285570561885834
17,26,0.05871901661157608
17,27,0.058246225118637085
17,28,0.061681292951107025
17,29,0.06693505495786667
17,30,0.05783698707818985
17,31,0.09110525250434875
17,32,0.07466081529855728
17,33,0.06773743033409119
17,34,0.06849513202905655
17,35,0.06387282907962799
17,36,0.07067353278398514
17,37,0.06761270016431808
17,38,0.06025679409503937
17,39,0.05861908942461014
17,40,0.05591650307178497
17,41,0.06462997198104858
17,42,0.07276123762130737
17,43,0.06185610592365265
17,44,0.05847649276256561
17,45,0.053050532937049866
17,46,0.09352102875709534
17,47,0.06288102269172668
17,48,0.06084088236093521
17,49,0.07080899178981781
17,50,0.0700727254152298
17,51,0.06619207561016083
17,52,0.06260857731103897
17,53,0.07700638473033905
17,54,0.08845970034599304
17,55,0.06370630860328674
17,56,0.06011634320020676
17,57,0.06389310210943222
17,58,0.05853842571377754
17,59,0.06107822060585022
17,60,0.07178431004285812
17,61,0.06268487125635147
17,62,0.05949883908033371
17,63,0.05302748829126358
17,64,0.05260059982538223
17,65,0.06256525218486786
17,66,0.06541979312896729
17,67,0.05687861144542694
17,68,0.05795781686902046
17,69,0.07390446960926056
17,70,0.05612010881304741
17,71,0.05940200015902519
17,72,0.06348971277475357
17,73,0.04938178509473801
17,74,0.0518115758895874
17,75,0.0576261430978775
17,76,0.058502644300460815
18,1,0.06054912135004997
18,2,0.06990939378738403
18,3,0.05883830785751343
18,4,0.07728396356105804
18,5,0.06295756995677948
18,6,0.07997170835733414
18,7,0.06837601959705353
18,8,0.08116685599088669
18,9,0.06630352884531021
18,10,0.05680084601044655
18,11,0.061801500618457794
18,12,0.06302119046449661
18,13,0.09300771355628967
18,14,0.06743010133504868
18,15,0.0633322224020958
18,16,0.057633187621831894
18,17,0.06685656309127808
18,18,0.06396805495023727
18,19,0.056078724563121796
18,20,0.07765450328588486
18,21,0.06802375614643097
18,22,0.06550291180610657
18,23,0.07546734809875488
18,24,0.06064654141664505
18,25,0.06428998708724976
18,26,0.06349018961191177
18,27,0.060391902923583984
18,28,0.07301291823387146
18,29,0.05532258003950119
18,30,0.06243908405303955
18,31,0.06427914649248123
18,32,0.0628262460231781
18,33,0.06213812530040741
18,34,0.060240983963012695
18,35,0.056986451148986816
18,36,0.05543901026248932
18,37,0.07030933350324631
18,38,0.06363433599472046
18,39,0.056925199925899506
18,40,0.05363263189792633
18,41,0.06044762581586838
18,42,0.05835205316543579
18,43,0.05457435920834541
18,44,0.05506143346428871
18,45,0.05262874439358711
18,46,0.060550935566425323
18,47,0.05898796766996384
18,48,0.049732327461242676
18,49,0.0667744129896164
18,50,0.062330182641744614
18,51,0.05636799335479736
18,52,0.06742862612009048
18,53,0.063694529235363
18,54,0.061791930347681046
18,55,0.06772945821285248
18,56,0.05597921833395958
18,57,0.06075610965490341
18,58,0.07362258434295654
18,59,0.06524543464183807
18,60,0.07513688504695892
18,61,0.0708278939127922
18,62,0.065328449010849
18,63,0.07219203561544418
18,64,0.052347101271152496
18,65,0.053791437298059464
18,66,0.060269277542829514
18,67,0.06199495494365692
18,68,0.06378668546676636
18,69,0.06275158375501633
18,70,0.0637977346777916
18,71,0.05398431047797203
18,72,0.06577056646347046
18,73,0.06216336041688919
18,74,0.06033666431903839
18,75,0.06664565205574036
18,76,0.06235353276133537
19,1,0.05986856669187546
19,2,0.05347558110952377
19,3,0.06634862720966339
19,4,0.058894798159599304
19,5,0.06365460157394409
19,6,0.04701923578977585
19,7,0.0768653154373169
19,8,0.05421575903892517
19,9,0.05766090378165245
19,10,0.05825578421354294
19,11,0.055958859622478485
19,12,0.05017966404557228
19,13,0.061715081334114075
19,14,0.0585099458694458
19,15,0.08144856989383698
19,16,0.05017935484647751
19,17,0.05702691525220871
19,18,0.06100724637508392
19,19,0.05745404213666916
19,20,0.06624843925237656
19,21,0.05886735022068024
19,22,0.05212295800447464
19,23,0.05958034098148346
19,24,0.054418545216321945
19,25,0.05854135751724243
19,26,0.059811484068632126
19,27,0.07069502025842667
19,28,0.06465345621109009
19,29,0.07878674566745758
19,30,0.06054367125034332
19,31,0.06316506862640381
19,32,0.06940802931785583
19,33,0.05511990189552307
19,34,0.06109005957841873
19,35,0.062377072870731354
19,36,0.06448009610176086
19,37,0.06425680220127106
19,38,0.06576414406299591
19,39,0.06937433779239655
19,40,0.0570695698261261
19,41,0.05982254818081856
19,42,0.06481818109750748
19,43,0.0654231458902359
19,44,0.06171559914946556
19,45,0.062045518308877945
19,46,0.05522524565458298
19,47,0.05501657724380493
19,48,0.05585221201181412
19,49,0.0615483783185482
19,50,0.07169199734926224
19,51,0.0549994558095932
19,52,0.0547071248292923
19,53,0.05759477987885475
19,54,0.05135788023471832
19,55,0.06274420022964478
19,56,0.05613003298640251
19,57,0.05324999988079071
19,58,0.05848332494497299
19,59,0.05759211629629135
19,60,0.06409457325935364
19,61,0.06716565042734146
19,62,0.050979096442461014
19,63,0.05467400327324867
19,64,0.05665164440870285
19,65,0.06363345682621002
19,66,0.04869110509753227
19,67,0.0542922243475914
19,68,0.07534374296665192
19,69,0.05919884145259857
19,70,0.0676751434803009
19,71,0.05861401557922363
19,72,0.05756862089037895
19,73,0.06276220828294754
19,74,0.06390482187271118
19,75,0.058672480285167694
19,76,0.05458532273769379
20,1,0.06790115684270859
20,2,0.06756546348333359
20,3,0.0603659525513649
20,4,0.04959988594055176
20,5,0.06266056001186371
20,6,0.06930391490459442
20,7,0.05991702899336815
20,8,0.059070147573947906
20,9,0.07575304806232452
20,10,0.06015876308083534
20,11,0.05396111309528351
20,12,0.052943646907806396
20,13,0.06249489635229111
20,14,0.06842131912708282
20,15,0.05950665473937988
20,16,0.061184629797935486
20,17,0.06756924837827682
20,18,0.057824619114398956
20,19,0.06100345775485039
20,20,0.05879397690296173
20,21,0.0634738877415657
20,22,0.05561797320842743
20,23,0.05770127475261688
20,24,0.0716126412153244
20,25,0.06316301226615906
20,26,0.06057575345039368
20,27,0.06459340453147888
20,28,0.05957358330488205
20,29,0.04741793870925903
20,30,0.05143757909536362
20,31,0.062111224979162216
20,32,0.06304141134023666
20,33,0.05605460703372955
20,34,0.05597846582531929
20,35,0.06282192468643188
20,36,0.04831446707248688
20,37,0.05387333035469055
20,38,0.059608094394207
20,39,0.06648088991641998
20,40,0.06174233555793762
20,41,0.0500674843788147
20,42,0.05851426720619202
20,43,0.057745348662137985
20,44,0.05833034962415695
20,45,0.07993035763502121
20,46,0.05601084977388382
20,47,0.05044812709093094
20,48,0.06309086829423904
20,49,0.060259394347667694
20,50,0.07256162166595459
20,51,0.06838016211986542
20,52,0.06102823466062546
20,53,0.04735704883933067
20,54,0.06099001318216324
20,55,0.06769216060638428
20,56,0.06142972409725189
20,57,0.054854616522789
20,58,0.06431235373020172
20,59,0.054603442549705505
20,60,0.06627487391233444
20,61,0.06138142570853233
20,62,0.05585595965385437
20,63,0.05588237941265106
20,64,0.0767335295677185
20,65,0.0645555853843689
20,66,0.06465296447277069
20,67,0.0654730498790741
20,68,0.05553159490227699
20,69,0.06853024661540985
20,70,0.06655605882406235
20,71,0.052102699875831604
20,72,0.06860343366861343
20,73,0.05067194998264313
20,74,0.05669452250003815
20,75,0.06270905584096909
20,76,0.06771031767129898
21,1,0.06798094511032104
21,2,0.05697791278362274
21,3,0.05594227463006973
21,4,0.05552300065755844
21,5,0.0587635338306427
21,6,0.054777055978775024
21,7,0.05076552554965019
21,8,0.06640416383743286
21,9,0.05038953199982643
21,10,0.0501970611512661
21,11,0.05975325033068657
21,12,0.05850646644830704
21,13,0.05256526172161102
21,14,0.06675344705581665
21,15,0.05708820000290871
21,16,0.056530147790908813
21,17,0.06405704468488693
21,18,0.05782666057348251
21,19,0.058989133685827255
21,20,0.061365772038698196
21,21,0.06535469740629196
21,22,0.05176827311515808
21,23,0.055034901946783066
21,24,0.06289298087358475
21,25,0.06110864877700806
21,26,0.0622369609773159
21,27,0.05496933311223984
21,28,0.06713810563087463
21,29,0.057810425758361816
21,30,0.05998365953564644
21,31,0.060386449098587036
21,32,0.061834193766117096
21,33,0.05436168611049652
21,34,0.054968152195215225
21,35,0.05337563529610634
21,36,0.04314076527953148
21,37,0.05422656610608101
21,38,0.0576675683259964
21,39,0.05640218406915665
21,40,0.04703323170542717
21,41,0.0649171769618988
21,42,0.053484924137592316
21,43,0.058777883648872375
21,44,0.05609884113073349
21,45,0.0554533489048481
21,46,0.06263025850057602
21,47,0.04343268275260925
21,48,0.05592074990272522
21,49,0.046569690108299255
21,50,0.061307668685913086
21,51,0.049389518797397614
21,52,0.05294347554445267
21,53,0.06092996150255203
21,54,0.06961101293563843
21,55,0.06272733956575394
21,56,0.06178056448698044
21,57,0.06254185736179352
21,58,0.057333432137966156
21,59,0.053993113338947296
21,60,0.053445979952812195
21,61,0.056372709572315216
21,62,0.04779082536697388
21,63,0.04830148443579674
21,64,0.054621171206235886
21,65,0.053997524082660675
21,66,0.05311647802591324
21,67,0.05059187114238739
21,68,0.05144907906651497
21,69,0.05227239429950714
21,70,0.05635911971330643
21,71,0.054195284843444824
21,72,0.05500265955924988
21,73,0.058750540018081665
21,74,0.06431356072425842
21,75,0.04614053666591644
21,76,0.06192340329289436
22,1,0.05205501243472099
22,2,0.049577269703149796
22,3,0.055425383150577545
22,4,0.051978595554828644
22,5,0.05397399514913559
22,6,0.05805707350373268
22,7,0.0554770827293396
22,8,0.06516802310943604
22,9,0.051138486713171005
22,10,0.05008401721715927
22,11,0.07509446144104004
22,12,0.05404152348637581
22,13,0.05000952258706093
22,14,0.05272360146045685
22,15,0.05286024510860443
22,16,0.06586708128452301
22,17,0.06796573102474213
22,18,0.0552598312497139
22,19,0.04335026443004608
22,20,0.050173789262771606
22,21,0.04818933829665184
22,22,0.05503617972135544
22,23,0.049640364944934845
22,24,0.061490029096603394
22,25,0.0505908764898777
22,26,0.05799851566553116
22,27,0.05538837984204292
22,28,0.05516940355300903
22,29,0.051329605281353
22,30,0.04960164055228233
22,31,0.060086365789175034
22,32,0.05779913812875748
22,33,0.04881373047828674
22,34,0.054850537329912186
22,35,0.0646810531616211
22,36,0.0535542368888855
22,37,0.0576334111392498
22,38,0.06070540100336075
22,39,0.054402466863393784
22,40,0.05754352733492851
22,41,0.06313380599021912
22,42,0.06459692120552063
22,43,0.045427560806274414
22,44,0.045990951359272
22,45,0.061008427292108536
22,46,0.06334211677312851
22,47,0.07357499748468399
22,48,0.05515901371836662
22,49,0.04375341907143593
22,50,0.06143731251358986
22,51,0.06099657714366913
22,52,0.05457586795091629
22,53,0.05546295642852783
22,54,0.07186062633991241
22,55,0.0481010302901268
22,56,0.05468690022826195
22,57,0.056943878531455994
22,58,0.05665173754096031
22,59,0.058735985308885574
22,60,0.04842572659254074
22,61,0.06024835258722305
22,62,0.053871963173151016
22,63,0.05583471059799194
22,64,0.06290244311094284
22,65,0.056795574724674225
22,66,0.05210692435503006
22,67,0.05066198855638504
22,68,0.05842693895101547
22,69,0.054398730397224426
22,70,0.0566205270588398
22,71,0.051059238612651825
22,72,0.062169890850782394
22,73,0.055546458810567856
22,74,0.04693535342812538
22,75,0.06721539795398712
22,76,0.06534012407064438
23,1,0.06740964204072952
23,2,0.047613248229026794
23,3,0.06334501504898071
23,4,0.05315639451146126
23,5,0.06129669398069382
23,6,0.05625761300325394
23,7,0.06032092124223709
23,8,0.06292691826820374
23,9,0.05187534540891647
23,10,0.0539138987660408
23,11,0.04958867281675339
23,12,0.06339560449123383
23,13,0.05880500376224518
23,14,0.052144214510917664
23,15,0.05450352281332016
23,16,0.06594891846179962
23,17,0.05363299697637558
23,18,0.058757416903972626
23,19,0.055858999490737915
23,20,0.05822542682290077
23,21,0.05547023564577103
23,22,0.050100818276405334
23,23,0.057137664407491684
23,24,0.060119178146123886
23,25,0.062156304717063904
23,26,0.07153509557247162
23,27,0.05909770354628563
23,28,0.06449978053569794
23,29,0.053819864988327026
23,30,0.0700652077794075
23,31,0.05406086519360542
23,32,0.06323357671499252
23,33,0.06400568783283234
23,34,0.05348706245422363
23,35,0.05397484451532364
23,36,0.07823947072029114
23,37,0.06004093587398529
23,38,0.05921316146850586
23,39,0.055541425943374634
23,40,0.05692199990153313
23,41,0.0652165412902832
23,42,0.06723985075950623
23,43,0.06485473364591599
23,44,0.0595281645655632
23,45,0.05243564397096634
23,46,0.05498040094971657
23,47,0.05579502135515213
23,48,0.0552087277173996
23,49,0.06539548933506012
23,50,0.06240929663181305
23,51,0.06108804792165756
23,52,0.07215379178524017
23,53,0.058432310819625854
23,54,0.05581580102443695
23,55,0.05948206037282944
23,56,0.049201417714357376
23,57,0.057823412120342255
23,58,0.06379540264606476
23,59,0.046588703989982605
23,60,0.06656152009963989
23,61,0.07104867696762085
23,62,0.06294646859169006
23,63,0.06279964745044708
23,64,0.056126534938812256
23,65,0.05198065564036369
23,66,0.05364714935421944
23,67,0.06821473687887192
23,68,0.05064886063337326
23,69,0.059689849615097046
23,70,0.06459926068782806
23,71,0.06296952813863754
23,72,0.06074072793126106
23,73,0.06802764534950256
23,74,0.0640060231089592
23,75,0.04944173991680145
23,76,0.051080044358968735
24,1,0.05639244616031647
24,2,0.0693163126707077
24,3,0.052844151854515076
24,4,0.0507165864109993
24,5,0.06360120326280594
24,6,0.05176294595003128
24,7,0.06273519992828369
24,8,0.058348823338747025
24,9,0.056019626557826996
24,10,0.05161704495549202
24,11,0.04973267763853073
24,12,0.049545083194971085
24,13,0.06021431088447571
24,14,0.05803992226719856
24,15,0.05347443372011185
24,16,0.06108216568827629
24,17,0.04723486304283142
24,18,0.05421805754303932
24,19,0.05603177100419998
24,20,0.0946337878704071
24,21,0.05171602964401245
24,22,0.05383012816309929
24,23,0.05259806290268898
24,24,0.0552203506231308
24,25,0.04974137246608734
24,26,0.0554465614259243
24,27,0.04848308861255646
24,28,0.05600827932357788
24,29,0.05924224108457565
24,30,0.053401973098516464
24,31,0.056370966136455536
24,32,0.0522908940911293
24,33,0.05319532752037048
24,34,0.058559879660606384
24,35,0.05657316744327545
24,36,0.06464188545942307
24,37,0.06092334911227226
24,38,0.05238780379295349
24,39,0.056216366589069366
24,40,0.05740742385387421
24,41,0.07023261487483978
24,42,0.04695819318294525
24,43,0.05162670090794563
24,44,0.05583576858043671
24,45,0.051865577697753906
24,46,0.052510496228933334
24,47,0.04748426005244255
24,48,0.04902276396751404
24,49,0.059436604380607605
24,50,0.056112341582775116
24,51,0.057579152286052704
24,52,0.0591721385717392
24,53,0.057724177837371826
24,54,0.04986480623483658
24,55,0.08249980211257935
24,56,0.048836708068847656
24,57,0.0475504994392395
24,58,0.06208004057407379
24,59,0.055210012942552567
24,60,0.056377410888671875
24,61,0.06455367058515549
24,62,0.06525218486785889
24,63,0.055313967168331146
24,64,0.05525961518287659
24,65,0.06539827585220337
24,66,0.06525464355945587
24,67,0.06120143085718155
24,68,0.059517160058021545
24,69,0.04911421984434128
24,70,0.04973538964986801
24,71,0.06603492796421051
24,72,0.05525406450033188
24,73,0.05582671985030174
24,74,0.060074884444475174
24,75,0.07149646431207657
24,76,0.06280601024627686
25,1,0.052556414157152176
25,2,0.06495951116085052
25,3,0.049061261117458344
25,4,0.04941558092832565
25,5,0.047291822731494904
25,6,0.07216694205999374
25,7,0.049047037959098816
25,8,0.04699690639972687
25,9,0.06205719709396362
25,10,0.056026965379714966
25,11,0.05201607942581177
25,12,0.05947195738554001
25,13,0.05480779707431793
25,14,0.058851540088653564
25,15,0.057973168790340424
25,16,0.047227002680301666
25,17,0.050577834248542786
25,18,0.05012867599725723
25,19,0.06131083145737648
25,20,0.06159202381968498
25,21,0.05833006650209427
25,22,0.05759642645716667
25,23,0.057717837393283844
25,24,0.05425777658820152
25,25,0.05401961877942085
25,26,0.07604904472827911
25,27,0.05754487216472626
25,28,0.05416163057088852
25,29,0.05506996810436249
25,30,0.05610274896025658
25,31,0.04675294831395149
25,32,0.06159520894289017
25,33,0.056894853711128235
25,34,0.05721577629446983
25,35,0.050200626254081726
25,36,0.04783712327480316
25,37,0.06672091782093048
25,38,0.05427757650613785
25,39,0.05621333792805672
25,40,0.05013841390609741
25,41,0.05112645402550697
25,42,0.051347482949495316
25,43,0.04752393066883087
25,44,0.04741046577692032
25,45,0.0574335977435112
25,46,0.04707184433937073
25,47,0.06411433219909668
25,48,0.068561851978302
25,49,0.06584019213914871
25,50,0.05131818354129791
25,51,0.06461125612258911
25,52,0.06026822328567505
25,53,0.05258952081203461
25,54,0.06317058950662613
25,55,0.05888656899333
25,56,0.04892907664179802
25,57,0.04782384634017944
25,58,0.05219779908657074
25,59,0.05101196840405464
25,60,0.056496575474739075
25,61,0.04793495684862137
25,62,0.05192430689930916
25,63,0.061499468982219696
25,64,0.048391617834568024
25,65,0.055604688823223114
25,66,0.06094960868358612
25,67,0.06321296095848083
25,68,0.0601787343621254
25,69,0.06237422302365303
25,70,0.05331890285015106
25,71,0.05122910439968109
25,72,0.054893091320991516
25,73,0.055180467665195465
25,74,0.05332087352871895
25,75,0.05560124292969704
25,76,0.051964566111564636
26,1,0.053448207676410675
26,2,0.052164312452077866
26,3,0.052860990166664124
26,4,0.05589032918214798
26,5,0.05232623219490051
26,6,0.05592593178153038
26,7,0.04911849647760391
26,8,0.05619050934910774
26,9,0.04651772975921631
26,10,0.049518972635269165
26,11,0.04551338404417038
26,12,0.05339949205517769
26,13,0.047865837812423706
26,14,0.04305924475193024
26,15,0.054301418364048004
26,16,0.054183755069971085
26,17,0.050264813005924225
26,18,0.06319044530391693
26,19,0.048946186900138855
26,20,0.0467982292175293
26,21,0.06310345977544785
26,22,0.042678430676460266
26,23,0.059520743787288666
26,24,0.054554469883441925
26,25,0.05481132119894028
26,26,0.04832160472869873
26,27,0.05334358289837837
26,28,0.054488033056259155
26,29,0.050444379448890686
26,30,0.056978605687618256
26,31,0.05012565106153488
26,32,0.06070245802402496
26,33,0.05441294610500336
26,34,0.04483788460493088
26,35,0.05342847481369972
26,36,0.05529380217194557
26,37,0.04831461235880852
26,38,0.06182584539055824
26,39,0.05523039773106575
26,40,0.04470079392194748
26,41,0.05119265615940094
26,42,0.052583955228328705
26,43,0.04752218723297119
26,44,0.05366580933332443
26,45,0.058033015578985214
26,46,0.05688691884279251
26,47,0.05253151059150696
26,48,0.05075189471244812
26,49,0.0494379848241806
26,50,0.048995256423950195
26,51,0.058651477098464966
26,52,0.06007026880979538
26,53,0.04369645565748215
26,54,0.05006378889083862
26,55,0.04520609229803085
26,56,0.056631848216056824
26,57,0.05036397650837898
26,58,0.05483873933553696
26,59,0.06527887284755707
26,60,0.05084836483001709
26,61,0.052102651447057724
26,62,0.050228215754032135
26,63,0.0546833798289299
26,64,0.0489635244011879
26,65,0.05275731533765793
26,66,0.052181996405124664
26,67,0.04901184141635895
26,68,0.05338006839156151
26,69,0.05538686364889145
26,70,0.04422365128993988
26,71,0.04914084076881409
26,72,0.049222879111766815
26,73,0.047912679612636566
26,74,0.05909193307161331
26,75,0.061080336570739746
26,76,0.05505175143480301
27,1,0.055074431002140045
27,2,0.05198714882135391
27,3,0.05172784626483917
27,4,0.06074388697743416
27,5,0.0560014471411705
27,6,0.05412266403436661
27,7,0.045784756541252136
27,8,0.04986542463302612
27,9,0.048433609306812286
27,10,0.057612624019384384
27,11,0.05680541694164276
27,12,0.050090305507183075
27,13,0.04874028265476227
27,14,0.05114244297146797
27,15,0.05381707847118378
27,16,0.05637394264340401
27,17,0.04701785743236542
27,18,0.06112483888864517
27,19,0.05207113176584244
27,20,0.05132324621081352
27,21,0.061895158141851425
27,22,0.05407962203025818
27,23,0.048102155327796936
27,24,0.054061491042375565
27,25,0.0536956861615181
27,26,0.05933713912963867
27,27,0.05221408233046532
27,28,0.0497681200504303
27,29,0.047854870557785034
27,30,0.05993041768670082
27,31,0.06051541492342949
27,32,0.055395737290382385
27,33,0.05766415596008301
27,34,0.05157574266195297
27,35,0.047217756509780884
27,36,0.043255243450403214
27,37,0.06273756176233292
27,38,0.053676627576351166
27,39,0.056102171540260315
27,40,0.050666701048612595
27,41,0.05357201397418976
27,42,0.06570013612508774
27,43,0.04716545343399048
27,44,0.05317305028438568
27,45,0.05737467110157013
27,46,0.04540698230266571
27,47,0.05037841200828552
27,48,0.05022353678941727
27,49,0.058651335537433624
27,50,0.05988752096891403
27,51,0.055088117718696594
27,52,0.05107894167304039
27,53,0.04495730251073837
27,54,0.05976217985153198
27,55,0.04536128416657448
27,56,0.06561461091041565
27,57,0.04837756231427193
27,58,0.0494103878736496
27,59,0.05691661685705185
27,60,0.049284785985946655
27,61,0.0496218241751194
27,62,0.04537593945860863
27,63,0.05531277135014534
27,64,0.04528892785310745
27,65,0.04741980880498886
27,66,0.042132243514060974
27,67,0.05134556442499161
27,68,0.05877140164375305
27,69,0.052800148725509644
27,70,0.04549616947770119
27,71,0.05135098844766617
27,72,0.05001263692975044
27,73,0.05108683556318283
27,74,0.050744298845529556
27,75,0.05277414619922638
27,76,0.05047040060162544
28,1,0.04803573340177536
28,2,0.052153363823890686
28,3,0.05753685161471367
28,4,0.07030846178531647
28,5,0.048424627631902695
28,6,0.056032948195934296
28,7,0.049333322793245316
28,8,0.04951856657862663
28,9,0.053742025047540665
28,10,0.049711842089891434
28,11,0.0581892766058445
28,12,0.05952059477567673
28,13,0.05555957555770874
28,14,0.045995134860277176
28,15,0.05221937596797943
28,16,0.04782102257013321
28,17,0.05454857647418976
28,18,0.05500539019703865
28,19,0.04650581255555153
28,20,0.048759814351797104
28,21,0.06481414288282394
28,22,0.050818026065826416
28,23,0.05940168350934982
28,24,0.05727193132042885
28,25,0.04547024145722389
28,26,0.06540889292955399
28,27,0.05294297635555267
28,28,0.0537741482257843
28,29,0.047931402921676636
28,30,0.06526228785514832
28,31,0.052703797817230225
28,32,0.048349663615226746
28,33,0.05291439965367317
28,34,0.051326531916856766
28,35,0.06041371077299118
28,36,0.054363131523132324
28,37,0.053437598049640656
28,38,0.043942734599113464
28,39,0.04331834614276886
28,40,0.04441279172897339
28,41,0.059741683304309845
28,42,0.04463735222816467
28,43,0.04935513064265251
28,44,0.04288462921977043
28,45,0.07433044910430908
28,46,0.05491519346833229
28,47,0.04870661348104477
28,48,0.07008135318756104
28,49,0.06542827934026718
28,50,0.043637972325086594
28,51,0.06348422914743423
28,52,0.0565367117524147
28,53,0.05410733073949814
28,54,0.05688299983739853
28,55,0.05614463612437248
28,56,0.04241856187582016
28,57,0.06567122042179108
28,58,0.06535419076681137
28,59,0.0543731227517128
28,60,0.051382146775722504
28,61,0.06572762131690979
28,62,0.05743294954299927
28,63,0.04888194054365158
28,64,0.05037183687090874
28,65,0.055616069585084915
28,66,0.05407579988241196
28,67,0.05071680247783661
28,68,0.062009427696466446
28,69,0.04626814275979996
28,70,0.04667934402823448
28,71,0.0505785197019577
28,72,0.047128356993198395
28,73,0.05103856325149536
28,74,0.05704890191555023
28,75,0.044003456830978394
28,76,0.047129373997449875
29,1,0.04851289838552475
29,2,0.05217883735895157
29,3,0.043042026460170746
29,4,0.06037338450551033
29,5,0.04541829973459244
29,6,0.05480736866593361
29,7,0.04880642890930176
29,8,0.059091851115226746
29,9,0.050791166722774506
29,10,0.04958251118659973
29,11,0.05726530775427818
29,12,0.05365411192178726
29,13,0.04895542562007904
29,14,0.0527770072221756
29,15,0.055944621562957764
29,16,0.055065955966711044
29,17,0.047039762139320374
29,18,0.05400334671139717
29,19,0.04987945407629013
29,20,0.059483133256435394
29,21,0.04759453982114792
29,22,0.04744899645447731
29,23,0.05509152263402939
29,24,0.059905827045440674
29,25,0.05783432349562645
29,26,0.052395813167095184
29,27,0.05485071241855621
29,28,0.046548012644052505
29,29,0.049110859632492065
29,30,0.04164610058069229
29,31,0.04764467850327492
29,32,0.058365389704704285
29,33,0.048269227147102356
29,34,0.04550948739051819
29,35,0.04204409942030907
29,36,0.05295473337173462
29,37,0.055345527827739716
29,38,0.05917849391698837
29,39,0.050025127828121185
29,40,0.049297139048576355
29,41,0.053239308297634125
29,42,0.04419391602277756
29,43,0.05947330221533775
29,44,0.06308289617300034
29,45,0.04600638151168823
29,46,0.0485415942966938
29,47,0.05751566216349602
29,48,0.06363759934902191
29,49,0.06509567052125931
29,50,0.05009341239929199
29,51,0.050166040658950806
29,52,0.05791435390710831
29,53,0.04602000117301941
29,54,0.05336415022611618
29,55,0.05037757009267807
29,56,0.051468461751937866
29,57,0.04175993800163269
29,58,0.054983366280794144
29,59,0.052165284752845764
29,60,0.05692272633314133
29,61,0.05077480524778366
29,62,0.05293213948607445
29,63,0.048792798072099686
29,64,0.04982129856944084
29,65,0.0517159029841423
29,66,0.04674612730741501
29,67,0.0447678305208683
29,68,0.05125289410352707
29,69,0.05169741064310074
29,70,0.06822061538696289
29,71,0.0572848916053772
29,72,0.046708330512046814
29,73,0.054231468588113785
29,74,0.045005280524492264
29,75,0.051961708813905716
29,76,0.05546598881483078
30,1,0.04436355084180832
30,2,0.052515845745801926
30,3,0.04768490791320801
30,4,0.045698121190071106
30,5,0.04630705341696739
30,6,0.057414524257183075
30,7,0.04656499996781349
30,8,0.0490272156894207
30,9,0.05025571957230568
30,10,0.05475503206253052
30,11,0.04367818683385849
30,12,0.05139753222465515
30,13,0.05507393926382065
30,14,0.045027777552604675
30,15,0.048592884093523026
30,16,0.05557418614625931
30,17,0.05563805252313614
30,18,0.053073249757289886
30,19,0.051799047738313675
30,20,0.04597138240933418
30,21,0.062193021178245544
30,22,0.054811492562294006
30,23,0.05494733899831772
30,24,0.059097904711961746
30,25,0.05185335874557495
30,26,0.04868500307202339
30,27,0.05627433955669403
30,28,0.05576635152101517
30,29,0.0549156591296196
30,30,0.047017212957143784
30,31,0.049603573977947235
30,32,0.05258869379758835
30,33,0.05873529613018036
30,34,0.04854890704154968
30,35,0.05327601730823517
30,36,0.05200077220797539
30,37,0.04568430781364441
30,38,0.05149778723716736
30,39,0.0608014315366745
30,40,0.054479293525218964
30,41,0.05553299933671951
30,42,0.04938077926635742
30,43,0.053317755460739136
30,44,0.05256780982017517
30,45,0.057637251913547516
30,46,0.051988113671541214
30,47,0.053398676216602325
30,48,0.05044117569923401
30,49,0.04823816567659378
30,50,0.049172982573509216
30,51,0.045671261847019196
30,52,0.03924863040447235
30,53,0.05532350391149521
30,54,0.049567028880119324
30,55,0.05011189728975296
30,56,0.0540761835873127
30,57,0.051054827868938446
30,58,0.04903110861778259
30,59,0.04980790987610817
30,60,0.04281501844525337
30,61,0.045097459107637405
30,62,0.043957117944955826
30,63,0.04889707639813423
30,64,0.05310095101594925
30,65,0.04657027870416641
30,66,0.041173093020915985
30,67,0.04682029038667679
30,68,0.05900372564792633
30,69,0.043800387531518936
30,70,0.05066496878862381
30,71,0.04369749873876572
30,72,0.0489087775349617
30,73,0.04671316593885422
30,74,0.04005397856235504
30,75,0.052531540393829346
30,76,0.05397140979766846
31,1,0.04516015201807022
31,2,0.052402012050151825
31,3,0.04562497138977051
31,4,0.04590064287185669
31,5,0.055604398250579834
31,6,0.04759581387042999
31,7,0.05778899043798447
31,8,0.04571636766195297
31,9,0.05422557145357132
31,10,0.05275101214647293
31,11,0.04272763058543205
31,12,0.05017111077904701
31,13,0.0423697754740715
31,14,0.04514908790588379
31,15,0.049380671232938766
31,16,0.049293577671051025
31,17,0.04268469661474228
31,18,0.04701218008995056
31,19,0.06260588765144348
31,20,0.051480308175086975
31,21,0.05144501477479935
31,22,0.05440310388803482
31,23,0.04917513206601143
31,24,0.047892916947603226
31,25,0.05002816393971443
31,26,0.04710402339696884
31,27,0.05543205142021179
31,28,0.04430854320526123
31,29,0.054436422884464264
31,30,0.04298287630081177
31,31,0.057190194725990295
31,32,0.05135170370340347
31,33,0.048558562994003296
31,34,0.04748658090829849
31,35,0.07763846218585968
31,36,0.043217938393354416
31,37,0.042965374886989594
31,38,0.03496301919221878
31,39,0.04591447860002518
31,40,0.05616208538413048
31,41,0.056824691593647
31,42,0.055327050387859344
31,43,0.054783985018730164
31,44,0.05371210724115372
31,45,0.04744386672973633
31,46,0.0479593351483345
31,47,0.04898548871278763
31,48,0.0522126704454422
31,49,0.041978251188993454
31,50,0.05323030799627304
31,51,0.04705327749252319
31,52,0.06675669550895691
31,53,0.053592756390571594
31,54,0.05065413564443588
31,55,0.056999944150447845
31,56,0.04141337051987648
31,57,0.053009033203125
31,58,0.05584721639752388
31,59,0.04493297263979912
31,60,0.04530273377895355
31,61,0.042392998933792114
31,62,0.05500004068017006
31,63,0.04659383371472359
31,64,0.0460418239235878
31,65,0.05702050402760506
31,66,0.0468047633767128
31,67,0.04748092591762543
31,68,0.04456237703561783
31,69,0.05038819834589958
31,70,0.043246522545814514
31,71,0.04976867139339447
31,72,0.051565080881118774
31,73,0.05556090176105499
31,74,0.06717190891504288
31,75,0.05071520805358887
31,76,0.04940725862979889
32,1,0.056583989411592484
32,2,0.04950995743274689
32,3,0.05849707871675491
32,4,0.059244509786367416
32,5,0.054900601506233215
32,6,0.051658742129802704
32,7,0.05312752723693848
32,8,0.05086696147918701
32,9,0.05276542901992798
32,10,0.049924157559871674
32,11,0.05556716024875641
32,12,0.05084148794412613
32,13,0.04782361164689064
32,14,0.05358337238430977
32,15,0.04901004955172539
32,16,0.055782340466976166
32,17,0.0590953603386879
32,18,0.05226180702447891
32,19,0.05094921216368675
32,20,0.054540004581213
32,21,0.04980374127626419
32,22,0.05205550044775009
32,23,0.04257632791996002
32,24,0.05824935808777809
32,25,0.055254220962524414
32,26,0.05563437193632126
32,27,0.07495366036891937
32,28,0.04876290261745453
32,29,0.042271099984645844
32,30,0.06342826783657074
32,31,0.05858670175075531
32,32,0.04799707233905792
32,33,0.04976082220673561
32,34,0.05581911653280258
32,35,0.045842528343200684
32,36,0.04535508155822754
32,37,0.046210482716560364
32,38,0.059639811515808105
32,39,0.047100979834795
32,40,0.05284421890974045
32,41,0.04803603142499924
32,42,0.05708896741271019
32,43,0.058982763439416885
32,44,0.06114978343248367
32,45,0.046570923179388046
32,46,0.04643895477056503
32,47,0.0437256395816803
32,48,0.062108561396598816
32,49,0.04389980435371399
32,50,0.04527931287884712
32,51,0.044518083333969116
32,52,0.0528777576982975
32,53,0.04731329530477524
32,54,0.0422266349196434
32,55,0.04482429102063179
32,56,0.058243945240974426
32,57,0.047361958771944046
32,58,0.043138809502124786
32,59,0.04303430765867233
32,60,0.04159253090620041
32,61,0.052879903465509415
32,62,0.04992939531803131
32,63,0.06311386823654175
32,64,0.04577651619911194
32,65,0.058459654450416565
32,66,0.05457906052470207
32,67,0.052631817758083344
32,68,0.06252109259366989
32,69,0.04318077862262726
32,70,0.049501050263643265
32,71,0.05663616955280304
32,72,0.05781722813844681
32,73,0.0455843061208725
32,74,0.05125528573989868
32,75,0.055170394480228424
32,76,0.045207273215055466
33,1,0.043469056487083435
33,2,0.04272498935461044
33,3,0.04396877810359001
33,4,0.04967397451400757
33,5,0.057103246450424194
33,6,0.04531118646264076
33,7,0.05783133953809738
33,8,0.04821043089032173
33,9,0.05237054452300072
33,10,0.040553562343120575
33,11,0.049723684787750244
33,12,0.04666503146290779
33,13,0.05952662229537964
33,14,0.051328953355550766
33,15,0.05776578560471535
33,16,0.04780290648341179
33,17,0.048876505345106125
33,18,0.05935809016227722
33,19,0.03957614302635193
33,20,0.05032390356063843
33,21,0.05377034842967987
33,22,0.07051514834165573
33,23,0.055834636092185974
33,24,0.04299396276473999
33,25,0.05254000797867775
33,26,0.050195954740047455
33,27,0.04942552000284195
33,28,0.04691952466964722
33,29,0.0452909916639328
33,30,0.0544242188334465
33,31,0.05042026937007904
33,32,0.04533015191555023
33,33,0.05372078716754913
33,34,0.05396661534905434
33,35,0.05788983404636383
33,36,0.044868603348731995
33,37,0.044928111135959625
33,38,0.042110808193683624
33,39,0.05504126101732254
33,40,0.04475105553865433
33,41,0.04621269553899765
33,42,0.0464339479804039
33,43,0.039455097168684006
33,44,0.04938845336437225
33,45,0.052698176354169846
33,46,0.04903590679168701
33,47,0.04318842664361
33,48,0.049167320132255554
33,49,0.05469385161995888
33,50,0.04753773659467697
33,51,0.050121672451496124
33,52,0.048875391483306885
33,53,0.03519856184720993
33,54,0.048130400478839874
33,55,0.05763426423072815
33,56,0.04631373658776283
33,57,0.06380586326122284
33,58,0.054317064583301544
33,59,0.044311292469501495
33,60,0.04349180683493614
33,61,0.043213073164224625
33,62,0.0518023744225502
33,63,0.05900365859270096
33,64,0.0467398539185524
33,65,0.04742606729269028
33,66,0.04640624299645424
33,67,0.05656466260552406
33,68,0.041403938084840775
33,69,0.05762964487075806
33,70,0.03893425688147545
33,71,0.050335343927145004
33,72,0.04525889456272125
33,73,0.05356840789318085
33,74,0.04640423506498337
33,75,0.040601566433906555
33,76,0.05133069306612015
34,1,0.05577107146382332
34,2,0.04534350335597992
34,3,0.05398397147655487
34,4,0.05168458819389343
34,5,0.06509841978549957
34,6,0.040919482707977295
34,7,0.04230352118611336
34,8,0.05263541266322136
34,9,0.051953911781311035
34,10,0.042549215257167816
34,11,0.043707724660634995
34,12,0.041328590363264084
34,13,0.05932067707180977
34,14,0.04647441580891609
34,15,0.0605865977704525
34,16,0.04190463945269585
34,17,0.046976737678050995
34,18,0.04561098292469978
34,19,0.049380335956811905
34,20,0.05459484085440636
34,21,0.050579220056533813
34,22,0.03960008546710014
34,23,0.04919158294796944
34,24,0.04378179460763931
34,25,0.0428992323577404
34,26,0.047795236110687256
34,27,0.05078354477882385
34,28,0.059657640755176544
34,29,0.06682062149047852
34,30,0.05525723472237587
34,31,0.055027179419994354
34,32,0.04753386229276657
34,33,0.04317234084010124
34,34,0.0551781952381134
34,35,0.046529822051525116
34,36,0.050516657531261444
34,37,0.0476360023021698
34,38,0.04593735933303833
34,39,0.06266331672668457
34,40,0.04951181262731552
34,41,0.0500970333814621
34,42,0.053355418145656586
34,43,0.0533154234290123
34,44,0.05714477598667145
34,45,0.05007656663656235
34,46,0.040584661066532135
34,47,0.052910614758729935
34,48,0.04357549548149109
34,49,0.04192948713898659
34,50,0.05123599246144295
34,51,0.04930224269628525
34,52,0.04635133966803551
34,53,0.04421655833721161
34,54,0.041945233941078186
34,55,0.04821513593196869
34,56,0.05118892341852188
34,57,0.04384075105190277
34,58,0.049000613391399384
34,59,0.054451070725917816
34,60,0.05167447775602341
34,61,0.05190711468458176
34,62,0.04830530285835266
34,63,0.04296183958649635
34,64,0.04516598954796791
34,65,0.04789026454091072
34,66,0.03770351782441139
34,67,0.04580206796526909
34,68,0.04497218877077103
34,69,0.04322635754942894
34,70,0.04615073278546333
34,71,0.04527787119150162
34,72,0.0593392439186573
34,73,0.04986926168203354
34,74,0.043010465800762177
34,75,0.04479631781578064
34,76,0.05582509562373161
35,1,0.03739409148693085
35,2,0.05073491483926773
35,3,0.05411864072084427
35,4,0.048735953867435455
35,5,0.04834861308336258
35,6,0.040683574974536896
35,7,0.04439687728881836
35,8,0.04244661331176758
35,9,0.04669336974620819
35,10,0.047534264624118805
35,11,0.05156848207116127
35,12,0.04850136488676071
35,13,0.049415379762649536
35,14,0.05241985619068146
35,15,0.05053498223423958
35,16,0.04410456866025925
35,17,0.04747374355792999
35,18,0.05479509010910988
35,19,0.04377730190753937
35,20,0.04537639766931534
35,21,0.06199607253074646
35,22,0.04874291270971298
35,23,0.039574481546878815
35,24,0.052533864974975586
35,25,0.06147371232509613
35,26,0.052787020802497864
35,27,0.04392613470554352
35,28,0.054836492985486984
35,29,0.048328615725040436
35,30,0.041242413222789764
35,31,0.05376967787742615
35,32,0.05024866759777069
35,33,0.049040667712688446
35,34,0.049305133521556854
35,35,0.05953386053442955
35,36,0.057872701436281204
35,37,0.05169745162129402
35,38,0.057303860783576965
35,39,0.04416336864233017
35,40,0.04843202233314514
35,41,0.04149147868156433
35,42,0.05129433795809746
35,43,0.056328222155570984
35,44,0.04352793097496033
35,45,0.05348784476518631
35,46,0.04995686933398247
35,47,0.04687202721834183
35,48,0.056629933416843414
35,49,0.04799436777830124
35,50,0.04830251634120941
35,51,0.041565872728824615
35,52,0.04387956112623215
35,53,0.04745221138000488
35,54,0.046811532229185104
35,55,0.05240670219063759
35,56,0.05469390004873276
35,57,0.05670087784528732
35,58,0.05757512152194977
35,59,0.04999307170510292
35,60,0.04133235663175583
35,61,0.04603017494082451
35,62,0.04048209637403488
35,63,0.04415833577513695
35,64,0.04907064139842987
35,65,0.0661468505859375
35,66,0.0569179505109787
35,67,0.051601819694042206
35,68,0.0423402264714241
35,69,0.05224577337503433
35,70,0.04233522340655327
35,71,0.04756378009915352
35,72,0.04389218986034393
35,73,0.05671874061226845
35,74,0.04810508340597153
35,75,0.05024154111742973
35,76,0.04543856531381607
36,1,0.05189008265733719
36,2,0.03972168639302254
36,3,0.04697917401790619
36,4,0.052181802690029144
36,5,0.053162917494773865
36,6,0.04161573946475983
36,7,0.049293745309114456
36,8,0.05185944586992264
36,9,0.0446845106780529
36,10,0.04128525033593178
36,11,0.0677211731672287
36,12,0.04479911923408508
36,13,0.05870645120739937
36,14,0.04470011591911316
36,15,0.04418967664241791
36,16,0.05745455250144005
36,17,0.0512661375105381
36,18,0.042285047471523285
36,19,0.04373957961797714
36,20,0.04091872647404671
36,21,0.04941929131746292
36,22,0.04636141657829285
36,23,0.05529892072081566
36,24,0.055921487510204315
36,25,0.04220607504248619
36,26,0.04693184792995453
36,27,0.040796734392642975
36,28,0.04766470193862915
36,29,0.04566602036356926
36,30,0.06231781840324402
36,31,0.06878462433815002
36,32,0.05447865277528763
36,33,0.04902446269989014
36,34,0.05364919826388359
36,35,0.06502922624349594
36,36,0.0626194179058075
36,37,0.04771559685468674
36,38,0.048112329095602036
36,39,0.04503921791911125
36,40,0.045443154871463776
36,41,0.04571013152599335
36,42,0.04201916605234146
36,43,0.04588421434164047
36,44,0.051051296293735504
36,45,0.045550387352705
36,46,0.04347710683941841
36,47,0.04299306869506836
36,48,0.04621678590774536
36,49,0.04300312697887421
36,50,0.05465420335531235
36,51,0.04378896206617355
36,52,0.04530967026948929
36,53,0.045477449893951416
36,54,0.046097077429294586
36,55,0.03794533759355545
36,56,0.047302376478910446
36,57,0.052486732602119446
36,58,0.04872597008943558
36,59,0.047021396458148956
36,60,0.04935605078935623
36,61,0.05942392349243164
36,62,0.05171527341008186
36,63,0.05314526706933975
36,64,0.054132990539073944
36,65,0.0471639484167099
36,66,0.044207796454429626
36,67,0.04907018318772316
36,68,0.05603403225541115
36,69,0.045995984226465225
36,70,0.06494113802909851
36,71,0.04857828468084335
36,72,0.04695995897054672
36,73,0.053214043378829956
36,74,0.03819948062300682
36,75,0.04578838497400284
36,76,0.035284772515296936
37,1,0.053334563970565796
37,2,0.06650363653898239
37,3,0.059141937643289566
37,4,0.05738206207752228
37,5,0.043338071554899216
37,6,0.04701051861047745
37,7,0.048303909599781036
37,8,0.057439908385276794
37,9,0.0508638471364975
37,10,0.05019035190343857
37,11,0.047165051102638245
37,12,0.04791778326034546
37,13,0.04714561998844147
37,14,0.0410785898566246
37,15,0.05330223590135574
37,16,0.051383957266807556
37,17,0.04565495252609253
37,18,0.05467347800731659
37,19,0.04230261966586113
37,20,0.04888811707496643
37,21,0.041840024292469025
37,22,0.046506378799676895
37,23,0.05101705342531204
37,24,0.059065576642751694
37,25,0.05172722041606903
37,26,0.044869981706142426
37,27,0.05852154269814491
37,28,0.04744411259889603
37,29,0.047196753323078156
37,30,0.04538594186306
37,31,0.06104500591754913
37,32,0.04502584785223007
37,33,0.04409433901309967
37,34,0.062492650002241135
37,35,0.05952952057123184
37,36,0.048202995210886
37,37,0.04439765587449074
37,38,0.04830218106508255
37,39,0.03963369503617287
37,40,0.05081576853990555
37,41,0.04528062790632248
37,42,0.05161863565444946
37,43,0.04722709208726883
37,44,0.04640072584152222
37,45,0.048213884234428406
37,46,0.04855469614267349
37,47,0.051937535405159
37,48,0.05073528736829758
37,49,0.04351328685879707
37,50,0.0473393015563488
37,51,0.045137304812669754
37,52,0.03652738779783249
37,53,0.04695864021778107
37,54,0.035441555082798004
37,55,0.04538016393780708
37,56,0.04864668846130371
37,57,0.03967847302556038
37,58,0.06369975209236145
37,59,0.04964232072234154
37,60,0.04018806293606758
37,61,0.04001364856958389
37,62,0.0640978217124939
37,63,0.04770025238394737
37,64,0.06083081662654877
37,65,0.05097084119915962
37,66,0.04516050964593887
37,67,0.04476793855428696
37,68,0.044462088495492935
37,69,0.04959958419203758
37,70,0.04010244458913803
37,71,0.04987356811761856
37,72,0.04875052720308304
37,73,0.05176907777786255
37,74,0.04780295491218567
37,75,0.05509746074676514
37,76,0.052306756377220154
38,1,0.04427816718816757
38,2,0.049137555062770844
38,3,0.047827839851379395
38,4,0.05490804463624954
38,5,0.045009441673755646
38,6,0.049918100237846375
38,7,0.051494427025318146
38,8,0.042214181274175644
38,9,0.05710696429014206
38,10,0.044998493045568466
38,11,0.04521015286445618
38,12,0.05602560564875603
38,13,0.05197896435856819
38,14,0.04449653625488281
38,15,0.05143628269433975
38,16,0.0470656156539917
38,17,0.0510539710521698
38,18,0.04980809986591339
38,19,0.04475080966949463
38,20,0.044699497520923615
38,21,0.04706843942403793
38,22,0.041826605796813965
38,23,0.05060594901442528
38,24,0.05677669867873192
38,25,0.04735260084271431
38,26,0.046716056764125824
38,27,0.039740100502967834
38,28,0.057527296245098114
38,29,0.049963273108005524
38,30,0.04187581688165665
38,31,0.04819511994719505
38,32,0.05250132828950882
38,33,0.06104166805744171
38,34,0.04863118752837181
38,35,0.04868413507938385
38,36,0.047937214374542236
38,37,0.05077065899968147
38,38,0.04507659375667572
38,39,0.05463686212897301
38,40,0.04876481741666794
38,41,0.04612909257411957
38,42,0.04284235090017319
38,43,0.046849627047777176
38,44,0.053650956600904465
38,45,0.05068950355052948
38,46,0.04019114375114441
38,47,0.06045975163578987
38,48,0.0625130757689476
38,49,0.04491506516933441
38,50,0.046315260231494904
38,51,0.042374055832624435
38,52,0.04169304296374321
38,53,0.04578185826539993
38,54,0.051393669098615646
38,55,0.04719390720129013
38,56,0.05046088248491287
38,57,0.05431385338306427
38,58,0.03703678399324417
38,59,0.0418165884912014
38,60,0.04535091295838356
38,61,0.04036245122551918
38,62,0.04211249575018883
38,63,0.047181032598018646
38,64,0.05357968062162399
38,65,0.047586649656295776
38,66,0.04770556092262268
38,67,0.04658275842666626
38,68,0.05248552933335304
38,69,0.05202684551477432
38,70,0.05364915356040001
38,71,0.04657227545976639
38,72,0.04719682037830353
38,73,0.04088606312870979
38,74,0.05127166956663132
38,75,0.05000779777765274
38,76,0.0503048300743103
39,1,0.04602948948740959
39,2,0.04457756131887436
39,3,0.04726734757423401
39,4,0.042478352785110474
39,5,0.045431047677993774
39,6,0.04402235150337219
39,7,0.0478740818798542
39,8,0.04261794313788414
39,9,0.038771480321884155
39,10,0.0592537447810173
39,11,0.05387590825557709
39,12,0.05017958581447601
39,13,0.04489409178495407
39,14,0.04967396333813667
39,15,0.04575949162244797
39,16,0.05500606447458267
39,17,0.04288850352168083
39,18,0.04410446435213089
39,19,0.0481073334813118
39,20,0.04512956738471985
39,21,0.04731249436736107
39,22,0.04744444787502289
39,23,0.04790458083152771
39,24,0.05317310988903046
39,25,0.049440767616033554
39,26,0.04274418577551842
39,27,0.03936474397778511
39,28,0.041572801768779755
39,29,0.047695036977529526
39,30,0.04168607294559479
39,31,0.045606426894664764
39,32,0.0466812439262867
39,33,0.04354427382349968
39,34,0.04381958395242691
39,35,0.051930829882621765
39,36,0.03817497938871384
39,37,0.04489564895629883
39,38,0.042792078107595444
39,39,0.048807431012392044
39,40,0.040679965168237686
39,41,0.04227888584136963
39,42,0.03795671463012695
39,43,0.04442661255598068
39,44,0.04872608184814453
39,45,0.047677990049123764
39,46,0.042513616383075714
39,47,0.05701018497347832
39,48,0.04487744718790054
39,49,0.044571537524461746
39,50,0.04022542014718056
39,51,0.05423671007156372
39,52,0.04501679539680481
39,53,0.048681966960430145
39,54,0.04155009984970093
39,55,0.059168294072151184
39,56,0.049083031713962555
39,57,0.05195647478103638
39,58,0.05908559635281563
39,59,0.050914015620946884
39,60,0.038186728954315186
39,61,0.044515907764434814
39,62,0.07331773638725281
39,63,0.06078445911407471
39,64,0.04918774217367172
39,65,0.04523981362581253
39,66,0.041680119931697845
39,67,0.047416798770427704
39,68,0.04188358783721924
39,69,0.04777756705880165
39,70,0.05156306177377701
39,71,0.05146750435233116
39,72,0.04371368885040283
39,73,0.04908910021185875
39,74,0.05456028878688812
39,75,0.04289336875081062
39,76,0.05350920185446739
40,1,0.050859373062849045
40,2,0.0498582199215889
40,3,0.045628372579813004
40,4,0.04417889565229416
40,5,0.04526705667376518
40,6,0.042562030255794525
40,7,0.042697723954916
40,8,0.041880298405885696
40,9,0.04501666873693466
40,10,0.05339202284812927
40,11,0.05039038881659508
40,12,0.041242003440856934
40,13,0.04807848483324051
40,14,0.046776190400123596
40,15,0.03783465176820755
40,16,0.04990532994270325
40,17,0.04667140543460846
40,18,0.04359951242804527
40,19,0.04064040631055832
40,20,0.051223330199718475
40,21,0.04931044578552246
40,22,0.04067450016736984
40,23,0.045131832361221313
40,24,0.043425872921943665
40,25,0.03941374272108078
40,26,0.0405060276389122
40,27,0.042971134185791016
40,28,0.04513872042298317
40,29,0.047173015773296356
40,30,0.048474524170160294
40,31,0.05586928129196167
40,32,0.03987869620323181
40,33,0.046470124274492264
40,34,0.04974561557173729
40,35,0.04070284217596054
40,36,0.04281220585107803
40,37,0.05022960528731346
40,38,0.04470597207546234
40,39,0.05335942655801773
40,40,0.04556959122419357
40,41,0.04397454485297203
40,42,0.057628244161605835
40,43,0.0418044738471508
40,44,0.04447519779205322
40,45,0.03843323513865471
40,46,0.057994402945041656
40,47,0.04257204383611679
40,48,0.05634631589055061
40,49,0.047203972935676575
40,50,0.045422062277793884
40,51,0.04721204936504364
40,52,0.04327470064163208
40,53,0.043087415397167206
40,54,0.037235163152217865
40,55,0.05400487035512924
40,56,0.047436583787202835
40,57,0.04314254969358444
40,58,0.04723441228270531
40,59,0.04856598377227783
40,60,0.046301305294036865
40,61,0.046274974942207336
40,62,0.04112889990210533
40,63,0.05354771763086319
40,64,0.05996868386864662
40,65,0.044251345098018646
40,66,0.04373727738857269
40,67,0.03936789184808731
40,68,0.04953603446483612
40,69,0.05080629140138626
40,70,0.05764047056436539
40,71,0.05116374045610428
40,72,0.03963100165128708
40,73,0.04011169821023941
40,74,0.041051097214221954
40,75,0.04496508836746216
40,76,0.046127334237098694
41,1,0.05028931796550751
41,2,0.041991785168647766
41,3,0.04145690053701401
41,4,0.041513461619615555
41,5,0.055637408047914505
41,6,0.038940172642469406
41,7,0.04257259517908096
41,8,0.05252295359969139
41,9,0.044329218566417694
41,10,0.047268982976675034
41,11,0.0459013506770134
41,12,0.05372697487473488
41,13,0.04093896225094795
41,14,0.04692293331027031
41,15,0.04577828198671341
41,16,0.05403955280780792
41,17,0.04816000163555145
41,18,0.04214075580239296
41,19,0.052429910749197006
41,20,0.04592842236161232
41,21,0.06305348128080368
41,22,0.0417606458067894
41,23,0.04746680334210396
41,24,0.04808548837900162
41,25,0.04652132838964462
41,26,0.05304299294948578
41,27,0.04246988147497177
41,28,0.045427680015563965
41,29,0.04975190758705139
41,30,0.051185525953769684
41,31,0.04446730762720108
41,32,0.039232928305864334
41,33,0.04374702274799347
41,34,0.04527163878083229
41,35,0.05552305281162262
41,36,0.049426086246967316
41,37,0.04561837762594223
41,38,0.049991995096206665
41,39,0.043282024562358856
41,40,0.0495193749666214
41,41,0.06074386090040207
41,42,0.04535166546702385
41,43,0.043189212679862976
41,44,0.04223845899105072
41,45,0.04468359798192978
41,46,0.04528401792049408
41,47,0.043202146887779236
41,48,0.04814793914556503
41,49,0.05704209953546524
41,50,0.04754713177680969
41,51,0.04973693564534187
41,52,0.04808724299073219
41,53,0.039676256477832794
41,54,0.04726063087582588
41,55,0.0473199263215065
41,56,0.040064387023448944
41,57,0.03903258591890335
41,58,0.04595934599637985
41,59,0.055613141506910324
41,60,0.04151967912912369
41,61,0.048507027328014374
41,62,0.050503600388765335
41,63,0.04670756310224533
41,64,0.04369240626692772
41,65,0.042778611183166504
41,66,0.046265117824077606
41,67,0.04697532579302788
41,68,0.04795597493648529
41,69,0.050233144313097
41,70,0.04233080521225929
41,71,0.045928798615932465
41,72,0.04746809974312782
41,73,0.0464896634221077
41,74,0.04191904515028
41,75,0.04092901200056076
41,76,0.0505269356071949
42,1,0.044203516095876694
42,2,0.046299293637275696
42,3,0.04555201530456543
42,4,0.04894234985113144
42,5,0.04228606075048447
42,6,0.04081884026527405
42,7,0.05659901723265648
42,8,0.04492906481027603
42,9,0.04976850003004074
42,10,0.03923317417502403
42,11,0.0424371175467968
42,12,0.04201650619506836
42,13,0.0430351085960865
42,14,0.04342001676559448
42,15,0.0487012043595314
42,16,0.042661458253860474
42,17,0.03903187811374664
42,18,0.04114782437682152
42,19,0.03967766463756561
42,20,0.04587776958942413
42,21,0.044120125472545624
42,22,0.04118210822343826
42,23,0.04992668703198433
42,24,0.04178587719798088
42,25,0.04203924909234047
42,26,0.04604640603065491
42,27,0.0438588410615921
42,28,0.049302902072668076
42,29,0.04522617161273956
42,30,0.048539429903030396
42,31,0.04943082481622696
42,32,0.04167155921459198
42,33,0.03949242830276489
42,34,0.04123694449663162
42,35,0.04930167645215988
42,36,0.03610364347696304
42,37,0.04214048013091087
42,38,0.04473087191581726
42,39,0.053239718079566956
42,40,0.05620972067117691
42,41,0.04664970934391022
42,42,0.04712191969156265
42,43,0.03746659308671951
42,44,0.04045940190553665
42,45,0.04829388111829758
42,46,0.03847683221101761
42,47,0.03795576095581055
42,48,0.053563691675662994
42,49,0.04139822721481323
42,50,0.046051353216171265
42,51,0.03865189850330353
42,52,0.0503995344042778
42,53,0.04363464564085007
42,54,0.0454687736928463
42,55,0.045963577926158905
42,56,0.059078723192214966
42,57,0.04523874446749687
42,58,0.042752720415592194
42,59,0.05283486098051071
42,60,0.05198386311531067
42,61,0.04045814275741577
42,62,0.04655598849058151
42,63,0.05631590262055397
42,64,0.04680177569389343
42,65,0.04443947225809097
42,66,0.0485696867108345
42,67,0.052965059876441956
42,68,0.04885365813970566
42,69,0.0526583194732666
42,70,0.04254867881536484
42,71,0.048597853630781174
42,72,0.039524469524621964
42,73,0.04357970133423805
42,74,0.04310312494635582
42,75,0.04974181577563286
42,76,0.047895222902297974
43,1,0.046512432396411896
43,2,0.04618321731686592
43,3,0.050671521574258804
43,4,0.04521786421537399
43,5,0.04305226355791092
43,6,0.04763258248567581
43,7,0.046865832060575485
43,8,0.0449259951710701
43,9,0.04448896646499634
43,10,0.05533958971500397
43,11,0.04467591643333435
43,12,0.04425450414419174
43,13,0.04470643773674965
43,14,0.04634693264961243
43,15,0.04869437217712402
43,16,0.04991874843835831
43,17,0.052917517721652985
43,18,0.059928134083747864
43,19,0.04765547811985016
43,20,0.047175001353025436
43,21,0.043029673397541046
43,22,0.043599121272563934
43,23,0.05008042976260185
43,24,0.044717974960803986
43,25,0.04059005528688431
43,26,0.04998837411403656
43,27,0.044448792934417725
43,28,0.04708990082144737
43,29,0.051163796335458755
43,30,0.04282481223344803
43,31,0.04995912313461304
43,32,0.04426451772451401
43,33,0.04628259688615799
43,34,0.04476530849933624
43,35,0.03434967249631882
43,36,0.042367253452539444
43,37,0.04071903973817825
43,38,0.04843532666563988
43,39,0.04628940671682358
43,40,0.05431652069091797
43,41,0.04802820086479187
43,42,0.04525436460971832
43,43,0.05374457314610481
43,44,0.05797060951590538
43,45,0.0425100177526474
43,46,0.04911550506949425
43,47,0.048184834420681
43,48,0.04282444715499878
43,49,0.04660579562187195
43,50,0.04357960820198059
43,51,0.044425878673791885
43,52,0.042711831629276276
43,53,0.044333331286907196
43,54,0.0391421914100647
43,55,0.04977093264460564
43,56,0.042769905179739
43,57,0.049518391489982605
43,58,0.04390094429254532
43,59,0.04219584912061691
43,60,0.04045296460390091
43,61,0.047527458518743515
43,62,0.057846635580062866
43,63,0.045334331691265106
43,64,0.036286361515522
43,65,0.04055102542042732
43,66,0.04399456828832626
43,67,0.0484883189201355
43,68,0.051193978637456894
43,69,0.04653756320476532
43,70,0.04339953511953354
43,71,0.041320350021123886
43,72,0.05112800747156143
43,73,0.05004763603210449
43,74,0.05828998610377312
43,75,0.03672298416495323
43,76,0.04484030604362488
44,1,0.05022142827510834
44,2,0.0415387786924839
44,3,0.05032225698232651
44,4,0.04842303320765495
44,5,0.04789638891816139
44,6,0.057043373584747314
44,7,0.04370366781949997
44,8,0.0458289310336113
44,9,0.039392679929733276
44,10,0.04398992657661438
44,11,0.05363611504435539
44,12,0.049683671444654465
44,13,0.044246185570955276
44,14,0.04829486459493637
44,15,0.0470244325697422
44,16,0.04711839556694031
44,17,0.04406148940324783
44,18,0.04026322811841965
44,19,0.045575100928545
44,20,0.04424276202917099
44,21,0.04319441691040993
44,22,0.04296610504388809
44,23,0.048881445080041885
44,24,0.04253530874848366
44,25,0.04869631677865982
44,26,0.044696465134620667
44,27,0.04271829128265381
44,28,0.054465532302856445
44,29,0.042079586535692215
44,30,0.05375508591532707
44,31,0.04642581194639206
44,32,0.0506478026509285
44,33,0.04698142409324646
44,34,0.048816703259944916
44,35,0.0433388352394104
44,36,0.051191121339797974
44,37,0.04455100744962692
44,38,0.04570018872618675
44,39,0.04621134698390961
44,40,0.06458859890699387
44,41,0.044863246381282806
44,42,0.042141392827034
44,43,0.05255119502544403
44,44,0.04482147842645645
44,45,0.05362335965037346
44,46,0.04758724570274353
44,47,0.04266330227255821
44,48,0.044799789786338806
44,49,0.051369406282901764
44,50,0.0449906662106514
44,51,0.05044069141149521
44,52,0.043904732912778854
44,53,0.04533658176660538
44,54,0.052404388785362244
44,55,0.046295166015625
44,56,0.04771944135427475
44,57,0.03995464742183685
44,58,0.04217355698347092
44,59,0.03917880356311798
44,60,0.042829982936382294
44,61,0.04456186294555664
44,62,0.04724065214395523
44,63,0.04320019111037254
44,64,0.046462513506412506
44,65,0.04208295792341232
44,66,0.04871821403503418
44,67,0.04680876433849335
44,68,0.03913049027323723
44,69,0.04326310753822327
44,70,0.04184863716363907
44,71,0.042585551738739014
44,72,0.04717608913779259
44,73,0.04500574618577957
44,74,0.04163850471377373
44,75,0.04757091403007507
44,76,0.044593989849090576
45,1,0.048613667488098145
45,2,0.04000476002693176
45,3,0.04215608537197113
45,4,0.05387187376618385
45,5,0.04504645988345146
45,6,0.050980471074581146
45,7,0.04370630532503128
45,8,0.03450305759906769
45,9,0.0508829802274704
45,10,0.05830924212932587
45,11,0.04953275993466377
45,12,0.056590527296066284
45,13,0.05312521755695343
45,14,0.04356846958398819
45,15,0.04344736412167549
45,16,0.03987828269600868
45,17,0.05310053750872612
45,18,0.04107707366347313
45,19,0.04451252147555351
45,20,0.04908616095781326
45,21,0.04407253861427307
45,22,0.04845277965068817
45,23,0.055633723735809326
45,24,0.047614842653274536
45,25,0.05658029019832611
45,26,0.04590419679880142
45,27,0.043791670352220535
45,28,0.04856055974960327
45,29,0.04188188537955284
45,30,0.04660968482494354
45,31,0.0503777340054512
45,32,0.04533367604017258
45,33,0.05314766615629196
45,34,0.0392063707113266
45,35,0.04840044677257538
45,36,0.04767753183841705
45,37,0.048468880355358124
45,38,0.04661301523447037
45,39,0.053608573973178864
45,40,0.04533839225769043
45,41,0.04748140275478363
45,42,0.04609733074903488
45,43,0.04586149379611015
45,44,0.04604078829288483
45,45,0.0502997487783432
45,46,0.04430007562041283
45,47,0.04301568120718002
45,48,0.050030168145895004
45,49,0.04371355101466179
45,50,0.0470108687877655
45,51,0.0476943776011467
45,52,0.042272552847862244
45,53,0.039329931139945984
45,54,0.05041556432843208
45,55,0.04352264106273651
45,56,0.04359469562768936
45,57,0.03779561072587967
45,58,0.06453705579042435
45,59,0.03795105591416359
45,60,0.04582156613469124
45,61,0.045221805572509766
45,62,0.03697209060192108
45,63,0.04581746459007263
45,64,0.039858296513557434
45,65,0.044215127825737
45,66,0.043363817036151886
45,67,0.04410833865404129
45,68,0.04500482976436615
45,69,0.03977600485086441
45,70,0.040910717099905014
45,71,0.045359157025814056
45,72,0.037101030349731445
45,73,0.048096176236867905
45,74,0.049736082553863525
45,75,0.043260082602500916
45,76,0.047089241445064545
46,1,0.0437377393245697
46,2,0.04321334511041641
46,3,0.04470589756965637
46,4,0.0428304560482502
46,5,0.04394478350877762
46,6,0.044574230909347534
46,7,0.04648720100522041
46,8,0.046032510697841644
46,9,0.040981441736221313
46,10,0.05089070647954941
46,11,0.03960447013378143
46,12,0.04047667607665062
46,13,0.04089703783392906
46,14,0.04130038619041443
46,15,0.043839674443006516
46,16,0.0373404435813427
46,17,0.04529045522212982
46,18,0.053619712591171265
46,19,0.04207376763224602
46,20,0.04796397313475609
46,21,0.054163068532943726
46,22,0.039365530014038086
46,23,0.041133515536785126
46,24,0.04384443908929825
46,25,0.05327531695365906
46,26,0.03649856895208359
46,27,0.048283569514751434
46,28,0.04453752934932709
46,29,0.04568908363580704
46,30,0.04597528651356697
46,31,0.042869098484516144
46,32,0.03666573390364647
46,33,0.0445130318403244
46,34,0.04792529717087746
46,35,0.040548887103796005
46,36,0.045460931956768036
46,37,0.04092152416706085
46,38,0.043042298406362534
46,39,0.037120431661605835
46,40,0.05029156804084778
46,41,0.0441875085234642
46,42,0.04093432426452637
46,43,0.044783011078834534
46,44,0.04980914667248726
46,45,0.04599258676171303
46,46,0.04020001366734505
46,47,0.04400549456477165
46,48,0.051701709628105164
46,49,0.05840815231204033
46,50,0.046926937997341156
46,51,0.04293663799762726
46,52,0.040425971150398254
46,53,0.04256214201450348
46,54,0.04320725426077843
46,55,0.04570430517196655
46,56,0.04752541333436966
46,57,0.0402330681681633
46,58,0.043605148792266846
46,59,0.04032052308320999
46,60,0.052556902170181274
46,61,0.03981626406311989
46,62,0.04575054347515106
46,63,0.04239572584629059
46,64,0.04655376821756363
46,65,0.04098805412650108
46,66,0.04651898518204689
46,67,0.03904588520526886
46,68,0.04250841215252876
46,69,0.047201864421367645
46,70,0.055166713893413544
46,71,0.04480475187301636
46,72,0.03548769652843475
46,73,0.05760342627763748
46,74,0.04276357591152191
46,75,0.04838034138083458
46,76,0.036127232015132904
47,1,0.051297564059495926
47,2,0.04373820126056671
47,3,0.04522090405225754
47,4,0.04361365735530853
47,5,0.04895564168691635
47,6,0.048150088638067245
47,7,0.04456682503223419
47,8,0.052942030131816864
47,9,0.04137062653899193
47,10,0.048464979976415634
47,11,0.05293656885623932
47,12,0.04779834672808647
47,13,0.04857420176267624
47,14,0.04803478717803955
47,15,0.05132246017456055
47,16,0.04515811800956726
47,17,0.04230893775820732
47,18,0.03940105438232422
47,19,0.042885467410087585
47,20,0.04194435477256775
47,21,0.04802592471241951
47,22,0.04271794110536575
47,23,0.040174007415771484
47,24,0.0529206357896328
47,25,0.05099429190158844
47,26,0.046088531613349915
47,27,0.04555075243115425
47,28,0.04685146361589432
47,29,0.04862770438194275
47,30,0.04514312371611595
47,31,0.045092083513736725
47,32,0.04937916249036789
47,33,0.04417471960186958
47,34,0.04691654443740845
47,35,0.04683075100183487
47,36,0.047967005521059036
47,37,0.03599455952644348
47,38,0.04043698310852051
47,39,0.04131145402789116
47,40,0.0629020631313324
47,41,0.04656674712896347
47,42,0.0440809428691864
47,43,0.04401960223913193
47,44,0.04750334471464157
47,45,0.038852035999298096
47,46,0.037981994450092316
47,47,0.042560551315546036
47,48,0.04342098534107208
47,49,0.0518043115735054
47,50,0.045240990817546844
47,51,0.04416021332144737
47,52,0.04786502197384834
47,53,0.07284019887447357
47,54,0.03770064190030098
47,55,0.05023886263370514
47,56,0.05193024128675461
47,57,0.043976690620183945
47,58,0.04081757366657257
47,59,0.041982248425483704
47,60,0.03848616033792496
47,61,0.04409283399581909
47,62,0.04506628215312958
47,63,0.04452158510684967
47,64,0.04412415623664856
47,65,0.04434740170836449
47,66,0.04105643555521965
47,67,0.048104725778102875
47,68,0.04591505974531174
47,69,0.0460023395717144
47,70,0.03805568814277649
47,71,0.041236527264118195
47,72,0.0484723225235939
47,73,0.0419217124581337
47,74,0.04049687087535858
47,75,0.045219309628009796
47,76,0.03935910761356354
48,1,0.04264635965228081
48,2,0.040210824459791183
48,3,0.04612240195274353
48,4,0.04916229099035263
48,5,0.04877437651157379
48,6,0.04300744831562042
48,7,0.040892332792282104
48,8,0.04799221456050873
48,9,0.05257110670208931
48,10,0.044326141476631165
48,11,0.05721331387758255
48,12,0.04553064703941345
48,13,0.04530269652605057
48,14,0.040286287665367126
48,15,0.04471911862492561
48,16,0.044193752110004425
48,17,0.0506465919315815
48,18,0.05036333575844765
48,19,0.04656005650758743
48,20,0.06170257180929184
48,21,0.04138685762882233
48,22,0.04893463850021362
48,23,0.045409806072711945
48,24,0.04010356217622757
48,25,0.0482645258307457
48,26,0.053592801094055176
48,27,0.05051290988922119
48,28,0.0403413325548172
48,29,0.04227243363857269
48,30,0.036669157445430756
48,31,0.0411829948425293
48,32,0.03850177675485611
48,33,0.05039198696613312
48,34,0.041814789175987244
48,35,0.04824192821979523
48,36,0.043668121099472046
48,37,0.039528027176856995
48,38,0.0471368134021759
48,39,0.045427992939949036
48,40,0.050481829792261124
48,41,0.04539458826184273
48,42,0.0502602718770504
48,43,0.04782258719205856
48,44,0.04995023086667061
48,45,0.03965836018323898
48,46,0.042895518243312836
48,47,0.04289182648062706
48,48,0.04897626116871834
48,49,0.0374283641576767
48,50,0.042480096220970154
48,51,0.04839928448200226
48,52,0.04661153629422188
48,53,0.049229301512241364
48,54,0.045470356941223145
48,55,0.03987683728337288
48,56,0.040172576904296875
48,57,0.04541945457458496
48,58,0.0450938418507576
48,59,0.04449334740638733
48,60,0.0442797876894474
48,61,0.04579049348831177
48,62,0.03403131291270256
48,63,0.03951535373926163
48,64,0.03928779810667038
48,65,0.04471992701292038
48,66,0.04038183391094208
48,67,0.04690902307629585
48,68,0.0460793599486351
48,69,0.04650190472602844
48,70,0.04428577795624733
48,71,0.04578757286071777
48,72,0.045498523861169815
48,73,0.04727721959352493
48,74,0.04521134868264198
48,75,0.041347749531269073
48,76,0.054816730320453644
49,1,0.04982630908489227
49,2,0.045217059552669525
49,3,0.0492330938577652
49,4,0.03971622884273529
49,5,0.046972036361694336
49,6,0.043863650411367416
49,7,0.03865620493888855
49,8,0.04069633409380913
49,9,0.0398525595664978
49,10,0.04122615605592728
49,11,0.04730173945426941
49,12,0.04220730438828468
49,13,0.03557134047150612
49,14,0.046161115169525146
49,15,0.03954669088125229
49,16,0.039295487105846405
49,17,0.041944608092308044
49,18,0.0404781848192215
49,19,0.046235717833042145
49,20,0.03849642351269722
49,21,0.05185868591070175
49,22,0.040680378675460815
49,23,0.04939267039299011
49,24,0.04285569489002228
49,25,0.05094163864850998
49,26,0.04854010418057442
49,27,0.04270140081644058
49,28,0.04136564955115318
49,29,0.0459493063390255
49,30,0.04686693847179413
49,31,0.0409073606133461
49,32,0.04431099444627762
49,33,0.03653552755713463
49,34,0.046089913696050644
49,35,0.043894216418266296
49,36,0.048166949301958084
49,37,0.045609861612319946
49,38,0.03991558402776718
49,39,0.051569174975156784
49,40,0.03854883462190628
49,41,0.03944506496191025
49,42,0.04481125995516777
49,43,0.05179496482014656
49,44,0.04570870101451874
49,45,0.054941847920417786
49,46,0.03474856913089752
49,47,0.04340803995728493
49,48,0.0419011116027832
49,49,0.04011765867471695
49,50,0.0392739400267601
49,51,0.05729052424430847
49,52,0.03647177293896675
49,53,0.04270385205745697
49,54,0.039938490837812424
49,55,0.03875173255801201
49,56,0.04620771110057831
49,57,0.04895344004034996
49,58,0.039034776389598846
49,59,0.04198141768574715
49,60,0.03546646609902382
49,61,0.04809598997235298
49,62,0.04576285928487778
49,63,0.04544461518526077
49,64,0.04020049795508385
49,65,0.05036406219005585
49,66,0.046369682997465134
49,67,0.04410994425415993
49,68,0.03866764158010483
49,69,0.04638221859931946
49,70,0.051311954855918884
49,71,0.0552816167473793
49,72,0.04184513911604881
49,73,0.04384949803352356
49,74,0.04582282900810242
49,75,0.04460400342941284
49,76,0.04940751940011978
50,1,0.04246434569358826
50,2,0.0455913245677948
50,3,0.044013187289237976
50,4,0.05132831633090973
50,5,0.04325731471180916
50,6,0.04631751775741577
50,7,0.04733972251415253
50,8,0.040538519620895386
50,9,0.03706914931535721
50,10,0.038686126470565796
50,11,0.05129911005496979
50,12,0.040295831859111786
50,13,0.047090157866477966
50,14,0.04320216923952103
50,15,0.04750167578458786
50,16,0.04048294574022293
50,17,0.042843252420425415
50,18,0.0450725331902504
50,19,0.046396654099226
50,20,0.0488215908408165
50,21,0.03880777955055237
50,22,0.03778398782014847
50,23,0.04306667670607567
50,24,0.04751068353652954
50,25,0.04681922122836113
50,26,0.04075963422656059
50,27,0.04311320558190346
50,28,0.03971150144934654
50,29,0.05159585922956467
50,30,0.03980652242898941
50,31,0.049936577677726746
50,32,0.048321813344955444
50,33,0.04177544265985489
50,34,0.04113420844078064
50,35,0.05185541883111
50,36,0.04199903458356857
50,37,0.03999963030219078
50,38,0.03545575216412544
50,39,0.05422530323266983
50,40,0.04516840726137161
50,41,0.038136065006256104
50,42,0.041079163551330566
50,43,0.04141288995742798
50,44,0.04177989810705185
50,45,0.043348152190446854
50,46,0.045989736914634705
50,47,0.03840424120426178
50,48,0.04699815809726715
50,49,0.04692903906106949
50,50,0.04484675079584122
50,51,0.04447746276855469
50,52,0.05515838414430618
50,53,0.046953216195106506
50,54,0.043214038014411926
50,55,0.045414358377456665
50,56,0.03420500457286835
50,57,0.037816956639289856
50,58,0.040637243539094925
50,59,0.041472990065813065
50,60,0.040440820157527924
50,61,0.04785174876451492
50,62,0.048383887857198715
50,63,0.039946187287569046
50,64,0.04276784509420395
50,65,0.06697973608970642
50,66,0.043895311653614044
50,67,0.04288704693317413
50,68,0.03737478703260422
50,69,0.04738381877541542
50,70,0.03813145309686661
50,71,0.04517356678843498
50,72,0.04735960066318512
50,73,0.04381569102406502
50,74,0.04088541865348816
50,75,0.041393063962459564
50,76,0.04584255814552307
