epoch,step,loss
1,1,1.3129549026489258
1,2,1.286664605140686
1,3,1.2770198583602905
1,4,1.2637999057769775
1,5,1.2486968040466309
1,6,1.23689866065979
1,7,1.2277402877807617
1,8,1.2254528999328613
1,9,1.2080647945404053
1,10,1.1955089569091797
1,11,1.1948256492614746
1,12,1.1832853555679321
1,13,1.1759161949157715
1,14,1.1585612297058105
1,15,1.143277883529663
1,16,1.142521619796753
1,17,1.1272656917572021
1,18,1.120148777961731
1,19,1.115356683731079
1,20,1.1009504795074463
1,21,1.0896313190460205
1,22,1.0861260890960693
1,23,1.0740938186645508
1,24,1.0656726360321045
1,25,1.0562244653701782
1,26,1.0517067909240723
1,27,1.0471765995025635
1,28,1.0342988967895508
2,1,1.0286346673965454
2,2,1.016762375831604
2,3,1.0136810541152954
2,4,1.0059585571289062
2,5,1.0028026103973389
2,6,0.9968409538269043
2,7,0.983799934387207
2,8,0.984418511390686
2,9,0.9759898781776428
2,10,0.9764841794967651
2,11,0.9716144800186157
2,12,0.9686136245727539
2,13,0.9630107879638672
2,14,0.9538670778274536
2,15,0.9510669112205505
2,16,0.9475693702697754
2,17,0.9525474309921265
2,18,0.936379075050354
2,19,0.9387772083282471
2,20,0.939277172088623
2,21,0.9346134662628174
2,22,0.9207944273948669
2,23,0.9202817678451538
2,24,0.9185901880264282
2,25,0.910498857498169
2,26,0.9114197492599487
2,27,0.9045835733413696
3,1,0.8929715156555176
3,2,0.8997979760169983
3,3,0.8915250301361084
3,4,0.8903017044067383
3,5,0.8866432905197144
3,6,0.8944107890129089
3,7,0.8865463733673096
3,8,0.8803913593292236
3,9,0.8858203291893005
3,10,0.874536395072937
3,11,0.8694993257522583
3,12,0.8858302235603333
3,13,0.8626577854156494
3,14,0.8604063391685486
3,15,0.8461000919342041
3,16,0.86117023229599
3,17,0.8652831315994263
3,18,0.8369206190109253
3,19,0.8685880899429321
3,20,0.8488373160362244
3,21,0.8552841544151306
3,22,0.8356019258499146
3,23,0.832237720489502
3,24,0.8538652062416077
3,25,0.8356615304946899
3,26,0.8155485391616821
3,27,0.8249545097351074
4,1,0.8454329967498779
4,2,0.8328397870063782
4,3,0.8259447813034058
4,4,0.8473861217498779
4,5,0.8088364601135254
4,6,0.8123194575309753
4,7,0.8056204915046692
4,8,0.8049196600914001
4,9,0.8244765400886536
4,10,0.8062342405319214
4,11,0.8045381307601929
4,12,0.8107204437255859
4,13,0.8098292350769043
4,14,0.8078896999359131
4,15,0.8006689548492432
4,16,0.794579029083252
4,17,0.805558443069458
4,18,0.787556529045105
4,19,0.7978068590164185
4,20,0.7883110642433167
4,21,0.795913577079773
4,22,0.78709876537323
4,23,0.777169406414032
4,24,0.7709241509437561
4,25,0.7766997814178467
4,26,0.7749732732772827
4,27,0.7785065174102783
5,1,0.7886781096458435
5,2,0.7792911529541016
5,3,0.7863234281539917
5,4,0.7668484449386597
5,5,0.7755323052406311
5,6,0.7644882798194885
5,7,0.77247554063797
5,8,0.7674170732498169
5,9,0.7585315108299255
5,10,0.7742370367050171
5,11,0.7533190250396729
5,12,0.7709438800811768
5,13,0.763735830783844
5,14,0.7674368619918823
5,15,0.7747712135314941
5,16,0.778866171836853
5,17,0.7634744048118591
5,18,0.7621029615402222
5,19,0.7610728740692139
5,20,0.7646821737289429
5,21,0.7504104971885681
5,22,0.7438528537750244
5,23,0.749963641166687
5,24,0.7443193197250366
5,25,0.7477579712867737
5,26,0.7331323027610779
5,27,0.7408801317214966
6,1,0.7368810176849365
6,2,0.7478467226028442
6,3,0.7386215925216675
6,4,0.7401849031448364
6,5,0.7251580953598022
6,6,0.7195894718170166
6,7,0.7211524248123169
6,8,0.7474973201751709
6,9,0.7446588277816772
6,10,0.7266523838043213
6,11,0.7315045595169067
6,12,0.7181271910667419
6,13,0.7299265265464783
6,14,0.7112411260604858
6,15,0.7197176218032837
6,16,0.7249605655670166
6,17,0.7190502882003784
6,18,0.7330285906791687
6,19,0.7101240754127502
6,20,0.7187566161155701
6,21,0.7124955654144287
6,22,0.7099575996398926
6,23,0.713080883026123
6,24,0.7121385335922241
6,25,0.7095348834991455
6,26,0.6946730613708496
6,27,0.7015081644058228
7,1,0.7002712488174438
7,2,0.7074041366577148
7,3,0.6989855170249939
7,4,0.6984449028968811
7,5,0.7076601982116699
7,6,0.6970921754837036
7,7,0.6915168762207031
7,8,0.6878857612609863
7,9,0.6844721436500549
7,10,0.6922887563705444
7,11,0.6884639263153076
7,12,0.6972274780273438
7,13,0.6993169784545898
7,14,0.6864442825317383
7,15,0.6831464171409607
7,16,0.6862525343894958
7,17,0.692087709903717
7,18,0.676969051361084
7,19,0.6670095920562744
7,20,0.6799978017807007
7,21,0.6948230266571045
7,22,0.6781789660453796
7,23,0.6898145079612732
7,24,0.6848198771476746
7,25,0.6888934373855591
7,26,0.6796895265579224
7,27,0.6602292656898499
8,1,0.6726559400558472
8,2,0.6654264330863953
8,3,0.6669043302536011
8,4,0.6661103963851929
8,5,0.6503671407699585
8,6,0.667817234992981
8,7,0.6650090217590332
8,8,0.6720333099365234
8,9,0.6623306274414062
8,10,0.6632710099220276
8,11,0.6636633276939392
8,12,0.6562705636024475
8,13,0.6530635356903076
8,14,0.6632362604141235
8,15,0.6661566495895386
8,16,0.6641167998313904
8,17,0.6497842073440552
8,18,0.6537230610847473
8,19,0.6571047902107239
8,20,0.6582037210464478
8,21,0.6570827960968018
8,22,0.6450396180152893
8,23,0.652199387550354
8,24,0.6422993540763855
8,25,0.638299822807312
8,26,0.6443168520927429
8,27,0.6292039155960083
9,1,0.6428259611129761
9,2,0.6376804113388062
9,3,0.6338781118392944
9,4,0.628365159034729
9,5,0.6404533386230469
9,6,0.6359291076660156
9,7,0.6469869613647461
9,8,0.6371749043464661
9,9,0.6273455619812012
9,10,0.6489188075065613
9,11,0.6288681030273438
9,12,0.6159288883209229
9,13,0.6222640872001648
9,14,0.6313201785087585
9,15,0.6272783875465393
9,16,0.6136809587478638
9,17,0.6217783689498901
9,18,0.6189720630645752
9,19,0.6138079166412354
9,20,0.6230003833770752
9,21,0.6373977661132812
9,22,0.6264467835426331
9,23,0.6305654048919678
9,24,0.6132203340530396
9,25,0.6124974489212036
9,26,0.610323965549469
9,27,0.6241171360015869
10,1,0.6189334988594055
10,2,0.6138772964477539
10,3,0.611289381980896
10,4,0.6081278324127197
10,5,0.6026884317398071
10,6,0.6102523803710938
10,7,0.5958555936813354
10,8,0.6030945777893066
10,9,0.6022776365280151
10,10,0.5989875197410583
10,11,0.6038203239440918
10,12,0.5931424498558044
10,13,0.5935816764831543
10,14,0.6029704809188843
10,15,0.6065981984138489
10,16,0.5901832580566406
10,17,0.6057042479515076
10,18,0.592707633972168
10,19,0.5926622748374939
10,20,0.5974490642547607
10,21,0.5990095138549805
10,22,0.5886095762252808
10,23,0.5733816027641296
10,24,0.6005951166152954
10,25,0.5938798785209656
10,26,0.5859075784683228
10,27,0.5847703814506531
11,1,0.5815061330795288
11,2,0.5804364085197449
11,3,0.5722686052322388
11,4,0.5790450572967529
11,5,0.5747178196907043
11,6,0.5717482566833496
11,7,0.5821876525878906
11,8,0.5779573321342468
11,9,0.5715467929840088
11,10,0.5768738985061646
11,11,0.5826184749603271
11,12,0.5670099258422852
11,13,0.5736469626426697
11,14,0.5660973191261292
11,15,0.5609229803085327
11,16,0.5698149800300598
11,17,0.571620523929596
11,18,0.5682141184806824
11,19,0.5751062035560608
11,20,0.5773820877075195
11,21,0.5587241053581238
11,22,0.5699687004089355
11,23,0.5694606304168701
11,24,0.5617204904556274
11,25,0.5600214004516602
11,26,0.570902407169342
11,27,0.5518748760223389
12,1,0.5652107000350952
12,2,0.5684827566146851
12,3,0.5549445152282715
12,4,0.5554533004760742
12,5,0.5610958337783813
12,6,0.5514997243881226
12,7,0.5488003492355347
12,8,0.5429179668426514
12,9,0.5532273054122925
12,10,0.5565203428268433
12,11,0.5527405142784119
12,12,0.543516218662262
12,13,0.54850172996521
12,14,0.5512450337409973
12,15,0.5533121824264526
12,16,0.5531080961227417
12,17,0.5550937652587891
12,18,0.5453804135322571
12,19,0.545445442199707
12,20,0.5315170288085938
12,21,0.5289031267166138
12,22,0.5384379029273987
12,23,0.5497069954872131
12,24,0.5361002683639526
12,25,0.5324831008911133
12,26,0.5493226051330566
12,27,0.5301946401596069
13,1,0.5530122518539429
13,2,0.5322168469429016
13,3,0.5342962741851807
13,4,0.5348834991455078
13,5,0.5294636487960815
13,6,0.5221231579780579
13,7,0.535912275314331
13,8,0.5288450121879578
13,9,0.5170466899871826
13,10,0.5237253904342651
13,11,0.528963565826416
13,12,0.5259568691253662
13,13,0.5255053043365479
13,14,0.5339215397834778
13,15,0.5347239971160889
13,16,0.5125728845596313
13,17,0.5210959911346436
13,18,0.5136746168136597
13,19,0.5170858502388
13,20,0.537582516670227
13,21,0.5171225070953369
13,22,0.5217082500457764
13,23,0.5093039274215698
13,24,0.5252549052238464
13,25,0.5138232707977295
13,26,0.5124815106391907
13,27,0.4984276294708252
14,1,0.5133402943611145
14,2,0.5163434147834778
14,3,0.5215035676956177
14,4,0.5161302089691162
14,5,0.5157727003097534
14,6,0.5086509585380554
14,7,0.507693350315094
14,8,0.5113705396652222
14,9,0.5045297741889954
14,10,0.502126157283783
14,11,0.49589574337005615
14,12,0.5144162178039551
14,13,0.518554151058197
14,14,0.5069682598114014
14,15,0.4973548948764801
14,16,0.49536293745040894
14,17,0.5291550159454346
14,18,0.5007822513580322
14,19,0.5082730054855347
14,20,0.5001534223556519
14,21,0.5009574890136719
14,22,0.5011837482452393
14,23,0.502903938293457
14,24,0.4867909848690033
14,25,0.5004305243492126
14,26,0.5057723522186279
14,27,0.5047621726989746
15,1,0.48155927658081055
15,2,0.49692749977111816
15,3,0.4869757890701294
15,4,0.48620349168777466
15,5,0.4855468273162842
15,6,0.49345073103904724
15,7,0.49197810888290405
15,8,0.49325355887413025
15,9,0.49103111028671265
15,10,0.4971286952495575
15,11,0.4967801570892334
15,12,0.4886852502822876
15,13,0.4913741946220398
15,14,0.4933062195777893
15,15,0.49279528856277466
15,16,0.4940681457519531
15,17,0.47641468048095703
15,18,0.4733637571334839
15,19,0.4735124111175537
15,20,0.49138104915618896
15,21,0.496540367603302
15,22,0.47800707817077637
15,23,0.4769321084022522
15,24,0.46734368801116943
15,25,0.48209530115127563
15,26,0.4916519522666931
15,27,0.48518139123916626
16,1,0.4836117625236511
16,2,0.4775155186653137
16,3,0.46690431237220764
16,4,0.46196791529655457
16,5,0.47779762744903564
16,6,0.4795956015586853
16,7,0.4720771908760071
16,8,0.4680319130420685
16,9,0.46850937604904175
16,10,0.46709513664245605
16,11,0.46737533807754517
16,12,0.476095587015152
16,13,0.47512510418891907
16,14,0.46745139360427856
16,15,0.46583783626556396
16,16,0.4568418860435486
16,17,0.4629420042037964
16,18,0.45567744970321655
16,19,0.4628114104270935
16,20,0.46534523367881775
16,21,0.4639859199523926
16,22,0.46584194898605347
16,23,0.456795334815979
16,24,0.4547864496707916
16,25,0.45337554812431335
16,26,0.45698994398117065
16,27,0.46498215198516846
17,1,0.4596981406211853
17,2,0.4540691375732422
17,3,0.4671495258808136
17,4,0.45615947246551514
17,5,0.4536505341529846
17,6,0.46143004298210144
17,7,0.4456340968608856
17,8,0.4560639262199402
17,9,0.4500068426132202
17,10,0.4471812844276428
17,11,0.4594210684299469
17,12,0.45239710807800293
17,13,0.4560079574584961
17,14,0.4491157531738281
17,15,0.4487333297729492
17,16,0.43833085894584656
17,17,0.4472351372241974
17,18,0.44864630699157715
17,19,0.4399890601634979
17,20,0.44823136925697327
17,21,0.43668073415756226
17,22,0.4471161961555481
17,23,0.4359479546546936
17,24,0.4499282240867615
17,25,0.44096866250038147
17,26,0.44778335094451904
17,27,0.43867748975753784
18,1,0.4403390884399414
18,2,0.44851166009902954
18,3,0.4363528788089752
18,4,0.44625532627105713
18,5,0.43940407037734985
18,6,0.436651349067688
18,7,0.43708667159080505
18,8,0.4437882900238037
18,9,0.43886303901672363
18,10,0.4338362216949463
18,11,0.42856156826019287
18,12,0.4331126809120178
18,13,0.43695366382598877
18,14,0.4316745698451996
18,15,0.4216037392616272
18,16,0.4280419945716858
18,17,0.42607539892196655
18,18,0.42655688524246216
18,19,0.4304150938987732
18,20,0.4307789206504822
18,21,0.42046093940734863
18,22,0.4202677309513092
18,23,0.4324842691421509
18,24,0.42731940746307373
18,25,0.41737428307533264
18,26,0.4328555166721344
18,27,0.42759138345718384
19,1,0.42878851294517517
19,2,0.4337960481643677
19,3,0.4273819327354431
19,4,0.41867873072624207
19,5,0.4216334819793701
19,6,0.42604660987854004
19,7,0.42624348402023315
19,8,0.4216219186782837
19,9,0.4224538803100586
19,10,0.4207679331302643
19,11,0.41543030738830566
19,12,0.41661322116851807
19,13,0.439101904630661
19,14,0.4168877601623535
19,15,0.433111310005188
19,16,0.41617998480796814
19,17,0.4192720055580139
19,18,0.4162066578865051
19,19,0.4190021753311157
19,20,0.42287516593933105
19,21,0.4183242619037628
19,22,0.4156454801559448
19,23,0.41339582204818726
19,24,0.4081757962703705
19,25,0.41385573148727417
19,26,0.41761600971221924
19,27,0.41336557269096375
20,1,0.42547231912612915
20,2,0.41562408208847046
20,3,0.40334048867225647
20,4,0.41525378823280334
20,5,0.40852445363998413
20,6,0.4133318066596985
20,7,0.4144161343574524
20,8,0.41086727380752563
20,9,0.40529948472976685
20,10,0.4055859446525574
20,11,0.40894681215286255
20,12,0.4029831290245056
20,13,0.4119918644428253
20,14,0.39686793088912964
20,15,0.39729073643684387
20,16,0.3971714973449707
20,17,0.40345633029937744
20,18,0.40089327096939087
20,19,0.4004083275794983
20,20,0.41129037737846375
20,21,0.3977413773536682
20,22,0.40905195474624634
20,23,0.40543997287750244
20,24,0.3995348811149597
20,25,0.39664426445961
20,26,0.39176803827285767
20,27,0.4016858637332916
21,1,0.40267762541770935
21,2,0.39595359563827515
21,3,0.39522260427474976
21,4,0.3897574841976166
21,5,0.4021819233894348
21,6,0.3896719813346863
21,7,0.39810359477996826
21,8,0.39460861682891846
21,9,0.39105069637298584
21,10,0.39482223987579346
21,11,0.3941253423690796
21,12,0.38858577609062195
21,13,0.40099456906318665
21,14,0.3858785033226013
21,15,0.39489078521728516
21,16,0.3876924514770508
21,17,0.39234253764152527
21,18,0.3819146752357483
21,19,0.384676456451416
21,20,0.3926790952682495
21,21,0.3902958035469055
21,22,0.3844471275806427
21,23,0.3891885578632355
21,24,0.38684728741645813
21,25,0.38248971104621887
21,26,0.3886650800704956
21,27,0.4007098972797394
22,1,0.38089025020599365
22,2,0.38557547330856323
22,3,0.3712937831878662
22,4,0.40203943848609924
22,5,0.3791985809803009
22,6,0.38529232144355774
22,7,0.38529297709465027
22,8,0.3742591142654419
22,9,0.38341501355171204
22,10,0.3833887577056885
22,11,0.382902055978775
22,12,0.376223087310791
22,13,0.38463181257247925
22,14,0.38531410694122314
22,15,0.37848302721977234
22,16,0.38010531663894653
22,17,0.382976770401001
22,18,0.37782326340675354
22,19,0.38138359785079956
22,20,0.3722597658634186
22,21,0.37014296650886536
22,22,0.3777165114879608
22,23,0.38121652603149414
22,24,0.3735707402229309
22,25,0.376186728477478
22,26,0.39527443051338196
22,27,0.380024790763855
23,1,0.375800758600235
23,2,0.3707389533519745
23,3,0.38804423809051514
23,4,0.38225579261779785
23,5,0.3723779320716858
23,6,0.37913650274276733
23,7,0.37582874298095703
23,8,0.3730565011501312
23,9,0.3811159133911133
23,10,0.3751731216907501
23,11,0.3727918267250061
23,12,0.36768633127212524
23,13,0.3667052984237671
23,14,0.371421754360199
23,15,0.36709290742874146
23,16,0.3654569685459137
23,17,0.3709681034088135
23,18,0.36382681131362915
23,19,0.3649826943874359
23,20,0.36769717931747437
23,21,0.3765043318271637
23,22,0.35624590516090393
23,23,0.3629549741744995
23,24,0.38348090648651123
23,25,0.3818458318710327
23,26,0.3636288344860077
23,27,0.3675317168235779
24,1,0.3607555329799652
24,2,0.35011690855026245
24,3,0.3686007559299469
24,4,0.37260422110557556
24,5,0.36409077048301697
24,6,0.35678166151046753
24,7,0.35835540294647217
24,8,0.3627646565437317
24,9,0.3598073720932007
24,10,0.3549538254737854
24,11,0.3573170304298401
24,12,0.351079523563385
24,13,0.3592775762081146
24,14,0.35865089297294617
24,15,0.3452763855457306
24,16,0.36195090413093567
24,17,0.35108208656311035
24,18,0.35038089752197266
24,19,0.3593512177467346
24,20,0.35543665289878845
24,21,0.35962778329849243
24,22,0.34357333183288574
24,23,0.3530315160751343
24,24,0.35324040055274963
24,25,0.3462952971458435
24,26,0.3594600558280945
24,27,0.3531841039657593
25,1,0.35238808393478394
25,2,0.3596689701080322
25,3,0.3462424576282501
25,4,0.34575676918029785
25,5,0.35361823439598083
25,6,0.35590046644210815
25,7,0.3546149730682373
25,8,0.3435744047164917
25,9,0.3479308485984802
25,10,0.3463190197944641
25,11,0.3490469753742218
25,12,0.3394266963005066
25,13,0.3406182527542114
25,14,0.3433210551738739
25,15,0.3465564250946045
25,16,0.33884721994400024
25,17,0.34498685598373413
25,18,0.3509981036186218
25,19,0.34499818086624146
25,20,0.3421224355697632
25,21,0.34008920192718506
25,22,0.33104628324508667
25,23,0.34076744318008423
25,24,0.34296125173568726
25,25,0.3409619927406311
25,26,0.3451958894729614
25,27,0.3355252742767334
26,1,0.33971577882766724
26,2,0.33618414402008057
26,3,0.3356931805610657
26,4,0.34303897619247437
26,5,0.3399491310119629
26,6,0.3379843235015869
26,7,0.3389997184276581
26,8,0.3409346640110016
26,9,0.3366228938102722
26,10,0.34502848982810974
26,11,0.335989773273468
26,12,0.33722126483917236
26,13,0.33473655581474304
26,14,0.339702308177948
26,15,0.3317258954048157
26,16,0.33854198455810547
26,17,0.32727164030075073
26,18,0.33483627438545227
26,19,0.3398618698120117
26,20,0.33042657375335693
26,21,0.3250393569469452
26,22,0.3272666335105896
26,23,0.3286479115486145
26,24,0.3447006344795227
26,25,0.330784410238266
26,26,0.3255227208137512
26,27,0.3259226977825165
27,1,0.33180004358291626
27,2,0.3316994309425354
27,3,0.33052223920822144
27,4,0.33488112688064575
27,5,0.33419543504714966
27,6,0.3293347954750061
27,7,0.3312222361564636
27,8,0.32585424184799194
27,9,0.3210115432739258
27,10,0.32960081100463867
27,11,0.31955230236053467
27,12,0.3338499069213867
27,13,0.33178240060806274
27,14,0.3225667178630829
27,15,0.3284008800983429
27,16,0.3294769525527954
27,17,0.3276539742946625
27,18,0.32382360100746155
27,19,0.31626617908477783
27,20,0.33633553981781006
27,21,0.32160383462905884
27,22,0.3232409954071045
27,23,0.3264051079750061
27,24,0.31566280126571655
27,25,0.33230772614479065
27,26,0.31846803426742554
27,27,0.3177574574947357
28,1,0.32242584228515625
28,2,0.32083624601364136
28,3,0.31817007064819336
28,4,0.3213958144187927
28,5,0.3211953043937683
28,6,0.3207639753818512
28,7,0.31966865062713623
28,8,0.3260424733161926
28,9,0.32478630542755127
28,10,0.32297050952911377
28,11,0.3216875195503235
28,12,0.3130754828453064
28,13,0.3193451166152954
28,14,0.3122085928916931
28,15,0.32160481810569763
28,16,0.3109475076198578
28,17,0.3150678873062134
28,18,0.31450095772743225
28,19,0.31984448432922363
28,20,0.31689125299453735
28,21,0.31194067001342773
28,22,0.3063688278198242
28,23,0.3058702349662781
28,24,0.30691301822662354
28,25,0.319023996591568
28,26,0.3151072859764099
28,27,0.30708858370780945
29,1,0.3100094497203827
29,2,0.31826621294021606
29,3,0.30728867650032043
29,4,0.3130413293838501
29,5,0.3105958104133606
29,6,0.31447237730026245
29,7,0.3092193901538849
29,8,0.30269330739974976
29,9,0.31095677614212036
29,10,0.3094443082809448
29,11,0.31499385833740234
29,12,0.3072843551635742
29,13,0.3113890290260315
29,14,0.30067986249923706
29,15,0.3031093180179596
29,16,0.30751097202301025
29,17,0.30876314640045166
29,18,0.3167819678783417
29,19,0.30456191301345825
29,20,0.30152106285095215
29,21,0.3040115237236023
29,22,0.30576932430267334
29,23,0.32354503870010376
29,24,0.3054428994655609
29,25,0.30938711762428284
29,26,0.3080199360847473
29,27,0.3010011315345764
30,1,0.3067883253097534
30,2,0.3044157326221466
30,3,0.3043767511844635
30,4,0.30489298701286316
30,5,0.30449262261390686
30,6,0.3052499294281006
30,7,0.29979777336120605
30,8,0.30302444100379944
30,9,0.3003090023994446
30,10,0.3007812201976776
30,11,0.3066902160644531
30,12,0.307452917098999
30,13,0.30729883909225464
30,14,0.30117183923721313
30,15,0.3055269122123718
30,16,0.29887712001800537
30,17,0.3022864758968353
30,18,0.29577839374542236
30,19,0.29691553115844727
30,20,0.30132803320884705
30,21,0.29952624440193176
30,22,0.30392056703567505
30,23,0.2947014272212982
30,24,0.29332631826400757
30,25,0.3001316785812378
30,26,0.29489994049072266
30,27,0.3055335283279419
31,1,0.2911117970943451
31,2,0.28845450282096863
31,3,0.29767388105392456
31,4,0.2913172245025635
31,5,0.2924543023109436
31,6,0.2924973666667938
31,7,0.30735844373703003
31,8,0.2953454852104187
31,9,0.2901606857776642
31,10,0.2968590259552002
31,11,0.30045783519744873
31,12,0.29393285512924194
31,13,0.286970317363739
31,14,0.29870545864105225
31,15,0.28843408823013306
31,16,0.28721165657043457
31,17,0.2881031632423401
31,18,0.29645925760269165
31,19,0.3038513660430908
31,20,0.293720543384552
31,21,0.28602027893066406
31,22,0.29005688428878784
31,23,0.29339712858200073
31,24,0.29012227058410645
31,25,0.2897096574306488
31,26,0.3077787756919861
31,27,0.29349231719970703
32,1,0.28507566452026367
32,2,0.29000478982925415
32,3,0.2922031879425049
32,4,0.28498032689094543
32,5,0.2896369993686676
32,6,0.2852625250816345
32,7,0.2827807664871216
32,8,0.2893085777759552
32,9,0.2895721197128296
32,10,0.28948384523391724
32,11,0.2910918593406677
32,12,0.29462042450904846
32,13,0.2863803803920746
32,14,0.2954118847846985
32,15,0.2846391499042511
32,16,0.27908390760421753
32,17,0.3045016825199127
32,18,0.27955859899520874
32,19,0.28685033321380615
32,20,0.27848201990127563
32,21,0.28736817836761475
32,22,0.2815662622451782
32,23,0.28863781690597534
32,24,0.28534209728240967
32,25,0.2804776430130005
32,26,0.2876419126987457
32,27,0.28417372703552246
33,1,0.29031136631965637
33,2,0.28010958433151245
33,3,0.2814832329750061
33,4,0.2831805646419525
33,5,0.28394046425819397
33,6,0.2901972532272339
33,7,0.2860179841518402
33,8,0.28754132986068726
33,9,0.2823460102081299
33,10,0.2827191948890686
33,11,0.2776881456375122
33,12,0.27885884046554565
33,13,0.2751220464706421
33,14,0.2724231779575348
33,15,0.28403985500335693
33,16,0.28570637106895447
33,17,0.27157658338546753
33,18,0.27219295501708984
33,19,0.2737753391265869
33,20,0.2751135230064392
33,21,0.275892972946167
33,22,0.2810901701450348
33,23,0.2859422564506531
33,24,0.27526164054870605
33,25,0.2788156270980835
33,26,0.26996564865112305
33,27,0.2780500054359436
34,1,0.26972466707229614
34,2,0.27380308508872986
34,3,0.273123562335968
34,4,0.2701273262500763
34,5,0.2766456604003906
34,6,0.27311965823173523
34,7,0.2781553268432617
34,8,0.27006566524505615
34,9,0.27700358629226685
34,10,0.2744317352771759
34,11,0.27814894914627075
34,12,0.2760772705078125
34,13,0.27170538902282715
34,14,0.2783321142196655
34,15,0.2735207974910736
34,16,0.274798721075058
34,17,0.2645825147628784
34,18,0.2753090262413025
34,19,0.2782231569290161
34,20,0.27693530917167664
34,21,0.2750704288482666
34,22,0.27439117431640625
34,23,0.2683407664299011
34,24,0.2716679275035858
34,25,0.2744787335395813
34,26,0.2748318314552307
34,27,0.2719888985157013
35,1,0.268172025680542
35,2,0.2709960639476776
35,3,0.2704832851886749
35,4,0.2711774706840515
35,5,0.26809024810791016
35,6,0.2672099471092224
35,7,0.2683347165584564
35,8,0.27379608154296875
35,9,0.26705512404441833
35,10,0.26949867606163025
35,11,0.2666972279548645
35,12,0.2758858799934387
35,13,0.2659335732460022
35,14,0.26632702350616455
35,15,0.27598583698272705
35,16,0.2658155560493469
35,17,0.26365765929222107
35,18,0.2632656395435333
35,19,0.26652297377586365
35,20,0.27449101209640503
35,21,0.26147353649139404
35,22,0.2658542990684509
35,23,0.26138728857040405
35,24,0.26035571098327637
35,25,0.2634732127189636
35,26,0.26546400785446167
35,27,0.2624185383319855
36,1,0.2629024088382721
36,2,0.25407785177230835
36,3,0.25823813676834106
36,4,0.2712205946445465
36,5,0.2617920935153961
36,6,0.263710618019104
36,7,0.2563300132751465
36,8,0.2670775055885315
36,9,0.2671334445476532
36,10,0.25724902749061584
36,11,0.261481910943985
36,12,0.2671850323677063
36,13,0.26517248153686523
36,14,0.2672954201698303
36,15,0.2633821666240692
36,16,0.2601887583732605
36,17,0.25930342078208923
36,18,0.268791139125824
36,19,0.2581455111503601
36,20,0.26489636301994324
36,21,0.263484925031662
36,22,0.2619258165359497
36,23,0.25714927911758423
36,24,0.2656211256980896
36,25,0.2708390951156616
36,26,0.2614235281944275
36,27,0.2615145742893219
37,1,0.265184223651886
37,2,0.25694528222084045
37,3,0.26386988162994385
37,4,0.260974258184433
37,5,0.26415690779685974
37,6,0.2522045969963074
37,7,0.25742852687835693
37,8,0.25709110498428345
37,9,0.2643335461616516
37,10,0.24780729413032532
37,11,0.27427083253860474
37,12,0.2526790499687195
37,13,0.2544575035572052
37,14,0.25671231746673584
37,15,0.2569296956062317
37,16,0.2681922912597656
37,17,0.2539755702018738
37,18,0.2652147114276886
37,19,0.2634023427963257
37,20,0.25183719396591187
37,21,0.2569662630558014
37,22,0.25429975986480713
37,23,0.2526853084564209
37,24,0.253004789352417
37,25,0.24966362118721008
37,26,0.2542046308517456
37,27,0.2520030438899994
38,1,0.25570759177207947
38,2,0.25093787908554077
38,3,0.25318342447280884
38,4,0.2551887035369873
38,5,0.24812257289886475
38,6,0.2643599510192871
38,7,0.25138628482818604
38,8,0.24998930096626282
38,9,0.2585667371749878
38,10,0.2515135407447815
38,11,0.2523540258407593
38,12,0.24908310174942017
38,13,0.2544054090976715
38,14,0.25902536511421204
38,15,0.25080737471580505
38,16,0.2473805546760559
38,17,0.2531973719596863
38,18,0.2498144805431366
38,19,0.24736866354942322
38,20,0.2530983090400696
38,21,0.24904002249240875
38,22,0.2486209124326706
38,23,0.2518143951892853
38,24,0.2459627389907837
38,25,0.25426775217056274
38,26,0.24852043390274048
38,27,0.25262194871902466
39,1,0.2602097988128662
39,2,0.24845567345619202
39,3,0.25112852454185486
39,4,0.25132158398628235
39,5,0.257063627243042
39,6,0.24792465567588806
39,7,0.24564966559410095
39,8,0.24987715482711792
39,9,0.24551783502101898
39,10,0.24937596917152405
39,11,0.24581357836723328
39,12,0.2414414882659912
39,13,0.251127153635025
39,14,0.24833634495735168
39,15,0.24231384694576263
39,16,0.24370643496513367
39,17,0.24502354860305786
39,18,0.2476872205734253
39,19,0.2440214306116104
39,20,0.24461036920547485
39,21,0.2458229660987854
39,22,0.24966385960578918
39,23,0.24452033638954163
39,24,0.23955415189266205
39,25,0.2515113651752472
39,26,0.24004334211349487
39,27,0.25009363889694214
40,1,0.24847638607025146
40,2,0.24337555468082428
40,3,0.2416473925113678
40,4,0.24709850549697876
40,5,0.24375037848949432
40,6,0.23642802238464355
40,7,0.2357144057750702
40,8,0.2667158544063568
40,9,0.24223238229751587
40,10,0.2455785572528839
40,11,0.24108687043190002
40,12,0.24334406852722168
40,13,0.24010705947875977
40,14,0.24251723289489746
40,15,0.2561459541320801
40,16,0.24629434943199158
40,17,0.23889274895191193
40,18,0.2386551797389984
40,19,0.23993828892707825
40,20,0.24021804332733154
40,21,0.23891416192054749
40,22,0.2382909059524536
40,23,0.24400174617767334
40,24,0.23697501420974731
40,25,0.23798565566539764
40,26,0.24027201533317566
40,27,0.23983177542686462
41,1,0.23388227820396423
41,2,0.24358224868774414
41,3,0.24521850049495697
41,4,0.23894307017326355
41,5,0.24417658150196075
41,6,0.2339130938053131
41,7,0.2333652526140213
41,8,0.23470085859298706
41,9,0.22883588075637817
41,10,0.23800912499427795
41,11,0.23652714490890503
41,12,0.2374562919139862
41,13,0.23889173567295074
41,14,0.23151375353336334
41,15,0.23731982707977295
41,16,0.23553138971328735
41,17,0.24013961851596832
41,18,0.24068789184093475
41,19,0.23337458074092865
41,20,0.23283421993255615
41,21,0.24382895231246948
41,22,0.23793774843215942
41,23,0.23515018820762634
41,24,0.23413494229316711
41,25,0.23244178295135498
41,26,0.23752981424331665
41,27,0.23131829500198364
42,1,0.23760543763637543
42,2,0.23620879650115967
42,3,0.24186435341835022
42,4,0.2395080029964447
42,5,0.2319798469543457
42,6,0.2476108968257904
42,7,0.22630056738853455
42,8,0.23549748957157135
42,9,0.23320384323596954
42,10,0.22860214114189148
42,11,0.23332837224006653
42,12,0.2299104630947113
42,13,0.23010218143463135
42,14,0.23217368125915527
42,15,0.23279041051864624
42,16,0.2341897189617157
42,17,0.22828330099582672
42,18,0.23119574785232544
42,19,0.23285451531410217
42,20,0.2327791154384613
42,21,0.22956055402755737
42,22,0.23008394241333008
42,23,0.22449146211147308
42,24,0.22973066568374634
42,25,0.23209282755851746
42,26,0.23168829083442688
42,27,0.23373180627822876
43,1,0.23179632425308228
43,2,0.2254934161901474
43,3,0.2258826196193695
43,4,0.22434002161026
43,5,0.2380971610546112
43,6,0.23733238875865936
43,7,0.22875045239925385
43,8,0.23476193845272064
43,9,0.23046612739562988
43,10,0.22410918772220612
43,11,0.2279130220413208
43,12,0.22874478995800018
43,13,0.2417134940624237
43,14,0.23055225610733032
43,15,0.22748829424381256
43,16,0.22847360372543335
43,17,0.22658562660217285
43,18,0.22719019651412964
43,19,0.22417742013931274
43,20,0.23713111877441406
43,21,0.22507046163082123
43,22,0.22744746506214142
43,23,0.22306454181671143
43,24,0.22284233570098877
43,25,0.22719699144363403
43,26,0.2275034785270691
43,27,0.22914278507232666
44,1,0.2368151694536209
44,2,0.22666342556476593
44,3,0.2310374230146408
44,4,0.2246088683605194
44,5,0.2315695881843567
44,6,0.23189961910247803
44,7,0.22394037246704102
44,8,0.22528602182865143
44,9,0.22944343090057373
44,10,0.23210886120796204
44,11,0.2351711094379425
44,12,0.2276916205883026
44,13,0.22207370400428772
44,14,0.22395242750644684
44,15,0.2285725474357605
44,16,0.22999650239944458
44,17,0.23072537779808044
44,18,0.22595757246017456
44,19,0.22253060340881348
44,20,0.22386029362678528
44,21,0.22368782758712769
44,22,0.2212619185447693
44,23,0.22105199098587036
44,24,0.22042015194892883
44,25,0.22154581546783447
44,26,0.21824060380458832
44,27,0.21874982118606567
45,1,0.22157523036003113
45,2,0.219876229763031
45,3,0.2255650758743286
45,4,0.22151917219161987
45,5,0.22566592693328857
45,6,0.223957359790802
45,7,0.22136561572551727
45,8,0.21864844858646393
45,9,0.22047212719917297
45,10,0.21877722442150116
45,11,0.21611854434013367
45,12,0.21759377419948578
45,13,0.21920835971832275
45,14,0.21770720183849335
45,15,0.2202584445476532
45,16,0.2252945750951767
45,17,0.2261161506175995
45,18,0.2221713662147522
45,19,0.22062937915325165
45,20,0.21694017946720123
45,21,0.22805914282798767
45,22,0.217823326587677
45,23,0.22172676026821136
45,24,0.21755942702293396
45,25,0.2205234318971634
45,26,0.2192050963640213
45,27,0.2262776494026184
46,1,0.21920353174209595
46,2,0.21496698260307312
46,3,0.22170943021774292
46,4,0.22208672761917114
46,5,0.21786919236183167
46,6,0.2196061611175537
46,7,0.221152663230896
46,8,0.2148256003856659
46,9,0.21719801425933838
46,10,0.21665196120738983
46,11,0.2149551510810852
46,12,0.22043417394161224
46,13,0.217039555311203
46,14,0.2163834571838379
46,15,0.2202819138765335
46,16,0.22285686433315277
46,17,0.21148280799388885
46,18,0.221369206905365
46,19,0.21891352534294128
46,20,0.21369457244873047
46,21,0.21669411659240723
46,22,0.2169368863105774
46,23,0.21942679584026337
46,24,0.21661752462387085
46,25,0.21582770347595215
46,26,0.2206001579761505
46,27,0.21589061617851257
47,1,0.21139518916606903
47,2,0.21748757362365723
47,3,0.21335303783416748
47,4,0.21632951498031616
47,5,0.2143411636352539
47,6,0.21363946795463562
47,7,0.21492192149162292
47,8,0.21680667996406555
47,9,0.21509265899658203
47,10,0.21792441606521606
47,11,0.2170034497976303
47,12,0.22164398431777954
47,13,0.20989912748336792
47,14,0.21356886625289917
47,15,0.21970683336257935
47,16,0.2169751226902008
47,17,0.21297931671142578
47,18,0.21005427837371826
47,19,0.21863386034965515
47,20,0.21211978793144226
47,21,0.20860709249973297
47,22,0.20992228388786316
47,23,0.20970885455608368
47,24,0.21009650826454163
47,25,0.2154790759086609
47,26,0.2158021777868271
47,27,0.21610961854457855
48,1,0.21703311800956726
48,2,0.21369345486164093
48,3,0.21269908547401428
48,4,0.22143635153770447
48,5,0.2133086919784546
48,6,0.21335601806640625
48,7,0.21208472549915314
48,8,0.20587703585624695
48,9,0.2091839760541916
48,10,0.21028226613998413
48,11,0.21315281093120575
48,12,0.20906850695610046
48,13,0.21271881461143494
48,14,0.21872444450855255
48,15,0.21354445815086365
48,16,0.20515362918376923
48,17,0.21045100688934326
48,18,0.20949512720108032
48,19,0.20774218440055847
48,20,0.20961710810661316
48,21,0.21117478609085083
48,22,0.2101474553346634
48,23,0.2090378701686859
48,24,0.21576064825057983
48,25,0.2113996148109436
48,26,0.20539408922195435
48,27,0.20748090744018555
49,1,0.20832931995391846
49,2,0.20913946628570557
49,3,0.21250997483730316
49,4,0.21139788627624512
49,5,0.20378026366233826
49,6,0.20965634286403656
49,7,0.2149558961391449
49,8,0.21093294024467468
49,9,0.20573264360427856
49,10,0.20557424426078796
49,11,0.2114989459514618
49,12,0.2091427594423294
49,13,0.2064778208732605
49,14,0.2084909826517105
49,15,0.20745953917503357
49,16,0.20894886553287506
49,17,0.21015092730522156
49,18,0.2063511312007904
49,19,0.20551609992980957
49,20,0.20673683285713196
49,21,0.20759671926498413
49,22,0.21338152885437012
49,23,0.21381621062755585
49,24,0.20363320410251617
49,25,0.20798060297966003
49,26,0.2036413550376892
49,27,0.20855239033699036
50,1,0.2045792043209076
50,2,0.20766852796077728
50,3,0.20501834154129028
50,4,0.20454926788806915
50,5,0.21167457103729248
50,6,0.2035641074180603
50,7,0.2079199254512787
50,8,0.20382139086723328
50,9,0.20489013195037842
50,10,0.20590725541114807
50,11,0.20445987582206726
50,12,0.2055746614933014
50,13,0.2024134397506714
50,14,0.20577837526798248
50,15,0.20683220028877258
50,16,0.20824961364269257
50,17,0.2027065008878708
50,18,0.19974881410598755
50,19,0.2007213532924652
50,20,0.20605747401714325
50,21,0.19803300499916077
50,22,0.20976677536964417
50,23,0.20221072435379028
50,24,0.2073458433151245
50,25,0.20311567187309265
50,26,0.20610137283802032
50,27,0.20528224110603333
