epoch,step,loss
1,1,1.7446215152740479
1,2,1.6809477806091309
1,3,1.601846694946289
1,4,1.546369194984436
1,5,1.4874637126922607
1,6,1.4627984762191772
1,7,1.4397201538085938
1,8,1.409447193145752
1,9,1.381761074066162
1,10,1.3598384857177734
1,11,1.3376315832138062
1,12,1.321120023727417
1,13,1.3116521835327148
1,14,1.2999660968780518
1,15,1.2945525646209717
1,16,1.2721855640411377
2,1,1.2659759521484375
2,2,1.2568901777267456
2,3,1.2354421615600586
2,4,1.226851224899292
2,5,1.2112624645233154
2,6,1.2071278095245361
2,7,1.1928631067276
2,8,1.1861251592636108
2,9,1.1795152425765991
2,10,1.165038824081421
2,11,1.159074068069458
2,12,1.1463286876678467
2,13,1.138698935508728
2,14,1.1353275775909424
2,15,1.1258906126022339
3,1,1.1164277791976929
3,2,1.1050136089324951
3,3,1.1024034023284912
3,4,1.085655927658081
3,5,1.0835082530975342
3,6,1.072999119758606
3,7,1.0671098232269287
3,8,1.0574541091918945
3,9,1.0564069747924805
3,10,1.0534512996673584
3,11,1.0419213771820068
3,12,1.023080587387085
3,13,1.0312089920043945
3,14,1.0164533853530884
3,15,0.9999037981033325
4,1,0.996650218963623
4,2,0.9975166320800781
4,3,0.9871517419815063
4,4,0.9739945530891418
4,5,0.97840416431427
4,6,0.9680424928665161
4,7,0.9720562696456909
4,8,0.9546788334846497
4,9,0.9489898085594177
4,10,0.9298432469367981
4,11,0.936870813369751
4,12,0.9287474155426025
4,13,0.9096640944480896
4,14,0.9135852456092834
4,15,0.9021555185317993
5,1,0.9097136855125427
5,2,0.8923759460449219
5,3,0.8866696357727051
5,4,0.8707329034805298
5,5,0.8727043271064758
5,6,0.8589117527008057
5,7,0.8680840730667114
5,8,0.8521349430084229
5,9,0.851081371307373
5,10,0.8348456621170044
5,11,0.832919716835022
5,12,0.841082751750946
5,13,0.8333568572998047
5,14,0.8183119297027588
5,15,0.8262479305267334
6,1,0.8028621673583984
6,2,0.7915730476379395
6,3,0.8036041259765625
6,4,0.786597490310669
6,5,0.7857491970062256
6,6,0.7773376703262329
6,7,0.7656363844871521
6,8,0.7637463808059692
6,9,0.7540486454963684
6,10,0.7656933069229126
6,11,0.7571602463722229
6,12,0.743189811706543
6,13,0.7494784593582153
6,14,0.7370988726615906
6,15,0.7340836524963379
7,1,0.7382124662399292
7,2,0.7265174984931946
7,3,0.7050402164459229
7,4,0.7097564935684204
7,5,0.7149728536605835
7,6,0.7044222950935364
7,7,0.7056406736373901
7,8,0.7036705017089844
7,9,0.6921072602272034
7,10,0.6855551600456238
7,11,0.6792463064193726
7,12,0.6759289503097534
7,13,0.6657156944274902
7,14,0.6703080534934998
7,15,0.6571227312088013
8,1,0.6615462899208069
8,2,0.6531306505203247
8,3,0.6420128345489502
8,4,0.6465294361114502
8,5,0.6301529407501221
8,6,0.6361894607543945
8,7,0.6400711536407471
8,8,0.6273019909858704
8,9,0.6227424740791321
8,10,0.6158547401428223
8,11,0.6173252463340759
8,12,0.6228756904602051
8,13,0.6169002056121826
8,14,0.60809725522995
8,15,0.6299912333488464
9,1,0.599297285079956
9,2,0.59502112865448
9,3,0.6031109690666199
9,4,0.5821989178657532
9,5,0.6001490950584412
9,6,0.5998659729957581
9,7,0.5811305046081543
9,8,0.5857394337654114
9,9,0.5803805589675903
9,10,0.582270622253418
9,11,0.5573168396949768
9,12,0.5823798179626465
9,13,0.5637277364730835
9,14,0.569957435131073
9,15,0.550079882144928
10,1,0.5470371842384338
10,2,0.5546785593032837
10,3,0.5682870149612427
10,4,0.5449690818786621
10,5,0.5477627515792847
10,6,0.5433882474899292
10,7,0.5380789041519165
10,8,0.537540078163147
10,9,0.5287750959396362
10,10,0.5560718774795532
10,11,0.5289266109466553
10,12,0.5145015120506287
10,13,0.5131818652153015
10,14,0.5146657228469849
10,15,0.5284979343414307
11,1,0.5060206651687622
11,2,0.4895216226577759
11,3,0.5021781325340271
11,4,0.509763240814209
11,5,0.4869747757911682
11,6,0.49107396602630615
11,7,0.48289400339126587
11,8,0.4921627938747406
11,9,0.489307165145874
11,10,0.4830174446105957
11,11,0.4713338315486908
11,12,0.47736039757728577
11,13,0.46709102392196655
11,14,0.46503353118896484
11,15,0.4807341992855072
12,1,0.46543097496032715
12,2,0.4679732620716095
12,3,0.4710434675216675
12,4,0.46067947149276733
12,5,0.4449211359024048
12,6,0.4429473578929901
12,7,0.44565993547439575
12,8,0.45583927631378174
12,9,0.4525236487388611
12,10,0.43297168612480164
12,11,0.4280054569244385
12,12,0.4309949278831482
12,13,0.4382927417755127
12,14,0.4537675976753235
12,15,0.4416290521621704
13,1,0.4203694462776184
13,2,0.4229779541492462
13,3,0.42223888635635376
13,4,0.4163070321083069
13,5,0.41631707549095154
13,6,0.4234299659729004
13,7,0.4147249162197113
13,8,0.41040152311325073
13,9,0.4045180678367615
13,10,0.4072010815143585
13,11,0.40193843841552734
13,12,0.40802931785583496
13,13,0.39399710297584534
13,14,0.3957703709602356
13,15,0.3930402398109436
14,1,0.38349223136901855
14,2,0.38365769386291504
14,3,0.3835974931716919
14,4,0.39547020196914673
14,5,0.39371734857559204
14,6,0.38140302896499634
14,7,0.37531280517578125
14,8,0.381280779838562
14,9,0.3740885853767395
14,10,0.381814181804657
14,11,0.37178146839141846
14,12,0.36353641748428345
14,13,0.36792105436325073
14,14,0.36149629950523376
14,15,0.37577134370803833
15,1,0.37871113419532776
15,2,0.36936140060424805
15,3,0.3623436689376831
15,4,0.3603144884109497
15,5,0.3495312035083771
15,6,0.3485985994338989
15,7,0.3553481698036194
15,8,0.35831838846206665
15,9,0.35086435079574585
15,10,0.3678416609764099
15,11,0.3388932943344116
15,12,0.349444180727005
15,13,0.3565339744091034
15,14,0.3557090163230896
15,15,0.33030959963798523
16,1,0.3655851483345032
16,2,0.3375409245491028
16,3,0.33487939834594727
16,4,0.3356807231903076
16,5,0.3374459147453308
16,6,0.3224128484725952
16,7,0.3312629461288452
16,8,0.31480270624160767
16,9,0.32455381751060486
16,10,0.3212919235229492
16,11,0.32069194316864014
16,12,0.3281256854534149
16,13,0.3137332797050476
16,14,0.32243776321411133
16,15,0.3250456750392914
17,1,0.30796706676483154
17,2,0.3067994713783264
17,3,0.3446502685546875
17,4,0.3185671865940094
17,5,0.3094438910484314
17,6,0.30277299880981445
17,7,0.328639954328537
17,8,0.30915623903274536
17,9,0.2985387146472931
17,10,0.3237685561180115
17,11,0.315354585647583
17,12,0.29482561349868774
17,13,0.3162488639354706
17,14,0.30624857544898987
17,15,0.29050707817077637
18,1,0.29627227783203125
18,2,0.2972874343395233
18,3,0.3099258542060852
18,4,0.29832443594932556
18,5,0.3017386496067047
18,6,0.29126399755477905
18,7,0.3014574646949768
18,8,0.289935827255249
18,9,0.30836591124534607
18,10,0.28331127762794495
18,11,0.3132404685020447
18,12,0.29852110147476196
18,13,0.2917284667491913
18,14,0.30811381340026855
18,15,0.27657458186149597
19,1,0.2883181571960449
19,2,0.2979898452758789
19,3,0.29217827320098877
19,4,0.269966721534729
19,5,0.2900431454181671
19,6,0.3002755641937256
19,7,0.27751386165618896
19,8,0.26197007298469543
19,9,0.26419153809547424
19,10,0.30882468819618225
19,11,0.26498889923095703
19,12,0.2789141833782196
19,13,0.2849501967430115
19,14,0.2741539180278778
19,15,0.27647656202316284
20,1,0.26981890201568604
20,2,0.26475071907043457
20,3,0.268271803855896
20,4,0.27628058195114136
20,5,0.2886790931224823
20,6,0.27531933784484863
20,7,0.2737662196159363
20,8,0.271170437335968
20,9,0.2950820326805115
20,10,0.2680758833885193
20,11,0.26191970705986023
20,12,0.2760917842388153
20,13,0.25952374935150146
20,14,0.2609497904777527
20,15,0.25320836901664734
21,1,0.25641870498657227
21,2,0.2607969045639038
21,3,0.2587861716747284
21,4,0.24782626330852509
21,5,0.25141632556915283
21,6,0.25070491433143616
21,7,0.2564035952091217
21,8,0.2501235604286194
21,9,0.265267550945282
21,10,0.2585217356681824
21,11,0.24795284867286682
21,12,0.25891944766044617
21,13,0.24570538103580475
21,14,0.24864108860492706
21,15,0.2495679259300232
22,1,0.24552053213119507
22,2,0.24655795097351074
22,3,0.260782390832901
22,4,0.24031692743301392
22,5,0.2382965236902237
22,6,0.2478208839893341
22,7,0.23306481540203094
22,8,0.237296462059021
22,9,0.24118772149085999
22,10,0.23941254615783691
22,11,0.23921719193458557
22,12,0.2559203505516052
22,13,0.23752662539482117
22,14,0.24629822373390198
22,15,0.2357650101184845
23,1,0.30308622121810913
23,2,0.2453431487083435
23,3,0.2232985645532608
23,4,0.243486225605011
23,5,0.23105905950069427
23,6,0.2359846830368042
23,7,0.23323073983192444
23,8,0.22127124667167664
23,9,0.23302428424358368
23,10,0.22683024406433105
23,11,0.2299278974533081
23,12,0.23669123649597168
23,13,0.24029146134853363
23,14,0.2394701987504959
23,15,0.22317512333393097
24,1,0.2470436543226242
24,2,0.23566214740276337
24,3,0.224094420671463
24,4,0.2341827005147934
24,5,0.22365257143974304
24,6,0.2212061882019043
24,7,0.23169617354869843
24,8,0.2184962034225464
24,9,0.22445547580718994
24,10,0.23031753301620483
24,11,0.217637836933136
24,12,0.21989551186561584
24,13,0.2288755178451538
24,14,0.23315781354904175
24,15,0.22673258185386658
25,1,0.22453442215919495
25,2,0.22097896039485931
25,3,0.2264890968799591
25,4,0.21574068069458008
25,5,0.21673773229122162
25,6,0.22057810425758362
25,7,0.23169881105422974
25,8,0.21710234880447388
25,9,0.23064817488193512
25,10,0.20783932507038116
25,11,0.23485633730888367
25,12,0.22515389323234558
25,13,0.22804829478263855
25,14,0.23876313865184784
25,15,0.21380528807640076
26,1,0.20637962222099304
26,2,0.22535015642642975
26,3,0.21052275598049164
26,4,0.21702519059181213
26,5,0.21697884798049927
26,6,0.20936784148216248
26,7,0.20726709067821503
26,8,0.21568024158477783
26,9,0.21053186058998108
26,10,0.21121183037757874
26,11,0.1984027922153473
26,12,0.22047315537929535
26,13,0.24326348304748535
26,14,0.2153007984161377
26,15,0.2150014191865921
27,1,0.20564687252044678
27,2,0.21473616361618042
27,3,0.21870389580726624
27,4,0.21181441843509674
27,5,0.20432204008102417
27,6,0.20647723972797394
27,7,0.21953292191028595
27,8,0.2043587863445282
27,9,0.19683128595352173
27,10,0.21074119210243225
27,11,0.2237938493490219
27,12,0.19794030487537384
27,13,0.2530580163002014
27,14,0.21690762042999268
27,15,0.21722032129764557
28,1,0.20739442110061646
28,2,0.20172524452209473
28,3,0.2008008360862732
28,4,0.22085104882717133
28,5,0.20510637760162354
28,6,0.2072318196296692
28,7,0.22079665958881378
28,8,0.2019580602645874
28,9,0.1909797191619873
28,10,0.19593076407909393
28,11,0.21029618382453918
28,12,0.19705717265605927
28,13,0.1999470293521881
28,14,0.1949993520975113
28,15,0.20970448851585388
29,1,0.2001727819442749
29,2,0.21281176805496216
29,3,0.22340911626815796
29,4,0.20543834567070007
29,5,0.2074238657951355
29,6,0.2175103724002838
29,7,0.20897230505943298
29,8,0.19531559944152832
29,9,0.2013043314218521
29,10,0.19505912065505981
29,11,0.20128393173217773
29,12,0.1861535906791687
29,13,0.18465113639831543
29,14,0.20193594694137573
29,15,0.18729785084724426
30,1,0.19006803631782532
30,2,0.1904316395521164
30,3,0.1829605996608734
30,4,0.19788184762001038
30,5,0.19690793752670288
30,6,0.18853794038295746
30,7,0.19894520938396454
30,8,0.18334947526454926
30,9,0.1881084144115448
30,10,0.22282782196998596
30,11,0.18336793780326843
30,12,0.20622800290584564
30,13,0.19730976223945618
30,14,0.1976069211959839
30,15,0.19355495274066925
31,1,0.18934130668640137
31,2,0.1809442639350891
31,3,0.19596070051193237
31,4,0.18370601534843445
31,5,0.21511119604110718
31,6,0.19890153408050537
31,7,0.18584202229976654
31,8,0.19504687190055847
31,9,0.2074134647846222
31,10,0.19912347197532654
31,11,0.2006950080394745
31,12,0.18841642141342163
31,13,0.18116965889930725
31,14,0.1863943636417389
31,15,0.19627602398395538
32,1,0.17785975337028503
32,2,0.18153196573257446
32,3,0.18402612209320068
32,4,0.1765458881855011
32,5,0.18671953678131104
32,6,0.18209794163703918
32,7,0.19002069532871246
32,8,0.18460635840892792
32,9,0.1899949014186859
32,10,0.18925577402114868
32,11,0.19240702688694
32,12,0.1776822954416275
32,13,0.17640559375286102
32,14,0.1733812838792801
32,15,0.2005326747894287
33,1,0.18561789393424988
33,2,0.1914689838886261
33,3,0.1803865134716034
33,4,0.17225129902362823
33,5,0.1703266203403473
33,6,0.1857641190290451
33,7,0.17219334840774536
33,8,0.18701547384262085
33,9,0.17625057697296143
33,10,0.1815977841615677
33,11,0.17310798168182373
33,12,0.19997967779636383
33,13,0.18637201189994812
33,14,0.1749904453754425
33,15,0.18419523537158966
34,1,0.1682244837284088
34,2,0.19383671879768372
34,3,0.17887891829013824
34,4,0.1810864508152008
34,5,0.1775277853012085
34,6,0.18721890449523926
34,7,0.1729276180267334
34,8,0.1628606617450714
34,9,0.1806372106075287
34,10,0.1652079075574875
34,11,0.16554774343967438
34,12,0.1826430857181549
34,13,0.17549225687980652
34,14,0.1772426813840866
34,15,0.17788033187389374
35,1,0.16788461804389954
35,2,0.17511039972305298
35,3,0.18646512925624847
35,4,0.16607791185379028
35,5,0.1780417561531067
35,6,0.16911591589450836
35,7,0.17001354694366455
35,8,0.17272207140922546
35,9,0.15757769346237183
35,10,0.1664961725473404
35,11,0.1677086353302002
35,12,0.18322473764419556
35,13,0.18783524632453918
35,14,0.16302251815795898
35,15,0.18892627954483032
36,1,0.16888904571533203
36,2,0.16193927824497223
36,3,0.1563878357410431
36,4,0.17056182026863098
36,5,0.17575925588607788
36,6,0.1703496128320694
36,7,0.16499271988868713
36,8,0.15902268886566162
36,9,0.1716008484363556
36,10,0.17058978974819183
36,11,0.16957034170627594
36,12,0.1832006573677063
36,13,0.16716709733009338
36,14,0.1711890697479248
36,15,0.1804860532283783
37,1,0.17086194455623627
37,2,0.18133150041103363
37,3,0.16151654720306396
37,4,0.16291576623916626
37,5,0.1582244336605072
37,6,0.15992581844329834
37,7,0.17250975966453552
37,8,0.16201114654541016
37,9,0.17131707072257996
37,10,0.1658998727798462
37,11,0.16013769805431366
37,12,0.16273076832294464
37,13,0.18321621417999268
37,14,0.1622888147830963
37,15,0.15970966219902039
38,1,0.17620256543159485
38,2,0.16500355303287506
38,3,0.16437768936157227
38,4,0.17637406289577484
38,5,0.16804519295692444
38,6,0.15303784608840942
38,7,0.1685863435268402
38,8,0.16466903686523438
38,9,0.15650628507137299
38,10,0.16138046979904175
38,11,0.18015199899673462
38,12,0.15301668643951416
38,13,0.17193153500556946
38,14,0.16358566284179688
38,15,0.15787532925605774
39,1,0.16561374068260193
39,2,0.15553724765777588
39,3,0.17386198043823242
39,4,0.15889224410057068
39,5,0.1572958081960678
39,6,0.15277354419231415
39,7,0.16572988033294678
39,8,0.15444403886795044
39,9,0.15601320564746857
39,10,0.15280704200267792
39,11,0.14870594441890717
39,12,0.17235618829727173
39,13,0.1536010205745697
39,14,0.16645300388336182
39,15,0.18004390597343445
40,1,0.15757732093334198
40,2,0.16117887198925018
40,3,0.164438858628273
40,4,0.17167967557907104
40,5,0.16727447509765625
40,6,0.164394348859787
40,7,0.16187573969364166
40,8,0.16828042268753052
40,9,0.18257495760917664
40,10,0.15659284591674805
40,11,0.15970759093761444
40,12,0.15568135678768158
40,13,0.15266641974449158
40,14,0.1711352914571762
40,15,0.14892414212226868
41,1,0.15991096198558807
41,2,0.15512828528881073
41,3,0.15214644372463226
41,4,0.1685888171195984
41,5,0.15964853763580322
41,6,0.15776793658733368
41,7,0.1636933982372284
41,8,0.15605901181697845
41,9,0.15304750204086304
41,10,0.14343300461769104
41,11,0.16201989352703094
41,12,0.15467309951782227
41,13,0.16194376349449158
41,14,0.15541937947273254
41,15,0.1509474813938141
42,1,0.15292438864707947
42,2,0.16196778416633606
42,3,0.18017266690731049
42,4,0.16259033977985382
42,5,0.15532778203487396
42,6,0.15137198567390442
42,7,0.16126152873039246
42,8,0.17020776867866516
42,9,0.16620421409606934
42,10,0.15663239359855652
42,11,0.14326223731040955
42,12,0.15448108315467834
42,13,0.15500035881996155
42,14,0.16247421503067017
42,15,0.17538070678710938
43,1,0.1591944694519043
43,2,0.15864290297031403
43,3,0.15070585906505585
43,4,0.15660199522972107
43,5,0.17103838920593262
43,6,0.1612994372844696
43,7,0.14919181168079376
43,8,0.1482367217540741
43,9,0.15470942854881287
43,10,0.1615714430809021
43,11,0.1605326384305954
43,12,0.1457071304321289
43,13,0.13642002642154694
43,14,0.16074687242507935
43,15,0.15344688296318054
44,1,0.152149498462677
44,2,0.1617630422115326
44,3,0.15323461592197418
44,4,0.15172438323497772
44,5,0.16580647230148315
44,6,0.15596601366996765
44,7,0.15630850195884705
44,8,0.14765039086341858
44,9,0.15065786242485046
44,10,0.14713560044765472
44,11,0.150090754032135
44,12,0.14806878566741943
44,13,0.15380264818668365
44,14,0.15999357402324677
44,15,0.14615893363952637
45,1,0.14401668310165405
45,2,0.15426495671272278
45,3,0.15044564008712769
45,4,0.15567642450332642
45,5,0.1442888379096985
45,6,0.1630602329969406
45,7,0.15014556050300598
45,8,0.15305069088935852
45,9,0.15556389093399048
45,10,0.17852242290973663
45,11,0.15687787532806396
45,12,0.14489728212356567
45,13,0.14421240985393524
45,14,0.15717731416225433
45,15,0.14949709177017212
46,1,0.16205894947052002
46,2,0.14631113409996033
46,3,0.1553362011909485
46,4,0.15913257002830505
46,5,0.1452915221452713
46,6,0.14536204934120178
46,7,0.13857817649841309
46,8,0.1537902057170868
46,9,0.1516449898481369
46,10,0.1575573980808258
46,11,0.13719291985034943
46,12,0.16013947129249573
46,13,0.15016674995422363
46,14,0.13569650053977966
46,15,0.14977926015853882
47,1,0.14727412164211273
47,2,0.15450921654701233
47,3,0.16270913183689117
47,4,0.14889273047447205
47,5,0.17104044556617737
47,6,0.14386311173439026
47,7,0.15344387292861938
47,8,0.15742097795009613
47,9,0.1544138789176941
47,10,0.13599412143230438
47,11,0.146598681807518
47,12,0.16459932923316956
47,13,0.14327797293663025
47,14,0.15367960929870605
47,15,0.1736133098602295
48,1,0.14760982990264893
48,2,0.1544235646724701
48,3,0.16518312692642212
48,4,0.15363894402980804
48,5,0.15575172007083893
48,6,0.15027514100074768
48,7,0.1594761610031128
48,8,0.1441797912120819
48,9,0.14413878321647644
48,10,0.15880385041236877
48,11,0.13519322872161865
48,12,0.15055927634239197
48,13,0.13991796970367432
48,14,0.14205503463745117
48,15,0.14469116926193237
49,1,0.14955762028694153
49,2,0.14880362153053284
49,3,0.1441752314567566
49,4,0.14704053103923798
49,5,0.14043360948562622
49,6,0.15545141696929932
49,7,0.141120046377182
49,8,0.15857332944869995
49,9,0.16676335036754608
49,10,0.13566932082176208
49,11,0.1427619904279709
49,12,0.14344798028469086
49,13,0.1355004459619522
49,14,0.13699176907539368
49,15,0.14790013432502747
50,1,0.15241315960884094
50,2,0.14894065260887146
50,3,0.14270713925361633
50,4,0.14961132407188416
50,5,0.14772817492485046
50,6,0.14969244599342346
50,7,0.1355312168598175
50,8,0.14306196570396423
50,9,0.15060323476791382
50,10,0.1425268054008484
50,11,0.13463354110717773
50,12,0.14098066091537476
50,13,0.13488948345184326
50,14,0.1492333710193634
50,15,0.13599278032779694
