epoch,step,loss
1,1,2.5265045166015625
1,2,2.340240478515625
1,3,2.5126953125
2,1,1.986236572265625
2,2,1.8757858276367188
3,1,1.6909751892089844
3,2,1.6949310302734375
4,1,1.5677413940429688
4,2,1.3977890014648438
5,1,1.3644580841064453
5,2,1.3171977996826172
6,1,1.3355026245117188
6,2,1.1336259841918945
7,1,1.0868234634399414
7,2,1.1155118942260742
8,1,0.9985418319702148
8,2,0.8464970588684082
9,1,0.8772032260894775
9,2,1.0356464385986328
10,1,0.7510063648223877
10,2,0.890251636505127
11,1,0.7773615121841431
11,2,0.5801801681518555
12,1,0.5512923002243042
12,2,0.6153030395507812
13,1,0.4981400966644287
13,2,0.5138804912567139
14,1,0.37090396881103516
14,2,0.4834463596343994
15,1,0.38424086570739746
15,2,0.40452730655670166
16,1,0.2597532272338867
16,2,0.3283459544181824
17,1,0.4405270218849182
17,2,0.2652705907821655
18,1,0.3506302833557129
18,2,0.22771477699279785
19,1,0.2723027467727661
19,2,0.20446519553661346
20,1,0.22850537300109863
20,2,0.2785857319831848
21,1,0.30078184604644775
21,2,0.48233383893966675
22,1,0.21167683601379395
22,2,0.15177381038665771
23,1,0.212086021900177
23,2,0.3127675950527191
24,1,0.22500035166740417
24,2,0.38046538829803467
25,1,0.2674833834171295
25,2,0.22063732147216797
26,1,0.1188688576221466
26,2,0.19101965427398682
27,1,0.15785610675811768
27,2,0.20735383033752441
28,1,0.12089453637599945
28,2,0.24274447560310364
29,1,0.11081736534833908
29,2,0.12341374158859253
30,1,0.2329624891281128
30,2,0.1828414797782898
31,1,0.07613524794578552
31,2,0.1125122606754303
32,1,0.1740773320198059
32,2,0.1218438446521759
33,1,0.10667186975479126
33,2,0.14270350337028503
34,1,0.13718411326408386
34,2,0.2156619131565094
35,1,0.09217947721481323
35,2,0.16163818538188934
36,1,0.08618205785751343
36,2,0.1102428138256073
37,1,0.06310883164405823
37,2,0.17593997716903687
38,1,0.116292804479599
38,2,0.09012696146965027
39,1,0.3293747007846832
39,2,0.1777448058128357
40,1,0.038106322288513184
40,2,0.16477453708648682
41,1,0.10139992833137512
41,2,0.30124631524086
42,1,0.12664783000946045
42,2,0.2552039623260498
43,1,0.05665338784456253
43,2,0.048118554055690765
44,1,0.08346325159072876
44,2,0.173304483294487
45,1,0.08603671938180923
45,2,0.10670538991689682
46,1,0.07372032850980759
46,2,0.034622110426425934
47,1,0.0973353236913681
47,2,0.05187027156352997
48,1,0.09302674978971481
48,2,0.14527450501918793
49,1,0.1336464285850525
49,2,0.1487187147140503
50,1,0.11241228878498077
50,2,0.17946508526802063
51,1,0.2955426275730133
51,2,0.1357484608888626
52,1,0.10320080816745758
52,2,0.20297656953334808
53,1,0.09630260616540909
53,2,0.05184277892112732
54,1,0.05850746110081673
54,2,0.06939838826656342
55,1,0.15050509572029114
55,2,0.04635217785835266
56,1,0.09053394198417664
56,2,0.17527906596660614
57,1,0.08798586577177048
57,2,0.05999608337879181
58,1,0.04527033492922783
58,2,0.04248134791851044
59,1,0.0473029799759388
59,2,0.12329544126987457
60,1,0.14555180072784424
60,2,0.30799371004104614
61,1,0.10501444339752197
61,2,0.4049310088157654
62,1,0.12038472294807434
62,2,0.06195153295993805
63,1,0.1490868330001831
63,2,0.17263835668563843
64,1,0.17585104703903198
64,2,0.10630248486995697
65,1,0.16756227612495422
65,2,0.047520820051431656
66,1,0.05265561491250992
66,2,0.018579542636871338
67,1,0.03844669833779335
67,2,0.09450307488441467
68,1,0.1977725774049759
68,2,0.13147887587547302
69,1,0.0760858803987503
69,2,0.11046327650547028
70,1,0.19733306765556335
70,2,0.07270368933677673
71,1,0.11675439774990082
71,2,0.16766543686389923
72,1,0.08652745187282562
72,2,0.09558648616075516
73,1,0.09582699835300446
73,2,0.05668158829212189
74,1,0.057120852172374725
74,2,0.04583949223160744
75,1,0.043327368795871735
75,2,0.17604994773864746
76,1,0.10582154989242554
76,2,0.15796136856079102
77,1,0.09078265726566315
77,2,0.04967256635427475
78,1,0.07002363353967667
78,2,0.052977703511714935
79,1,0.16746363043785095
79,2,0.12615609169006348
80,1,0.025793591514229774
80,2,0.1117972880601883
81,1,0.05163080245256424
81,2,0.09351953864097595
82,1,0.039353206753730774
82,2,0.039197590202093124
83,1,0.3807432949542999
83,2,0.08800935745239258
84,1,0.11294016987085342
84,2,0.07049641758203506
85,1,0.1348557472229004
85,2,0.16189265251159668
86,1,0.1667276918888092
86,2,0.04703809320926666
87,1,0.024442598223686218
87,2,0.14960896968841553
88,1,0.09727859497070312
88,2,0.22178839147090912
89,1,0.037319839000701904
89,2,0.06794164329767227
90,1,0.13363420963287354
90,2,0.04092741012573242
91,1,0.10441083461046219
91,2,0.12786880135536194
92,1,0.041269686073064804
92,2,0.035139456391334534
93,1,0.2031431794166565
93,2,0.06562133133411407
94,1,0.1114962100982666
94,2,0.15650703012943268
95,1,0.05181439220905304
95,2,0.06257646530866623
96,1,0.04508016258478165
96,2,0.18842577934265137
97,1,0.07904180884361267
97,2,0.028458109125494957
98,1,0.14716631174087524
98,2,0.03728792816400528
99,1,0.08277177810668945
99,2,0.22402510046958923
100,1,0.40717199444770813
100,2,0.13090083003044128
