epoch,step,loss
1,1,1.054774522781372
1,2,1.0357177257537842
1,3,1.0199918746948242
1,4,1.0052587985992432
1,5,0.9925490617752075
1,6,0.9835730791091919
1,7,0.972907543182373
1,8,0.961540937423706
1,9,0.9498927593231201
1,10,0.9406357407569885
1,11,0.9243788719177246
1,12,0.9170912504196167
1,13,0.9062440395355225
1,14,0.8934901356697083
1,15,0.8857711553573608
1,16,0.873107373714447
1,17,0.8624346256256104
1,18,0.8549352288246155
1,19,0.8385442495346069
1,20,0.8339414596557617
1,21,0.824371874332428
1,22,0.8140703439712524
1,23,0.8113257884979248
1,24,0.7969272136688232
1,25,0.7875358462333679
1,26,0.7783223986625671
1,27,0.7689477205276489
1,28,0.7662451863288879
2,1,0.7641559839248657
2,2,0.7539352774620056
2,3,0.7460906505584717
2,4,0.7404958605766296
2,5,0.7356002330780029
2,6,0.7226622104644775
2,7,0.7374699115753174
2,8,0.7128592729568481
2,9,0.7176876068115234
2,10,0.7069998979568481
2,11,0.7041223049163818
2,12,0.7016319036483765
2,13,0.7058040499687195
2,14,0.6949352025985718
2,15,0.6875617504119873
2,16,0.684457540512085
2,17,0.6825443506240845
2,18,0.6752892732620239
2,19,0.6845763921737671
2,20,0.6799770593643188
2,21,0.679852306842804
2,22,0.6643376350402832
2,23,0.6657739877700806
2,24,0.6816467642784119
2,25,0.6625736951828003
2,26,0.6557654142379761
2,27,0.6541953086853027
3,1,0.6544365882873535
3,2,0.6450384855270386
3,3,0.6577805280685425
3,4,0.6456300020217896
3,5,0.6540361046791077
3,6,0.6633785963058472
3,7,0.6431080102920532
3,8,0.6384844779968262
3,9,0.6480727791786194
3,10,0.635226845741272
3,11,0.6487112045288086
3,12,0.6278036832809448
3,13,0.6381858587265015
3,14,0.6392492055892944
3,15,0.6315727233886719
3,16,0.6404698491096497
3,17,0.6383335590362549
3,18,0.6337410807609558
3,19,0.629540205001831
3,20,0.6174323558807373
3,21,0.6150403618812561
3,22,0.626232385635376
3,23,0.6163372993469238
3,24,0.6051875352859497
3,25,0.6101639270782471
3,26,0.6223444938659668
3,27,0.6082101464271545
4,1,0.60982745885849
4,2,0.6027745604515076
4,3,0.6030313968658447
4,4,0.6207892298698425
4,5,0.6121765375137329
4,6,0.6029630899429321
4,7,0.6129196882247925
4,8,0.5998746156692505
4,9,0.5951321125030518
4,10,0.5963564515113831
4,11,0.5957980155944824
4,12,0.5915828943252563
4,13,0.5994028449058533
4,14,0.5938639044761658
4,15,0.5985889434814453
4,16,0.5905192494392395
4,17,0.5948571562767029
4,18,0.5852078199386597
4,19,0.5944328308105469
4,20,0.5858958959579468
4,21,0.5834391117095947
4,22,0.5881567001342773
4,23,0.5919167995452881
4,24,0.5937891006469727
4,25,0.575119137763977
4,26,0.5888323187828064
4,27,0.574459433555603
5,1,0.5828657150268555
5,2,0.5823978781700134
5,3,0.5671812295913696
5,4,0.5776978731155396
5,5,0.5739496946334839
5,6,0.5778279304504395
5,7,0.5702927112579346
5,8,0.5627866983413696
5,9,0.5673176050186157
5,10,0.5701198577880859
5,11,0.5671590566635132
5,12,0.5720515847206116
5,13,0.5729392766952515
5,14,0.5734176635742188
5,15,0.5732461810112
5,16,0.5658007860183716
5,17,0.572846531867981
5,18,0.5609166622161865
5,19,0.5629732608795166
5,20,0.5550503730773926
5,21,0.5572881102561951
5,22,0.563091516494751
5,23,0.5587910413742065
5,24,0.5710316896438599
5,25,0.5554794073104858
5,26,0.5642706155776978
5,27,0.5554242730140686
6,1,0.5493801236152649
6,2,0.5427775382995605
6,3,0.5590897798538208
6,4,0.5467644333839417
6,5,0.5482330322265625
6,6,0.555168628692627
6,7,0.5470906496047974
6,8,0.546249508857727
6,9,0.5381498336791992
6,10,0.5397471189498901
6,11,0.5335530042648315
6,12,0.5592166781425476
6,13,0.5487329959869385
6,14,0.5384486317634583
6,15,0.5380405187606812
6,16,0.5369721055030823
6,17,0.5338046550750732
6,18,0.5426055192947388
6,19,0.5379244685173035
6,20,0.5406384468078613
6,21,0.5335952043533325
6,22,0.5323851108551025
6,23,0.5289220809936523
6,24,0.5380910038948059
6,25,0.5277348756790161
6,26,0.5305013656616211
6,27,0.5282256603240967
7,1,0.5269913077354431
7,2,0.5313135385513306
7,3,0.517926812171936
7,4,0.5269871354103088
7,5,0.5181496739387512
7,6,0.5257900953292847
7,7,0.5294358134269714
7,8,0.5300227403640747
7,9,0.5234757661819458
7,10,0.5138483643531799
7,11,0.5141443014144897
7,12,0.5214264392852783
7,13,0.5093686580657959
7,14,0.5135661959648132
7,15,0.5153148770332336
7,16,0.5139307975769043
7,17,0.5124672055244446
7,18,0.5096856355667114
7,19,0.517146646976471
7,20,0.5247512459754944
7,21,0.5080446004867554
7,22,0.5256363749504089
7,23,0.5001855492591858
7,24,0.5113954544067383
7,25,0.5001485347747803
7,26,0.5043902397155762
7,27,0.5029263496398926
8,1,0.5043545961380005
8,2,0.5075811147689819
8,3,0.5144826173782349
8,4,0.5071882009506226
8,5,0.5009449124336243
8,6,0.5011554956436157
8,7,0.49160632491111755
8,8,0.4977204203605652
8,9,0.5017180442810059
8,10,0.48955878615379333
8,11,0.4926995038986206
8,12,0.4877839684486389
8,13,0.497261106967926
8,14,0.497555136680603
8,15,0.48683708906173706
8,16,0.48961031436920166
8,17,0.48361441493034363
8,18,0.5032811164855957
8,19,0.4854705333709717
8,20,0.4823072552680969
8,21,0.48460450768470764
8,22,0.4936973452568054
8,23,0.4792505204677582
8,24,0.49132251739501953
8,25,0.4794924855232239
8,26,0.4779254198074341
8,27,0.4907695949077606
9,1,0.48521342873573303
9,2,0.4792194366455078
9,3,0.48347336053848267
9,4,0.47739267349243164
9,5,0.48028916120529175
9,6,0.4734649360179901
9,7,0.4811820983886719
9,8,0.47777649760246277
9,9,0.4731594920158386
9,10,0.47067150473594666
9,11,0.47839033603668213
9,12,0.4761538803577423
9,13,0.4802888035774231
9,14,0.470581591129303
9,15,0.47893816232681274
9,16,0.4762071967124939
9,17,0.4793815016746521
9,18,0.46311140060424805
9,19,0.4620976448059082
9,20,0.46895962953567505
9,21,0.46550190448760986
9,22,0.4741155505180359
9,23,0.4701083302497864
9,24,0.4682212471961975
9,25,0.4698781371116638
9,26,0.4610387086868286
9,27,0.45770812034606934
10,1,0.4571783244609833
10,2,0.45819875597953796
10,3,0.47264498472213745
10,4,0.45844513177871704
10,5,0.4612552523612976
10,6,0.461975634098053
10,7,0.45592769980430603
10,8,0.4586278796195984
10,9,0.4530780613422394
10,10,0.4607256054878235
10,11,0.4393017888069153
10,12,0.4582567512989044
10,13,0.45143380761146545
10,14,0.4463505446910858
10,15,0.4543837904930115
10,16,0.44786959886550903
10,17,0.4494823217391968
10,18,0.4558139145374298
10,19,0.45019763708114624
10,20,0.4449639320373535
10,21,0.4498778283596039
10,22,0.4608229994773865
10,23,0.4359523355960846
10,24,0.4401448369026184
10,25,0.4438251852989197
10,26,0.44486886262893677
10,27,0.43858832120895386
11,1,0.4390740394592285
11,2,0.4391360580921173
11,3,0.43734991550445557
11,4,0.4428139328956604
11,5,0.4322507679462433
11,6,0.43679505586624146
11,7,0.44125211238861084
11,8,0.4356250762939453
11,9,0.43733978271484375
11,10,0.4295685887336731
11,11,0.4446355998516083
11,12,0.43434786796569824
11,13,0.4307209253311157
11,14,0.42615407705307007
11,15,0.4384145736694336
11,16,0.44989556074142456
11,17,0.4255969822406769
11,18,0.4298153519630432
11,19,0.4312601685523987
11,20,0.424428254365921
11,21,0.4285616874694824
11,22,0.428056001663208
11,23,0.41954517364501953
11,24,0.4202943444252014
11,25,0.4204461872577667
11,26,0.4207642078399658
11,27,0.43516838550567627
12,1,0.4286448061466217
12,2,0.42856770753860474
12,3,0.4153442978858948
12,4,0.4169135093688965
12,5,0.4247269332408905
12,6,0.42911043763160706
12,7,0.41911280155181885
12,8,0.4247703552246094
12,9,0.41590970754623413
12,10,0.4258168339729309
12,11,0.4155978560447693
12,12,0.4131937623023987
12,13,0.4116804003715515
12,14,0.4127993583679199
12,15,0.40956783294677734
12,16,0.41734573245048523
12,17,0.4114740490913391
12,18,0.4190623462200165
12,19,0.40874212980270386
12,20,0.4219304621219635
12,21,0.4116934537887573
12,22,0.4062424302101135
12,23,0.41011011600494385
12,24,0.41087549924850464
12,25,0.428411602973938
12,26,0.4109101891517639
12,27,0.40018635988235474
13,1,0.40128985047340393
13,2,0.4062865972518921
13,3,0.4086039066314697
13,4,0.4378022849559784
13,5,0.40237313508987427
13,6,0.40707826614379883
13,7,0.3986268639564514
13,8,0.41188281774520874
13,9,0.39930614829063416
13,10,0.4029560089111328
13,11,0.4054041802883148
13,12,0.39378347992897034
13,13,0.3988547623157501
13,14,0.40384042263031006
13,15,0.3988204598426819
13,16,0.3952123522758484
13,17,0.40384793281555176
13,18,0.397964209318161
13,19,0.4059267044067383
13,20,0.3991680443286896
13,21,0.4055146872997284
13,22,0.39957302808761597
13,23,0.38875114917755127
13,24,0.3972494602203369
13,25,0.3974321484565735
13,26,0.40714341402053833
13,27,0.39648669958114624
14,1,0.40349897742271423
14,2,0.3913842439651489
14,3,0.3999301791191101
14,4,0.38582485914230347
14,5,0.38453832268714905
14,6,0.38462114334106445
14,7,0.3873292803764343
14,8,0.3859904706478119
14,9,0.3786652684211731
14,10,0.38264939188957214
14,11,0.38686832785606384
14,12,0.38652515411376953
14,13,0.3808438181877136
14,14,0.3848720192909241
14,15,0.3880245089530945
14,16,0.3804866671562195
14,17,0.38054585456848145
14,18,0.37186259031295776
14,19,0.3856409788131714
14,20,0.37790173292160034
14,21,0.372869610786438
14,22,0.3816582262516022
14,23,0.38894882798194885
14,24,0.3778013586997986
14,25,0.3814327120780945
14,26,0.3807154893875122
14,27,0.375582218170166
15,1,0.3812596797943115
15,2,0.3735814094543457
15,3,0.37292927503585815
15,4,0.38051682710647583
15,5,0.3683805763721466
15,6,0.3695370554924011
15,7,0.38155344128608704
15,8,0.3717467188835144
15,9,0.3712572455406189
15,10,0.374599814414978
15,11,0.37625423073768616
15,12,0.3667370676994324
15,13,0.36396828293800354
15,14,0.37415817379951477
15,15,0.3628058433532715
15,16,0.3730408549308777
15,17,0.3672339916229248
15,18,0.3626057207584381
15,19,0.3722999691963196
15,20,0.36149653792381287
15,21,0.36670583486557007
15,22,0.36298811435699463
15,23,0.36450111865997314
15,24,0.3669488728046417
15,25,0.3681638836860657
15,26,0.36545366048812866
15,27,0.3635322153568268
16,1,0.3611143231391907
16,2,0.36228805780410767
16,3,0.3629140257835388
16,4,0.3626420497894287
16,5,0.365389883518219
16,6,0.37551426887512207
16,7,0.35608920454978943
16,8,0.35272929072380066
16,9,0.35733598470687866
16,10,0.36200740933418274
16,11,0.35483992099761963
16,12,0.35619452595710754
16,13,0.36310598254203796
16,14,0.3516307473182678
16,15,0.3519025444984436
16,16,0.3470115661621094
16,17,0.363029420375824
16,18,0.3518107235431671
16,19,0.35962969064712524
16,20,0.3543474078178406
16,21,0.3596714437007904
16,22,0.3542407751083374
16,23,0.35053470730781555
16,24,0.35518908500671387
16,25,0.3503723740577698
16,26,0.34683525562286377
16,27,0.34638071060180664
17,1,0.3471185564994812
17,2,0.35859906673431396
17,3,0.34825101494789124
17,4,0.34940844774246216
17,5,0.34596943855285645
17,6,0.34504371881484985
17,7,0.3461377024650574
17,8,0.3462078273296356
17,9,0.34364038705825806
17,10,0.3579396605491638
17,11,0.3365941345691681
17,12,0.3463252782821655
17,13,0.33643317222595215
17,14,0.3425774574279785
17,15,0.34239083528518677
17,16,0.34073418378829956
17,17,0.3446654677391052
17,18,0.3465712070465088
17,19,0.34090709686279297
17,20,0.34381234645843506
17,21,0.33363643288612366
17,22,0.3507310450077057
17,23,0.341450035572052
17,24,0.3597983121871948
17,25,0.33638519048690796
17,26,0.33681073784828186
17,27,0.3440055847167969
18,1,0.3343430459499359
18,2,0.3398743271827698
18,3,0.3339211046695709
18,4,0.33303946256637573
18,5,0.33011171221733093
18,6,0.3350776731967926
18,7,0.3357014060020447
18,8,0.3310188055038452
18,9,0.33287668228149414
18,10,0.34168538451194763
18,11,0.3274407982826233
18,12,0.33147263526916504
18,13,0.34092190861701965
18,14,0.3250359296798706
18,15,0.32437843084335327
18,16,0.3275531828403473
18,17,0.32995158433914185
18,18,0.3274034261703491
18,19,0.32171931862831116
18,20,0.3284788429737091
18,21,0.32876986265182495
18,22,0.32489603757858276
18,23,0.3285796642303467
18,24,0.3235757052898407
18,25,0.33334195613861084
18,26,0.3308459520339966
18,27,0.3282819986343384
19,1,0.3200591206550598
19,2,0.3251402974128723
19,3,0.3228283226490021
19,4,0.32163727283477783
19,5,0.3225844204425812
19,6,0.31695127487182617
19,7,0.3413617014884949
19,8,0.3178648352622986
19,9,0.3208654224872589
19,10,0.31301671266555786
19,11,0.31378573179244995
19,12,0.3169768452644348
19,13,0.314917653799057
19,14,0.31395405530929565
19,15,0.3157813847064972
19,16,0.30904582142829895
19,17,0.3123760223388672
19,18,0.31189417839050293
19,19,0.3123989701271057
19,20,0.3238484561443329
19,21,0.312757670879364
19,22,0.3146762251853943
19,23,0.31014978885650635
19,24,0.3072059452533722
19,25,0.3164489269256592
19,26,0.3209002614021301
19,27,0.309383749961853
20,1,0.3087092339992523
20,2,0.310347318649292
20,3,0.31281578540802
20,4,0.31812211871147156
20,5,0.3104286193847656
20,6,0.30516424775123596
20,7,0.3080214858055115
20,8,0.31067758798599243
20,9,0.3059004843235016
20,10,0.3073461055755615
20,11,0.320194274187088
20,12,0.31061702966690063
20,13,0.30734074115753174
20,14,0.3073808550834656
20,15,0.2995894253253937
20,16,0.30152666568756104
20,17,0.30729174613952637
20,18,0.30691009759902954
20,19,0.3037465214729309
20,20,0.29843422770500183
20,21,0.2994704842567444
20,22,0.30024081468582153
20,23,0.2963254749774933
20,24,0.3031703531742096
20,25,0.29765188694000244
20,26,0.30868005752563477
20,27,0.29673346877098083
21,1,0.293901264667511
21,2,0.2996451258659363
21,3,0.2970563769340515
21,4,0.2989714741706848
21,5,0.29659324884414673
21,6,0.30089396238327026
21,7,0.2953871786594391
21,8,0.2984054684638977
21,9,0.29317593574523926
21,10,0.29121047258377075
21,11,0.298848420381546
21,12,0.2988550066947937
21,13,0.2986234426498413
21,14,0.29865944385528564
21,15,0.30566126108169556
21,16,0.2941485643386841
21,17,0.2932925522327423
21,18,0.28588271141052246
21,19,0.2938871383666992
21,20,0.2966764569282532
21,21,0.28982013463974
21,22,0.3201918601989746
21,23,0.2969666123390198
21,24,0.2917136549949646
21,25,0.2906528115272522
21,26,0.29098236560821533
21,27,0.2893763780593872
22,1,0.29195886850357056
22,2,0.29566124081611633
22,3,0.2845974564552307
22,4,0.2831048369407654
22,5,0.2873574495315552
22,6,0.28538429737091064
22,7,0.2928144335746765
22,8,0.2843586206436157
22,9,0.28551343083381653
22,10,0.2838806211948395
22,11,0.27806469798088074
22,12,0.2869371771812439
22,13,0.2809700071811676
22,14,0.2896740138530731
22,15,0.2912268340587616
22,16,0.2982975244522095
22,17,0.28187257051467896
22,18,0.284686416387558
22,19,0.27862364053726196
22,20,0.2888609766960144
22,21,0.28308579325675964
22,22,0.28473010659217834
22,23,0.2808155417442322
22,24,0.28270605206489563
22,25,0.2764834761619568
22,26,0.2811843752861023
22,27,0.27859166264533997
23,1,0.27610868215560913
23,2,0.28506654500961304
23,3,0.27846312522888184
23,4,0.28184565901756287
23,5,0.2797306776046753
23,6,0.28193020820617676
23,7,0.27925950288772583
23,8,0.2861841022968292
23,9,0.27778521180152893
23,10,0.2779585123062134
23,11,0.2836630344390869
23,12,0.28145745396614075
23,13,0.2815103232860565
23,14,0.27663934230804443
23,15,0.2821451425552368
23,16,0.27552253007888794
23,17,0.281871497631073
23,18,0.27809345722198486
23,19,0.2724863886833191
23,20,0.2777249217033386
23,21,0.27090439200401306
23,22,0.26990923285484314
23,23,0.27187418937683105
23,24,0.26753753423690796
23,25,0.27056431770324707
23,26,0.27328914403915405
23,27,0.26869845390319824
24,1,0.2714560925960541
24,2,0.2665521800518036
24,3,0.2764365077018738
24,4,0.2735329866409302
24,5,0.2717139422893524
24,6,0.26987186074256897
24,7,0.26899343729019165
24,8,0.27350834012031555
24,9,0.2675277888774872
24,10,0.2652340531349182
24,11,0.26882249116897583
24,12,0.2657829821109772
24,13,0.26744580268859863
24,14,0.2749750018119812
24,15,0.2636238634586334
24,16,0.26388949155807495
24,17,0.2681988477706909
24,18,0.2653539478778839
24,19,0.26120495796203613
24,20,0.26417815685272217
24,21,0.26687368750572205
24,22,0.2667054235935211
24,23,0.265312135219574
24,24,0.26422256231307983
24,25,0.264213502407074
24,26,0.26233232021331787
24,27,0.2618619203567505
25,1,0.26274529099464417
25,2,0.2575739622116089
25,3,0.25934308767318726
25,4,0.2674503028392792
25,5,0.2565184235572815
25,6,0.26691901683807373
25,7,0.26571404933929443
25,8,0.2602120637893677
25,9,0.256095826625824
25,10,0.25941842794418335
25,11,0.26323455572128296
25,12,0.2565634548664093
25,13,0.2559002935886383
25,14,0.28705987334251404
25,15,0.26103103160858154
25,16,0.2586190104484558
25,17,0.26165491342544556
25,18,0.2667357623577118
25,19,0.2616036534309387
25,20,0.26491934061050415
25,21,0.27438586950302124
25,22,0.2599484324455261
25,23,0.26410365104675293
25,24,0.25696414709091187
25,25,0.25221961736679077
25,26,0.2610752582550049
25,27,0.25914984941482544
26,1,0.25929880142211914
26,2,0.25688716769218445
26,3,0.25860628485679626
26,4,0.2603744566440582
26,5,0.2522777318954468
26,6,0.2549322247505188
26,7,0.2530614137649536
26,8,0.25550130009651184
26,9,0.25253111124038696
26,10,0.24856439232826233
26,11,0.2535018026828766
26,12,0.2581462860107422
26,13,0.24974839389324188
26,14,0.25919124484062195
26,15,0.24942094087600708
26,16,0.25144466757774353
26,17,0.2626310884952545
26,18,0.2524431347846985
26,19,0.25187039375305176
26,20,0.24969981610774994
26,21,0.24885807931423187
26,22,0.24873431026935577
26,23,0.2514682114124298
26,24,0.2509557902812958
26,25,0.2462620735168457
26,26,0.24768415093421936
26,27,0.24568778276443481
27,1,0.24615079164505005
27,2,0.24783174693584442
27,3,0.25247126817703247
27,4,0.2502889335155487
27,5,0.25060704350471497
27,6,0.24993553757667542
27,7,0.2483832985162735
27,8,0.24380052089691162
27,9,0.23969584703445435
27,10,0.24585497379302979
27,11,0.24249893426895142
27,12,0.24617627263069153
27,13,0.24527618288993835
27,14,0.25592437386512756
27,15,0.24624772369861603
27,16,0.24393148720264435
27,17,0.24311858415603638
27,18,0.2433902621269226
27,19,0.25534746050834656
27,20,0.2465514838695526
27,21,0.2528747022151947
27,22,0.24296219646930695
27,23,0.24089178442955017
27,24,0.2429448515176773
27,25,0.24701730906963348
27,26,0.2404177486896515
27,27,0.24161690473556519
28,1,0.2509267330169678
28,2,0.24213066697120667
28,3,0.2393854260444641
28,4,0.2386106550693512
28,5,0.2500360608100891
28,6,0.2352912276983261
28,7,0.2357195019721985
28,8,0.23631224036216736
28,9,0.23144349455833435
28,10,0.24181677401065826
28,11,0.23685938119888306
28,12,0.2368268370628357
28,13,0.2449382245540619
28,14,0.23260384798049927
28,15,0.23905523121356964
28,16,0.23819327354431152
28,17,0.2380555272102356
28,18,0.2366449385881424
28,19,0.23857036232948303
28,20,0.24611791968345642
28,21,0.2357862889766693
28,22,0.23457595705986023
28,23,0.23946864902973175
28,24,0.23497048020362854
28,25,0.24011635780334473
28,26,0.2373683750629425
28,27,0.23374536633491516
29,1,0.23905538022518158
29,2,0.2370738387107849
29,3,0.229661226272583
29,4,0.23719415068626404
29,5,0.23801153898239136
29,6,0.2380865514278412
29,7,0.2350248396396637
29,8,0.2287687063217163
29,9,0.23154997825622559
29,10,0.23115229606628418
29,11,0.2432917356491089
29,12,0.23249420523643494
29,13,0.23239471018314362
29,14,0.23472777009010315
29,15,0.232781320810318
29,16,0.23284301161766052
29,17,0.22591787576675415
29,18,0.23147907853126526
29,19,0.23291662335395813
29,20,0.22847750782966614
29,21,0.2289925217628479
29,22,0.23180733621120453
29,23,0.22929340600967407
29,24,0.2295132577419281
29,25,0.23174551129341125
29,26,0.23040279746055603
29,27,0.22735640406608582
30,1,0.22546082735061646
30,2,0.2247229963541031
30,3,0.23255044221878052
30,4,0.22344748675823212
30,5,0.23004230856895447
30,6,0.21978631615638733
30,7,0.23222675919532776
30,8,0.22612851858139038
30,9,0.23021945357322693
30,10,0.22680673003196716
30,11,0.23185670375823975
30,12,0.23200669884681702
30,13,0.22716942429542542
30,14,0.23439376056194305
30,15,0.22385191917419434
30,16,0.23204714059829712
30,17,0.22709447145462036
30,18,0.22388699650764465
30,19,0.23066025972366333
30,20,0.2253505289554596
30,21,0.22993765771389008
30,22,0.22395864129066467
30,23,0.22709894180297852
30,24,0.22442787885665894
30,25,0.22586984932422638
30,26,0.22408711910247803
30,27,0.22517484426498413
31,1,0.2231648713350296
31,2,0.22316937148571014
31,3,0.21873284876346588
31,4,0.21922796964645386
31,5,0.22242629528045654
31,6,0.22173331677913666
31,7,0.2254379689693451
31,8,0.21999351680278778
31,9,0.2213284969329834
31,10,0.22048664093017578
31,11,0.2219993621110916
31,12,0.21750414371490479
31,13,0.22748738527297974
31,14,0.22780238091945648
31,15,0.222086563706398
31,16,0.21751359105110168
31,17,0.2234242558479309
31,18,0.22099420428276062
31,19,0.21988728642463684
31,20,0.21928934752941132
31,21,0.21794553101062775
31,22,0.21961966156959534
31,23,0.23263297975063324
31,24,0.21574874222278595
31,25,0.22386804223060608
31,26,0.2167075276374817
31,27,0.2136654108762741
32,1,0.21787717938423157
32,2,0.2326868176460266
32,3,0.21599093079566956
32,4,0.2217065691947937
32,5,0.21379750967025757
32,6,0.21501976251602173
32,7,0.23087570071220398
32,8,0.23111923038959503
32,9,0.21335911750793457
32,10,0.21341687440872192
32,11,0.21343550086021423
32,12,0.21543817222118378
32,13,0.21535494923591614
32,14,0.2159929871559143
32,15,0.2125503420829773
32,16,0.21748831868171692
32,17,0.2128065824508667
32,18,0.2132950872182846
32,19,0.21636775135993958
32,20,0.2128894329071045
32,21,0.2162787765264511
32,22,0.22211652994155884
32,23,0.2107929289340973
32,24,0.21097764372825623
32,25,0.21193869411945343
32,26,0.21019667387008667
32,27,0.21162833273410797
33,1,0.21721576154232025
33,2,0.2079402059316635
33,3,0.2120368778705597
33,4,0.211300790309906
33,5,0.2181738317012787
33,6,0.21162424981594086
33,7,0.21187880635261536
33,8,0.20955927670001984
33,9,0.2316361516714096
33,10,0.21625274419784546
33,11,0.21149896085262299
33,12,0.20768627524375916
33,13,0.21162492036819458
33,14,0.21305057406425476
33,15,0.21351882815361023
33,16,0.20807169377803802
33,17,0.21520200371742249
33,18,0.20903277397155762
33,19,0.21186068654060364
33,20,0.21574805676937103
33,21,0.21575820446014404
33,22,0.20970124006271362
33,23,0.21601355075836182
33,24,0.21156609058380127
33,25,0.20838609337806702
33,26,0.20549091696739197
33,27,0.21210941672325134
34,1,0.20956501364707947
34,2,0.2105751782655716
34,3,0.2057035267353058
34,4,0.21242648363113403
34,5,0.2053869217634201
34,6,0.20535792410373688
34,7,0.20606115460395813
34,8,0.20388489961624146
34,9,0.20546141266822815
34,10,0.20642182230949402
34,11,0.20847797393798828
34,12,0.21325111389160156
34,13,0.21090172231197357
34,14,0.20391422510147095
34,15,0.20619873702526093
34,16,0.2107744663953781
34,17,0.20058897137641907
34,18,0.20461221039295197
34,19,0.215475931763649
34,20,0.20590348541736603
34,21,0.20324543118476868
34,22,0.20361681282520294
34,23,0.222164586186409
34,24,0.2059151977300644
34,25,0.2081952691078186
34,26,0.2049572467803955
34,27,0.20349568128585815
35,1,0.20130613446235657
35,2,0.2035961151123047
35,3,0.21874304115772247
35,4,0.2080574929714203
35,5,0.20439308881759644
35,6,0.2009565383195877
35,7,0.20408621430397034
35,8,0.20511558651924133
35,9,0.202912837266922
35,10,0.207479327917099
35,11,0.20064367353916168
35,12,0.20411336421966553
35,13,0.20000189542770386
35,14,0.2031235247850418
35,15,0.20544344186782837
35,16,0.2002350091934204
35,17,0.22386007010936737
35,18,0.1994444727897644
35,19,0.20124416053295135
35,20,0.20640966296195984
35,21,0.203597754240036
35,22,0.22148920595645905
35,23,0.19720694422721863
35,24,0.2068365514278412
35,25,0.19976723194122314
35,26,0.2031642198562622
35,27,0.20702961087226868
36,1,0.19584321975708008
36,2,0.2011212557554245
36,3,0.20126570761203766
36,4,0.19845081865787506
36,5,0.2040381282567978
36,6,0.1983322650194168
36,7,0.19818933308124542
36,8,0.19733557105064392
36,9,0.19925826787948608
36,10,0.20012719929218292
36,11,0.19585683941841125
36,12,0.1966070532798767
36,13,0.2210896909236908
36,14,0.20384445786476135
36,15,0.19809679687023163
36,16,0.19748377799987793
36,17,0.20021237432956696
36,18,0.19492176175117493
36,19,0.1971556842327118
36,20,0.19571718573570251
36,21,0.19357043504714966
36,22,0.19407957792282104
36,23,0.20155306160449982
36,24,0.19819878041744232
36,25,0.19562381505966187
36,26,0.20058798789978027
36,27,0.1936817169189453
37,1,0.21165329217910767
37,2,0.19595475494861603
37,3,0.21135008335113525
37,4,0.19343028962612152
37,5,0.1977461874485016
37,6,0.1945687085390091
37,7,0.19217820465564728
37,8,0.1926514357328415
37,9,0.18916462361812592
37,10,0.19225458800792694
37,11,0.20538829267024994
37,12,0.19268108904361725
37,13,0.19526006281375885
37,14,0.1936338245868683
37,15,0.19855880737304688
37,16,0.19484293460845947
37,17,0.19619503617286682
37,18,0.19945132732391357
37,19,0.19358208775520325
37,20,0.19756197929382324
37,21,0.19051414728164673
37,22,0.19388660788536072
37,23,0.19281956553459167
37,24,0.20786890387535095
37,25,0.19174796342849731
37,26,0.19175460934638977
37,27,0.19067320227622986
38,1,0.1910001039505005
38,2,0.18924680352210999
38,3,0.19366613030433655
38,4,0.2015182375907898
38,5,0.19318200647830963
38,6,0.1911098212003708
38,7,0.19854620099067688
38,8,0.19303545355796814
38,9,0.19122490286827087
38,10,0.1932319551706314
38,11,0.19040463864803314
38,12,0.19028137624263763
38,13,0.19282779097557068
38,14,0.19033201038837433
38,15,0.19166094064712524
38,16,0.18943670392036438
38,17,0.19185051321983337
38,18,0.1945328414440155
38,19,0.19218964874744415
38,20,0.19521893560886383
38,21,0.1898583471775055
38,22,0.18753297626972198
38,23,0.19044360518455505
38,24,0.18677157163619995
38,25,0.18921180069446564
38,26,0.19812701642513275
38,27,0.18659228086471558
39,1,0.19377662241458893
39,2,0.18942774832248688
39,3,0.18402427434921265
39,4,0.18846189975738525
39,5,0.1857471466064453
39,6,0.1901157796382904
39,7,0.19084793329238892
39,8,0.18603694438934326
39,9,0.18422751128673553
39,10,0.1846785992383957
39,11,0.1851285994052887
39,12,0.18797868490219116
39,13,0.18700434267520905
39,14,0.1880328357219696
39,15,0.18587705492973328
39,16,0.18796215951442719
39,17,0.19189849495887756
39,18,0.183669775724411
39,19,0.18359191715717316
39,20,0.1854584962129593
39,21,0.18724241852760315
39,22,0.18749961256980896
39,23,0.18591976165771484
39,24,0.18945252895355225
39,25,0.185545414686203
39,26,0.18423119187355042
39,27,0.18550755083560944
40,1,0.18474602699279785
40,2,0.18381425738334656
40,3,0.18523763120174408
40,4,0.1843159794807434
40,5,0.18168377876281738
40,6,0.18693046271800995
40,7,0.18817129731178284
40,8,0.18375137448310852
40,9,0.18293750286102295
40,10,0.1844843477010727
40,11,0.18530571460723877
40,12,0.182924285531044
40,13,0.1786762773990631
40,14,0.18862265348434448
40,15,0.18751680850982666
40,16,0.18299546837806702
40,17,0.18253090977668762
40,18,0.17992541193962097
40,19,0.18970203399658203
40,20,0.18194547295570374
40,21,0.18160931766033173
40,22,0.18060731887817383
40,23,0.1817428171634674
40,24,0.18064934015274048
40,25,0.19618409872055054
40,26,0.17968110740184784
40,27,0.18050286173820496
41,1,0.17946098744869232
41,2,0.18151861429214478
41,3,0.17891503870487213
41,4,0.17931659519672394
41,5,0.18004725873470306
41,6,0.18355175852775574
41,7,0.1806083619594574
41,8,0.18152892589569092
41,9,0.21180269122123718
41,10,0.17779698967933655
41,11,0.17956432700157166
41,12,0.17972904443740845
41,13,0.1799543797969818
41,14,0.1828611195087433
41,15,0.17727318406105042
41,16,0.1779683381319046
41,17,0.17904101312160492
41,18,0.18233588337898254
41,19,0.18229961395263672
41,20,0.17717275023460388
41,21,0.18092815577983856
41,22,0.17909309267997742
41,23,0.18131880462169647
41,24,0.1880846917629242
41,25,0.17936773598194122
41,26,0.17894522845745087
41,27,0.17826619744300842
42,1,0.17658564448356628
42,2,0.1768282800912857
42,3,0.18784812092781067
42,4,0.18057656288146973
42,5,0.18494907021522522
42,6,0.17485129833221436
42,7,0.176670104265213
42,8,0.17581556737422943
42,9,0.1770646870136261
42,10,0.17443294823169708
42,11,0.17989997565746307
42,12,0.17844772338867188
42,13,0.1754503697156906
42,14,0.17771410942077637
42,15,0.17723265290260315
42,16,0.18033933639526367
42,17,0.17493797838687897
42,18,0.17657440900802612
42,19,0.18002408742904663
42,20,0.1761089563369751
42,21,0.17194026708602905
42,22,0.1830107867717743
42,23,0.18386419117450714
42,24,0.1773044764995575
42,25,0.18820443749427795
42,26,0.17675596475601196
42,27,0.17554371058940887
43,1,0.17856821417808533
43,2,0.17465148866176605
43,3,0.1754365861415863
43,4,0.17363053560256958
43,5,0.17206117510795593
43,6,0.1761799454689026
43,7,0.17596964538097382
43,8,0.1825091689825058
43,9,0.17786775529384613
43,10,0.18485815823078156
43,11,0.17499500513076782
43,12,0.17823666334152222
43,13,0.17360424995422363
43,14,0.17226317524909973
43,15,0.17157450318336487
43,16,0.1725538671016693
43,17,0.17511382699012756
43,18,0.17847570776939392
43,19,0.17558610439300537
43,20,0.17863872647285461
43,21,0.1719980090856552
43,22,0.17234045267105103
43,23,0.17353813350200653
43,24,0.17355775833129883
43,25,0.1710951328277588
43,26,0.173195019364357
43,27,0.17524386942386627
44,1,0.17150869965553284
44,2,0.17252905666828156
44,3,0.17392703890800476
44,4,0.17440178990364075
44,5,0.18886470794677734
44,6,0.1718829721212387
44,7,0.17063026130199432
44,8,0.17254918813705444
44,9,0.16781574487686157
44,10,0.1741476058959961
44,11,0.17519891262054443
44,12,0.17197835445404053
44,13,0.16880172491073608
44,14,0.17537617683410645
44,15,0.1694241464138031
44,16,0.17712752521038055
44,17,0.16951361298561096
44,18,0.1723099648952484
44,19,0.1706373691558838
44,20,0.17075839638710022
44,21,0.17107634246349335
44,22,0.16987980902194977
44,23,0.17183230817317963
44,24,0.17057353258132935
44,25,0.18642517924308777
44,26,0.17021259665489197
44,27,0.1735527217388153
45,1,0.17121431231498718
45,2,0.16937905550003052
45,3,0.1742672622203827
45,4,0.18026351928710938
45,5,0.1710871160030365
45,6,0.16614699363708496
45,7,0.16648231446743011
45,8,0.1692211776971817
45,9,0.16822993755340576
45,10,0.17674773931503296
45,11,0.1722869575023651
45,12,0.17103174328804016
45,13,0.17034822702407837
45,14,0.16828511655330658
45,15,0.16965264081954956
45,16,0.16715505719184875
45,17,0.16931387782096863
45,18,0.1730768084526062
45,19,0.17368674278259277
45,20,0.16999170184135437
45,21,0.16606496274471283
45,22,0.16989676654338837
45,23,0.16646365821361542
45,24,0.17030256986618042
45,25,0.17080967128276825
45,26,0.17139258980751038
45,27,0.1666986644268036
46,1,0.16651473939418793
46,2,0.166446715593338
46,3,0.16849076747894287
46,4,0.17076680064201355
46,5,0.17046847939491272
46,6,0.16833026707172394
46,7,0.16898837685585022
46,8,0.16531741619110107
46,9,0.17779433727264404
46,10,0.1677871197462082
46,11,0.16489166021347046
46,12,0.16499105095863342
46,13,0.16572442650794983
46,14,0.17156796157360077
46,15,0.17426803708076477
46,16,0.16761630773544312
46,17,0.16724637150764465
46,18,0.1646193265914917
46,19,0.19051647186279297
46,20,0.16512684524059296
46,21,0.1627884805202484
46,22,0.1662883162498474
46,23,0.16738486289978027
46,24,0.17153063416481018
46,25,0.16655504703521729
46,26,0.1650727391242981
46,27,0.16575226187705994
47,1,0.1662752479314804
47,2,0.16615669429302216
47,3,0.16321958601474762
47,4,0.16704264283180237
47,5,0.16416513919830322
47,6,0.16742944717407227
47,7,0.1612721085548401
47,8,0.1773514747619629
47,9,0.16283024847507477
47,10,0.16554993391036987
47,11,0.1698988527059555
47,12,0.16040316224098206
47,13,0.16489355266094208
47,14,0.1698477417230606
47,15,0.16493363678455353
47,16,0.16299080848693848
47,17,0.1628565490245819
47,18,0.16641218960285187
47,19,0.16479842364788055
47,20,0.1654234677553177
47,21,0.16355955600738525
47,22,0.16162684559822083
47,23,0.16672775149345398
47,24,0.16221049427986145
47,25,0.16026130318641663
47,26,0.16354702413082123
47,27,0.16386257112026215
48,1,0.16133132576942444
48,2,0.16412797570228577
48,3,0.1618795394897461
48,4,0.1635921150445938
48,5,0.16316983103752136
48,6,0.16084979474544525
48,7,0.16633325815200806
48,8,0.15675058960914612
48,9,0.16471903026103973
48,10,0.16193580627441406
48,11,0.1641291379928589
48,12,0.15843477845191956
48,13,0.1638960838317871
48,14,0.15983393788337708
48,15,0.1598280966281891
48,16,0.1591445505619049
48,17,0.16084592044353485
48,18,0.16984909772872925
48,19,0.16265004873275757
48,20,0.16427546739578247
48,21,0.16288875043392181
48,22,0.1629830002784729
48,23,0.1634356528520584
48,24,0.16035041213035583
48,25,0.16036270558834076
48,26,0.16206558048725128
48,27,0.16128236055374146
49,1,0.15662476420402527
49,2,0.16056811809539795
49,3,0.15891166031360626
49,4,0.1663205325603485
49,5,0.16175000369548798
49,6,0.16906598210334778
49,7,0.15973344445228577
49,8,0.15781715512275696
49,9,0.16213515400886536
49,10,0.15544471144676208
49,11,0.160566508769989
49,12,0.1682516634464264
49,13,0.16179125010967255
49,14,0.16759206354618073
49,15,0.15526455640792847
49,16,0.1602899134159088
49,17,0.16266483068466187
49,18,0.15970289707183838
49,19,0.15938445925712585
49,20,0.15899690985679626
49,21,0.159602552652359
49,22,0.15660718083381653
49,23,0.16437853872776031
49,24,0.15847961604595184
49,25,0.15749606490135193
49,26,0.1616862416267395
49,27,0.16309286653995514
50,1,0.16134540736675262
50,2,0.1570599526166916
50,3,0.15768179297447205
50,4,0.16225606203079224
50,5,0.15774229168891907
50,6,0.15794521570205688
50,7,0.15972870588302612
50,8,0.1553584337234497
50,9,0.16185784339904785
50,10,0.16102288663387299
50,11,0.15711747109889984
50,12,0.15737120807170868
50,13,0.15789398550987244
50,14,0.18380238115787506
50,15,0.15548869967460632
50,16,0.15610548853874207
50,17,0.15504467487335205
50,18,0.15557461977005005
50,19,0.15934215486049652
50,20,0.15408161282539368
50,21,0.1573132574558258
50,22,0.15395322442054749
50,23,0.15693339705467224
50,24,0.1586986929178238
50,25,0.15459975600242615
50,26,0.15513776242733002
50,27,0.15504688024520874
