epoch,step,loss
1,1,1.063795566558838
1,2,1.039945125579834
1,3,1.023162841796875
1,4,1.0075827836990356
1,5,0.9929807782173157
1,6,0.9852370023727417
1,7,0.975357174873352
1,8,0.9644117951393127
1,9,0.9534050822257996
1,10,0.9438669681549072
1,11,0.93266761302948
1,12,0.9249814748764038
1,13,0.9174603223800659
1,14,0.9074389934539795
1,15,0.8982239961624146
1,16,0.8896710872650146
1,17,0.8794921636581421
1,18,0.871930718421936
1,19,0.8593772649765015
1,20,0.8553897738456726
1,21,0.84568190574646
1,22,0.836624264717102
1,23,0.8312774896621704
1,24,0.8234063982963562
1,25,0.8131923079490662
1,26,0.801172137260437
1,27,0.7936212420463562
1,28,0.7903308868408203
2,1,0.7855879664421082
2,2,0.7779579162597656
2,3,0.7686082124710083
2,4,0.7604233026504517
2,5,0.7561773061752319
2,6,0.7404314279556274
2,7,0.7505096197128296
2,8,0.7336167097091675
2,9,0.7363905906677246
2,10,0.7249876260757446
2,11,0.7215675115585327
2,12,0.7251396179199219
2,13,0.7232406139373779
2,14,0.7121176719665527
2,15,0.7022726535797119
2,16,0.7001657485961914
2,17,0.6966804265975952
2,18,0.688430666923523
2,19,0.6985083818435669
2,20,0.6919017434120178
2,21,0.6906575560569763
2,22,0.6762811541557312
2,23,0.6761544942855835
2,24,0.6916153430938721
2,25,0.6722584962844849
2,26,0.6675336360931396
2,27,0.6645059585571289
3,1,0.6610701084136963
3,2,0.6501302719116211
3,3,0.6671541929244995
3,4,0.6567503809928894
3,5,0.6554970741271973
3,6,0.6670101881027222
3,7,0.6523157358169556
3,8,0.6447958946228027
3,9,0.6527040004730225
3,10,0.6445106863975525
3,11,0.6564409732818604
3,12,0.6355106830596924
3,13,0.6461576223373413
3,14,0.6542414426803589
3,15,0.64000403881073
3,16,0.6438106298446655
3,17,0.644373893737793
3,18,0.6406777501106262
3,19,0.6381360292434692
3,20,0.6244124174118042
3,21,0.6231057643890381
3,22,0.6327875852584839
3,23,0.6217472553253174
3,24,0.6096526384353638
3,25,0.6167906522750854
3,26,0.6275871992111206
3,27,0.6170511245727539
4,1,0.6163953542709351
4,2,0.6093314290046692
4,3,0.6094303131103516
4,4,0.6246623992919922
4,5,0.6171643137931824
4,6,0.6114479303359985
4,7,0.618748664855957
4,8,0.6067523956298828
4,9,0.6029764413833618
4,10,0.6012544631958008
4,11,0.5990203619003296
4,12,0.596841037273407
4,13,0.6050432324409485
4,14,0.5983350276947021
4,15,0.6053885221481323
4,16,0.5977791547775269
4,17,0.5985561609268188
4,18,0.5907161235809326
4,19,0.6005457639694214
4,20,0.5905696153640747
4,21,0.587857186794281
4,22,0.5957465767860413
4,23,0.5984689593315125
4,24,0.5923616886138916
4,25,0.5780441761016846
4,26,0.5937964916229248
4,27,0.5741012096405029
5,1,0.5836896300315857
5,2,0.5857913494110107
5,3,0.5700525045394897
5,4,0.5828187465667725
5,5,0.5788422226905823
5,6,0.5803101062774658
5,7,0.5739610195159912
5,8,0.5663940906524658
5,9,0.5653282403945923
5,10,0.5708791017532349
5,11,0.5688380599021912
5,12,0.5708298087120056
5,13,0.5716143846511841
5,14,0.5763494968414307
5,15,0.5738332867622375
5,16,0.5682104825973511
5,17,0.5720142126083374
5,18,0.5602315068244934
5,19,0.5647105574607849
5,20,0.5595508813858032
5,21,0.5590581893920898
5,22,0.5657813549041748
5,23,0.5618978142738342
5,24,0.5702375769615173
5,25,0.5571485757827759
5,26,0.5658153295516968
5,27,0.5554333329200745
6,1,0.5497932434082031
6,2,0.545394778251648
6,3,0.5607830286026001
6,4,0.552845299243927
6,5,0.5511066913604736
6,6,0.5593682527542114
6,7,0.5478212833404541
6,8,0.5498442053794861
6,9,0.5374565124511719
6,10,0.539600133895874
6,11,0.535163402557373
6,12,0.5570712685585022
6,13,0.5483341813087463
6,14,0.539313793182373
6,15,0.5382001399993896
6,16,0.5403251647949219
6,17,0.5342293977737427
6,18,0.5397192239761353
6,19,0.5374912619590759
6,20,0.5399779081344604
6,21,0.5347439050674438
6,22,0.5313922166824341
6,23,0.5308578014373779
6,24,0.5347564220428467
6,25,0.528430700302124
6,26,0.5309306979179382
6,27,0.5259580016136169
7,1,0.5295267105102539
7,2,0.5316992402076721
7,3,0.5214657783508301
7,4,0.5264962911605835
7,5,0.5194976329803467
7,6,0.5277965068817139
7,7,0.5294705629348755
7,8,0.5229455828666687
7,9,0.524511992931366
7,10,0.5149967074394226
7,11,0.5132805109024048
7,12,0.5200904607772827
7,13,0.5098295211791992
7,14,0.5143370628356934
7,15,0.5098521709442139
7,16,0.5170353651046753
7,17,0.51069176197052
7,18,0.5072046518325806
7,19,0.515203595161438
7,20,0.5267088413238525
7,21,0.5067138671875
7,22,0.5222407579421997
7,23,0.5013153553009033
7,24,0.5117084980010986
7,25,0.49986135959625244
7,26,0.5051809549331665
7,27,0.5037696361541748
8,1,0.5026754140853882
8,2,0.5086699724197388
8,3,0.5186094641685486
8,4,0.5083004236221313
8,5,0.5027747750282288
8,6,0.505550742149353
8,7,0.4935765564441681
8,8,0.5013951063156128
8,9,0.5062739849090576
8,10,0.4902017116546631
8,11,0.4942135810852051
8,12,0.488556832075119
8,13,0.4969041645526886
8,14,0.5039130449295044
8,15,0.4955883026123047
8,16,0.4929276704788208
8,17,0.483320951461792
8,18,0.5037842988967896
8,19,0.48770061135292053
8,20,0.4852100610733032
8,21,0.4863818287849426
8,22,0.495769202709198
8,23,0.480759859085083
8,24,0.49118277430534363
8,25,0.4823264479637146
8,26,0.47827595472335815
8,27,0.4844418168067932
9,1,0.4808329939842224
9,2,0.4772835969924927
9,3,0.4826119542121887
9,4,0.4800775945186615
9,5,0.48096513748168945
9,6,0.47543036937713623
9,7,0.4850229024887085
9,8,0.4810411036014557
9,9,0.4746834635734558
9,10,0.4734044373035431
9,11,0.4779011011123657
9,12,0.4768531322479248
9,13,0.47974085807800293
9,14,0.47022929787635803
9,15,0.4761110842227936
9,16,0.47925591468811035
9,17,0.47868776321411133
9,18,0.46262240409851074
9,19,0.4601057767868042
9,20,0.4668741226196289
9,21,0.4635252356529236
9,22,0.46647998690605164
9,23,0.4715174436569214
9,24,0.46634799242019653
9,25,0.47017520666122437
9,26,0.4600263237953186
9,27,0.4586135447025299
10,1,0.4548438787460327
10,2,0.4587147831916809
10,3,0.46992936730384827
10,4,0.46266472339630127
10,5,0.4596598446369171
10,6,0.46003028750419617
10,7,0.4525778889656067
10,8,0.4599415063858032
10,9,0.4534735083580017
10,10,0.46379682421684265
10,11,0.4392409026622772
10,12,0.4594668745994568
10,13,0.45524370670318604
10,14,0.45369699597358704
10,15,0.45152273774147034
10,16,0.445467472076416
10,17,0.46186673641204834
10,18,0.45846524834632874
10,19,0.45035529136657715
10,20,0.4463097155094147
10,21,0.4517979621887207
10,22,0.4628508687019348
10,23,0.4382045269012451
10,24,0.4408867359161377
10,25,0.4420546889305115
10,26,0.4470721185207367
10,27,0.4396974444389343
11,1,0.4342539310455322
11,2,0.43941184878349304
11,3,0.436922550201416
11,4,0.44201159477233887
11,5,0.4323626160621643
11,6,0.43609175086021423
11,7,0.44371306896209717
11,8,0.43730825185775757
11,9,0.43694832921028137
11,10,0.4302554726600647
11,11,0.44231730699539185
11,12,0.4368302822113037
11,13,0.4313231408596039
11,14,0.4272236227989197
11,15,0.4388144612312317
11,16,0.4481052756309509
11,17,0.42671874165534973
11,18,0.43228161334991455
11,19,0.4354976415634155
11,20,0.4269753098487854
11,21,0.4305555820465088
11,22,0.4293687045574188
11,23,0.4214245080947876
11,24,0.422130286693573
11,25,0.4220259487628937
11,26,0.4217732548713684
11,27,0.43745771050453186
12,1,0.4308862090110779
12,2,0.427526593208313
12,3,0.41741371154785156
12,4,0.418607234954834
12,5,0.4252440929412842
12,6,0.42939746379852295
12,7,0.4212843179702759
12,8,0.4235715866088867
12,9,0.41828855872154236
12,10,0.42432400584220886
12,11,0.41531336307525635
12,12,0.4158817231655121
12,13,0.4144800305366516
12,14,0.4116710424423218
12,15,0.4093722701072693
12,16,0.4203641712665558
12,17,0.41267791390419006
12,18,0.4193631708621979
12,19,0.4095221757888794
12,20,0.4234583377838135
12,21,0.4115338623523712
12,22,0.4076923727989197
12,23,0.4080359637737274
12,24,0.4099457859992981
12,25,0.4297187328338623
12,26,0.41205522418022156
12,27,0.4003322720527649
13,1,0.40548181533813477
13,2,0.40565645694732666
13,3,0.4099830389022827
13,4,0.44940513372421265
13,5,0.40265995264053345
13,6,0.4016799330711365
13,7,0.40132883191108704
13,8,0.41768980026245117
13,9,0.40073516964912415
13,10,0.4090707302093506
13,11,0.4080573320388794
13,12,0.39933329820632935
13,13,0.4016672372817993
13,14,0.4113612771034241
13,15,0.4030567407608032
13,16,0.39960387349128723
13,17,0.40841659903526306
13,18,0.40094345808029175
13,19,0.4081243872642517
13,20,0.40604883432388306
13,21,0.4217277467250824
13,22,0.40389159321784973
13,23,0.3937976360321045
13,24,0.4065513014793396
13,25,0.40497201681137085
13,26,0.411258339881897
13,27,0.4004783034324646
14,1,0.40814048051834106
14,2,0.3965359330177307
14,3,0.4050864577293396
14,4,0.3897209167480469
14,5,0.388235867023468
14,6,0.38931477069854736
14,7,0.3947250247001648
14,8,0.3905808925628662
14,9,0.38215526938438416
14,10,0.3944021463394165
14,11,0.39071041345596313
14,12,0.3892095983028412
14,13,0.3844601809978485
14,14,0.390705406665802
14,15,0.3877716660499573
14,16,0.383450448513031
14,17,0.38443487882614136
14,18,0.3741875886917114
14,19,0.38900792598724365
14,20,0.3809938430786133
14,21,0.37560606002807617
14,22,0.38719481229782104
14,23,0.3923528790473938
14,24,0.3904055953025818
14,25,0.38838356733322144
14,26,0.3818409740924835
14,27,0.3815755844116211
15,1,0.3889501094818115
15,2,0.38529807329177856
15,3,0.3802599310874939
15,4,0.3848859667778015
15,5,0.37821340560913086
15,6,0.37447744607925415
15,7,0.3925958275794983
15,8,0.3762809932231903
15,9,0.38051921129226685
15,10,0.38140860199928284
15,11,0.37796297669410706
15,12,0.3698425889015198
15,13,0.37082603573799133
15,14,0.37755852937698364
15,15,0.3709588646888733
15,16,0.37774401903152466
15,17,0.37202465534210205
15,18,0.3700236678123474
15,19,0.3736291527748108
15,20,0.36672425270080566
15,21,0.3737484812736511
15,22,0.36357831954956055
15,23,0.3712906837463379
15,24,0.37009766697883606
15,25,0.3710471987724304
15,26,0.3678419291973114
15,27,0.36171165108680725
16,1,0.3687461018562317
16,2,0.3650553226470947
16,3,0.3696460425853729
16,4,0.36607086658477783
16,5,0.36778876185417175
16,6,0.37324410676956177
16,7,0.3573022782802582
16,8,0.3535754382610321
16,9,0.3607499599456787
16,10,0.36590033769607544
16,11,0.3583545982837677
16,12,0.35892099142074585
16,13,0.3663836121559143
16,14,0.3518761396408081
16,15,0.3570805788040161
16,16,0.3506312370300293
16,17,0.3664640188217163
16,18,0.3536474108695984
16,19,0.35958895087242126
16,20,0.3563214838504791
16,21,0.3627479076385498
16,22,0.3594180941581726
16,23,0.35274598002433777
16,24,0.36009716987609863
16,25,0.35591360926628113
16,26,0.3504425585269928
16,27,0.3492041528224945
17,1,0.34323954582214355
17,2,0.3662930130958557
17,3,0.34971868991851807
17,4,0.35106703639030457
17,5,0.3544437289237976
17,6,0.3448329567909241
17,7,0.3516935706138611
17,8,0.3465292453765869
17,9,0.3494873642921448
17,10,0.3631744384765625
17,11,0.334538996219635
17,12,0.3493275046348572
17,13,0.3372129797935486
17,14,0.3436075448989868
17,15,0.3498501181602478
17,16,0.3432247042655945
17,17,0.3414200246334076
17,18,0.3415886163711548
17,19,0.3414504826068878
17,20,0.3435046076774597
17,21,0.33590930700302124
17,22,0.3453845679759979
17,23,0.34375616908073425
17,24,0.3594857454299927
17,25,0.34099066257476807
17,26,0.335646390914917
17,27,0.3460291028022766
18,1,0.33569130301475525
18,2,0.3412778973579407
18,3,0.33978670835494995
18,4,0.33352184295654297
18,5,0.33492711186408997
18,6,0.3338877856731415
18,7,0.3368954658508301
18,8,0.3329460024833679
18,9,0.3309839069843292
18,10,0.3432421386241913
18,11,0.32916662096977234
18,12,0.3343687057495117
18,13,0.33668237924575806
18,14,0.3247441053390503
18,15,0.32144835591316223
18,16,0.3265697956085205
18,17,0.32771962881088257
18,18,0.3339395523071289
18,19,0.3202608823776245
18,20,0.3295392394065857
18,21,0.33135348558425903
18,22,0.32443755865097046
18,23,0.32903972268104553
18,24,0.3257671296596527
18,25,0.33035212755203247
18,26,0.33137059211730957
18,27,0.327897846698761
19,1,0.32347530126571655
19,2,0.3278322219848633
19,3,0.3237748146057129
19,4,0.32333487272262573
19,5,0.3274962604045868
19,6,0.3182796239852905
19,7,0.33038389682769775
19,8,0.3211449980735779
19,9,0.32078054547309875
19,10,0.312934547662735
19,11,0.31237125396728516
19,12,0.3184717893600464
19,13,0.31475383043289185
19,14,0.3155835270881653
19,15,0.3153458535671234
19,16,0.3108665943145752
19,17,0.3128449022769928
19,18,0.3118113577365875
19,19,0.3127458989620209
19,20,0.3278350234031677
19,21,0.30972111225128174
19,22,0.3146454691886902
19,23,0.31589192152023315
19,24,0.3064914345741272
19,25,0.3190234899520874
19,26,0.31436049938201904
19,27,0.31609323620796204
20,1,0.30853426456451416
20,2,0.31327420473098755
20,3,0.31431150436401367
20,4,0.32130226492881775
20,5,0.3158818781375885
20,6,0.3048297166824341
20,7,0.30963408946990967
20,8,0.31030040979385376
20,9,0.3101840019226074
20,10,0.30480945110321045
20,11,0.3227367699146271
20,12,0.3138793110847473
20,13,0.30290302634239197
20,14,0.3062530755996704
20,15,0.3001021444797516
20,16,0.3019832372665405
20,17,0.3071138262748718
20,18,0.30840304493904114
20,19,0.3046714663505554
20,20,0.29842591285705566
20,21,0.3001117706298828
20,22,0.3015146553516388
20,23,0.2968335747718811
20,24,0.298399418592453
20,25,0.3034682273864746
20,26,0.3067178726196289
20,27,0.29525190591812134
21,1,0.2938675880432129
21,2,0.3030381202697754
21,3,0.30258578062057495
21,4,0.30191847681999207
21,5,0.2941572070121765
21,6,0.30874115228652954
21,7,0.2960929274559021
21,8,0.2975001931190491
21,9,0.29350465536117554
21,10,0.29433929920196533
21,11,0.3041277229785919
21,12,0.3016805648803711
21,13,0.3005061447620392
21,14,0.2988460659980774
21,15,0.2949809432029724
21,16,0.29331615567207336
21,17,0.29112717509269714
21,18,0.28724056482315063
21,19,0.29379886388778687
21,20,0.30449044704437256
21,21,0.2914741337299347
21,22,0.3195127546787262
21,23,0.28968942165374756
21,24,0.29064488410949707
21,25,0.28946375846862793
21,26,0.29097476601600647
21,27,0.2906023859977722
22,1,0.2929115891456604
22,2,0.2929325997829437
22,3,0.28456443548202515
22,4,0.28303107619285583
22,5,0.2875783145427704
22,6,0.28827574849128723
22,7,0.29246726632118225
22,8,0.28248435258865356
22,9,0.28614184260368347
22,10,0.28441834449768066
22,11,0.2769489884376526
22,12,0.2873210906982422
22,13,0.2803403437137604
22,14,0.2863959074020386
22,15,0.2896808385848999
22,16,0.29191434383392334
22,17,0.2821524739265442
22,18,0.28126972913742065
22,19,0.2789825201034546
22,20,0.28608494997024536
22,21,0.283640056848526
22,22,0.28506505489349365
22,23,0.2800225615501404
22,24,0.28257715702056885
22,25,0.2800678014755249
22,26,0.2821063697338104
22,27,0.28045037388801575
23,1,0.27716097235679626
23,2,0.2812027931213379
23,3,0.27909496426582336
23,4,0.2828686237335205
23,5,0.2798823118209839
23,6,0.2806110382080078
23,7,0.27656078338623047
23,8,0.28404951095581055
23,9,0.2789931297302246
23,10,0.28260695934295654
23,11,0.28960785269737244
23,12,0.277834951877594
23,13,0.28009575605392456
23,14,0.27661317586898804
23,15,0.27455639839172363
23,16,0.2717762589454651
23,17,0.2773965299129486
23,18,0.2765386700630188
23,19,0.27072441577911377
23,20,0.27479660511016846
23,21,0.26998478174209595
23,22,0.27030181884765625
23,23,0.27150243520736694
23,24,0.26519525051116943
23,25,0.2700139284133911
23,26,0.2722284197807312
23,27,0.2673477530479431
24,1,0.26782840490341187
24,2,0.2650991380214691
24,3,0.269413560628891
24,4,0.2700515389442444
24,5,0.2689984142780304
24,6,0.2704123854637146
24,7,0.2675313949584961
24,8,0.27633848786354065
24,9,0.2670475244522095
24,10,0.26466524600982666
24,11,0.2688697278499603
24,12,0.27167436480522156
24,13,0.26602065563201904
24,14,0.2692302465438843
24,15,0.2630811929702759
24,16,0.2615446448326111
24,17,0.26477542519569397
24,18,0.26538002490997314
24,19,0.2598777711391449
24,20,0.265816330909729
24,21,0.26695722341537476
24,22,0.2649519443511963
24,23,0.26352864503860474
24,24,0.2672390043735504
24,25,0.26334136724472046
24,26,0.26044097542762756
24,27,0.2599875032901764
25,1,0.26126188039779663
25,2,0.2567771077156067
25,3,0.25645899772644043
25,4,0.26609376072883606
25,5,0.2563088536262512
25,6,0.2606532573699951
25,7,0.25810348987579346
25,8,0.2606380581855774
25,9,0.2555304765701294
25,10,0.2586567997932434
25,11,0.25855493545532227
25,12,0.25756657123565674
25,13,0.2528388798236847
25,14,0.28799450397491455
25,15,0.2629248797893524
25,16,0.2592080235481262
25,17,0.26452556252479553
25,18,0.2567647397518158
25,19,0.25709640979766846
25,20,0.2621108293533325
25,21,0.26448744535446167
25,22,0.2567022144794464
25,23,0.2612348198890686
25,24,0.25417354702949524
25,25,0.25155115127563477
25,26,0.2658826410770416
25,27,0.2577372193336487
26,1,0.25469163060188293
26,2,0.25611233711242676
26,3,0.25386691093444824
26,4,0.2592675983905792
26,5,0.24883875250816345
26,6,0.2527090609073639
26,7,0.2525998055934906
26,8,0.2502208352088928
26,9,0.2503930926322937
26,10,0.24719083309173584
26,11,0.2530355453491211
26,12,0.25362497568130493
26,13,0.24723586440086365
26,14,0.2538551092147827
26,15,0.24987584352493286
26,16,0.25263112783432007
26,17,0.2627858519554138
26,18,0.2498406022787094
26,19,0.2541235685348511
26,20,0.25170689821243286
26,21,0.250588595867157
26,22,0.24634873867034912
26,23,0.25088202953338623
26,24,0.25020354986190796
26,25,0.24506732821464539
26,26,0.24657224118709564
26,27,0.2445487678050995
27,1,0.24438068270683289
27,2,0.25143811106681824
27,3,0.24916473031044006
27,4,0.2505122423171997
27,5,0.2505837678909302
27,6,0.2484787404537201
27,7,0.24598495662212372
27,8,0.2415943443775177
27,9,0.24045462906360626
27,10,0.242449551820755
27,11,0.24099254608154297
27,12,0.24399137496948242
27,13,0.2419312298297882
27,14,0.25085335969924927
27,15,0.2461060881614685
27,16,0.2432558238506317
27,17,0.2433972954750061
27,18,0.24351812899112701
27,19,0.24543222784996033
27,20,0.24310562014579773
27,21,0.24323421716690063
27,22,0.23994740843772888
27,23,0.2385576069355011
27,24,0.24058084189891815
27,25,0.2430625855922699
27,26,0.24178838729858398
27,27,0.24135279655456543
28,1,0.24836230278015137
28,2,0.24042043089866638
28,3,0.23866258561611176
28,4,0.23620429635047913
28,5,0.2510952055454254
28,6,0.23421961069107056
28,7,0.23527833819389343
28,8,0.23380506038665771
28,9,0.2290734350681305
28,10,0.23908737301826477
28,11,0.23393981158733368
28,12,0.2358933985233307
28,13,0.2461898922920227
28,14,0.23161792755126953
28,15,0.2364848405122757
28,16,0.2376232147216797
28,17,0.23691312968730927
28,18,0.23602914810180664
28,19,0.23796126246452332
28,20,0.2418368011713028
28,21,0.23454365134239197
28,22,0.23247411847114563
28,23,0.23840786516666412
28,24,0.2321353405714035
28,25,0.23328173160552979
28,26,0.2376330941915512
28,27,0.2319217324256897
29,1,0.23989106714725494
29,2,0.23706963658332825
29,3,0.22961589694023132
29,4,0.23655936121940613
29,5,0.23415717482566833
29,6,0.23202893137931824
29,7,0.23784905672073364
29,8,0.22792194783687592
29,9,0.22968289256095886
29,10,0.22937867045402527
29,11,0.23884230852127075
29,12,0.2328578531742096
29,13,0.23066920042037964
29,14,0.23318305611610413
29,15,0.23044273257255554
29,16,0.23114052414894104
29,17,0.22514906525611877
29,18,0.2298678159713745
29,19,0.23083451390266418
29,20,0.2300497442483902
29,21,0.2304808497428894
29,22,0.23051120340824127
29,23,0.228114515542984
29,24,0.22781582176685333
29,25,0.22957992553710938
29,26,0.23042312264442444
29,27,0.22718806564807892
30,1,0.2241949439048767
30,2,0.22331590950489044
30,3,0.2423023283481598
30,4,0.2238522171974182
30,5,0.2292557656764984
30,6,0.22063782811164856
30,7,0.2272627204656601
30,8,0.22452114522457123
30,9,0.22902144491672516
30,10,0.2259424328804016
30,11,0.23161807656288147
30,12,0.23020875453948975
30,13,0.22533339262008667
30,14,0.23386093974113464
30,15,0.2242908477783203
30,16,0.23392705619335175
30,17,0.22485873103141785
30,18,0.22345459461212158
30,19,0.2283538430929184
30,20,0.22486193478107452
30,21,0.2290479987859726
30,22,0.22255060076713562
30,23,0.2240806370973587
30,24,0.22239035367965698
30,25,0.2250070720911026
30,26,0.22410359978675842
30,27,0.22321054339408875
31,1,0.2208150327205658
31,2,0.22225365042686462
31,3,0.21823975443840027
31,4,0.2178659290075302
31,5,0.2198828160762787
31,6,0.2228967249393463
31,7,0.22608421742916107
31,8,0.2231907695531845
31,9,0.22069010138511658
31,10,0.22161000967025757
31,11,0.22123897075653076
31,12,0.21634432673454285
31,13,0.22346293926239014
31,14,0.22267615795135498
31,15,0.21958903968334198
31,16,0.21613681316375732
31,17,0.2231966257095337
31,18,0.2201569676399231
31,19,0.22486945986747742
31,20,0.2188834846019745
31,21,0.21721217036247253
31,22,0.22054986655712128
31,23,0.22309653460979462
31,24,0.21404194831848145
31,25,0.22500473260879517
31,26,0.21416816115379333
31,27,0.2128925919532776
32,1,0.21683159470558167
32,2,0.22509083151817322
32,3,0.21473440527915955
32,4,0.2341611683368683
32,5,0.2126757800579071
32,6,0.2159825563430786
32,7,0.22689497470855713
32,8,0.22529272735118866
32,9,0.2131592035293579
32,10,0.21188849210739136
32,11,0.21371674537658691
32,12,0.21490295231342316
32,13,0.21609370410442352
32,14,0.21435490250587463
32,15,0.2117912471294403
32,16,0.21428422629833221
32,17,0.21163639426231384
32,18,0.21321925520896912
32,19,0.2156868278980255
32,20,0.21126526594161987
32,21,0.21304289996623993
32,22,0.2192760556936264
32,23,0.20903122425079346
32,24,0.2117900252342224
32,25,0.2116122543811798
32,26,0.21008414030075073
32,27,0.21431516110897064
33,1,0.21697783470153809
33,2,0.20694200694561005
33,3,0.2099628448486328
33,4,0.20896561443805695
33,5,0.21384215354919434
33,6,0.2100319266319275
33,7,0.21170243620872498
33,8,0.20781904458999634
33,9,0.23194919526576996
33,10,0.20883317291736603
33,11,0.21057453751564026
33,12,0.20580771565437317
33,13,0.21223948895931244
33,14,0.20850887894630432
33,15,0.21292591094970703
33,16,0.20577427744865417
33,17,0.20907460153102875
33,18,0.2074776291847229
33,19,0.21062593162059784
33,20,0.21021118760108948
33,21,0.2171509861946106
33,22,0.20732836425304413
33,23,0.20804396271705627
33,24,0.20806975662708282
33,25,0.21072059869766235
33,26,0.2069065123796463
33,27,0.21001341938972473
34,1,0.2048482894897461
34,2,0.20317259430885315
34,3,0.20334120094776154
34,4,0.20922815799713135
34,5,0.2029491811990738
34,6,0.20471228659152985
34,7,0.20458781719207764
34,8,0.20171327888965607
34,9,0.20357076823711395
34,10,0.20348772406578064
34,11,0.20547285676002502
34,12,0.21415747702121735
34,13,0.21512526273727417
34,14,0.20203131437301636
34,15,0.20676961541175842
34,16,0.20365546643733978
34,17,0.20179888606071472
34,18,0.2027025818824768
34,19,0.20964498817920685
34,20,0.20442929863929749
34,21,0.20450958609580994
34,22,0.2032792866230011
34,23,0.22106611728668213
34,24,0.20515353977680206
34,25,0.20546719431877136
34,26,0.20478132367134094
34,27,0.2029849886894226
35,1,0.20013709366321564
35,2,0.20106765627861023
35,3,0.2059134840965271
35,4,0.20578111708164215
35,5,0.2029370218515396
35,6,0.1994747817516327
35,7,0.2024904191493988
35,8,0.203233003616333
35,9,0.199665367603302
35,10,0.2032412588596344
35,11,0.19733300805091858
35,12,0.19947032630443573
35,13,0.1984778344631195
35,14,0.20005857944488525
35,15,0.20022207498550415
35,16,0.198207825422287
35,17,0.21482598781585693
35,18,0.19750049710273743
35,19,0.19851656258106232
35,20,0.19674909114837646
35,21,0.2011953890323639
35,22,0.22230525314807892
35,23,0.1959720104932785
35,24,0.20274776220321655
35,25,0.1999046802520752
35,26,0.2001962810754776
35,27,0.20405244827270508
36,1,0.19409070909023285
36,2,0.19976863265037537
36,3,0.19916729629039764
36,4,0.1991887241601944
36,5,0.2016189843416214
36,6,0.19729501008987427
36,7,0.19727641344070435
36,8,0.19585148990154266
36,9,0.19816112518310547
36,10,0.19803710281848907
36,11,0.19430285692214966
36,12,0.1952173113822937
36,13,0.209341898560524
36,14,0.20310357213020325
36,15,0.19584204256534576
36,16,0.19494947791099548
36,17,0.194877028465271
36,18,0.1934834122657776
36,19,0.19633841514587402
36,20,0.1943150758743286
36,21,0.19282616674900055
36,22,0.1924346685409546
36,23,0.1989225149154663
36,24,0.19918471574783325
36,25,0.1958363652229309
36,26,0.19686594605445862
36,27,0.19151872396469116
37,1,0.20504644513130188
37,2,0.1906154900789261
37,3,0.20780527591705322
37,4,0.19181014597415924
37,5,0.19546903669834137
37,6,0.1906556934118271
37,7,0.19065901637077332
37,8,0.19176992774009705
37,9,0.18791812658309937
37,10,0.19063539803028107
37,11,0.1974620223045349
37,12,0.1908959001302719
37,13,0.1926851123571396
37,14,0.19182920455932617
37,15,0.1963806450366974
37,16,0.19189214706420898
37,17,0.19329766929149628
37,18,0.19572040438652039
37,19,0.19215434789657593
37,20,0.1949373185634613
37,21,0.1871032416820526
37,22,0.1907411515712738
37,23,0.19092771410942078
37,24,0.192815899848938
37,25,0.18842440843582153
37,26,0.1904294788837433
37,27,0.18851494789123535
38,1,0.18954268097877502
38,2,0.18693609535694122
38,3,0.18983225524425507
38,4,0.1959724724292755
38,5,0.19012436270713806
38,6,0.19097983837127686
38,7,0.19671310484409332
38,8,0.19052650034427643
38,9,0.18974712491035461
38,10,0.1886214315891266
38,11,0.18749403953552246
38,12,0.1892489790916443
38,13,0.19231969118118286
38,14,0.18829727172851562
38,15,0.18928667902946472
38,16,0.18679697811603546
38,17,0.1843336820602417
38,18,0.1917300969362259
38,19,0.1922203004360199
38,20,0.19193366169929504
38,21,0.18734431266784668
38,22,0.1856343299150467
38,23,0.18146269023418427
38,24,0.18421480059623718
38,25,0.18593783676624298
38,26,0.1954462230205536
38,27,0.18382039666175842
39,1,0.1901625543832779
39,2,0.18716223537921906
39,3,0.1820780336856842
39,4,0.1852928251028061
39,5,0.1842694878578186
39,6,0.1862749457359314
39,7,0.18507784605026245
39,8,0.18940839171409607
39,9,0.18174296617507935
39,10,0.18196482956409454
39,11,0.1844511777162552
39,12,0.1851559430360794
39,13,0.1863463670015335
39,14,0.1856653392314911
39,15,0.18391209840774536
39,16,0.18535739183425903
39,17,0.18770788609981537
39,18,0.18183863162994385
39,19,0.1831553727388382
39,20,0.18336577713489532
39,21,0.1848095804452896
39,22,0.18452779948711395
39,23,0.18663185834884644
39,24,0.18819531798362732
39,25,0.18605461716651917
39,26,0.18319883942604065
39,27,0.18403589725494385
40,1,0.18270380795001984
40,2,0.18203982710838318
40,3,0.18282006680965424
40,4,0.1824924498796463
40,5,0.1802944839000702
40,6,0.18581008911132812
40,7,0.1851506531238556
40,8,0.18164683878421783
40,9,0.18156778812408447
40,10,0.18327954411506653
40,11,0.18420055508613586
40,12,0.18071985244750977
40,13,0.17729520797729492
40,14,0.18213534355163574
40,15,0.18676334619522095
40,16,0.18119113147258759
40,17,0.18124526739120483
40,18,0.1784578561782837
40,19,0.1892111748456955
40,20,0.17936983704566956
40,21,0.17981819808483124
40,22,0.17807619273662567
40,23,0.17943955957889557
40,24,0.17910322546958923
40,25,0.19815507531166077
40,26,0.17746107280254364
40,27,0.1783679872751236
41,1,0.17816457152366638
41,2,0.18051910400390625
41,3,0.17535966634750366
41,4,0.1788601577281952
41,5,0.17985296249389648
41,6,0.18430843949317932
41,7,0.17936624586582184
41,8,0.17982974648475647
41,9,0.20059409737586975
41,10,0.17675277590751648
41,11,0.18196508288383484
41,12,0.17845162749290466
41,13,0.18101578950881958
41,14,0.18271437287330627
41,15,0.1756356656551361
41,16,0.17708919942378998
41,17,0.17617318034172058
41,18,0.1813586950302124
41,19,0.17935702204704285
41,20,0.1747020035982132
41,21,0.1789395660161972
41,22,0.1764223873615265
41,23,0.17932364344596863
41,24,0.18328046798706055
41,25,0.17880494892597198
41,26,0.17612406611442566
41,27,0.18204300105571747
42,1,0.1745128184556961
42,2,0.17483219504356384
42,3,0.18314462900161743
42,4,0.17818377912044525
42,5,0.17762956023216248
42,6,0.17367962002754211
42,7,0.1747758984565735
42,8,0.17401400208473206
42,9,0.17556630074977875
42,10,0.17303308844566345
42,11,0.1766977459192276
42,12,0.17655883729457855
42,13,0.17205895483493805
42,14,0.17510369420051575
42,15,0.17721256613731384
42,16,0.18549440801143646
42,17,0.17245621979236603
42,18,0.1754746437072754
42,19,0.1791112720966339
42,20,0.1745166778564453
42,21,0.1703534722328186
42,22,0.18006432056427002
42,23,0.17978179454803467
42,24,0.17262622714042664
42,25,0.18583232164382935
42,26,0.17525187134742737
42,27,0.17354223132133484
43,1,0.17419105768203735
43,2,0.17241500318050385
43,3,0.1742284744977951
43,4,0.17208285629749298
43,5,0.17073169350624084
43,6,0.17576731741428375
43,7,0.17416003346443176
43,8,0.1834408938884735
43,9,0.17503675818443298
43,10,0.1857597529888153
43,11,0.17422233521938324
43,12,0.17530497908592224
43,13,0.1724599003791809
43,14,0.17191530764102936
43,15,0.17038178443908691
43,16,0.17062422633171082
43,17,0.17161741852760315
43,18,0.17856261134147644
43,19,0.17318275570869446
43,20,0.18269571661949158
43,21,0.17061348259449005
43,22,0.17026059329509735
43,23,0.1745193600654602
43,24,0.17265820503234863
43,25,0.1697906106710434
43,26,0.17005771398544312
43,27,0.1737023890018463
44,1,0.16872963309288025
44,2,0.17139005661010742
44,3,0.1733618825674057
44,4,0.17114822566509247
44,5,0.18859753012657166
44,6,0.17058458924293518
44,7,0.169200137257576
44,8,0.17139741778373718
44,9,0.16671687364578247
44,10,0.1727348268032074
44,11,0.17413344979286194
44,12,0.1707637906074524
44,13,0.1675902009010315
44,14,0.18312731385231018
44,15,0.16946102678775787
44,16,0.1744040846824646
44,17,0.1692982316017151
44,18,0.17005203664302826
44,19,0.17100323736667633
44,20,0.17499756813049316
44,21,0.16955000162124634
44,22,0.16710525751113892
44,23,0.17061881721019745
44,24,0.1701957732439041
44,25,0.18820777535438538
44,26,0.17167390882968903
44,27,0.17133060097694397
45,1,0.1702592968940735
45,2,0.16993990540504456
45,3,0.1719665229320526
45,4,0.18037116527557373
45,5,0.16998541355133057
45,6,0.1658116579055786
45,7,0.16619950532913208
45,8,0.1688852608203888
45,9,0.16700813174247742
45,10,0.17621132731437683
45,11,0.17538127303123474
45,12,0.16861021518707275
45,13,0.16935864090919495
45,14,0.16731733083724976
45,15,0.17086175084114075
45,16,0.16481226682662964
45,17,0.16753941774368286
45,18,0.17132538557052612
45,19,0.1662473976612091
45,20,0.16907943785190582
45,21,0.1654607355594635
45,22,0.16889837384223938
45,23,0.169046089053154
45,24,0.16803590953350067
45,25,0.16472718119621277
45,26,0.16844265162944794
45,27,0.16666173934936523
46,1,0.1649264693260193
46,2,0.16474352777004242
46,3,0.1665056198835373
46,4,0.1659923791885376
46,5,0.17644605040550232
46,6,0.16512732207775116
46,7,0.16672614216804504
46,8,0.16451990604400635
46,9,0.16711488366127014
46,10,0.16684961318969727
46,11,0.16320136189460754
46,12,0.16326448321342468
46,13,0.1680239737033844
46,14,0.1682288944721222
46,15,0.16403409838676453
46,16,0.1690615713596344
46,17,0.16410493850708008
46,18,0.16359984874725342
46,19,0.19699569046497345
46,20,0.1632363200187683
46,21,0.15984834730625153
46,22,0.16505804657936096
46,23,0.16975420713424683
46,24,0.17563895881175995
46,25,0.16564927995204926
46,26,0.16453050076961517
46,27,0.1672990620136261
47,1,0.16774985194206238
47,2,0.17179009318351746
47,3,0.16307003796100616
47,4,0.1713598370552063
47,5,0.16487309336662292
47,6,0.17672275006771088
47,7,0.16031920909881592
47,8,0.17811298370361328
47,9,0.16218829154968262
47,10,0.16184309124946594
47,11,0.1681026816368103
47,12,0.1601320207118988
47,13,0.16494545340538025
47,14,0.18123318254947662
47,15,0.16362705826759338
47,16,0.16471853852272034
47,17,0.1611916720867157
47,18,0.16512779891490936
47,19,0.16363342106342316
47,20,0.16406232118606567
47,21,0.17007708549499512
47,22,0.16102080047130585
47,23,0.167358860373497
47,24,0.16039630770683289
47,25,0.16017745435237885
47,26,0.17325538396835327
47,27,0.1622026264667511
48,1,0.1609366238117218
48,2,0.16344356536865234
48,3,0.1598263680934906
48,4,0.16242627799510956
48,5,0.16287492215633392
48,6,0.1598518043756485
48,7,0.16887514293193817
48,8,0.15566584467887878
48,9,0.16219595074653625
48,10,0.16069099307060242
48,11,0.16182053089141846
48,12,0.1572209596633911
48,13,0.16291029751300812
48,14,0.15995940566062927
48,15,0.15853331983089447
48,16,0.15827709436416626
48,17,0.16003566980361938
48,18,0.16398051381111145
48,19,0.16185490787029266
48,20,0.16118678450584412
48,21,0.16247262060642242
48,22,0.16246767342090607
48,23,0.1655345857143402
48,24,0.1592109203338623
48,25,0.15741008520126343
48,26,0.16338284313678741
48,27,0.16013967990875244
49,1,0.15551592409610748
49,2,0.16081130504608154
49,3,0.15804967284202576
49,4,0.16588115692138672
49,5,0.16158294677734375
49,6,0.1629680097103119
49,7,0.15775156021118164
49,8,0.15703502297401428
49,9,0.1584916114807129
49,10,0.15432846546173096
49,11,0.15835583209991455
49,12,0.16656389832496643
49,13,0.15911579132080078
49,14,0.16591474413871765
49,15,0.15412165224552155
49,16,0.15785285830497742
49,17,0.16094227135181427
49,18,0.15766742825508118
49,19,0.15739738941192627
49,20,0.15685604512691498
49,21,0.1567969173192978
49,22,0.15438756346702576
49,23,0.16442930698394775
49,24,0.15769027173519135
49,25,0.15530605614185333
49,26,0.1559179723262787
49,27,0.16207878291606903
50,1,0.16048690676689148
50,2,0.15502461791038513
50,3,0.15439410507678986
50,4,0.15953156352043152
50,5,0.15617960691452026
50,6,0.15480810403823853
50,7,0.15915937721729279
50,8,0.15386858582496643
50,9,0.15879684686660767
50,10,0.16155070066452026
50,11,0.15464287996292114
50,12,0.15622812509536743
50,13,0.15605396032333374
50,14,0.17921224236488342
50,15,0.15452054142951965
50,16,0.15401826798915863
50,17,0.15306949615478516
50,18,0.15445874631404877
50,19,0.15640246868133545
50,20,0.15256188809871674
50,21,0.15532468259334564
50,22,0.1528395116329193
50,23,0.1552100032567978
50,24,0.15912997722625732
50,25,0.1538422852754593
50,26,0.15384991466999054
50,27,0.15298685431480408
