epoch,step,loss
1,1,4.761680603027344
1,2,4.684410095214844
1,3,4.656196594238281
1,4,4.538566589355469
1,5,4.459815979003906
1,6,4.589564800262451
2,1,4.246925354003906
2,2,4.2059783935546875
2,3,4.1545867919921875
2,4,4.147377014160156
2,5,4.077369689941406
3,1,4.0012969970703125
3,2,3.919036865234375
3,3,3.925548553466797
3,4,3.8360023498535156
3,5,3.7773056030273438
4,1,3.701824188232422
4,2,3.6623992919921875
4,3,3.5932464599609375
4,4,3.507282257080078
4,5,3.471517562866211
5,1,3.371366500854492
5,2,3.348888397216797
5,3,3.3110103607177734
5,4,3.29522705078125
5,5,3.185736656188965
6,1,3.1131114959716797
6,2,3.0375423431396484
6,3,2.9785451889038086
6,4,2.9495737552642822
6,5,2.976850986480713
7,1,2.774831771850586
7,2,2.763455867767334
7,3,2.8929920196533203
7,4,2.8187308311462402
7,5,2.6271655559539795
8,1,2.5130300521850586
8,2,2.5698342323303223
8,3,2.5408148765563965
8,4,2.4143667221069336
8,5,2.528463363647461
9,1,2.3936614990234375
9,2,2.3824124336242676
9,3,2.3405368328094482
9,4,2.2207798957824707
9,5,2.209341287612915
10,1,2.1352529525756836
10,2,2.135211944580078
10,3,2.210622787475586
10,4,2.0468297004699707
10,5,2.1911988258361816
11,1,2.0709526538848877
11,2,1.9651635885238647
11,3,2.1542201042175293
11,4,1.8483901023864746
11,5,1.7911577224731445
12,1,1.832535982131958
12,2,1.7981740236282349
12,3,1.7290620803833008
12,4,1.7701449394226074
12,5,1.7331950664520264
13,1,1.7323871850967407
13,2,1.7477226257324219
13,3,1.720401406288147
13,4,1.5932526588439941
13,5,1.70298433303833
14,1,1.5756268501281738
14,2,1.5936716794967651
14,3,1.6340205669403076
14,4,1.4848577976226807
14,5,1.4705528020858765
15,1,1.4820606708526611
15,2,1.3211719989776611
15,3,1.4263277053833008
15,4,1.3883037567138672
15,5,1.4168870449066162
16,1,1.5518701076507568
16,2,1.4300154447555542
16,3,1.2898321151733398
16,4,1.3969106674194336
16,5,1.2650333642959595
17,1,1.259537935256958
17,2,1.140751600265503
17,3,1.3660799264907837
17,4,1.162147045135498
17,5,1.171858787536621
18,1,1.1408233642578125
18,2,1.3765592575073242
18,3,1.2290010452270508
18,4,1.1267204284667969
18,5,1.1938387155532837
19,1,1.0557334423065186
19,2,1.016485333442688
19,3,1.2755029201507568
19,4,1.106268286705017
19,5,1.1093028783798218
20,1,1.0052839517593384
20,2,0.9328747987747192
20,3,1.0486927032470703
20,4,1.0587645769119263
20,5,1.0285658836364746
21,1,0.9358344674110413
21,2,0.9360927939414978
21,3,0.9288077354431152
21,4,0.9509332180023193
21,5,0.9544806480407715
22,1,0.9213347434997559
22,2,0.9625996351242065
22,3,0.8123554587364197
22,4,0.794636070728302
22,5,0.9084012508392334
23,1,0.9736879467964172
23,2,0.7505065202713013
23,3,1.020678162574768
23,4,0.9362343549728394
23,5,0.8550333380699158
24,1,0.7874355912208557
24,2,0.8497108817100525
24,3,0.8653472065925598
24,4,0.70867520570755
24,5,0.8651255369186401
25,1,0.7938898801803589
25,2,0.695970892906189
25,3,0.891045331954956
25,4,0.8742983341217041
25,5,0.7676829099655151
26,1,0.8469571471214294
26,2,0.902249813079834
26,3,0.7020273804664612
26,4,0.6454644203186035
26,5,0.6898108720779419
27,1,0.6923768520355225
27,2,0.747244656085968
27,3,0.7711910009384155
27,4,0.7240432500839233
27,5,0.8853796124458313
28,1,0.6145977973937988
28,2,0.5602591037750244
28,3,0.6378376483917236
28,4,0.538083016872406
28,5,0.6936300992965698
29,1,0.733427882194519
29,2,0.6440266370773315
29,3,0.5373233556747437
29,4,0.7631483674049377
29,5,0.6939153075218201
30,1,0.5128871202468872
30,2,0.5698052644729614
30,3,0.5296728014945984
30,4,0.5884913802146912
30,5,0.7339721918106079
31,1,0.5154945850372314
31,2,0.5604288578033447
31,3,0.5950256586074829
31,4,0.4624226689338684
31,5,0.7387868165969849
32,1,0.423118531703949
32,2,0.5710732936859131
32,3,0.45270833373069763
32,4,0.5165703296661377
32,5,0.490858256816864
33,1,0.5530873537063599
33,2,0.3933827877044678
33,3,0.44920432567596436
33,4,0.49304264783859253
33,5,0.43061333894729614
34,1,0.5209399461746216
34,2,0.3811969757080078
34,3,0.43442752957344055
34,4,0.4530913233757019
34,5,0.5864391326904297
35,1,0.5332255363464355
35,2,0.47470423579216003
35,3,0.38693830370903015
35,4,0.6622081398963928
35,5,0.44226589798927307
36,1,0.3733242154121399
36,2,0.7013120651245117
36,3,0.46441036462783813
36,4,0.38323062658309937
36,5,0.39215824007987976
37,1,0.5400832891464233
37,2,0.4320210814476013
37,3,0.4852921962738037
37,4,0.35500675439834595
37,5,0.430661678314209
38,1,0.3986167907714844
38,2,0.42667630314826965
38,3,0.39149242639541626
38,4,0.44233518838882446
38,5,0.41798272728919983
39,1,0.36633986234664917
39,2,0.4113296866416931
39,3,0.6266312599182129
39,4,0.5390509366989136
39,5,0.5257239937782288
40,1,0.3409286141395569
40,2,0.3018873631954193
40,3,0.2959754168987274
40,4,0.283505380153656
40,5,0.35629892349243164
41,1,0.2893383502960205
41,2,0.3321434557437897
41,3,0.2808774709701538
41,4,0.31284478306770325
41,5,0.35294127464294434
42,1,0.3546769917011261
42,2,0.5072534084320068
42,3,0.4682597815990448
42,4,0.26933228969573975
42,5,0.2948058247566223
43,1,0.2790710926055908
43,2,0.3789239227771759
43,3,0.5649610757827759
43,4,0.3001788854598999
43,5,0.26497429609298706
44,1,0.35251402854919434
44,2,0.2799859046936035
44,3,0.250360906124115
44,4,0.4139350950717926
44,5,0.41785794496536255
45,1,0.31320059299468994
45,2,0.48171186447143555
45,3,0.4434244930744171
45,4,0.2623026371002197
45,5,0.27208411693573
46,1,0.313240110874176
46,2,0.5061632394790649
46,3,0.25119689106941223
46,4,0.2560481131076813
46,5,0.3156808614730835
47,1,0.3036634027957916
47,2,0.24014851450920105
47,3,0.3414592146873474
47,4,0.261685848236084
47,5,0.2590561509132385
48,1,0.47872790694236755
48,2,0.2215120643377304
48,3,0.2361358404159546
48,4,0.2805573344230652
48,5,0.320424884557724
49,1,0.251972496509552
49,2,0.21480926871299744
49,3,0.3105502128601074
49,4,0.28128793835639954
49,5,0.2458304464817047
50,1,0.3406359553337097
50,2,0.35283705592155457
50,3,0.26018404960632324
50,4,0.28179264068603516
50,5,0.24379459023475647
51,1,0.37371256947517395
51,2,0.3156358003616333
51,3,0.29677924513816833
51,4,0.46252432465553284
51,5,0.28147584199905396
52,1,0.29953184723854065
52,2,0.26117751002311707
52,3,0.23502326011657715
52,4,0.2472279667854309
52,5,0.5386605262756348
53,1,0.3990376591682434
53,2,0.23637108504772186
53,3,0.6258482933044434
53,4,0.23541714251041412
53,5,0.21090704202651978
54,1,0.22805851697921753
54,2,0.24428483843803406
54,3,0.2778122127056122
54,4,0.20504653453826904
54,5,0.1942838728427887
55,1,0.3083956837654114
55,2,0.21260379254817963
55,3,0.18916332721710205
55,4,0.30250516533851624
55,5,0.22195617854595184
56,1,0.20785099267959595
56,2,0.29045987129211426
56,3,0.20154964923858643
56,4,0.16508622467517853
56,5,0.3029289245605469
57,1,0.2285275161266327
57,2,0.4164954125881195
57,3,0.23090583086013794
57,4,0.2285522222518921
57,5,0.18707750737667084
58,1,0.19538457691669464
58,2,0.21925660967826843
58,3,0.18855202198028564
58,4,0.2530714273452759
58,5,0.2238617241382599
59,1,0.21826903522014618
59,2,0.2678382694721222
59,3,0.19084766507148743
59,4,0.3290714621543884
59,5,0.1576114147901535
60,1,0.19517947733402252
60,2,0.21817398071289062
60,3,0.16734975576400757
60,4,0.24702511727809906
60,5,0.21969065070152283
61,1,0.43340837955474854
61,2,0.4592632055282593
61,3,0.2519915699958801
61,4,0.22149953246116638
61,5,0.1621125340461731
62,1,0.16058477759361267
62,2,0.27672576904296875
62,3,0.28666549921035767
62,4,0.25782158970832825
62,5,0.2153610736131668
63,1,0.2322133481502533
63,2,0.17280834913253784
63,3,0.2235736846923828
63,4,0.22335347533226013
63,5,0.18637047708034515
64,1,0.1786254346370697
64,2,0.3127228617668152
64,3,0.20329241454601288
64,4,0.22982192039489746
64,5,0.1449253410100937
65,1,0.1758359670639038
65,2,0.18343089520931244
65,3,0.16191059350967407
65,4,0.15399403870105743
65,5,0.17434071004390717
66,1,0.312713623046875
66,2,0.16423842310905457
66,3,0.1972597986459732
66,4,0.18813490867614746
66,5,0.3918345868587494
67,1,0.1726755052804947
67,2,0.2176910936832428
67,3,0.5509557723999023
67,4,0.18180681765079498
67,5,0.27865028381347656
68,1,0.19980281591415405
68,2,0.35480138659477234
68,3,0.17214691638946533
68,4,0.3830760717391968
68,5,0.1505119800567627
69,1,0.26555243134498596
69,2,0.20433580875396729
69,3,0.23163694143295288
69,4,0.31821805238723755
69,5,0.1367895007133484
70,1,0.14891928434371948
70,2,0.19998914003372192
70,3,0.2449948638677597
70,4,0.19391244649887085
70,5,0.15697479248046875
71,1,0.2130337655544281
71,2,0.16898919641971588
71,3,0.1422363519668579
71,4,0.18169711530208588
71,5,0.15176811814308167
72,1,0.24739408493041992
72,2,0.3773844838142395
72,3,0.22415241599082947
72,4,0.1499917358160019
72,5,0.49495869874954224
73,1,0.350994348526001
73,2,0.31294894218444824
73,3,0.15051038563251495
73,4,0.31329938769340515
73,5,0.12341861426830292
74,1,0.1454809308052063
74,2,0.14051681756973267
74,3,0.19534997642040253
74,4,0.37562456727027893
74,5,0.24694061279296875
75,1,0.2229863554239273
75,2,0.18037579953670502
75,3,0.1362774819135666
75,4,0.20871227979660034
75,5,0.20638665556907654
76,1,0.324826717376709
76,2,0.15892931818962097
76,3,0.5060428380966187
76,4,0.2636926770210266
76,5,0.5561989545822144
77,1,0.1661495715379715
77,2,0.21330294013023376
77,3,0.20750896632671356
77,4,0.2979913353919983
77,5,0.16690006852149963
78,1,0.1356833279132843
78,2,0.13143092393875122
78,3,0.19310149550437927
78,4,0.22567525506019592
78,5,0.14006461203098297
79,1,0.12511441111564636
79,2,0.25231701135635376
79,3,0.298475980758667
79,4,0.15660624206066132
79,5,0.40092283487319946
80,1,0.15256963670253754
80,2,0.14397266507148743
80,3,0.24906638264656067
80,4,0.12393870949745178
80,5,0.10787732899188995
81,1,0.14645090699195862
81,2,0.3352453410625458
81,3,0.2609144151210785
81,4,0.3427639603614807
81,5,0.14590884745121002
82,1,0.17539972066879272
82,2,0.2009194940328598
82,3,0.4312494993209839
82,4,0.15525184571743011
82,5,0.13346481323242188
83,1,0.14245912432670593
83,2,0.23381012678146362
83,3,0.37138646841049194
83,4,0.11675507575273514
83,5,0.46339625120162964
84,1,0.15313221514225006
84,2,0.10304853320121765
84,3,0.17648190259933472
84,4,0.1761622428894043
84,5,0.13466548919677734
85,1,0.4580801725387573
85,2,0.15572503209114075
85,3,0.13535019755363464
85,4,0.13671481609344482
85,5,0.23149727284908295
86,1,0.3307422399520874
86,2,0.30607470870018005
86,3,0.15155526995658875
86,4,0.16079555451869965
86,5,0.14873629808425903
87,1,0.11633546650409698
87,2,0.18328821659088135
87,3,0.13584420084953308
87,4,0.28885430097579956
87,5,0.30155524611473083
88,1,0.3896414637565613
88,2,0.1029791533946991
88,3,0.13222002983093262
88,4,0.15721029043197632
88,5,0.11505156755447388
89,1,0.11541959643363953
89,2,0.40647315979003906
89,3,0.249055877327919
89,4,0.11129257082939148
89,5,0.409362256526947
90,1,0.11728715151548386
90,2,0.16239625215530396
90,3,0.21917688846588135
90,4,0.3025684654712677
90,5,0.2678000330924988
91,1,0.12422546744346619
91,2,0.14725415408611298
91,3,0.2175283133983612
91,4,0.19117388129234314
91,5,0.24623361229896545
92,1,0.1797368824481964
92,2,0.35757339000701904
92,3,0.14173322916030884
92,4,0.2127058506011963
92,5,0.11210593581199646
93,1,0.25132280588150024
93,2,0.1121705174446106
93,3,0.11336462199687958
93,4,0.17577418684959412
93,5,0.34159573912620544
94,1,0.20811793208122253
94,2,0.4624827206134796
94,3,0.12604424357414246
94,4,0.18117552995681763
94,5,0.1261386126279831
95,1,0.26242342591285706
95,2,0.15855248272418976
95,3,0.18793365359306335
95,4,0.1301543414592743
95,5,0.09995107352733612
96,1,0.3059898614883423
96,2,0.12266211211681366
96,3,0.13282428681850433
96,4,0.24173642694950104
96,5,0.14154107868671417
97,1,0.12310643494129181
97,2,0.11000470817089081
97,3,0.14423316717147827
97,4,0.3810524344444275
97,5,0.20932112634181976
98,1,0.1317352056503296
98,2,0.3153482675552368
98,3,0.14834649860858917
98,4,0.09127700328826904
98,5,0.1220351979136467
99,1,0.1829693764448166
99,2,0.13511228561401367
99,3,0.13667155802249908
99,4,0.1837889403104782
99,5,0.3047076463699341
100,1,0.13281822204589844
100,2,0.16952237486839294
100,3,0.11181966960430145
100,4,0.26893362402915955
100,5,0.15385909378528595
