epoch,step,loss
1,1,1.5319640636444092
1,2,1.4832086563110352
1,3,1.4407610893249512
1,4,1.3980072736740112
1,5,1.3681881427764893
1,6,1.336384892463684
1,7,1.3045036792755127
1,8,1.291670799255371
1,9,1.2674548625946045
1,10,1.2507919073104858
1,11,1.2367085218429565
1,12,1.2077767848968506
1,13,1.2010055780410767
1,14,1.1880347728729248
1,15,1.1692308187484741
1,16,1.1404023170471191
2,1,1.131004810333252
2,2,1.1319347620010376
2,3,1.104323387145996
2,4,1.100128412246704
2,5,1.070654034614563
2,6,1.091546654701233
2,7,1.069486141204834
2,8,1.0557081699371338
2,9,1.0370286703109741
2,10,1.02517831325531
2,11,1.0172679424285889
2,12,1.0106104612350464
2,13,0.9959592819213867
2,14,0.9943153858184814
2,15,0.9814725518226624
3,1,0.9619678258895874
3,2,0.9574119448661804
3,3,0.9459983110427856
3,4,0.9414340257644653
3,5,0.9319354295730591
3,6,0.9227715134620667
3,7,0.9162507653236389
3,8,0.9051880836486816
3,9,0.9059299826622009
3,10,0.8994762897491455
3,11,0.8815567493438721
3,12,0.8734861016273499
3,13,0.8738044500350952
3,14,0.8612052202224731
3,15,0.8517526388168335
4,1,0.8526009321212769
4,2,0.8523120880126953
4,3,0.8355794548988342
4,4,0.8266436457633972
4,5,0.8279552459716797
4,6,0.8032381534576416
4,7,0.8122662305831909
4,8,0.8103304505348206
4,9,0.8038578629493713
4,10,0.7865477800369263
4,11,0.7952263355255127
4,12,0.7761189341545105
4,13,0.770008385181427
4,14,0.7741920351982117
4,15,0.7711628675460815
5,1,0.7701300382614136
5,2,0.7554569244384766
5,3,0.7541311979293823
5,4,0.7516154646873474
5,5,0.7225077152252197
5,6,0.7451046109199524
5,7,0.7195923328399658
5,8,0.7110061645507812
5,9,0.7106990814208984
5,10,0.7021361589431763
5,11,0.7030738592147827
5,12,0.6785104274749756
5,13,0.6922988891601562
5,14,0.6984982490539551
5,15,0.6974359750747681
6,1,0.6809655427932739
6,2,0.6841715574264526
6,3,0.6700479984283447
6,4,0.6685059666633606
6,5,0.6597124934196472
6,6,0.6551204919815063
6,7,0.6507956981658936
6,8,0.6440316438674927
6,9,0.629288911819458
6,10,0.646187424659729
6,11,0.6210718750953674
6,12,0.6371583938598633
6,13,0.625438928604126
6,14,0.6190484762191772
6,15,0.5993572473526001
7,1,0.5967622995376587
7,2,0.5995699167251587
7,3,0.5964968800544739
7,4,0.58574378490448
7,5,0.6038258671760559
7,6,0.593763530254364
7,7,0.5776929259300232
7,8,0.580963134765625
7,9,0.5760301351547241
7,10,0.5769340991973877
7,11,0.578399121761322
7,12,0.5655779242515564
7,13,0.556244969367981
7,14,0.5742580890655518
7,15,0.5395699739456177
8,1,0.5569241046905518
8,2,0.5476887226104736
8,3,0.5534034371376038
8,4,0.5411942601203918
8,5,0.5271540284156799
8,6,0.5184804797172546
8,7,0.5269514322280884
8,8,0.5199342370033264
8,9,0.528968334197998
8,10,0.5114786028862
8,11,0.5042199492454529
8,12,0.5134778022766113
8,13,0.5172744989395142
8,14,0.49485474824905396
8,15,0.5024791955947876
9,1,0.5102086067199707
9,2,0.4950838088989258
9,3,0.48254072666168213
9,4,0.49595779180526733
9,5,0.4776262640953064
9,6,0.47666823863983154
9,7,0.47273969650268555
9,8,0.4733303189277649
9,9,0.4935727119445801
9,10,0.48102766275405884
9,11,0.4733051359653473
9,12,0.47738564014434814
9,13,0.4766022562980652
9,14,0.45863306522369385
9,15,0.45250415802001953
10,1,0.44969236850738525
10,2,0.46150851249694824
10,3,0.45103198289871216
10,4,0.4489235281944275
10,5,0.4405525326728821
10,6,0.43537789583206177
10,7,0.43920081853866577
10,8,0.4376792013645172
10,9,0.4211806058883667
10,10,0.44139373302459717
10,11,0.42392411828041077
10,12,0.4394974708557129
10,13,0.4225177466869354
10,14,0.4377681314945221
10,15,0.4169115424156189
11,1,0.4135645031929016
11,2,0.4123859703540802
11,3,0.3993102014064789
11,4,0.4006272554397583
11,5,0.4128241539001465
11,6,0.39430665969848633
11,7,0.39522886276245117
11,8,0.40029385685920715
11,9,0.3928658366203308
11,10,0.40101689100265503
11,11,0.40554794669151306
11,12,0.413963258266449
11,13,0.3885124921798706
11,14,0.3878822326660156
11,15,0.37511536478996277
12,1,0.3938522934913635
12,2,0.39061081409454346
12,3,0.37994709610939026
12,4,0.3609502911567688
12,5,0.3693472743034363
12,6,0.3862427771091461
12,7,0.3724428415298462
12,8,0.359316349029541
12,9,0.3770151138305664
12,10,0.3686464726924896
12,11,0.3546428084373474
12,12,0.358158141374588
12,13,0.3470281958580017
12,14,0.3531467318534851
12,15,0.3460755944252014
13,1,0.34327632188796997
13,2,0.3567306399345398
13,3,0.346132755279541
13,4,0.3452824652194977
13,5,0.35706716775894165
13,6,0.34258902072906494
13,7,0.34765470027923584
13,8,0.3325289487838745
13,9,0.3403773605823517
13,10,0.3278287649154663
13,11,0.33935752511024475
13,12,0.3268182873725891
13,13,0.34501367807388306
13,14,0.3392738997936249
13,15,0.31880754232406616
14,1,0.33132636547088623
14,2,0.3176622986793518
14,3,0.3301798403263092
14,4,0.3165498971939087
14,5,0.33090925216674805
14,6,0.3112923502922058
14,7,0.32150885462760925
14,8,0.3153241276741028
14,9,0.3232598304748535
14,10,0.31103062629699707
14,11,0.31715649366378784
14,12,0.32995933294296265
14,13,0.3101298213005066
14,14,0.30674415826797485
14,15,0.30935293436050415
15,1,0.2992470860481262
15,2,0.3008647561073303
15,3,0.30090218782424927
15,4,0.31124937534332275
15,5,0.29062074422836304
15,6,0.29000937938690186
15,7,0.2851518988609314
15,8,0.29626986384391785
15,9,0.29818791151046753
15,10,0.29497116804122925
15,11,0.29696938395500183
15,12,0.28685426712036133
15,13,0.2864669859409332
15,14,0.29459619522094727
15,15,0.28031980991363525
16,1,0.29469722509384155
16,2,0.28872907161712646
16,3,0.2893660068511963
16,4,0.2787337899208069
16,5,0.299740731716156
16,6,0.29023343324661255
16,7,0.28846752643585205
16,8,0.27967315912246704
16,9,0.28172555565834045
16,10,0.29856106638908386
16,11,0.2749480605125427
16,12,0.2685048580169678
16,13,0.278381884098053
16,14,0.2721773087978363
16,15,0.27171194553375244
17,1,0.2800564169883728
17,2,0.27159759402275085
17,3,0.2569742202758789
17,4,0.2712818682193756
17,5,0.2676907181739807
17,6,0.272087037563324
17,7,0.27106112241744995
17,8,0.25680211186408997
17,9,0.27049127221107483
17,10,0.2635338008403778
17,11,0.25903284549713135
17,12,0.29182565212249756
17,13,0.26310107111930847
17,14,0.2652702331542969
17,15,0.25834232568740845
18,1,0.2551974952220917
18,2,0.2484256625175476
18,3,0.25270509719848633
18,4,0.25925225019454956
18,5,0.2510046064853668
18,6,0.25390148162841797
18,7,0.26350679993629456
18,8,0.25075477361679077
18,9,0.25893643498420715
18,10,0.24826401472091675
18,11,0.24600505828857422
18,12,0.24524959921836853
18,13,0.2388061285018921
18,14,0.2387399524450302
18,15,0.22834226489067078
19,1,0.251696914434433
19,2,0.2399534285068512
19,3,0.23755554854869843
19,4,0.25608766078948975
19,5,0.2378733605146408
19,6,0.23146069049835205
19,7,0.2372790277004242
19,8,0.23904842138290405
19,9,0.2333446443080902
19,10,0.2623918652534485
19,11,0.2334197759628296
19,12,0.23470690846443176
19,13,0.233629047870636
19,14,0.21565133333206177
19,15,0.22035625576972961
20,1,0.22644661366939545
20,2,0.22409942746162415
20,3,0.22404246032238007
20,4,0.22270962595939636
20,5,0.21858921647071838
20,6,0.22255545854568481
20,7,0.21754010021686554
20,8,0.2246980518102646
20,9,0.22246484458446503
20,10,0.23905718326568604
20,11,0.2267279326915741
20,12,0.21149200201034546
20,13,0.24491649866104126
20,14,0.21081653237342834
20,15,0.21404215693473816
21,1,0.22157368063926697
21,2,0.2086908519268036
21,3,0.20074568688869476
21,4,0.21118353307247162
21,5,0.2262355089187622
21,6,0.2009333223104477
21,7,0.22007562220096588
21,8,0.206759512424469
21,9,0.20468106865882874
21,10,0.2057209312915802
21,11,0.2222655564546585
21,12,0.2149694263935089
21,13,0.2220379114151001
21,14,0.21005740761756897
21,15,0.21154659986495972
22,1,0.2117634266614914
22,2,0.22581683099269867
22,3,0.20098823308944702
22,4,0.20453651249408722
22,5,0.1934584230184555
22,6,0.20201453566551208
22,7,0.19016295671463013
22,8,0.19477412104606628
22,9,0.19472560286521912
22,10,0.20084863901138306
22,11,0.20264238119125366
22,12,0.19550320506095886
22,13,0.19465385377407074
22,14,0.19517335295677185
22,15,0.18549539148807526
23,1,0.20545822381973267
23,2,0.19712653756141663
23,3,0.19381019473075867
23,4,0.19490207731723785
23,5,0.2143845558166504
23,6,0.1962553858757019
23,7,0.20349442958831787
23,8,0.18068110942840576
23,9,0.18781068921089172
23,10,0.18413540720939636
23,11,0.1973566710948944
23,12,0.19077478349208832
23,13,0.18683776259422302
23,14,0.2045091837644577
23,15,0.18372318148612976
24,1,0.18607525527477264
24,2,0.18515881896018982
24,3,0.17410865426063538
24,4,0.1942821443080902
24,5,0.18634948134422302
24,6,0.19214984774589539
24,7,0.18677249550819397
24,8,0.1906397044658661
24,9,0.1871321201324463
24,10,0.19179445505142212
24,11,0.19785434007644653
24,12,0.1820068061351776
24,13,0.17756283283233643
24,14,0.18111246824264526
24,15,0.19377973675727844
25,1,0.1806107759475708
25,2,0.18614062666893005
25,3,0.17297494411468506
25,4,0.19109758734703064
25,5,0.17255710065364838
25,6,0.18078283965587616
25,7,0.17735101282596588
25,8,0.16959428787231445
25,9,0.17435774207115173
25,10,0.18223601579666138
25,11,0.17029134929180145
25,12,0.1794171780347824
25,13,0.17482417821884155
25,14,0.1834549456834793
25,15,0.17643268406391144
26,1,0.1729295402765274
26,2,0.17407739162445068
26,3,0.1818668395280838
26,4,0.17865608632564545
26,5,0.18487893044948578
26,6,0.16271311044692993
26,7,0.1681135892868042
26,8,0.18651433289051056
26,9,0.17101618647575378
26,10,0.16625627875328064
26,11,0.17054179310798645
26,12,0.17240840196609497
26,13,0.17612561583518982
26,14,0.16614866256713867
26,15,0.17785030603408813
27,1,0.17175620794296265
27,2,0.17459285259246826
27,3,0.17287732660770416
27,4,0.17056535184383392
27,5,0.17195332050323486
27,6,0.17908857762813568
27,7,0.16563397645950317
27,8,0.15551380813121796
27,9,0.1723231077194214
27,10,0.17662575840950012
27,11,0.16728046536445618
27,12,0.16736739873886108
27,13,0.16177065670490265
27,14,0.15746161341667175
27,15,0.16317656636238098
28,1,0.1600506454706192
28,2,0.15819603204727173
28,3,0.15841929614543915
28,4,0.1723075807094574
28,5,0.15513256192207336
28,6,0.1628853976726532
28,7,0.15785901248455048
28,8,0.1631772816181183
28,9,0.17322790622711182
28,10,0.16284853219985962
28,11,0.16408129036426544
28,12,0.17110970616340637
28,13,0.16313396394252777
28,14,0.16707541048526764
28,15,0.16212321817874908
29,1,0.15832901000976562
29,2,0.15144982933998108
29,3,0.15263602137565613
29,4,0.1639067679643631
29,5,0.15895435214042664
29,6,0.1716596782207489
29,7,0.15599465370178223
29,8,0.14885567128658295
29,9,0.15248140692710876
29,10,0.15403442084789276
29,11,0.1671977937221527
29,12,0.15517708659172058
29,13,0.15690918266773224
29,14,0.1621885597705841
29,15,0.14588040113449097
30,1,0.16366885602474213
30,2,0.14812339842319489
30,3,0.14636331796646118
30,4,0.15116393566131592
30,5,0.15388795733451843
30,6,0.16614389419555664
30,7,0.15466946363449097
30,8,0.1542460322380066
30,9,0.14103680849075317
30,10,0.1473851203918457
30,11,0.1593320220708847
30,12,0.15440630912780762
30,13,0.1530333161354065
30,14,0.16077804565429688
30,15,0.14948204159736633
31,1,0.14162352681159973
31,2,0.14669109880924225
31,3,0.1575423777103424
31,4,0.14039896428585052
31,5,0.14845959842205048
31,6,0.1436799168586731
31,7,0.14774976670742035
31,8,0.1469632089138031
31,9,0.14796146750450134
31,10,0.16122886538505554
31,11,0.14755180478096008
31,12,0.15959635376930237
31,13,0.14926204085350037
31,14,0.15312430262565613
31,15,0.1519230604171753
32,1,0.138550266623497
32,2,0.14192622900009155
32,3,0.14226099848747253
32,4,0.13619163632392883
32,5,0.1471453756093979
32,6,0.13789108395576477
32,7,0.14675545692443848
32,8,0.14979226887226105
32,9,0.1388896107673645
32,10,0.14231625199317932
32,11,0.14609409868717194
32,12,0.1605071872472763
32,13,0.14034077525138855
32,14,0.14803636074066162
32,15,0.13843858242034912
33,1,0.16071850061416626
33,2,0.13587653636932373
33,3,0.1452416032552719
33,4,0.14812256395816803
33,5,0.14035189151763916
33,6,0.14152032136917114
33,7,0.14700672030448914
33,8,0.1395467072725296
33,9,0.13192129135131836
33,10,0.13229024410247803
33,11,0.15095415711402893
33,12,0.13319793343544006
33,13,0.15751402080059052
33,14,0.15788298845291138
33,15,0.14663538336753845
34,1,0.14543302357196808
34,2,0.1347731649875641
34,3,0.1442139744758606
34,4,0.14174893498420715
34,5,0.14094245433807373
34,6,0.13559623062610626
34,7,0.13461294770240784
34,8,0.14388270676136017
34,9,0.1336350291967392
34,10,0.1374766230583191
34,11,0.13461922109127045
34,12,0.1423463225364685
34,13,0.13207560777664185
34,14,0.1462206244468689
34,15,0.13254410028457642
35,1,0.15310053527355194
35,2,0.15333932638168335
35,3,0.12800568342208862
35,4,0.1293376386165619
35,5,0.13210885226726532
35,6,0.13783878087997437
35,7,0.16265127062797546
35,8,0.127738818526268
35,9,0.12728774547576904
35,10,0.13724595308303833
35,11,0.15429827570915222
35,12,0.1291656792163849
35,13,0.13659784197807312
35,14,0.13300029933452606
35,15,0.13864871859550476
36,1,0.14056478440761566
36,2,0.1353088617324829
36,3,0.14242678880691528
36,4,0.13555732369422913
36,5,0.1269482672214508
36,6,0.1482759416103363
36,7,0.13863679766654968
36,8,0.12261521071195602
36,9,0.1255643218755722
36,10,0.13748466968536377
36,11,0.1405801773071289
36,12,0.1386750340461731
36,13,0.13426068425178528
36,14,0.1312175691127777
36,15,0.1314249038696289
37,1,0.1361379772424698
37,2,0.13072729110717773
37,3,0.14583003520965576
37,4,0.14573198556900024
37,5,0.130597785115242
37,6,0.126918762922287
37,7,0.1335206925868988
37,8,0.13226822018623352
37,9,0.12919721007347107
37,10,0.1255187839269638
37,11,0.1451435685157776
37,12,0.12101543694734573
37,13,0.13022172451019287
37,14,0.1306489109992981
37,15,0.1343027651309967
38,1,0.12300770729780197
38,2,0.13231900334358215
38,3,0.12835782766342163
38,4,0.13624919950962067
38,5,0.12822096049785614
38,6,0.11934661120176315
38,7,0.1317557692527771
38,8,0.13309843838214874
38,9,0.12343703210353851
38,10,0.13782936334609985
38,11,0.12492868304252625
38,12,0.12811872363090515
38,13,0.1258419156074524
38,14,0.1317179799079895
38,15,0.13009628653526306
39,1,0.12434757500886917
39,2,0.13148242235183716
39,3,0.14304406940937042
39,4,0.1262502670288086
39,5,0.12483189254999161
39,6,0.13069511950016022
39,7,0.14997336268424988
39,8,0.12684696912765503
39,9,0.13136506080627441
39,10,0.12679581344127655
39,11,0.13741685450077057
39,12,0.12618422508239746
39,13,0.12155210971832275
39,14,0.11835362017154694
39,15,0.1231982633471489
40,1,0.1267603039741516
40,2,0.11627015471458435
40,3,0.12514472007751465
40,4,0.1252138614654541
40,5,0.11616267263889313
40,6,0.12133368849754333
40,7,0.1200266107916832
40,8,0.11720570921897888
40,9,0.13472628593444824
40,10,0.1261884570121765
40,11,0.12003982067108154
40,12,0.12891939282417297
40,13,0.12923237681388855
40,14,0.12724202871322632
40,15,0.13004665076732635
41,1,0.1253592073917389
41,2,0.12416849285364151
41,3,0.12893761694431305
41,4,0.1353641301393509
41,5,0.12927848100662231
41,6,0.1214274987578392
41,7,0.1318303942680359
41,8,0.12490183115005493
41,9,0.12602150440216064
41,10,0.12565043568611145
41,11,0.11752889305353165
41,12,0.13156428933143616
41,13,0.12592612206935883
41,14,0.12711364030838013
41,15,0.12013628333806992
42,1,0.1266031414270401
42,2,0.11497513949871063
42,3,0.1285730004310608
42,4,0.11710475385189056
42,5,0.12506096065044403
42,6,0.1318950355052948
42,7,0.12675607204437256
42,8,0.12978926301002502
42,9,0.11219094693660736
42,10,0.11642027646303177
42,11,0.1249854639172554
42,12,0.12560895085334778
42,13,0.12586337327957153
42,14,0.11417803168296814
42,15,0.11904692649841309
43,1,0.12245964258909225
43,2,0.12296079099178314
43,3,0.1195007935166359
43,4,0.1203884705901146
43,5,0.12218017876148224
43,6,0.11508378386497498
43,7,0.1230587512254715
43,8,0.13264194130897522
43,9,0.11609391868114471
43,10,0.11734557151794434
43,11,0.11762218177318573
43,12,0.1287843883037567
43,13,0.12365930527448654
43,14,0.12856525182724
43,15,0.12724658846855164
44,1,0.11425967514514923
44,2,0.13261063396930695
44,3,0.12485016882419586
44,4,0.12511064112186432
44,5,0.11350061744451523
44,6,0.11580081284046173
44,7,0.11778204143047333
44,8,0.12347404658794403
44,9,0.12452538311481476
44,10,0.1189720407128334
44,11,0.11644558608531952
44,12,0.11500658094882965
44,13,0.13143080472946167
44,14,0.11668552458286285
44,15,0.11946815252304077
45,1,0.1258203685283661
45,2,0.12062131613492966
45,3,0.1088181659579277
45,4,0.12382993847131729
45,5,0.13157910108566284
45,6,0.11575105786323547
45,7,0.10622121393680573
45,8,0.11664940416812897
45,9,0.14284363389015198
45,10,0.11914189159870148
45,11,0.12152643501758575
45,12,0.11771553754806519
45,13,0.11884165555238724
45,14,0.11889909207820892
45,15,0.11526944488286972
46,1,0.13287848234176636
46,2,0.11347872763872147
46,3,0.11010242998600006
46,4,0.11334977298974991
46,5,0.11131027340888977
46,6,0.12835699319839478
46,7,0.10981088876724243
46,8,0.11989065259695053
46,9,0.11068281531333923
46,10,0.12331114709377289
46,11,0.1191733106970787
46,12,0.11389203369617462
46,13,0.12310391664505005
46,14,0.10918055474758148
46,15,0.11428210139274597
47,1,0.1341639757156372
47,2,0.1468939334154129
47,3,0.11799831688404083
47,4,0.10257461667060852
47,5,0.13420820236206055
47,6,0.11352778971195221
47,7,0.11413887143135071
47,8,0.11721661686897278
47,9,0.11891336739063263
47,10,0.11769066751003265
47,11,0.1019151359796524
47,12,0.11361922323703766
47,13,0.10749153792858124
47,14,0.10480037331581116
47,15,0.1216033548116684
48,1,0.13587340712547302
48,2,0.11690784990787506
48,3,0.11942223459482193
48,4,0.11395102739334106
48,5,0.11388477683067322
48,6,0.11682219058275223
48,7,0.11345669627189636
48,8,0.11947357654571533
48,9,0.12811246514320374
48,10,0.11914767324924469
48,11,0.11181731522083282
48,12,0.10647344589233398
48,13,0.11386965215206146
48,14,0.1086726039648056
48,15,0.12887531518936157
49,1,0.1086016446352005
49,2,0.11155298352241516
49,3,0.11946585774421692
49,4,0.12494365870952606
49,5,0.12217201292514801
49,6,0.10911282896995544
49,7,0.12162388861179352
49,8,0.11841103434562683
49,9,0.11791889369487762
49,10,0.1268419772386551
49,11,0.10743406414985657
49,12,0.11536852270364761
49,13,0.12481827288866043
49,14,0.10760179162025452
49,15,0.10744760185480118
50,1,0.12836335599422455
50,2,0.11242729425430298
50,3,0.10875770449638367
50,4,0.1176409125328064
50,5,0.12949874997138977
50,6,0.11428657174110413
50,7,0.11916141211986542
50,8,0.11447235941886902
50,9,0.13220742344856262
50,10,0.1073901355266571
50,11,0.10748332738876343
50,12,0.10611797124147415
50,13,0.11299300193786621
50,14,0.10461435467004776
50,15,0.11111867427825928
