epoch,step,loss
1,1,2.3539276123046875
1,2,2.3507308959960938
1,3,2.267578125
2,1,1.8728256225585938
2,2,1.9224624633789062
3,1,1.7577667236328125
3,2,1.7113571166992188
4,1,1.5436248779296875
4,2,1.5544281005859375
5,1,1.3470649719238281
5,2,1.217620849609375
6,1,1.0748291015625
6,2,1.1640396118164062
7,1,1.1197166442871094
7,2,0.9447832107543945
8,1,0.8692350387573242
8,2,0.9539308547973633
9,1,0.8393793106079102
9,2,0.6430492401123047
10,1,0.8520584106445312
10,2,0.8025846481323242
11,1,0.6817917823791504
11,2,0.730961799621582
12,1,0.5274453163146973
12,2,0.6063077449798584
13,1,0.41802453994750977
13,2,0.6107127666473389
14,1,0.5321872234344482
14,2,0.45329713821411133
15,1,0.3954737186431885
15,2,0.520337700843811
16,1,0.42414093017578125
16,2,0.47717738151550293
17,1,0.37690651416778564
17,2,0.32389140129089355
18,1,0.34859585762023926
18,2,0.3114945888519287
19,1,0.27585160732269287
19,2,0.22952306270599365
20,1,0.3660582900047302
20,2,0.2611795663833618
21,1,0.26293236017227173
21,2,0.2069636583328247
22,1,0.2266324758529663
22,2,0.17940425872802734
23,1,0.21485376358032227
23,2,0.3396722674369812
24,1,0.2338799238204956
24,2,0.15856176614761353
25,1,0.20430858433246613
25,2,0.1566597819328308
26,1,0.15089848637580872
26,2,0.2335280179977417
27,1,0.26204511523246765
27,2,0.17534416913986206
28,1,0.121715247631073
28,2,0.17890706658363342
29,1,0.20507115125656128
29,2,0.13866077363491058
30,1,0.167962908744812
30,2,0.11452734470367432
31,1,0.16023629903793335
31,2,0.13852617144584656
32,1,0.19715529680252075
32,2,0.11714142560958862
33,1,0.20310553908348083
33,2,0.14060717821121216
34,1,0.13712924718856812
34,2,0.12425801157951355
35,1,0.10499338805675507
35,2,0.11006693542003632
36,1,0.12788620591163635
36,2,0.1818922758102417
37,1,0.13334158062934875
37,2,0.0653417706489563
38,1,0.11803795397281647
38,2,0.08117446303367615
39,1,0.09696512669324875
39,2,0.17252032458782196
40,1,0.08319711685180664
40,2,0.13582925498485565
41,1,0.1161375492811203
41,2,0.1442999392747879
42,1,0.07980094850063324
42,2,0.12086303532123566
43,1,0.23235046863555908
43,2,0.16389738023281097
44,1,0.15397942066192627
44,2,0.07393553853034973
45,1,0.23535948991775513
45,2,0.04395580291748047
46,1,0.0813170000910759
46,2,0.09199514985084534
47,1,0.11304287612438202
47,2,0.11236967146396637
48,1,0.1326611340045929
48,2,0.09549263119697571
49,1,0.10181961953639984
49,2,0.07032164931297302
50,1,0.07967368513345718
50,2,0.17060548067092896
51,1,0.09578371047973633
51,2,0.0718318298459053
52,1,0.08137109130620956
52,2,0.07232438027858734
53,1,0.10363155603408813
53,2,0.11879736185073853
54,1,0.03377977013587952
54,2,0.11155390739440918
55,1,0.2297677993774414
55,2,0.07442647218704224
56,1,0.07845783978700638
56,2,0.05203048884868622
57,1,0.17240610718727112
57,2,0.08165016770362854
58,1,0.06945991516113281
58,2,0.06530751287937164
59,1,0.06581767648458481
59,2,0.0959242433309555
60,1,0.09180079400539398
60,2,0.03704773634672165
61,1,0.08957589417695999
61,2,0.15342731773853302
62,1,0.06846180558204651
62,2,0.08797153830528259
63,1,0.07273584604263306
63,2,0.03730377182364464
64,1,0.08306124061346054
64,2,0.05061326175928116
65,1,0.04674932360649109
65,2,0.04707133024930954
66,1,0.10625720769166946
66,2,0.04500742256641388
67,1,0.02414599061012268
67,2,0.06183294951915741
68,1,0.11327287554740906
68,2,0.10479068011045456
69,1,0.07225601375102997
69,2,0.08476875722408295
70,1,0.057795122265815735
70,2,0.10541804134845734
71,1,0.06188751384615898
71,2,0.05095598101615906
72,1,0.06526689976453781
72,2,0.07501890510320663
73,1,0.10455122590065002
73,2,0.03840318322181702
74,1,0.07029275596141815
74,2,0.07898198068141937
75,1,0.20304566621780396
75,2,0.12537884712219238
76,1,0.17188002169132233
76,2,0.05437226593494415
77,1,0.05398717522621155
77,2,0.0756700187921524
78,1,0.1370207965373993
78,2,0.05389596149325371
79,1,0.044704802334308624
79,2,0.06963717937469482
80,1,0.08631531149148941
80,2,0.047196514904499054
81,1,0.11291675269603729
81,2,0.049879416823387146
82,1,0.062349557876586914
82,2,0.05524907261133194
83,1,0.1500350385904312
83,2,0.06109042465686798
84,1,0.09291991591453552
84,2,0.035394199192523956
85,1,0.056358322501182556
85,2,0.03393002599477768
86,1,0.060048140585422516
86,2,0.030254296958446503
87,1,0.04107670485973358
87,2,0.05590075999498367
88,1,0.04313924163579941
88,2,0.05861275643110275
89,1,0.031259916722774506
89,2,0.027530670166015625
90,1,0.04376428946852684
90,2,0.12956470251083374
91,1,0.09034490585327148
91,2,0.0660836398601532
92,1,0.08313174545764923
92,2,0.1548420935869217
93,1,0.1153397411108017
93,2,0.06059694290161133
94,1,0.061910614371299744
94,2,0.11248213797807693
95,1,0.037659719586372375
95,2,0.049063459038734436
96,1,0.04766055569052696
96,2,0.21612951159477234
97,1,0.026202157139778137
97,2,0.032143235206604004
98,1,0.03119366616010666
98,2,0.028442902490496635
99,1,0.06826046109199524
99,2,0.0776403620839119
100,1,0.03170295059680939
100,2,0.06249236315488815
