epoch,step,loss
1,1,2.468618392944336
1,2,2.4876060485839844
1,3,2.358747959136963
1,4,2.19155216217041
1,5,2.26729679107666
1,6,2.1137232780456543
2,1,2.2299671173095703
2,2,2.2145791053771973
2,3,2.1937026977539062
2,4,2.1236140727996826
2,5,2.1159157752990723
3,1,2.169858455657959
3,2,2.127659797668457
3,3,2.0976548194885254
3,4,2.1093788146972656
3,5,2.0838117599487305
4,1,2.139619827270508
4,2,2.0224409103393555
4,3,2.1061534881591797
4,4,1.996464729309082
4,5,2.040440082550049
5,1,2.011080741882324
5,2,1.951035737991333
5,3,2.0681984424591064
5,4,2.0638539791107178
5,5,1.9526739120483398
6,1,1.9422922134399414
6,2,1.9112682342529297
6,3,1.8926258087158203
6,4,1.9597187042236328
6,5,1.8936614990234375
7,1,1.9016876220703125
7,2,1.8325880765914917
7,3,1.810093641281128
7,4,1.8545910120010376
7,5,1.805942416191101
8,1,1.726923942565918
8,2,1.862082600593567
8,3,1.8181803226470947
8,4,1.7853507995605469
8,5,1.7986249923706055
9,1,1.7066733837127686
9,2,1.687605381011963
9,3,1.7154216766357422
9,4,1.8531663417816162
9,5,1.7826144695281982
10,1,1.6229596138000488
10,2,1.6920080184936523
10,3,1.82503080368042
10,4,1.7070860862731934
10,5,1.6590533256530762
11,1,1.6819725036621094
11,2,1.7364702224731445
11,3,1.5313737392425537
11,4,1.6369633674621582
11,5,1.654109001159668
12,1,1.6032216548919678
12,2,1.553954839706421
12,3,1.6264090538024902
12,4,1.56229829788208
12,5,1.7293367385864258
13,1,1.5928566455841064
13,2,1.6286594867706299
13,3,1.470477819442749
13,4,1.5847234725952148
13,5,1.5157356262207031
14,1,1.6088943481445312
14,2,1.5450634956359863
14,3,1.4467318058013916
14,4,1.4536352157592773
14,5,1.5511937141418457
15,1,1.6344897747039795
15,2,1.5105476379394531
15,3,1.4550652503967285
15,4,1.488600492477417
15,5,1.5944745540618896
16,1,1.5412797927856445
16,2,1.4510068893432617
16,3,1.4317262172698975
16,4,1.6176798343658447
16,5,1.3670945167541504
17,1,1.5608878135681152
17,2,1.4335393905639648
17,3,1.4256696701049805
17,4,1.4624924659729004
17,5,1.4672565460205078
18,1,1.5170087814331055
18,2,1.3549349308013916
18,3,1.4426177740097046
18,4,1.515425443649292
18,5,1.6800689697265625
19,1,1.4958693981170654
19,2,1.3450833559036255
19,3,1.4116740226745605
19,4,1.301403522491455
19,5,1.4783620834350586
20,1,1.4040439128875732
20,2,1.4338587522506714
20,3,1.3908666372299194
20,4,1.3656268119812012
20,5,1.3475675582885742
21,1,1.397994041442871
21,2,1.2956395149230957
21,3,1.385887861251831
21,4,1.3786520957946777
21,5,1.4304754734039307
22,1,1.276694416999817
22,2,1.2899079322814941
22,3,1.3365017175674438
22,4,1.6876614093780518
22,5,1.3112986087799072
23,1,1.3714708089828491
23,2,1.2993321418762207
23,3,1.2714471817016602
23,4,1.3362120389938354
23,5,1.4324088096618652
24,1,1.3074325323104858
24,2,1.1087315082550049
24,3,1.1738786697387695
24,4,1.270463466644287
24,5,1.333238124847412
25,1,1.2053325176239014
25,2,1.3632123470306396
25,3,1.1904139518737793
25,4,1.3238563537597656
25,5,1.4125046730041504
26,1,1.2534167766571045
26,2,1.1930880546569824
26,3,1.511732816696167
26,4,1.426514744758606
26,5,1.4379817247390747
27,1,1.283531665802002
27,2,1.3207728862762451
27,3,1.2132693529129028
27,4,1.2043685913085938
27,5,1.2077007293701172
28,1,1.1043678522109985
28,2,1.1244103908538818
28,3,1.3090245723724365
28,4,1.3259625434875488
28,5,1.2282121181488037
29,1,1.3677761554718018
29,2,1.2258973121643066
29,3,1.247354507446289
29,4,1.1061503887176514
29,5,1.2091144323349
30,1,1.1655205488204956
30,2,1.1472594738006592
30,3,1.1720384359359741
30,4,1.404489278793335
30,5,1.5551623106002808
31,1,1.0561572313308716
31,2,1.3445286750793457
31,3,1.242954134941101
31,4,1.1468958854675293
31,5,1.383184790611267
32,1,1.3171045780181885
32,2,1.3282458782196045
32,3,1.1789473295211792
32,4,1.006554126739502
32,5,1.1917141675949097
33,1,1.1540515422821045
33,2,1.3416705131530762
33,3,1.111135721206665
33,4,1.246617317199707
33,5,1.1980838775634766
34,1,1.1239478588104248
34,2,1.0892601013183594
34,3,1.1538429260253906
34,4,1.0866069793701172
34,5,1.328730583190918
35,1,1.0956898927688599
35,2,1.0884559154510498
35,3,1.0988354682922363
35,4,1.180411458015442
35,5,1.2254358530044556
36,1,1.0929455757141113
36,2,1.199075698852539
36,3,1.2988041639328003
36,4,1.1139023303985596
36,5,1.105466365814209
37,1,1.0100576877593994
37,2,1.0495645999908447
37,3,1.06428861618042
37,4,1.1523981094360352
37,5,1.162563681602478
38,1,1.2015599012374878
38,2,0.9422200918197632
38,3,1.0854880809783936
38,4,1.145339846611023
38,5,1.0467381477355957
39,1,1.0948346853256226
39,2,1.0522013902664185
39,3,1.2217473983764648
39,4,0.958462655544281
39,5,1.2995350360870361
40,1,1.259521722793579
40,2,1.1963536739349365
40,3,1.1725388765335083
40,4,1.132856845855713
40,5,1.0998852252960205
41,1,1.0919582843780518
41,2,1.0434647798538208
41,3,1.1593201160430908
41,4,0.8300098180770874
41,5,1.0583033561706543
42,1,1.026071310043335
42,2,1.114549160003662
42,3,1.0549649000167847
42,4,1.0735936164855957
42,5,1.051130771636963
43,1,0.9831449389457703
43,2,1.024671196937561
43,3,0.9411321878433228
43,4,1.0185461044311523
43,5,0.9506100416183472
44,1,0.9162693619728088
44,2,1.0793752670288086
44,3,0.944243311882019
44,4,1.1062122583389282
44,5,1.1060993671417236
45,1,1.0682835578918457
45,2,1.0796470642089844
45,3,1.0978970527648926
45,4,0.9902173280715942
45,5,0.9820785522460938
46,1,0.9962498545646667
46,2,1.0317178964614868
46,3,1.1581671237945557
46,4,1.1120766401290894
46,5,1.0217307806015015
47,1,1.124452829360962
47,2,1.017831802368164
47,3,1.049072027206421
47,4,1.0266164541244507
47,5,0.8199217319488525
48,1,0.9832148551940918
48,2,0.975502610206604
48,3,0.897538423538208
48,4,1.0067698955535889
48,5,0.8580220937728882
49,1,1.1576790809631348
49,2,0.9750794172286987
49,3,0.8598768711090088
49,4,0.8612378239631653
49,5,1.0465526580810547
50,1,0.9507796168327332
50,2,0.9361382722854614
50,3,0.9497098922729492
50,4,1.0106732845306396
50,5,0.863970160484314
51,1,1.3107178211212158
51,2,1.0158337354660034
51,3,1.026026725769043
51,4,0.8411604762077332
51,5,0.8918774127960205
52,1,0.9186819791793823
52,2,0.9878272414207458
52,3,1.0161586999893188
52,4,0.8852003812789917
52,5,0.8837931752204895
53,1,0.861055850982666
53,2,0.942232608795166
53,3,0.7303169965744019
53,4,0.9994614124298096
53,5,0.7746469974517822
54,1,1.0688749551773071
54,2,0.8710845708847046
54,3,0.8561131954193115
54,4,0.7418929934501648
54,5,0.8487958908081055
55,1,0.9345846176147461
55,2,1.048907995223999
55,3,0.8710965514183044
55,4,0.8571820259094238
55,5,0.897373378276825
56,1,0.8399057388305664
56,2,0.9926087856292725
56,3,0.8573408722877502
56,4,0.9717884063720703
56,5,0.8695293664932251
57,1,0.8628547191619873
57,2,0.9842601418495178
57,3,0.9419276714324951
57,4,0.8982508778572083
57,5,0.7796869874000549
58,1,0.9992707967758179
58,2,1.0909831523895264
58,3,0.706117570400238
58,4,0.8079845309257507
58,5,0.6664441823959351
59,1,0.6868433952331543
59,2,0.8989966511726379
59,3,0.8368905782699585
59,4,0.942038893699646
59,5,0.9541909694671631
60,1,0.8088363409042358
60,2,0.7865409851074219
60,3,0.9541271924972534
60,4,0.8070169687271118
60,5,0.7550281286239624
61,1,0.8493704795837402
61,2,0.9642128944396973
61,3,0.961533784866333
61,4,0.7780197858810425
61,5,0.9727998971939087
62,1,1.002187728881836
62,2,0.8978255987167358
62,3,0.9435640573501587
62,4,0.8912263512611389
62,5,0.8275421857833862
63,1,0.7307608127593994
63,2,0.9480898380279541
63,3,1.0019736289978027
63,4,0.9621259570121765
63,5,0.8531245589256287
64,1,0.7889074087142944
64,2,0.754727303981781
64,3,0.8707221746444702
64,4,1.0064188241958618
64,5,0.8808862566947937
65,1,0.782380998134613
65,2,0.6908881664276123
65,3,0.9232601523399353
65,4,0.7758542895317078
65,5,0.7552695274353027
66,1,0.6598472595214844
66,2,0.7976425886154175
66,3,0.7927160263061523
66,4,0.7771118879318237
66,5,1.0754303932189941
67,1,0.840172529220581
67,2,0.7872883677482605
67,3,0.7897782921791077
67,4,0.6454049348831177
67,5,0.8392383456230164
68,1,0.7635208368301392
68,2,0.6489541530609131
68,3,0.662152886390686
68,4,0.9778239727020264
68,5,0.9295717477798462
69,1,0.9765357971191406
69,2,0.7326301336288452
69,3,1.0183812379837036
69,4,0.8982321619987488
69,5,0.7075902223587036
70,1,0.8916066884994507
70,2,0.9709867238998413
70,3,0.7248375415802002
70,4,0.672987699508667
70,5,0.763271689414978
71,1,0.946343719959259
71,2,0.9712420701980591
71,3,0.827858567237854
71,4,0.6634128093719482
71,5,0.946460485458374
72,1,0.6491917371749878
72,2,0.7609013915061951
72,3,0.7761205434799194
72,4,0.9035962224006653
72,5,0.7441720366477966
73,1,0.7205619812011719
73,2,0.5692338347434998
73,3,0.6389575004577637
73,4,0.925534725189209
73,5,0.9350180625915527
74,1,0.7776038646697998
74,2,0.7834933996200562
74,3,0.8695868849754333
74,4,0.9698405861854553
74,5,0.7177853584289551
75,1,0.7105525135993958
75,2,0.7136965990066528
75,3,0.6938158273696899
75,4,0.6413326859474182
75,5,0.7593058943748474
76,1,0.922105073928833
76,2,0.9416602253913879
76,3,0.7503416538238525
76,4,0.9992268085479736
76,5,0.7477867007255554
77,1,0.6428024172782898
77,2,0.9719810485839844
77,3,0.7713840007781982
77,4,0.9618078470230103
77,5,0.7896287441253662
78,1,0.8855046033859253
78,2,0.8880345225334167
78,3,0.7832291722297668
78,4,0.7971903681755066
78,5,0.615504264831543
79,1,0.7028714418411255
79,2,0.8064295649528503
79,3,0.965889573097229
79,4,0.8734610676765442
79,5,0.6320140957832336
80,1,0.6333878040313721
80,2,0.9354755878448486
80,3,0.6094657182693481
80,4,0.970147967338562
80,5,1.018459439277649
81,1,0.5709128379821777
81,2,0.7883767485618591
81,3,0.723590612411499
81,4,0.6403124332427979
81,5,0.8807734251022339
82,1,0.5673363208770752
82,2,0.9561542272567749
82,3,0.8914519548416138
82,4,0.6097396016120911
82,5,0.8512634038925171
83,1,0.610259473323822
83,2,0.7918378114700317
83,3,0.7183347940444946
83,4,0.7923877239227295
83,5,0.9021868705749512
84,1,0.8285470008850098
84,2,0.7616636753082275
84,3,0.7697897553443909
84,4,0.7767798900604248
84,5,0.8092038631439209
85,1,0.6433664560317993
85,2,1.0789662599563599
85,3,0.6454854607582092
85,4,0.8500409126281738
85,5,0.8247078657150269
86,1,0.8204933404922485
86,2,0.9994393587112427
86,3,0.694015622138977
86,4,0.6808961629867554
86,5,0.7495391964912415
87,1,0.8481476306915283
87,2,0.763839840888977
87,3,0.5698341131210327
87,4,0.6805030107498169
87,5,0.6285337805747986
88,1,0.7083566784858704
88,2,0.5344802141189575
88,3,0.8637458682060242
88,4,0.9130158424377441
88,5,0.9840421676635742
89,1,0.7525021433830261
89,2,0.6048345565795898
89,3,0.701439380645752
89,4,0.7402051687240601
89,5,0.7154234647750854
90,1,0.7159403562545776
90,2,0.6768366694450378
90,3,0.7725793719291687
90,4,0.6263552904129028
90,5,0.8246927261352539
91,1,0.8765875101089478
91,2,0.7188583612442017
91,3,0.7668367624282837
91,4,0.6208178997039795
91,5,1.3901634216308594
92,1,0.6354143619537354
92,2,0.5694132447242737
92,3,0.5295030474662781
92,4,0.8851751089096069
92,5,0.7425768971443176
93,1,0.7270358204841614
93,2,0.7080823183059692
93,3,0.8332391977310181
93,4,0.5111051797866821
93,5,0.6568135619163513
94,1,0.6594560146331787
94,2,0.6926417350769043
94,3,0.870663583278656
94,4,0.8572707176208496
94,5,0.8737725615501404
95,1,0.6358785033226013
95,2,0.6755606532096863
95,3,0.7226167917251587
95,4,0.8513991832733154
95,5,0.8536831140518188
96,1,0.7234880924224854
96,2,0.6606420874595642
96,3,0.6910210847854614
96,4,0.7073780298233032
96,5,0.7846240997314453
97,1,0.9146795272827148
97,2,0.7344565391540527
97,3,0.6813812851905823
97,4,0.726420521736145
97,5,0.6032808423042297
98,1,0.7898154258728027
98,2,0.768486738204956
98,3,0.5496259927749634
98,4,0.7529658079147339
98,5,0.6672555208206177
99,1,0.8404592275619507
99,2,0.6845948100090027
99,3,0.9806165099143982
99,4,0.9027563333511353
99,5,0.8693983554840088
100,1,0.8527812361717224
100,2,0.8940492272377014
100,3,0.7823420166969299
100,4,0.8281668424606323
100,5,0.8235824704170227
