epoch,step,loss
1,1,1.9056987762451172
1,2,1.2232551574707031
1,3,0.8369574546813965
1,4,0.6383882761001587
1,5,0.5707205533981323
1,6,0.7670325040817261
2,1,0.5863974094390869
2,2,0.368338942527771
2,3,0.3955346643924713
2,4,0.4630016088485718
2,5,0.3794766068458557
3,1,0.3884977102279663
3,2,0.31199342012405396
3,3,0.34445542097091675
3,4,0.35243499279022217
3,5,0.37467020750045776
4,1,0.2991243004798889
4,2,0.24684008955955505
4,3,0.2684122622013092
4,4,0.2197151780128479
4,5,0.27124711871147156
5,1,0.2535068690776825
5,2,0.1765870749950409
5,3,0.20596276223659515
5,4,0.21834400296211243
5,5,0.21024617552757263
6,1,0.18664833903312683
6,2,0.17432154715061188
6,3,0.1412184238433838
6,4,0.1495206654071808
6,5,0.15427455306053162
7,1,0.11584119498729706
7,2,0.11470302939414978
7,3,0.18842199444770813
7,4,0.11441362649202347
7,5,0.1613348126411438
8,1,0.10579416155815125
8,2,0.1048828512430191
8,3,0.11360543966293335
8,4,0.0883292481303215
8,5,0.10585005581378937
9,1,0.08789516985416412
9,2,0.0719798356294632
9,3,0.05434754118323326
9,4,0.09248645603656769
9,5,0.0726330578327179
10,1,0.06622108817100525
10,2,0.064939945936203
10,3,0.08986308425664902
10,4,0.035042595118284225
10,5,0.11254443228244781
11,1,0.06373810768127441
11,2,0.07591871172189713
11,3,0.07438603043556213
11,4,0.05213471129536629
11,5,0.06838270276784897
12,1,0.050367601215839386
12,2,0.06945419311523438
12,3,0.051012203097343445
12,4,0.04489593207836151
12,5,0.0507364496588707
13,1,0.03180554509162903
13,2,0.027062900364398956
13,3,0.034373726695775986
13,4,0.06761796027421951
13,5,0.04364273324608803
14,1,0.06297626346349716
14,2,0.04125578701496124
14,3,0.04425468295812607
14,4,0.050204165279865265
14,5,0.0661567896604538
15,1,0.0700363889336586
15,2,0.13373710215091705
15,3,0.0597878098487854
15,4,0.030225323513150215
15,5,0.03173970431089401
16,1,0.04045170545578003
16,2,0.028430966660380363
16,3,0.07494806498289108
16,4,0.024451961740851402
16,5,0.06484153866767883
17,1,0.03453151136636734
17,2,0.02004064805805683
17,3,0.029425080865621567
17,4,0.04981054738163948
17,5,0.026702210307121277
18,1,0.013321137987077236
18,2,0.0267172958701849
18,3,0.02256399765610695
18,4,0.05456123501062393
18,5,0.02264009229838848
19,1,0.02922280691564083
19,2,0.01494886539876461
19,3,0.019916925579309464
19,4,0.034479595720767975
19,5,0.016370367258787155
20,1,0.024437714368104935
20,2,0.015981977805495262
20,3,0.0053192987106740475
20,4,0.010793513618409634
20,5,0.04935697466135025
21,1,0.022924548014998436
21,2,0.009627214632928371
21,3,0.00563791673630476
21,4,0.01945618912577629
21,5,0.02944953925907612
22,1,0.06929484009742737
22,2,0.031584035605192184
22,3,0.012134715914726257
22,4,0.020812295377254486
22,5,0.013766881078481674
23,1,0.03687569871544838
23,2,0.023721076548099518
23,3,0.029148001223802567
23,4,0.046115029603242874
23,5,0.006169823929667473
24,1,0.01081660483032465
24,2,0.03224891796708107
24,3,0.016745736822485924
24,4,0.03991830348968506
24,5,0.009484022855758667
25,1,0.007220391184091568
25,2,0.022927366197109222
25,3,0.00816437229514122
25,4,0.012516259215772152
25,5,0.00796376820653677
26,1,0.07350990921258926
26,2,0.011218806728720665
26,3,0.0048756590113043785
26,4,0.017877209931612015
26,5,0.041864700615406036
27,1,0.013391830027103424
27,2,0.01773587241768837
27,3,0.00539050018414855
27,4,0.006621087435632944
27,5,0.027749011293053627
28,1,0.0422658808529377
28,2,0.005311142187565565
28,3,0.012235320173203945
28,4,0.021899348124861717
28,5,0.022545821964740753
29,1,0.007869116961956024
29,2,0.006428169552236795
29,3,0.022886386141180992
29,4,0.013438340276479721
29,5,0.0038442849181592464
30,1,0.0198831707239151
30,2,0.03425829857587814
30,3,0.019592396914958954
30,4,0.00839417427778244
30,5,0.031091120094060898
31,1,0.0064499834552407265
31,2,0.022228334099054337
31,3,0.049658987671136856
31,4,0.013710569590330124
31,5,0.0052655600011348724
32,1,0.06959011405706406
32,2,0.01737978495657444
32,3,0.010812284424901009
32,4,0.04233314096927643
32,5,0.05141424015164375
33,1,0.040219489485025406
33,2,0.027952954173088074
33,3,0.021064573898911476
33,4,0.031684186309576035
33,5,0.006141670048236847
34,1,0.004344647284597158
34,2,0.012990511953830719
34,3,0.01923736184835434
34,4,0.010982489213347435
34,5,0.017273487523198128
35,1,0.06978749483823776
35,2,0.03245846927165985
35,3,0.01802065037190914
35,4,0.003341524861752987
35,5,0.006395809818059206
36,1,0.03711460158228874
36,2,0.010376202873885632
36,3,0.00240915035828948
36,4,0.011624114587903023
36,5,0.006641487590968609
37,1,0.012949059717357159
37,2,0.013410352170467377
37,3,0.006619641091674566
37,4,0.051287323236465454
37,5,0.018176425248384476
38,1,0.0144080501049757
38,2,0.012765530496835709
38,3,0.004957468248903751
38,4,0.01121484860777855
38,5,0.004534746985882521
39,1,0.005231546238064766
39,2,0.0052994922734797
39,3,0.01513963658362627
39,4,0.0016624308191239834
39,5,0.0051023648120462894
40,1,0.0048859501257538795
40,2,0.009902972728013992
40,3,0.010504836216568947
40,4,0.015524551272392273
40,5,0.02677372470498085
41,1,0.0036336160264909267
41,2,0.0032804636284708977
41,3,0.0112758819013834
41,4,0.0019233622588217258
41,5,0.043598711490631104
42,1,0.01185082271695137
42,2,0.01243555173277855
42,3,0.06068369746208191
42,4,0.04052949324250221
42,5,0.0031084702350199223
43,1,0.0031035724096000195
43,2,0.007805258966982365
43,3,0.016884537413716316
43,4,0.042657818645238876
43,5,0.03648054599761963
44,1,0.0037859342992305756
44,2,0.008690614253282547
44,3,0.007110183592885733
44,4,0.003082422073930502
44,5,0.01815337873995304
45,1,0.008889171294867992
45,2,0.003735544625669718
45,3,0.017838168889284134
45,4,0.002921599429100752
45,5,0.03793545439839363
46,1,0.005190241616219282
46,2,0.006191855296492577
46,3,0.006479866802692413
46,4,0.08335866779088974
46,5,0.0044349730014801025
47,1,0.051655303686857224
47,2,0.010882368311285973
47,3,0.02012873999774456
47,4,0.00657398859038949
47,5,0.017157692462205887
48,1,0.009999235160648823
48,2,0.003820633515715599
48,3,0.021302033215761185
48,4,0.008023573085665703
48,5,0.023188050836324692
49,1,0.016417283564805984
49,2,0.005511843599379063
49,3,0.0032885000109672546
49,4,0.01286490261554718
49,5,0.01434113085269928
50,1,0.0022810976952314377
50,2,0.03633957728743553
50,3,0.01679554209113121
50,4,0.03035265952348709
50,5,0.005343373399227858
51,1,0.010566620156168938
51,2,0.0030970918014645576
51,3,0.006160660181194544
51,4,0.015310907736420631
51,5,0.008872443810105324
52,1,0.0184970460832119
52,2,0.031113816425204277
52,3,0.0027185617946088314
52,4,0.042824845761060715
52,5,0.008087055757641792
53,1,0.05737283453345299
53,2,0.0017183846794068813
53,3,0.0026439479552209377
53,4,0.016807548701763153
53,5,0.06689149141311646
54,1,0.012411242350935936
54,2,0.0018677026964724064
54,3,0.006275620777159929
54,4,0.015038539655506611
54,5,0.016247663646936417
55,1,0.010159408673644066
55,2,0.00434349337592721
55,3,0.00836438499391079
55,4,0.03296159952878952
55,5,0.0016223159618675709
56,1,0.028559233993291855
56,2,0.02418474853038788
56,3,0.02016216702759266
56,4,0.0073210676200687885
56,5,0.009333467110991478
57,1,0.0036933328956365585
57,2,0.005356987006962299
57,3,0.007868138141930103
57,4,0.0019271457567811012
57,5,0.020781265571713448
58,1,0.001496762502938509
58,2,0.002662014216184616
58,3,0.002232286147773266
58,4,0.008282880298793316
58,5,0.03434459865093231
59,1,0.007949814200401306
59,2,0.005740195978432894
59,3,0.005418460816144943
59,4,0.0023665898479521275
59,5,0.00337117537856102
60,1,0.004130783025175333
60,2,0.008645255118608475
60,3,0.0030527161434292793
60,4,0.004637137986719608
60,5,0.0014337599277496338
61,1,0.0024054404348134995
61,2,0.008733632043004036
61,3,0.0020407200790941715
61,4,0.0021164645440876484
61,5,0.013770109042525291
62,1,0.004054160322993994
62,2,0.03456733003258705
62,3,0.014298154972493649
62,4,0.001835887786000967
62,5,0.019303029403090477
63,1,0.0011319536715745926
63,2,0.004984029568731785
63,3,0.04407360032200813
63,4,0.0023138215765357018
63,5,0.0019471989944577217
64,1,0.0012468001805245876
64,2,0.0020364774391055107
64,3,0.0012508276849985123
64,4,0.012094857171177864
64,5,0.005131528712809086
65,1,0.002431536093354225
65,2,0.002801472321152687
65,3,0.019384682178497314
65,4,0.003542141057550907
65,5,0.06867694854736328
66,1,0.0011452450416982174
66,2,0.030115582048892975
66,3,0.002613320015370846
66,4,0.0015156324952840805
66,5,0.0030686361715197563
67,1,0.0021109445951879025
67,2,0.005751860328018665
67,3,0.0017369096167385578
67,4,0.0014939326792955399
67,5,0.004293639678508043
68,1,0.00275906128808856
68,2,0.0013729622587561607
68,3,0.0013482030481100082
68,4,0.00610637292265892
68,5,0.035408470779657364
69,1,0.0007328842766582966
69,2,0.04498148709535599
69,3,0.012614154256880283
69,4,0.004105034749954939
69,5,0.001310952939093113
70,1,0.026509474962949753
70,2,0.0015194984152913094
70,3,0.017183080315589905
70,4,0.0013684164732694626
70,5,0.009527824819087982
71,1,0.006746003869920969
71,2,0.011356653645634651
71,3,0.003081846982240677
71,4,0.0012330678291618824
71,5,0.0011624712496995926
72,1,0.002651185728609562
72,2,0.003052803687751293
72,3,0.0009130481630563736
72,4,0.006063325330615044
72,5,0.0032994826324284077
73,1,0.004039693158119917
73,2,0.005407812539488077
73,3,0.0021575354039669037
73,4,0.009409652091562748
73,5,0.011803906410932541
74,1,0.0019924254156649113
74,2,0.014829877763986588
74,3,0.0006334627978503704
74,4,0.015455337241292
74,5,0.005632821470499039
75,1,0.0019156658090651035
75,2,0.03573644533753395
75,3,0.006396598182618618
75,4,0.003326792735606432
75,5,0.0037439242005348206
76,1,0.004264635033905506
76,2,0.0019656093791127205
76,3,0.006532028783112764
76,4,0.010031059384346008
76,5,0.008546635508537292
77,1,0.002345692366361618
77,2,0.014004698023200035
77,3,0.0024552736431360245
77,4,0.0020082592964172363
77,5,0.0007423083297908306
78,1,0.027384214103221893
78,2,0.0165852103382349
78,3,0.018705539405345917
78,4,0.0020023882389068604
78,5,0.002512564416974783
79,1,0.0006788941100239754
79,2,0.007522763684391975
79,3,0.022207727655768394
79,4,0.0017590206116437912
79,5,0.0009305980056524277
80,1,0.002125347964465618
80,2,0.01364450715482235
80,3,0.001885836012661457
80,4,0.002214679028838873
80,5,0.009797263890504837
81,1,0.005864813923835754
81,2,0.008924182504415512
81,3,0.011235754936933517
81,4,0.0030045597814023495
81,5,0.004295847844332457
82,1,0.011623605154454708
82,2,0.003495211247354746
82,3,0.001584689598530531
82,4,0.00984610803425312
82,5,0.0025384402833878994
83,1,0.0035449243150651455
83,2,0.0017961002886295319
83,3,0.0007589911110699177
83,4,0.008181905373930931
83,5,0.05112672597169876
84,1,0.015665095299482346
84,2,0.0035807890817523003
84,3,0.0011413134634494781
84,4,0.0008188486099243164
84,5,0.001872523222118616
85,1,0.00688547920435667
85,2,0.0021146610379219055
85,3,0.002911948598921299
85,4,0.021640365943312645
85,5,0.02146964520215988
86,1,0.011839456856250763
86,2,0.0008230754174292088
86,3,0.0029491139575839043
86,4,0.0017525753937661648
86,5,0.005165798589587212
87,1,0.0015735598281025887
87,2,0.002032374031841755
87,3,0.0010915999300777912
87,4,0.007433749735355377
87,5,0.002671686001121998
88,1,0.0015276167541742325
88,2,0.0031463876366615295
88,3,0.001423803623765707
88,4,0.002398404758423567
88,5,0.0006113792769610882
89,1,0.0262894369661808
89,2,0.0077917673625051975
89,3,0.0013218559324741364
89,4,0.014914489351212978
89,5,0.001254950650036335
90,1,0.05607708916068077
90,2,0.004626220557838678
90,3,0.02019113302230835
90,4,0.004610375035554171
90,5,0.0035536354407668114
91,1,0.01000699307769537
91,2,0.025533035397529602
91,3,0.003501064609736204
91,4,0.013862458989024162
91,5,0.002588791772723198
92,1,0.0014197048731148243
92,2,0.01113496720790863
92,3,0.0015859194099903107
92,4,0.010927760973572731
92,5,0.004553557373583317
93,1,0.0012031462974846363
93,2,0.0036838133819401264
93,3,0.02168229967355728
93,4,0.0006833616644144058
93,5,0.002371393144130707
94,1,0.0031264042481780052
94,2,0.0021514813415706158
94,3,0.002673105802386999
94,4,0.0025333184748888016
94,5,0.0484931655228138
95,1,0.0013613193295896053
95,2,0.0015783971175551414
95,3,0.003716079518198967
95,4,0.0013313833624124527
95,5,0.0013859672471880913
96,1,0.0046002548187971115
96,2,0.005083097610622644
96,3,0.01813487708568573
96,4,0.005945554003119469
96,5,0.001284800935536623
97,1,0.0011561722494661808
97,2,0.004761021118611097
97,3,0.00337899848818779
97,4,0.0007935422472655773
97,5,0.0005067246966063976
98,1,0.0024005118757486343
98,2,0.007185419090092182
98,3,0.0007758052088320255
98,4,0.015869788825511932
98,5,0.0015364279970526695
99,1,0.0005941293202340603
99,2,0.006787232588976622
99,3,0.0028629316948354244
99,4,0.001714017242193222
99,5,0.0026221568696200848
100,1,0.0033063553273677826
100,2,0.0011111972853541374
100,3,0.0032496307976543903
100,4,0.0020753773860633373
100,5,0.002309685107320547
