epoch,step,loss
1,1,1.7290101051330566
1,2,1.6466631889343262
1,3,1.5785465240478516
1,4,1.5448253154754639
1,5,1.5132229328155518
1,6,1.4865498542785645
1,7,1.4640570878982544
1,8,1.445221185684204
1,9,1.4274003505706787
1,10,1.4043242931365967
1,11,1.3978748321533203
1,12,1.3835828304290771
1,13,1.3664191961288452
1,14,1.353088617324829
1,15,1.344557762145996
1,16,1.330653429031372
1,17,1.3225502967834473
1,18,1.3091564178466797
1,19,1.3040931224822998
1,20,1.2995980978012085
1,21,1.29867422580719
1,22,1.2856767177581787
1,23,1.2809510231018066
1,24,1.2709522247314453
1,25,1.263756275177002
1,26,1.2545294761657715
1,27,1.2470357418060303
1,28,1.2440638542175293
1,29,1.2302443981170654
1,30,1.2176593542099
1,31,1.2090580463409424
1,32,1.206464171409607
1,33,1.1855359077453613
1,34,1.194718837738037
1,35,1.177453875541687
1,36,1.1666139364242554
1,37,1.1610296964645386
1,38,1.1484403610229492
1,39,1.141087293624878
1,40,1.1177177429199219
1,41,1.1279873847961426
1,42,1.1169501543045044
1,43,1.1052415370941162
1,44,1.0970476865768433
1,45,1.1024549007415771
1,46,1.0802042484283447
1,47,1.0724890232086182
1,48,1.081141710281372
1,49,1.062135934829712
1,50,1.0598738193511963
1,51,1.041664481163025
1,52,1.023228645324707
1,53,1.0466876029968262
1,54,1.0240728855133057
1,55,1.0290839672088623
1,56,1.0149073600769043
1,57,0.9935777187347412
1,58,1.0021395683288574
1,59,0.9927083849906921
1,60,0.9828672409057617
1,61,0.9784108400344849
1,62,0.9716809391975403
1,63,0.9740176796913147
1,64,0.9614909887313843
1,65,0.9542606472969055
1,66,0.9565507173538208
1,67,0.9531957507133484
1,68,0.9384162425994873
1,69,0.9356355667114258
1,70,0.9247564077377319
1,71,0.9177863597869873
1,72,0.9118471145629883
1,73,0.9089217185974121
1,74,0.9040157794952393
1,75,0.8978848457336426
1,76,0.9045870900154114
1,77,0.8911970853805542
2,1,0.8801555037498474
2,2,0.8677647709846497
2,3,0.8737344145774841
2,4,0.8550446033477783
2,5,0.8665845394134521
2,6,0.8574661016464233
2,7,0.840083122253418
2,8,0.8283724188804626
2,9,0.8216512203216553
2,10,0.8384746313095093
2,11,0.8150198459625244
2,12,0.794192910194397
2,13,0.8040773272514343
2,14,0.787429928779602
2,15,0.7900545597076416
2,16,0.7675472497940063
2,17,0.77677321434021
2,18,0.7695356607437134
2,19,0.770431399345398
2,20,0.7606695890426636
2,21,0.7524699568748474
2,22,0.7477512955665588
2,23,0.743885338306427
2,24,0.7246482372283936
2,25,0.7342312335968018
2,26,0.7143020629882812
2,27,0.7162878513336182
2,28,0.7139168977737427
2,29,0.7033740878105164
2,30,0.7023011445999146
2,31,0.6977022886276245
2,32,0.689469575881958
2,33,0.6801742315292358
2,34,0.6805694103240967
2,35,0.6628028154373169
2,36,0.679803729057312
2,37,0.653295636177063
2,38,0.6574997901916504
2,39,0.6497642993927002
2,40,0.6483272314071655
2,41,0.6426500678062439
2,42,0.6450840830802917
2,43,0.6308150887489319
2,44,0.6290478706359863
2,45,0.6174741387367249
2,46,0.60933917760849
2,47,0.6071293354034424
2,48,0.6060500144958496
2,49,0.5960773229598999
2,50,0.5997269153594971
2,51,0.5846995115280151
2,52,0.5924844741821289
2,53,0.5812166333198547
2,54,0.5734649300575256
2,55,0.572024941444397
2,56,0.5767441391944885
2,57,0.5737845301628113
2,58,0.5689731240272522
2,59,0.56074059009552
2,60,0.5536385774612427
2,61,0.5376327037811279
2,62,0.549098551273346
2,63,0.5593225359916687
2,64,0.535827100276947
2,65,0.5455502271652222
2,66,0.5207962989807129
2,67,0.5176064968109131
2,68,0.5210648775100708
2,69,0.5240077972412109
2,70,0.5170729160308838
2,71,0.501136839389801
2,72,0.4906395673751831
2,73,0.5071269273757935
2,74,0.4945974349975586
2,75,0.485995352268219
2,76,0.4864691197872162
3,1,0.4799235165119171
3,2,0.47628822922706604
3,3,0.4818388819694519
3,4,0.45989030599594116
3,5,0.4770747423171997
3,6,0.4929196238517761
3,7,0.4648017883300781
3,8,0.46040797233581543
3,9,0.4706974923610687
3,10,0.46180111169815063
3,11,0.44985339045524597
3,12,0.4768421947956085
3,13,0.45078349113464355
3,14,0.4608956575393677
3,15,0.4362865686416626
3,16,0.4332737922668457
3,17,0.43334412574768066
3,18,0.4280186891555786
3,19,0.4304317235946655
3,20,0.4119073748588562
3,21,0.4066466987133026
3,22,0.40763959288597107
3,23,0.40801820158958435
3,24,0.4084320366382599
3,25,0.39877966046333313
3,26,0.4035455882549286
3,27,0.3975922167301178
3,28,0.397411584854126
3,29,0.3860224187374115
3,30,0.39914825558662415
3,31,0.3938639760017395
3,32,0.3849230408668518
3,33,0.38661766052246094
3,34,0.38482993841171265
3,35,0.3669956624507904
3,36,0.36446186900138855
3,37,0.36829596757888794
3,38,0.3678390383720398
3,39,0.3694102168083191
3,40,0.36012861132621765
3,41,0.3632810413837433
3,42,0.36267152428627014
3,43,0.367900013923645
3,44,0.35536035895347595
3,45,0.3424857258796692
3,46,0.3493158221244812
3,47,0.33835911750793457
3,48,0.336104154586792
3,49,0.337413489818573
3,50,0.33139678835868835
3,51,0.33083978295326233
3,52,0.3437776565551758
3,53,0.32972806692123413
3,54,0.33268308639526367
3,55,0.33182722330093384
3,56,0.32124561071395874
3,57,0.32502105832099915
3,58,0.3065127730369568
3,59,0.32092633843421936
3,60,0.31793224811553955
3,61,0.3096720576286316
3,62,0.3031911551952362
3,63,0.2989840507507324
3,64,0.3182360529899597
3,65,0.3051334619522095
3,66,0.299960732460022
3,67,0.28749075531959534
3,68,0.28346192836761475
3,69,0.293805330991745
3,70,0.3017694354057312
3,71,0.2756759226322174
3,72,0.27886855602264404
3,73,0.28468626737594604
3,74,0.2727474570274353
3,75,0.2964298129081726
3,76,0.2900865077972412
4,1,0.2812725901603699
4,2,0.2702162265777588
4,3,0.26993808150291443
4,4,0.2596575617790222
4,5,0.27882808446884155
4,6,0.25323113799095154
4,7,0.2668773829936981
4,8,0.2697519063949585
4,9,0.269368052482605
4,10,0.26966094970703125
4,11,0.25210005044937134
4,12,0.2536655068397522
4,13,0.2697656750679016
4,14,0.25946807861328125
4,15,0.2542056143283844
4,16,0.2574191391468048
4,17,0.2612035870552063
4,18,0.24429155886173248
4,19,0.2430380880832672
4,20,0.24968795478343964
4,21,0.23368701338768005
4,22,0.25309473276138306
4,23,0.2473222315311432
4,24,0.23900280892848969
4,25,0.24166730046272278
4,26,0.2326711267232895
4,27,0.23510007560253143
4,28,0.22836363315582275
4,29,0.23446325957775116
4,30,0.22142672538757324
4,31,0.237720787525177
4,32,0.22918203473091125
4,33,0.22388771176338196
4,34,0.23001357913017273
4,35,0.23526769876480103
4,36,0.2229369878768921
4,37,0.2147204577922821
4,38,0.22988855838775635
4,39,0.21699143946170807
4,40,0.2413768768310547
4,41,0.20954130589962006
4,42,0.22083359956741333
4,43,0.23612163960933685
4,44,0.22558405995368958
4,45,0.23258934915065765
4,46,0.20518046617507935
4,47,0.2090865969657898
4,48,0.21008670330047607
4,49,0.21619543433189392
4,50,0.20446562767028809
4,51,0.21031352877616882
4,52,0.22058847546577454
4,53,0.2158767282962799
4,54,0.19575268030166626
4,55,0.2094390094280243
4,56,0.20300239324569702
4,57,0.23891524970531464
4,58,0.19882911443710327
4,59,0.2121182233095169
4,60,0.2277827113866806
4,61,0.1927429586648941
4,62,0.19266830384731293
4,63,0.1867518126964569
4,64,0.19616252183914185
4,65,0.20878654718399048
4,66,0.18586716055870056
4,67,0.1971084028482437
4,68,0.19138354063034058
4,69,0.20724205672740936
4,70,0.19044426083564758
4,71,0.18957695364952087
4,72,0.19974635541439056
4,73,0.18276812136173248
4,74,0.21878573298454285
4,75,0.17965064942836761
4,76,0.1889580488204956
5,1,0.18611523509025574
5,2,0.2097817063331604
5,3,0.18194863200187683
5,4,0.1892358958721161
5,5,0.18347632884979248
5,6,0.1861783266067505
5,7,0.20349183678627014
5,8,0.17664748430252075
5,9,0.1869695484638214
5,10,0.17661020159721375
5,11,0.183212012052536
5,12,0.17896515130996704
5,13,0.1692958027124405
5,14,0.1787964403629303
5,15,0.17592717707157135
5,16,0.19052492082118988
5,17,0.16654576361179352
5,18,0.17629438638687134
5,19,0.17365294694900513
5,20,0.16879791021347046
5,21,0.17532062530517578
5,22,0.1743406057357788
5,23,0.16499505937099457
5,24,0.17123714089393616
5,25,0.16395771503448486
5,26,0.16378766298294067
5,27,0.18087640404701233
5,28,0.1658879816532135
5,29,0.16790708899497986
5,30,0.16950702667236328
5,31,0.17220622301101685
5,32,0.16013121604919434
5,33,0.15367892384529114
5,34,0.1601562798023224
5,35,0.16840344667434692
5,36,0.15847711265087128
5,37,0.15943306684494019
5,38,0.15630149841308594
5,39,0.16487017273902893
5,40,0.17518186569213867
5,41,0.15974614024162292
5,42,0.1634189933538437
5,43,0.17758876085281372
5,44,0.1678820550441742
5,45,0.16552484035491943
5,46,0.16533425450325012
5,47,0.15938664972782135
5,48,0.1601528525352478
5,49,0.14856651425361633
5,50,0.16708622872829437
5,51,0.15196071565151215
5,52,0.15815094113349915
5,53,0.14299187064170837
5,54,0.16361647844314575
5,55,0.15371209383010864
5,56,0.14300721883773804
5,57,0.1655983030796051
5,58,0.14253011345863342
5,59,0.15079660713672638
5,60,0.16199663281440735
5,61,0.14985796809196472
5,62,0.1608649343252182
5,63,0.1496879756450653
5,64,0.18956968188285828
5,65,0.14642438292503357
5,66,0.14197224378585815
5,67,0.1494099348783493
5,68,0.14762532711029053
5,69,0.13926124572753906
5,70,0.1565609872341156
5,71,0.16902059316635132
5,72,0.1470569670200348
5,73,0.14919854700565338
5,74,0.14835210144519806
5,75,0.13541796803474426
5,76,0.1477673202753067
6,1,0.14356887340545654
6,2,0.13931313157081604
6,3,0.1357562243938446
6,4,0.1451972872018814
6,5,0.14120234549045563
6,6,0.15087014436721802
6,7,0.14183495938777924
6,8,0.1413457691669464
6,9,0.14331234991550446
6,10,0.12422196567058563
6,11,0.13827672600746155
6,12,0.14262345433235168
6,13,0.13576576113700867
6,14,0.12079130858182907
6,15,0.13150867819786072
6,16,0.1331346184015274
6,17,0.1406041830778122
6,18,0.12810882925987244
6,19,0.12395830452442169
6,20,0.13830742239952087
6,21,0.12362080812454224
6,22,0.1415780633687973
6,23,0.13417738676071167
6,24,0.1255088448524475
6,25,0.12134908884763718
6,26,0.12969565391540527
6,27,0.16562967002391815
6,28,0.14020738005638123
6,29,0.1593056619167328
6,30,0.13850730657577515
6,31,0.12298526614904404
6,32,0.12473040819168091
6,33,0.1313508003950119
6,34,0.12822455167770386
6,35,0.1202264204621315
6,36,0.1373397260904312
6,37,0.12374494969844818
6,38,0.12710723280906677
6,39,0.12821833789348602
6,40,0.1487407386302948
6,41,0.12688125669956207
6,42,0.12927192449569702
6,43,0.12041868269443512
6,44,0.11721445620059967
6,45,0.11884396523237228
6,46,0.1207406148314476
6,47,0.1311693787574768
6,48,0.1306932419538498
6,49,0.11568865180015564
6,50,0.12346945703029633
6,51,0.13445761799812317
6,52,0.14530181884765625
6,53,0.12436873465776443
6,54,0.11278872191905975
6,55,0.15467742085456848
6,56,0.1243261843919754
6,57,0.12329007685184479
6,58,0.13029512763023376
6,59,0.12428884208202362
6,60,0.12631061673164368
6,61,0.12502779066562653
6,62,0.1244063675403595
6,63,0.11157078295946121
6,64,0.12471508979797363
6,65,0.1257009506225586
6,66,0.12909917533397675
6,67,0.13388946652412415
6,68,0.11996719986200333
6,69,0.12279125303030014
6,70,0.12829254567623138
6,71,0.1258217990398407
6,72,0.12116549164056778
6,73,0.1372288167476654
6,74,0.13971123099327087
6,75,0.11964884400367737
6,76,0.13167594373226166
7,1,0.10823461413383484
7,2,0.12137522548437119
7,3,0.12383539974689484
7,4,0.11087894439697266
7,5,0.10553140938282013
7,6,0.1399780511856079
7,7,0.11757168173789978
7,8,0.11938922107219696
7,9,0.13077068328857422
7,10,0.12136665731668472
7,11,0.12421353906393051
7,12,0.1137295812368393
7,13,0.10585325211286545
7,14,0.10152075439691544
7,15,0.12292344868183136
7,16,0.12042783200740814
7,17,0.13058379292488098
7,18,0.12498702108860016
7,19,0.13831791281700134
7,20,0.12020125240087509
7,21,0.13384336233139038
7,22,0.11543198674917221
7,23,0.12969692051410675
7,24,0.10962101817131042
7,25,0.12949946522712708
7,26,0.11482463777065277
7,27,0.12042458355426788
7,28,0.09995207190513611
7,29,0.13225233554840088
7,30,0.12066909670829773
7,31,0.10834794491529465
7,32,0.10210039466619492
7,33,0.11788711696863174
7,34,0.10396289825439453
7,35,0.11357871443033218
7,36,0.11725939810276031
7,37,0.11154303699731827
7,38,0.11321362107992172
7,39,0.10260111838579178
7,40,0.11368478089570999
7,41,0.10710921138525009
7,42,0.11322490870952606
7,43,0.11041043698787689
7,44,0.10949701070785522
7,45,0.1017715260386467
7,46,0.10387418419122696
7,47,0.11643949151039124
7,48,0.1189914420247078
7,49,0.10686749219894409
7,50,0.1173589676618576
7,51,0.10332907736301422
7,52,0.09786707162857056
7,53,0.1250627487897873
7,54,0.11394591629505157
7,55,0.10917194187641144
7,56,0.10498036444187164
7,57,0.10845737159252167
7,58,0.1072549819946289
7,59,0.12606945633888245
7,60,0.12919552624225616
7,61,0.10935308784246445
7,62,0.11863726377487183
7,63,0.11457957327365875
7,64,0.11051353812217712
7,65,0.10543685406446457
7,66,0.11876121163368225
7,67,0.11799053102731705
7,68,0.11120516806840897
7,69,0.11868372559547424
7,70,0.10646993666887283
7,71,0.10784964263439178
7,72,0.13168618083000183
7,73,0.12679167091846466
7,74,0.11652863025665283
7,75,0.12105494737625122
7,76,0.10921059548854828
8,1,0.1038535088300705
8,2,0.11041553318500519
8,3,0.10035192966461182
8,4,0.10383454710245132
8,5,0.10670989006757736
8,6,0.10490022599697113
8,7,0.12509530782699585
8,8,0.11478252708911896
8,9,0.10902220010757446
8,10,0.1080230176448822
8,11,0.10620405524969101
8,12,0.11391939222812653
8,13,0.10546670854091644
8,14,0.10230513662099838
8,15,0.10866809636354446
8,16,0.10560391843318939
8,17,0.14536809921264648
8,18,0.09491376578807831
8,19,0.11193640530109406
8,20,0.11764360219240189
8,21,0.10854362696409225
8,22,0.10066120326519012
8,23,0.1064768061041832
8,24,0.10795129090547562
8,25,0.10397800803184509
8,26,0.1028299629688263
8,27,0.10285745561122894
8,28,0.107985720038414
8,29,0.0946977436542511
8,30,0.09674400091171265
8,31,0.10467224568128586
8,32,0.10378758609294891
8,33,0.09387412667274475
8,34,0.09476424008607864
8,35,0.10389445722103119
8,36,0.10991773009300232
8,37,0.10942599177360535
8,38,0.1012890636920929
8,39,0.11372248828411102
8,40,0.10772678256034851
8,41,0.10895845293998718
8,42,0.10397548973560333
8,43,0.09513439238071442
8,44,0.100239098072052
8,45,0.11334718763828278
8,46,0.1055435910820961
8,47,0.09922238439321518
8,48,0.10158642381429672
8,49,0.10163798183202744
8,50,0.0979539304971695
8,51,0.10106546431779861
8,52,0.10129671543836594
8,53,0.11809805035591125
8,54,0.10594695806503296
8,55,0.11903631687164307
8,56,0.09159423410892487
8,57,0.09389308094978333
8,58,0.09598708152770996
8,59,0.10191525518894196
8,60,0.11252602189779282
8,61,0.09463424235582352
8,62,0.09826277196407318
8,63,0.09797824919223785
8,64,0.09759002923965454
8,65,0.1010570153594017
8,66,0.08816325664520264
8,67,0.10867048054933548
8,68,0.10859538614749908
8,69,0.0999297946691513
8,70,0.10666535794734955
8,71,0.09676188230514526
8,72,0.09663884341716766
8,73,0.09465711563825607
8,74,0.08920607715845108
8,75,0.09422475099563599
8,76,0.10605281591415405
9,1,0.09382778406143188
9,2,0.10599042475223541
9,3,0.08747807145118713
9,4,0.09819372743368149
9,5,0.0988287627696991
9,6,0.09549695253372192
9,7,0.09862284362316132
9,8,0.07488863170146942
9,9,0.09149694442749023
9,10,0.09281735122203827
9,11,0.08617234230041504
9,12,0.09590863436460495
9,13,0.08879901468753815
9,14,0.0935903862118721
9,15,0.09272515773773193
9,16,0.09021303802728653
9,17,0.08907753974199295
9,18,0.100382499396801
9,19,0.09660244733095169
9,20,0.09069766104221344
9,21,0.07826287299394608
9,22,0.0893898606300354
9,23,0.08818401396274567
9,24,0.08928000181913376
9,25,0.09497374296188354
9,26,0.09123922139406204
9,27,0.0835050642490387
9,28,0.08018843829631805
9,29,0.09172878414392471
9,30,0.09563988447189331
9,31,0.09620484709739685
9,32,0.09586979448795319
9,33,0.08361446857452393
9,34,0.09310156106948853
9,35,0.1039014458656311
9,36,0.1009848415851593
9,37,0.07878412306308746
9,38,0.0879959687590599
9,39,0.09302805364131927
9,40,0.10047521442174911
9,41,0.1051720380783081
9,42,0.08734741061925888
9,43,0.09825792908668518
9,44,0.08921709656715393
9,45,0.10346505790948868
9,46,0.09818762540817261
9,47,0.09186041355133057
9,48,0.07889798283576965
9,49,0.10129211843013763
9,50,0.1025170162320137
9,51,0.08890601992607117
9,52,0.0881221666932106
9,53,0.09622114896774292
9,54,0.10884225368499756
9,55,0.08927430212497711
9,56,0.09378276765346527
9,57,0.08438239246606827
9,58,0.09524804353713989
9,59,0.0953715518116951
9,60,0.08867495507001877
9,61,0.09814734011888504
9,62,0.08777129650115967
9,63,0.08709224313497543
9,64,0.10264065116643906
9,65,0.0963873490691185
9,66,0.09589031338691711
9,67,0.08315487205982208
9,68,0.08156782388687134
9,69,0.08809636533260345
9,70,0.08176913857460022
9,71,0.09608805924654007
9,72,0.07913483679294586
9,73,0.09238630533218384
9,74,0.08974060416221619
9,75,0.11908596009016037
9,76,0.09089428186416626
10,1,0.12403124570846558
10,2,0.1009664237499237
10,3,0.09272266179323196
10,4,0.08937098830938339
10,5,0.09651392698287964
10,6,0.10372711718082428
10,7,0.08962482213973999
10,8,0.08250895142555237
10,9,0.0947265475988388
10,10,0.10122888535261154
10,11,0.09101712703704834
10,12,0.08456756919622421
10,13,0.10496141016483307
10,14,0.0847478061914444
10,15,0.11520075798034668
10,16,0.096643827855587
10,17,0.08576188236474991
10,18,0.09704825282096863
10,19,0.09024831652641296
10,20,0.09501339495182037
10,21,0.07969211041927338
10,22,0.07648468762636185
10,23,0.09739775210618973
10,24,0.0799337700009346
10,25,0.09018585085868835
10,26,0.09786245971918106
10,27,0.09659282863140106
10,28,0.09701529145240784
10,29,0.08002772927284241
10,30,0.08886373043060303
10,31,0.09062877297401428
10,32,0.09903930127620697
10,33,0.08567607402801514
10,34,0.08978141844272614
10,35,0.08496781438589096
10,36,0.08630059659481049
10,37,0.07450777292251587
10,38,0.10127249360084534
10,39,0.082072414457798
10,40,0.10366109013557434
10,41,0.0976884737610817
10,42,0.09439603239297867
10,43,0.0981869027018547
10,44,0.09863109886646271
10,45,0.10048677027225494
10,46,0.10089630633592606
10,47,0.08804471790790558
10,48,0.0911962240934372
10,49,0.0836322158575058
10,50,0.0836554616689682
10,51,0.08883307129144669
10,52,0.09261304140090942
10,53,0.08555632084608078
10,54,0.09479638934135437
10,55,0.09349288791418076
10,56,0.09458574652671814
10,57,0.0835462287068367
10,58,0.08280465006828308
10,59,0.084837406873703
10,60,0.10616633296012878
10,61,0.08809876441955566
10,62,0.07672055065631866
10,63,0.09393817186355591
10,64,0.08784785866737366
10,65,0.09410375356674194
10,66,0.08767978101968765
10,67,0.10760514438152313
10,68,0.08268441259860992
10,69,0.08084692060947418
10,70,0.09212683141231537
10,71,0.09885464608669281
10,72,0.09498660266399384
10,73,0.07810857892036438
10,74,0.08979332447052002
10,75,0.0794217437505722
10,76,0.07690451294183731
11,1,0.07869914174079895
11,2,0.10098938643932343
11,3,0.0851592943072319
11,4,0.09204599261283875
11,5,0.08408480882644653
11,6,0.08808375895023346
11,7,0.0895230621099472
11,8,0.08178973197937012
11,9,0.0801796168088913
11,10,0.07901586592197418
11,11,0.07585269957780838
11,12,0.08524304628372192
11,13,0.08485975861549377
11,14,0.08355963975191116
11,15,0.09526427090167999
11,16,0.08674192428588867
11,17,0.08602360635995865
11,18,0.0987972617149353
11,19,0.09183722734451294
11,20,0.08442607522010803
11,21,0.08858910202980042
11,22,0.08546723425388336
11,23,0.07421867549419403
11,24,0.08026601374149323
11,25,0.0868825912475586
11,26,0.06991557776927948
11,27,0.08231395483016968
11,28,0.06794548034667969
11,29,0.08329373598098755
11,30,0.07842515408992767
11,31,0.0747024416923523
11,32,0.08929770439863205
11,33,0.08732542395591736
11,34,0.08479838073253632
11,35,0.09865017980337143
11,36,0.0789194256067276
11,37,0.07492268085479736
11,38,0.08280807733535767
11,39,0.08954475820064545
11,40,0.09293951094150543
11,41,0.08422327041625977
11,42,0.08859632909297943
11,43,0.08680355548858643
11,44,0.09808338433504105
11,45,0.0947369635105133
11,46,0.08928526192903519
11,47,0.08253228664398193
11,48,0.08012478053569794
11,49,0.0840749442577362
11,50,0.0961368978023529
11,51,0.07030738890171051
11,52,0.08045205473899841
11,53,0.08490270376205444
11,54,0.08961144834756851
11,55,0.08945982158184052
11,56,0.08826781064271927
11,57,0.0922815278172493
11,58,0.07121941447257996
11,59,0.07640080899000168
11,60,0.07574053108692169
11,61,0.07847641408443451
11,62,0.07426733523607254
11,63,0.07843887805938721
11,64,0.07842329144477844
11,65,0.10104537010192871
11,66,0.09086225181818008
11,67,0.07865320146083832
11,68,0.08373907208442688
11,69,0.07465873658657074
11,70,0.0774526596069336
11,71,0.07533104717731476
11,72,0.09232477843761444
11,73,0.08772816509008408
11,74,0.08946317434310913
11,75,0.08051131665706635
11,76,0.08570562303066254
12,1,0.08604186773300171
12,2,0.08475740253925323
12,3,0.08123549818992615
12,4,0.09987565875053406
12,5,0.07023534178733826
12,6,0.08132129907608032
12,7,0.09544400870800018
12,8,0.08963226526975632
12,9,0.0880371630191803
12,10,0.07747173309326172
12,11,0.08118267357349396
12,12,0.08343614637851715
12,13,0.0820702314376831
12,14,0.07796230912208557
12,15,0.07475414127111435
12,16,0.0888092890381813
12,17,0.09178197383880615
12,18,0.07391072809696198
12,19,0.07395870238542557
12,20,0.08035889267921448
12,21,0.08240796625614166
12,22,0.07470376044511795
12,23,0.0795014351606369
12,24,0.0677536278963089
12,25,0.08127418160438538
12,26,0.06914475560188293
12,27,0.08431492000818253
12,28,0.08761709183454514
12,29,0.07477013766765594
12,30,0.07588711380958557
12,31,0.07022188603878021
12,32,0.07684808224439621
12,33,0.0826021209359169
12,34,0.0731835663318634
12,35,0.07852860540151596
12,36,0.09939275681972504
12,37,0.08340948075056076
12,38,0.08244374394416809
12,39,0.07640261948108673
12,40,0.06949684023857117
12,41,0.07527027279138565
12,42,0.09536600857973099
12,43,0.0688321441411972
12,44,0.07450944930315018
12,45,0.08576714992523193
12,46,0.08370821177959442
12,47,0.07599937915802002
12,48,0.08598784357309341
12,49,0.08458741009235382
12,50,0.07859110832214355
12,51,0.12149988859891891
12,52,0.07695293426513672
12,53,0.07743707299232483
12,54,0.07929441332817078
12,55,0.08530941605567932
12,56,0.07337171584367752
12,57,0.08054588735103607
12,58,0.07674384117126465
12,59,0.08191333711147308
12,60,0.08927549421787262
12,61,0.09944762289524078
12,62,0.08533447980880737
12,63,0.07716667652130127
12,64,0.07956851273775101
12,65,0.07561983168125153
12,66,0.08495518565177917
12,67,0.07417338341474533
12,68,0.0686432421207428
12,69,0.07812736928462982
12,70,0.07529708743095398
12,71,0.09715671837329865
12,72,0.09109947085380554
12,73,0.0907687395811081
12,74,0.07423198223114014
12,75,0.07948814332485199
12,76,0.07160136103630066
13,1,0.06753392517566681
13,2,0.07089101523160934
13,3,0.07760860025882721
13,4,0.08426693081855774
13,5,0.0680362731218338
13,6,0.06848366558551788
13,7,0.10209345072507858
13,8,0.07718899846076965
13,9,0.06994175165891647
13,10,0.08850020170211792
13,11,0.08598887920379639
13,12,0.07492723315954208
13,13,0.08720650523900986
13,14,0.074183389544487
13,15,0.07735954225063324
13,16,0.07741234451532364
13,17,0.07808329164981842
13,18,0.07237331569194794
13,19,0.0681648701429367
13,20,0.09019951522350311
13,21,0.06881260126829147
13,22,0.06802164763212204
13,23,0.06787172704935074
13,24,0.07341945171356201
13,25,0.08780163526535034
13,26,0.0866672471165657
13,27,0.07302487641572952
13,28,0.06269023567438126
13,29,0.08260664343833923
13,30,0.07855016738176346
13,31,0.06718622893095016
13,32,0.07566867768764496
13,33,0.07360023260116577
13,34,0.06344049423933029
13,35,0.06657210737466812
13,36,0.07647666335105896
13,37,0.07818377017974854
13,38,0.06872744858264923
13,39,0.07750698179006577
13,40,0.07601037621498108
13,41,0.07428184151649475
13,42,0.06878189742565155
13,43,0.07270453870296478
13,44,0.06720015406608582
13,45,0.07878859341144562
13,46,0.06135744974017143
13,47,0.0688360184431076
13,48,0.08981984853744507
13,49,0.08259854465723038
13,50,0.07349123805761337
13,51,0.06736468523740768
13,52,0.06912583857774734
13,53,0.08370712399482727
13,54,0.07931234687566757
13,55,0.07357193529605865
13,56,0.07160969078540802
13,57,0.0693742036819458
13,58,0.06701362133026123
13,59,0.07748223841190338
13,60,0.07084108889102936
13,61,0.08064842224121094
13,62,0.07546217739582062
13,63,0.07012544572353363
13,64,0.07770762592554092
13,65,0.0825873613357544
13,66,0.06817714124917984
13,67,0.06759345531463623
13,68,0.07167494297027588
13,69,0.06349944323301315
13,70,0.06770946830511093
13,71,0.0765235424041748
13,72,0.07493682950735092
13,73,0.08166858553886414
13,74,0.06812500953674316
13,75,0.06721770763397217
13,76,0.07146971672773361
14,1,0.09332709014415741
14,2,0.075773224234581
14,3,0.08200501650571823
14,4,0.08464665710926056
14,5,0.07205376029014587
14,6,0.08528433740139008
14,7,0.07431656867265701
14,8,0.06936806440353394
14,9,0.07359220832586288
14,10,0.07151809334754944
14,11,0.05711551010608673
14,12,0.07840089499950409
14,13,0.08299461007118225
14,14,0.07413309067487717
14,15,0.06667645275592804
14,16,0.06695888936519623
14,17,0.06867605447769165
14,18,0.06992223858833313
14,19,0.07016206532716751
14,20,0.07711925357580185
14,21,0.08243067562580109
14,22,0.09071718901395798
14,23,0.07088427245616913
14,24,0.07240986078977585
14,25,0.07322859764099121
14,26,0.06950875371694565
14,27,0.07271794229745865
14,28,0.06098677217960358
14,29,0.07279538363218307
14,30,0.07988959550857544
14,31,0.07646967470645905
14,32,0.07317899912595749
14,33,0.08179566264152527
14,34,0.08510680496692657
14,35,0.07200595736503601
14,36,0.06733009219169617
14,37,0.06343194097280502
14,38,0.07257361710071564
14,39,0.06799877434968948
14,40,0.07381810247898102
14,41,0.08956335484981537
14,42,0.07068145275115967
14,43,0.09775355458259583
14,44,0.06817744672298431
14,45,0.07454244792461395
14,46,0.07461264729499817
14,47,0.0670427680015564
14,48,0.07762610912322998
14,49,0.06880860030651093
14,50,0.07443996518850327
14,51,0.06946930289268494
14,52,0.06619983911514282
14,53,0.07007534801959991
14,54,0.08749822527170181
14,55,0.06452398002147675
14,56,0.07122210413217545
14,57,0.06924676150083542
14,58,0.07598753273487091
14,59,0.07869111746549606
14,60,0.07553819566965103
14,61,0.07197818160057068
14,62,0.0918722003698349
14,63,0.06211445480585098
14,64,0.0725758895277977
14,65,0.09407845884561539
14,66,0.07717008888721466
14,67,0.06501606106758118
14,68,0.06617572903633118
14,69,0.0711069107055664
14,70,0.08778825402259827
14,71,0.07630980014801025
14,72,0.06155739724636078
14,73,0.05948095768690109
14,74,0.08947493135929108
14,75,0.07624632120132446
14,76,0.06527569890022278
15,1,0.07456738501787186
15,2,0.0675654262304306
15,3,0.07079814374446869
15,4,0.09922809898853302
15,5,0.06909722089767456
15,6,0.06864507496356964
15,7,0.07261678576469421
15,8,0.06784258782863617
15,9,0.06453138589859009
15,10,0.07124516367912292
15,11,0.06580549478530884
15,12,0.06871706247329712
15,13,0.07309922575950623
15,14,0.06884051114320755
15,15,0.07095496356487274
15,16,0.07198579609394073
15,17,0.09277269244194031
15,18,0.07047046720981598
15,19,0.0768674910068512
15,20,0.0680287629365921
15,21,0.061597369611263275
15,22,0.06921963393688202
15,23,0.07193659245967865
15,24,0.07476131618022919
15,25,0.07611552625894547
15,26,0.07037840783596039
15,27,0.0839657187461853
15,28,0.08050648123025894
15,29,0.06688368320465088
15,30,0.06397981941699982
15,31,0.07455307245254517
15,32,0.07027707993984222
15,33,0.060833606868982315
15,34,0.07377515733242035
15,35,0.06228199973702431
15,36,0.0668281689286232
15,37,0.07266067713499069
15,38,0.08324775099754333
15,39,0.06532569229602814
15,40,0.07916686683893204
15,41,0.07679612189531326
15,42,0.06461937725543976
15,43,0.06962171196937561
15,44,0.07159676402807236
15,45,0.06451248377561569
15,46,0.06430688500404358
15,47,0.06748274713754654
15,48,0.07195725291967392
15,49,0.07917532324790955
15,50,0.05847080796957016
15,51,0.07927289605140686
15,52,0.0701676681637764
15,53,0.06352416425943375
15,54,0.07342872023582458
15,55,0.06996198743581772
15,56,0.06054884195327759
15,57,0.0596383661031723
15,58,0.06276639550924301
15,59,0.06123565882444382
15,60,0.07848875224590302
15,61,0.06989321112632751
15,62,0.06601317226886749
15,63,0.06574279814958572
15,64,0.0644010454416275
15,65,0.060689907521009445
15,66,0.06520763784646988
15,67,0.07770425081253052
15,68,0.07291772961616516
15,69,0.06437036395072937
15,70,0.06723394989967346
15,71,0.06606399267911911
15,72,0.08969203382730484
15,73,0.0684681162238121
15,74,0.05958602949976921
15,75,0.08728966116905212
15,76,0.0677352100610733
16,1,0.0630573183298111
16,2,0.08228859305381775
16,3,0.0803002268075943
16,4,0.05863605812191963
16,5,0.0710936039686203
16,6,0.06646543741226196
16,7,0.06456497311592102
16,8,0.0686420425772667
16,9,0.06120964139699936
16,10,0.0761420950293541
16,11,0.06628335267305374
16,12,0.06876849383115768
16,13,0.07014332711696625
16,14,0.0843162089586258
16,15,0.06797277182340622
16,16,0.07666531205177307
16,17,0.09413740038871765
16,18,0.07382535934448242
16,19,0.07431699335575104
16,20,0.05805496498942375
16,21,0.06389950215816498
16,22,0.06208137050271034
16,23,0.0760648101568222
16,24,0.05675716698169708
16,25,0.06302029639482498
16,26,0.08449643850326538
16,27,0.06804077327251434
16,28,0.06766568869352341
16,29,0.0715370625257492
16,30,0.06708630174398422
16,31,0.06206740438938141
16,32,0.06758637726306915
16,33,0.07021022588014603
16,34,0.06579343974590302
16,35,0.0995463952422142
16,36,0.07463178038597107
16,37,0.08435700833797455
16,38,0.06929925084114075
16,39,0.07087699323892593
16,40,0.06995515525341034
16,41,0.07573181390762329
16,42,0.06570988893508911
16,43,0.08039401471614838
16,44,0.06057175248861313
16,45,0.07308078557252884
16,46,0.07450121641159058
16,47,0.06811826676130295
16,48,0.08345836400985718
16,49,0.07369491457939148
16,50,0.07087205350399017
16,51,0.07653549313545227
16,52,0.06714902073144913
16,53,0.07387018948793411
16,54,0.07580772787332535
16,55,0.062045104801654816
16,56,0.06940954178571701
16,57,0.07753479480743408
16,58,0.07446083426475525
16,59,0.06654015183448792
16,60,0.06545019149780273
16,61,0.06589066982269287
16,62,0.07425916194915771
16,63,0.06633748859167099
16,64,0.057921379804611206
16,65,0.05856318771839142
16,66,0.06214623153209686
16,67,0.06445260345935822
16,68,0.06633423268795013
16,69,0.06471467763185501
16,70,0.07619167864322662
16,71,0.06683781743049622
16,72,0.05812494829297066
16,73,0.06149701029062271
16,74,0.07633394747972488
16,75,0.07766824215650558
16,76,0.05888829007744789
17,1,0.07481636852025986
17,2,0.0715254694223404
17,3,0.07041854411363602
17,4,0.06006724014878273
17,5,0.060082241892814636
17,6,0.0572403147816658
17,7,0.06854312121868134
17,8,0.06524519622325897
17,9,0.06152714043855667
17,10,0.07352030277252197
17,11,0.07524367421865463
17,12,0.06472775340080261
17,13,0.06532803177833557
17,14,0.05966625362634659
17,15,0.07379032671451569
17,16,0.07847186923027039
17,17,0.057962384074926376
17,18,0.06056602671742439
17,19,0.07731124758720398
17,20,0.0717412680387497
17,21,0.06932125985622406
17,22,0.06541886925697327
17,23,0.07259269803762436
17,24,0.0631202980875969
17,25,0.06722144782543182
17,26,0.06600154936313629
17,27,0.0627003014087677
17,28,0.06826692074537277
17,29,0.07304012775421143
17,30,0.08447682857513428
17,31,0.05890024080872536
17,32,0.06451158970594406
17,33,0.08756940066814423
17,34,0.06291095912456512
17,35,0.06488001346588135
17,36,0.07731150090694427
17,37,0.06505957245826721
17,38,0.06460841000080109
17,39,0.061826251447200775
17,40,0.06592648476362228
17,41,0.07410097122192383
17,42,0.06694251298904419
17,43,0.07208475470542908
17,44,0.0788019448518753
17,45,0.0636582002043724
17,46,0.07627346366643906
17,47,0.06821891665458679
17,48,0.07027000933885574
17,49,0.08617982268333435
17,50,0.06231548637151718
17,51,0.061767350882291794
17,52,0.08262062817811966
17,53,0.06451016664505005
17,54,0.06800016760826111
17,55,0.06529105454683304
17,56,0.060589104890823364
17,57,0.06516993045806885
17,58,0.06353484094142914
17,59,0.06623527407646179
17,60,0.06384517252445221
17,61,0.051138103008270264
17,62,0.059566326439380646
17,63,0.06110221892595291
17,64,0.06348515301942825
17,65,0.06718198210000992
17,66,0.06859058141708374
17,67,0.06938502192497253
17,68,0.0581619068980217
17,69,0.05356737971305847
17,70,0.055926091969013214
17,71,0.07994791120290756
17,72,0.05663174018263817
17,73,0.06237800046801567
17,74,0.06456150859594345
17,75,0.060316115617752075
17,76,0.06495801359415054
18,1,0.06834807991981506
18,2,0.06193120405077934
18,3,0.07034501433372498
18,4,0.05933773145079613
18,5,0.06680608540773392
18,6,0.06327354907989502
18,7,0.06491173058748245
18,8,0.06380727142095566
18,9,0.06899911910295486
18,10,0.06392449140548706
18,11,0.06976405531167984
18,12,0.0935409888625145
18,13,0.06693831086158752
18,14,0.06713604927062988
18,15,0.07939746975898743
18,16,0.06041019409894943
18,17,0.06764644384384155
18,18,0.06470408290624619
18,19,0.06442736089229584
18,20,0.06315348297357559
18,21,0.07531705498695374
18,22,0.06803026795387268
18,23,0.06770829856395721
18,24,0.06742744147777557
18,25,0.05933888256549835
18,26,0.0727781131863594
18,27,0.06774641573429108
18,28,0.06234974414110184
18,29,0.07036560773849487
18,30,0.06435500830411911
18,31,0.06497427076101303
18,32,0.0581313893198967
18,33,0.07500333338975906
18,34,0.062468260526657104
18,35,0.06147611141204834
18,36,0.0682588592171669
18,37,0.06473392248153687
18,38,0.08078871667385101
18,39,0.07060804963111877
18,40,0.06189129501581192
18,41,0.0681055337190628
18,42,0.0644044429063797
18,43,0.059862054884433746
18,44,0.05601944029331207
18,45,0.06303637474775314
18,46,0.05698612332344055
18,47,0.06548483669757843
18,48,0.07352599501609802
18,49,0.060712698847055435
18,50,0.09099647402763367
18,51,0.06597303599119186
18,52,0.06359977275133133
18,53,0.08224411308765411
18,54,0.07207697629928589
18,55,0.07113945484161377
18,56,0.0767495408654213
18,57,0.06879781931638718
18,58,0.06785328686237335
18,59,0.06313827633857727
18,60,0.06599950790405273
18,61,0.05764055252075195
18,62,0.05417073145508766
18,63,0.07012830674648285
18,64,0.06243078410625458
18,65,0.06113375723361969
18,66,0.06993614137172699
18,67,0.06368285417556763
18,68,0.05972566083073616
18,69,0.07029972970485687
18,70,0.06182347983121872
18,71,0.0648062527179718
18,72,0.08070831745862961
18,73,0.07269062101840973
18,74,0.10481797903776169
18,75,0.07833405584096909
18,76,0.06650417298078537
19,1,0.06987059116363525
19,2,0.06727924197912216
19,3,0.069492407143116
19,4,0.07908178865909576
19,5,0.059786587953567505
19,6,0.06482585519552231
19,7,0.05312386900186539
19,8,0.06868552416563034
19,9,0.06386499106884003
19,10,0.07749098539352417
19,11,0.06100840866565704
19,12,0.06458745151758194
19,13,0.06810810416936874
19,14,0.061371177434921265
19,15,0.0628667026758194
19,16,0.06444260478019714
19,17,0.0618869923055172
19,18,0.06651690602302551
19,19,0.053621456027030945
19,20,0.06025702506303787
19,21,0.06001581251621246
19,22,0.05734938010573387
19,23,0.06776700913906097
19,24,0.0726548433303833
19,25,0.06418399512767792
19,26,0.058728307485580444
19,27,0.05706831067800522
19,28,0.06235233321785927
19,29,0.055855944752693176
19,30,0.05375444144010544
19,31,0.06795058399438858
19,32,0.07189570367336273
19,33,0.06028176471590996
19,34,0.05881410837173462
19,35,0.06320647895336151
19,36,0.05816890299320221
19,37,0.0665576234459877
19,38,0.06397801637649536
19,39,0.0617896169424057
19,40,0.06334879249334335
19,41,0.07135072350502014
19,42,0.05751452222466469
19,43,0.07279106974601746
19,44,0.06049129366874695
19,45,0.0668155699968338
19,46,0.06798770278692245
19,47,0.0674438551068306
19,48,0.055655982345342636
19,49,0.05580664053559303
19,50,0.062341801822185516
19,51,0.06228652969002724
19,52,0.0706695020198822
19,53,0.06371158361434937
19,54,0.06563659012317657
19,55,0.06422795355319977
19,56,0.06333371996879578
19,57,0.05758771300315857
19,58,0.07667271792888641
19,59,0.06683934479951859
19,60,0.06000738590955734
19,61,0.06133536994457245
19,62,0.06325988471508026
19,63,0.05882251262664795
19,64,0.058365702629089355
19,65,0.06139669567346573
19,66,0.060900136828422546
19,67,0.061811186373233795
19,68,0.06660478562116623
19,69,0.08012364059686661
19,70,0.06629963219165802
19,71,0.058506838977336884
19,72,0.058666713535785675
19,73,0.07859279215335846
19,74,0.061347994953393936
19,75,0.06059326231479645
19,76,0.06478468328714371
20,1,0.061757802963256836
20,2,0.0788012221455574
20,3,0.07736726105213165
20,4,0.060890138149261475
20,5,0.05933219939470291
20,6,0.059927910566329956
20,7,0.06858401745557785
20,8,0.06055252626538277
20,9,0.05446889251470566
20,10,0.058161888271570206
20,11,0.11003006249666214
20,12,0.06888266652822495
20,13,0.05103147029876709
20,14,0.06736204773187637
20,15,0.07079189270734787
20,16,0.0555858239531517
20,17,0.053215038031339645
20,18,0.051096998155117035
20,19,0.061351265758275986
20,20,0.052397530525922775
20,21,0.05859489366412163
20,22,0.06318622827529907
20,23,0.06228165328502655
20,24,0.06546588987112045
20,25,0.06463463604450226
20,26,0.056328773498535156
20,27,0.06104602292180061
20,28,0.06636835634708405
20,29,0.06151770055294037
20,30,0.05743478238582611
20,31,0.0765313059091568
20,32,0.06154043972492218
20,33,0.06524357199668884
20,34,0.077107273042202
20,35,0.05867481976747513
20,36,0.06589382886886597
20,37,0.06282927095890045
20,38,0.06694675981998444
20,39,0.07098384201526642
20,40,0.0664956271648407
20,41,0.05963005870580673
20,42,0.05805908143520355
20,43,0.07111942023038864
20,44,0.057667266577482224
20,45,0.060495659708976746
20,46,0.05176517367362976
20,47,0.058674346655607224
20,48,0.056325916200876236
20,49,0.06780163943767548
20,50,0.05975523591041565
20,51,0.06308335065841675
20,52,0.05385348200798035
20,53,0.08038254082202911
20,54,0.07848326861858368
20,55,0.053714729845523834
20,56,0.059525154531002045
20,57,0.0813547670841217
20,58,0.05945855751633644
20,59,0.07287181168794632
20,60,0.06056756153702736
20,61,0.06416076421737671
20,62,0.06202901527285576
20,63,0.06406290084123611
20,64,0.06436938047409058
20,65,0.06000068038702011
20,66,0.06232484057545662
20,67,0.060738906264305115
20,68,0.06770423799753189
20,69,0.07731958478689194
20,70,0.06601789593696594
20,71,0.09661120176315308
20,72,0.06709077954292297
20,73,0.07082991302013397
20,74,0.07220197468996048
20,75,0.06662782281637192
20,76,0.06240323185920715
21,1,0.0718960389494896
21,2,0.05960103124380112
21,3,0.0634286105632782
21,4,0.05950389802455902
21,5,0.08652359247207642
21,6,0.06764528155326843
21,7,0.05700786039233208
21,8,0.06194261461496353
21,9,0.0726480633020401
21,10,0.06770497560501099
21,11,0.06648316979408264
21,12,0.0598418191075325
21,13,0.05838937312364578
21,14,0.058986738324165344
21,15,0.06647451221942902
21,16,0.06134047359228134
21,17,0.06448321044445038
21,18,0.06329311430454254
21,19,0.05905282497406006
21,20,0.05672810226678848
21,21,0.05873812735080719
21,22,0.06284882128238678
21,23,0.06761520355939865
21,24,0.06243650242686272
21,25,0.0748940110206604
21,26,0.06716832518577576
21,27,0.06531955301761627
21,28,0.06587469577789307
21,29,0.06081685423851013
21,30,0.06612327694892883
21,31,0.05486765131354332
21,32,0.05967138335108757
21,33,0.06503516435623169
21,34,0.06023078411817551
21,35,0.0632910281419754
21,36,0.061678677797317505
21,37,0.06902477145195007
21,38,0.05942847207188606
21,39,0.06809401512145996
21,40,0.046932585537433624
21,41,0.052670665085315704
21,42,0.06879538297653198
21,43,0.06443382799625397
21,44,0.05445941537618637
21,45,0.054898157715797424
21,46,0.05324862152338028
21,47,0.06052126735448837
21,48,0.056816987693309784
21,49,0.06667739897966385
21,50,0.05879315733909607
21,51,0.06878222525119781
21,52,0.05241294950246811
21,53,0.06174781918525696
21,54,0.058681923896074295
21,55,0.06630296260118484
21,56,0.06652563810348511
21,57,0.06506562232971191
21,58,0.05994940176606178
21,59,0.06523218750953674
21,60,0.059103354811668396
21,61,0.056474536657333374
21,62,0.0669076219201088
21,63,0.05725058168172836
21,64,0.0541919469833374
21,65,0.05144459009170532
21,66,0.06509539484977722
21,67,0.05722183361649513
21,68,0.05451183021068573
21,69,0.05652870610356331
21,70,0.055025119334459305
21,71,0.06155572086572647
21,72,0.06008904427289963
21,73,0.06783642619848251
21,74,0.05516694113612175
21,75,0.06422978639602661
21,76,0.05300251767039299
22,1,0.06621483713388443
22,2,0.06346064805984497
22,3,0.05048275366425514
22,4,0.053195707499980927
22,5,0.07060041278600693
22,6,0.05258193612098694
22,7,0.0693451464176178
22,8,0.053597498685121536
22,9,0.05716729909181595
22,10,0.055268384516239166
22,11,0.05797242373228073
22,12,0.0697028711438179
22,13,0.0689726173877716
22,14,0.061248984187841415
22,15,0.057450007647275925
22,16,0.05490897595882416
22,17,0.05513884127140045
22,18,0.05942577123641968
22,19,0.05346816033124924
22,20,0.055503860116004944
22,21,0.06193184852600098
22,22,0.07138793915510178
22,23,0.060425762087106705
22,24,0.05625608563423157
22,25,0.0609980933368206
22,26,0.061965733766555786
22,27,0.0585910826921463
22,28,0.05436558276414871
22,29,0.05585505813360214
22,30,0.06040388345718384
22,31,0.059370797127485275
22,32,0.0626705065369606
22,33,0.06271400302648544
22,34,0.057389095425605774
22,35,0.06231903284788132
22,36,0.056489456444978714
22,37,0.06773503124713898
22,38,0.06557801365852356
22,39,0.05894889310002327
22,40,0.06414872407913208
22,41,0.06531300395727158
22,42,0.05213630944490433
22,43,0.06214866787195206
22,44,0.05724697560071945
22,45,0.05604829266667366
22,46,0.06078232079744339
22,47,0.06688448786735535
22,48,0.05177553743124008
22,49,0.05420199781656265
22,50,0.05316806957125664
22,51,0.05635681003332138
22,52,0.055822063237428665
22,53,0.05664651840925217
22,54,0.053634535521268845
22,55,0.05887910723686218
22,56,0.05996935814619064
22,57,0.05172295123338699
22,58,0.06799167394638062
22,59,0.06177990883588791
22,60,0.061141498386859894
22,61,0.059965066611766815
22,62,0.06690719723701477
22,63,0.0606137290596962
22,64,0.051316164433956146
22,65,0.05893731117248535
22,66,0.05398675799369812
22,67,0.051797546446323395
22,68,0.06049347668886185
22,69,0.05891367048025131
22,70,0.05075214058160782
22,71,0.06205712631344795
22,72,0.05393677204847336
22,73,0.07405630499124527
22,74,0.056324053555727005
22,75,0.054212410002946854
22,76,0.050265129655599594
23,1,0.05374235659837723
23,2,0.06623879075050354
23,3,0.054943740367889404
23,4,0.05900596082210541
23,5,0.0658285841345787
23,6,0.06259690225124359
23,7,0.0569891557097435
23,8,0.05110432952642441
23,9,0.05469255894422531
23,10,0.05740233510732651
23,11,0.05749325081706047
23,12,0.046320684254169464
23,13,0.05209442600607872
23,14,0.05418268218636513
23,15,0.07953367382287979
23,16,0.06012251228094101
23,17,0.0540267713367939
23,18,0.056854113936424255
23,19,0.061549846082925797
23,20,0.08164308965206146
23,21,0.053546786308288574
23,22,0.05467333644628525
23,23,0.05144976079463959
23,24,0.05006051063537598
23,25,0.06680503487586975
23,26,0.04862342029809952
23,27,0.061452724039554596
23,28,0.06380295753479004
23,29,0.06007049232721329
23,30,0.0600295215845108
23,31,0.052208591252565384
23,32,0.059860359877347946
23,33,0.05709752067923546
23,34,0.05999872833490372
23,35,0.06222953647375107
23,36,0.06660064309835434
23,37,0.0673900693655014
23,38,0.05768703669309616
23,39,0.04561790078878403
23,40,0.05999863147735596
23,41,0.05665706843137741
23,42,0.059083275496959686
23,43,0.056343600153923035
23,44,0.05848485231399536
23,45,0.05747978389263153
23,46,0.051562611013650894
23,47,0.05253548175096512
23,48,0.0563863143324852
23,49,0.05428152158856392
23,50,0.05745631456375122
23,51,0.07055509090423584
23,52,0.05338983237743378
23,53,0.07554648816585541
23,54,0.06199392303824425
23,55,0.05923416092991829
23,56,0.05330519378185272
23,57,0.05067192390561104
23,58,0.05489155650138855
23,59,0.04951627179980278
23,60,0.053461186587810516
23,61,0.05847056210041046
23,62,0.07210159301757812
23,63,0.05608513951301575
23,64,0.05709095299243927
23,65,0.06604079902172089
23,66,0.05619516223669052
23,67,0.05632781237363815
23,68,0.053172752261161804
23,69,0.05819340795278549
23,70,0.05701839178800583
23,71,0.0549749992787838
23,72,0.05546462908387184
23,73,0.06282808631658554
23,74,0.052118606865406036
23,75,0.05551653355360031
23,76,0.05774553865194321
24,1,0.04902753233909607
24,2,0.04996106028556824
24,3,0.05125269666314125
24,4,0.05236406624317169
24,5,0.0542571134865284
24,6,0.07303357124328613
24,7,0.06068730726838112
24,8,0.07297191023826599
24,9,0.06530037522315979
24,10,0.057710014283657074
24,11,0.05549567937850952
24,12,0.05337899178266525
24,13,0.06733323633670807
24,14,0.06341919302940369
24,15,0.05565483123064041
24,16,0.050957515835762024
24,17,0.1269848346710205
24,18,0.060616809874773026
24,19,0.06495596468448639
24,20,0.06711854040622711
24,21,0.061786774545907974
24,22,0.0780024603009224
24,23,0.07015607506036758
24,24,0.05741497501730919
24,25,0.056329403072595596
24,26,0.06330345571041107
24,27,0.06626103073358536
24,28,0.06458072364330292
24,29,0.06187071278691292
24,30,0.07846630364656448
24,31,0.06156962737441063
24,32,0.05739101022481918
24,33,0.06053641811013222
24,34,0.05999549478292465
24,35,0.0590890608727932
24,36,0.05963112413883209
24,37,0.05839961767196655
24,38,0.06935243308544159
24,39,0.0725431889295578
24,40,0.0570334792137146
24,41,0.05480708181858063
24,42,0.06043244153261185
24,43,0.06695505231618881
24,44,0.057256266474723816
24,45,0.06367355585098267
24,46,0.05706752464175224
24,47,0.07227720320224762
24,48,0.060513466596603394
24,49,0.06259772181510925
24,50,0.06337122619152069
24,51,0.05604686588048935
24,52,0.0501842200756073
24,53,0.05338754132390022
24,54,0.05678609013557434
24,55,0.05976714566349983
24,56,0.06573628634214401
24,57,0.053210124373435974
24,58,0.044141191989183426
24,59,0.05590144544839859
24,60,0.058572907000780106
24,61,0.06191132962703705
24,62,0.06312677264213562
24,63,0.07824128866195679
24,64,0.06055179983377457
24,65,0.05958034098148346
24,66,0.06333661079406738
24,67,0.052480414509773254
24,68,0.0631403997540474
24,69,0.059995584189891815
24,70,0.05704887583851814
24,71,0.0629705935716629
24,72,0.05030067265033722
24,73,0.05487806349992752
24,74,0.07249675691127777
24,75,0.06434641778469086
24,76,0.06674734503030777
25,1,0.07126560807228088
25,2,0.06297238916158676
25,3,0.06829268485307693
25,4,0.07254058122634888
25,5,0.055761296302080154
25,6,0.0507936030626297
25,7,0.06430032849311829
25,8,0.058378320187330246
25,9,0.06482607871294022
25,10,0.06115029752254486
25,11,0.06598106026649475
25,12,0.05268385261297226
25,13,0.05735911801457405
25,14,0.0625850260257721
25,15,0.05720587819814682
25,16,0.06488370150327682
25,17,0.06156739592552185
25,18,0.0617329366505146
25,19,0.05695337802171707
25,20,0.05050135776400566
25,21,0.05552469193935394
25,22,0.05292113870382309
25,23,0.049486011266708374
25,24,0.06144183874130249
25,25,0.0546000637114048
25,26,0.05745919793844223
25,27,0.055937860161066055
25,28,0.047347091138362885
25,29,0.07293957471847534
25,30,0.058049701154232025
25,31,0.053636908531188965
25,32,0.060153231024742126
25,33,0.06015808507800102
25,34,0.056604430079460144
25,35,0.058870211243629456
25,36,0.06956446170806885
25,37,0.056010983884334564
25,38,0.06180572509765625
25,39,0.058559518307447433
25,40,0.06287693232297897
25,41,0.04555831477046013
25,42,0.04523254558444023
25,43,0.06388940662145615
25,44,0.04435105621814728
25,45,0.05702981352806091
25,46,0.054964158684015274
25,47,0.046034134924411774
25,48,0.05455172061920166
25,49,0.05963402986526489
25,50,0.05324564129114151
25,51,0.05458586663007736
25,52,0.0503171943128109
25,53,0.057327210903167725
25,54,0.055057454854249954
25,55,0.04934553802013397
25,56,0.06139606982469559
25,57,0.06348960846662521
25,58,0.05091693252325058
25,59,0.05961591750383377
25,60,0.05677776783704758
25,61,0.05171328783035278
25,62,0.05607397109270096
25,63,0.07278446108102798
25,64,0.06931589543819427
25,65,0.06695282459259033
25,66,0.04413454607129097
25,67,0.0585225485265255
25,68,0.05200527235865593
25,69,0.05264919996261597
25,70,0.05322202295064926
25,71,0.04549546539783478
25,72,0.06302221864461899
25,73,0.05521901696920395
25,74,0.053511954843997955
25,75,0.04842623695731163
25,76,0.044966794550418854
26,1,0.06030459702014923
26,2,0.05861273407936096
26,3,0.05192165449261665
26,4,0.06263323873281479
26,5,0.048554934561252594
26,6,0.05806392431259155
26,7,0.053243111819028854
26,8,0.060486115515232086
26,9,0.05400550365447998
26,10,0.052606936544179916
26,11,0.05597143620252609
26,12,0.0548756867647171
26,13,0.053692057728767395
26,14,0.05162513256072998
26,15,0.05628357082605362
26,16,0.05337342247366905
26,17,0.05363457277417183
26,18,0.05880511552095413
26,19,0.0469505675137043
26,20,0.048801444470882416
26,21,0.06308655440807343
26,22,0.05262322723865509
26,23,0.065117746591568
26,24,0.0593707412481308
26,25,0.04583527892827988
26,26,0.05957663804292679
26,27,0.05184163898229599
26,28,0.05495249852538109
26,29,0.05117601156234741
26,30,0.0459882877767086
26,31,0.05163658782839775
26,32,0.05075503885746002
26,33,0.05078549310564995
26,34,0.0640488713979721
26,35,0.05041509121656418
26,36,0.06420379877090454
26,37,0.04847843199968338
26,38,0.060949135571718216
26,39,0.05650956928730011
26,40,0.055769823491573334
26,41,0.06702953577041626
26,42,0.06418295949697495
26,43,0.059734925627708435
26,44,0.049786265939474106
26,45,0.05852815881371498
26,46,0.05828534811735153
26,47,0.06260235607624054
26,48,0.05146961659193039
26,49,0.056230328977108
26,50,0.04767163470387459
26,51,0.0578366182744503
26,52,0.05822072923183441
26,53,0.05963210389018059
26,54,0.05863480642437935
26,55,0.0551513209939003
26,56,0.05493658035993576
26,57,0.05957341566681862
26,58,0.05367043986916542
26,59,0.06006024777889252
26,60,0.04784213379025459
26,61,0.05327968671917915
26,62,0.05662059038877487
26,63,0.05284539610147476
26,64,0.05132906138896942
26,65,0.05413775146007538
26,66,0.062169965356588364
26,67,0.05094394087791443
26,68,0.05722031742334366
26,69,0.048852235078811646
26,70,0.04954523965716362
26,71,0.06166762486100197
26,72,0.07246457040309906
26,73,0.05259796604514122
26,74,0.05329296365380287
26,75,0.049937598407268524
26,76,0.06670592725276947
27,1,0.0651143416762352
27,2,0.0615379735827446
27,3,0.052571482956409454
27,4,0.05836937949061394
27,5,0.0623517669737339
27,6,0.055739983916282654
27,7,0.048094071447849274
27,8,0.058658961206674576
27,9,0.05459894984960556
27,10,0.056281641125679016
27,11,0.05077608674764633
27,12,0.0663347840309143
27,13,0.05889367312192917
27,14,0.05105461925268173
27,15,0.0535888634622097
27,16,0.050373490899801254
27,17,0.04570574685931206
27,18,0.05289176106452942
27,19,0.054612718522548676
27,20,0.07616552710533142
27,21,0.05452854931354523
27,22,0.07068473100662231
27,23,0.047302935272455215
27,24,0.05366966873407364
27,25,0.045146550983190536
27,26,0.0636046975851059
27,27,0.057097047567367554
27,28,0.06402089446783066
27,29,0.05908762291073799
27,30,0.05310535430908203
27,31,0.06272059679031372
27,32,0.05245957151055336
27,33,0.06056327000260353
27,34,0.05617452412843704
27,35,0.049259111285209656
27,36,0.05907118320465088
27,37,0.053814858198165894
27,38,0.05322910100221634
27,39,0.05571689456701279
27,40,0.053094472736120224
27,41,0.048193201422691345
27,42,0.0732840970158577
27,43,0.05672328174114227
27,44,0.06724903732538223
27,45,0.0564885213971138
27,46,0.06685459613800049
27,47,0.056899745017290115
27,48,0.053795091807842255
27,49,0.05590388923883438
27,50,0.05635005608201027
27,51,0.05065194517374039
27,52,0.05430084466934204
27,53,0.05608377978205681
27,54,0.054676156491041183
27,55,0.054450612515211105
27,56,0.05704348534345627
27,57,0.0590706393122673
27,58,0.04840619117021561
27,59,0.05201036483049393
27,60,0.06145703047513962
27,61,0.04660625010728836
27,62,0.05400644987821579
27,63,0.05165041983127594
27,64,0.06864339113235474
27,65,0.05689390376210213
27,66,0.062274716794490814
27,67,0.05169185250997543
27,68,0.05876310169696808
27,69,0.05425763875246048
27,70,0.04975989833474159
27,71,0.0616551898419857
27,72,0.05401034653186798
27,73,0.05889212340116501
27,74,0.06353093683719635
27,75,0.0469767302274704
27,76,0.05352648347616196
28,1,0.04666820913553238
28,2,0.06451134383678436
28,3,0.06871622800827026
28,4,0.05238513648509979
28,5,0.05177301913499832
28,6,0.05160488933324814
28,7,0.052614666521549225
28,8,0.04608949273824692
28,9,0.053323693573474884
28,10,0.06043429672718048
28,11,0.054151058197021484
28,12,0.06207256764173508
28,13,0.04962010681629181
28,14,0.044932689517736435
28,15,0.049799129366874695
28,16,0.051054541021585464
28,17,0.045867908746004105
28,18,0.04674513638019562
28,19,0.06080058962106705
28,20,0.0535709410905838
28,21,0.05357563495635986
28,22,0.057103339582681656
28,23,0.0522085577249527
28,24,0.05107279121875763
28,25,0.04794881492853165
28,26,0.05083692818880081
28,27,0.0688035860657692
28,28,0.05896531790494919
28,29,0.058832090348005295
28,30,0.04838894307613373
28,31,0.05618736147880554
28,32,0.0761118158698082
28,33,0.050150316208601
28,34,0.05707854405045509
28,35,0.05382945016026497
28,36,0.054111383855342865
28,37,0.05628723278641701
28,38,0.06260984390974045
28,39,0.05316537246108055
28,40,0.05141383409500122
28,41,0.05806952714920044
28,42,0.048934973776340485
28,43,0.05762682110071182
28,44,0.053107693791389465
28,45,0.06986111402511597
28,46,0.04998894780874252
28,47,0.055035121738910675
28,48,0.05005098879337311
28,49,0.062061503529548645
28,50,0.042778268456459045
28,51,0.05059169977903366
28,52,0.05476030334830284
28,53,0.059599921107292175
28,54,0.050838492810726166
28,55,0.04648250341415405
28,56,0.06154172122478485
28,57,0.05558985844254494
28,58,0.051284439861774445
28,59,0.056511640548706055
28,60,0.05828201025724411
28,61,0.04368089511990547
28,62,0.06142912805080414
28,63,0.06287948042154312
28,64,0.06804060190916061
28,65,0.043428950011730194
28,66,0.06130978837609291
28,67,0.060040734708309174
28,68,0.051241274923086166
28,69,0.060133323073387146
28,70,0.0542888417840004
28,71,0.05077438801527023
28,72,0.048792436718940735
28,73,0.04553208872675896
28,74,0.04991710186004639
28,75,0.053211189806461334
28,76,0.05712912976741791
29,1,0.05142828822135925
29,2,0.05717955157160759
29,3,0.05850277096033096
29,4,0.053191497921943665
29,5,0.04485289752483368
29,6,0.053442537784576416
29,7,0.053702451288700104
29,8,0.05346544086933136
29,9,0.051507774740457535
29,10,0.04851767420768738
29,11,0.053643014281988144
29,12,0.047346506267786026
29,13,0.060803718864917755
29,14,0.05108362063765526
29,15,0.051710572093725204
29,16,0.05152895674109459
29,17,0.05745754763484001
29,18,0.04676026105880737
29,19,0.05062257498502731
29,20,0.05110550671815872
29,21,0.05563066899776459
29,22,0.05230947956442833
29,23,0.05436006933450699
29,24,0.06048689782619476
29,25,0.051747675985097885
29,26,0.05714527517557144
29,27,0.058935921639204025
29,28,0.049108024686574936
29,29,0.04936337098479271
29,30,0.050864242017269135
29,31,0.04965319484472275
29,32,0.05343179032206535
29,33,0.043560612946748734
29,34,0.05694635584950447
29,35,0.06310586631298065
29,36,0.07202374190092087
29,37,0.054791517555713654
29,38,0.055544719099998474
29,39,0.052017346024513245
29,40,0.05815884843468666
29,41,0.05390847474336624
29,42,0.06335906684398651
29,43,0.048799991607666016
29,44,0.07304032146930695
29,45,0.04925346374511719
29,46,0.05245498567819595
29,47,0.060366660356521606
29,48,0.05271852761507034
29,49,0.05818619579076767
29,50,0.05702054500579834
29,51,0.056785665452480316
29,52,0.047652292996644974
29,53,0.0470593124628067
29,54,0.060504525899887085
29,55,0.05157523974776268
29,56,0.05520953983068466
29,57,0.05448945611715317
29,58,0.05032217502593994
29,59,0.05373045429587364
29,60,0.06304819881916046
29,61,0.05132068693637848
29,62,0.05087001994252205
29,63,0.04943311959505081
29,64,0.05838344618678093
29,65,0.051720187067985535
29,66,0.051661282777786255
29,67,0.052202485501766205
29,68,0.061205700039863586
29,69,0.055407144129276276
29,70,0.05314191058278084
29,71,0.046122193336486816
29,72,0.0525335967540741
29,73,0.06580618023872375
29,74,0.04982096701860428
29,75,0.04282180964946747
29,76,0.06193926930427551
30,1,0.04374510049819946
30,2,0.049526263028383255
30,3,0.045803144574165344
30,4,0.05370517075061798
30,5,0.05789363384246826
30,6,0.05408146232366562
30,7,0.05315028131008148
30,8,0.049071695655584335
30,9,0.04849083349108696
30,10,0.05830463767051697
30,11,0.044698022305965424
30,12,0.06687994301319122
30,13,0.04994256794452667
30,14,0.045545633882284164
30,15,0.05145728215575218
30,16,0.04991869255900383
30,17,0.05639565736055374
30,18,0.0503167062997818
30,19,0.0689789205789566
30,20,0.05916470289230347
30,21,0.05396074056625366
30,22,0.0550592802464962
30,23,0.05654779449105263
30,24,0.044388122856616974
30,25,0.05003378540277481
30,26,0.04631651192903519
30,27,0.05761943757534027
30,28,0.043644510209560394
30,29,0.05290525034070015
30,30,0.04739031940698624
30,31,0.06288249790668488
30,32,0.04946255683898926
30,33,0.059894025325775146
30,34,0.05239565297961235
30,35,0.0546892024576664
30,36,0.05575840175151825
30,37,0.04750598222017288
30,38,0.053376976400613785
30,39,0.05026526004076004
30,40,0.04851904883980751
30,41,0.0544901117682457
30,42,0.05029870569705963
30,43,0.048540838062763214
30,44,0.051864463835954666
30,45,0.053609851747751236
30,46,0.05117474123835564
30,47,0.044915854930877686
30,48,0.05345562845468521
30,49,0.056045446544885635
30,50,0.05135338008403778
30,51,0.04963051155209541
30,52,0.05732861906290054
30,53,0.050351910293102264
30,54,0.046464890241622925
30,55,0.07350316643714905
30,56,0.06253305077552795
30,57,0.05543828010559082
30,58,0.0594930537045002
30,59,0.05313686653971672
30,60,0.04982995241880417
30,61,0.05919996276497841
30,62,0.0504780076444149
30,63,0.056236036121845245
30,64,0.05234143137931824
30,65,0.04897467792034149
30,66,0.04593246802687645
30,67,0.06058494374155998
30,68,0.057031288743019104
30,69,0.05440092831850052
30,70,0.05260961502790451
30,71,0.05472561717033386
30,72,0.04842454195022583
30,73,0.05051500350236893
30,74,0.05334467440843582
30,75,0.045452993363142014
30,76,0.05039319396018982
31,1,0.049136772751808167
31,2,0.05238432437181473
31,3,0.05093231797218323
31,4,0.04620599001646042
31,5,0.06321089714765549
31,6,0.04964243248105049
31,7,0.051768094301223755
31,8,0.04943964257836342
31,9,0.052136026322841644
31,10,0.05328601598739624
31,11,0.06830108165740967
31,12,0.05166361480951309
31,13,0.05978045612573624
31,14,0.04453001171350479
31,15,0.050379425287246704
31,16,0.0465635247528553
31,17,0.03970370814204216
31,18,0.06233542039990425
31,19,0.05617296323180199
31,20,0.045043960213661194
31,21,0.05506518483161926
31,22,0.05098215490579605
31,23,0.05376064032316208
31,24,0.05389062315225601
31,25,0.05831589922308922
31,26,0.04976702481508255
31,27,0.05803336203098297
31,28,0.05942609906196594
31,29,0.050409600138664246
31,30,0.05419018119573593
31,31,0.06262153387069702
31,32,0.049306824803352356
31,33,0.054628629237413406
31,34,0.05203273147344589
31,35,0.06017187982797623
31,36,0.06645961105823517
31,37,0.04639079421758652
31,38,0.06603150814771652
31,39,0.045041631907224655
31,40,0.04566619545221329
31,41,0.05400276929140091
31,42,0.05173369497060776
31,43,0.05066654086112976
31,44,0.04696749150753021
31,45,0.04586255922913551
31,46,0.051120273768901825
31,47,0.04420691728591919
31,48,0.043396368622779846
31,49,0.05089868605136871
31,50,0.043457575142383575
31,51,0.044483475387096405
31,52,0.04692358523607254
31,53,0.053764261305332184
31,54,0.0536513477563858
31,55,0.0602494552731514
31,56,0.04499352350831032
31,57,0.05296077951788902
31,58,0.061614587903022766
31,59,0.05274057388305664
31,60,0.0676567405462265
31,61,0.057883284986019135
31,62,0.04176710546016693
31,63,0.05346571281552315
31,64,0.04953473061323166
31,65,0.051589347422122955
31,66,0.06292824447154999
31,67,0.045835018157958984
31,68,0.05487101897597313
31,69,0.04583710432052612
31,70,0.05748523026704788
31,71,0.05363154411315918
31,72,0.04734300076961517
31,73,0.05538877844810486
31,74,0.0494990348815918
31,75,0.04543673247098923
31,76,0.06492301821708679
32,1,0.05866258591413498
32,2,0.0460863932967186
32,3,0.05817973241209984
32,4,0.053382985293865204
32,5,0.05773378908634186
32,6,0.046904757618904114
32,7,0.0575672946870327
32,8,0.04354824870824814
32,9,0.05693632736802101
32,10,0.04899061098694801
32,11,0.04404523968696594
32,12,0.04948603734374046
32,13,0.04432687535881996
32,14,0.04603102058172226
32,15,0.047811347991228104
32,16,0.051138993352651596
32,17,0.05191847309470177
32,18,0.06426119059324265
32,19,0.053858187049627304
32,20,0.04594375938177109
32,21,0.0427655428647995
32,22,0.05538029968738556
32,23,0.059737253934144974
32,24,0.04790792614221573
32,25,0.056382037699222565
32,26,0.05685026943683624
32,27,0.0457208976149559
32,28,0.049380019307136536
32,29,0.05009492486715317
32,30,0.05220898240804672
32,31,0.047351136803627014
32,32,0.04969854652881622
32,33,0.05603276565670967
32,34,0.048284538090229034
32,35,0.04353071749210358
32,36,0.04742564633488655
32,37,0.05243680998682976
32,38,0.046262890100479126
32,39,0.04146372899413109
32,40,0.05436251685023308
32,41,0.051509417593479156
32,42,0.04326672852039337
32,43,0.047903575003147125
32,44,0.06787385046482086
32,45,0.0483284518122673
32,46,0.048992644995450974
32,47,0.046572644263505936
32,48,0.057249441742897034
32,49,0.05180345103144646
32,50,0.046884406358003616
32,51,0.048173870891332626
32,52,0.08618855476379395
32,53,0.05140117555856705
32,54,0.05523553863167763
32,55,0.05993977561593056
32,56,0.04873692989349365
32,57,0.05476532503962517
32,58,0.056904084980487823
32,59,0.05511682480573654
32,60,0.04958381503820419
32,61,0.05344053730368614
32,62,0.04853714630007744
32,63,0.05220390111207962
32,64,0.05224703252315521
32,65,0.04615116864442825
32,66,0.05209572613239288
32,67,0.047340311110019684
32,68,0.05829513445496559
32,69,0.04718396067619324
32,70,0.05038890242576599
32,71,0.04151467978954315
32,72,0.05150934308767319
32,73,0.050760071724653244
32,74,0.05211076885461807
32,75,0.06065516173839569
32,76,0.05257551372051239
33,1,0.047913696616888046
33,2,0.057701993733644485
33,3,0.04453744739294052
33,4,0.048911262303590775
33,5,0.04747271537780762
33,6,0.049466539174318314
33,7,0.04796941578388214
33,8,0.0524512380361557
33,9,0.04396609961986542
33,10,0.04737910255789757
33,11,0.05300574004650116
33,12,0.04603923112154007
33,13,0.04348207637667656
33,14,0.05119039863348007
33,15,0.04570939019322395
33,16,0.06156902760267258
33,17,0.04959333315491676
33,18,0.04906299337744713
33,19,0.05407211184501648
33,20,0.047583356499671936
33,21,0.04914393275976181
33,22,0.042913977056741714
33,23,0.04309544339776039
33,24,0.04708919674158096
33,25,0.0520419143140316
33,26,0.04344400018453598
33,27,0.04936722666025162
33,28,0.050165385007858276
33,29,0.04646724835038185
33,30,0.05243973433971405
33,31,0.04638301581144333
33,32,0.04450961947441101
33,33,0.04626642167568207
33,34,0.051040664315223694
33,35,0.06256833672523499
33,36,0.04700631648302078
33,37,0.06043190881609917
33,38,0.044072844088077545
33,39,0.049920011311769485
33,40,0.04895482957363129
33,41,0.0537489652633667
33,42,0.04953032732009888
33,43,0.05228891223669052
33,44,0.04899390786886215
33,45,0.05294405668973923
33,46,0.047744497656822205
33,47,0.04741652309894562
33,48,0.043940357863903046
33,49,0.0455741249024868
33,50,0.043830756098032
33,51,0.04464038461446762
33,52,0.047804154455661774
33,53,0.05135534703731537
33,54,0.059590984135866165
33,55,0.04487181454896927
33,56,0.057352349162101746
33,57,0.040388062596321106
33,58,0.052083082497119904
33,59,0.05053666979074478
33,60,0.06620830297470093
33,61,0.051675766706466675
33,62,0.04968627914786339
33,63,0.04988071322441101
33,64,0.05312959849834442
33,65,0.044638365507125854
33,66,0.04843331128358841
33,67,0.055414460599422455
33,68,0.048089057207107544
33,69,0.0532052218914032
33,70,0.04800263047218323
33,71,0.05564137548208237
33,72,0.05994404852390289
33,73,0.052419524639844894
33,74,0.051218170672655106
33,75,0.05360037833452225
33,76,0.057027317583560944
34,1,0.04506201297044754
34,2,0.04372513294219971
34,3,0.04374140873551369
34,4,0.045670151710510254
34,5,0.06081462278962135
34,6,0.047525059431791306
34,7,0.054694995284080505
34,8,0.04730003699660301
34,9,0.04896433651447296
34,10,0.048298805952072144
34,11,0.053456857800483704
34,12,0.05470459908246994
34,13,0.04451441764831543
34,14,0.07072558254003525
34,15,0.04976525157690048
34,16,0.047169506549835205
34,17,0.047558046877384186
34,18,0.04918569698929787
34,19,0.041695304214954376
34,20,0.05652956664562225
34,21,0.05806531384587288
34,22,0.05362485349178314
34,23,0.0456535778939724
34,24,0.048839569091796875
34,25,0.048352885991334915
34,26,0.0507877878844738
34,27,0.04582390561699867
34,28,0.0473049134016037
34,29,0.04108387604355812
34,30,0.05008995160460472
34,31,0.04869706183671951
34,32,0.05133708193898201
34,33,0.04512737691402435
34,34,0.049694739282131195
34,35,0.045950740575790405
34,36,0.053870104253292084
34,37,0.04953816533088684
34,38,0.05319858714938164
34,39,0.044402651488780975
34,40,0.052417825907468796
34,41,0.049386072903871536
34,42,0.05858948454260826
34,43,0.04545792192220688
34,44,0.060506969690322876
34,45,0.04902610182762146
34,46,0.04762131720781326
34,47,0.04671633616089821
34,48,0.05308239161968231
34,49,0.058071788400411606
34,50,0.04708539694547653
34,51,0.055788662284612656
34,52,0.04974038898944855
34,53,0.0521475225687027
34,54,0.04997914656996727
34,55,0.049428634345531464
34,56,0.04753679782152176
34,57,0.05868962034583092
34,58,0.04596135392785072
34,59,0.05263587459921837
34,60,0.0461738146841526
34,61,0.04804345965385437
34,62,0.04696936905384064
34,63,0.05457019805908203
34,64,0.05026332288980484
34,65,0.05224353075027466
34,66,0.05510468780994415
34,67,0.04493439197540283
34,68,0.04576783627271652
34,69,0.05352063104510307
34,70,0.05017179995775223
34,71,0.04386177659034729
34,72,0.05475059524178505
34,73,0.04619983211159706
34,74,0.04806310310959816
34,75,0.045330945402383804
34,76,0.04202229902148247
35,1,0.04101364687085152
35,2,0.048206716775894165
35,3,0.05028891563415527
35,4,0.04988768324255943
35,5,0.05421718209981918
35,6,0.046035703271627426
35,7,0.04558946192264557
35,8,0.042909491807222366
35,9,0.04904497414827347
35,10,0.04328549653291702
35,11,0.054525382816791534
35,12,0.05231234431266785
35,13,0.045023348182439804
35,14,0.05415778234601021
35,15,0.0528155080974102
35,16,0.05399623513221741
35,17,0.05256285518407822
35,18,0.05840441212058067
35,19,0.048846058547496796
35,20,0.050716303288936615
35,21,0.050506725907325745
35,22,0.06261980533599854
35,23,0.0569557249546051
35,24,0.05660135671496391
35,25,0.04489966109395027
35,26,0.04915205389261246
35,27,0.04539935663342476
35,28,0.07070933282375336
35,29,0.06355848908424377
35,30,0.05177207291126251
35,31,0.061486318707466125
35,32,0.05069620907306671
35,33,0.05310063064098358
35,34,0.04846469312906265
35,35,0.050525180995464325
35,36,0.05557556822896004
35,37,0.05475270748138428
35,38,0.050851136445999146
35,39,0.040454257279634476
35,40,0.042287323623895645
35,41,0.05305079370737076
35,42,0.04466196894645691
35,43,0.05250578373670578
35,44,0.04377724975347519
35,45,0.043909139931201935
35,46,0.045571308583021164
35,47,0.051692940294742584
35,48,0.04446064680814743
35,49,0.04808509722352028
35,50,0.046688660979270935
35,51,0.04933706298470497
35,52,0.04553128033876419
35,53,0.050091441720724106
35,54,0.06474905461072922
35,55,0.04443840682506561
35,56,0.04521607980132103
35,57,0.042328234761953354
35,58,0.04498237371444702
35,59,0.04532794654369354
35,60,0.05163779854774475
35,61,0.0459311343729496
35,62,0.060354430228471756
35,63,0.05422861874103546
35,64,0.04355401545763016
35,65,0.05231185257434845
35,66,0.05050072818994522
35,67,0.04898569732904434
35,68,0.0551224946975708
35,69,0.050236914306879044
35,70,0.050773121416568756
35,71,0.057241290807724
35,72,0.0485675074160099
35,73,0.0625319704413414
35,74,0.05358724668622017
35,75,0.04405958577990532
35,76,0.048753660172224045
36,1,0.04385126382112503
36,2,0.05096409469842911
36,3,0.04614082723855972
36,4,0.04414825141429901
36,5,0.053178563714027405
36,6,0.04517429694533348
36,7,0.04911030828952789
36,8,0.04247862473130226
36,9,0.04965806007385254
36,10,0.058009300380945206
36,11,0.052216384559869766
36,12,0.04714633524417877
36,13,0.04811582714319229
36,14,0.04883800446987152
36,15,0.04816929250955582
36,16,0.04137136787176132
36,17,0.043132007122039795
36,18,0.05077311024069786
36,19,0.0514594167470932
36,20,0.054938722401857376
36,21,0.05096283555030823
36,22,0.05392751097679138
36,23,0.043338946998119354
36,24,0.05938772112131119
36,25,0.04476851597428322
36,26,0.05245468020439148
36,27,0.053157396614551544
36,28,0.05425616726279259
36,29,0.05709608271718025
36,30,0.04940656200051308
36,31,0.03353795036673546
36,32,0.0471695214509964
36,33,0.0570627823472023
36,34,0.05012218654155731
36,35,0.05227278545498848
36,36,0.04864809289574623
36,37,0.05362992733716965
36,38,0.05360335856676102
36,39,0.04987291246652603
36,40,0.04059670865535736
36,41,0.04864023998379707
36,42,0.05141247808933258
36,43,0.04405203089118004
36,44,0.046546969562768936
36,45,0.0501955971121788
36,46,0.04908733814954758
36,47,0.047432973980903625
36,48,0.038961999118328094
36,49,0.04994599521160126
36,50,0.04273752123117447
36,51,0.05220526084303856
36,52,0.04178203269839287
36,53,0.045923516154289246
36,54,0.04673433676362038
36,55,0.047113120555877686
36,56,0.04752190783619881
36,57,0.04248655587434769
36,58,0.0533929318189621
36,59,0.053560465574264526
36,60,0.055112455040216446
36,61,0.051932916045188904
36,62,0.055016256868839264
36,63,0.048119328916072845
36,64,0.051363565027713776
36,65,0.04965728148818016
36,66,0.04770907014608383
36,67,0.05270535871386528
36,68,0.047404125332832336
36,69,0.05210466682910919
36,70,0.05343039706349373
36,71,0.04293729364871979
36,72,0.04867326095700264
36,73,0.05545543134212494
36,74,0.048997536301612854
36,75,0.06186763197183609
36,76,0.04686461389064789
37,1,0.04410437494516373
37,2,0.05486840009689331
37,3,0.0530674122273922
37,4,0.04869743436574936
37,5,0.04787518084049225
37,6,0.04880588501691818
37,7,0.052583206444978714
37,8,0.05021554231643677
37,9,0.04341155290603638
37,10,0.049840062856674194
37,11,0.05420755222439766
37,12,0.04507289081811905
37,13,0.04786422848701477
37,14,0.04245549812912941
37,15,0.04500974714756012
37,16,0.052144765853881836
37,17,0.04552631080150604
37,18,0.04490369185805321
37,19,0.05465473234653473
37,20,0.05458316579461098
37,21,0.056421928107738495
37,22,0.04154885560274124
37,23,0.04835134744644165
37,24,0.039822161197662354
37,25,0.04438644275069237
37,26,0.042530402541160583
37,27,0.047824352979660034
37,28,0.044237472116947174
37,29,0.03721396625041962
37,30,0.05193432420492172
37,31,0.043707966804504395
37,32,0.048161815851926804
37,33,0.048491574823856354
37,34,0.05149994418025017
37,35,0.05034975707530975
37,36,0.04947467893362045
37,37,0.0449780598282814
37,38,0.053377218544483185
37,39,0.0607135146856308
37,40,0.05530305579304695
37,41,0.04749169200658798
37,42,0.04755234718322754
37,43,0.04710976406931877
37,44,0.04888283461332321
37,45,0.06507113575935364
37,46,0.042307816445827484
37,47,0.04616239666938782
37,48,0.04558015242218971
37,49,0.054705001413822174
37,50,0.05433762073516846
37,51,0.04824072867631912
37,52,0.04730489104986191
37,53,0.05229165405035019
37,54,0.0434645414352417
37,55,0.043492138385772705
37,56,0.04971424490213394
37,57,0.053408779203891754
37,58,0.049656257033348083
37,59,0.0461428239941597
37,60,0.04429244622588158
37,61,0.05238279700279236
37,62,0.050493985414505005
37,63,0.04696520417928696
37,64,0.040041036903858185
37,65,0.04491390660405159
37,66,0.04761035740375519
37,67,0.04912957921624184
37,68,0.04806938394904137
37,69,0.05075966566801071
37,70,0.051358215510845184
37,71,0.04080762714147568
37,72,0.04487460106611252
37,73,0.04889287054538727
37,74,0.0418945848941803
37,75,0.06584684550762177
37,76,0.043925102800130844
38,1,0.044419560581445694
38,2,0.044144369661808014
38,3,0.046280380338430405
38,4,0.0528586283326149
38,5,0.04422072693705559
38,6,0.061997100710868835
38,7,0.052934445440769196
38,8,0.0373690128326416
38,9,0.04123535752296448
38,10,0.05523131787776947
38,11,0.05727914720773697
38,12,0.04992376267910004
38,13,0.04638034477829933
38,14,0.04146908223628998
38,15,0.05079798400402069
38,16,0.04458565264940262
38,17,0.048705264925956726
38,18,0.05349811911582947
38,19,0.04598623886704445
38,20,0.05292554572224617
38,21,0.04547348991036415
38,22,0.05393163487315178
38,23,0.05252203345298767
38,24,0.053562045097351074
38,25,0.045195385813713074
38,26,0.0424184612929821
38,27,0.0547623410820961
38,28,0.045770205557346344
38,29,0.05698004737496376
38,30,0.04799973964691162
38,31,0.047895438969135284
38,32,0.043686337769031525
38,33,0.04250343143939972
38,34,0.05010693147778511
38,35,0.0565621443092823
38,36,0.050141531974077225
38,37,0.05129211023449898
38,38,0.048392221331596375
38,39,0.0523529089987278
38,40,0.05128718167543411
38,41,0.050904422998428345
38,42,0.04482702910900116
38,43,0.051133036613464355
38,44,0.04171643778681755
38,45,0.04621018096804619
38,46,0.05104360356926918
38,47,0.048744410276412964
38,48,0.04740142077207565
38,49,0.06178324669599533
38,50,0.05354655534029007
38,51,0.04504271596670151
38,52,0.04618452489376068
38,53,0.052835382521152496
38,54,0.04346369579434395
38,55,0.042516376823186874
38,56,0.04821763560175896
38,57,0.056377846747636795
38,58,0.042410336434841156
38,59,0.04442736506462097
38,60,0.0528985820710659
38,61,0.0553194023668766
38,62,0.048281483352184296
38,63,0.05266082286834717
38,64,0.0521569550037384
38,65,0.050516530871391296
38,66,0.05952336639165878
38,67,0.04675062745809555
38,68,0.05510230362415314
38,69,0.04231017827987671
38,70,0.05867043882608414
38,71,0.059224843978881836
38,72,0.06178083270788193
38,73,0.044766224920749664
38,74,0.04227696359157562
38,75,0.058045972138643265
38,76,0.05122653767466545
39,1,0.040592558681964874
39,2,0.056263960897922516
39,3,0.04977754130959511
39,4,0.047066621482372284
39,5,0.04991309717297554
39,6,0.0423552542924881
39,7,0.05652648210525513
39,8,0.04637861251831055
39,9,0.054008178412914276
39,10,0.060073867440223694
39,11,0.044383130967617035
39,12,0.047690749168395996
39,13,0.055719368159770966
39,14,0.04152475297451019
39,15,0.045386962592601776
39,16,0.04226884990930557
39,17,0.04803824424743652
39,18,0.04338660091161728
39,19,0.04120452702045441
39,20,0.053874075412750244
39,21,0.0453735888004303
39,22,0.04410860687494278
39,23,0.042496632784605026
39,24,0.04125179350376129
39,25,0.04942521080374718
39,26,0.0497693195939064
39,27,0.053503334522247314
39,28,0.05180027335882187
39,29,0.05834453925490379
39,30,0.041311848908662796
39,31,0.05237969756126404
39,32,0.05289939045906067
39,33,0.04270444065332413
39,34,0.05266009643673897
39,35,0.04896608740091324
39,36,0.05992766469717026
39,37,0.052646271884441376
39,38,0.049377717077732086
39,39,0.05592651665210724
39,40,0.04955947399139404
39,41,0.05163804814219475
39,42,0.05222903937101364
39,43,0.04309980943799019
39,44,0.06002487242221832
39,45,0.047339461743831635
39,46,0.046602435410022736
39,47,0.05164945125579834
39,48,0.05074816942214966
39,49,0.04320861026644707
39,50,0.049983106553554535
39,51,0.05190374702215195
39,52,0.04205737262964249
39,53,0.04286752641201019
39,54,0.046318937093019485
39,55,0.04163271188735962
39,56,0.03983449935913086
39,57,0.05246911570429802
39,58,0.0476994514465332
39,59,0.046925537288188934
39,60,0.04985711723566055
39,61,0.05672347918152809
39,62,0.0406123623251915
39,63,0.04164246469736099
39,64,0.041439831256866455
39,65,0.06785140931606293
39,66,0.041567642241716385
39,67,0.0555146262049675
39,68,0.04464137554168701
39,69,0.047487083822488785
39,70,0.04496927559375763
39,71,0.052897483110427856
39,72,0.052277572453022
39,73,0.044090256094932556
39,74,0.04669219255447388
39,75,0.05508406460285187
39,76,0.0534367561340332
40,1,0.04072161018848419
40,2,0.041528187692165375
40,3,0.05473928153514862
40,4,0.04324205219745636
40,5,0.0452810600399971
40,6,0.05580288916826248
40,7,0.0524926595389843
40,8,0.04611217975616455
40,9,0.04727395623922348
40,10,0.04372945427894592
40,11,0.05652720108628273
40,12,0.04685819894075394
40,13,0.051881901919841766
40,14,0.045529045164585114
40,15,0.047709736973047256
40,16,0.04457690566778183
40,17,0.043064240366220474
40,18,0.039863958954811096
40,19,0.05307652801275253
40,20,0.0546300932765007
40,21,0.045301780104637146
40,22,0.05347573384642601
40,23,0.04092055559158325
40,24,0.04454602301120758
40,25,0.05021483451128006
40,26,0.049490056931972504
40,27,0.040678560733795166
40,28,0.04425127059221268
40,29,0.044673770666122437
40,30,0.05612919479608536
40,31,0.05856236815452576
40,32,0.04245315119624138
40,33,0.04327360913157463
40,34,0.047983210533857346
40,35,0.05075126886367798
40,36,0.04892304539680481
40,37,0.04188862070441246
40,38,0.049046680331230164
40,39,0.04506409540772438
40,40,0.04689661040902138
40,41,0.05136967450380325
40,42,0.04426535218954086
40,43,0.038333356380462646
40,44,0.04506203532218933
40,45,0.054756660014390945
40,46,0.04010724276304245
40,47,0.04381592571735382
40,48,0.050036631524562836
40,49,0.04666135087609291
40,50,0.046191465109586716
40,51,0.05769151449203491
40,52,0.04164529964327812
40,53,0.04585900902748108
40,54,0.04974426329135895
40,55,0.04695655405521393
40,56,0.04883361980319023
40,57,0.04318494349718094
40,58,0.049291208386421204
40,59,0.04314848780632019
40,60,0.04609325900673866
40,61,0.044000059366226196
40,62,0.04287617281079292
40,63,0.05561087280511856
40,64,0.05602263659238815
40,65,0.0484871044754982
40,66,0.04513826221227646
40,67,0.04758886992931366
40,68,0.04809414595365524
40,69,0.0429232195019722
40,70,0.04674209654331207
40,71,0.04623924195766449
40,72,0.045651502907276154
40,73,0.04309384524822235
40,74,0.050419922918081284
40,75,0.04404550790786743
40,76,0.05262162163853645
41,1,0.044381432235240936
41,2,0.045327745378017426
41,3,0.04286333918571472
41,4,0.05072934925556183
41,5,0.0407126247882843
41,6,0.04696718603372574
41,7,0.04986895993351936
41,8,0.045404594391584396
41,9,0.039777979254722595
41,10,0.04665817320346832
41,11,0.04570402950048447
41,12,0.05637218803167343
41,13,0.0384235642850399
41,14,0.04847733676433563
41,15,0.043849050998687744
41,16,0.049024783074855804
41,17,0.05577458441257477
41,18,0.05091923102736473
41,19,0.044737812131643295
41,20,0.04519937187433243
41,21,0.0440712608397007
41,22,0.04396741837263107
41,23,0.04294256865978241
41,24,0.04395582526922226
41,25,0.05562719702720642
41,26,0.04850684851408005
41,27,0.04816786199808121
41,28,0.05557496100664139
41,29,0.048269450664520264
41,30,0.044089969247579575
41,31,0.046028077602386475
41,32,0.052216239273548126
41,33,0.042157553136348724
41,34,0.04290848597884178
41,35,0.04746051877737045
41,36,0.04349106550216675
41,37,0.0500829741358757
41,38,0.05105914920568466
41,39,0.04697813838720322
41,40,0.04386414587497711
41,41,0.0594831258058548
41,42,0.059299737215042114
41,43,0.050331778824329376
41,44,0.05426238477230072
41,45,0.04851318150758743
41,46,0.04686403274536133
41,47,0.04293772950768471
41,48,0.046514809131622314
41,49,0.05037091672420502
41,50,0.04867139458656311
41,51,0.05473250523209572
41,52,0.043110162019729614
41,53,0.04447738826274872
41,54,0.04317926615476608
41,55,0.04923021048307419
41,56,0.04697437584400177
41,57,0.04423125088214874
41,58,0.05113799124956131
41,59,0.04977355897426605
41,60,0.057748496532440186
41,61,0.046217940747737885
41,62,0.04990343004465103
41,63,0.056593768298625946
41,64,0.06379770487546921
41,65,0.043616119772195816
41,66,0.04597678780555725
41,67,0.04154954105615616
41,68,0.051307063549757004
41,69,0.04373270645737648
41,70,0.04427941516041756
41,71,0.05137614533305168
41,72,0.0399836003780365
41,73,0.05425318703055382
41,74,0.05500343441963196
41,75,0.04084082692861557
41,76,0.043701089918613434
42,1,0.04776954650878906
42,2,0.04406397044658661
42,3,0.04568282142281532
42,4,0.05181405693292618
42,5,0.04516478627920151
42,6,0.04440249502658844
42,7,0.04474591463804245
42,8,0.04478706419467926
42,9,0.038954734802246094
42,10,0.04756186529994011
42,11,0.05460983142256737
42,12,0.06316713988780975
42,13,0.04514463245868683
42,14,0.052372708916664124
42,15,0.05093642696738243
42,16,0.049069568514823914
42,17,0.04812820255756378
42,18,0.05287041887640953
42,19,0.05218916013836861
42,20,0.04571535810828209
42,21,0.051826369017362595
42,22,0.04634057357907295
42,23,0.04984968900680542
42,24,0.05972900986671448
42,25,0.04044178128242493
42,26,0.05394971743226051
42,27,0.04046737402677536
42,28,0.043378397822380066
42,29,0.05919058620929718
42,30,0.053711261600255966
42,31,0.044421665370464325
42,32,0.043046094477176666
42,33,0.039881251752376556
42,34,0.04915158078074455
42,35,0.05082914978265762
42,36,0.048077262938022614
42,37,0.05051087588071823
42,38,0.04132094606757164
42,39,0.05300629884004593
42,40,0.04300447553396225
42,41,0.037695642560720444
42,42,0.048534415662288666
42,43,0.045885659754276276
42,44,0.037043265998363495
42,45,0.04384025186300278
42,46,0.045728616416454315
42,47,0.04179350286722183
42,48,0.05075070261955261
42,49,0.04557120054960251
42,50,0.05470140278339386
42,51,0.04313625395298004
42,52,0.054312627762556076
42,53,0.04812696948647499
42,54,0.05210455507040024
42,55,0.04156167060136795
42,56,0.06573665142059326
42,57,0.0443427711725235
42,58,0.04331841319799423
42,59,0.043998219072818756
42,60,0.04615550860762596
42,61,0.05288122594356537
42,62,0.04537676274776459
42,63,0.049167387187480927
42,64,0.042107436805963516
42,65,0.046818748116493225
42,66,0.046606287360191345
42,67,0.045473016798496246
42,68,0.04702645540237427
42,69,0.04415770247578621
42,70,0.0446227565407753
42,71,0.04789018630981445
42,72,0.04571390897035599
42,73,0.044943541288375854
42,74,0.051980309188365936
42,75,0.04122254252433777
42,76,0.04458588734269142
43,1,0.04366959631443024
43,2,0.04106460511684418
43,3,0.04392150416970253
43,4,0.052862443029880524
43,5,0.04713453724980354
43,6,0.04655494540929794
43,7,0.05002875626087189
43,8,0.04460219293832779
43,9,0.049745529890060425
43,10,0.047892991453409195
43,11,0.04485687240958214
43,12,0.051082007586956024
43,13,0.0539461225271225
43,14,0.04314469173550606
43,15,0.04881531745195389
43,16,0.04685378819704056
43,17,0.046447575092315674
43,18,0.0360388308763504
43,19,0.04958830773830414
43,20,0.04168806970119476
43,21,0.05296961963176727
43,22,0.044423628598451614
43,23,0.04572155326604843
43,24,0.06254050135612488
43,25,0.05053696408867836
43,26,0.04955838620662689
43,27,0.05212271213531494
43,28,0.05211567133665085
43,29,0.04716326296329498
43,30,0.054752834141254425
43,31,0.05108482018113136
43,32,0.047960083931684494
43,33,0.054012782871723175
43,34,0.04684220254421234
43,35,0.04060325771570206
43,36,0.047143734991550446
43,37,0.04972653463482857
43,38,0.04379486292600632
43,39,0.05175422504544258
43,40,0.05169359967112541
43,41,0.05122192203998566
43,42,0.039637744426727295
43,43,0.046627916395664215
43,44,0.03838863968849182
43,45,0.05066748708486557
43,46,0.03670749440789223
43,47,0.04836982116103172
43,48,0.0508328378200531
43,49,0.042062997817993164
43,50,0.043742965906858444
43,51,0.06037145480513573
43,52,0.04290682077407837
43,53,0.039249323308467865
43,54,0.046701766550540924
43,55,0.04509406164288521
43,56,0.04341697692871094
43,57,0.04533999413251877
43,58,0.04568464308977127
43,59,0.03591180220246315
43,60,0.045941874384880066
43,61,0.04577700048685074
43,62,0.057801224291324615
43,63,0.04485422372817993
43,64,0.04566142335534096
43,65,0.04140137881040573
43,66,0.05382828041911125
43,67,0.059880707412958145
43,68,0.045013315975666046
43,69,0.041717492043972015
43,70,0.042044077068567276
43,71,0.04970935732126236
43,72,0.041232071816921234
43,73,0.04197169095277786
43,74,0.06682828068733215
43,75,0.048201873898506165
43,76,0.04606771469116211
44,1,0.055143117904663086
44,2,0.04770911484956741
44,3,0.044477298855781555
44,4,0.05272284150123596
44,5,0.047744154930114746
44,6,0.058398809283971786
44,7,0.05618005245923996
44,8,0.04746187850832939
44,9,0.05925950035452843
44,10,0.04871419817209244
44,11,0.04278261587023735
44,12,0.04361763596534729
44,13,0.06000006943941116
44,14,0.049337755888700485
44,15,0.050132106989622116
44,16,0.04569867253303528
44,17,0.045844510197639465
44,18,0.049765512347221375
44,19,0.04462261497974396
44,20,0.04235472530126572
44,21,0.04106803238391876
44,22,0.046292901039123535
44,23,0.046396318823099136
44,24,0.06046030670404434
44,25,0.04612138867378235
44,26,0.0573878139257431
44,27,0.04448796436190605
44,28,0.04168545454740524
44,29,0.0410335473716259
44,30,0.042852453887462616
44,31,0.04005108028650284
44,32,0.05412262678146362
44,33,0.049826234579086304
44,34,0.05193742364645004
44,35,0.05302666127681732
44,36,0.04709785059094429
44,37,0.04617687314748764
44,38,0.043009594082832336
44,39,0.043311312794685364
44,40,0.04387839138507843
44,41,0.04580221325159073
44,42,0.047194190323352814
44,43,0.042685359716415405
44,44,0.05163012817502022
44,45,0.05587290599942207
44,46,0.04773572087287903
44,47,0.05251331627368927
44,48,0.046442486345767975
44,49,0.05762719735503197
44,50,0.04965197294950485
44,51,0.05465972423553467
44,52,0.046137046068906784
44,53,0.04562348499894142
44,54,0.05173390731215477
44,55,0.04559985548257828
44,56,0.04703907668590546
44,57,0.039766062051057816
44,58,0.03831810876727104
44,59,0.040707070380449295
44,60,0.050337053835392
44,61,0.03774010017514229
44,62,0.03933333978056908
44,63,0.044752880930900574
44,64,0.04230375960469246
44,65,0.03856945037841797
44,66,0.041768841445446014
44,67,0.05072399601340294
44,68,0.047686174511909485
44,69,0.05793209746479988
44,70,0.046935416758060455
44,71,0.04076879471540451
44,72,0.06999363005161285
44,73,0.04737649857997894
44,74,0.03557736054062843
44,75,0.05366107076406479
44,76,0.046783700585365295
45,1,0.05293780937790871
45,2,0.041731350123882294
45,3,0.0487564392387867
45,4,0.047127604484558105
45,5,0.04262236878275871
45,6,0.04260031133890152
45,7,0.044263459742069244
45,8,0.044254135340452194
45,9,0.04796929657459259
45,10,0.044616229832172394
45,11,0.04237578064203262
45,12,0.041318245232105255
45,13,0.04621010273694992
45,14,0.04050134867429733
45,15,0.04614691063761711
45,16,0.051416538655757904
45,17,0.044316720217466354
45,18,0.04930652678012848
45,19,0.044223085045814514
45,20,0.05079956352710724
45,21,0.049548011273145676
45,22,0.04024670273065567
45,23,0.04912455379962921
45,24,0.03974812477827072
45,25,0.04128563404083252
45,26,0.04991791397333145
45,27,0.04988231509923935
45,28,0.046101972460746765
45,29,0.04549301415681839
45,30,0.04423157870769501
45,31,0.03852115571498871
45,32,0.05386456102132797
45,33,0.04417792335152626
45,34,0.04556162655353546
45,35,0.04059889167547226
45,36,0.04263653978705406
45,37,0.03747682273387909
45,38,0.04740158095955849
45,39,0.03908777981996536
45,40,0.0405823215842247
45,41,0.04359603673219681
45,42,0.045329779386520386
45,43,0.0418875515460968
45,44,0.04537976533174515
45,45,0.04381364583969116
45,46,0.052779026329517365
45,47,0.034340642392635345
45,48,0.05711084604263306
45,49,0.04514298960566521
45,50,0.04439782351255417
45,51,0.051525332033634186
45,52,0.04313966631889343
45,53,0.04437977448105812
45,54,0.04724942892789841
45,55,0.04957740753889084
45,56,0.04881931468844414
45,57,0.04587236046791077
45,58,0.05554165691137314
45,59,0.0504814088344574
45,60,0.05226079002022743
45,61,0.04718528687953949
45,62,0.048015959560871124
45,63,0.039980486035346985
45,64,0.04887700453400612
45,65,0.049043647944927216
45,66,0.054275255650281906
45,67,0.04329165816307068
45,68,0.045314714312553406
45,69,0.050496429204940796
45,70,0.04954508692026138
45,71,0.052140973508358
45,72,0.04024253040552139
45,73,0.04492763429880142
45,74,0.04415589198470116
45,75,0.0433814600110054
45,76,0.04722360149025917
46,1,0.04421214759349823
46,2,0.0474405363202095
46,3,0.041159771382808685
46,4,0.04751887172460556
46,5,0.04736317694187164
46,6,0.04793731868267059
46,7,0.05021513253450394
46,8,0.046039558947086334
46,9,0.04098666459321976
46,10,0.03912768512964249
46,11,0.049588628113269806
46,12,0.04370753467082977
46,13,0.045251186937093735
46,14,0.04476229101419449
46,15,0.040824003517627716
46,16,0.03878178820014
46,17,0.0458783283829689
46,18,0.04423964023590088
46,19,0.04212377220392227
46,20,0.04771791771054268
46,21,0.04504186660051346
46,22,0.0376521497964859
46,23,0.0429169163107872
46,24,0.0584733784198761
46,25,0.05387424677610397
46,26,0.03838304802775383
46,27,0.040039993822574615
46,28,0.04286360740661621
46,29,0.048234544694423676
46,30,0.05424736440181732
46,31,0.06039129197597504
46,32,0.045837949961423874
46,33,0.04544216766953468
46,34,0.04192366451025009
46,35,0.04759681224822998
46,36,0.044026054441928864
46,37,0.04424403980374336
46,38,0.044517867267131805
46,39,0.053827449679374695
46,40,0.04267992451786995
46,41,0.046257488429546356
46,42,0.047397173941135406
46,43,0.04215671867132187
46,44,0.043285273015499115
46,45,0.046598535031080246
46,46,0.04026484489440918
46,47,0.04573759064078331
46,48,0.05335279926657677
46,49,0.04085502773523331
46,50,0.04417765885591507
46,51,0.0432821661233902
46,52,0.04367874935269356
46,53,0.04622823745012283
46,54,0.049123942852020264
46,55,0.03937574476003647
46,56,0.04553592950105667
46,57,0.046512965112924576
46,58,0.04614460840821266
46,59,0.04426165670156479
46,60,0.04426928982138634
46,61,0.04586653411388397
46,62,0.04971485957503319
46,63,0.05031543970108032
46,64,0.045543380081653595
46,65,0.05191710963845253
46,66,0.046453505754470825
46,67,0.04046785831451416
46,68,0.04682369530200958
46,69,0.04546614736318588
46,70,0.04867144674062729
46,71,0.051751114428043365
46,72,0.04383097589015961
46,73,0.04757732152938843
46,74,0.04415912181138992
46,75,0.04151340574026108
46,76,0.04819824919104576
47,1,0.04172114282846451
47,2,0.042218372225761414
47,3,0.04049619287252426
47,4,0.0654682070016861
47,5,0.03905818983912468
47,6,0.04146609455347061
47,7,0.04269842058420181
47,8,0.04386938363313675
47,9,0.04875761270523071
47,10,0.04045726731419563
47,11,0.040614187717437744
47,12,0.044399842619895935
47,13,0.04630013927817345
47,14,0.05092886462807655
47,15,0.044018618762493134
47,16,0.05165273696184158
47,17,0.05196695774793625
47,18,0.04566347226500511
47,19,0.03645986691117287
47,20,0.047212209552526474
47,21,0.052604131400585175
47,22,0.04331027343869209
47,23,0.04725385829806328
47,24,0.043634966015815735
47,25,0.042141176760196686
47,26,0.0405791699886322
47,27,0.047853898257017136
47,28,0.047660499811172485
47,29,0.04399537667632103
47,30,0.0430319607257843
47,31,0.0482725128531456
47,32,0.04461212456226349
47,33,0.04639782756567001
47,34,0.050025057047605515
47,35,0.04369920492172241
47,36,0.044563792645931244
47,37,0.04484148323535919
47,38,0.048236019909381866
47,39,0.04985591024160385
47,40,0.043539050966501236
47,41,0.04111023247241974
47,42,0.05068492889404297
47,43,0.046424657106399536
47,44,0.043041352182626724
47,45,0.049960628151893616
47,46,0.03888925909996033
47,47,0.04566805809736252
47,48,0.04613664373755455
47,49,0.039235834032297134
47,50,0.04421388357877731
47,51,0.03892159089446068
47,52,0.04828761890530586
47,53,0.050410933792591095
47,54,0.040714796632528305
47,55,0.04373205825686455
47,56,0.042169731110334396
47,57,0.03585264831781387
47,58,0.05425197258591652
47,59,0.0424262173473835
47,60,0.047026194632053375
47,61,0.0569617934525013
47,62,0.04734759032726288
47,63,0.04898318648338318
47,64,0.043315038084983826
47,65,0.02973777987062931
47,66,0.04663875699043274
47,67,0.04721996188163757
47,68,0.0394725501537323
47,69,0.04338672384619713
47,70,0.051261238753795624
47,71,0.044035132974386215
47,72,0.0422799289226532
47,73,0.0409485399723053
47,74,0.038076505064964294
47,75,0.037099018692970276
47,76,0.04161011055111885
48,1,0.04485432058572769
48,2,0.05300621688365936
48,3,0.051958613097667694
48,4,0.03999213129281998
48,5,0.04728517681360245
48,6,0.04287831857800484
48,7,0.039220795035362244
48,8,0.04398860037326813
48,9,0.0431772917509079
48,10,0.049364447593688965
48,11,0.046433452516794205
48,12,0.04292246699333191
48,13,0.04367855191230774
48,14,0.04579506814479828
48,15,0.044906601309776306
48,16,0.05023021250963211
48,17,0.0522826611995697
48,18,0.051178332418203354
48,19,0.04038923978805542
48,20,0.047454118728637695
48,21,0.042225103825330734
48,22,0.04234940558671951
48,23,0.03732486814260483
48,24,0.038637347519397736
48,25,0.043650537729263306
48,26,0.04217509552836418
48,27,0.04690293222665787
48,28,0.03639688715338707
48,29,0.04746555536985397
48,30,0.04160057753324509
48,31,0.039937421679496765
48,32,0.06148020550608635
48,33,0.042775411158800125
48,34,0.03938109055161476
48,35,0.037887848913669586
48,36,0.035476479679346085
48,37,0.045372337102890015
48,38,0.04944385960698128
48,39,0.04491741210222244
48,40,0.044346388429403305
48,41,0.038811735808849335
48,42,0.047857414931058884
48,43,0.055652111768722534
48,44,0.03992468863725662
48,45,0.04559575766324997
48,46,0.04509881138801575
48,47,0.04185500741004944
48,48,0.0434759147465229
48,49,0.041855089366436005
48,50,0.036096833646297455
48,51,0.04966282099485397
48,52,0.04642965644598007
48,53,0.04432561248540878
48,54,0.048113659024238586
48,55,0.04364011064171791
48,56,0.03724214807152748
48,57,0.044707268476486206
48,58,0.05203818902373314
48,59,0.039277851581573486
48,60,0.04287511482834816
48,61,0.04384574294090271
48,62,0.049815889447927475
48,63,0.04137195646762848
48,64,0.04813956469297409
48,65,0.04425632581114769
48,66,0.04075254499912262
48,67,0.043821461498737335
48,68,0.0383182130753994
48,69,0.044707491993904114
48,70,0.048625651746988297
48,71,0.04571249336004257
48,72,0.04663984850049019
48,73,0.041517481207847595
48,74,0.03864220902323723
48,75,0.04171310365200043
48,76,0.04689205437898636
49,1,0.056271910667419434
49,2,0.0406157448887825
49,3,0.040757983922958374
49,4,0.03903510794043541
49,5,0.04827038198709488
49,6,0.04063227027654648
49,7,0.0407140776515007
49,8,0.04899922385811806
49,9,0.040558092296123505
49,10,0.041483886539936066
49,11,0.04635469615459442
49,12,0.05339695140719414
49,13,0.04583504796028137
49,14,0.04251673072576523
49,15,0.04029618203639984
49,16,0.04554184526205063
49,17,0.04291481897234917
49,18,0.046599969267845154
49,19,0.043878015130758286
49,20,0.0395980104804039
49,21,0.04523392766714096
49,22,0.04382036253809929
49,23,0.043453995138406754
49,24,0.0488690584897995
49,25,0.041752900928258896
49,26,0.05066798999905586
49,27,0.05062102898955345
49,28,0.04760531336069107
49,29,0.04265030100941658
49,30,0.04826937988400459
49,31,0.045659810304641724
49,32,0.05607852339744568
49,33,0.036287449300289154
49,34,0.04083947464823723
49,35,0.04786001145839691
49,36,0.0456673726439476
49,37,0.046310797333717346
49,38,0.05004066973924637
49,39,0.04313550144433975
49,40,0.057384807616472244
49,41,0.04973766207695007
49,42,0.047289639711380005
49,43,0.04443545266985893
49,44,0.048686668276786804
49,45,0.048211757093667984
49,46,0.042386651039123535
49,47,0.03978324308991432
49,48,0.04371197521686554
49,49,0.054397694766521454
49,50,0.039876047521829605
49,51,0.0558338463306427
49,52,0.0475105457007885
49,53,0.04858469218015671
49,54,0.0403696671128273
49,55,0.0436110645532608
49,56,0.042959220707416534
49,57,0.04929303005337715
49,58,0.05044082552194595
49,59,0.03686515986919403
49,60,0.04451841488480568
49,61,0.05147130787372589
49,62,0.048692554235458374
49,63,0.04027034342288971
49,64,0.05158568173646927
49,65,0.056836068630218506
49,66,0.052119240164756775
49,67,0.0515463761985302
49,68,0.04931361600756645
49,69,0.04002407193183899
49,70,0.04355864226818085
49,71,0.04295996576547623
49,72,0.04116830229759216
49,73,0.04305706173181534
49,74,0.04532010108232498
49,75,0.0461789071559906
49,76,0.04532264173030853
50,1,0.043637096881866455
50,2,0.03733871877193451
50,3,0.05166354030370712
50,4,0.03913351148366928
50,5,0.04575999826192856
50,6,0.05146603286266327
50,7,0.0413777157664299
50,8,0.053008321672677994
50,9,0.04282841086387634
50,10,0.06615520268678665
50,11,0.04007092863321304
50,12,0.050733886659145355
50,13,0.04799916222691536
50,14,0.04693308472633362
50,15,0.0449158139526844
50,16,0.048700228333473206
50,17,0.04533671215176582
50,18,0.054240018129348755
50,19,0.04210153967142105
50,20,0.056804344058036804
50,21,0.045248158276081085
50,22,0.042648330330848694
50,23,0.04109106957912445
50,24,0.04431761056184769
50,25,0.04993053525686264
50,26,0.04387644678354263
50,27,0.04764847457408905
50,28,0.04336415231227875
50,29,0.051355838775634766
50,30,0.04492993652820587
50,31,0.044103119522333145
50,32,0.05015014111995697
50,33,0.045786865055561066
50,34,0.046588532626628876
50,35,0.043280817568302155
50,36,0.04611942917108536
50,37,0.04569034278392792
50,38,0.03963351994752884
50,39,0.045741382986307144
50,40,0.05093071609735489
50,41,0.04696907475590706
50,42,0.043979234993457794
50,43,0.04312141612172127
50,44,0.041203949600458145
50,45,0.04995762184262276
50,46,0.04431695491075516
50,47,0.04112634062767029
50,48,0.051509782671928406
50,49,0.036157168447971344
50,50,0.04140622913837433
50,51,0.040734805166721344
50,52,0.053039345890283585
50,53,0.0471915639936924
50,54,0.04563112556934357
50,55,0.04684147983789444
50,56,0.053135719150304794
50,57,0.047647006809711456
50,58,0.041140057146549225
50,59,0.050063181668519974
50,60,0.051499757915735245
50,61,0.0487436018884182
50,62,0.04606261104345322
50,63,0.046077124774456024
50,64,0.05265165865421295
50,65,0.04265524819493294
50,66,0.04261704906821251
50,67,0.049468085169792175
50,68,0.044572338461875916
50,69,0.034920092672109604
50,70,0.04140418767929077
50,71,0.04552564024925232
50,72,0.04705026000738144
50,73,0.04992150142788887
50,74,0.046024419367313385
50,75,0.04148751497268677
50,76,0.045242466032505035
