epoch,step,loss
1,1,1.6908187866210938
1,2,1.386307716369629
1,3,1.2019176483154297
1,4,1.0443534851074219
1,5,0.8062481880187988
1,6,1.0817407369613647
2,1,0.7029963731765747
2,2,0.7496249675750732
2,3,0.669106662273407
2,4,0.6973892450332642
2,5,0.64653480052948
3,1,0.7838050127029419
3,2,0.5517433881759644
3,3,0.5302282571792603
3,4,0.5949424505233765
3,5,0.5211470127105713
4,1,0.4459998309612274
4,2,0.5566132068634033
4,3,0.6100157499313354
4,4,0.583918571472168
4,5,0.5045980215072632
5,1,0.5092183351516724
5,2,0.43803003430366516
5,3,0.5497459173202515
5,4,0.4345496892929077
5,5,0.4710289239883423
6,1,0.3616461455821991
6,2,0.39626121520996094
6,3,0.4517890214920044
6,4,0.4815596640110016
6,5,0.36384958028793335
7,1,0.29313045740127563
7,2,0.3476749658584595
7,3,0.4324917197227478
7,4,0.3631885349750519
7,5,0.37528789043426514
8,1,0.396727055311203
8,2,0.3056734800338745
8,3,0.3502754271030426
8,4,0.2618546485900879
8,5,0.3306710124015808
9,1,0.3814833462238312
9,2,0.3024630844593048
9,3,0.2275252640247345
9,4,0.3128812313079834
9,5,0.3190339207649231
10,1,0.2599657475948334
10,2,0.23066967725753784
10,3,0.2676589787006378
10,4,0.27897095680236816
10,5,0.2611773610115051
11,1,0.2354072481393814
11,2,0.17370371520519257
11,3,0.23765303194522858
11,4,0.2549527883529663
11,5,0.2057393193244934
12,1,0.1894228309392929
12,2,0.2921902537345886
12,3,0.2594323754310608
12,4,0.2621385157108307
12,5,0.17129935324192047
13,1,0.18791891634464264
13,2,0.18290771543979645
13,3,0.15144765377044678
13,4,0.2530052959918976
13,5,0.20214274525642395
14,1,0.22962017357349396
14,2,0.2524092197418213
14,3,0.18313810229301453
14,4,0.14660446345806122
14,5,0.25879591703414917
15,1,0.10559730231761932
15,2,0.20394515991210938
15,3,0.21996092796325684
15,4,0.1673823595046997
15,5,0.14382383227348328
16,1,0.10265891999006271
16,2,0.15563692152500153
16,3,0.09870709478855133
16,4,0.15479440987110138
16,5,0.29739969968795776
17,1,0.1772053837776184
17,2,0.1742756962776184
17,3,0.14116311073303223
17,4,0.1628561168909073
17,5,0.10240461677312851
18,1,0.17260943353176117
18,2,0.16867949068546295
18,3,0.2134844958782196
18,4,0.1937052607536316
18,5,0.14010123908519745
19,1,0.09838457405567169
19,2,0.16213080286979675
19,3,0.07716946303844452
19,4,0.12052073329687119
19,5,0.1926104575395584
20,1,0.08133576810359955
20,2,0.07349135726690292
20,3,0.11300897598266602
20,4,0.1427665650844574
20,5,0.17054089903831482
21,1,0.17212438583374023
21,2,0.15353387594223022
21,3,0.04436463862657547
21,4,0.1481764018535614
21,5,0.1244037076830864
22,1,0.08511895686388016
22,2,0.1054595410823822
22,3,0.18218353390693665
22,4,0.14486394822597504
22,5,0.2180343121290207
23,1,0.04695236682891846
23,2,0.13742601871490479
23,3,0.04757589474320412
23,4,0.20052440464496613
23,5,0.05639065057039261
24,1,0.04701090231537819
24,2,0.11602312326431274
24,3,0.039096832275390625
24,4,0.10286328941583633
24,5,0.05398539826273918
25,1,0.04240656644105911
25,2,0.07539732754230499
25,3,0.06649260222911835
25,4,0.08236895501613617
25,5,0.21720190346240997
26,1,0.062323205173015594
26,2,0.07311195880174637
26,3,0.21716928482055664
26,4,0.04553093761205673
26,5,0.044512566179037094
27,1,0.15875700116157532
27,2,0.09121037274599075
27,3,0.035921093076467514
27,4,0.1157103031873703
27,5,0.044762901961803436
28,1,0.14215786755084991
28,2,0.10014393925666809
28,3,0.043902598321437836
28,4,0.08710931241512299
28,5,0.0791192352771759
29,1,0.08908568322658539
29,2,0.11473476886749268
29,3,0.12829656898975372
29,4,0.1108359545469284
29,5,0.14462177455425262
30,1,0.17037886381149292
30,2,0.149384006857872
30,3,0.07600291073322296
30,4,0.0375688299536705
30,5,0.075295090675354
31,1,0.23666630685329437
31,2,0.05294021591544151
31,3,0.04195449501276016
31,4,0.05962104722857475
31,5,0.05019054561853409
32,1,0.08021853864192963
32,2,0.014022414572536945
32,3,0.021743912249803543
32,4,0.082127645611763
32,5,0.04986952245235443
33,1,0.0863259881734848
33,2,0.06907359510660172
33,3,0.06535658985376358
33,4,0.030200393870472908
33,5,0.032872673124074936
34,1,0.04194248467683792
34,2,0.13881847262382507
34,3,0.07245360314846039
34,4,0.033108144998550415
34,5,0.06259509921073914
35,1,0.13313043117523193
35,2,0.07938878983259201
35,3,0.02324575185775757
35,4,0.029380276799201965
35,5,0.07708509266376495
36,1,0.012301057577133179
36,2,0.038845501840114594
36,3,0.07439791411161423
36,4,0.18105529248714447
36,5,0.02640356868505478
37,1,0.044934310019016266
37,2,0.15360167622566223
37,3,0.03477787226438522
37,4,0.048093151301145554
37,5,0.10913656651973724
38,1,0.04549235850572586
38,2,0.11263047158718109
38,3,0.05796705558896065
38,4,0.03542814776301384
38,5,0.04322975501418114
39,1,0.019282005727291107
39,2,0.021944846957921982
39,3,0.060569196939468384
39,4,0.02812589891254902
39,5,0.038636039942502975
40,1,0.02256898209452629
40,2,0.03256139159202576
40,3,0.023229749873280525
40,4,0.015595860779285431
40,5,0.0687866285443306
41,1,0.0312582366168499
41,2,0.1868993192911148
41,3,0.012298695743083954
41,4,0.07172529399394989
41,5,0.07577123492956161
42,1,0.013789482414722443
42,2,0.044358305633068085
42,3,0.1838158369064331
42,4,0.02097725123167038
42,5,0.011026926338672638
43,1,0.02994806505739689
43,2,0.06843611598014832
43,3,0.09532307088375092
43,4,0.10314027220010757
43,5,0.06910000741481781
44,1,0.06742480397224426
44,2,0.06310960650444031
44,3,0.06834521144628525
44,4,0.02668282762169838
44,5,0.062014397233724594
45,1,0.10056253522634506
45,2,0.051935240626335144
45,3,0.0909210816025734
45,4,0.04203467816114426
45,5,0.08664737641811371
46,1,0.1562582552433014
46,2,0.23613417148590088
46,3,0.03242698311805725
46,4,0.03372378647327423
46,5,0.05043783783912659
47,1,0.030611898750066757
47,2,0.12139904499053955
47,3,0.05173080787062645
47,4,0.04361872002482414
47,5,0.07695981860160828
48,1,0.018362175673246384
48,2,0.014496865682303905
48,3,0.05875759571790695
48,4,0.12034357339143753
48,5,0.029650943353772163
49,1,0.00775084039196372
49,2,0.031161010265350342
49,3,0.005452621728181839
49,4,0.010667296126484871
49,5,0.020290296524763107
50,1,0.13546305894851685
50,2,0.07161884754896164
50,3,0.07217253744602203
50,4,0.02825280651450157
50,5,0.07586761564016342
51,1,0.025979984551668167
51,2,0.028676848858594894
51,3,0.06097283959388733
51,4,0.029400058090686798
51,5,0.0526149719953537
52,1,0.017221270129084587
52,2,0.026897065341472626
52,3,0.014393310993909836
52,4,0.02665078267455101
52,5,0.03124910406768322
53,1,0.08288577198982239
53,2,0.09866128861904144
53,3,0.019330158829689026
53,4,0.03613242134451866
53,5,0.0826718658208847
54,1,0.1594097912311554
54,2,0.01905157044529915
54,3,0.008602829650044441
54,4,0.05701083689928055
54,5,0.05512343347072601
55,1,0.019284725189208984
55,2,0.12192615866661072
55,3,0.007784741465002298
55,4,0.022719498723745346
55,5,0.023923233151435852
56,1,0.029320720583200455
56,2,0.05016094818711281
56,3,0.034508876502513885
56,4,0.03533261641860008
56,5,0.03737788647413254
57,1,0.009910637512803078
57,2,0.04087582975625992
57,3,0.008655941113829613
57,4,0.18666242063045502
57,5,0.12481329590082169
58,1,0.036025747656822205
58,2,0.12200017273426056
58,3,0.05304455757141113
58,4,0.01725388504564762
58,5,0.03716606646776199
59,1,0.051923394203186035
59,2,0.06204761564731598
59,3,0.02588108368217945
59,4,0.05545569211244583
59,5,0.03942711651325226
60,1,0.18982794880867004
60,2,0.031158503144979477
60,3,0.007864145562052727
60,4,0.08974403142929077
60,5,0.09962129592895508
61,1,0.0344475619494915
61,2,0.010573912411928177
61,3,0.06607349216938019
61,4,0.06412497162818909
61,5,0.03200122341513634
62,1,0.16360372304916382
62,2,0.047791093587875366
62,3,0.05036573484539986
62,4,0.07336792349815369
62,5,0.03629828989505768
63,1,0.02931348606944084
63,2,0.008276110514998436
63,3,0.055676475167274475
63,4,0.024947192519903183
63,5,0.09246562421321869
64,1,0.009057191200554371
64,2,0.026349270716309547
64,3,0.023873351514339447
64,4,0.061946503818035126
64,5,0.043866079300642014
65,1,0.060579024255275726
65,2,0.008789615705609322
65,3,0.0753762423992157
65,4,0.04158572107553482
65,5,0.054196372628211975
66,1,0.11224110424518585
66,2,0.009635375812649727
66,3,0.04237667843699455
66,4,0.013781704939901829
66,5,0.02454652264714241
67,1,0.04182041063904762
67,2,0.018794137984514236
67,3,0.036548979580402374
67,4,0.02997869998216629
67,5,0.009958593174815178
68,1,0.041371118277311325
68,2,0.08496728539466858
68,3,0.054780907928943634
68,4,0.034434303641319275
68,5,0.024118416011333466
69,1,0.019085844978690147
69,2,0.009779486805200577
69,3,0.05743958428502083
69,4,0.008943682536482811
69,5,0.011261224746704102
70,1,0.05678344517946243
70,2,0.07583791762590408
70,3,0.09300512075424194
70,4,0.01566942408680916
70,5,0.11434538662433624
71,1,0.07409830391407013
71,2,0.00753235537558794
71,3,0.03072896972298622
71,4,0.022051839157938957
71,5,0.01057981327176094
72,1,0.011947170831263065
72,2,0.06596079468727112
72,3,0.14154741168022156
72,4,0.038962382823228836
72,5,0.045389335602521896
73,1,0.19385108351707458
73,2,0.07183437049388885
73,3,0.00951109454035759
73,4,0.014061985537409782
73,5,0.039324041455984116
74,1,0.06663413345813751
74,2,0.07205650955438614
74,3,0.040346600115299225
74,4,0.07615010440349579
74,5,0.007579835597425699
75,1,0.024332083761692047
75,2,0.05702720582485199
75,3,0.017361830919981003
75,4,0.13325892388820648
75,5,0.043379150331020355
76,1,0.18114537000656128
76,2,0.08271434903144836
76,3,0.05658050626516342
76,4,0.048165518790483475
76,5,0.01437779888510704
77,1,0.05741218477487564
77,2,0.041146691888570786
77,3,0.07109293341636658
77,4,0.03880160301923752
77,5,0.02612745575606823
78,1,0.011420859023928642
78,2,0.013612800277769566
78,3,0.01928713731467724
78,4,0.025024540722370148
78,5,0.11090034991502762
79,1,0.008565660566091537
79,2,0.05798658728599548
79,3,0.03898085653781891
79,4,0.08938415348529816
79,5,0.09455955028533936
80,1,0.08152201771736145
80,2,0.023990964516997337
80,3,0.017251763492822647
80,4,0.005280622281134129
80,5,0.061464063823223114
81,1,0.008104253560304642
81,2,0.017604054883122444
81,3,0.006000243127346039
81,4,0.017607709392905235
81,5,0.052999794483184814
82,1,0.05279688164591789
82,2,0.04591885954141617
82,3,0.014547774568200111
82,4,0.05145328491926193
82,5,0.04188082367181778
83,1,0.03615110367536545
83,2,0.009589942172169685
83,3,0.07782676815986633
83,4,0.08040332794189453
83,5,0.042376868426799774
84,1,0.026499079540371895
84,2,0.019097596406936646
84,3,0.07623963803052902
84,4,0.010626297444105148
84,5,0.05337375029921532
85,1,0.03730368986725807
85,2,0.04122396558523178
85,3,0.032743047922849655
85,4,0.026157274842262268
85,5,0.034276314079761505
86,1,0.024207167327404022
86,2,0.009187184274196625
86,3,0.09289909154176712
86,4,0.0429278127849102
86,5,0.02182760089635849
87,1,0.046819910407066345
87,2,0.0128663694486022
87,3,0.022905705496668816
87,4,0.06155385076999664
87,5,0.07134507596492767
88,1,0.035897668451070786
88,2,0.10366643965244293
88,3,0.03102920576930046
88,4,0.010250444523990154
88,5,0.11860309541225433
89,1,0.06485895812511444
89,2,0.10061895102262497
89,3,0.08407609909772873
89,4,0.016916103661060333
89,5,0.006838939152657986
90,1,0.09221391379833221
90,2,0.05559054762125015
90,3,0.06383723020553589
90,4,0.004939552862197161
90,5,0.07989174872636795
91,1,0.06554494053125381
91,2,0.08937636017799377
91,3,0.06390208005905151
91,4,0.015004848130047321
91,5,0.028114087879657745
92,1,0.0035043316893279552
92,2,0.030344001948833466
92,3,0.061887793242931366
92,4,0.0429232157766819
92,5,0.005166905000805855
93,1,0.12077762186527252
93,2,0.009783385321497917
93,3,0.08874965459108353
93,4,0.05639776960015297
93,5,0.05737905949354172
94,1,0.06257057934999466
94,2,0.043678950518369675
94,3,0.07275433093309402
94,4,0.00789831206202507
94,5,0.1427430659532547
95,1,0.10103705525398254
95,2,0.04133440926671028
95,3,0.0060629160143435
95,4,0.013203263282775879
95,5,0.042974989861249924
96,1,0.02778613194823265
96,2,0.06429055333137512
96,3,0.05459005385637283
96,4,0.014554549008607864
96,5,0.01889152079820633
97,1,0.006423609796911478
97,2,0.025710351765155792
97,3,0.05244063213467598
97,4,0.022233182564377785
97,5,0.1539258062839508
98,1,0.05828745290637016
98,2,0.06938139349222183
98,3,0.007000323850661516
98,4,0.03688386082649231
98,5,0.07848083227872849
99,1,0.023383816704154015
99,2,0.01262146607041359
99,3,0.019962403923273087
99,4,0.06757742166519165
99,5,0.035291969776153564
100,1,0.06179910898208618
100,2,0.01560812909156084
100,3,0.011580639518797398
100,4,0.10749475657939911
100,5,0.0044978647492825985
