epoch,step,loss
1,1,1.3173518180847168
1,2,1.2824771404266357
1,3,1.2649465799331665
1,4,1.2489169836044312
1,5,1.2326626777648926
1,6,1.2183700799942017
1,7,1.2062225341796875
1,8,1.1990330219268799
1,9,1.1831371784210205
1,10,1.1676595211029053
1,11,1.1583547592163086
1,12,1.1459426879882812
1,13,1.1346261501312256
1,14,1.1218589544296265
1,15,1.111095905303955
1,16,1.1013591289520264
1,17,1.0901373624801636
1,18,1.0794429779052734
1,19,1.071476936340332
1,20,1.0650063753128052
1,21,1.055468201637268
1,22,1.0498850345611572
1,23,1.042392611503601
1,24,1.0377559661865234
1,25,1.032597303390503
1,26,1.02577805519104
1,27,1.0217829942703247
1,28,1.0185813903808594
2,1,1.0135295391082764
2,2,1.005553126335144
2,3,1.0052876472473145
2,4,0.9991071820259094
2,5,0.9952181577682495
2,6,0.9892265796661377
2,7,0.987633228302002
2,8,0.9829707145690918
2,9,0.9802976846694946
2,10,0.978034496307373
2,11,0.976354718208313
2,12,0.9734642505645752
2,13,0.9680324196815491
2,14,0.9702671766281128
2,15,0.9693047404289246
2,16,0.962834894657135
2,17,0.9599717259407043
2,18,0.9594020843505859
2,19,0.9541906118392944
2,20,0.949607253074646
2,21,0.9496229887008667
2,22,0.9479386806488037
2,23,0.9512786865234375
2,24,0.947685956954956
2,25,0.9438871145248413
2,26,0.946812629699707
2,27,0.9404675364494324
3,1,0.9410468339920044
3,2,0.9344722032546997
3,3,0.9334486722946167
3,4,0.9347350597381592
3,5,0.9285500645637512
3,6,0.9268953800201416
3,7,0.9218277931213379
3,8,0.9201835989952087
3,9,0.9177249670028687
3,10,0.9184064269065857
3,11,0.9191184639930725
3,12,0.9119915962219238
3,13,0.9139863848686218
3,14,0.9121614098548889
3,15,0.9153082966804504
3,16,0.9046339988708496
3,17,0.901652455329895
3,18,0.9051522016525269
3,19,0.8965763449668884
3,20,0.9079000949859619
3,21,0.8969754576683044
3,22,0.8999649286270142
3,23,0.8996939659118652
3,24,0.8916738033294678
3,25,0.8914811611175537
3,26,0.8959293365478516
3,27,0.8883753418922424
4,1,0.881293773651123
4,2,0.8836414813995361
4,3,0.8783494830131531
4,4,0.8803814053535461
4,5,0.8819514513015747
4,6,0.8768436908721924
4,7,0.8730838298797607
4,8,0.8714210987091064
4,9,0.8755070567131042
4,10,0.8677575588226318
4,11,0.8669393658638
4,12,0.862967848777771
4,13,0.860200047492981
4,14,0.8578412532806396
4,15,0.8572955131530762
4,16,0.8558647036552429
4,17,0.8505204916000366
4,18,0.8515857458114624
4,19,0.8530272245407104
4,20,0.8488556742668152
4,21,0.8463250398635864
4,22,0.8538402318954468
4,23,0.8469617962837219
4,24,0.8404799699783325
4,25,0.8461805582046509
4,26,0.8513211011886597
4,27,0.8407834768295288
5,1,0.8355284929275513
5,2,0.8345380425453186
5,3,0.8309742212295532
5,4,0.8357114791870117
5,5,0.839053213596344
5,6,0.8270077705383301
5,7,0.8286435008049011
5,8,0.8287175297737122
5,9,0.8193696737289429
5,10,0.8283562660217285
5,11,0.8216198086738586
5,12,0.8266766667366028
5,13,0.8332915306091309
5,14,0.8289604783058167
5,15,0.8169008493423462
5,16,0.8146349191665649
5,17,0.8092590570449829
5,18,0.8122859597206116
5,19,0.810846745967865
5,20,0.8003469705581665
5,21,0.8051009178161621
5,22,0.7961387634277344
5,23,0.7971431016921997
5,24,0.7999389171600342
5,25,0.7978344559669495
5,26,0.7923011779785156
5,27,0.803476095199585
6,1,0.7922049164772034
6,2,0.7907297611236572
6,3,0.790838360786438
6,4,0.7958906888961792
6,5,0.7820428609848022
6,6,0.7821256518363953
6,7,0.7740164995193481
6,8,0.7858297824859619
6,9,0.7832850813865662
6,10,0.784174919128418
6,11,0.7737489938735962
6,12,0.7803913950920105
6,13,0.7790724039077759
6,14,0.7737759351730347
6,15,0.7651962041854858
6,16,0.7794685363769531
6,17,0.7607495784759521
6,18,0.760162889957428
6,19,0.7688518166542053
6,20,0.775752067565918
6,21,0.759402334690094
6,22,0.763074517250061
6,23,0.7681598663330078
6,24,0.7545881271362305
6,25,0.7656465768814087
6,26,0.7505539059638977
6,27,0.7553938627243042
7,1,0.7514626979827881
7,2,0.7550749778747559
7,3,0.7525215148925781
7,4,0.7450909614562988
7,5,0.7513786554336548
7,6,0.7369585037231445
7,7,0.7432180047035217
7,8,0.7384549379348755
7,9,0.7397900819778442
7,10,0.746671199798584
7,11,0.7305495142936707
7,12,0.7382527589797974
7,13,0.7360037565231323
7,14,0.7374460697174072
7,15,0.751821756362915
7,16,0.7334671020507812
7,17,0.7237240672111511
7,18,0.7257320880889893
7,19,0.7182407379150391
7,20,0.7238479852676392
7,21,0.7379040718078613
7,22,0.7286577820777893
7,23,0.7331060171127319
7,24,0.7269092202186584
7,25,0.7263648509979248
7,26,0.7218266725540161
7,27,0.7112388610839844
8,1,0.7147866487503052
8,2,0.7201635837554932
8,3,0.7104234099388123
8,4,0.7046985626220703
8,5,0.7017126083374023
8,6,0.7150492668151855
8,7,0.7096198797225952
8,8,0.7105439901351929
8,9,0.7048362493515015
8,10,0.7079064846038818
8,11,0.6980583667755127
8,12,0.6994626522064209
8,13,0.6922115087509155
8,14,0.692273736000061
8,15,0.7024701237678528
8,16,0.7055342793464661
8,17,0.6825791001319885
8,18,0.698431134223938
8,19,0.698609471321106
8,20,0.6886242032051086
8,21,0.6868088245391846
8,22,0.692922055721283
8,23,0.6765831708908081
8,24,0.6842040419578552
8,25,0.6784060597419739
8,26,0.6891838312149048
8,27,0.6762648820877075
9,1,0.6741501092910767
9,2,0.6758311986923218
9,3,0.6699022054672241
9,4,0.6652493476867676
9,5,0.6703674793243408
9,6,0.6706469058990479
9,7,0.6728465557098389
9,8,0.6664875745773315
9,9,0.6689124703407288
9,10,0.6777166128158569
9,11,0.6673997640609741
9,12,0.669201135635376
9,13,0.6572614908218384
9,14,0.6694295406341553
9,15,0.6731122732162476
9,16,0.6499393582344055
9,17,0.6528184413909912
9,18,0.6627851724624634
9,19,0.6522471904754639
9,20,0.6548702716827393
9,21,0.6700760126113892
9,22,0.6533665657043457
9,23,0.6554546356201172
9,24,0.655990719795227
9,25,0.6441335678100586
9,26,0.6579930186271667
9,27,0.6537416577339172
10,1,0.6424081325531006
10,2,0.6493920683860779
10,3,0.6433773040771484
10,4,0.6500753164291382
10,5,0.6373269557952881
10,6,0.646117091178894
10,7,0.6375135183334351
10,8,0.6418552994728088
10,9,0.6305423378944397
10,10,0.6314939260482788
10,11,0.6360136270523071
10,12,0.6249616146087646
10,13,0.6254013776779175
10,14,0.6288602352142334
10,15,0.6379848122596741
10,16,0.6258740425109863
10,17,0.6300222873687744
10,18,0.6346791386604309
10,19,0.6273442506790161
10,20,0.6356657147407532
10,21,0.6179459691047668
10,22,0.6247899532318115
10,23,0.6132218837738037
10,24,0.625965416431427
10,25,0.6237789392471313
10,26,0.6187580227851868
10,27,0.619705855846405
11,1,0.6163915991783142
11,2,0.6109522581100464
11,3,0.6080451607704163
11,4,0.6058028936386108
11,5,0.6155559420585632
11,6,0.6083236932754517
11,7,0.610615611076355
11,8,0.6038042902946472
11,9,0.6023378372192383
11,10,0.6150431632995605
11,11,0.606591522693634
11,12,0.598313570022583
11,13,0.6041282415390015
11,14,0.5934807658195496
11,15,0.5983461141586304
11,16,0.604851484298706
11,17,0.5988421440124512
11,18,0.5934723615646362
11,19,0.604529082775116
11,20,0.600261926651001
11,21,0.5965873003005981
11,22,0.5965720415115356
11,23,0.595109760761261
11,24,0.606581449508667
11,25,0.5979955196380615
11,26,0.6038621664047241
11,27,0.5815514326095581
12,1,0.5952726602554321
12,2,0.5829610824584961
12,3,0.575568675994873
12,4,0.5844041109085083
12,5,0.5902475714683533
12,6,0.5799355506896973
12,7,0.5821207761764526
12,8,0.5791412591934204
12,9,0.5749490857124329
12,10,0.5947422981262207
12,11,0.5845624208450317
12,12,0.567784309387207
12,13,0.5830013751983643
12,14,0.5915573835372925
12,15,0.5733934044837952
12,16,0.5770075917243958
12,17,0.5760284066200256
12,18,0.5783726572990417
12,19,0.5793384313583374
12,20,0.5691914558410645
12,21,0.5717631578445435
12,22,0.5656335353851318
12,23,0.5691773891448975
12,24,0.5816560983657837
12,25,0.5713318586349487
12,26,0.5708910822868347
12,27,0.5648422241210938
13,1,0.5770471096038818
13,2,0.5646686553955078
13,3,0.5689640045166016
13,4,0.5681285858154297
13,5,0.5610532760620117
13,6,0.5451006293296814
13,7,0.5630884170532227
13,8,0.5673483610153198
13,9,0.5553649663925171
13,10,0.5584191083908081
13,11,0.5593000650405884
13,12,0.5490866303443909
13,13,0.557310938835144
13,14,0.5574532747268677
13,15,0.5555577278137207
13,16,0.5431674718856812
13,17,0.5448007583618164
13,18,0.541242778301239
13,19,0.5455228090286255
13,20,0.5534522533416748
13,21,0.5502719879150391
13,22,0.5473598837852478
13,23,0.5547984838485718
13,24,0.548475980758667
13,25,0.5441799759864807
13,26,0.549331784248352
13,27,0.543057918548584
14,1,0.5436278581619263
14,2,0.5389937162399292
14,3,0.5463830828666687
14,4,0.5381896495819092
14,5,0.5628472566604614
14,6,0.5310174226760864
14,7,0.5418394804000854
14,8,0.5333306789398193
14,9,0.5374314785003662
14,10,0.5341213941574097
14,11,0.5456584692001343
14,12,0.5328820943832397
14,13,0.546393871307373
14,14,0.5369592905044556
14,15,0.5312237739562988
14,16,0.5252397060394287
14,17,0.5486990809440613
14,18,0.5276204943656921
14,19,0.5312064290046692
14,20,0.5468611121177673
14,21,0.5243215560913086
14,22,0.5229135155677795
14,23,0.528650164604187
14,24,0.5218635201454163
14,25,0.5257933735847473
14,26,0.5272819995880127
14,27,0.5221689939498901
15,1,0.5107636451721191
15,2,0.5202163457870483
15,3,0.509960412979126
15,4,0.5096813440322876
15,5,0.518363356590271
15,6,0.5122274160385132
15,7,0.5218808650970459
15,8,0.523993730545044
15,9,0.5190922617912292
15,10,0.5225639343261719
15,11,0.5150291919708252
15,12,0.5167057514190674
15,13,0.5075230598449707
15,14,0.5182689428329468
15,15,0.5182590484619141
15,16,0.5201646089553833
15,17,0.5067764520645142
15,18,0.5031237006187439
15,19,0.4992726147174835
15,20,0.5119665861129761
15,21,0.5245314836502075
15,22,0.5046466588973999
15,23,0.5039489269256592
15,24,0.5036813020706177
15,25,0.5225918292999268
15,26,0.5171957015991211
15,27,0.5075415968894958
16,1,0.502082347869873
16,2,0.5150773525238037
16,3,0.495537132024765
16,4,0.4996550381183624
16,5,0.4993573725223541
16,6,0.5074282884597778
16,7,0.4978139400482178
16,8,0.5211950540542603
16,9,0.5035467147827148
16,10,0.4956693649291992
16,11,0.49099108576774597
16,12,0.5078967809677124
16,13,0.5040385127067566
16,14,0.4973623752593994
16,15,0.5051424503326416
16,16,0.4815952181816101
16,17,0.48503339290618896
16,18,0.49032872915267944
16,19,0.49232327938079834
16,20,0.4803842306137085
16,21,0.5055162310600281
16,22,0.4879717230796814
16,23,0.48746567964553833
16,24,0.4913725256919861
16,25,0.4828835427761078
16,26,0.4820353388786316
16,27,0.4816659390926361
17,1,0.4755041003227234
17,2,0.4809724688529968
17,3,0.4884350299835205
17,4,0.495952844619751
17,5,0.49257704615592957
17,6,0.48057594895362854
17,7,0.4709627628326416
17,8,0.48115870356559753
17,9,0.49221158027648926
17,10,0.4756828546524048
17,11,0.4842676520347595
17,12,0.4744964838027954
17,13,0.4871683716773987
17,14,0.465721070766449
17,15,0.47045597434043884
17,16,0.4708333909511566
17,17,0.46932169795036316
17,18,0.4732319116592407
17,19,0.4671062231063843
17,20,0.4822397828102112
17,21,0.4616657495498657
17,22,0.4715126156806946
17,23,0.47513774037361145
17,24,0.4780360460281372
17,25,0.4689576327800751
17,26,0.46423614025115967
17,27,0.4683264493942261
18,1,0.4629966616630554
18,2,0.4747859537601471
18,3,0.46710824966430664
18,4,0.4676383137702942
18,5,0.46076059341430664
18,6,0.45435675978660583
18,7,0.46387922763824463
18,8,0.46775227785110474
18,9,0.4626910388469696
18,10,0.4690314531326294
18,11,0.46676212549209595
18,12,0.45301902294158936
18,13,0.46402138471603394
18,14,0.45889753103256226
18,15,0.4441952109336853
18,16,0.454365074634552
18,17,0.4493117332458496
18,18,0.45589524507522583
18,19,0.46149224042892456
18,20,0.4516041576862335
18,21,0.4528205394744873
18,22,0.4423752725124359
18,23,0.4540097713470459
18,24,0.45750540494918823
18,25,0.44745850563049316
18,26,0.4532267153263092
18,27,0.45337992906570435
19,1,0.4511362612247467
19,2,0.4538164734840393
19,3,0.45321565866470337
19,4,0.4545137286186218
19,5,0.44959670305252075
19,6,0.4495805501937866
19,7,0.44665974378585815
19,8,0.4423924684524536
19,9,0.4432718753814697
19,10,0.4369080066680908
19,11,0.43305885791778564
19,12,0.4271109998226166
19,13,0.4698730707168579
19,14,0.43383124470710754
19,15,0.4435793161392212
19,16,0.4522172212600708
19,17,0.4431060254573822
19,18,0.44076815247535706
19,19,0.4416672885417938
19,20,0.44795462489128113
19,21,0.4387713670730591
19,22,0.43900424242019653
19,23,0.4447428584098816
19,24,0.4281969666481018
19,25,0.4498957097530365
19,26,0.4499111771583557
19,27,0.44578006863594055
20,1,0.44917210936546326
20,2,0.42715948820114136
20,3,0.4346126914024353
20,4,0.4412972331047058
20,5,0.4282833933830261
20,6,0.4358472228050232
20,7,0.4496619701385498
20,8,0.43380439281463623
20,9,0.4286750257015228
20,10,0.4266001582145691
20,11,0.42534250020980835
20,12,0.43309032917022705
20,13,0.42870038747787476
20,14,0.42064738273620605
20,15,0.43909597396850586
20,16,0.4193077087402344
20,17,0.43011289834976196
20,18,0.42582422494888306
20,19,0.42993390560150146
20,20,0.44803375005722046
20,21,0.4271986782550812
20,22,0.43171897530555725
20,23,0.42656075954437256
20,24,0.42126911878585815
20,25,0.42301058769226074
20,26,0.41682255268096924
20,27,0.42125046253204346
21,1,0.4189247488975525
21,2,0.42238014936447144
21,3,0.40670114755630493
21,4,0.4177454710006714
21,5,0.41691282391548157
21,6,0.4067830443382263
21,7,0.41658520698547363
21,8,0.41515740752220154
21,9,0.42249536514282227
21,10,0.41117721796035767
21,11,0.4121134281158447
21,12,0.40918269753456116
21,13,0.42387211322784424
21,14,0.41759181022644043
21,15,0.41793519258499146
21,16,0.41272294521331787
21,17,0.40819311141967773
21,18,0.4069873094558716
21,19,0.40896156430244446
21,20,0.4170159101486206
21,21,0.424508273601532
21,22,0.4175223708152771
21,23,0.4067642390727997
21,24,0.41915249824523926
21,25,0.4044090509414673
21,26,0.3959122896194458
21,27,0.42076557874679565
22,1,0.4000282287597656
22,2,0.40716081857681274
22,3,0.4029775857925415
22,4,0.4079011082649231
22,5,0.40868037939071655
22,6,0.40014714002609253
22,7,0.40014898777008057
22,8,0.40482616424560547
22,9,0.3983255922794342
22,10,0.39546775817871094
22,11,0.4052291810512543
22,12,0.4016932249069214
22,13,0.4015965461730957
22,14,0.4032471776008606
22,15,0.39408937096595764
22,16,0.4017485976219177
22,17,0.4022693336009979
22,18,0.3947693109512329
22,19,0.4032230079174042
22,20,0.3855981230735779
22,21,0.38749825954437256
22,22,0.39190906286239624
22,23,0.3937615752220154
22,24,0.4118088185787201
22,25,0.39133280515670776
22,26,0.42926061153411865
22,27,0.4015085697174072
23,1,0.3987669348716736
23,2,0.387290358543396
23,3,0.3926939368247986
23,4,0.3995097279548645
23,5,0.40583547949790955
23,6,0.3967377543449402
23,7,0.393934428691864
23,8,0.40157753229141235
23,9,0.38735249638557434
23,10,0.39905059337615967
23,11,0.3920639753341675
23,12,0.39058637619018555
23,13,0.38124895095825195
23,14,0.3834761679172516
23,15,0.38805732131004333
23,16,0.38239583373069763
23,17,0.40152043104171753
23,18,0.3832313120365143
23,19,0.3759930729866028
23,20,0.3808393180370331
23,21,0.3891344666481018
23,22,0.3746148347854614
23,23,0.37997427582740784
23,24,0.38857129216194153
23,25,0.38572701811790466
23,26,0.37943407893180847
23,27,0.381149560213089
24,1,0.37639033794403076
24,2,0.3719221353530884
24,3,0.3967265486717224
24,4,0.3860788941383362
24,5,0.3824363350868225
24,6,0.3948536515235901
24,7,0.3886439800262451
24,8,0.37197160720825195
24,9,0.3809853196144104
24,10,0.3745976686477661
24,11,0.3698471784591675
24,12,0.383103609085083
24,13,0.3807445168495178
24,14,0.383931040763855
24,15,0.36741769313812256
24,16,0.37129509449005127
24,17,0.3844373822212219
24,18,0.3754386305809021
24,19,0.37518376111984253
24,20,0.37279850244522095
24,21,0.3789326548576355
24,22,0.37534722685813904
24,23,0.3783060312271118
24,24,0.3742641508579254
24,25,0.366647332906723
24,26,0.3756070137023926
24,27,0.3702860474586487
25,1,0.3772594928741455
25,2,0.385576069355011
25,3,0.3729686141014099
25,4,0.37666964530944824
25,5,0.37259724736213684
25,6,0.36821621656417847
25,7,0.3791262209415436
25,8,0.3730319142341614
25,9,0.3627322316169739
25,10,0.3750722408294678
25,11,0.37172186374664307
25,12,0.35853636264801025
25,13,0.367567241191864
25,14,0.3659413158893585
25,15,0.3705378770828247
25,16,0.3594076633453369
25,17,0.35704198479652405
25,18,0.37335866689682007
25,19,0.36903899908065796
25,20,0.37545788288116455
25,21,0.3572099804878235
25,22,0.35543420910835266
25,23,0.3580344319343567
25,24,0.3596388101577759
25,25,0.35795915126800537
25,26,0.3633265197277069
25,27,0.3650413751602173
26,1,0.3633480370044708
26,2,0.3635441064834595
26,3,0.3594471216201782
26,4,0.3591674566268921
26,5,0.37334388494491577
26,6,0.35742756724357605
26,7,0.35914134979248047
26,8,0.35509124398231506
26,9,0.34998735785484314
26,10,0.35735610127449036
26,11,0.35453853011131287
26,12,0.3514918088912964
26,13,0.37405526638031006
26,14,0.3511190414428711
26,15,0.36105209589004517
26,16,0.37250280380249023
26,17,0.35539519786834717
26,18,0.3548482656478882
26,19,0.358539342880249
26,20,0.3479953408241272
26,21,0.34564560651779175
26,22,0.3623877167701721
26,23,0.36032527685165405
26,24,0.3580390214920044
26,25,0.34649932384490967
26,26,0.3554164469242096
26,27,0.34537428617477417
27,1,0.34265291690826416
27,2,0.346579372882843
27,3,0.3515838384628296
27,4,0.3497859835624695
27,5,0.34737688302993774
27,6,0.34718775749206543
27,7,0.34248650074005127
27,8,0.3462974429130554
27,9,0.3436903655529022
27,10,0.3480331003665924
27,11,0.34646379947662354
27,12,0.35791611671447754
27,13,0.3639872074127197
27,14,0.3472867012023926
27,15,0.35151585936546326
27,16,0.3386039733886719
27,17,0.34951940178871155
27,18,0.33428043127059937
27,19,0.33322885632514954
27,20,0.36194777488708496
27,21,0.3438987135887146
27,22,0.3410581350326538
27,23,0.34789133071899414
27,24,0.3341255784034729
27,25,0.3624545931816101
27,26,0.3449574112892151
27,27,0.3359808325767517
28,1,0.3432912826538086
28,2,0.3394034504890442
28,3,0.33732831478118896
28,4,0.3472236394882202
28,5,0.3377886712551117
28,6,0.3347408175468445
28,7,0.34290456771850586
28,8,0.345636785030365
28,9,0.36434412002563477
28,10,0.336686909198761
28,11,0.34934794902801514
28,12,0.34012311697006226
28,13,0.3390335440635681
28,14,0.33858299255371094
28,15,0.33725205063819885
28,16,0.3259730637073517
28,17,0.334358811378479
28,18,0.33110231161117554
28,19,0.332216739654541
28,20,0.33574557304382324
28,21,0.3284519910812378
28,22,0.3371707797050476
28,23,0.33713871240615845
28,24,0.3210255801677704
28,25,0.33183735609054565
28,26,0.33997076749801636
28,27,0.32535871863365173
29,1,0.3272979259490967
29,2,0.3247052729129791
29,3,0.33731743693351746
29,4,0.3275395631790161
29,5,0.32913702726364136
29,6,0.3306722640991211
29,7,0.32851552963256836
29,8,0.32535773515701294
29,9,0.32817673683166504
29,10,0.3226364850997925
29,11,0.3214298486709595
29,12,0.3268214762210846
29,13,0.32200947403907776
29,14,0.33092978596687317
29,15,0.3129315972328186
29,16,0.33125290274620056
29,17,0.32223016023635864
29,18,0.3278120756149292
29,19,0.33057335019111633
29,20,0.32560157775878906
29,21,0.32319146394729614
29,22,0.3195464015007019
29,23,0.343319833278656
29,24,0.32402801513671875
29,25,0.3190786838531494
29,26,0.32891303300857544
29,27,0.3277732729911804
30,1,0.32020148634910583
30,2,0.3195718228816986
30,3,0.3160974681377411
30,4,0.3304557204246521
30,5,0.3160993754863739
30,6,0.325370192527771
30,7,0.31985583901405334
30,8,0.3154296278953552
30,9,0.3171108365058899
30,10,0.324718713760376
30,11,0.31227782368659973
30,12,0.3153516352176666
30,13,0.3359360694885254
30,14,0.32102370262145996
30,15,0.3198856711387634
30,16,0.319545179605484
30,17,0.3237602710723877
30,18,0.3097703754901886
30,19,0.309975802898407
30,20,0.3422948718070984
30,21,0.3139798045158386
30,22,0.3139544725418091
30,23,0.3104754090309143
30,24,0.30914056301116943
30,25,0.312786340713501
30,26,0.31533634662628174
30,27,0.31473976373672485
31,1,0.3128228783607483
31,2,0.3046145439147949
31,3,0.3185071349143982
31,4,0.3205162286758423
31,5,0.3077579140663147
31,6,0.30792102217674255
31,7,0.324876606464386
31,8,0.32244640588760376
31,9,0.3175913095474243
31,10,0.3053511381149292
31,11,0.31290799379348755
31,12,0.30950218439102173
31,13,0.3051035404205322
31,14,0.3238292932510376
31,15,0.3069959282875061
31,16,0.306854784488678
31,17,0.30580759048461914
31,18,0.31014710664749146
31,19,0.31320589780807495
31,20,0.3037015199661255
31,21,0.29721829295158386
31,22,0.320606529712677
31,23,0.3095341920852661
31,24,0.31630995869636536
31,25,0.3011559844017029
31,26,0.3172629177570343
31,27,0.3087691068649292
32,1,0.29719507694244385
32,2,0.3088749349117279
32,3,0.3047962784767151
32,4,0.2966185510158539
32,5,0.3094051480293274
32,6,0.30229347944259644
32,7,0.30358028411865234
32,8,0.3083357512950897
32,9,0.31325432658195496
32,10,0.3177688419818878
32,11,0.29938000440597534
32,12,0.30095040798187256
32,13,0.3076006770133972
32,14,0.3089938759803772
32,15,0.2991265058517456
32,16,0.295728862285614
32,17,0.3088902235031128
32,18,0.2987971305847168
32,19,0.31354570388793945
32,20,0.30939385294914246
32,21,0.30375680327415466
32,22,0.31667256355285645
32,23,0.2969299554824829
32,24,0.29766231775283813
32,25,0.29513710737228394
32,26,0.3002467453479767
32,27,0.3068349361419678
33,1,0.30079948902130127
33,2,0.2967824935913086
33,3,0.30254465341567993
33,4,0.29689687490463257
33,5,0.30119961500167847
33,6,0.31021928787231445
33,7,0.30687880516052246
33,8,0.3236567974090576
33,9,0.298824280500412
33,10,0.29406583309173584
33,11,0.29198968410491943
33,12,0.2987987995147705
33,13,0.29073938727378845
33,14,0.28851938247680664
33,15,0.2941821217536926
33,16,0.3030562996864319
33,17,0.28847354650497437
33,18,0.2887274920940399
33,19,0.30464592576026917
33,20,0.289943128824234
33,21,0.29385116696357727
33,22,0.30013158917427063
33,23,0.30192631483078003
33,24,0.28784921765327454
33,25,0.28955671191215515
33,26,0.29154306650161743
33,27,0.2869446575641632
34,1,0.2934325635433197
34,2,0.28696969151496887
34,3,0.2891368269920349
34,4,0.27762046456336975
34,5,0.2851744294166565
34,6,0.29609087109565735
34,7,0.2945834994316101
34,8,0.28559887409210205
34,9,0.2949742078781128
34,10,0.28733229637145996
34,11,0.2903197407722473
34,12,0.29716673493385315
34,13,0.2845746576786041
34,14,0.2826094627380371
34,15,0.2845492362976074
34,16,0.29503434896469116
34,17,0.2839682102203369
34,18,0.28899556398391724
34,19,0.286419153213501
34,20,0.2844771146774292
34,21,0.28506895899772644
34,22,0.29365527629852295
34,23,0.28836366534233093
34,24,0.27944695949554443
34,25,0.28318262100219727
34,26,0.29217278957366943
34,27,0.2878311276435852
35,1,0.27868396043777466
35,2,0.27751070261001587
35,3,0.29302239418029785
35,4,0.28017616271972656
35,5,0.27898889780044556
35,6,0.2779926657676697
35,7,0.27722328901290894
35,8,0.2972561717033386
35,9,0.2923932373523712
35,10,0.2816855311393738
35,11,0.2835724353790283
35,12,0.2952765226364136
35,13,0.2840080261230469
35,14,0.2800413966178894
35,15,0.2841279208660126
35,16,0.2753089368343353
35,17,0.2736150026321411
35,18,0.2788464426994324
35,19,0.28163695335388184
35,20,0.2792122960090637
35,21,0.2853017747402191
35,22,0.27662068605422974
35,23,0.27655428647994995
35,24,0.2777063250541687
35,25,0.27264827489852905
35,26,0.27789491415023804
35,27,0.2807733118534088
36,1,0.2772766351699829
36,2,0.26989448070526123
36,3,0.2729334235191345
36,4,0.2896321415901184
36,5,0.27433282136917114
36,6,0.27337712049484253
36,7,0.27667081356048584
36,8,0.27648600935935974
36,9,0.2764887809753418
36,10,0.27366748452186584
36,11,0.2822127938270569
36,12,0.27801084518432617
36,13,0.27567416429519653
36,14,0.2710917294025421
36,15,0.2783834934234619
36,16,0.27669239044189453
36,17,0.26460230350494385
36,18,0.277180939912796
36,19,0.2706744074821472
36,20,0.2696928381919861
36,21,0.2798660099506378
36,22,0.27683359384536743
36,23,0.2715659737586975
36,24,0.2765082120895386
36,25,0.2876220643520355
36,26,0.2753644585609436
36,27,0.2797192335128784
37,1,0.2764438986778259
37,2,0.26589688658714294
37,3,0.27575957775115967
37,4,0.2689662575721741
37,5,0.28366586565971375
37,6,0.2648649215698242
37,7,0.2677041292190552
37,8,0.27345412969589233
37,9,0.2827286720275879
37,10,0.2671585977077484
37,11,0.30136898159980774
37,12,0.2700653374195099
37,13,0.26873090863227844
37,14,0.26868826150894165
37,15,0.2735599875450134
37,16,0.2722236216068268
37,17,0.2642883062362671
37,18,0.27176666259765625
37,19,0.2851536273956299
37,20,0.2703913152217865
37,21,0.2664526700973511
37,22,0.27219894528388977
37,23,0.27144697308540344
37,24,0.2737252712249756
37,25,0.261447012424469
37,26,0.26749199628829956
37,27,0.26416850090026855
38,1,0.27050989866256714
38,2,0.26921623945236206
38,3,0.2631751298904419
38,4,0.2695119380950928
38,5,0.2570017874240875
38,6,0.2676553726196289
38,7,0.26906585693359375
38,8,0.2677333950996399
38,9,0.2767334282398224
38,10,0.2683190107345581
38,11,0.2583589553833008
38,12,0.25682443380355835
38,13,0.2631094753742218
38,14,0.2803385853767395
38,15,0.26223212480545044
38,16,0.2733226418495178
38,17,0.2606954872608185
38,18,0.25468289852142334
38,19,0.26698756217956543
38,20,0.2773820757865906
38,21,0.2612650990486145
38,22,0.26459163427352905
38,23,0.25816357135772705
38,24,0.2631140351295471
38,25,0.2599661350250244
38,26,0.25990352034568787
38,27,0.25810229778289795
39,1,0.2663056552410126
39,2,0.25454652309417725
39,3,0.25964727997779846
39,4,0.262839674949646
39,5,0.2689002752304077
39,6,0.2628653049468994
39,7,0.2694575786590576
39,8,0.26515907049179077
39,9,0.2541664242744446
39,10,0.2617843747138977
39,11,0.26166343688964844
39,12,0.2540915012359619
39,13,0.2603486180305481
39,14,0.25632721185684204
39,15,0.25793564319610596
39,16,0.2568155825138092
39,17,0.2557981014251709
39,18,0.26633697748184204
39,19,0.2575417757034302
39,20,0.2517772316932678
39,21,0.2545316815376282
39,22,0.2562890350818634
39,23,0.2621094286441803
39,24,0.2693677544593811
39,25,0.2556390166282654
39,26,0.25291600823402405
39,27,0.2673373818397522
40,1,0.2560165524482727
40,2,0.2627128064632416
40,3,0.24855782091617584
40,4,0.2653665840625763
40,5,0.256931871175766
40,6,0.24451729655265808
40,7,0.24688377976417542
40,8,0.27195772528648376
40,9,0.25534382462501526
40,10,0.25213563442230225
40,11,0.2525569796562195
40,12,0.2569921314716339
40,13,0.24867136776447296
40,14,0.25061312317848206
40,15,0.26537466049194336
40,16,0.2609841227531433
40,17,0.24676817655563354
40,18,0.24675589799880981
40,19,0.24583390355110168
40,20,0.27072107791900635
40,21,0.24997785687446594
40,22,0.2484608292579651
40,23,0.2488505244255066
40,24,0.25925731658935547
40,25,0.24902257323265076
40,26,0.25122660398483276
40,27,0.253703236579895
41,1,0.2465876340866089
41,2,0.26564663648605347
41,3,0.25751933455467224
41,4,0.24648723006248474
41,5,0.25984129309654236
41,6,0.24303117394447327
41,7,0.24855013191699982
41,8,0.2411363571882248
41,9,0.26075002551078796
41,10,0.2467615008354187
41,11,0.24878458678722382
41,12,0.25493431091308594
41,13,0.2458040714263916
41,14,0.2404751032590866
41,15,0.24328425526618958
41,16,0.24780166149139404
41,17,0.2523357570171356
41,18,0.2449248731136322
41,19,0.24181228876113892
41,20,0.2411033809185028
41,21,0.27310711145401
41,22,0.24946920573711395
41,23,0.24447067081928253
41,24,0.24033397436141968
41,25,0.2468004822731018
41,26,0.2530495226383209
41,27,0.23990383744239807
42,1,0.24465757608413696
42,2,0.24423514306545258
42,3,0.25648874044418335
42,4,0.2482793927192688
42,5,0.24201561510562897
42,6,0.2600819170475006
42,7,0.24228718876838684
42,8,0.2481808066368103
42,9,0.24882850050926208
42,10,0.23756210505962372
42,11,0.24606187641620636
42,12,0.24884623289108276
42,13,0.23676179349422455
42,14,0.24702012538909912
42,15,0.24260732531547546
42,16,0.23888501524925232
42,17,0.24609369039535522
42,18,0.24642568826675415
42,19,0.25465458631515503
42,20,0.24784329533576965
42,21,0.23720750212669373
42,22,0.24262377619743347
42,23,0.23583364486694336
42,24,0.2449682652950287
42,25,0.23926496505737305
42,26,0.2393702268600464
42,27,0.24363471567630768
43,1,0.23792381584644318
43,2,0.23578515648841858
43,3,0.24309775233268738
43,4,0.23732469975948334
43,5,0.24731428921222687
43,6,0.2413937747478485
43,7,0.24329409003257751
43,8,0.24966251850128174
43,9,0.23483601212501526
43,10,0.23600584268569946
43,11,0.2335028052330017
43,12,0.24441054463386536
43,13,0.25745630264282227
43,14,0.24631229043006897
43,15,0.23604252934455872
43,16,0.23355847597122192
43,17,0.23662036657333374
43,18,0.23951958119869232
43,19,0.23117199540138245
43,20,0.24187541007995605
43,21,0.23122292757034302
43,22,0.23522144556045532
43,23,0.23265859484672546
43,24,0.23657670617103577
43,25,0.23471437394618988
43,26,0.23481184244155884
43,27,0.23683930933475494
44,1,0.2464732676744461
44,2,0.23311850428581238
44,3,0.24330100417137146
44,4,0.23210212588310242
44,5,0.23663067817687988
44,6,0.24112668633460999
44,7,0.23212286829948425
44,8,0.23488181829452515
44,9,0.2415732443332672
44,10,0.2415928840637207
44,11,0.23900456726551056
44,12,0.23794573545455933
44,13,0.22714945673942566
44,14,0.23462441563606262
44,15,0.23434294760227203
44,16,0.24043694138526917
44,17,0.2425958812236786
44,18,0.2329225242137909
44,19,0.23069529235363007
44,20,0.23028068244457245
44,21,0.2293502688407898
44,22,0.2300645411014557
44,23,0.22734805941581726
44,24,0.22834722697734833
44,25,0.22889398038387299
44,26,0.22944512963294983
44,27,0.22962918877601624
45,1,0.22931566834449768
45,2,0.22864004969596863
45,3,0.22881653904914856
45,4,0.23105387389659882
45,5,0.23480121791362762
45,6,0.24263769388198853
45,7,0.2275407612323761
45,8,0.23240140080451965
45,9,0.2329809069633484
45,10,0.23833411931991577
45,11,0.2256723940372467
45,12,0.22492919862270355
45,13,0.22247621417045593
45,14,0.2287134975194931
45,15,0.2265642285346985
45,16,0.23685231804847717
45,17,0.22985108196735382
45,18,0.22863155603408813
45,19,0.2259524166584015
45,20,0.223438560962677
45,21,0.23065978288650513
45,22,0.22354573011398315
45,23,0.23415297269821167
45,24,0.22539369761943817
45,25,0.22551433742046356
45,26,0.22284060716629028
45,27,0.22690872848033905
46,1,0.2334006130695343
46,2,0.2199513018131256
46,3,0.22824527323246002
46,4,0.2252752184867859
46,5,0.22887761890888214
46,6,0.22458548843860626
46,7,0.22994258999824524
46,8,0.22315262258052826
46,9,0.2226572036743164
46,10,0.23431167006492615
46,11,0.22011952102184296
46,12,0.2294611632823944
46,13,0.2299671173095703
46,14,0.2296142578125
46,15,0.23726491630077362
46,16,0.22802108526229858
46,17,0.2248968482017517
46,18,0.23030199110507965
46,19,0.22186847031116486
46,20,0.22729943692684174
46,21,0.22226235270500183
46,22,0.22152097523212433
46,23,0.22504931688308716
46,24,0.2253173291683197
46,25,0.22497081756591797
46,26,0.22489240765571594
46,27,0.22235769033432007
47,1,0.21827958524227142
47,2,0.22521983087062836
47,3,0.2258785367012024
47,4,0.22681809961795807
47,5,0.21960076689720154
47,6,0.23217350244522095
47,7,0.2234383225440979
47,8,0.21952314674854279
47,9,0.22403612732887268
47,10,0.22263328731060028
47,11,0.2243397980928421
47,12,0.2247231900691986
47,13,0.2264350801706314
47,14,0.2197330892086029
47,15,0.2243308126926422
47,16,0.22193115949630737
47,17,0.2184026688337326
47,18,0.21677127480506897
47,19,0.24516212940216064
47,20,0.2166881114244461
47,21,0.22122827172279358
47,22,0.22035448253154755
47,23,0.21872419118881226
47,24,0.21917131543159485
47,25,0.2195906788110733
47,26,0.21970951557159424
47,27,0.22350144386291504
48,1,0.21902377903461456
48,2,0.21927884221076965
48,3,0.22110211849212646
48,4,0.22032341361045837
48,5,0.21842089295387268
48,6,0.2501741051673889
48,7,0.22619758546352386
48,8,0.2146863490343094
48,9,0.21843504905700684
48,10,0.21490591764450073
48,11,0.22493429481983185
48,12,0.2149573117494583
48,13,0.21851319074630737
48,14,0.2300969660282135
48,15,0.21735358238220215
48,16,0.220828115940094
48,17,0.21942868828773499
48,18,0.2235148400068283
48,19,0.2297954261302948
48,20,0.21889302134513855
48,21,0.216952383518219
48,22,0.21570637822151184
48,23,0.21240663528442383
48,24,0.22259441018104553
48,25,0.21704770624637604
48,26,0.21284346282482147
48,27,0.21600711345672607
49,1,0.2133411020040512
49,2,0.21993345022201538
49,3,0.21783611178398132
49,4,0.22164073586463928
49,5,0.2126750946044922
49,6,0.2138037383556366
49,7,0.22234484553337097
49,8,0.22023636102676392
49,9,0.20967543125152588
49,10,0.21585211157798767
49,11,0.22152596712112427
49,12,0.21838894486427307
49,13,0.21208491921424866
49,14,0.2153901904821396
49,15,0.21340247988700867
49,16,0.21547390520572662
49,17,0.21362543106079102
49,18,0.21307630836963654
49,19,0.2152828872203827
49,20,0.21310526132583618
49,21,0.21644246578216553
49,22,0.2192249596118927
49,23,0.21824544668197632
49,24,0.21593186259269714
49,25,0.21934038400650024
49,26,0.21450966596603394
49,27,0.2166852056980133
50,1,0.21455255150794983
50,2,0.21297141909599304
50,3,0.21015295386314392
50,4,0.2137526273727417
50,5,0.22529946267604828
50,6,0.2119256556034088
50,7,0.21861788630485535
50,8,0.2134130597114563
50,9,0.21032893657684326
50,10,0.21667587757110596
50,11,0.21473708748817444
50,12,0.2076588273048401
50,13,0.2078128159046173
50,14,0.21279694139957428
50,15,0.21095682680606842
50,16,0.21277737617492676
50,17,0.21648409962654114
50,18,0.20687313377857208
50,19,0.20547056198120117
50,20,0.2105175107717514
50,21,0.2207401692867279
50,22,0.22178664803504944
50,23,0.2092760056257248
50,24,0.2102174460887909
50,25,0.21115714311599731
50,26,0.21583634614944458
50,27,0.20825693011283875
