epoch,step,loss
1,1,1.5070714950561523
1,2,1.4588453769683838
1,3,1.407266616821289
1,4,1.354315996170044
1,5,1.3152832984924316
1,6,1.2733221054077148
1,7,1.2386231422424316
1,8,1.215638279914856
1,9,1.181723713874817
1,10,1.160722255706787
1,11,1.120265007019043
1,12,1.0908434391021729
1,13,1.0739009380340576
1,14,1.0713615417480469
1,15,1.0533292293548584
1,16,1.0528943538665771
2,1,1.0186095237731934
2,2,1.0021271705627441
2,3,0.9849891662597656
2,4,0.9821988344192505
2,5,0.9821977615356445
2,6,0.9598672986030579
2,7,0.9357715845108032
2,8,0.9382253885269165
2,9,0.9312476515769958
2,10,0.9108272790908813
2,11,0.9129276275634766
2,12,0.8992106914520264
2,13,0.8834826946258545
2,14,0.8757208585739136
2,15,0.8475399017333984
3,1,0.8464348316192627
3,2,0.845917820930481
3,3,0.8389471769332886
3,4,0.8286890983581543
3,5,0.8229517936706543
3,6,0.823811411857605
3,7,0.800039529800415
3,8,0.7907917499542236
3,9,0.7745788097381592
3,10,0.7812302112579346
3,11,0.7590723037719727
3,12,0.7624114155769348
3,13,0.7670549154281616
3,14,0.750342607498169
3,15,0.7353171706199646
4,1,0.7307818531990051
4,2,0.7354482412338257
4,3,0.7093852162361145
4,4,0.719580888748169
4,5,0.7002133131027222
4,6,0.6857165098190308
4,7,0.6850895285606384
4,8,0.6896774768829346
4,9,0.6808815598487854
4,10,0.6626448631286621
4,11,0.6746313571929932
4,12,0.6617951393127441
4,13,0.6453956961631775
4,14,0.659878134727478
4,15,0.6412461996078491
5,1,0.6358245611190796
5,2,0.6410550475120544
5,3,0.6272068619728088
5,4,0.6218711733818054
5,5,0.6263207197189331
5,6,0.5993868112564087
5,7,0.6065494418144226
5,8,0.6064838767051697
5,9,0.5897536277770996
5,10,0.5894168019294739
5,11,0.5857987999916077
5,12,0.578085720539093
5,13,0.5666098594665527
5,14,0.5659629106521606
5,15,0.5608872175216675
6,1,0.5527644157409668
6,2,0.5591257810592651
6,3,0.5422250032424927
6,4,0.5663468837738037
6,5,0.5544533133506775
6,6,0.5315549373626709
6,7,0.5421818494796753
6,8,0.5219502449035645
6,9,0.5175080895423889
6,10,0.5168384313583374
6,11,0.5164812207221985
6,12,0.5309017896652222
6,13,0.5191803574562073
6,14,0.513077437877655
6,15,0.5060612559318542
7,1,0.4959976077079773
7,2,0.4967854619026184
7,3,0.5075024366378784
7,4,0.48030799627304077
7,5,0.4862823188304901
7,6,0.4712027311325073
7,7,0.5071322917938232
7,8,0.45821869373321533
7,9,0.4595918655395508
7,10,0.45286864042282104
7,11,0.4835094213485718
7,12,0.45801204442977905
7,13,0.4584336578845978
7,14,0.4531887173652649
7,15,0.45759207010269165
8,1,0.4465038776397705
8,2,0.46547770500183105
8,3,0.4407406747341156
8,4,0.44662797451019287
8,5,0.42298591136932373
8,6,0.4540024995803833
8,7,0.42744702100753784
8,8,0.42694520950317383
8,9,0.44145283102989197
8,10,0.46614518761634827
8,11,0.42203229665756226
8,12,0.4140695631504059
8,13,0.4184783101081848
8,14,0.4153100252151489
8,15,0.4031941294670105
9,1,0.4271929860115051
9,2,0.42897215485572815
9,3,0.4007648229598999
9,4,0.39418458938598633
9,5,0.40489766001701355
9,6,0.4015481173992157
9,7,0.40178191661834717
9,8,0.3818742632865906
9,9,0.3830142915248871
9,10,0.3902166485786438
9,11,0.3835618197917938
9,12,0.3781992793083191
9,13,0.38124775886535645
9,14,0.38126999139785767
9,15,0.36746126413345337
10,1,0.389217346906662
10,2,0.3788378834724426
10,3,0.37072545289993286
10,4,0.3773415684700012
10,5,0.3676210045814514
10,6,0.3539184331893921
10,7,0.3541063964366913
10,8,0.3640792965888977
10,9,0.35926491022109985
10,10,0.3318941593170166
10,11,0.3531131446361542
10,12,0.35015934705734253
10,13,0.363644540309906
10,14,0.35119175910949707
10,15,0.3368815779685974
11,1,0.3576638698577881
11,2,0.3362300992012024
11,3,0.32302725315093994
11,4,0.3560834228992462
11,5,0.34728994965553284
11,6,0.33428099751472473
11,7,0.32195329666137695
11,8,0.34218889474868774
11,9,0.3282451331615448
11,10,0.3286117911338806
11,11,0.32409852743148804
11,12,0.324492871761322
11,13,0.32570597529411316
11,14,0.31138333678245544
11,15,0.34529009461402893
12,1,0.3107137680053711
12,2,0.29767853021621704
12,3,0.36973631381988525
12,4,0.3056977689266205
12,5,0.32470113039016724
12,6,0.30645042657852173
12,7,0.32750916481018066
12,8,0.3182627558708191
12,9,0.30203911662101746
12,10,0.30511564016342163
12,11,0.3135494589805603
12,12,0.29188844561576843
12,13,0.3062620460987091
12,14,0.3044601082801819
12,15,0.30530548095703125
13,1,0.2917804718017578
13,2,0.29280635714530945
13,3,0.3050485849380493
13,4,0.2887299060821533
13,5,0.27845439314842224
13,6,0.29277902841567993
13,7,0.281076043844223
13,8,0.31161361932754517
13,9,0.29174745082855225
13,10,0.2796555757522583
13,11,0.28972679376602173
13,12,0.28821802139282227
13,13,0.26613426208496094
13,14,0.29139965772628784
13,15,0.26911038160324097
14,1,0.28059738874435425
14,2,0.2703709006309509
14,3,0.2546038031578064
14,4,0.2656002342700958
14,5,0.2776374816894531
14,6,0.2982576787471771
14,7,0.2627412676811218
14,8,0.27747005224227905
14,9,0.2512514591217041
14,10,0.2581217885017395
14,11,0.25791627168655396
14,12,0.2795668840408325
14,13,0.26591604948043823
14,14,0.2382027953863144
14,15,0.2722354233264923
15,1,0.2724665403366089
15,2,0.2508791387081146
15,3,0.2697128355503082
15,4,0.2473422884941101
15,5,0.28171950578689575
15,6,0.2744862139225006
15,7,0.25648513436317444
15,8,0.26106661558151245
15,9,0.2739076018333435
15,10,0.23887722194194794
15,11,0.259240984916687
15,12,0.24558214843273163
15,13,0.2568521797657013
15,14,0.2663121819496155
15,15,0.2746826410293579
16,1,0.25665563344955444
16,2,0.25449663400650024
16,3,0.25509268045425415
16,4,0.24283191561698914
16,5,0.26597538590431213
16,6,0.2501956820487976
16,7,0.2590746581554413
16,8,0.2545322775840759
16,9,0.23359309136867523
16,10,0.2628837823867798
16,11,0.2446478307247162
16,12,0.2305702120065689
16,13,0.2318505048751831
16,14,0.22890561819076538
16,15,0.2279457449913025
17,1,0.2414853274822235
17,2,0.23300907015800476
17,3,0.23524209856987
17,4,0.26081013679504395
17,5,0.22388653457164764
17,6,0.2238975614309311
17,7,0.23446406424045563
17,8,0.21622593700885773
17,9,0.23874805867671967
17,10,0.25624293088912964
17,11,0.2231467217206955
17,12,0.27559223771095276
17,13,0.24784819781780243
17,14,0.21897228062152863
17,15,0.23805470764636993
18,1,0.24139326810836792
18,2,0.22104838490486145
18,3,0.2330997735261917
18,4,0.21176287531852722
18,5,0.2306806743144989
18,6,0.2461363971233368
18,7,0.23369267582893372
18,8,0.22697478532791138
18,9,0.20940378308296204
18,10,0.22608008980751038
18,11,0.213728666305542
18,12,0.22650960087776184
18,13,0.22906677424907684
18,14,0.2190645933151245
18,15,0.2110154926776886
19,1,0.2121751606464386
19,2,0.2130558043718338
19,3,0.22206123173236847
19,4,0.21606066823005676
19,5,0.22079350054264069
19,6,0.22550663352012634
19,7,0.2277674823999405
19,8,0.20423796772956848
19,9,0.19195975363254547
19,10,0.2193402349948883
19,11,0.21982955932617188
19,12,0.26308196783065796
19,13,0.20773489773273468
19,14,0.24373464286327362
19,15,0.21231335401535034
20,1,0.2223917543888092
20,2,0.20824137330055237
20,3,0.20593541860580444
20,4,0.20308388769626617
20,5,0.1983320116996765
20,6,0.22559218108654022
20,7,0.19676128029823303
20,8,0.21511989831924438
20,9,0.20891480147838593
20,10,0.20367933809757233
20,11,0.22168128192424774
20,12,0.2215484380722046
20,13,0.2057897299528122
20,14,0.20138826966285706
20,15,0.19660259783267975
21,1,0.2117673009634018
21,2,0.18557268381118774
21,3,0.19337871670722961
21,4,0.18763527274131775
21,5,0.19940073788166046
21,6,0.2039167881011963
21,7,0.19396133720874786
21,8,0.21617469191551208
21,9,0.20319727063179016
21,10,0.1981225162744522
21,11,0.19460143148899078
21,12,0.20091143250465393
21,13,0.20730364322662354
21,14,0.2120233029127121
21,15,0.19311022758483887
22,1,0.20094220340251923
22,2,0.20519208908081055
22,3,0.19141672551631927
22,4,0.20395024120807648
22,5,0.20633666217327118
22,6,0.1931455433368683
22,7,0.19787371158599854
22,8,0.1984114646911621
22,9,0.19513127207756042
22,10,0.19933666288852692
22,11,0.20133253931999207
22,12,0.21632644534111023
22,13,0.19735050201416016
22,14,0.18146869540214539
22,15,0.18598732352256775
23,1,0.2059004008769989
23,2,0.19087427854537964
23,3,0.2036842703819275
23,4,0.18940134346485138
23,5,0.19624610245227814
23,6,0.18445636332035065
23,7,0.17789384722709656
23,8,0.19567035138607025
23,9,0.18558089435100555
23,10,0.19608566164970398
23,11,0.1897163689136505
23,12,0.16557826101779938
23,13,0.17404115200042725
23,14,0.20249903202056885
23,15,0.18313658237457275
24,1,0.17799556255340576
24,2,0.19057518243789673
24,3,0.18207916617393494
24,4,0.17135122418403625
24,5,0.17615310847759247
24,6,0.16847801208496094
24,7,0.19169020652770996
24,8,0.18307024240493774
24,9,0.18537883460521698
24,10,0.1803138256072998
24,11,0.2013874500989914
24,12,0.18523117899894714
24,13,0.20008373260498047
24,14,0.16449114680290222
24,15,0.17169189453125
25,1,0.20813071727752686
25,2,0.17703792452812195
25,3,0.16637463867664337
25,4,0.17026843130588531
25,5,0.1748194396495819
25,6,0.16168585419654846
25,7,0.17167744040489197
25,8,0.18651700019836426
25,9,0.17016229033470154
25,10,0.17947499454021454
25,11,0.17795369029045105
25,12,0.1822603940963745
25,13,0.18458282947540283
25,14,0.20725016295909882
25,15,0.16998246312141418
26,1,0.17870713770389557
26,2,0.18646487593650818
26,3,0.1760377734899521
26,4,0.16762450337409973
26,5,0.16675181686878204
26,6,0.1956591159105301
26,7,0.16842736303806305
26,8,0.1748288869857788
26,9,0.18777361512184143
26,10,0.17449867725372314
26,11,0.16239801049232483
26,12,0.1613263487815857
26,13,0.1830560714006424
26,14,0.16723480820655823
26,15,0.1539705991744995
27,1,0.16166311502456665
27,2,0.18158191442489624
27,3,0.14583279192447662
27,4,0.15111251175403595
27,5,0.17734269797801971
27,6,0.17061248421669006
27,7,0.15938028693199158
27,8,0.1575283706188202
27,9,0.16741497814655304
27,10,0.1665177345275879
27,11,0.16608861088752747
27,12,0.16343078017234802
27,13,0.158674955368042
27,14,0.15002280473709106
27,15,0.17161546647548676
28,1,0.1646692454814911
28,2,0.17574936151504517
28,3,0.17035245895385742
28,4,0.16159434616565704
28,5,0.18138135969638824
28,6,0.15115883946418762
28,7,0.17295469343662262
28,8,0.17943313717842102
28,9,0.14627355337142944
28,10,0.17230994999408722
28,11,0.15859854221343994
28,12,0.15710842609405518
28,13,0.16451776027679443
28,14,0.16447412967681885
28,15,0.16540317237377167
29,1,0.16435803472995758
29,2,0.15447908639907837
29,3,0.1519814431667328
29,4,0.1546199917793274
29,5,0.17626619338989258
29,6,0.16424041986465454
29,7,0.15888138115406036
29,8,0.17123128473758698
29,9,0.15019623935222626
29,10,0.16116781532764435
29,11,0.14736992120742798
29,12,0.15482908487319946
29,13,0.1683395355939865
29,14,0.1429908275604248
29,15,0.16922670602798462
30,1,0.15093815326690674
30,2,0.16483008861541748
30,3,0.1466161608695984
30,4,0.15084245800971985
30,5,0.1527024507522583
30,6,0.1453082114458084
30,7,0.15937590599060059
30,8,0.15795689821243286
30,9,0.15598651766777039
30,10,0.1772238314151764
30,11,0.16063620150089264
30,12,0.15238110721111298
30,13,0.1585814356803894
30,14,0.14742335677146912
30,15,0.1434079110622406
31,1,0.15019167959690094
31,2,0.16157521307468414
31,3,0.1525188386440277
31,4,0.14036428928375244
31,5,0.13983815908432007
31,6,0.14568503201007843
31,7,0.14901304244995117
31,8,0.1429252028465271
31,9,0.16756416857242584
31,10,0.15542197227478027
31,11,0.14096468687057495
31,12,0.14160218834877014
31,13,0.16992029547691345
31,14,0.1645646095275879
31,15,0.1552494764328003
32,1,0.14738893508911133
32,2,0.13626769185066223
32,3,0.1578049510717392
32,4,0.1305592954158783
32,5,0.14266757667064667
32,6,0.15429720282554626
32,7,0.1483989655971527
32,8,0.1577310860157013
32,9,0.14737147092819214
32,10,0.14300087094306946
32,11,0.15395790338516235
32,12,0.14586922526359558
32,13,0.1493973731994629
32,14,0.16462108492851257
32,15,0.1394493579864502
33,1,0.1710076928138733
33,2,0.16303975880146027
33,3,0.16703298687934875
33,4,0.14297734200954437
33,5,0.1471332609653473
33,6,0.13935908675193787
33,7,0.16078060865402222
33,8,0.16050416231155396
33,9,0.14590592682361603
33,10,0.13949191570281982
33,11,0.13886235654354095
33,12,0.1557299643754959
33,13,0.14469414949417114
33,14,0.14091616868972778
33,15,0.140071839094162
34,1,0.13266108930110931
34,2,0.14015614986419678
34,3,0.14744378626346588
34,4,0.13735759258270264
34,5,0.12781032919883728
34,6,0.16713270545005798
34,7,0.14085745811462402
34,8,0.14404340088367462
34,9,0.14113034307956696
34,10,0.1498260796070099
34,11,0.14467835426330566
34,12,0.13501855731010437
34,13,0.15953950583934784
34,14,0.1487000584602356
34,15,0.14693906903266907
35,1,0.15663301944732666
35,2,0.1462286412715912
35,3,0.1297134906053543
35,4,0.1381521373987198
35,5,0.13831502199172974
35,6,0.15030217170715332
35,7,0.13815593719482422
35,8,0.13002312183380127
35,9,0.13635236024856567
35,10,0.143048495054245
35,11,0.14257150888442993
35,12,0.14705339074134827
35,13,0.14186187088489532
35,14,0.12602724134922028
35,15,0.13872162997722626
36,1,0.13947191834449768
36,2,0.13777151703834534
36,3,0.13223570585250854
36,4,0.15064507722854614
36,5,0.1405765414237976
36,6,0.14351101219654083
36,7,0.14876818656921387
36,8,0.1525563895702362
36,9,0.15436583757400513
36,10,0.1314816027879715
36,11,0.1399884968996048
36,12,0.13717728853225708
36,13,0.1340748369693756
36,14,0.14396455883979797
36,15,0.13663098216056824
37,1,0.14902299642562866
37,2,0.15095505118370056
37,3,0.144656240940094
37,4,0.14055991172790527
37,5,0.1345275193452835
37,6,0.1511497050523758
37,7,0.13131022453308105
37,8,0.1307588517665863
37,9,0.13649167120456696
37,10,0.13709713518619537
37,11,0.13456931710243225
37,12,0.13024872541427612
37,13,0.15358170866966248
37,14,0.12977519631385803
37,15,0.12983150780200958
38,1,0.13610614836215973
38,2,0.1260773241519928
38,3,0.12502998113632202
38,4,0.13522347807884216
38,5,0.17095625400543213
38,6,0.143491730093956
38,7,0.1341743916273117
38,8,0.1470595896244049
38,9,0.1392991840839386
38,10,0.143936425447464
38,11,0.12385071814060211
38,12,0.15473806858062744
38,13,0.14037975668907166
38,14,0.13861411809921265
38,15,0.1506851762533188
39,1,0.13486400246620178
39,2,0.13642749190330505
39,3,0.14725489914417267
39,4,0.13359065353870392
39,5,0.12922950088977814
39,6,0.14880633354187012
39,7,0.12100448459386826
39,8,0.1432335078716278
39,9,0.13436345756053925
39,10,0.1384212076663971
39,11,0.12800665199756622
39,12,0.13511508703231812
39,13,0.16651561856269836
39,14,0.1335674524307251
39,15,0.14179997146129608
40,1,0.1376674771308899
40,2,0.1353381723165512
40,3,0.1332520842552185
40,4,0.12598060071468353
40,5,0.12845073640346527
40,6,0.1445639431476593
40,7,0.13668851554393768
40,8,0.14875780045986176
40,9,0.15374600887298584
40,10,0.12922272086143494
40,11,0.13257822394371033
40,12,0.15780186653137207
40,13,0.13204891979694366
40,14,0.13226240873336792
40,15,0.14763061702251434
41,1,0.12954285740852356
41,2,0.12918582558631897
41,3,0.12296809256076813
41,4,0.14063626527786255
41,5,0.13626769185066223
41,6,0.12449328601360321
41,7,0.13658377528190613
41,8,0.132094144821167
41,9,0.15191523730754852
41,10,0.13573205471038818
41,11,0.14240851998329163
41,12,0.13042953610420227
41,13,0.14128121733665466
41,14,0.12866199016571045
41,15,0.12687352299690247
42,1,0.12926194071769714
42,2,0.13894769549369812
42,3,0.11659935116767883
42,4,0.1299145519733429
42,5,0.13016684353351593
42,6,0.12852276861667633
42,7,0.13087859749794006
42,8,0.1353510618209839
42,9,0.1422453075647354
42,10,0.13082411885261536
42,11,0.13264504075050354
42,12,0.1349247395992279
42,13,0.1266946941614151
42,14,0.12640658020973206
42,15,0.1345759928226471
43,1,0.12231428176164627
43,2,0.1414480060338974
43,3,0.14028221368789673
43,4,0.12449128180742264
43,5,0.14375783503055573
43,6,0.1273985356092453
43,7,0.12853731215000153
43,8,0.136315256357193
43,9,0.12887078523635864
43,10,0.13574287295341492
43,11,0.1547538936138153
43,12,0.1205294281244278
43,13,0.14298057556152344
43,14,0.1304353028535843
43,15,0.13798122107982635
44,1,0.13770484924316406
44,2,0.1178525909781456
44,3,0.11857989430427551
44,4,0.11838704347610474
44,5,0.13374438881874084
44,6,0.1206657737493515
44,7,0.12034842371940613
44,8,0.12723779678344727
44,9,0.1303594410419464
44,10,0.13306698203086853
44,11,0.12737388908863068
44,12,0.1353691667318344
44,13,0.120278000831604
44,14,0.13107873499393463
44,15,0.1392609179019928
45,1,0.11832864582538605
45,2,0.1292048692703247
45,3,0.1318468153476715
45,4,0.14176131784915924
45,5,0.14368599653244019
45,6,0.12247321754693985
45,7,0.11962839215993881
45,8,0.11336083710193634
45,9,0.11298459768295288
45,10,0.12531402707099915
45,11,0.1283208429813385
45,12,0.1271323561668396
45,13,0.12212209403514862
45,14,0.12585808336734772
45,15,0.12287282943725586
46,1,0.12942984700202942
46,2,0.1378086805343628
46,3,0.11457709223031998
46,4,0.12628373503684998
46,5,0.12671540677547455
46,6,0.13888439536094666
46,7,0.1293170154094696
46,8,0.13265953958034515
46,9,0.11876889318227768
46,10,0.1450982689857483
46,11,0.12661170959472656
46,12,0.11842866241931915
46,13,0.12490926682949066
46,14,0.12252883613109589
46,15,0.12336047738790512
47,1,0.1242678165435791
47,2,0.12532508373260498
47,3,0.11647394299507141
47,4,0.12161045521497726
47,5,0.11759704351425171
47,6,0.11863060295581818
47,7,0.13358139991760254
47,8,0.12683415412902832
47,9,0.11652722954750061
47,10,0.11998282372951508
47,11,0.1285295933485031
47,12,0.115968719124794
47,13,0.1119370087981224
47,14,0.11509465426206589
47,15,0.1276237666606903
48,1,0.11761452257633209
48,2,0.1319030225276947
48,3,0.1361178159713745
48,4,0.12123361229896545
48,5,0.13345462083816528
48,6,0.12900759279727936
48,7,0.1303248405456543
48,8,0.12453429400920868
48,9,0.11992344260215759
48,10,0.12098170816898346
48,11,0.11948895454406738
48,12,0.1195412427186966
48,13,0.12840360403060913
48,14,0.12556496262550354
48,15,0.12585127353668213
49,1,0.12975546717643738
49,2,0.11365090310573578
49,3,0.11466692388057709
49,4,0.11969170719385147
49,5,0.12106867879629135
49,6,0.14301225543022156
49,7,0.1215582937002182
49,8,0.12185771763324738
49,9,0.11850346624851227
49,10,0.12993106245994568
49,11,0.12866300344467163
49,12,0.12447132915258408
49,13,0.11841152608394623
49,14,0.11773599684238434
49,15,0.1255088895559311
50,1,0.1499035507440567
50,2,0.12023276835680008
50,3,0.11720781028270721
50,4,0.12072215974330902
50,5,0.1339229792356491
50,6,0.12104327976703644
50,7,0.11264341324567795
50,8,0.11412510275840759
50,9,0.11896096169948578
50,10,0.10435371100902557
50,11,0.1202041432261467
50,12,0.12938308715820312
50,13,0.1308029741048813
50,14,0.12743762135505676
50,15,0.11132560670375824
