epoch,step,loss
1,1,1.7263902425765991
1,2,1.6740620136260986
1,3,1.6283538341522217
1,4,1.5730507373809814
1,5,1.5446951389312744
1,6,1.5054341554641724
1,7,1.4816031455993652
1,8,1.4516191482543945
1,9,1.4283876419067383
1,10,1.4110264778137207
1,11,1.3826932907104492
1,12,1.3591434955596924
1,13,1.3402241468429565
1,14,1.3193187713623047
1,15,1.3020014762878418
1,16,1.2878583669662476
1,17,1.2781026363372803
1,18,1.2600419521331787
1,19,1.2493677139282227
1,20,1.2309664487838745
1,21,1.2209444046020508
1,22,1.207594633102417
1,23,1.1982262134552002
1,24,1.18801748752594
1,25,1.1752674579620361
1,26,1.1719677448272705
1,27,1.1589040756225586
1,28,1.1557425260543823
1,29,1.1413545608520508
1,30,1.131691336631775
1,31,1.1175792217254639
1,32,1.1117831468582153
1,33,1.0988132953643799
1,34,1.0952513217926025
1,35,1.0992010831832886
1,36,1.0766780376434326
1,37,1.0721471309661865
1,38,1.0612635612487793
1,39,1.0583984851837158
1,40,1.047720193862915
1,41,1.0374736785888672
1,42,1.0369174480438232
1,43,1.0371352434158325
1,44,1.014477014541626
1,45,1.000739574432373
1,46,0.9921643733978271
1,47,0.9833439588546753
1,48,0.9736384153366089
1,49,0.9644950032234192
1,50,0.9580179452896118
1,51,0.9587265253067017
1,52,0.9463225603103638
1,53,0.9259164333343506
1,54,0.9282772541046143
1,55,0.9241448044776917
1,56,0.9051819443702698
1,57,0.9040578603744507
1,58,0.8962007761001587
1,59,0.8897436261177063
1,60,0.867698073387146
1,61,0.8661127090454102
1,62,0.8502559065818787
1,63,0.847458004951477
1,64,0.8339564800262451
1,65,0.8281657695770264
1,66,0.8119404315948486
1,67,0.8118140697479248
1,68,0.8102365136146545
1,69,0.8008792400360107
1,70,0.7935864925384521
1,71,0.7855665683746338
1,72,0.7817387580871582
1,73,0.7618228197097778
1,74,0.7922494411468506
1,75,0.7495280504226685
1,76,0.7487789988517761
1,77,0.7428795695304871
2,1,0.7254195213317871
2,2,0.7242218852043152
2,3,0.7135555744171143
2,4,0.7038991451263428
2,5,0.7026416063308716
2,6,0.6879534721374512
2,7,0.6717342138290405
2,8,0.6851457357406616
2,9,0.6854085326194763
2,10,0.6586672067642212
2,11,0.6585903167724609
2,12,0.6452528238296509
2,13,0.6574169397354126
2,14,0.6297069787979126
2,15,0.6300719976425171
2,16,0.6287326812744141
2,17,0.6238359808921814
2,18,0.6363404989242554
2,19,0.6150225400924683
2,20,0.6112405061721802
2,21,0.58176589012146
2,22,0.592149019241333
2,23,0.5726085901260376
2,24,0.5856097936630249
2,25,0.5745602250099182
2,26,0.5645401477813721
2,27,0.559038519859314
2,28,0.5668423175811768
2,29,0.537897527217865
2,30,0.5291390419006348
2,31,0.5483373403549194
2,32,0.5413420796394348
2,33,0.5285342931747437
2,34,0.5119659304618835
2,35,0.520387589931488
2,36,0.5033824443817139
2,37,0.5017527341842651
2,38,0.48769715428352356
2,39,0.4928378462791443
2,40,0.48419347405433655
2,41,0.4984113276004791
2,42,0.47963520884513855
2,43,0.47624725103378296
2,44,0.48275548219680786
2,45,0.4790026545524597
2,46,0.46256667375564575
2,47,0.4640485644340515
2,48,0.45626020431518555
2,49,0.4658204913139343
2,50,0.4465770423412323
2,51,0.4499692916870117
2,52,0.45454758405685425
2,53,0.454231858253479
2,54,0.43157386779785156
2,55,0.4243478775024414
2,56,0.41446512937545776
2,57,0.4434029459953308
2,58,0.4278568923473358
2,59,0.4212164282798767
2,60,0.4094177484512329
2,61,0.42941778898239136
2,62,0.3980427384376526
2,63,0.41358160972595215
2,64,0.39478540420532227
2,65,0.39285218715667725
2,66,0.4003264904022217
2,67,0.38467395305633545
2,68,0.38679468631744385
2,69,0.38378429412841797
2,70,0.38544997572898865
2,71,0.3693115711212158
2,72,0.39214184880256653
2,73,0.39298465847969055
2,74,0.38249272108078003
2,75,0.3877759873867035
2,76,0.3574240803718567
3,1,0.37334108352661133
3,2,0.35646796226501465
3,3,0.33985692262649536
3,4,0.3416849672794342
3,5,0.3443636894226074
3,6,0.35371434688568115
3,7,0.3391715884208679
3,8,0.3462582230567932
3,9,0.339205801486969
3,10,0.3422967493534088
3,11,0.3270423114299774
3,12,0.3491942584514618
3,13,0.3282219171524048
3,14,0.3425450026988983
3,15,0.33269166946411133
3,16,0.31350648403167725
3,17,0.31378960609436035
3,18,0.31427106261253357
3,19,0.3211052119731903
3,20,0.30260729789733887
3,21,0.3170304298400879
3,22,0.3217838406562805
3,23,0.30192768573760986
3,24,0.30091392993927
3,25,0.3012846112251282
3,26,0.3041467070579529
3,27,0.2931719124317169
3,28,0.2904510200023651
3,29,0.29749608039855957
3,30,0.31866174936294556
3,31,0.2859654426574707
3,32,0.2903231978416443
3,33,0.30392542481422424
3,34,0.2922666072845459
3,35,0.29398682713508606
3,36,0.2854515612125397
3,37,0.2906993627548218
3,38,0.2910374402999878
3,39,0.26436686515808105
3,40,0.2747294306755066
3,41,0.27361637353897095
3,42,0.2892366051673889
3,43,0.2518746852874756
3,44,0.2595052719116211
3,45,0.29569539427757263
3,46,0.2593839168548584
3,47,0.2756654620170593
3,48,0.25843074917793274
3,49,0.2681700587272644
3,50,0.26734602451324463
3,51,0.25971877574920654
3,52,0.24739448726177216
3,53,0.2439848780632019
3,54,0.24440737068653107
3,55,0.24159279465675354
3,56,0.24139532446861267
3,57,0.24380528926849365
3,58,0.2489859163761139
3,59,0.23033404350280762
3,60,0.2420792430639267
3,61,0.24131542444229126
3,62,0.2239609956741333
3,63,0.23018208146095276
3,64,0.2301555573940277
3,65,0.2460310161113739
3,66,0.21897932887077332
3,67,0.23937273025512695
3,68,0.2368772029876709
3,69,0.22996065020561218
3,70,0.22290149331092834
3,71,0.2263939380645752
3,72,0.22578878700733185
3,73,0.2277509868144989
3,74,0.23816484212875366
3,75,0.20814615488052368
3,76,0.22406813502311707
4,1,0.23297345638275146
4,2,0.22509300708770752
4,3,0.2230444997549057
4,4,0.21509701013565063
4,5,0.21074733138084412
4,6,0.21314716339111328
4,7,0.21711277961730957
4,8,0.19454370439052582
4,9,0.21891547739505768
4,10,0.20401149988174438
4,11,0.20393112301826477
4,12,0.20387479662895203
4,13,0.21525247395038605
4,14,0.19171109795570374
4,15,0.18381792306900024
4,16,0.19449341297149658
4,17,0.21487176418304443
4,18,0.20169159770011902
4,19,0.20639100670814514
4,20,0.1997929960489273
4,21,0.2134610414505005
4,22,0.2420152723789215
4,23,0.21167564392089844
4,24,0.19132137298583984
4,25,0.19026131927967072
4,26,0.18118520081043243
4,27,0.20561562478542328
4,28,0.19139143824577332
4,29,0.19818615913391113
4,30,0.20448380708694458
4,31,0.18050715327262878
4,32,0.1994076520204544
4,33,0.18442165851593018
4,34,0.2029794454574585
4,35,0.1949823796749115
4,36,0.18455392122268677
4,37,0.17610186338424683
4,38,0.1694592386484146
4,39,0.18667370080947876
4,40,0.19000710546970367
4,41,0.19606085121631622
4,42,0.17762267589569092
4,43,0.19365613162517548
4,44,0.19315670430660248
4,45,0.1915360987186432
4,46,0.17348062992095947
4,47,0.18223565816879272
4,48,0.1926550567150116
4,49,0.18159548938274384
4,50,0.19512610137462616
4,51,0.1716260015964508
4,52,0.1738947331905365
4,53,0.16100651025772095
4,54,0.1863984763622284
4,55,0.1649424135684967
4,56,0.1707296371459961
4,57,0.17105324566364288
4,58,0.17406634986400604
4,59,0.18506315350532532
4,60,0.17089709639549255
4,61,0.1646077185869217
4,62,0.16887572407722473
4,63,0.19023016095161438
4,64,0.17287006974220276
4,65,0.17558349668979645
4,66,0.16677570343017578
4,67,0.16366693377494812
4,68,0.18312525749206543
4,69,0.16023516654968262
4,70,0.15084412693977356
4,71,0.16766437888145447
4,72,0.17255377769470215
4,73,0.1773225963115692
4,74,0.17085498571395874
4,75,0.15816792845726013
4,76,0.15898051857948303
5,1,0.1507457196712494
5,2,0.17347383499145508
5,3,0.16328325867652893
5,4,0.15310385823249817
5,5,0.15861612558364868
5,6,0.1576511263847351
5,7,0.15956979990005493
5,8,0.15601316094398499
5,9,0.17788979411125183
5,10,0.1526411771774292
5,11,0.15284055471420288
5,12,0.1501987874507904
5,13,0.15232646465301514
5,14,0.15371423959732056
5,15,0.1417984664440155
5,16,0.15191785991191864
5,17,0.15879175066947937
5,18,0.14026318490505219
5,19,0.16762667894363403
5,20,0.15815916657447815
5,21,0.16444726288318634
5,22,0.15261732041835785
5,23,0.14937353134155273
5,24,0.14720755815505981
5,25,0.15994492173194885
5,26,0.15446051955223083
5,27,0.20512689650058746
5,28,0.15667760372161865
5,29,0.1494886875152588
5,30,0.15943172574043274
5,31,0.18755461275577545
5,32,0.15634536743164062
5,33,0.15335094928741455
5,34,0.16766357421875
5,35,0.1530807763338089
5,36,0.16024662554264069
5,37,0.1478380262851715
5,38,0.13676148653030396
5,39,0.14888215065002441
5,40,0.1877969354391098
5,41,0.1446683406829834
5,42,0.1513121873140335
5,43,0.12781181931495667
5,44,0.13628023862838745
5,45,0.14624708890914917
5,46,0.15879139304161072
5,47,0.15027394890785217
5,48,0.14056354761123657
5,49,0.14503444731235504
5,50,0.14089778065681458
5,51,0.14473429322242737
5,52,0.1363794058561325
5,53,0.13856588304042816
5,54,0.145658940076828
5,55,0.13483953475952148
5,56,0.14012153446674347
5,57,0.13947010040283203
5,58,0.12815327942371368
5,59,0.13959342241287231
5,60,0.13385009765625
5,61,0.14515464007854462
5,62,0.13025754690170288
5,63,0.12542302906513214
5,64,0.1312156617641449
5,65,0.16098831593990326
5,66,0.1349862515926361
5,67,0.134464830160141
5,68,0.1223396360874176
5,69,0.14456911385059357
5,70,0.15286752581596375
5,71,0.14464832842350006
5,72,0.12998321652412415
5,73,0.13015514612197876
5,74,0.13758134841918945
5,75,0.13170208036899567
5,76,0.12758855521678925
6,1,0.12544244527816772
6,2,0.12676143646240234
6,3,0.1341327577829361
6,4,0.1297101378440857
6,5,0.13499954342842102
6,6,0.13922978937625885
6,7,0.11923237144947052
6,8,0.1438329815864563
6,9,0.12010349333286285
6,10,0.12807106971740723
6,11,0.12921099364757538
6,12,0.16366420686244965
6,13,0.1149057075381279
6,14,0.12422429025173187
6,15,0.1280236393213272
6,16,0.12180668860673904
6,17,0.1373024880886078
6,18,0.11869485676288605
6,19,0.13359424471855164
6,20,0.12084570527076721
6,21,0.12862330675125122
6,22,0.12811100482940674
6,23,0.12341739982366562
6,24,0.1148223802447319
6,25,0.12454567104578018
6,26,0.12749552726745605
6,27,0.11989215016365051
6,28,0.1354396939277649
6,29,0.12999945878982544
6,30,0.13340705633163452
6,31,0.12026314437389374
6,32,0.13484299182891846
6,33,0.13983239233493805
6,34,0.1256922483444214
6,35,0.1240185797214508
6,36,0.11101750284433365
6,37,0.12825486063957214
6,38,0.13009509444236755
6,39,0.12717795372009277
6,40,0.1182330995798111
6,41,0.11347512900829315
6,42,0.11081678420305252
6,43,0.13024720549583435
6,44,0.12417999655008316
6,45,0.14381350576877594
6,46,0.11525531858205795
6,47,0.13036707043647766
6,48,0.11418408155441284
6,49,0.11057920008897781
6,50,0.1294001340866089
6,51,0.14724060893058777
6,52,0.14379844069480896
6,53,0.13814666867256165
6,54,0.1330239474773407
6,55,0.125434011220932
6,56,0.13189253211021423
6,57,0.13238190114498138
6,58,0.12290962785482407
6,59,0.11951282620429993
6,60,0.1522284746170044
6,61,0.14774763584136963
6,62,0.12772849202156067
6,63,0.12602676451206207
6,64,0.12534180283546448
6,65,0.10914885997772217
6,66,0.11676235496997833
6,67,0.10767105966806412
6,68,0.1274053454399109
6,69,0.1185116320848465
6,70,0.11433708667755127
6,71,0.12472289800643921
6,72,0.11248496919870377
6,73,0.11337684094905853
6,74,0.12163785099983215
6,75,0.12399538606405258
6,76,0.11174783855676651
7,1,0.11362184584140778
7,2,0.10693333297967911
7,3,0.1225661188364029
7,4,0.1045195534825325
7,5,0.1251021772623062
7,6,0.11399159580469131
7,7,0.12390422821044922
7,8,0.1144128292798996
7,9,0.10931818187236786
7,10,0.1207018494606018
7,11,0.13255977630615234
7,12,0.12150800228118896
7,13,0.10800697654485703
7,14,0.1045951247215271
7,15,0.11240816116333008
7,16,0.1080809235572815
7,17,0.11358162760734558
7,18,0.10629245638847351
7,19,0.11431259661912918
7,20,0.11452098190784454
7,21,0.11569495499134064
7,22,0.10079799592494965
7,23,0.1189156025648117
7,24,0.11857125908136368
7,25,0.10579699277877808
7,26,0.108518585562706
7,27,0.11240166425704956
7,28,0.10844980925321579
7,29,0.11194617301225662
7,30,0.09964632242918015
7,31,0.10407096147537231
7,32,0.10732360929250717
7,33,0.11781048774719238
7,34,0.11680732667446136
7,35,0.11158321797847748
7,36,0.10391130298376083
7,37,0.10304965078830719
7,38,0.10681042075157166
7,39,0.1032991111278534
7,40,0.10894429683685303
7,41,0.10557578504085541
7,42,0.10204897820949554
7,43,0.10995709896087646
7,44,0.10006286203861237
7,45,0.09199437499046326
7,46,0.11732155084609985
7,47,0.1313038170337677
7,48,0.11999773979187012
7,49,0.10519970953464508
7,50,0.10588391125202179
7,51,0.09806869179010391
7,52,0.11718763411045074
7,53,0.11841246485710144
7,54,0.11384452879428864
7,55,0.10152657330036163
7,56,0.11236045509576797
7,57,0.09983493387699127
7,58,0.09788630902767181
7,59,0.08955979347229004
7,60,0.115561842918396
7,61,0.09155873209238052
7,62,0.11174888908863068
7,63,0.0988224595785141
7,64,0.09182761609554291
7,65,0.11076575517654419
7,66,0.09026636183261871
7,67,0.10293921083211899
7,68,0.10018105059862137
7,69,0.10602466762065887
7,70,0.10740523040294647
7,71,0.09039457142353058
7,72,0.09685123711824417
7,73,0.11312772333621979
7,74,0.10561273992061615
7,75,0.1079305112361908
7,76,0.09517036378383636
8,1,0.09251828491687775
8,2,0.09839031845331192
8,3,0.10523280501365662
8,4,0.09877322614192963
8,5,0.103960320353508
8,6,0.09799109399318695
8,7,0.09425660967826843
8,8,0.10044130682945251
8,9,0.10186268389225006
8,10,0.10143881291151047
8,11,0.09431488811969757
8,12,0.09551718831062317
8,13,0.08145104348659515
8,14,0.09672258794307709
8,15,0.08774079382419586
8,16,0.10764957219362259
8,17,0.09912650287151337
8,18,0.09240727126598358
8,19,0.09055517613887787
8,20,0.0895954892039299
8,21,0.09167012572288513
8,22,0.0976882129907608
8,23,0.08974504470825195
8,24,0.09070806950330734
8,25,0.08951198309659958
8,26,0.10711614787578583
8,27,0.09593765437602997
8,28,0.09465350210666656
8,29,0.12410517036914825
8,30,0.1049797385931015
8,31,0.0993802398443222
8,32,0.09387771785259247
8,33,0.09535161405801773
8,34,0.09300220757722855
8,35,0.09688302129507065
8,36,0.10055246949195862
8,37,0.1042877808213234
8,38,0.10780218243598938
8,39,0.09826663881540298
8,40,0.09987054765224457
8,41,0.10910511016845703
8,42,0.0941540002822876
8,43,0.11172661930322647
8,44,0.09306519478559494
8,45,0.0961126908659935
8,46,0.08795767277479172
8,47,0.09834717959165573
8,48,0.10775315761566162
8,49,0.09977234899997711
8,50,0.09026692062616348
8,51,0.09488141536712646
8,52,0.08931930363178253
8,53,0.09533712267875671
8,54,0.10300582647323608
8,55,0.0990460216999054
8,56,0.09815162420272827
8,57,0.08616946637630463
8,58,0.09004873037338257
8,59,0.08859553933143616
8,60,0.09412159025669098
8,61,0.11965735256671906
8,62,0.09522426128387451
8,63,0.10050610452890396
8,64,0.10074804723262787
8,65,0.09445663541555405
8,66,0.08234204351902008
8,67,0.11478661745786667
8,68,0.09194809943437576
8,69,0.0927111953496933
8,70,0.08308661729097366
8,71,0.10126765072345734
8,72,0.08568921685218811
8,73,0.0897684246301651
8,74,0.09503956139087677
8,75,0.09971515089273453
8,76,0.10106679052114487
9,1,0.09609867632389069
9,2,0.08546318113803864
9,3,0.08498142659664154
9,4,0.09814131259918213
9,5,0.0938400849699974
9,6,0.09869635105133057
9,7,0.07816419005393982
9,8,0.0870317593216896
9,9,0.08899879455566406
9,10,0.10135454684495926
9,11,0.08682352304458618
9,12,0.10186778008937836
9,13,0.09712833166122437
9,14,0.10147038102149963
9,15,0.08233468234539032
9,16,0.1016206368803978
9,17,0.10153517127037048
9,18,0.07954666763544083
9,19,0.09150180965662003
9,20,0.09046262502670288
9,21,0.08957041800022125
9,22,0.0760202556848526
9,23,0.09533488750457764
9,24,0.08497053384780884
9,25,0.07868116348981857
9,26,0.08947175741195679
9,27,0.10422450304031372
9,28,0.0982782319188118
9,29,0.0915817841887474
9,30,0.09752503037452698
9,31,0.08465579152107239
9,32,0.09457184374332428
9,33,0.08682519197463989
9,34,0.08081291615962982
9,35,0.09313367307186127
9,36,0.0876246765255928
9,37,0.08097469806671143
9,38,0.08068028092384338
9,39,0.1115100234746933
9,40,0.08203096687793732
9,41,0.08722449839115143
9,42,0.0812138020992279
9,43,0.08350323140621185
9,44,0.0858432948589325
9,45,0.07985693216323853
9,46,0.08199591189622879
9,47,0.08593820035457611
9,48,0.0954844281077385
9,49,0.08772151172161102
9,50,0.08392353355884552
9,51,0.08606529235839844
9,52,0.0881088376045227
9,53,0.0918327271938324
9,54,0.08960799872875214
9,55,0.0913393497467041
9,56,0.09775780141353607
9,57,0.08782494068145752
9,58,0.09182319045066833
9,59,0.0925518348813057
9,60,0.08375862240791321
9,61,0.0851055234670639
9,62,0.08183835446834564
9,63,0.10811790078878403
9,64,0.09103865921497345
9,65,0.08858473598957062
9,66,0.09094318747520447
9,67,0.08638457208871841
9,68,0.10502611100673676
9,69,0.08407589793205261
9,70,0.09297534823417664
9,71,0.09125782549381256
9,72,0.08289404213428497
9,73,0.0894995778799057
9,74,0.08563479036092758
9,75,0.09799331426620483
9,76,0.09185817092657089
10,1,0.07603324949741364
10,2,0.07989609241485596
10,3,0.1015370711684227
10,4,0.08689206093549728
10,5,0.13586965203285217
10,6,0.08015771210193634
10,7,0.10141497850418091
10,8,0.09277093410491943
10,9,0.11097347736358643
10,10,0.09175394475460052
10,11,0.09298494458198547
10,12,0.1008344516158104
10,13,0.09064581990242004
10,14,0.0903475359082222
10,15,0.09797042608261108
10,16,0.09295520186424255
10,17,0.09545356035232544
10,18,0.08506594598293304
10,19,0.08890066295862198
10,20,0.09171710908412933
10,21,0.08553249388933182
10,22,0.08605244755744934
10,23,0.09015992283821106
10,24,0.0800303965806961
10,25,0.0889507383108139
10,26,0.08918344974517822
10,27,0.09441863000392914
10,28,0.08078494668006897
10,29,0.08520923554897308
10,30,0.08132488280534744
10,31,0.09385497868061066
10,32,0.08183342218399048
10,33,0.09383426606655121
10,34,0.08476069569587708
10,35,0.07839677482843399
10,36,0.08101744949817657
10,37,0.08473588526248932
10,38,0.08241358399391174
10,39,0.08448554575443268
10,40,0.09544223546981812
10,41,0.09407880902290344
10,42,0.08492876589298248
10,43,0.0851384848356247
10,44,0.09780648350715637
10,45,0.0811503678560257
10,46,0.07338034361600876
10,47,0.10536358505487442
10,48,0.14904417097568512
10,49,0.08607055246829987
10,50,0.09361262619495392
10,51,0.0859757512807846
10,52,0.09660730510950089
10,53,0.07653957605361938
10,54,0.09856637567281723
10,55,0.0951622724533081
10,56,0.09311677515506744
10,57,0.08211015164852142
10,58,0.09250117093324661
10,59,0.088995061814785
10,60,0.08061279356479645
10,61,0.08266708254814148
10,62,0.07116120308637619
10,63,0.07914027571678162
10,64,0.08295412361621857
10,65,0.0922698974609375
10,66,0.08343619108200073
10,67,0.09192807972431183
10,68,0.07889600098133087
10,69,0.0708797425031662
10,70,0.07712995260953903
10,71,0.08816152811050415
10,72,0.0936095118522644
10,73,0.07726303488016129
10,74,0.09118493646383286
10,75,0.09039293974637985
10,76,0.09853839874267578
11,1,0.09746261686086655
11,2,0.07635655999183655
11,3,0.08467620611190796
11,4,0.07097048312425613
11,5,0.09881899505853653
11,6,0.08284547179937363
11,7,0.08302900195121765
11,8,0.07901547849178314
11,9,0.09908545017242432
11,10,0.07832495868206024
11,11,0.07964986562728882
11,12,0.0911092609167099
11,13,0.10069391131401062
11,14,0.08960136026144028
11,15,0.08791698515415192
11,16,0.09252671897411346
11,17,0.07728654146194458
11,18,0.09907011687755585
11,19,0.08509837836027145
11,20,0.07855948805809021
11,21,0.08169242739677429
11,22,0.09536953270435333
11,23,0.07674590498209
11,24,0.09515166282653809
11,25,0.08565034717321396
11,26,0.09522266685962677
11,27,0.08179819583892822
11,28,0.07906034588813782
11,29,0.075852170586586
11,30,0.08008186519145966
11,31,0.08596969395875931
11,32,0.07101280242204666
11,33,0.08165337145328522
11,34,0.07206949591636658
11,35,0.07535798847675323
11,36,0.08865223824977875
11,37,0.07355992496013641
11,38,0.08210255205631256
11,39,0.07045909762382507
11,40,0.07186661660671234
11,41,0.07529696822166443
11,42,0.07589083909988403
11,43,0.07759600877761841
11,44,0.08201491832733154
11,45,0.08287816494703293
11,46,0.08423939347267151
11,47,0.08228346705436707
11,48,0.07336336374282837
11,49,0.07699365168809891
11,50,0.07330559194087982
11,51,0.099239781498909
11,52,0.08714412152767181
11,53,0.08837443590164185
11,54,0.1019076257944107
11,55,0.10123614966869354
11,56,0.08109788596630096
11,57,0.08345705270767212
11,58,0.08072501420974731
11,59,0.0867764949798584
11,60,0.08509190380573273
11,61,0.07568877935409546
11,62,0.09055379033088684
11,63,0.08505607396364212
11,64,0.07400216162204742
11,65,0.07986325025558472
11,66,0.09486749023199081
11,67,0.08819995075464249
11,68,0.09182010591030121
11,69,0.07452414929866791
11,70,0.07152247428894043
11,71,0.08686480671167374
11,72,0.08399216830730438
11,73,0.08659345656633377
11,74,0.0751023143529892
11,75,0.08149627596139908
11,76,0.07730567455291748
12,1,0.0918063297867775
12,2,0.07145927101373672
12,3,0.07360494136810303
12,4,0.0906907171010971
12,5,0.06645099073648453
12,6,0.06552088260650635
12,7,0.08690435439348221
12,8,0.08707058429718018
12,9,0.07032406330108643
12,10,0.07852959632873535
12,11,0.07557155191898346
12,12,0.07580368220806122
12,13,0.08681924641132355
12,14,0.07472584396600723
12,15,0.07531803846359253
12,16,0.09248213469982147
12,17,0.06511439383029938
12,18,0.07976213097572327
12,19,0.08465251326560974
12,20,0.08805230259895325
12,21,0.07374441623687744
12,22,0.09496073424816132
12,23,0.08167992532253265
12,24,0.09806407988071442
12,25,0.0638754591345787
12,26,0.07022307813167572
12,27,0.07233034819364548
12,28,0.07464783638715744
12,29,0.07414142787456512
12,30,0.06922314316034317
12,31,0.09594454616308212
12,32,0.07454255223274231
12,33,0.08427893370389938
12,34,0.07432770729064941
12,35,0.0725703239440918
12,36,0.08384113013744354
12,37,0.08949921280145645
12,38,0.07377459108829498
12,39,0.07536034286022186
12,40,0.08029374480247498
12,41,0.08671305328607559
12,42,0.07970310747623444
12,43,0.07558360695838928
12,44,0.07707378268241882
12,45,0.08922895789146423
12,46,0.0767827033996582
12,47,0.0733729898929596
12,48,0.08202389627695084
12,49,0.07721029222011566
12,50,0.06895814836025238
12,51,0.09395692497491837
12,52,0.07422079145908356
12,53,0.07480894029140472
12,54,0.09183833748102188
12,55,0.08256851136684418
12,56,0.07305251061916351
12,57,0.09986191242933273
12,58,0.08955779671669006
12,59,0.07337918132543564
12,60,0.09298373758792877
12,61,0.0755021870136261
12,62,0.0791630744934082
12,63,0.07533229887485504
12,64,0.06564754247665405
12,65,0.07510747760534286
12,66,0.0866120234131813
12,67,0.08191241323947906
12,68,0.07971267402172089
12,69,0.07982535660266876
12,70,0.07530589401721954
12,71,0.07998260855674744
12,72,0.07237022370100021
12,73,0.07631412148475647
12,74,0.07153565436601639
12,75,0.06860029697418213
12,76,0.07168857753276825
13,1,0.07047660648822784
13,2,0.07830038666725159
13,3,0.08444057404994965
13,4,0.06771016865968704
13,5,0.07750380784273148
13,6,0.08827733248472214
13,7,0.06887111812829971
13,8,0.09403648972511292
13,9,0.07720139622688293
13,10,0.0682608038187027
13,11,0.08458967506885529
13,12,0.070722296833992
13,13,0.08194969594478607
13,14,0.0780465304851532
13,15,0.08262643218040466
13,16,0.09400928020477295
13,17,0.07505422830581665
13,18,0.07184083014726639
13,19,0.07805520296096802
13,20,0.09256298840045929
13,21,0.07882747054100037
13,22,0.06580355763435364
13,23,0.08168517053127289
13,24,0.0721111074090004
13,25,0.09397640824317932
13,26,0.08941815793514252
13,27,0.07227706909179688
13,28,0.07987871766090393
13,29,0.07900287210941315
13,30,0.08474671840667725
13,31,0.0674670934677124
13,32,0.07641424238681793
13,33,0.07305233180522919
13,34,0.07731492817401886
13,35,0.06691902875900269
13,36,0.0703423023223877
13,37,0.07463354617357254
13,38,0.07868906855583191
13,39,0.08194925636053085
13,40,0.06504490971565247
13,41,0.08258134871721268
13,42,0.07044493407011032
13,43,0.07558409124612808
13,44,0.08478938043117523
13,45,0.09003896266222
13,46,0.06364193558692932
13,47,0.0766323134303093
13,48,0.0724053680896759
13,49,0.06926142424345016
13,50,0.07837484776973724
13,51,0.06571206450462341
13,52,0.07552210986614227
13,53,0.07168880850076675
13,54,0.06296618282794952
13,55,0.0916721522808075
13,56,0.07962548732757568
13,57,0.07082515954971313
13,58,0.07475930452346802
13,59,0.0750102773308754
13,60,0.07643827795982361
13,61,0.07354497909545898
13,62,0.07273022085428238
13,63,0.08099174499511719
13,64,0.07555892318487167
13,65,0.06978277862071991
13,66,0.05878850817680359
13,67,0.0647350400686264
13,68,0.07626546174287796
13,69,0.06737714260816574
13,70,0.07914959639310837
13,71,0.0726751759648323
13,72,0.06980746239423752
13,73,0.08087199926376343
13,74,0.06719766557216644
13,75,0.0804344043135643
13,76,0.06100832670927048
14,1,0.0692397952079773
14,2,0.07902646064758301
14,3,0.06882396340370178
14,4,0.06776529550552368
14,5,0.07045943289995193
14,6,0.08941513299942017
14,7,0.0780918151140213
14,8,0.0812758356332779
14,9,0.0742226243019104
14,10,0.06610281020402908
14,11,0.061944495886564255
14,12,0.06121505796909332
14,13,0.0724530816078186
14,14,0.07766368985176086
14,15,0.067698173224926
14,16,0.0734388455748558
14,17,0.06514561176300049
14,18,0.0760217159986496
14,19,0.06729763746261597
14,20,0.07392532378435135
14,21,0.07214884459972382
14,22,0.08516184985637665
14,23,0.07851901650428772
14,24,0.06528554856777191
14,25,0.06656603515148163
14,26,0.06912019848823547
14,27,0.07721909880638123
14,28,0.05810017138719559
14,29,0.07649891078472137
14,30,0.06681600213050842
14,31,0.06800740212202072
14,32,0.06441522389650345
14,33,0.056948862969875336
14,34,0.073155477643013
14,35,0.07541684061288834
14,36,0.07183992862701416
14,37,0.0796772912144661
14,38,0.07360956072807312
14,39,0.06958284974098206
14,40,0.06568938493728638
14,41,0.08805026113986969
14,42,0.0780770480632782
14,43,0.07098469138145447
14,44,0.0658857524394989
14,45,0.07402671873569489
14,46,0.07568704336881638
14,47,0.0646461471915245
14,48,0.06843864172697067
14,49,0.07098817825317383
14,50,0.08202479034662247
14,51,0.06561608612537384
14,52,0.06696237623691559
14,53,0.072492316365242
14,54,0.077238529920578
14,55,0.07820852845907211
14,56,0.07249989360570908
14,57,0.06345900893211365
14,58,0.07116243243217468
14,59,0.07499486207962036
14,60,0.07291986793279648
14,61,0.07268426567316055
14,62,0.07142989337444305
14,63,0.06342244148254395
14,64,0.07440100610256195
14,65,0.06368474662303925
14,66,0.06765414774417877
14,67,0.06349443644285202
14,68,0.06848622858524323
14,69,0.06894449144601822
14,70,0.06883716583251953
14,71,0.059490106999874115
14,72,0.07971600443124771
14,73,0.07835811376571655
14,74,0.06944014132022858
14,75,0.0889856293797493
14,76,0.0690603256225586
15,1,0.06955714523792267
15,2,0.06364069133996964
15,3,0.07829804718494415
15,4,0.0745500773191452
15,5,0.07005466520786285
15,6,0.07260611653327942
15,7,0.07267637550830841
15,8,0.06682010740041733
15,9,0.07756458222866058
15,10,0.06893017888069153
15,11,0.06978488713502884
15,12,0.07456155121326447
15,13,0.07508257776498795
15,14,0.07078666985034943
15,15,0.0815206989645958
15,16,0.07263784110546112
15,17,0.07425743341445923
15,18,0.07859688997268677
15,19,0.07018901407718658
15,20,0.07555118948221207
15,21,0.08194422721862793
15,22,0.06477642804384232
15,23,0.06783920526504517
15,24,0.06413418054580688
15,25,0.06951607763767242
15,26,0.07045905292034149
15,27,0.0736832395195961
15,28,0.06964270770549774
15,29,0.0666419044137001
15,30,0.07202276587486267
15,31,0.08517305552959442
15,32,0.06884145736694336
15,33,0.07183393836021423
15,34,0.06410255283117294
15,35,0.07131356000900269
15,36,0.061102624982595444
15,37,0.06353303045034409
15,38,0.06856471300125122
15,39,0.06472788751125336
15,40,0.058430273085832596
15,41,0.05756579339504242
15,42,0.06555518507957458
15,43,0.07223623991012573
15,44,0.0704374611377716
15,45,0.06665478646755219
15,46,0.0651722401380539
15,47,0.07077798992395401
15,48,0.07087089121341705
15,49,0.06784146279096603
15,50,0.06178087368607521
15,51,0.06451378762722015
15,52,0.06801069527864456
15,53,0.06606726348400116
15,54,0.07233227789402008
15,55,0.07593576610088348
15,56,0.059166304767131805
15,57,0.06972800195217133
15,58,0.07770708948373795
15,59,0.06684770435094833
15,60,0.07036343216896057
15,61,0.06813032925128937
15,62,0.07535631954669952
15,63,0.07120279222726822
15,64,0.07162269204854965
15,65,0.0638032853603363
15,66,0.0668458491563797
15,67,0.06683146208524704
15,68,0.07023433595895767
15,69,0.06726787984371185
15,70,0.07366675138473511
15,71,0.064486064016819
15,72,0.07861284166574478
15,73,0.06558386981487274
15,74,0.0769345611333847
15,75,0.06850509345531464
15,76,0.06464654952287674
16,1,0.06953595578670502
16,2,0.06460969150066376
16,3,0.08150875568389893
16,4,0.07342837750911713
16,5,0.06765684485435486
16,6,0.06096411123871803
16,7,0.06405282765626907
16,8,0.07012470066547394
16,9,0.054922498762607574
16,10,0.06083463132381439
16,11,0.06215706467628479
16,12,0.06577619910240173
16,13,0.07027127593755722
16,14,0.06236490607261658
16,15,0.0667673647403717
16,16,0.07204975187778473
16,17,0.05958911031484604
16,18,0.062338411808013916
16,19,0.09318514168262482
16,20,0.07265414297580719
16,21,0.0719953402876854
16,22,0.06503519415855408
16,23,0.08225801587104797
16,24,0.0713949128985405
16,25,0.06464903056621552
16,26,0.06930765509605408
16,27,0.06912893801927567
16,28,0.059704847633838654
16,29,0.062494631856679916
16,30,0.06595814228057861
16,31,0.06416673958301544
16,32,0.08757278323173523
16,33,0.0696394294500351
16,34,0.08082236349582672
16,35,0.07252516597509384
16,36,0.06438817828893661
16,37,0.05903584137558937
16,38,0.06408177316188812
16,39,0.06836874037981033
16,40,0.07151100039482117
16,41,0.06593488156795502
16,42,0.07480111718177795
16,43,0.07234533131122589
16,44,0.05860130861401558
16,45,0.0700182095170021
16,46,0.06833882629871368
16,47,0.07322576642036438
16,48,0.06765428930521011
16,49,0.06460317224264145
16,50,0.07507219165563583
16,51,0.07266050577163696
16,52,0.08073586225509644
16,53,0.052015773952007294
16,54,0.08024484664201736
16,55,0.07179339230060577
16,56,0.059883128851652145
16,57,0.07930196821689606
16,58,0.10501889884471893
16,59,0.06333304941654205
16,60,0.06939265877008438
16,61,0.07630197703838348
16,62,0.09276950359344482
16,63,0.05951322615146637
16,64,0.06431779265403748
16,65,0.06921413540840149
16,66,0.060153357684612274
16,67,0.07558999955654144
16,68,0.07751362025737762
16,69,0.0631827637553215
16,70,0.07836924493312836
16,71,0.06701435148715973
16,72,0.059915170073509216
16,73,0.07089711725711823
16,74,0.08041569590568542
16,75,0.06777629256248474
16,76,0.06672900915145874
17,1,0.06636141985654831
17,2,0.062874935567379
17,3,0.07064075767993927
17,4,0.06354109197854996
17,5,0.06668172776699066
17,6,0.06452706456184387
17,7,0.06272123754024506
17,8,0.08351273834705353
17,9,0.07397855818271637
17,10,0.06775820255279541
17,11,0.07236417382955551
17,12,0.07184357941150665
17,13,0.07324469834566116
17,14,0.0959746465086937
17,15,0.07151323556900024
17,16,0.07851561158895493
17,17,0.06800738722085953
17,18,0.06863915920257568
17,19,0.057991236448287964
17,20,0.06379026174545288
17,21,0.0775284469127655
17,22,0.07390205562114716
17,23,0.07790988683700562
17,24,0.06147076189517975
17,25,0.06547951698303223
17,26,0.06284642219543457
17,27,0.07259950041770935
17,28,0.056917257606983185
17,29,0.07213237881660461
17,30,0.060797370970249176
17,31,0.06771907955408096
17,32,0.06615446507930756
17,33,0.06065554544329643
17,34,0.0675293356180191
17,35,0.06257953494787216
17,36,0.0621238611638546
17,37,0.06449370086193085
17,38,0.06590624898672104
17,39,0.07373833656311035
17,40,0.06403612345457077
17,41,0.07129532843828201
17,42,0.06546447426080704
17,43,0.06592731177806854
17,44,0.07572769373655319
17,45,0.08194078505039215
17,46,0.05886916071176529
17,47,0.059503331780433655
17,48,0.06779303401708603
17,49,0.07591868191957474
17,50,0.0712205246090889
17,51,0.07620115578174591
17,52,0.07151847332715988
17,53,0.06578792631626129
17,54,0.08796007931232452
17,55,0.05573141947388649
17,56,0.06904913485050201
17,57,0.05504404008388519
17,58,0.06955115497112274
17,59,0.0663619339466095
17,60,0.05695384740829468
17,61,0.05915430188179016
17,62,0.08867266029119492
17,63,0.0770793929696083
17,64,0.0636516660451889
17,65,0.07757547497749329
17,66,0.0636177659034729
17,67,0.08420061320066452
17,68,0.0718022882938385
17,69,0.07378320395946503
17,70,0.06074381619691849
17,71,0.05791186913847923
17,72,0.06779511272907257
17,73,0.059805333614349365
17,74,0.07148367166519165
17,75,0.0679614320397377
17,76,0.057613346725702286
18,1,0.06099017336964607
18,2,0.05873912572860718
18,3,0.07490213215351105
18,4,0.0579298697412014
18,5,0.06485842168331146
18,6,0.060556426644325256
18,7,0.06476378440856934
18,8,0.06180243939161301
18,9,0.0872412919998169
18,10,0.07218270748853683
18,11,0.06779937446117401
18,12,0.06205754354596138
18,13,0.07369363307952881
18,14,0.06994359195232391
18,15,0.061603233218193054
18,16,0.06177912652492523
18,17,0.05644809454679489
18,18,0.0696321576833725
18,19,0.05210886150598526
18,20,0.06660235673189163
18,21,0.06772565841674805
18,22,0.06976344436407089
18,23,0.06708329916000366
18,24,0.06742117553949356
18,25,0.07547851651906967
18,26,0.06042789667844772
18,27,0.06733613461256027
18,28,0.06990347802639008
18,29,0.0672430619597435
18,30,0.06939435750246048
18,31,0.0646887868642807
18,32,0.060846805572509766
18,33,0.06544239819049835
18,34,0.06125052273273468
18,35,0.06242230534553528
18,36,0.07388954609632492
18,37,0.06683079153299332
18,38,0.0633138045668602
18,39,0.06589420139789581
18,40,0.05989396199584007
18,41,0.06116512417793274
18,42,0.05995597690343857
18,43,0.057835206389427185
18,44,0.0714864432811737
18,45,0.0616336464881897
18,46,0.05829321965575218
18,47,0.07866187393665314
18,48,0.0690634548664093
18,49,0.055648598819971085
18,50,0.06821071356534958
18,51,0.0583251416683197
18,52,0.0656907707452774
18,53,0.07344107329845428
18,54,0.06637164205312729
18,55,0.07017452269792557
18,56,0.05795534327626228
18,57,0.051078006625175476
18,58,0.0699276328086853
18,59,0.07212768495082855
18,60,0.08914633095264435
18,61,0.07731502503156662
18,62,0.06881248950958252
18,63,0.06320399045944214
18,64,0.06745267659425735
18,65,0.05938243120908737
18,66,0.05977924168109894
18,67,0.05791797488927841
18,68,0.06471045315265656
18,69,0.08761367201805115
18,70,0.0650988444685936
18,71,0.07080414891242981
18,72,0.06356974691152573
18,73,0.06692835688591003
18,74,0.05556608363986015
18,75,0.06098002567887306
18,76,0.06098397076129913
19,1,0.06386884301900864
19,2,0.06140414997935295
19,3,0.057625964283943176
19,4,0.07113507390022278
19,5,0.06083092838525772
19,6,0.05168842151761055
19,7,0.05656389147043228
19,8,0.057749975472688675
19,9,0.057385459542274475
19,10,0.06660963594913483
19,11,0.0625215396285057
19,12,0.06124340370297432
19,13,0.0660153329372406
19,14,0.06176578253507614
19,15,0.05699637159705162
19,16,0.06076422333717346
19,17,0.06392498314380646
19,18,0.0553789958357811
19,19,0.06120971590280533
19,20,0.05966927111148834
19,21,0.07349514961242676
19,22,0.06451775878667831
19,23,0.07079315185546875
19,24,0.05840516462922096
19,25,0.07028292119503021
19,26,0.05850391089916229
19,27,0.0878957062959671
19,28,0.05413518846035004
19,29,0.08369380235671997
19,30,0.06535419821739197
19,31,0.06989337503910065
19,32,0.06874672323465347
19,33,0.06288202106952667
19,34,0.059791915118694305
19,35,0.06612274050712585
19,36,0.07779154926538467
19,37,0.059819649904966354
19,38,0.06825622916221619
19,39,0.0650012195110321
19,40,0.08422434329986572
19,41,0.08385135233402252
19,42,0.07417114078998566
19,43,0.06370250880718231
19,44,0.07759621739387512
19,45,0.05848304554820061
19,46,0.057541850954294205
19,47,0.06299462914466858
19,48,0.07185270637273788
19,49,0.06408549845218658
19,50,0.07607986778020859
19,51,0.05500296875834465
19,52,0.06760233640670776
19,53,0.06450267881155014
19,54,0.05765317752957344
19,55,0.05904567986726761
19,56,0.07683183252811432
19,57,0.07790325582027435
19,58,0.06475713849067688
19,59,0.07732662558555603
19,60,0.0815807357430458
19,61,0.07742542028427124
19,62,0.06686675548553467
19,63,0.07029736042022705
19,64,0.07214821875095367
19,65,0.07236119359731674
19,66,0.07527711242437363
19,67,0.06414620578289032
19,68,0.06619588285684586
19,69,0.06239856779575348
19,70,0.07626797258853912
19,71,0.06263761222362518
19,72,0.06494671106338501
19,73,0.06110633164644241
19,74,0.06759408861398697
19,75,0.06630441546440125
19,76,0.07407230138778687
20,1,0.06335097551345825
20,2,0.05456138774752617
20,3,0.05250086635351181
20,4,0.0645347386598587
20,5,0.05339730530977249
20,6,0.059738434851169586
20,7,0.06917306035757065
20,8,0.059848982840776443
20,9,0.07161915302276611
20,10,0.06729627400636673
20,11,0.06518081575632095
20,12,0.076815165579319
20,13,0.06647828966379166
20,14,0.05910595506429672
20,15,0.05953407287597656
20,16,0.060054197907447815
20,17,0.06990920752286911
20,18,0.07009783387184143
20,19,0.06615203619003296
20,20,0.07183562964200974
20,21,0.06400573253631592
20,22,0.0544993057847023
20,23,0.06214725971221924
20,24,0.06338737159967422
20,25,0.07271712273359299
20,26,0.06327682733535767
20,27,0.06316612660884857
20,28,0.06675145030021667
20,29,0.06182025745511055
20,30,0.06903040409088135
20,31,0.06389431655406952
20,32,0.07202908396720886
20,33,0.07270754873752594
20,34,0.05259311571717262
20,35,0.05653410032391548
20,36,0.051354505121707916
20,37,0.05638204514980316
20,38,0.07487581670284271
20,39,0.05351283401250839
20,40,0.05022527649998665
20,41,0.06889304518699646
20,42,0.06621444225311279
20,43,0.057959817349910736
20,44,0.052631497383117676
20,45,0.05506254732608795
20,46,0.07609550654888153
20,47,0.06127697601914406
20,48,0.06353607773780823
20,49,0.07213513553142548
20,50,0.06525793671607971
20,51,0.058110546320676804
20,52,0.06216874718666077
20,53,0.05538208782672882
20,54,0.05519907921552658
20,55,0.06401635706424713
20,56,0.053712397813797
20,57,0.06927379220724106
20,58,0.05760125815868378
20,59,0.06648054718971252
20,60,0.059292152523994446
20,61,0.06804735213518143
20,62,0.0702933520078659
20,63,0.0717068761587143
20,64,0.07142286002635956
20,65,0.06281692534685135
20,66,0.05841493234038353
20,67,0.06223977357149124
20,68,0.06204948574304581
20,69,0.0564751923084259
20,70,0.057861328125
20,71,0.052008256316185
20,72,0.07309441268444061
20,73,0.05450163781642914
20,74,0.06686181575059891
20,75,0.06448640674352646
20,76,0.05827046185731888
21,1,0.05728895217180252
21,2,0.055887818336486816
21,3,0.06437388807535172
21,4,0.05589159578084946
21,5,0.062070704996585846
21,6,0.06120786815881729
21,7,0.05617576465010643
21,8,0.06358969211578369
21,9,0.0625229999423027
21,10,0.059892237186431885
21,11,0.061005331575870514
21,12,0.06350017338991165
21,13,0.06883327662944794
21,14,0.05907686799764633
21,15,0.06822843849658966
21,16,0.06406742334365845
21,17,0.05832932889461517
21,18,0.05503366142511368
21,19,0.06439100205898285
21,20,0.054322876036167145
21,21,0.06742594391107559
21,22,0.07333604991436005
21,23,0.06708960235118866
21,24,0.06278567016124725
21,25,0.05863363668322563
21,26,0.053023286163806915
21,27,0.06226971745491028
21,28,0.056791797280311584
21,29,0.05914662778377533
21,30,0.07228317856788635
21,31,0.052265867590904236
21,32,0.06751463562250137
21,33,0.05750514939427376
21,34,0.07246608287096024
21,35,0.062405116856098175
21,36,0.047236718237400055
21,37,0.061279892921447754
21,38,0.07203306257724762
21,39,0.0576113797724247
21,40,0.06894713640213013
21,41,0.0705888494849205
21,42,0.0590580515563488
21,43,0.05972907319664955
21,44,0.05382486432790756
21,45,0.06632236391305923
21,46,0.055192045867443085
21,47,0.058510616421699524
21,48,0.06426194310188293
21,49,0.0639270767569542
21,50,0.06720834225416183
21,51,0.059619609266519547
21,52,0.07219439744949341
21,53,0.06310345232486725
21,54,0.07155632972717285
21,55,0.06296183168888092
21,56,0.07025933265686035
21,57,0.05443621426820755
21,58,0.06857118755578995
21,59,0.06784819811582565
21,60,0.06036245822906494
21,61,0.07241851091384888
21,62,0.06518985331058502
21,63,0.06837369501590729
21,64,0.0669674351811409
21,65,0.057209312915802
21,66,0.06452084332704544
21,67,0.06386426091194153
21,68,0.054136067628860474
21,69,0.06055595725774765
21,70,0.055267274379730225
21,71,0.06367182731628418
21,72,0.052035026252269745
21,73,0.06687784194946289
21,74,0.06493478268384933
21,75,0.05745451897382736
21,76,0.07030995190143585
22,1,0.05751489847898483
22,2,0.06504599750041962
22,3,0.060796961188316345
22,4,0.07095370441675186
22,5,0.057986196130514145
22,6,0.05639701709151268
22,7,0.06235985830426216
22,8,0.06356830894947052
22,9,0.04967154562473297
22,10,0.06700965017080307
22,11,0.07446995377540588
22,12,0.06175605207681656
22,13,0.0844133198261261
22,14,0.052571192383766174
22,15,0.05775906518101692
22,16,0.07608741521835327
22,17,0.06276381015777588
22,18,0.04913351684808731
22,19,0.04907345026731491
22,20,0.06849265098571777
22,21,0.07020410895347595
22,22,0.06596097350120544
22,23,0.08297820389270782
22,24,0.06421024352312088
22,25,0.06644359230995178
22,26,0.053979720920324326
22,27,0.061421118676662445
22,28,0.06426937878131866
22,29,0.06985966861248016
22,30,0.07899585366249084
22,31,0.06967240571975708
22,32,0.065691739320755
22,33,0.07201970368623734
22,34,0.06520050764083862
22,35,0.058989278972148895
22,36,0.0632612481713295
22,37,0.06623072922229767
22,38,0.05787893384695053
22,39,0.06529898196458817
22,40,0.05462329089641571
22,41,0.07022517919540405
22,42,0.06176051124930382
22,43,0.059141308069229126
22,44,0.05976446717977524
22,45,0.05317460745573044
22,46,0.05381566286087036
22,47,0.05638028681278229
22,48,0.05871659517288208
22,49,0.05481082573533058
22,50,0.05445330590009689
22,51,0.06351578235626221
22,52,0.07271622121334076
22,53,0.06694004684686661
22,54,0.05966160446405411
22,55,0.0489480197429657
22,56,0.05738423019647598
22,57,0.0511183887720108
22,58,0.047517843544483185
22,59,0.05827609449625015
22,60,0.07112692296504974
22,61,0.05260320007801056
22,62,0.06044110655784607
22,63,0.04999178647994995
22,64,0.05553863197565079
22,65,0.05906329303979874
22,66,0.06058995798230171
22,67,0.061675362288951874
22,68,0.055324047803878784
22,69,0.06294897198677063
22,70,0.04897395148873329
22,71,0.053122684359550476
22,72,0.04823998734354973
22,73,0.05328059196472168
22,74,0.06688263267278671
22,75,0.06977494060993195
22,76,0.06494902074337006
23,1,0.05765724182128906
23,2,0.050363197922706604
23,3,0.059652578085660934
23,4,0.04911976307630539
23,5,0.07243180274963379
23,6,0.04905426874756813
23,7,0.06062019616365433
23,8,0.06710737943649292
23,9,0.05401834473013878
23,10,0.06090587377548218
23,11,0.0530475415289402
23,12,0.06928093731403351
23,13,0.06092321127653122
23,14,0.07033003866672516
23,15,0.05850553140044212
23,16,0.053534992039203644
23,17,0.05658324807882309
23,18,0.06464802473783493
23,19,0.06431591510772705
23,20,0.053062554448843
23,21,0.0644596591591835
23,22,0.05822388827800751
23,23,0.07121430337429047
23,24,0.061581194400787354
23,25,0.05393701419234276
23,26,0.05654735118150711
23,27,0.051660384982824326
23,28,0.0590667761862278
23,29,0.07023552060127258
23,30,0.06360189616680145
23,31,0.049721695482730865
23,32,0.06471405923366547
23,33,0.058684803545475006
23,34,0.0572836808860302
23,35,0.055203117430210114
23,36,0.062043607234954834
23,37,0.05215582251548767
23,38,0.05710457265377045
23,39,0.05471768230199814
23,40,0.06223919242620468
23,41,0.0540965273976326
23,42,0.05261880159378052
23,43,0.056000545620918274
23,44,0.051625121384859085
23,45,0.07583288848400116
23,46,0.052729442715644836
23,47,0.054184362292289734
23,48,0.05487331748008728
23,49,0.06454990804195404
23,50,0.06865894794464111
23,51,0.05596277117729187
23,52,0.06510169804096222
23,53,0.05072943866252899
23,54,0.06502766907215118
23,55,0.05511324107646942
23,56,0.06307867169380188
23,57,0.05223991721868515
23,58,0.05613440275192261
23,59,0.0521145761013031
23,60,0.052101440727710724
23,61,0.0511019304394722
23,62,0.05398549139499664
23,63,0.05516519397497177
23,64,0.06578902155160904
23,65,0.05414343625307083
23,66,0.06004227325320244
23,67,0.06362103670835495
23,68,0.054154835641384125
23,69,0.05536644533276558
23,70,0.046429432928562164
23,71,0.0728880912065506
23,72,0.05201966315507889
23,73,0.05103261023759842
23,74,0.060798488557338715
23,75,0.06073235720396042
23,76,0.054893650114536285
24,1,0.06008351594209671
24,2,0.0724119246006012
24,3,0.06314267963171005
24,4,0.06419222056865692
24,5,0.05798882991075516
24,6,0.07014834135770798
24,7,0.06385048478841782
24,8,0.06209414452314377
24,9,0.05249100178480148
24,10,0.0740908831357956
24,11,0.05600890517234802
24,12,0.061854079365730286
24,13,0.06594216823577881
24,14,0.05235852301120758
24,15,0.05295122414827347
24,16,0.054269254207611084
24,17,0.051095616072416306
24,18,0.05054483562707901
24,19,0.06161501258611679
24,20,0.05278114229440689
24,21,0.05895489454269409
24,22,0.06082848459482193
24,23,0.05633888021111488
24,24,0.06125529855489731
24,25,0.06230805814266205
24,26,0.05498448386788368
24,27,0.05038760229945183
24,28,0.055960968136787415
24,29,0.06389018893241882
24,30,0.05640645697712898
24,31,0.05291667580604553
24,32,0.08432148396968842
24,33,0.056853171437978745
24,34,0.05918160825967789
24,35,0.06751425564289093
24,36,0.050670817494392395
24,37,0.05069457367062569
24,38,0.08528207987546921
24,39,0.053785450756549835
24,40,0.04884481430053711
24,41,0.054070040583610535
24,42,0.057010404765605927
24,43,0.06058516353368759
24,44,0.05911802500486374
24,45,0.05346719175577164
24,46,0.06618237495422363
24,47,0.06308610737323761
24,48,0.05220905691385269
24,49,0.06220928579568863
24,50,0.08440833538770676
24,51,0.05009898543357849
24,52,0.06022080406546593
24,53,0.0599692277610302
24,54,0.06865694373846054
24,55,0.059946514666080475
24,56,0.0662444680929184
24,57,0.06121575087308884
24,58,0.07247473299503326
24,59,0.05178653076291084
24,60,0.05994071066379547
24,61,0.05457741767168045
24,62,0.057696934789419174
24,63,0.06491376459598541
24,64,0.05517548322677612
24,65,0.0546891912817955
24,66,0.051497459411621094
24,67,0.0562596321105957
24,68,0.08067141473293304
24,69,0.049516160041093826
24,70,0.05388130992650986
24,71,0.061319850385189056
24,72,0.07137823104858398
24,73,0.06739377230405807
24,74,0.06926120817661285
24,75,0.060985952615737915
24,76,0.06391888856887817
25,1,0.051939286291599274
25,2,0.055699560791254044
25,3,0.08026270568370819
25,4,0.06616996228694916
25,5,0.05515630543231964
25,6,0.060782238841056824
25,7,0.05369193106889725
25,8,0.05584001541137695
25,9,0.06820718944072723
25,10,0.06094292551279068
25,11,0.05062166228890419
25,12,0.05547422543168068
25,13,0.06854385137557983
25,14,0.06180233508348465
25,15,0.0649263858795166
25,16,0.05624351650476456
25,17,0.05361635982990265
25,18,0.05943264812231064
25,19,0.054671600461006165
25,20,0.04990732669830322
25,21,0.058157797902822495
25,22,0.04882687330245972
25,23,0.057113923132419586
25,24,0.05401087552309036
25,25,0.057148054242134094
25,26,0.0724063590168953
25,27,0.05829673260450363
25,28,0.05152656510472298
25,29,0.05871296674013138
25,30,0.055944137275218964
25,31,0.04752387851476669
25,32,0.05263681709766388
25,33,0.04842884838581085
25,34,0.05508539453148842
25,35,0.04813232272863388
25,36,0.07199551165103912
25,37,0.06939506530761719
25,38,0.057130828499794006
25,39,0.057442136108875275
25,40,0.052817441523075104
25,41,0.05388542264699936
25,42,0.05531623214483261
25,43,0.06679286062717438
25,44,0.057467855513095856
25,45,0.048615168780088425
25,46,0.05911831557750702
25,47,0.05518713593482971
25,48,0.06352971494197845
25,49,0.06091490015387535
25,50,0.05218510329723358
25,51,0.05298774689435959
25,52,0.058933697640895844
25,53,0.056513961404561996
25,54,0.04720934480428696
25,55,0.05913589894771576
25,56,0.053358905017375946
25,57,0.05556122213602066
25,58,0.05458768457174301
25,59,0.05744985118508339
25,60,0.04595647007226944
25,61,0.04879520460963249
25,62,0.04541339725255966
25,63,0.05006919801235199
25,64,0.0574815571308136
25,65,0.06029166281223297
25,66,0.05577667057514191
25,67,0.05838707461953163
25,68,0.04940471053123474
25,69,0.06056097894906998
25,70,0.059940680861473083
25,71,0.054010435938835144
25,72,0.05435362085700035
25,73,0.056173644959926605
25,74,0.06170244887471199
25,75,0.04962479695677757
25,76,0.04972062632441521
26,1,0.05844782292842865
26,2,0.05088677629828453
26,3,0.06318128108978271
26,4,0.07258173823356628
26,5,0.05313859134912491
26,6,0.05854158475995064
26,7,0.04852671921253204
26,8,0.05224253237247467
26,9,0.0559668242931366
26,10,0.0605250783264637
26,11,0.05074121803045273
26,12,0.04906286671757698
26,13,0.050619639456272125
26,14,0.05488421767950058
26,15,0.06362976878881454
26,16,0.04557018727064133
26,17,0.06360255181789398
26,18,0.06596645712852478
26,19,0.05850076675415039
26,20,0.05607104301452637
26,21,0.05833378806710243
26,22,0.054175715893507004
26,23,0.05015619099140167
26,24,0.060967765748500824
26,25,0.05629377067089081
26,26,0.05213087797164917
26,27,0.04510261118412018
26,28,0.054537832736968994
26,29,0.05851922929286957
26,30,0.0537705160677433
26,31,0.050824299454689026
26,32,0.06698483228683472
26,33,0.053224898874759674
26,34,0.05341937020421028
26,35,0.04471340775489807
26,36,0.05392009764909744
26,37,0.06245024502277374
26,38,0.05357467383146286
26,39,0.0495314747095108
26,40,0.05952128395438194
26,41,0.05219029635190964
26,42,0.05723545700311661
26,43,0.05715644732117653
26,44,0.05446881055831909
26,45,0.05141473934054375
26,46,0.06255213916301727
26,47,0.06124990060925484
26,48,0.06435991823673248
26,49,0.0432925745844841
26,50,0.04987265542149544
26,51,0.05317439138889313
26,52,0.05218673497438431
26,53,0.06022350862622261
26,54,0.061196133494377136
26,55,0.059707432985305786
26,56,0.06816072762012482
26,57,0.05401153862476349
26,58,0.06280457973480225
26,59,0.05260370671749115
26,60,0.05334020406007767
26,61,0.052667517215013504
26,62,0.06104249134659767
26,63,0.06635606288909912
26,64,0.04850727692246437
26,65,0.057745981961488724
26,66,0.05619169771671295
26,67,0.059023186564445496
26,68,0.04723002761602402
26,69,0.05790143087506294
26,70,0.053507763892412186
26,71,0.048674724996089935
26,72,0.046983737498521805
26,73,0.05205786973237991
26,74,0.0650000348687172
26,75,0.04835667833685875
26,76,0.05199846252799034
27,1,0.056264061480760574
27,2,0.052773624658584595
27,3,0.057478077709674835
27,4,0.06291498988866806
27,5,0.05363621935248375
27,6,0.05591283738613129
27,7,0.05883818119764328
27,8,0.05813645198941231
27,9,0.056252606213092804
27,10,0.050747744739055634
27,11,0.06438995897769928
27,12,0.05755752697587013
27,13,0.04947132617235184
27,14,0.05053042992949486
27,15,0.05327048897743225
27,16,0.05230511352419853
27,17,0.057412970811128616
27,18,0.0528106614947319
27,19,0.04519747197628021
27,20,0.04966361075639725
27,21,0.0505315437912941
27,22,0.061752744019031525
27,23,0.08672024309635162
27,24,0.06680113077163696
27,25,0.05711206793785095
27,26,0.0628509372472763
27,27,0.03946468234062195
27,28,0.053457193076610565
27,29,0.05013376474380493
27,30,0.05470077693462372
27,31,0.0542694628238678
27,32,0.05102939531207085
27,33,0.05319520831108093
27,34,0.06186089664697647
27,35,0.0566585548222065
27,36,0.04617012292146683
27,37,0.053613077849149704
27,38,0.05491621792316437
27,39,0.061435628682374954
27,40,0.05060926824808121
27,41,0.054087795317173004
27,42,0.05028178542852402
27,43,0.05595957860350609
27,44,0.05699972063302994
27,45,0.05159226804971695
27,46,0.05148085206747055
27,47,0.04829329252243042
27,48,0.04750250279903412
27,49,0.0496329590678215
27,50,0.054440345615148544
27,51,0.05491097271442413
27,52,0.05189184844493866
27,53,0.04840531945228577
27,54,0.0480775348842144
27,55,0.05393233895301819
27,56,0.06575392186641693
27,57,0.05350005626678467
27,58,0.05664810165762901
27,59,0.04996374994516373
27,60,0.06643352657556534
27,61,0.04766577109694481
27,62,0.05501393973827362
27,63,0.05386951565742493
27,64,0.05255259573459625
27,65,0.04909587651491165
27,66,0.05425206571817398
27,67,0.05627833306789398
27,68,0.05550117418169975
27,69,0.04815324768424034
27,70,0.058005236089229584
27,71,0.047444891184568405
27,72,0.04792002588510513
27,73,0.051096074283123016
27,74,0.04896683245897293
27,75,0.05114680901169777
27,76,0.05391639471054077
28,1,0.05965542793273926
28,2,0.06005243957042694
28,3,0.04983949661254883
28,4,0.05571203678846359
28,5,0.05287034064531326
28,6,0.05448343977332115
28,7,0.04699631407856941
28,8,0.0457000657916069
28,9,0.0718851312994957
28,10,0.05690979212522507
28,11,0.051490217447280884
28,12,0.06421712785959244
28,13,0.047822266817092896
28,14,0.0496891587972641
28,15,0.05269239842891693
28,16,0.045448821038007736
28,17,0.054087020456790924
28,18,0.05026755481958389
28,19,0.061083488166332245
28,20,0.05684749782085419
28,21,0.047998376190662384
28,22,0.07254272699356079
28,23,0.04760395735502243
28,24,0.05830404534935951
28,25,0.054290205240249634
28,26,0.05353913828730583
28,27,0.05362960323691368
28,28,0.06784568727016449
28,29,0.056922487914562225
28,30,0.05466151237487793
28,31,0.05649919807910919
28,32,0.04915410280227661
28,33,0.04942476004362106
28,34,0.05352675914764404
28,35,0.05099976807832718
28,36,0.061930783092975616
28,37,0.05541500821709633
28,38,0.06749524176120758
28,39,0.050813525915145874
28,40,0.050756946206092834
28,41,0.0473688542842865
28,42,0.05705198273062706
28,43,0.05919375270605087
28,44,0.04999037832021713
28,45,0.04636414349079132
28,46,0.048944756388664246
28,47,0.04673489183187485
28,48,0.04914889484643936
28,49,0.053200386464595795
28,50,0.04795082286000252
28,51,0.05239962041378021
28,52,0.05465029180049896
28,53,0.056855861097574234
28,54,0.047484807670116425
28,55,0.05533529818058014
28,56,0.058624379336833954
28,57,0.05684316158294678
28,58,0.05060706287622452
28,59,0.057820968329906464
28,60,0.05195395648479462
28,61,0.06254483759403229
28,62,0.04521605372428894
28,63,0.049629367887973785
28,64,0.05294007807970047
28,65,0.05214691907167435
28,66,0.048187389969825745
28,67,0.05193736031651497
28,68,0.06632550805807114
28,69,0.05626998096704483
28,70,0.05423435568809509
28,71,0.058989886194467545
28,72,0.05128809064626694
28,73,0.048345405608415604
28,74,0.04959002137184143
28,75,0.05111030489206314
28,76,0.053447261452674866
29,1,0.04898109659552574
29,2,0.06068802252411842
29,3,0.05488895997405052
29,4,0.055136196315288544
29,5,0.06566344201564789
29,6,0.04858364164829254
29,7,0.05172883719205856
29,8,0.04947780445218086
29,9,0.06046786531805992
29,10,0.05737803131341934
29,11,0.052848219871520996
29,12,0.05157569795846939
29,13,0.05387052893638611
29,14,0.051969654858112335
29,15,0.05164378508925438
29,16,0.05086299031972885
29,17,0.05298616737127304
29,18,0.04776393994688988
29,19,0.056142695248126984
29,20,0.04904581606388092
29,21,0.044943273067474365
29,22,0.04659184068441391
29,23,0.06338232010602951
29,24,0.05556479096412659
29,25,0.051531869918107986
29,26,0.05653027817606926
29,27,0.06973645091056824
29,28,0.05571305751800537
29,29,0.04807208478450775
29,30,0.042721766978502274
29,31,0.05459410324692726
29,32,0.049168266355991364
29,33,0.05507705733180046
29,34,0.04669663682579994
29,35,0.05413772910833359
29,36,0.04797143116593361
29,37,0.051621876657009125
29,38,0.05106807127594948
29,39,0.05256231129169464
29,40,0.05259893089532852
29,41,0.06257068365812302
29,42,0.05596374720335007
29,43,0.04279216378927231
29,44,0.05331595614552498
29,45,0.05923993140459061
29,46,0.05345882847905159
29,47,0.05288788303732872
29,48,0.0486978180706501
29,49,0.057526566088199615
29,50,0.06463530659675598
29,51,0.04370742291212082
29,52,0.0431121364235878
29,53,0.04780668765306473
29,54,0.057006772607564926
29,55,0.04953534156084061
29,56,0.04882032796740532
29,57,0.0508585125207901
29,58,0.053727611899375916
29,59,0.0538272000849247
29,60,0.04618220031261444
29,61,0.05290819704532623
29,62,0.05921289697289467
29,63,0.051837049424648285
29,64,0.04321073740720749
29,65,0.06141120195388794
29,66,0.05578283220529556
29,67,0.057878077030181885
29,68,0.04822938144207001
29,69,0.05526622384786606
29,70,0.05716055631637573
29,71,0.04743987321853638
29,72,0.05064845085144043
29,73,0.058544255793094635
29,74,0.045711666345596313
29,75,0.05422982573509216
29,76,0.0488143265247345
30,1,0.06010546535253525
30,2,0.052309874445199966
30,3,0.056706707924604416
30,4,0.04973498731851578
30,5,0.054922036826610565
30,6,0.04800690338015556
30,7,0.05308865010738373
30,8,0.04410754144191742
30,9,0.06312147527933121
30,10,0.05570097640156746
30,11,0.04936128854751587
30,12,0.05428601801395416
30,13,0.054483942687511444
30,14,0.04575851932168007
30,15,0.05066203325986862
30,16,0.05728381872177124
30,17,0.048725731670856476
30,18,0.05372219905257225
30,19,0.05080800503492355
30,20,0.05516917258501053
30,21,0.04996081441640854
30,22,0.05224105715751648
30,23,0.0511755496263504
30,24,0.049027662724256516
30,25,0.05185908451676369
30,26,0.054344359785318375
30,27,0.04986138641834259
30,28,0.06035567820072174
30,29,0.05569501966238022
30,30,0.05004194751381874
30,31,0.052944548428058624
30,32,0.05290854722261429
30,33,0.0426083579659462
30,34,0.048586405813694
30,35,0.04698297008872032
30,36,0.04719710350036621
30,37,0.05458393692970276
30,38,0.05190150812268257
30,39,0.05163522809743881
30,40,0.04603727534413338
30,41,0.054566510021686554
30,42,0.05129329860210419
30,43,0.04771318659186363
30,44,0.05001421272754669
30,45,0.05357377231121063
30,46,0.04644958674907684
30,47,0.054949801415205
30,48,0.056290727108716965
30,49,0.047440655529499054
30,50,0.05104414373636246
30,51,0.046446092426776886
30,52,0.04595532640814781
30,53,0.0445709303021431
30,54,0.06736864894628525
30,55,0.052032411098480225
30,56,0.048145592212677
30,57,0.05081181973218918
30,58,0.04901306331157684
30,59,0.04823940247297287
30,60,0.047901276499032974
30,61,0.044821031391620636
30,62,0.04822714254260063
30,63,0.05768485367298126
30,64,0.05134717375040054
30,65,0.06613516062498093
30,66,0.055916596204042435
30,67,0.051772259175777435
30,68,0.05205020308494568
30,69,0.05021556839346886
30,70,0.054481010884046555
30,71,0.04717522859573364
30,72,0.06191450357437134
30,73,0.048482559621334076
30,74,0.060046419501304626
30,75,0.04932265728712082
30,76,0.05142972245812416
31,1,0.05768200755119324
31,2,0.05731487646698952
31,3,0.05399636924266815
31,4,0.05073447525501251
31,5,0.051408231258392334
31,6,0.05910830944776535
31,7,0.057871997356414795
31,8,0.04855058342218399
31,9,0.053889475762844086
31,10,0.05297014117240906
31,11,0.05188716948032379
31,12,0.05320753902196884
31,13,0.051880329847335815
31,14,0.07274342328310013
31,15,0.05148135870695114
31,16,0.052032068371772766
31,17,0.05676925182342529
31,18,0.04484200477600098
31,19,0.05724235624074936
31,20,0.04674193263053894
31,21,0.048327088356018066
31,22,0.054700225591659546
31,23,0.04869955778121948
31,24,0.0479838103055954
31,25,0.05070796608924866
31,26,0.06383512914180756
31,27,0.05151139199733734
31,28,0.05963413417339325
31,29,0.05534256994724274
31,30,0.05285152792930603
31,31,0.05786550045013428
31,32,0.051675476133823395
31,33,0.05040203407406807
31,34,0.05473948270082474
31,35,0.05286555364727974
31,36,0.04847400635480881
31,37,0.05147157981991768
31,38,0.05287390202283859
31,39,0.049907974898815155
31,40,0.060122352093458176
31,41,0.055900171399116516
31,42,0.055467382073402405
31,43,0.04543908312916756
31,44,0.04803399369120598
31,45,0.05722413212060928
31,46,0.059312790632247925
31,47,0.05199533328413963
31,48,0.04236723482608795
31,49,0.05232170969247818
31,50,0.05119283124804497
31,51,0.04870076850056648
31,52,0.048824962228536606
31,53,0.05267859250307083
31,54,0.043925363570451736
31,55,0.04670944809913635
31,56,0.04309356212615967
31,57,0.056907422840595245
31,58,0.047005802392959595
31,59,0.046055033802986145
31,60,0.044889435172080994
31,61,0.05349975451827049
31,62,0.045298125594854355
31,63,0.06033485010266304
31,64,0.0488726869225502
31,65,0.053428951650857925
31,66,0.04890419915318489
31,67,0.054413460195064545
31,68,0.047143079340457916
31,69,0.04547029733657837
31,70,0.05655672401189804
31,71,0.04720746725797653
31,72,0.04921754449605942
31,73,0.05032718554139137
31,74,0.052016615867614746
31,75,0.052246078848838806
31,76,0.04149685800075531
32,1,0.054374366998672485
32,2,0.042806632816791534
32,3,0.05438245087862015
32,4,0.053195782005786896
32,5,0.04974230378866196
32,6,0.044864170253276825
32,7,0.0508795902132988
32,8,0.04652531445026398
32,9,0.052553996443748474
32,10,0.053044527769088745
32,11,0.0504695363342762
32,12,0.04916905611753464
32,13,0.05409744754433632
32,14,0.05071236938238144
32,15,0.052563995122909546
32,16,0.0625872015953064
32,17,0.04557112604379654
32,18,0.0489322766661644
32,19,0.0496041402220726
32,20,0.05528532341122627
32,21,0.07001441717147827
32,22,0.0633876696228981
32,23,0.05242589861154556
32,24,0.04773525521159172
32,25,0.05133970454335213
32,26,0.052237674593925476
32,27,0.0619642548263073
32,28,0.0556243434548378
32,29,0.04639526456594467
32,30,0.05438738316297531
32,31,0.05864681676030159
32,32,0.06358180195093155
32,33,0.04965531826019287
32,34,0.05100710690021515
32,35,0.05156996473670006
32,36,0.04680468514561653
32,37,0.04906558617949486
32,38,0.04375369846820831
32,39,0.04732520878314972
32,40,0.06137645244598389
32,41,0.048050880432128906
32,42,0.04974094405770302
32,43,0.04616677761077881
32,44,0.04298750311136246
32,45,0.044046126306056976
32,46,0.055799324065446854
32,47,0.04407210648059845
32,48,0.04730510711669922
32,49,0.0501936674118042
32,50,0.050139762461185455
32,51,0.051588915288448334
32,52,0.04805530980229378
32,53,0.041128091514110565
32,54,0.04772663488984108
32,55,0.05262181907892227
32,56,0.05100023373961449
32,57,0.04403930529952049
32,58,0.05002501606941223
32,59,0.052728600800037384
32,60,0.046902768313884735
32,61,0.047237150371074677
32,62,0.048150986433029175
32,63,0.049628958106040955
32,64,0.05205259472131729
32,65,0.04973785951733589
32,66,0.04319752752780914
32,67,0.044585220515728
32,68,0.0568685308098793
32,69,0.04572800546884537
32,70,0.0498293861746788
32,71,0.05699343979358673
32,72,0.05247687175869942
32,73,0.051429253071546555
32,74,0.053567662835121155
32,75,0.05266733840107918
32,76,0.052560217678546906
33,1,0.045730043202638626
33,2,0.04441111162304878
33,3,0.04704819992184639
33,4,0.05431833863258362
33,5,0.04773116484284401
33,6,0.051372986286878586
33,7,0.046986959874629974
33,8,0.04845698922872543
33,9,0.04618079587817192
33,10,0.0536968894302845
33,11,0.05240863561630249
33,12,0.04841143637895584
33,13,0.05095234513282776
33,14,0.04534364491701126
33,15,0.04747293144464493
33,16,0.05415121093392372
33,17,0.05486328899860382
33,18,0.052329450845718384
33,19,0.05373943969607353
33,20,0.052211202681064606
33,21,0.047411754727363586
33,22,0.048414260149002075
33,23,0.04287484288215637
33,24,0.052266981452703476
33,25,0.0449635311961174
33,26,0.05382223427295685
33,27,0.047244805842638016
33,28,0.04377010092139244
33,29,0.05601479858160019
33,30,0.05323965102434158
33,31,0.05859480798244476
33,32,0.04297925904393196
33,33,0.05612429976463318
33,34,0.06066463142633438
33,35,0.046891942620277405
33,36,0.05519939959049225
33,37,0.05575449764728546
33,38,0.05121415853500366
33,39,0.06353842467069626
33,40,0.06117493659257889
33,41,0.04776029288768768
33,42,0.04582197591662407
33,43,0.05109960958361626
33,44,0.05560462176799774
33,45,0.04685896635055542
33,46,0.05527652055025101
33,47,0.05596623197197914
33,48,0.05442814156413078
33,49,0.05015222728252411
33,50,0.04352613165974617
33,51,0.051248930394649506
33,52,0.03912024945020676
33,53,0.050717420876026154
33,54,0.046658776700496674
33,55,0.05014883726835251
33,56,0.05170343071222305
33,57,0.04232907295227051
33,58,0.060464709997177124
33,59,0.04955500364303589
33,60,0.062460944056510925
33,61,0.04730520024895668
33,62,0.061595767736434937
33,63,0.054951801896095276
33,64,0.04667729139328003
33,65,0.06504298746585846
33,66,0.048573847860097885
33,67,0.05119062215089798
33,68,0.05750333145260811
33,69,0.0527375265955925
33,70,0.04647862911224365
33,71,0.04841892421245575
33,72,0.0432191863656044
33,73,0.04469941556453705
33,74,0.04842096567153931
33,75,0.05076232925057411
33,76,0.05937836691737175
34,1,0.050413962453603745
34,2,0.04831063747406006
34,3,0.046021975576877594
34,4,0.04549219459295273
34,5,0.04503488540649414
34,6,0.0507352352142334
34,7,0.04670000076293945
34,8,0.046725548803806305
34,9,0.04443049058318138
34,10,0.06854163110256195
34,11,0.05472005903720856
34,12,0.05413311347365379
34,13,0.062310732901096344
34,14,0.045858386904001236
34,15,0.0542265884578228
34,16,0.05213996022939682
34,17,0.051031410694122314
34,18,0.05999692156910896
34,19,0.05830893665552139
34,20,0.04544619098305702
34,21,0.04747108370065689
34,22,0.04849531874060631
34,23,0.05910975858569145
34,24,0.050675634294748306
34,25,0.05275636166334152
34,26,0.06644921004772186
34,27,0.044982023537158966
34,28,0.05542915314435959
34,29,0.05421651899814606
34,30,0.048121899366378784
34,31,0.04546260088682175
34,32,0.04394692927598953
34,33,0.053344592452049255
34,34,0.046530380845069885
34,35,0.046373140066862106
34,36,0.05593700706958771
34,37,0.05227835848927498
34,38,0.06227469444274902
34,39,0.04646292328834534
34,40,0.06329526752233505
34,41,0.04638942331075668
34,42,0.051000047475099564
34,43,0.053486168384552
34,44,0.04181883856654167
34,45,0.0506233349442482
34,46,0.05288046970963478
34,47,0.04146029055118561
34,48,0.05292152613401413
34,49,0.04473268240690231
34,50,0.043621428310871124
34,51,0.046203792095184326
34,52,0.06405903398990631
34,53,0.0483977310359478
34,54,0.04126429557800293
34,55,0.04740530997514725
34,56,0.048334140330553055
34,57,0.05848178267478943
34,58,0.04884358495473862
34,59,0.04913906008005142
34,60,0.05483153834939003
34,61,0.051701199263334274
34,62,0.045901376754045486
34,63,0.056679628789424896
34,64,0.0449666865170002
34,65,0.044440530240535736
34,66,0.04763248190283775
34,67,0.050583966076374054
34,68,0.052417971193790436
34,69,0.04755556210875511
34,70,0.05740300565958023
34,71,0.04423237591981888
34,72,0.058237720280885696
34,73,0.046247951686382294
34,74,0.06298156082630157
34,75,0.052400022745132446
34,76,0.054763514548540115
35,1,0.04855785518884659
35,2,0.04537896066904068
35,3,0.04140643775463104
35,4,0.04855286702513695
35,5,0.05124913156032562
35,6,0.04352705925703049
35,7,0.04774908721446991
35,8,0.04606974124908447
35,9,0.05094723403453827
35,10,0.05286455899477005
35,11,0.0511774942278862
35,12,0.05287591740489006
35,13,0.04663766548037529
35,14,0.047917719930410385
35,15,0.08290265500545502
35,16,0.052119143307209015
35,17,0.04653108865022659
35,18,0.047698065638542175
35,19,0.04627382755279541
35,20,0.05209852010011673
35,21,0.052356183528900146
35,22,0.04636989161372185
35,23,0.05220519378781319
35,24,0.05599238723516464
35,25,0.042737558484077454
35,26,0.053586311638355255
35,27,0.047059398144483566
35,28,0.05410102382302284
35,29,0.057970352470874786
35,30,0.044407300651073456
35,31,0.05865826457738876
35,32,0.04843875765800476
35,33,0.04558425396680832
35,34,0.049038879573345184
35,35,0.037987664341926575
35,36,0.04272053390741348
35,37,0.04493001103401184
35,38,0.05934840068221092
35,39,0.05642179399728775
35,40,0.054227009415626526
35,41,0.04386356100440025
35,42,0.04771352931857109
35,43,0.05668235570192337
35,44,0.04320000857114792
35,45,0.0460837185382843
35,46,0.04360976815223694
35,47,0.041259150952100754
35,48,0.04397481679916382
35,49,0.05015400052070618
35,50,0.0458977073431015
35,51,0.05388934165239334
35,52,0.04628261923789978
35,53,0.05384034663438797
35,54,0.048334285616874695
35,55,0.042444996535778046
35,56,0.03936602547764778
35,57,0.04244634881615639
35,58,0.04638934135437012
35,59,0.05746184289455414
35,60,0.05954311788082123
35,61,0.05319885537028313
35,62,0.05000091716647148
35,63,0.05258017033338547
35,64,0.043940503150224686
35,65,0.04552065581083298
35,66,0.051560431718826294
35,67,0.05203293263912201
35,68,0.04348229989409447
35,69,0.042515046894550323
35,70,0.04822828620672226
35,71,0.053373418748378754
35,72,0.04800431802868843
35,73,0.052261315286159515
35,74,0.05294434726238251
35,75,0.04294004663825035
35,76,0.04943762347102165
36,1,0.04499104991555214
36,2,0.05160123109817505
36,3,0.052011098712682724
36,4,0.04565325006842613
36,5,0.046187449246644974
36,6,0.03839654475450516
36,7,0.048892900347709656
36,8,0.041960686445236206
36,9,0.05384424328804016
36,10,0.04931376874446869
36,11,0.047317735850811005
36,12,0.05688001960515976
36,13,0.04194867983460426
36,14,0.045861341059207916
36,15,0.05003619194030762
36,16,0.0498213991522789
36,17,0.044882480055093765
36,18,0.04482075572013855
36,19,0.05156157538294792
36,20,0.050607044249773026
36,21,0.04847373068332672
36,22,0.04947562515735626
36,23,0.05294005572795868
36,24,0.03920082747936249
36,25,0.04444214329123497
36,26,0.04765000194311142
36,27,0.05513150990009308
36,28,0.04697943478822708
36,29,0.045822493731975555
36,30,0.05475647747516632
36,31,0.047114528715610504
36,32,0.047514043748378754
36,33,0.04488517343997955
36,34,0.05631912127137184
36,35,0.05633874237537384
36,36,0.050695400685071945
36,37,0.04344776272773743
36,38,0.05404815077781677
36,39,0.05350853502750397
36,40,0.05195895582437515
36,41,0.04973822087049484
36,42,0.06086099147796631
36,43,0.04837298020720482
36,44,0.06640071421861649
36,45,0.0544280931353569
36,46,0.06267319619655609
36,47,0.03990151733160019
36,48,0.05311454087495804
36,49,0.04902356117963791
36,50,0.05191127210855484
36,51,0.04017499461770058
36,52,0.04227083921432495
36,53,0.04797372967004776
36,54,0.049844227731227875
36,55,0.04698575288057327
36,56,0.042899660766124725
36,57,0.04516163840889931
36,58,0.05220092833042145
36,59,0.04854832589626312
36,60,0.04352317005395889
36,61,0.04586163908243179
36,62,0.040611349046230316
36,63,0.050534117966890335
36,64,0.046885088086128235
36,65,0.04990360140800476
36,66,0.0435221903026104
36,67,0.062087684869766235
36,68,0.05280153453350067
36,69,0.062489211559295654
36,70,0.04948669672012329
36,71,0.05463435500860214
36,72,0.05848740041255951
36,73,0.05749858170747757
36,74,0.055042482912540436
36,75,0.04086369276046753
36,76,0.05422695726156235
37,1,0.042850375175476074
37,2,0.04564918577671051
37,3,0.051735613495111465
37,4,0.059196919202804565
37,5,0.05193706601858139
37,6,0.044517528265714645
37,7,0.05272858589887619
37,8,0.046652764081954956
37,9,0.05055195465683937
37,10,0.055268142372369766
37,11,0.052784472703933716
37,12,0.05157281085848808
37,13,0.042440131306648254
37,14,0.04327914118766785
37,15,0.04589405655860901
37,16,0.04552507773041725
37,17,0.05306478589773178
37,18,0.05597253888845444
37,19,0.048648640513420105
37,20,0.05606380105018616
37,21,0.04900442808866501
37,22,0.055639512836933136
37,23,0.05433402955532074
37,24,0.056736383587121964
37,25,0.05284682288765907
37,26,0.0580487921833992
37,27,0.05440187454223633
37,28,0.043781086802482605
37,29,0.04572227597236633
37,30,0.050470106303691864
37,31,0.048191677778959274
37,32,0.046650707721710205
37,33,0.04479735717177391
37,34,0.049790721386671066
37,35,0.049132153391838074
37,36,0.04616951942443848
37,37,0.047154027968645096
37,38,0.051233433187007904
37,39,0.04425164684653282
37,40,0.04924813657999039
37,41,0.048359498381614685
37,42,0.05460212007164955
37,43,0.05610879510641098
37,44,0.04905684292316437
37,45,0.051196321845054626
37,46,0.0655871033668518
37,47,0.05918443948030472
37,48,0.05268914997577667
37,49,0.044219616800546646
37,50,0.04959091544151306
37,51,0.05637281760573387
37,52,0.04710189253091812
37,53,0.048965949565172195
37,54,0.046400412917137146
37,55,0.056363411247730255
37,56,0.04633284732699394
37,57,0.04940527305006981
37,58,0.04552310332655907
37,59,0.04679109901189804
37,60,0.057704173028469086
37,61,0.04546123743057251
37,62,0.047504931688308716
37,63,0.04850957915186882
37,64,0.05107919126749039
37,65,0.04746837541460991
37,66,0.04295605421066284
37,67,0.0416753813624382
37,68,0.04598832130432129
37,69,0.044928908348083496
37,70,0.06146641820669174
37,71,0.04650469869375229
37,72,0.05618981271982193
37,73,0.05311447009444237
37,74,0.04233825206756592
37,75,0.048782482743263245
37,76,0.05525238811969757
38,1,0.043611571192741394
38,2,0.051370635628700256
38,3,0.04655729979276657
38,4,0.04163975268602371
38,5,0.0470806285738945
38,6,0.04240939021110535
38,7,0.044868722558021545
38,8,0.05043315142393112
38,9,0.05149776488542557
38,10,0.04971823841333389
38,11,0.04374758154153824
38,12,0.06155097484588623
38,13,0.04047355055809021
38,14,0.0453089140355587
38,15,0.04897231608629227
38,16,0.04514884948730469
38,17,0.04911154508590698
38,18,0.0403064489364624
38,19,0.048805203288793564
38,20,0.05175089091062546
38,21,0.04747714102268219
38,22,0.043487876653671265
38,23,0.04765484482049942
38,24,0.05156262218952179
38,25,0.0475301556289196
38,26,0.04452437907457352
38,27,0.0393860898911953
38,28,0.03840824216604233
38,29,0.05385492369532585
38,30,0.049300067126750946
38,31,0.04544052481651306
38,32,0.04813604801893234
38,33,0.03814249485731125
38,34,0.04469825327396393
38,35,0.04153171181678772
38,36,0.04813771694898605
38,37,0.054899659007787704
38,38,0.04605025053024292
38,39,0.04246514290571213
38,40,0.05769351124763489
38,41,0.04304792732000351
38,42,0.049342550337314606
38,43,0.04315980151295662
38,44,0.04663276672363281
38,45,0.05876769870519638
38,46,0.04586753994226456
38,47,0.05051960051059723
38,48,0.04309016466140747
38,49,0.050449438393116
38,50,0.04970666021108627
38,51,0.05270751938223839
38,52,0.04469800740480423
38,53,0.04861705005168915
38,54,0.043509796261787415
38,55,0.046970728784799576
38,56,0.04864875227212906
38,57,0.04046594351530075
38,58,0.05275379866361618
38,59,0.04964490979909897
38,60,0.04645116999745369
38,61,0.05604143068194389
38,62,0.04104720801115036
38,63,0.050801005214452744
38,64,0.05590711161494255
38,65,0.05372095853090286
38,66,0.04380190372467041
38,67,0.04288624972105026
38,68,0.04490850493311882
38,69,0.04095575213432312
38,70,0.05531511455774307
38,71,0.05607742816209793
38,72,0.041962139308452606
38,73,0.047426193952560425
38,74,0.054211199283599854
38,75,0.05040331184864044
38,76,0.043875232338905334
39,1,0.04442230239510536
39,2,0.046989183872938156
39,3,0.051479265093803406
39,4,0.047723300755023956
39,5,0.05320914089679718
39,6,0.046214789152145386
39,7,0.047968726605176926
39,8,0.04458378255367279
39,9,0.044951051473617554
39,10,0.0471307635307312
39,11,0.04060656577348709
39,12,0.04131714999675751
39,13,0.045345522463321686
39,14,0.04311841353774071
39,15,0.05054729804396629
39,16,0.046630099415779114
39,17,0.0439724326133728
39,18,0.04667343944311142
39,19,0.04411055147647858
39,20,0.047962550073862076
39,21,0.049150340259075165
39,22,0.054424937814474106
39,23,0.06149555742740631
39,24,0.04809137433767319
39,25,0.05223710089921951
39,26,0.043337687849998474
39,27,0.05436839163303375
39,28,0.03899727016687393
39,29,0.0493265725672245
39,30,0.04271296411752701
39,31,0.04923110827803612
39,32,0.04856869578361511
39,33,0.045444462448358536
39,34,0.043348100036382675
39,35,0.03685014694929123
39,36,0.04599085822701454
39,37,0.042748332023620605
39,38,0.053023554384708405
39,39,0.04830563813447952
39,40,0.04748869314789772
39,41,0.06077423319220543
39,42,0.04645523428916931
39,43,0.04938516765832901
39,44,0.06727072596549988
39,45,0.06337416172027588
39,46,0.04525516927242279
39,47,0.052611224353313446
39,48,0.05404334515333176
39,49,0.044848598539829254
39,50,0.045757584273815155
39,51,0.04239027202129364
39,52,0.05400736629962921
39,53,0.05475162714719772
39,54,0.04225558042526245
39,55,0.04535403102636337
39,56,0.044250376522541046
39,57,0.045391011983156204
39,58,0.042594000697135925
39,59,0.04546668380498886
39,60,0.045968249440193176
39,61,0.04328478127717972
39,62,0.05807993561029434
39,63,0.057026781141757965
39,64,0.04917836934328079
39,65,0.05005919188261032
39,66,0.046769626438617706
39,67,0.054254572838544846
39,68,0.04509107768535614
39,69,0.04025676101446152
39,70,0.052013687789440155
39,71,0.044839780777692795
39,72,0.052477557212114334
39,73,0.040251024067401886
39,74,0.04531523585319519
39,75,0.045460738241672516
39,76,0.04709909111261368
40,1,0.05127701163291931
40,2,0.04860646277666092
40,3,0.05212597921490669
40,4,0.056000955402851105
40,5,0.05151994153857231
40,6,0.048130765557289124
40,7,0.05231568217277527
40,8,0.049852557480335236
40,9,0.06103656068444252
40,10,0.04059650003910065
40,11,0.047000858932733536
40,12,0.05864444375038147
40,13,0.04443611949682236
40,14,0.05131494253873825
40,15,0.04373530298471451
40,16,0.049653179943561554
40,17,0.04146803915500641
40,18,0.04798820614814758
40,19,0.03871563822031021
40,20,0.03906000033020973
40,21,0.05500949174165726
40,22,0.04371804744005203
40,23,0.048660773783922195
40,24,0.046973854303359985
40,25,0.044524870812892914
40,26,0.044740013778209686
40,27,0.050771377980709076
40,28,0.048664189875125885
40,29,0.05692155659198761
40,30,0.06092078238725662
40,31,0.03871293365955353
40,32,0.054471902549266815
40,33,0.04026341065764427
40,34,0.046856459230184555
40,35,0.04512455314397812
40,36,0.05459708347916603
40,37,0.04739432781934738
40,38,0.061378929764032364
40,39,0.05249178409576416
40,40,0.04508734866976738
40,41,0.04144259914755821
40,42,0.040471434593200684
40,43,0.05441880226135254
40,44,0.05390927940607071
40,45,0.0578489750623703
40,46,0.05042664706707001
40,47,0.05383025109767914
40,48,0.05019092559814453
40,49,0.04118526726961136
40,50,0.04689755290746689
40,51,0.046206384897232056
40,52,0.04164855182170868
40,53,0.047957077622413635
40,54,0.05100926756858826
40,55,0.03945425897836685
40,56,0.047245148569345474
40,57,0.051534995436668396
40,58,0.05269492417573929
40,59,0.04426271468400955
40,60,0.04661756753921509
40,61,0.0483609102666378
40,62,0.03897162526845932
40,63,0.04732513055205345
40,64,0.04089200124144554
40,65,0.0392586812376976
40,66,0.04234405234456062
40,67,0.04547393321990967
40,68,0.05275515466928482
40,69,0.04483689367771149
40,70,0.038278646767139435
40,71,0.056935958564281464
40,72,0.04452670365571976
40,73,0.0505974255502224
40,74,0.04303823411464691
40,75,0.04780850186944008
40,76,0.046231649816036224
41,1,0.048553403466939926
41,2,0.04231293499469757
41,3,0.044402461498975754
41,4,0.044961102306842804
41,5,0.043941546231508255
41,6,0.04502863064408302
41,7,0.04234352335333824
41,8,0.04548490047454834
41,9,0.05070769041776657
41,10,0.047542646527290344
41,11,0.04093920439481735
41,12,0.045134492218494415
41,13,0.042989812791347504
41,14,0.04146719351410866
41,15,0.051377154886722565
41,16,0.06421813368797302
41,17,0.042589325457811356
41,18,0.04650329053401947
41,19,0.04889517277479172
41,20,0.051208846271038055
41,21,0.045348599553108215
41,22,0.040558718144893646
41,23,0.051138654351234436
41,24,0.04753082990646362
41,25,0.045032285153865814
41,26,0.04691150784492493
41,27,0.044881705194711685
41,28,0.04377828538417816
41,29,0.04463360086083412
41,30,0.06381573528051376
41,31,0.04958124831318855
41,32,0.05876055359840393
41,33,0.048918552696704865
41,34,0.062044695019721985
41,35,0.04654603451490402
41,36,0.054135240614414215
41,37,0.04063112288713455
41,38,0.04904622957110405
41,39,0.0667235404253006
41,40,0.042662303894758224
41,41,0.050280600786209106
41,42,0.042862504720687866
41,43,0.04927238076925278
41,44,0.0496814027428627
41,45,0.03934122249484062
41,46,0.03847470507025719
41,47,0.04702620208263397
41,48,0.05104978382587433
41,49,0.04602565988898277
41,50,0.04547590762376785
41,51,0.05028284341096878
41,52,0.040698811411857605
41,53,0.0475325845181942
41,54,0.05144401639699936
41,55,0.0507681705057621
41,56,0.05167973041534424
41,57,0.04442369192838669
41,58,0.04493546485900879
41,59,0.049660056829452515
41,60,0.05064476281404495
41,61,0.04586377367377281
41,62,0.05014227330684662
41,63,0.04206252843141556
41,64,0.04491797089576721
41,65,0.04990344122052193
41,66,0.04682917892932892
41,67,0.04059317335486412
41,68,0.05690695717930794
41,69,0.04719763249158859
41,70,0.040430620312690735
41,71,0.04953141137957573
41,72,0.040366001427173615
41,73,0.05571384355425835
41,74,0.0494820661842823
41,75,0.04735463857650757
41,76,0.036811038851737976
42,1,0.05117898806929588
42,2,0.05644044652581215
42,3,0.04372008144855499
42,4,0.055109892040491104
42,5,0.052119363099336624
42,6,0.04908747971057892
42,7,0.042632706463336945
42,8,0.04524873197078705
42,9,0.05423156917095184
42,10,0.040773577988147736
42,11,0.048579804599285126
42,12,0.048087894916534424
42,13,0.05190588906407356
42,14,0.04076405614614487
42,15,0.03975915163755417
42,16,0.052422165870666504
42,17,0.04264478385448456
42,18,0.04265233874320984
42,19,0.042467452585697174
42,20,0.04336981475353241
42,21,0.04948664456605911
42,22,0.03910963237285614
42,23,0.03454514220356941
42,24,0.03591476380825043
42,25,0.04141420125961304
42,26,0.04987288638949394
42,27,0.044642433524131775
42,28,0.046962425112724304
42,29,0.044906891882419586
42,30,0.05247059836983681
42,31,0.04648686945438385
42,32,0.056640587747097015
42,33,0.048505209386348724
42,34,0.04525076597929001
42,35,0.050010114908218384
42,36,0.0465138778090477
42,37,0.043500252068042755
42,38,0.03793833404779434
42,39,0.05165381357073784
42,40,0.049088552594184875
42,41,0.03539890795946121
42,42,0.042555052787065506
42,43,0.04212205111980438
42,44,0.04211727902293205
42,45,0.050593167543411255
42,46,0.04527535289525986
42,47,0.053230609744787216
42,48,0.040765196084976196
42,49,0.042964622378349304
42,50,0.04043164104223251
42,51,0.04082582890987396
42,52,0.0470784530043602
42,53,0.05369645357131958
42,54,0.048348233103752136
42,55,0.04339766502380371
42,56,0.056897155940532684
42,57,0.04897402226924896
42,58,0.04284533113241196
42,59,0.04719515144824982
42,60,0.04445607215166092
42,61,0.044196151196956635
42,62,0.05102143436670303
42,63,0.043838512152433395
42,64,0.038675457239151
42,65,0.04606892913579941
42,66,0.05326567590236664
42,67,0.04664948582649231
42,68,0.05184466391801834
42,69,0.04098188132047653
42,70,0.043539125472307205
42,71,0.04482877254486084
42,72,0.047074735164642334
42,73,0.04890827089548111
42,74,0.04428798705339432
42,75,0.04204805940389633
42,76,0.045800499618053436
43,1,0.041492946445941925
43,2,0.040385015308856964
43,3,0.04266957938671112
43,4,0.04225864261388779
43,5,0.04135975241661072
43,6,0.048124007880687714
43,7,0.04493581876158714
43,8,0.05164356529712677
43,9,0.04568639397621155
43,10,0.04482440650463104
43,11,0.043229661881923676
43,12,0.045315392315387726
43,13,0.04772520065307617
43,14,0.04799777269363403
43,15,0.040232762694358826
43,16,0.04640001431107521
43,17,0.05042272061109543
43,18,0.0423908531665802
43,19,0.03967976197600365
43,20,0.04567486792802811
43,21,0.045952025800943375
43,22,0.0450347438454628
43,23,0.04893725365400314
43,24,0.04401484876871109
43,25,0.05213766545057297
43,26,0.04884394630789757
43,27,0.04076508432626724
43,28,0.0433601513504982
43,29,0.04459455609321594
43,30,0.03798167034983635
43,31,0.04439030587673187
43,32,0.051600705832242966
43,33,0.043375059962272644
43,34,0.04230599105358124
43,35,0.045075394213199615
43,36,0.0457015335559845
43,37,0.048927001655101776
43,38,0.041073814034461975
43,39,0.05014239251613617
43,40,0.042557746171951294
43,41,0.04626844450831413
43,42,0.04879660904407501
43,43,0.04585856944322586
43,44,0.03984374552965164
43,45,0.04301298409700394
43,46,0.05661853030323982
43,47,0.03913034498691559
43,48,0.053376033902168274
43,49,0.04280591011047363
43,50,0.0406157523393631
43,51,0.041318248957395554
43,52,0.0660567507147789
43,53,0.05184484273195267
43,54,0.04687738046050072
43,55,0.05062689259648323
43,56,0.04034797102212906
43,57,0.04225405305624008
43,58,0.040394216775894165
43,59,0.045107658952474594
43,60,0.03952242434024811
43,61,0.05568289756774902
43,62,0.04927077889442444
43,63,0.04735599830746651
43,64,0.04500359296798706
43,65,0.048179060220718384
43,66,0.04773879796266556
43,67,0.04616539180278778
43,68,0.045970089733600616
43,69,0.04450870305299759
43,70,0.04227868467569351
43,71,0.040425803512334824
43,72,0.04363569989800453
43,73,0.04312977194786072
43,74,0.05041081830859184
43,75,0.043193139135837555
43,76,0.044647157192230225
44,1,0.0408322736620903
44,2,0.050814367830753326
44,3,0.05290178954601288
44,4,0.040237851440906525
44,5,0.04828088358044624
44,6,0.04133288934826851
44,7,0.03840246796607971
44,8,0.04116947948932648
44,9,0.04261567443609238
44,10,0.041399355977773666
44,11,0.045451726764440536
44,12,0.03933213651180267
44,13,0.04030449315905571
44,14,0.04154442250728607
44,15,0.04696154594421387
44,16,0.0486711785197258
44,17,0.04332592338323593
44,18,0.0487508587539196
44,19,0.045170508325099945
44,20,0.03947113826870918
44,21,0.04578046500682831
44,22,0.04161997139453888
44,23,0.03467412292957306
44,24,0.04340725764632225
44,25,0.04198167845606804
44,26,0.04906618967652321
44,27,0.04821062088012695
44,28,0.04909727722406387
44,29,0.05038861930370331
44,30,0.04793471097946167
44,31,0.04574458301067352
44,32,0.04363706707954407
44,33,0.04164129123091698
44,34,0.04217289015650749
44,35,0.0449213907122612
44,36,0.04432663321495056
44,37,0.042509905993938446
44,38,0.043232109397649765
44,39,0.05266238749027252
44,40,0.045467521995306015
44,41,0.04952489584684372
44,42,0.049128152430057526
44,43,0.05302208662033081
44,44,0.052175141870975494
44,45,0.040871016681194305
44,46,0.04787502437829971
44,47,0.0403253510594368
44,48,0.047048866748809814
44,49,0.04452791437506676
44,50,0.04965782165527344
44,51,0.04725249856710434
44,52,0.054077036678791046
44,53,0.04360661655664444
44,54,0.040827348828315735
44,55,0.06372402608394623
44,56,0.05243661254644394
44,57,0.05164046958088875
44,58,0.039529331028461456
44,59,0.048117391765117645
44,60,0.04498046264052391
44,61,0.04878804087638855
44,62,0.04177279770374298
44,63,0.04594484716653824
44,64,0.04258266091346741
44,65,0.042718306183815
44,66,0.049760621041059494
44,67,0.04441855102777481
44,68,0.0572853721678257
44,69,0.03354281187057495
44,70,0.042898423969745636
44,71,0.046381156891584396
44,72,0.04147930070757866
44,73,0.043896667659282684
44,74,0.038706641644239426
44,75,0.046063151210546494
44,76,0.044870778918266296
45,1,0.05239350348711014
45,2,0.04117210581898689
45,3,0.0392412506043911
45,4,0.047344911843538284
45,5,0.05726291239261627
45,6,0.03852272778749466
45,7,0.046350445598363876
45,8,0.04776912182569504
45,9,0.042115285992622375
45,10,0.04316628724336624
45,11,0.05261101573705673
45,12,0.05923648551106453
45,13,0.0420081727206707
45,14,0.04201579838991165
45,15,0.04070771113038063
45,16,0.03905371576547623
45,17,0.04652341082692146
45,18,0.04324335977435112
45,19,0.04553307220339775
45,20,0.04607991874217987
45,21,0.05478949099779129
45,22,0.04505550116300583
45,23,0.05019174888730049
45,24,0.04662489891052246
45,25,0.048079706728458405
45,26,0.041153647005558014
45,27,0.05872642993927002
45,28,0.0464073121547699
45,29,0.043060824275016785
45,30,0.03931327164173126
45,31,0.06513750553131104
45,32,0.04455610737204552
45,33,0.04374757409095764
45,34,0.05284101516008377
45,35,0.043588247150182724
45,36,0.0458129420876503
45,37,0.039183665066957474
45,38,0.06527247279882431
45,39,0.04274468868970871
45,40,0.04998105391860008
45,41,0.04106296971440315
45,42,0.044396765530109406
45,43,0.046277835965156555
45,44,0.05012928321957588
45,45,0.053477734327316284
45,46,0.0600631907582283
45,47,0.04648275673389435
45,48,0.05065399780869484
45,49,0.04847567528486252
45,50,0.047720156610012054
45,51,0.03683212399482727
45,52,0.048669807612895966
45,53,0.04710632935166359
45,54,0.041172947734594345
45,55,0.043483324348926544
45,56,0.048331134021282196
45,57,0.06720446795225143
45,58,0.04551893472671509
45,59,0.04646608605980873
45,60,0.05151066929101944
45,61,0.052490271627902985
45,62,0.05668042600154877
45,63,0.044732753187417984
45,64,0.048185303807258606
45,65,0.049123868346214294
45,66,0.048076510429382324
45,67,0.047551535069942474
45,68,0.05705927312374115
45,69,0.046941209584474564
45,70,0.04897880554199219
45,71,0.04856869578361511
45,72,0.04949752986431122
45,73,0.04310160130262375
45,74,0.03812967985868454
45,75,0.04183413088321686
45,76,0.05749266594648361
46,1,0.050661250948905945
46,2,0.04824454337358475
46,3,0.04719759151339531
46,4,0.04541053995490074
46,5,0.05261341482400894
46,6,0.044097378849983215
46,7,0.047469452023506165
46,8,0.041757408529520035
46,9,0.04725518822669983
46,10,0.04864490032196045
46,11,0.044640541076660156
46,12,0.049019381403923035
46,13,0.050087302923202515
46,14,0.04349861294031143
46,15,0.04745807126164436
46,16,0.045470140874385834
46,17,0.04711271822452545
46,18,0.05057268589735031
46,19,0.0406375527381897
46,20,0.04929536581039429
46,21,0.047231949865818024
46,22,0.0454372800886631
46,23,0.05079040303826332
46,24,0.04501959681510925
46,25,0.04204406961798668
46,26,0.046338316053152084
46,27,0.04625596106052399
46,28,0.045705847442150116
46,29,0.03963872790336609
46,30,0.03679238632321358
46,31,0.03974713385105133
46,32,0.04543562978506088
46,33,0.042710836976766586
46,34,0.04442865028977394
46,35,0.042813919484615326
46,36,0.05573149025440216
46,37,0.04691966623067856
46,38,0.044186949729919434
46,39,0.04205168038606644
46,40,0.04770420491695404
46,41,0.048321790993213654
46,42,0.0485231876373291
46,43,0.04081784933805466
46,44,0.044745221734046936
46,45,0.04474936053156853
46,46,0.04242148995399475
46,47,0.04669637978076935
46,48,0.03788440674543381
46,49,0.04133177548646927
46,50,0.04839488863945007
46,51,0.05862954631447792
46,52,0.04062216356396675
46,53,0.04381047561764717
46,54,0.0479278489947319
46,55,0.04500032216310501
46,56,0.045188844203948975
46,57,0.04222015291452408
46,58,0.04475593566894531
46,59,0.04451025277376175
46,60,0.05068014934659004
46,61,0.04475656896829605
46,62,0.06301325559616089
46,63,0.0611436665058136
46,64,0.04383068531751633
46,65,0.050508394837379456
46,66,0.044861748814582825
46,67,0.04388672858476639
46,68,0.045311588793992996
46,69,0.04455210268497467
46,70,0.045644354075193405
46,71,0.045265957713127136
46,72,0.037879325449466705
46,73,0.04659620299935341
46,74,0.045507512986660004
46,75,0.043908484280109406
46,76,0.07315747439861298
47,1,0.041686639189720154
47,2,0.040776144713163376
47,3,0.04020647704601288
47,4,0.053104352205991745
47,5,0.04483720660209656
47,6,0.04420892149209976
47,7,0.05328366532921791
47,8,0.045815613120794296
47,9,0.052111826837062836
47,10,0.04616162180900574
47,11,0.0382523313164711
47,12,0.05639952793717384
47,13,0.048956505954265594
47,14,0.04749437794089317
47,15,0.04689900949597359
47,16,0.04601598531007767
47,17,0.041513361036777496
47,18,0.04649728164076805
47,19,0.04353317245841026
47,20,0.04871242493391037
47,21,0.04214029759168625
47,22,0.05025000125169754
47,23,0.06089382991194725
47,24,0.047859929502010345
47,25,0.04037996754050255
47,26,0.048523399978876114
47,27,0.05380798131227493
47,28,0.04413854330778122
47,29,0.04578319191932678
47,30,0.04666345939040184
47,31,0.04584592208266258
47,32,0.04800422489643097
47,33,0.0439746119081974
47,34,0.043105512857437134
47,35,0.04429159685969353
47,36,0.04444270581007004
47,37,0.04652625694870949
47,38,0.04276203364133835
47,39,0.04011915996670723
47,40,0.04042607545852661
47,41,0.043622106313705444
47,42,0.03664937615394592
47,43,0.0413157120347023
47,44,0.04341188818216324
47,45,0.057304058223962784
47,46,0.044850751757621765
47,47,0.03988398239016533
47,48,0.03963163122534752
47,49,0.04898085445165634
47,50,0.050920162349939346
47,51,0.04900936037302017
47,52,0.041499264538288116
47,53,0.040603142231702805
47,54,0.03883068263530731
47,55,0.043380461633205414
47,56,0.04589144140481949
47,57,0.04347500205039978
47,58,0.05651883780956268
47,59,0.03949093073606491
47,60,0.04224121570587158
47,61,0.04999548941850662
47,62,0.04224042221903801
47,63,0.045762799680233
47,64,0.0436297208070755
47,65,0.05510847270488739
47,66,0.04989452660083771
47,67,0.04538924619555473
47,68,0.04873126372694969
47,69,0.04491391032934189
47,70,0.03958345577120781
47,71,0.04208257794380188
47,72,0.04750920087099075
47,73,0.04274558275938034
47,74,0.059407200664281845
47,75,0.05514385551214218
47,76,0.0426795557141304
48,1,0.04992518201470375
48,2,0.04052375257015228
48,3,0.04803398996591568
48,4,0.03957432880997658
48,5,0.04495616257190704
48,6,0.04597640037536621
48,7,0.0371621698141098
48,8,0.04182349145412445
48,9,0.040057115256786346
48,10,0.044762879610061646
48,11,0.04331144690513611
48,12,0.04127352684736252
48,13,0.044726043939590454
48,14,0.039415303617715836
48,15,0.04535384103655815
48,16,0.0434868186712265
48,17,0.038440003991127014
48,18,0.04034319519996643
48,19,0.043736815452575684
48,20,0.049606844782829285
48,21,0.05262365937232971
48,22,0.03923635184764862
48,23,0.03892941027879715
48,24,0.04839305579662323
48,25,0.04065541550517082
48,26,0.0423465222120285
48,27,0.0425080843269825
48,28,0.05136227607727051
48,29,0.04593624919652939
48,30,0.03975088521838188
48,31,0.04501310735940933
48,32,0.044987473636865616
48,33,0.04264671728014946
48,34,0.043131403625011444
48,35,0.05328292399644852
48,36,0.048225127160549164
48,37,0.04466068744659424
48,38,0.04966648295521736
48,39,0.04372595250606537
48,40,0.0486278310418129
48,41,0.046732097864151
48,42,0.04286447912454605
48,43,0.05072835087776184
48,44,0.04931945726275444
48,45,0.0527677908539772
48,46,0.05561917647719383
48,47,0.03943481668829918
48,48,0.043653834611177444
48,49,0.07870467007160187
48,50,0.051830679178237915
48,51,0.043644510209560394
48,52,0.04540921002626419
48,53,0.043242041021585464
48,54,0.045321498066186905
48,55,0.04448910802602768
48,56,0.04982977733016014
48,57,0.03979165107011795
48,58,0.043061695992946625
48,59,0.04095418006181717
48,60,0.04280697926878929
48,61,0.049704987555742264
48,62,0.04060306400060654
48,63,0.056188687682151794
48,64,0.04401025548577309
48,65,0.04136774316430092
48,66,0.04461926221847534
48,67,0.04062284156680107
48,68,0.05193224549293518
48,69,0.03557360917329788
48,70,0.04381762444972992
48,71,0.038471367210149765
48,72,0.041427966207265854
48,73,0.03902342915534973
48,74,0.039506249129772186
48,75,0.04838160052895546
48,76,0.04574529081583023
49,1,0.04949816316366196
49,2,0.044161729514598846
49,3,0.038118623197078705
49,4,0.034244850277900696
49,5,0.04442509263753891
49,6,0.05013984441757202
49,7,0.042794931679964066
49,8,0.038147442042827606
49,9,0.04514707997441292
49,10,0.054996732622385025
49,11,0.040188826620578766
49,12,0.036580998450517654
49,13,0.03876195102930069
49,14,0.048818767070770264
49,15,0.044221505522727966
49,16,0.04766285791993141
49,17,0.05617479607462883
49,18,0.04001852497458458
49,19,0.03800186887383461
49,20,0.05275265872478485
49,21,0.045590825378894806
49,22,0.04704960808157921
49,23,0.05043608695268631
49,24,0.046048589050769806
49,25,0.04106731712818146
49,26,0.0340084508061409
49,27,0.04352346807718277
49,28,0.040835168212652206
49,29,0.04253365471959114
49,30,0.04572437331080437
49,31,0.04653850197792053
49,32,0.041181530803442
49,33,0.03773413226008415
49,34,0.047494418919086456
49,35,0.04077457636594772
49,36,0.03961832448840141
49,37,0.04319814220070839
49,38,0.04322925955057144
49,39,0.04392523318529129
49,40,0.04673974961042404
49,41,0.04074485972523689
49,42,0.05681772530078888
49,43,0.043317608535289764
49,44,0.04489491134881973
49,45,0.060277827084064484
49,46,0.0527263768017292
49,47,0.05506034195423126
49,48,0.042260296642780304
49,49,0.04051409661769867
49,50,0.04842113330960274
49,51,0.041963186115026474
49,52,0.044831253588199615
49,53,0.04137665033340454
49,54,0.05357584357261658
49,55,0.0450519360601902
49,56,0.043356478214263916
49,57,0.04609495401382446
49,58,0.04266835004091263
49,59,0.03762428089976311
49,60,0.05077414587140083
49,61,0.05877995491027832
49,62,0.049020349979400635
49,63,0.0434548519551754
49,64,0.041996344923973083
49,65,0.042090512812137604
49,66,0.044994354248046875
49,67,0.04081685096025467
49,68,0.04020127281546593
49,69,0.04544511437416077
49,70,0.04811194911599159
49,71,0.04152388870716095
49,72,0.04767463728785515
49,73,0.04094836488366127
49,74,0.0422070138156414
49,75,0.039480581879615784
49,76,0.04303791746497154
50,1,0.04622775688767433
50,2,0.03880009800195694
50,3,0.05239904671907425
50,4,0.045194417238235474
50,5,0.05458439514040947
50,6,0.038482874631881714
50,7,0.04059334099292755
50,8,0.04979304224252701
50,9,0.044032298028469086
50,10,0.04170040041208267
50,11,0.045371390879154205
50,12,0.039338208734989166
50,13,0.04332728683948517
50,14,0.051815301179885864
50,15,0.04776548221707344
50,16,0.042394787073135376
50,17,0.042108260095119476
50,18,0.058698203414678574
50,19,0.039963897317647934
50,20,0.04895669221878052
50,21,0.045504216104745865
50,22,0.04612738639116287
50,23,0.0480368472635746
50,24,0.040138937532901764
50,25,0.04078039899468422
50,26,0.040626898407936096
50,27,0.03792509436607361
50,28,0.04427001252770424
50,29,0.040712058544158936
50,30,0.04513213783502579
50,31,0.04554549977183342
50,32,0.05214472860097885
50,33,0.03704778850078583
50,34,0.04602302238345146
50,35,0.048057347536087036
50,36,0.04662156477570534
50,37,0.03864029049873352
50,38,0.03675554692745209
50,39,0.05012316256761551
50,40,0.040109917521476746
50,41,0.04541651904582977
50,42,0.03528609871864319
50,43,0.04685395210981369
50,44,0.05078236758708954
50,45,0.04287571460008621
50,46,0.04045955091714859
50,47,0.03616536036133766
50,48,0.04038764536380768
50,49,0.043894268572330475
50,50,0.04394776001572609
50,51,0.05499134212732315
50,52,0.04588651284575462
50,53,0.03770947456359863
50,54,0.045140590518713
50,55,0.047120071947574615
50,56,0.042712315917015076
50,57,0.04614780843257904
50,58,0.04260041564702988
50,59,0.05088028311729431
50,60,0.036421775817871094
50,61,0.04295683652162552
50,62,0.04220108687877655
50,63,0.04609730839729309
50,64,0.039570827037096024
50,65,0.04077807813882828
50,66,0.03975166380405426
50,67,0.04084720462560654
50,68,0.03898197412490845
50,69,0.041841164231300354
50,70,0.041117340326309204
50,71,0.051032654941082
50,72,0.04461778700351715
50,73,0.04063957557082176
50,74,0.04250672459602356
50,75,0.04816587269306183
50,76,0.05123300105333328
