epoch,step,loss
1,1,1.7406986951828003
1,2,1.665898323059082
1,3,1.6132524013519287
1,4,1.5476343631744385
1,5,1.5125654935836792
1,6,1.471787929534912
1,7,1.4464681148529053
1,8,1.4130765199661255
1,9,1.3857719898223877
1,10,1.37583327293396
1,11,1.3505547046661377
1,12,1.321173906326294
1,13,1.3069568872451782
1,14,1.3067554235458374
1,15,1.2846324443817139
1,16,1.274895191192627
1,17,1.2641979455947876
1,18,1.2464287281036377
1,19,1.2355656623840332
1,20,1.2215991020202637
1,21,1.2072800397872925
1,22,1.1937501430511475
1,23,1.1892125606536865
1,24,1.179720401763916
1,25,1.1644160747528076
1,26,1.164491891860962
1,27,1.1485941410064697
1,28,1.1484012603759766
1,29,1.1330755949020386
1,30,1.1274731159210205
1,31,1.1138004064559937
1,32,1.1056658029556274
1,33,1.0978987216949463
1,34,1.0906586647033691
1,35,1.097015142440796
1,36,1.0763776302337646
1,37,1.067097783088684
1,38,1.060767412185669
1,39,1.0524137020111084
1,40,1.0459930896759033
1,41,1.0317176580429077
1,42,1.0426996946334839
1,43,1.0413992404937744
1,44,1.0188963413238525
1,45,1.0078120231628418
1,46,0.9942256212234497
1,47,0.988065242767334
1,48,0.9800703525543213
1,49,0.9700037240982056
1,50,0.9681054353713989
1,51,0.9593209028244019
1,52,0.951246976852417
1,53,0.9366872310638428
1,54,0.9442172050476074
1,55,0.9295196533203125
1,56,0.9177101850509644
1,57,0.9182457327842712
1,58,0.911755383014679
1,59,0.9094878435134888
1,60,0.887290894985199
1,61,0.8827944397926331
1,62,0.8716793656349182
1,63,0.8676384687423706
1,64,0.8518309593200684
1,65,0.8497869968414307
1,66,0.8293981552124023
1,67,0.8349006772041321
1,68,0.8396269679069519
1,69,0.8243575096130371
1,70,0.8249390125274658
1,71,0.8122800588607788
1,72,0.8213021755218506
1,73,0.787671685218811
1,74,0.8153002262115479
1,75,0.7832521200180054
1,76,0.7875145673751831
1,77,0.7743517756462097
2,1,0.7583850622177124
2,2,0.7593318819999695
2,3,0.7516900300979614
2,4,0.7432929873466492
2,5,0.7486993074417114
2,6,0.7271010875701904
2,7,0.7123197913169861
2,8,0.7183197140693665
2,9,0.7205109596252441
2,10,0.702701210975647
2,11,0.7091330289840698
2,12,0.6873139142990112
2,13,0.7036004066467285
2,14,0.6782984733581543
2,15,0.6737551689147949
2,16,0.675223708152771
2,17,0.6704713106155396
2,18,0.6900193095207214
2,19,0.6694886684417725
2,20,0.6630250811576843
2,21,0.6327714323997498
2,22,0.6407930254936218
2,23,0.6346933245658875
2,24,0.6513999700546265
2,25,0.6348189115524292
2,26,0.6179969906806946
2,27,0.6274101734161377
2,28,0.6276059150695801
2,29,0.6025973558425903
2,30,0.5876216888427734
2,31,0.6203743815422058
2,32,0.5992000102996826
2,33,0.5962404012680054
2,34,0.5768685340881348
2,35,0.5801283121109009
2,36,0.5650004148483276
2,37,0.5700048208236694
2,38,0.5587218999862671
2,39,0.5522903203964233
2,40,0.5498528480529785
2,41,0.5687499642372131
2,42,0.5571637153625488
2,43,0.5400821566581726
2,44,0.547003984451294
2,45,0.5535280704498291
2,46,0.5205823183059692
2,47,0.5260891914367676
2,48,0.5259087085723877
2,49,0.5236072540283203
2,50,0.5055318474769592
2,51,0.5085452795028687
2,52,0.5283246040344238
2,53,0.5086533427238464
2,54,0.4974488615989685
2,55,0.4924232065677643
2,56,0.4832589030265808
2,57,0.5110039710998535
2,58,0.4840274751186371
2,59,0.4880312383174896
2,60,0.4684760570526123
2,61,0.48522353172302246
2,62,0.4515990614891052
2,63,0.47807854413986206
2,64,0.45066308975219727
2,65,0.45415621995925903
2,66,0.45158904790878296
2,67,0.43981748819351196
2,68,0.43959659337997437
2,69,0.4426468014717102
2,70,0.4385465383529663
2,71,0.42019081115722656
2,72,0.46081072092056274
2,73,0.44517984986305237
2,74,0.4404542148113251
2,75,0.43171560764312744
2,76,0.40707212686538696
3,1,0.4218626022338867
3,2,0.3992176651954651
3,3,0.3861510753631592
3,4,0.38886910676956177
3,5,0.39576756954193115
3,6,0.39721107482910156
3,7,0.3792663514614105
3,8,0.3887982964515686
3,9,0.3750043213367462
3,10,0.3939361274242401
3,11,0.37960198521614075
3,12,0.39162907004356384
3,13,0.38791424036026
3,14,0.3892477750778198
3,15,0.38176003098487854
3,16,0.3568696677684784
3,17,0.38159531354904175
3,18,0.3670589327812195
3,19,0.3607269823551178
3,20,0.3531433939933777
3,21,0.3596266508102417
3,22,0.37599149346351624
3,23,0.35450488328933716
3,24,0.3484785556793213
3,25,0.34818944334983826
3,26,0.346084326505661
3,27,0.34779495000839233
3,28,0.3411836326122284
3,29,0.3502761125564575
3,30,0.3545456528663635
3,31,0.33208829164505005
3,32,0.3370305895805359
3,33,0.3340747654438019
3,34,0.33105242252349854
3,35,0.34478020668029785
3,36,0.333048552274704
3,37,0.32294338941574097
3,38,0.32656314969062805
3,39,0.3050921559333801
3,40,0.3067872226238251
3,41,0.32222476601600647
3,42,0.32793331146240234
3,43,0.2912634015083313
3,44,0.3020316958427429
3,45,0.32608285546302795
3,46,0.29941487312316895
3,47,0.31326398253440857
3,48,0.29053205251693726
3,49,0.31468144059181213
3,50,0.2997228801250458
3,51,0.2814410626888275
3,52,0.304879367351532
3,53,0.2792036533355713
3,54,0.2806152105331421
3,55,0.27812474966049194
3,56,0.26926353573799133
3,57,0.27742213010787964
3,58,0.2933129668235779
3,59,0.26971709728240967
3,60,0.28735318779945374
3,61,0.2783101201057434
3,62,0.26490211486816406
3,63,0.2710588872432709
3,64,0.2632993459701538
3,65,0.2770530879497528
3,66,0.25320005416870117
3,67,0.26987016201019287
3,68,0.28114044666290283
3,69,0.277328759431839
3,70,0.25577056407928467
3,71,0.2573171854019165
3,72,0.25745946168899536
3,73,0.26178810000419617
3,74,0.2884838581085205
3,75,0.24385084211826324
3,76,0.25391310453414917
4,1,0.28757286071777344
4,2,0.2545197308063507
4,3,0.2606954574584961
4,4,0.2528238892555237
4,5,0.2538677453994751
4,6,0.25262993574142456
4,7,0.2575952410697937
4,8,0.23497794568538666
4,9,0.25683432817459106
4,10,0.24382765591144562
4,11,0.2483001947402954
4,12,0.2534500062465668
4,13,0.23645049333572388
4,14,0.2284892499446869
4,15,0.2244887351989746
4,16,0.22040718793869019
4,17,0.24173474311828613
4,18,0.23342737555503845
4,19,0.2381441593170166
4,20,0.22041462361812592
4,21,0.25144755840301514
4,22,0.2722299098968506
4,23,0.24055057764053345
4,24,0.21953946352005005
4,25,0.21996906399726868
4,26,0.21092739701271057
4,27,0.2459487020969391
4,28,0.21805955469608307
4,29,0.22893741726875305
4,30,0.2418738752603531
4,31,0.21104930341243744
4,32,0.22738514840602875
4,33,0.21386763453483582
4,34,0.21317051351070404
4,35,0.22428768873214722
4,36,0.20683756470680237
4,37,0.20250368118286133
4,38,0.19277936220169067
4,39,0.20625606179237366
4,40,0.2135813683271408
4,41,0.21225005388259888
4,42,0.20849290490150452
4,43,0.2155989110469818
4,44,0.20630647242069244
4,45,0.20439115166664124
4,46,0.2139815241098404
4,47,0.21010009944438934
4,48,0.2313857078552246
4,49,0.21336475014686584
4,50,0.22618605196475983
4,51,0.2035665661096573
4,52,0.20919406414031982
4,53,0.1885845959186554
4,54,0.2069619596004486
4,55,0.18851450085639954
4,56,0.2041609138250351
4,57,0.1988469660282135
4,58,0.20829306542873383
4,59,0.21974876523017883
4,60,0.1959383189678192
4,61,0.2015686184167862
4,62,0.20480573177337646
4,63,0.2101828157901764
4,64,0.19713664054870605
4,65,0.20357969403266907
4,66,0.1892206370830536
4,67,0.1842038929462433
4,68,0.21380703151226044
4,69,0.17954666912555695
4,70,0.1712605357170105
4,71,0.18291640281677246
4,72,0.18523046374320984
4,73,0.19607765972614288
4,74,0.2063673436641693
4,75,0.186259463429451
4,76,0.18083450198173523
5,1,0.17477601766586304
5,2,0.19984394311904907
5,3,0.18879792094230652
5,4,0.17788732051849365
5,5,0.19049237668514252
5,6,0.18871071934700012
5,7,0.18071362376213074
5,8,0.17205120623111725
5,9,0.20575614273548126
5,10,0.17970195412635803
5,11,0.16898737847805023
5,12,0.17305585741996765
5,13,0.1913369745016098
5,14,0.18067656457424164
5,15,0.16645947098731995
5,16,0.1775241494178772
5,17,0.18734754621982574
5,18,0.16332419216632843
5,19,0.18157252669334412
5,20,0.1905054748058319
5,21,0.1911463588476181
5,22,0.17525848746299744
5,23,0.1691596955060959
5,24,0.17623722553253174
5,25,0.179655984044075
5,26,0.18012389540672302
5,27,0.2111676037311554
5,28,0.18611818552017212
5,29,0.1750776171684265
5,30,0.18273620307445526
5,31,0.25157201290130615
5,32,0.1761622130870819
5,33,0.17622129619121552
5,34,0.18925964832305908
5,35,0.17873533070087433
5,36,0.18890000879764557
5,37,0.16655199229717255
5,38,0.1582457721233368
5,39,0.17046943306922913
5,40,0.20314356684684753
5,41,0.1646091789007187
5,42,0.1757030487060547
5,43,0.15154443681240082
5,44,0.16414880752563477
5,45,0.16175323724746704
5,46,0.18424570560455322
5,47,0.18416905403137207
5,48,0.16437748074531555
5,49,0.1622515618801117
5,50,0.1627196967601776
5,51,0.17898327112197876
5,52,0.1627494841814041
5,53,0.1560717076063156
5,54,0.16468946635723114
5,55,0.1500525027513504
5,56,0.1652265191078186
5,57,0.1514541208744049
5,58,0.14907798171043396
5,59,0.1556641161441803
5,60,0.15346276760101318
5,61,0.16938695311546326
5,62,0.1490962952375412
5,63,0.14376680552959442
5,64,0.146333709359169
5,65,0.1933324933052063
5,66,0.1673511415719986
5,67,0.1520979404449463
5,68,0.14546984434127808
5,69,0.16521112620830536
5,70,0.1752491444349289
5,71,0.16590361297130585
5,72,0.14935705065727234
5,73,0.14797443151474
5,74,0.15754319727420807
5,75,0.14700669050216675
5,76,0.14771151542663574
6,1,0.14689485728740692
6,2,0.1439467966556549
6,3,0.15703701972961426
6,4,0.15233111381530762
6,5,0.16416287422180176
6,6,0.16154271364212036
6,7,0.1491703987121582
6,8,0.18011672794818878
6,9,0.14136630296707153
6,10,0.15412172675132751
6,11,0.1494440734386444
6,12,0.20745813846588135
6,13,0.13232290744781494
6,14,0.1540764719247818
6,15,0.15436729788780212
6,16,0.14038878679275513
6,17,0.16919493675231934
6,18,0.13140174746513367
6,19,0.1564057469367981
6,20,0.14631305634975433
6,21,0.1516547054052353
6,22,0.1514100730419159
6,23,0.15032948553562164
6,24,0.13370543718338013
6,25,0.15002048015594482
6,26,0.15154507756233215
6,27,0.13931739330291748
6,28,0.15719202160835266
6,29,0.14021140336990356
6,30,0.156210795044899
6,31,0.13836506009101868
6,32,0.15712854266166687
6,33,0.16093678772449493
6,34,0.1442306488752365
6,35,0.1424391120672226
6,36,0.12815076112747192
6,37,0.14981697499752045
6,38,0.14453348517417908
6,39,0.14967846870422363
6,40,0.14422813057899475
6,41,0.12953414022922516
6,42,0.13914380967617035
6,43,0.15323251485824585
6,44,0.14802968502044678
6,45,0.1726176142692566
6,46,0.13404306769371033
6,47,0.14531035721302032
6,48,0.14424511790275574
6,49,0.1333174705505371
6,50,0.1580212414264679
6,51,0.1602056622505188
6,52,0.15411236882209778
6,53,0.16838285326957703
6,54,0.14455385506153107
6,55,0.14126211404800415
6,56,0.1444610059261322
6,57,0.15239165723323822
6,58,0.13268883526325226
6,59,0.1283276379108429
6,60,0.1626252979040146
6,61,0.1690346598625183
6,62,0.1546909213066101
6,63,0.14693111181259155
6,64,0.14711011946201324
6,65,0.12627920508384705
6,66,0.13347679376602173
6,67,0.13140422105789185
6,68,0.1430693119764328
6,69,0.13582280278205872
6,70,0.13960161805152893
6,71,0.14553861320018768
6,72,0.12196528911590576
6,73,0.1364169716835022
6,74,0.1401847004890442
6,75,0.14331725239753723
6,76,0.14088855683803558
7,1,0.131433367729187
7,2,0.1170833557844162
7,3,0.14061203598976135
7,4,0.12159604579210281
7,5,0.13905063271522522
7,6,0.12878043949604034
7,7,0.13640516996383667
7,8,0.14100739359855652
7,9,0.13107295334339142
7,10,0.1426057517528534
7,11,0.17781361937522888
7,12,0.16144736111164093
7,13,0.13308113813400269
7,14,0.1316969096660614
7,15,0.13610181212425232
7,16,0.1333707869052887
7,17,0.13140332698822021
7,18,0.12008380889892578
7,19,0.12797322869300842
7,20,0.1430366039276123
7,21,0.13656900823116302
7,22,0.12229413539171219
7,23,0.1403440684080124
7,24,0.15567561984062195
7,25,0.12381650507450104
7,26,0.13784101605415344
7,27,0.1420706957578659
7,28,0.13999655842781067
7,29,0.13156309723854065
7,30,0.12166827917098999
7,31,0.12915921211242676
7,32,0.1253524124622345
7,33,0.13696956634521484
7,34,0.15082953870296478
7,35,0.14061209559440613
7,36,0.12942853569984436
7,37,0.1271173357963562
7,38,0.13573455810546875
7,39,0.12797799706459045
7,40,0.1270197182893753
7,41,0.12424438446760178
7,42,0.12070544809103012
7,43,0.1226416528224945
7,44,0.12583735585212708
7,45,0.10667942464351654
7,46,0.13800755143165588
7,47,0.1355488896369934
7,48,0.13986560702323914
7,49,0.12369100749492645
7,50,0.12055769562721252
7,51,0.11676163226366043
7,52,0.1424245834350586
7,53,0.13788962364196777
7,54,0.13047271966934204
7,55,0.1247924268245697
7,56,0.12134745717048645
7,57,0.11636708676815033
7,58,0.11778008937835693
7,59,0.10339190810918808
7,60,0.164296954870224
7,61,0.10416717827320099
7,62,0.11522878706455231
7,63,0.11638173460960388
7,64,0.10856877267360687
7,65,0.1320098638534546
7,66,0.11202534288167953
7,67,0.1237422525882721
7,68,0.12166040390729904
7,69,0.12325514107942581
7,70,0.11837076395750046
7,71,0.10472682118415833
7,72,0.11893437802791595
7,73,0.14966954290866852
7,74,0.12363451719284058
7,75,0.13408678770065308
7,76,0.10617643594741821
8,1,0.10996254533529282
8,2,0.11271537095308304
8,3,0.13728450238704681
8,4,0.11424887180328369
8,5,0.12252403050661087
8,6,0.116530641913414
8,7,0.111631840467453
8,8,0.11505831778049469
8,9,0.12430454790592194
8,10,0.12162934243679047
8,11,0.11253154277801514
8,12,0.1067807748913765
8,13,0.09754224121570587
8,14,0.13133156299591064
8,15,0.11214038729667664
8,16,0.12904763221740723
8,17,0.13703760504722595
8,18,0.11517096310853958
8,19,0.11796773970127106
8,20,0.11160328984260559
8,21,0.11586695164442062
8,22,0.11650791764259338
8,23,0.11330775916576385
8,24,0.11305854469537735
8,25,0.10954387485980988
8,26,0.1281929314136505
8,27,0.11868023872375488
8,28,0.11839889734983444
8,29,0.18508793413639069
8,30,0.12452036887407303
8,31,0.12157663702964783
8,32,0.11893193423748016
8,33,0.11258017271757126
8,34,0.1173558235168457
8,35,0.12101807445287704
8,36,0.13047142326831818
8,37,0.12160354107618332
8,38,0.12247344851493835
8,39,0.13111555576324463
8,40,0.12473081797361374
8,41,0.1290198415517807
8,42,0.11144834756851196
8,43,0.12855523824691772
8,44,0.11213593184947968
8,45,0.11204779893159866
8,46,0.10974141955375671
8,47,0.1265418827533722
8,48,0.13088418543338776
8,49,0.11148293316364288
8,50,0.10612268000841141
8,51,0.1263253092765808
8,52,0.10074420273303986
8,53,0.11157294362783432
8,54,0.12864989042282104
8,55,0.1182447150349617
8,56,0.11521969735622406
8,57,0.09934348613023758
8,58,0.10792955756187439
8,59,0.10984669625759125
8,60,0.10940630733966827
8,61,0.15224698185920715
8,62,0.11164484918117523
8,63,0.11845172941684723
8,64,0.11964857578277588
8,65,0.10687537491321564
8,66,0.09536851942539215
8,67,0.1269666999578476
8,68,0.10520081222057343
8,69,0.1117958053946495
8,70,0.10130874812602997
8,71,0.11977066099643707
8,72,0.10729210078716278
8,73,0.10731972008943558
8,74,0.10803220421075821
8,75,0.11574464291334152
8,76,0.11575719714164734
9,1,0.12108985334634781
9,2,0.10501845180988312
9,3,0.10271353274583817
9,4,0.10771595686674118
9,5,0.10957992076873779
9,6,0.11888304352760315
9,7,0.0946764200925827
9,8,0.11157497018575668
9,9,0.11014105379581451
9,10,0.11902489513158798
9,11,0.10265827924013138
9,12,0.1295689046382904
9,13,0.10925330221652985
9,14,0.1323687732219696
9,15,0.10028351843357086
9,16,0.11093854904174805
9,17,0.11491003632545471
9,18,0.09507998824119568
9,19,0.11954554170370102
9,20,0.10637442767620087
9,21,0.10654623061418533
9,22,0.09880555421113968
9,23,0.12007996439933777
9,24,0.09286747872829437
9,25,0.09342783689498901
9,26,0.10242098569869995
9,27,0.12203001230955124
9,28,0.11651887744665146
9,29,0.10632586479187012
9,30,0.11798343062400818
9,31,0.09773686528205872
9,32,0.11776028573513031
9,33,0.10071034729480743
9,34,0.09327693283557892
9,35,0.10539770126342773
9,36,0.1073194295167923
9,37,0.09290924668312073
9,38,0.09354335069656372
9,39,0.12616771459579468
9,40,0.09203419089317322
9,41,0.10031499713659286
9,42,0.09427173435688019
9,43,0.10139717161655426
9,44,0.10115114599466324
9,45,0.09745509922504425
9,46,0.09968946874141693
9,47,0.09990443289279938
9,48,0.11122769862413406
9,49,0.10706745088100433
9,50,0.09625115990638733
9,51,0.09601414203643799
9,52,0.10678155720233917
9,53,0.10522615164518356
9,54,0.10672436654567719
9,55,0.10891316831111908
9,56,0.11733493208885193
9,57,0.10791733115911484
9,58,0.10836535692214966
9,59,0.11220064014196396
9,60,0.09442555904388428
9,61,0.10301634669303894
9,62,0.08993230760097504
9,63,0.11509718000888824
9,64,0.10747937858104706
9,65,0.09989312291145325
9,66,0.10141312330961227
9,67,0.0991642028093338
9,68,0.12994760274887085
9,69,0.09855861961841583
9,70,0.11530731618404388
9,71,0.11350730061531067
9,72,0.0970538854598999
9,73,0.10897091776132584
9,74,0.10314887762069702
9,75,0.13641473650932312
9,76,0.11691701412200928
10,1,0.09935338795185089
10,2,0.09945999830961227
10,3,0.11525778472423553
10,4,0.10287658870220184
10,5,0.1671832799911499
10,6,0.09282660484313965
10,7,0.1339239627122879
10,8,0.0947045236825943
10,9,0.11520341038703918
10,10,0.1001795306801796
10,11,0.11772599816322327
10,12,0.12056262046098709
10,13,0.10167819261550903
10,14,0.10238610953092575
10,15,0.11088282614946365
10,16,0.10408657044172287
10,17,0.11667302250862122
10,18,0.0988633930683136
10,19,0.09826143085956573
10,20,0.11205394566059113
10,21,0.09388931095600128
10,22,0.09708447009325027
10,23,0.10357977449893951
10,24,0.09188839048147202
10,25,0.09812378883361816
10,26,0.10342717170715332
10,27,0.10453622043132782
10,28,0.09455166757106781
10,29,0.10061848163604736
10,30,0.09769222885370255
10,31,0.10257327556610107
10,32,0.09418860077857971
10,33,0.118589386343956
10,34,0.0945824533700943
10,35,0.10311322659254074
10,36,0.08978290855884552
10,37,0.1041083037853241
10,38,0.09376229345798492
10,39,0.09756151586771011
10,40,0.11593173444271088
10,41,0.11481131613254547
10,42,0.09014423191547394
10,43,0.09564539045095444
10,44,0.10851478576660156
10,45,0.09371384978294373
10,46,0.07862252742052078
10,47,0.11592793464660645
10,48,0.1581132858991623
10,49,0.10185332596302032
10,50,0.11212311685085297
10,51,0.08798042684793472
10,52,0.1060267984867096
10,53,0.09533968567848206
10,54,0.10990795493125916
10,55,0.10195683687925339
10,56,0.10900876671075821
10,57,0.09744694828987122
10,58,0.10448502004146576
10,59,0.10260486602783203
10,60,0.09273898601531982
10,61,0.10692106187343597
10,62,0.08072404563426971
10,63,0.09923955053091049
10,64,0.09080704301595688
10,65,0.10439816862344742
10,66,0.09828568994998932
10,67,0.11261266469955444
10,68,0.09271320700645447
10,69,0.0800839364528656
10,70,0.0950012356042862
10,71,0.11571002006530762
10,72,0.10498235374689102
10,73,0.09617441147565842
10,74,0.10731939971446991
10,75,0.10286398977041245
10,76,0.10746146738529205
11,1,0.11582034826278687
11,2,0.09337185323238373
11,3,0.10959044843912125
11,4,0.08926644176244736
11,5,0.11646515876054764
11,6,0.09562892466783524
11,7,0.10195494443178177
11,8,0.09540458023548126
11,9,0.10959634929895401
11,10,0.093574658036232
11,11,0.09285987168550491
11,12,0.09847384691238403
11,13,0.11208135634660721
11,14,0.09784539043903351
11,15,0.10262568295001984
11,16,0.10942522436380386
11,17,0.09177593886852264
11,18,0.11365906894207001
11,19,0.09754645824432373
11,20,0.09293918311595917
11,21,0.0978158712387085
11,22,0.12408390641212463
11,23,0.0897674560546875
11,24,0.10695290565490723
11,25,0.10700088739395142
11,26,0.10847313702106476
11,27,0.09971530735492706
11,28,0.08984655886888504
11,29,0.0918550193309784
11,30,0.10510674118995667
11,31,0.10512371361255646
11,32,0.0870739221572876
11,33,0.10470525920391083
11,34,0.08929193019866943
11,35,0.09442855417728424
11,36,0.11025673151016235
11,37,0.08510498702526093
11,38,0.09826096892356873
11,39,0.0849519595503807
11,40,0.08480003476142883
11,41,0.08921598643064499
11,42,0.09328635036945343
11,43,0.0903177261352539
11,44,0.09741171449422836
11,45,0.10554750263690948
11,46,0.09813511371612549
11,47,0.0950779914855957
11,48,0.08836238831281662
11,49,0.09489426016807556
11,50,0.09266725182533264
11,51,0.11223284900188446
11,52,0.10793420672416687
11,53,0.10445009917020798
11,54,0.1264311671257019
11,55,0.1130320131778717
11,56,0.09283065050840378
11,57,0.09664037823677063
11,58,0.09100046008825302
11,59,0.09756848216056824
11,60,0.09389977902173996
11,61,0.08828502148389816
11,62,0.10211505740880966
11,63,0.09109053015708923
11,64,0.08634766936302185
11,65,0.08880879729986191
11,66,0.1108846589922905
11,67,0.10010585188865662
11,68,0.10315105319023132
11,69,0.08633239567279816
11,70,0.07992206513881683
11,71,0.1032550185918808
11,72,0.0976487398147583
11,73,0.0983838140964508
11,74,0.08319029211997986
11,75,0.08753401786088943
11,76,0.09179649502038956
12,1,0.10165245831012726
12,2,0.08375415205955505
12,3,0.08956018090248108
12,4,0.10565164685249329
12,5,0.07763299345970154
12,6,0.07535730302333832
12,7,0.10678251087665558
12,8,0.10381926596164703
12,9,0.08412636816501617
12,10,0.0968729555606842
12,11,0.09370607137680054
12,12,0.09612436592578888
12,13,0.10340911895036697
12,14,0.09124933928251266
12,15,0.0849827229976654
12,16,0.11274103820323944
12,17,0.07813471555709839
12,18,0.0938904881477356
12,19,0.1032198816537857
12,20,0.11220420897006989
12,21,0.08794793486595154
12,22,0.11360764503479004
12,23,0.10493168234825134
12,24,0.1189231276512146
12,25,0.08283077925443649
12,26,0.08344598114490509
12,27,0.08487235009670258
12,28,0.08537888526916504
12,29,0.09608973562717438
12,30,0.0906936377286911
12,31,0.12590071558952332
12,32,0.09078088402748108
12,33,0.0965341180562973
12,34,0.0889478549361229
12,35,0.08833719789981842
12,36,0.10825742036104202
12,37,0.10622824728488922
12,38,0.09500391781330109
12,39,0.09412483125925064
12,40,0.10123299062252045
12,41,0.09983167052268982
12,42,0.09655743837356567
12,43,0.09055286645889282
12,44,0.09831638634204865
12,45,0.10372661054134369
12,46,0.08549678325653076
12,47,0.09461161494255066
12,48,0.10379350185394287
12,49,0.09556829929351807
12,50,0.08416492491960526
12,51,0.13778239488601685
12,52,0.08773984014987946
12,53,0.08857393264770508
12,54,0.10270728915929794
12,55,0.09462705999612808
12,56,0.08236585557460785
12,57,0.11581040173768997
12,58,0.09770900011062622
12,59,0.0835166797041893
12,60,0.10253246128559113
12,61,0.09306563436985016
12,62,0.09058946371078491
12,63,0.08817841112613678
12,64,0.07506395876407623
12,65,0.08514614403247833
12,66,0.10016810894012451
12,67,0.08907725661993027
12,68,0.09019896388053894
12,69,0.08721961081027985
12,70,0.08559080958366394
12,71,0.0922471284866333
12,72,0.08163593709468842
12,73,0.08255254477262497
12,74,0.0799274891614914
12,75,0.0768241435289383
12,76,0.07357604801654816
13,1,0.08175818622112274
13,2,0.08492137491703033
13,3,0.09160203486680984
13,4,0.0739784687757492
13,5,0.07899226248264313
13,6,0.09994416683912277
13,7,0.08000695705413818
13,8,0.11173184216022491
13,9,0.08600468933582306
13,10,0.08033347129821777
13,11,0.0958261787891388
13,12,0.0793171226978302
13,13,0.09569122642278671
13,14,0.09145678579807281
13,15,0.09211455285549164
13,16,0.10569266974925995
13,17,0.0859156996011734
13,18,0.08595439791679382
13,19,0.09107205271720886
13,20,0.10465575754642487
13,21,0.08777931332588196
13,22,0.07849940657615662
13,23,0.09887327253818512
13,24,0.08439863473176956
13,25,0.11879147589206696
13,26,0.09930102527141571
13,27,0.0826868861913681
13,28,0.09390513598918915
13,29,0.08886224031448364
13,30,0.09772531688213348
13,31,0.07418061047792435
13,32,0.09101634472608566
13,33,0.08870132267475128
13,34,0.09124775975942612
13,35,0.07025348395109177
13,36,0.07996857166290283
13,37,0.08949548006057739
13,38,0.08801481127738953
13,39,0.09862139075994492
13,40,0.07881724834442139
13,41,0.09402983635663986
13,42,0.08505745232105255
13,43,0.08326366543769836
13,44,0.10526789724826813
13,45,0.11533574014902115
13,46,0.07893959432840347
13,47,0.09200745075941086
13,48,0.08741890639066696
13,49,0.08453014492988586
13,50,0.08866532146930695
13,51,0.07960137724876404
13,52,0.09319989383220673
13,53,0.08124041557312012
13,54,0.07077687978744507
13,55,0.10640622675418854
13,56,0.09545078873634338
13,57,0.08283498138189316
13,58,0.0872553288936615
13,59,0.09124158322811127
13,60,0.0894448310136795
13,61,0.08515569567680359
13,62,0.08456209301948547
13,63,0.08581680804491043
13,64,0.08621639013290405
13,65,0.07899828255176544
13,66,0.07012128829956055
13,67,0.07879862189292908
13,68,0.08581487089395523
13,69,0.07936543226242065
13,70,0.10367614030838013
13,71,0.0813918486237526
13,72,0.07513873279094696
13,73,0.09320221841335297
13,74,0.07669256627559662
13,75,0.09650682657957077
13,76,0.07190680503845215
14,1,0.08682428300380707
14,2,0.08836555480957031
14,3,0.08305519819259644
14,4,0.08354653418064117
14,5,0.08437454700469971
14,6,0.09744182229042053
14,7,0.08573061227798462
14,8,0.09385022521018982
14,9,0.08979681879281998
14,10,0.07708115875720978
14,11,0.07187944650650024
14,12,0.07013258337974548
14,13,0.08636537194252014
14,14,0.09535093605518341
14,15,0.07516391575336456
14,16,0.08169881999492645
14,17,0.07938090711832047
14,18,0.09409064799547195
14,19,0.07766543328762054
14,20,0.08881550282239914
14,21,0.08635947853326797
14,22,0.09992049634456635
14,23,0.09011365473270416
14,24,0.07535678148269653
14,25,0.07537127286195755
14,26,0.07850691676139832
14,27,0.09416674077510834
14,28,0.07237779349088669
14,29,0.0876791924238205
14,30,0.0785815417766571
14,31,0.08204442262649536
14,32,0.07292460650205612
14,33,0.06643304973840714
14,34,0.08357754349708557
14,35,0.08509864658117294
14,36,0.08674001693725586
14,37,0.09304328262805939
14,38,0.0813823938369751
14,39,0.08734554052352905
14,40,0.08318953216075897
14,41,0.09432615339756012
14,42,0.09199929982423782
14,43,0.08387312293052673
14,44,0.0749063789844513
14,45,0.07802711427211761
14,46,0.08776092529296875
14,47,0.07410378009080887
14,48,0.07940877974033356
14,49,0.07950162887573242
14,50,0.09740632772445679
14,51,0.08319433778524399
14,52,0.07739728689193726
14,53,0.07950742542743683
14,54,0.08498844504356384
14,55,0.09236710518598557
14,56,0.08154989778995514
14,57,0.07533390074968338
14,58,0.08160772919654846
14,59,0.08766242116689682
14,60,0.08561819791793823
14,61,0.08210156857967377
14,62,0.08246557414531708
14,63,0.07686076313257217
14,64,0.08779726922512054
14,65,0.07555797696113586
14,66,0.07699659466743469
14,67,0.07560883462429047
14,68,0.08260881900787354
14,69,0.08338473737239838
14,70,0.08207456022500992
14,71,0.07009929418563843
14,72,0.10788346081972122
14,73,0.09503893554210663
14,74,0.09333153069019318
14,75,0.10975266247987747
14,76,0.09011607617139816
15,1,0.08500704169273376
15,2,0.0767514780163765
15,3,0.1031176745891571
15,4,0.09725858271121979
15,5,0.09230721741914749
15,6,0.08317066729068756
15,7,0.09206165373325348
15,8,0.07888785004615784
15,9,0.09919413924217224
15,10,0.08589854836463928
15,11,0.08099701255559921
15,12,0.09056529402732849
15,13,0.08703147619962692
15,14,0.080724336206913
15,15,0.09530473500490189
15,16,0.0799885094165802
15,17,0.08382608741521835
15,18,0.09219298511743546
15,19,0.08114548027515411
15,20,0.0964554026722908
15,21,0.09731067717075348
15,22,0.08054886013269424
15,23,0.08111216872930527
15,24,0.07857063412666321
15,25,0.08983106911182404
15,26,0.08098237216472626
15,27,0.08695252239704132
15,28,0.08947329968214035
15,29,0.08111006021499634
15,30,0.08687980473041534
15,31,0.12389404326677322
15,32,0.08154651522636414
15,33,0.08830633759498596
15,34,0.08407583832740784
15,35,0.10225439816713333
15,36,0.0872669517993927
15,37,0.08973503112792969
15,38,0.08436311036348343
15,39,0.08406344056129456
15,40,0.07717621326446533
15,41,0.07331885397434235
15,42,0.08223149925470352
15,43,0.10369640588760376
15,44,0.09006033837795258
15,45,0.0887962132692337
15,46,0.0811065062880516
15,47,0.09264369308948517
15,48,0.09437452256679535
15,49,0.10114067792892456
15,50,0.08404110372066498
15,51,0.08127683401107788
15,52,0.09243158251047134
15,53,0.08873952925205231
15,54,0.0879698395729065
15,55,0.09146733582019806
15,56,0.07335424423217773
15,57,0.08469505608081818
15,58,0.09292184561491013
15,59,0.08161604404449463
15,60,0.08763749897480011
15,61,0.08093777298927307
15,62,0.08987662196159363
15,63,0.08883199095726013
15,64,0.08512842655181885
15,65,0.07741483300924301
15,66,0.08548256009817123
15,67,0.08804070949554443
15,68,0.08596199005842209
15,69,0.07655084133148193
15,70,0.09403347223997116
15,71,0.07779937982559204
15,72,0.0883408635854721
15,73,0.07929599285125732
15,74,0.09381277859210968
15,75,0.07865031808614731
15,76,0.07635153084993362
16,1,0.08408190310001373
16,2,0.07473835349082947
16,3,0.10134397447109222
16,4,0.08465080708265305
16,5,0.08084675669670105
16,6,0.06993308663368225
16,7,0.0758591741323471
16,8,0.08265972137451172
16,9,0.06687867641448975
16,10,0.0732181966304779
16,11,0.07671790570020676
16,12,0.08296103775501251
16,13,0.08559852838516235
16,14,0.07525818049907684
16,15,0.08067074418067932
16,16,0.092069610953331
16,17,0.06909571588039398
16,18,0.07162250578403473
16,19,0.10941006243228912
16,20,0.0911216288805008
16,21,0.09816477447748184
16,22,0.08354616165161133
16,23,0.09191300719976425
16,24,0.08987154066562653
16,25,0.07498927414417267
16,26,0.08775758743286133
16,27,0.08040976524353027
16,28,0.0740385428071022
16,29,0.07448994368314743
16,30,0.0762624740600586
16,31,0.0756111741065979
16,32,0.09761139750480652
16,33,0.07964327931404114
16,34,0.09660834074020386
16,35,0.08991092443466187
16,36,0.07625985890626907
16,37,0.07503356784582138
16,38,0.07570778578519821
16,39,0.08312653750181198
16,40,0.08612553775310516
16,41,0.07880502194166183
16,42,0.08333851397037506
16,43,0.08438627421855927
16,44,0.0719362124800682
16,45,0.08012950420379639
16,46,0.07957325875759125
16,47,0.08028627187013626
16,48,0.0759592205286026
16,49,0.07919762283563614
16,50,0.08404821157455444
16,51,0.084708571434021
16,52,0.09076106548309326
16,53,0.061613261699676514
16,54,0.09563462436199188
16,55,0.08150091767311096
16,56,0.06717650592327118
16,57,0.0995965301990509
16,58,0.10907065123319626
16,59,0.07581299543380737
16,60,0.08267589658498764
16,61,0.08491334319114685
16,62,0.09972932934761047
16,63,0.06770054996013641
16,64,0.07706424593925476
16,65,0.0760330855846405
16,66,0.06970040500164032
16,67,0.08496719598770142
16,68,0.08684422820806503
16,69,0.0740765929222107
16,70,0.0859924703836441
16,71,0.07304294407367706
16,72,0.06946069002151489
16,73,0.08340700715780258
16,74,0.08754441142082214
16,75,0.08399757742881775
16,76,0.07944697886705399
17,1,0.07651682943105698
17,2,0.07601601630449295
17,3,0.08006972074508667
17,4,0.07453438639640808
17,5,0.07380843162536621
17,6,0.07552408427000046
17,7,0.07106724381446838
17,8,0.08273561298847198
17,9,0.08207392692565918
17,10,0.0745190680027008
17,11,0.07689090073108673
17,12,0.07716761529445648
17,13,0.08276404440402985
17,14,0.1013939306139946
17,15,0.07441987097263336
17,16,0.0850069671869278
17,17,0.0796019583940506
17,18,0.07405027747154236
17,19,0.06396174430847168
17,20,0.06901665776968002
17,21,0.08688592910766602
17,22,0.08842889964580536
17,23,0.09000247716903687
17,24,0.07569260150194168
17,25,0.07771556079387665
17,26,0.08387070149183273
17,27,0.09907626360654831
17,28,0.07059501856565475
17,29,0.08994695544242859
17,30,0.07141830027103424
17,31,0.08451684564352036
17,32,0.07994282245635986
17,33,0.07329223304986954
17,34,0.08546154946088791
17,35,0.0730401873588562
17,36,0.0722188651561737
17,37,0.0770566314458847
17,38,0.0816817656159401
17,39,0.08566801249980927
17,40,0.07617004215717316
17,41,0.0818432867527008
17,42,0.07202138006687164
17,43,0.07432153820991516
17,44,0.08092702925205231
17,45,0.09592100977897644
17,46,0.0698176696896553
17,47,0.06831817328929901
17,48,0.07763620465993881
17,49,0.08422470092773438
17,50,0.07101617753505707
17,51,0.08486740291118622
17,52,0.07543833553791046
17,53,0.06808231770992279
17,54,0.09850873798131943
17,55,0.06052917242050171
17,56,0.07487644255161285
17,57,0.06167473644018173
17,58,0.07704702019691467
17,59,0.07680736482143402
17,60,0.0649215430021286
17,61,0.0684569701552391
17,62,0.08956043422222137
17,63,0.0813867598772049
17,64,0.06802117079496384
17,65,0.0831921249628067
17,66,0.07420331984758377
17,67,0.09498290717601776
17,68,0.07559219002723694
17,69,0.07953281700611115
17,70,0.06125972792506218
17,71,0.06734530627727509
17,72,0.07548525929450989
17,73,0.06880716979503632
17,74,0.07972714304924011
17,75,0.07800611108541489
17,76,0.06444606184959412
18,1,0.0676567554473877
18,2,0.06830345839262009
18,3,0.08516477048397064
18,4,0.0647159218788147
18,5,0.0754162073135376
18,6,0.0709209218621254
18,7,0.08296073973178864
18,8,0.06953728199005127
18,9,0.08055923879146576
18,10,0.07980266213417053
18,11,0.07276065647602081
18,12,0.06932190805673599
18,13,0.07987435907125473
18,14,0.08025491237640381
18,15,0.06874372065067291
18,16,0.07011513411998749
18,17,0.06399854272603989
18,18,0.07809342443943024
18,19,0.0574009045958519
18,20,0.07087450474500656
18,21,0.07898329198360443
18,22,0.07734831422567368
18,23,0.0755259096622467
18,24,0.07614125311374664
18,25,0.08975920081138611
18,26,0.06818953156471252
18,27,0.0738125592470169
18,28,0.07691199332475662
18,29,0.0774078369140625
18,30,0.07920975238084793
18,31,0.0761336088180542
18,32,0.07144449651241302
18,33,0.07291990518569946
18,34,0.06956152617931366
18,35,0.0738014504313469
18,36,0.08054124563932419
18,37,0.07403687387704849
18,38,0.06789841502904892
18,39,0.0709928572177887
18,40,0.06715606898069382
18,41,0.0919882282614708
18,42,0.07082591950893402
18,43,0.06845538318157196
18,44,0.08370622992515564
18,45,0.06895971298217773
18,46,0.0664365291595459
18,47,0.08560749143362045
18,48,0.07722964882850647
18,49,0.06252823770046234
18,50,0.07972802221775055
18,51,0.06715632230043411
18,52,0.07571445405483246
18,53,0.08814649283885956
18,54,0.07725817710161209
18,55,0.08315485715866089
18,56,0.06780984997749329
18,57,0.059612177312374115
18,58,0.07795606553554535
18,59,0.08988600969314575
18,60,0.10400143265724182
18,61,0.08783671259880066
18,62,0.08021803200244904
18,63,0.07606764882802963
18,64,0.07457558810710907
18,65,0.06739771366119385
18,66,0.07601533830165863
18,67,0.07139259576797485
18,68,0.07738140225410461
18,69,0.09467042982578278
18,70,0.07877947390079498
18,71,0.08157601952552795
18,72,0.07051211595535278
18,73,0.07671192288398743
18,74,0.062423739582300186
18,75,0.07283459603786469
18,76,0.06988836079835892
19,1,0.07325199991464615
19,2,0.07051801681518555
19,3,0.06840935349464417
19,4,0.08605463057756424
19,5,0.06887349486351013
19,6,0.05782151222229004
19,7,0.06579041481018066
19,8,0.0654606819152832
19,9,0.0610770583152771
19,10,0.0767558291554451
19,11,0.0693739652633667
19,12,0.07155880331993103
19,13,0.07626980543136597
19,14,0.06809382140636444
19,15,0.06367635726928711
19,16,0.07076391577720642
19,17,0.07365027070045471
19,18,0.066622793674469
19,19,0.06923265755176544
19,20,0.06970077753067017
19,21,0.08321580290794373
19,22,0.0789760872721672
19,23,0.08028910309076309
19,24,0.06717906892299652
19,25,0.08070570975542068
19,26,0.06672956049442291
19,27,0.11223722994327545
19,28,0.06526731699705124
19,29,0.08806133270263672
19,30,0.07223359495401382
19,31,0.07259080559015274
19,32,0.06972306221723557
19,33,0.0674978643655777
19,34,0.07185931503772736
19,35,0.06914323568344116
19,36,0.08707688748836517
19,37,0.07241667807102203
19,38,0.07244861871004105
19,39,0.0732218474149704
19,40,0.09018056839704514
19,41,0.08787185698747635
19,42,0.08543843775987625
19,43,0.07258409261703491
19,44,0.08653952181339264
19,45,0.06414158642292023
19,46,0.06052085757255554
19,47,0.07431896030902863
19,48,0.07538250088691711
19,49,0.07297845184803009
19,50,0.08281111717224121
19,51,0.06419327110052109
19,52,0.07983630895614624
19,53,0.06824876368045807
19,54,0.0656694769859314
19,55,0.06340594589710236
19,56,0.10124315321445465
19,57,0.08889961987733841
19,58,0.07094492763280869
19,59,0.08024473488330841
19,60,0.089194655418396
19,61,0.08737610280513763
19,62,0.07541164755821228
19,63,0.0747506320476532
19,64,0.07741916179656982
19,65,0.07622091472148895
19,66,0.07722803205251694
19,67,0.06955444067716599
19,68,0.07443854212760925
19,69,0.06910984963178635
19,70,0.07923062145709991
19,71,0.07003652304410934
19,72,0.07415273040533066
19,73,0.06564618647098541
19,74,0.0726037472486496
19,75,0.07168269157409668
19,76,0.08054330945014954
20,1,0.07269240915775299
20,2,0.06179461628198624
20,3,0.05919339135289192
20,4,0.0711665153503418
20,5,0.05850429832935333
20,6,0.06575195491313934
20,7,0.07685208320617676
20,8,0.0649292916059494
20,9,0.08325087279081345
20,10,0.07490315288305283
20,11,0.07393394410610199
20,12,0.08725152164697647
20,13,0.08252150565385818
20,14,0.0673462301492691
20,15,0.06847871840000153
20,16,0.0688173770904541
20,17,0.07648952305316925
20,18,0.08317063748836517
20,19,0.07490480691194534
20,20,0.08496856689453125
20,21,0.0719151720404625
20,22,0.06104489415884018
20,23,0.07649044692516327
20,24,0.07225491106510162
20,25,0.09035232663154602
20,26,0.07145340740680695
20,27,0.0742187649011612
20,28,0.07547050714492798
20,29,0.0679713785648346
20,30,0.07640141248703003
20,31,0.07970091700553894
20,32,0.07984919846057892
20,33,0.08525033295154572
20,34,0.0620531402528286
20,35,0.06717093288898468
20,36,0.05703777074813843
20,37,0.06546969711780548
20,38,0.07922077178955078
20,39,0.06109403818845749
20,40,0.06170949712395668
20,41,0.08277727663516998
20,42,0.07783997803926468
20,43,0.0672452449798584
20,44,0.06389865279197693
20,45,0.06604717671871185
20,46,0.0881640613079071
20,47,0.07123102247714996
20,48,0.0805044174194336
20,49,0.07446557283401489
20,50,0.07487214356660843
20,51,0.070637546479702
20,52,0.07201875746250153
20,53,0.06449373811483383
20,54,0.06208118051290512
20,55,0.07376553118228912
20,56,0.061896104365587234
20,57,0.07752954959869385
20,58,0.06806729733943939
20,59,0.07321375608444214
20,60,0.07050066441297531
20,61,0.07348215579986572
20,62,0.0846390500664711
20,63,0.08571864664554596
20,64,0.08196594566106796
20,65,0.07122316211462021
20,66,0.0650101974606514
20,67,0.07073479890823364
20,68,0.07192385941743851
20,69,0.07029733061790466
20,70,0.06585082411766052
20,71,0.06321735680103302
20,72,0.08616103231906891
20,73,0.06118528172373772
20,74,0.07242506742477417
20,75,0.07181793451309204
20,76,0.06329696625471115
21,1,0.06892724335193634
21,2,0.06450725346803665
21,3,0.07327576726675034
21,4,0.06539624184370041
21,5,0.06839914619922638
21,6,0.06858920305967331
21,7,0.06497479975223541
21,8,0.07829027622938156
21,9,0.06875059008598328
21,10,0.060605522245168686
21,11,0.06330791115760803
21,12,0.08063236624002457
21,13,0.07650110125541687
21,14,0.06939204037189484
21,15,0.06960457563400269
21,16,0.07210757583379745
21,17,0.06584537774324417
21,18,0.05761566385626793
21,19,0.07180384546518326
21,20,0.057969726622104645
21,21,0.07197807729244232
21,22,0.0743698999285698
21,23,0.07135085761547089
21,24,0.07351183891296387
21,25,0.06254776567220688
21,26,0.056939221918582916
21,27,0.06969304382801056
21,28,0.06309805810451508
21,29,0.06261108815670013
21,30,0.07039644569158554
21,31,0.0588601790368557
21,32,0.06931973248720169
21,33,0.06331495940685272
21,34,0.07032864540815353
21,35,0.06789186596870422
21,36,0.051082246005535126
21,37,0.06451230496168137
21,38,0.0770922601222992
21,39,0.057998042553663254
21,40,0.06945369392633438
21,41,0.07171319425106049
21,42,0.06353149563074112
21,43,0.06809645891189575
21,44,0.05863094702363014
21,45,0.06745313107967377
21,46,0.06201263517141342
21,47,0.0623660571873188
21,48,0.06943453848361969
21,49,0.07349418848752975
21,50,0.07315228879451752
21,51,0.06349316239356995
21,52,0.07121886312961578
21,53,0.06865638494491577
21,54,0.07756401598453522
21,55,0.06961888819932938
21,56,0.07338612526655197
21,57,0.06272002309560776
21,58,0.06976239383220673
21,59,0.0740150660276413
21,60,0.06657175719738007
21,61,0.07544362545013428
21,62,0.07065646350383759
21,63,0.07267671823501587
21,64,0.07434478402137756
21,65,0.06535688787698746
21,66,0.07489770650863647
21,67,0.07217857986688614
21,68,0.05911435931921005
21,69,0.0697690099477768
21,70,0.06051965802907944
21,71,0.07149185240268707
21,72,0.05683879554271698
21,73,0.07584613561630249
21,74,0.07202266901731491
21,75,0.0639457181096077
21,76,0.08280347287654877
22,1,0.06429241597652435
22,2,0.07417173683643341
22,3,0.07359597086906433
22,4,0.10359560698270798
22,5,0.0654529333114624
22,6,0.06288370490074158
22,7,0.0692840963602066
22,8,0.09497524797916412
22,9,0.05834212899208069
22,10,0.07789181172847748
22,11,0.08161453157663345
22,12,0.07412058115005493
22,13,0.0987820252776146
22,14,0.06954824179410934
22,15,0.06894267350435257
22,16,0.08621944487094879
22,17,0.07094985991716385
22,18,0.05425062030553818
22,19,0.05507896840572357
22,20,0.08172851800918579
22,21,0.07343795895576477
22,22,0.06938020884990692
22,23,0.1019693911075592
22,24,0.09208492189645767
22,25,0.07175133377313614
22,26,0.06103065609931946
22,27,0.06750202924013138
22,28,0.07686862349510193
22,29,0.08545523881912231
22,30,0.09381964057683945
22,31,0.06995831429958344
22,32,0.07176312804222107
22,33,0.0826137512922287
22,34,0.07536212354898453
22,35,0.0671030804514885
22,36,0.07065406441688538
22,37,0.07306435704231262
22,38,0.06290491670370102
22,39,0.0765773206949234
22,40,0.06623208522796631
22,41,0.08315501362085342
22,42,0.07142718136310577
22,43,0.07067751884460449
22,44,0.06806376576423645
22,45,0.06319057196378708
22,46,0.06720419973134995
22,47,0.06834234297275543
22,48,0.06877471506595612
22,49,0.0627102330327034
22,50,0.06150937080383301
22,51,0.07127025723457336
22,52,0.0885852724313736
22,53,0.09552887082099915
22,54,0.06719203293323517
22,55,0.058767639100551605
22,56,0.06756548583507538
22,57,0.0626087337732315
22,58,0.05785609781742096
22,59,0.07034996151924133
22,60,0.08915005624294281
22,61,0.06373797357082367
22,62,0.06804404407739639
22,63,0.06326210498809814
22,64,0.06680546700954437
22,65,0.06963472813367844
22,66,0.0670844092965126
22,67,0.07380013167858124
22,68,0.06716584414243698
22,69,0.07215443253517151
22,70,0.05849239230155945
22,71,0.06096911430358887
22,72,0.055344872176647186
22,73,0.06390786916017532
22,74,0.08208861947059631
22,75,0.07650911062955856
22,76,0.07141555845737457
23,1,0.06529539078474045
23,2,0.057561762630939484
23,3,0.07128429412841797
23,4,0.055080875754356384
23,5,0.08252911269664764
23,6,0.0568046048283577
23,7,0.0688309520483017
23,8,0.081560879945755
23,9,0.065057672560215
23,10,0.07307791709899902
23,11,0.06068545952439308
23,12,0.07911524176597595
23,13,0.0674314945936203
23,14,0.08586837351322174
23,15,0.06780870258808136
23,16,0.06162555143237114
23,17,0.06222572550177574
23,18,0.07513809204101562
23,19,0.07238204777240753
23,20,0.062275439500808716
23,21,0.07748440653085709
23,22,0.063754603266716
23,23,0.07925944030284882
23,24,0.07284131646156311
23,25,0.06349050253629684
23,26,0.06481596827507019
23,27,0.05879448354244232
23,28,0.06573551148176193
23,29,0.07932793349027634
23,30,0.0754467025399208
23,31,0.05662040412425995
23,32,0.07282468676567078
23,33,0.06738462299108505
23,34,0.06618598848581314
23,35,0.06455503404140472
23,36,0.06673894822597504
23,37,0.05850774422287941
23,38,0.06897715479135513
23,39,0.061656348407268524
23,40,0.06742656230926514
23,41,0.061040207743644714
23,42,0.0630468875169754
23,43,0.06383760273456573
23,44,0.06393758952617645
23,45,0.0837675929069519
23,46,0.05807732045650482
23,47,0.0651300847530365
23,48,0.06294335424900055
23,49,0.07350090891122818
23,50,0.0702187642455101
23,51,0.06435105949640274
23,52,0.07617662847042084
23,53,0.058789920061826706
23,54,0.07066592574119568
23,55,0.06562482565641403
23,56,0.07408671081066132
23,57,0.05730703845620155
23,58,0.06175179407000542
23,59,0.05730825662612915
23,60,0.05901597812771797
23,61,0.057078100740909576
23,62,0.06228449195623398
23,63,0.061568647623062134
23,64,0.07247880101203918
23,65,0.06164488568902016
23,66,0.07324137538671494
23,67,0.07366179674863815
23,68,0.058886658400297165
23,69,0.06658287346363068
23,70,0.05171680450439453
23,71,0.08009032905101776
23,72,0.060660090297460556
23,73,0.058582618832588196
23,74,0.06535794585943222
23,75,0.06719006597995758
23,76,0.05983328819274902
24,1,0.07168879359960556
24,2,0.08439981937408447
24,3,0.07381942123174667
24,4,0.06770472228527069
24,5,0.06358843296766281
24,6,0.10052967071533203
24,7,0.07265494763851166
24,8,0.06762252748012543
24,9,0.059058014303445816
24,10,0.08000175654888153
24,11,0.06562110781669617
24,12,0.07224316895008087
24,13,0.07637882977724075
24,14,0.05803638696670532
24,15,0.06123097985982895
24,16,0.06468214094638824
24,17,0.05954562500119209
24,18,0.05664943903684616
24,19,0.07954240590333939
24,20,0.06249336898326874
24,21,0.06428500264883041
24,22,0.06295549869537354
24,23,0.07026702165603638
24,24,0.07453790307044983
24,25,0.07175370305776596
24,26,0.06140832230448723
24,27,0.06095246225595474
24,28,0.06332284212112427
24,29,0.07157275080680847
24,30,0.06421765685081482
24,31,0.06025179475545883
24,32,0.08667069673538208
24,33,0.06675393879413605
24,34,0.06468071043491364
24,35,0.078994981944561
24,36,0.05699830502271652
24,37,0.062179215252399445
24,38,0.09504447877407074
24,39,0.0624893382191658
24,40,0.05001619830727577
24,41,0.06113719940185547
24,42,0.07214802503585815
24,43,0.06639579683542252
24,44,0.06836691498756409
24,45,0.06562934815883636
24,46,0.0773555114865303
24,47,0.07388387620449066
24,48,0.05908679589629173
24,49,0.06813425570726395
24,50,0.0962810218334198
24,51,0.06005697324872017
24,52,0.07143077254295349
24,53,0.0682443231344223
24,54,0.07645197212696075
24,55,0.07145414501428604
24,56,0.07802863419055939
24,57,0.06968368589878082
24,58,0.08213102072477341
24,59,0.05860210210084915
24,60,0.06991960108280182
24,61,0.06236324459314346
24,62,0.06656118482351303
24,63,0.07303034514188766
24,64,0.06736703962087631
24,65,0.06366071850061417
24,66,0.05746999755501747
24,67,0.061741866171360016
24,68,0.07774079591035843
24,69,0.05738281086087227
24,70,0.06258188188076019
24,71,0.07023769617080688
24,72,0.07872612774372101
24,73,0.07546092569828033
24,74,0.08145147562026978
24,75,0.06448692828416824
24,76,0.07051731646060944
25,1,0.05772943049669266
25,2,0.05659744143486023
25,3,0.08483724296092987
25,4,0.07081793248653412
25,5,0.061919406056404114
25,6,0.0694287121295929
25,7,0.0600849874317646
25,8,0.06410200148820877
25,9,0.0733083039522171
25,10,0.07108443975448608
25,11,0.057755641639232635
25,12,0.061806924641132355
25,13,0.07418765872716904
25,14,0.0673019140958786
25,15,0.07316146790981293
25,16,0.06317202001810074
25,17,0.05898573622107506
25,18,0.06863179057836533
25,19,0.06167770177125931
25,20,0.05929139256477356
25,21,0.06401091814041138
25,22,0.05864524468779564
25,23,0.06448328495025635
25,24,0.06314799934625626
25,25,0.06789523363113403
25,26,0.08483414351940155
25,27,0.06157819926738739
25,28,0.058197326958179474
25,29,0.06604374945163727
25,30,0.06637242436408997
25,31,0.0523315891623497
25,32,0.059333279728889465
25,33,0.05438486486673355
25,34,0.06394203007221222
25,35,0.05629380792379379
25,36,0.08053946495056152
25,37,0.08045759797096252
25,38,0.06342186033725739
25,39,0.06449916958808899
25,40,0.05828482285141945
25,41,0.06571728736162186
25,42,0.06197120249271393
25,43,0.07800062000751495
25,44,0.062008559703826904
25,45,0.056046269834041595
25,46,0.06692937016487122
25,47,0.062225762754678726
25,48,0.07673495262861252
25,49,0.06351558864116669
25,50,0.060555074363946915
25,51,0.06062914431095123
25,52,0.06815190613269806
25,53,0.060753803700208664
25,54,0.05235841125249863
25,55,0.06775443255901337
25,56,0.06073565036058426
25,57,0.06508909165859222
25,58,0.06305994093418121
25,59,0.06309768557548523
25,60,0.05013810843229294
25,61,0.055361635982990265
25,62,0.05270639806985855
25,63,0.058217279613018036
25,64,0.06288608908653259
25,65,0.06804162263870239
25,66,0.06271294504404068
25,67,0.06494183838367462
25,68,0.05490231141448021
25,69,0.06948642432689667
25,70,0.07581357657909393
25,71,0.058477066457271576
25,72,0.06358566880226135
25,73,0.05853530019521713
25,74,0.06969209760427475
25,75,0.05817495286464691
25,76,0.05786013603210449
26,1,0.06580939888954163
26,2,0.058560580015182495
26,3,0.07156794518232346
26,4,0.0805584266781807
26,5,0.06028132513165474
26,6,0.06679414957761765
26,7,0.05725395679473877
26,8,0.06465268135070801
26,9,0.062113530933856964
26,10,0.06466588377952576
26,11,0.05943605303764343
26,12,0.053792938590049744
26,13,0.059656836092472076
26,14,0.0666060745716095
26,15,0.06630527228116989
26,16,0.05551890656352043
26,17,0.0686514675617218
26,18,0.07578454166650772
26,19,0.06452594697475433
26,20,0.06348107755184174
26,21,0.06549891084432602
26,22,0.060372672975063324
26,23,0.060142576694488525
26,24,0.06763513386249542
26,25,0.06635095924139023
26,26,0.060488782823085785
26,27,0.05106158182024956
26,28,0.05993904173374176
26,29,0.06613758206367493
26,30,0.0611649826169014
26,31,0.05541770160198212
26,32,0.0675237625837326
26,33,0.06152455881237984
26,34,0.05971876531839371
26,35,0.051113300025463104
26,36,0.05494195967912674
26,37,0.0715750902891159
26,38,0.06082793325185776
26,39,0.05365421622991562
26,40,0.0671413391828537
26,41,0.05918325483798981
26,42,0.0664987713098526
26,43,0.06296406686306
26,44,0.060407351702451706
26,45,0.05857134982943535
26,46,0.06984235346317291
26,47,0.07353602349758148
26,48,0.07008397579193115
26,49,0.046985089778900146
26,50,0.054427437484264374
26,51,0.060309529304504395
26,52,0.06121693179011345
26,53,0.06859949976205826
26,54,0.07186448574066162
26,55,0.06698741763830185
26,56,0.081507608294487
26,57,0.06267471611499786
26,58,0.06979124248027802
26,59,0.05769771710038185
26,60,0.05848419666290283
26,61,0.057761527597904205
26,62,0.06676304340362549
26,63,0.08983016014099121
26,64,0.05665156990289688
26,65,0.07033133506774902
26,66,0.06475785374641418
26,67,0.06914504617452621
26,68,0.054690778255462646
26,69,0.06609025597572327
26,70,0.0657394528388977
26,71,0.05690763145685196
26,72,0.054807186126708984
26,73,0.06201242655515671
26,74,0.07556343078613281
26,75,0.063478983938694
26,76,0.059185903519392014
27,1,0.06472015380859375
27,2,0.06183185055851936
27,3,0.06826993823051453
27,4,0.07061157375574112
27,5,0.06116607040166855
27,6,0.06450109928846359
27,7,0.06880591064691544
27,8,0.0642886608839035
27,9,0.06485315412282944
27,10,0.055225174874067307
27,11,0.06914554536342621
27,12,0.062292907387018204
27,13,0.05755288153886795
27,14,0.05778539925813675
27,15,0.06469373404979706
27,16,0.06099537014961243
27,17,0.06695066392421722
27,18,0.057396188378334045
27,19,0.05205444619059563
27,20,0.05723339319229126
27,21,0.05687565356492996
27,22,0.06742826104164124
27,23,0.11332868039608002
27,24,0.07426100224256516
27,25,0.067577064037323
27,26,0.07031545042991638
27,27,0.04542479291558266
27,28,0.05934314802289009
27,29,0.0591389462351799
27,30,0.0634407103061676
27,31,0.06495162844657898
27,32,0.059990525245666504
27,33,0.06344445049762726
27,34,0.07153236865997314
27,35,0.06540416181087494
27,36,0.05581144988536835
27,37,0.061180129647254944
27,38,0.06385537981987
27,39,0.08012992143630981
27,40,0.06019490584731102
27,41,0.065772145986557
27,42,0.055114712566137314
27,43,0.06673401594161987
27,44,0.0653754472732544
27,45,0.062107205390930176
27,46,0.06099345162510872
27,47,0.05727064609527588
27,48,0.05626574531197548
27,49,0.05921649932861328
27,50,0.06530365347862244
27,51,0.0639657974243164
27,52,0.05999387055635452
27,53,0.05795547366142273
27,54,0.05552075803279877
27,55,0.06437203288078308
27,56,0.07494132220745087
27,57,0.06313294172286987
27,58,0.07656683027744293
27,59,0.05920325964689255
27,60,0.07615107297897339
27,61,0.060695573687553406
27,62,0.07375729829072952
27,63,0.07365080714225769
27,64,0.07687516510486603
27,65,0.07195007055997849
27,66,0.07219140976667404
27,67,0.07258885353803635
27,68,0.073361337184906
27,69,0.05951840803027153
27,70,0.07725398987531662
27,71,0.06155500188469887
27,72,0.06166063994169235
27,73,0.061798032373189926
27,74,0.06417830288410187
27,75,0.07068201899528503
27,76,0.07093919813632965
28,1,0.074152871966362
28,2,0.0777132511138916
28,3,0.06344237178564072
28,4,0.06973088532686234
28,5,0.06786587834358215
28,6,0.068361297249794
28,7,0.05547100305557251
28,8,0.05382847040891647
28,9,0.09008312225341797
28,10,0.06729169934988022
28,11,0.06267668306827545
28,12,0.0819488912820816
28,13,0.055667076259851456
28,14,0.0608622282743454
28,15,0.06374164670705795
28,16,0.0581904761493206
28,17,0.05940070375800133
28,18,0.061940863728523254
28,19,0.07154707610607147
28,20,0.06880608201026917
28,21,0.05528249591588974
28,22,0.08912868797779083
28,23,0.059087686240673065
28,24,0.065595842897892
28,25,0.06272052228450775
28,26,0.06363601982593536
28,27,0.06338851898908615
28,28,0.07378026843070984
28,29,0.06732147932052612
28,30,0.062117114663124084
28,31,0.06844303011894226
28,32,0.05804624408483505
28,33,0.05971434712409973
28,34,0.06401526182889938
28,35,0.06138170138001442
28,36,0.07060487568378448
28,37,0.05995361506938934
28,38,0.07932907342910767
28,39,0.05809573829174042
28,40,0.05795911327004433
28,41,0.0559738390147686
28,42,0.06918543577194214
28,43,0.07064403593540192
28,44,0.0579511821269989
28,45,0.05203363299369812
28,46,0.05820280313491821
28,47,0.053574442863464355
28,48,0.06303362548351288
28,49,0.05894149839878082
28,50,0.057338424026966095
28,51,0.06139211356639862
28,52,0.07027209550142288
28,53,0.062245339155197144
28,54,0.05690774321556091
28,55,0.062033265829086304
28,56,0.0652630403637886
28,57,0.06633342057466507
28,58,0.05789782479405403
28,59,0.06644506752490997
28,60,0.06243128329515457
28,61,0.07049258053302765
28,62,0.051033176481723785
28,63,0.05729184299707413
28,64,0.06312697380781174
28,65,0.06351770460605621
28,66,0.05403553694486618
28,67,0.05897101014852524
28,68,0.07480216771364212
28,69,0.07129178196191788
28,70,0.06169601529836655
28,71,0.06797042489051819
28,72,0.059386011213064194
28,73,0.05899034067988396
28,74,0.058743495494127274
28,75,0.05868604779243469
28,76,0.06286989897489548
29,1,0.05986597016453743
29,2,0.07582294940948486
29,3,0.06795424222946167
29,4,0.0676264688372612
29,5,0.07586582005023956
29,6,0.06168671324849129
29,7,0.0590263307094574
29,8,0.05764586478471756
29,9,0.07389050722122192
29,10,0.06732691079378128
29,11,0.062077902257442474
29,12,0.06166018918156624
29,13,0.06293237209320068
29,14,0.060638345777988434
29,15,0.06012987345457077
29,16,0.05812370032072067
29,17,0.05915898084640503
29,18,0.05790111422538757
29,19,0.06945815682411194
29,20,0.05689806491136551
29,21,0.05181855335831642
29,22,0.05463342368602753
29,23,0.0731734111905098
29,24,0.06208866834640503
29,25,0.061420489102602005
29,26,0.06184140220284462
29,27,0.07613959163427353
29,28,0.06957602500915527
29,29,0.05832624435424805
29,30,0.048611946403980255
29,31,0.05941428616642952
29,32,0.053541045635938644
29,33,0.06264843046665192
29,34,0.05458303913474083
29,35,0.06368283927440643
29,36,0.05354366824030876
29,37,0.05964291840791702
29,38,0.05955062061548233
29,39,0.06246957927942276
29,40,0.05801035463809967
29,41,0.06797010451555252
29,42,0.061086948961019516
29,43,0.051501333713531494
29,44,0.061846986413002014
29,45,0.07127402722835541
29,46,0.06046542525291443
29,47,0.05837791785597801
29,48,0.053171295672655106
29,49,0.06338603794574738
29,50,0.068084217607975
29,51,0.05009979009628296
29,52,0.05002863332629204
29,53,0.057431645691394806
29,54,0.06224312633275986
29,55,0.05432650446891785
29,56,0.05614664405584335
29,57,0.0603170208632946
29,58,0.06036287546157837
29,59,0.061853859573602676
29,60,0.054879505187273026
29,61,0.058221496641635895
29,62,0.06409239768981934
29,63,0.06626871228218079
29,64,0.05082975700497627
29,65,0.07403508573770523
29,66,0.06372226774692535
29,67,0.06721920520067215
29,68,0.05907607078552246
29,69,0.0646170973777771
29,70,0.06582173705101013
29,71,0.05527003854513168
29,72,0.05559387058019638
29,73,0.0662565529346466
29,74,0.05231282860040665
29,75,0.06882137805223465
29,76,0.05699191242456436
30,1,0.06911751627922058
30,2,0.05956437438726425
30,3,0.06491769105195999
30,4,0.05607813969254494
30,5,0.06254063546657562
30,6,0.0534084290266037
30,7,0.06507213413715363
30,8,0.05074627697467804
30,9,0.0681983157992363
30,10,0.05935791879892349
30,11,0.05559295415878296
30,12,0.0650700181722641
30,13,0.06321991980075836
30,14,0.05281598120927811
30,15,0.06047825515270233
30,16,0.06625503301620483
30,17,0.05433102324604988
30,18,0.0597786083817482
30,19,0.05544936656951904
30,20,0.062442220747470856
30,21,0.05515388399362564
30,22,0.05804214999079704
30,23,0.06896812468767166
30,24,0.05607777088880539
30,25,0.05645071342587471
30,26,0.06367325037717819
30,27,0.0559721440076828
30,28,0.06808331608772278
30,29,0.06464256346225739
30,30,0.06246329843997955
30,31,0.07164469361305237
30,32,0.0693439245223999
30,33,0.04758143424987793
30,34,0.05582811310887337
30,35,0.05754775553941727
30,36,0.05267050862312317
30,37,0.061006464064121246
30,38,0.0626029521226883
30,39,0.057909220457077026
30,40,0.052862897515296936
30,41,0.06501840800046921
30,42,0.06258836388587952
30,43,0.05350058525800705
30,44,0.05890294536948204
30,45,0.06227532774209976
30,46,0.052693095058202744
30,47,0.06509566307067871
30,48,0.06888003647327423
30,49,0.05478968471288681
30,50,0.060496583580970764
30,51,0.05108937248587608
30,52,0.05573240667581558
30,53,0.050003618001937866
30,54,0.0798322930932045
30,55,0.06036350131034851
30,56,0.05373920500278473
30,57,0.057471610605716705
30,58,0.0580461323261261
30,59,0.05405101180076599
30,60,0.05500483512878418
30,61,0.05366551876068115
30,62,0.05408526584506035
30,63,0.06785181164741516
30,64,0.06238522008061409
30,65,0.07220693677663803
30,66,0.06591027230024338
30,67,0.05867977440357208
30,68,0.05759965628385544
30,69,0.057125017046928406
30,70,0.06353965401649475
30,71,0.05361594259738922
30,72,0.06654728204011917
30,73,0.05569075793027878
30,74,0.06695161759853363
30,75,0.057622261345386505
30,76,0.057427555322647095
31,1,0.06542130559682846
31,2,0.06538616120815277
31,3,0.06161247938871384
31,4,0.05786674842238426
31,5,0.05638030916452408
31,6,0.06396208703517914
31,7,0.06422385573387146
31,8,0.05890693888068199
31,9,0.06171504780650139
31,10,0.06145898252725601
31,11,0.060337167233228683
31,12,0.06309974193572998
31,13,0.05716605484485626
31,14,0.08362485468387604
31,15,0.05916113033890724
31,16,0.06152941286563873
31,17,0.06466493010520935
31,18,0.05033167451620102
31,19,0.06267981976270676
31,20,0.05315949767827988
31,21,0.05548246577382088
31,22,0.05956067517399788
31,23,0.05559668689966202
31,24,0.054959166795015335
31,25,0.057969070971012115
31,26,0.07134371995925903
31,27,0.05861155688762665
31,28,0.06632652878761292
31,29,0.05638642609119415
31,30,0.061392977833747864
31,31,0.06602219492197037
31,32,0.06025642156600952
31,33,0.05747754126787186
31,34,0.06494754552841187
31,35,0.060448434203863144
31,36,0.05407122150063515
31,37,0.057030610740184784
31,38,0.062489863485097885
31,39,0.057208478450775146
31,40,0.06995564699172974
31,41,0.06351028382778168
31,42,0.06176893785595894
31,43,0.051914334297180176
31,44,0.05347926914691925
31,45,0.06832844763994217
31,46,0.06800372898578644
31,47,0.05785142630338669
31,48,0.0482100285589695
31,49,0.05726303905248642
31,50,0.05744431912899017
31,51,0.05557691305875778
31,52,0.05443940311670303
31,53,0.059428874403238297
31,54,0.049754612147808075
31,55,0.056159235537052155
31,56,0.053605079650878906
31,57,0.06475929915904999
31,58,0.05235109105706215
31,59,0.05256529524922371
31,60,0.05243576318025589
31,61,0.06077861785888672
31,62,0.05329281836748123
31,63,0.0811469703912735
31,64,0.054883647710084915
31,65,0.05955088883638382
31,66,0.05915500968694687
31,67,0.06356990337371826
31,68,0.05852394551038742
31,69,0.05704750493168831
31,70,0.06697982549667358
31,71,0.05582470819354057
31,72,0.056984901428222656
31,73,0.060712020844221115
31,74,0.0640888512134552
31,75,0.06164781004190445
31,76,0.04976347088813782
32,1,0.06167979538440704
32,2,0.05249259993433952
32,3,0.06606948375701904
32,4,0.06364111602306366
32,5,0.0605667307972908
32,6,0.05603920668363571
32,7,0.06515278667211533
32,8,0.05244655907154083
32,9,0.06018167734146118
32,10,0.06399375200271606
32,11,0.056465327739715576
32,12,0.056892022490501404
32,13,0.06218156963586807
32,14,0.059833042323589325
32,15,0.05782412737607956
32,16,0.06878911703824997
32,17,0.05489814281463623
32,18,0.05695964768528938
32,19,0.056765224784612656
32,20,0.0700068548321724
32,21,0.0832066535949707
32,22,0.07226613163948059
32,23,0.060987137258052826
32,24,0.055310480296611786
32,25,0.056789688766002655
32,26,0.05819287151098251
32,27,0.06493394076824188
32,28,0.061859987676143646
32,29,0.054796576499938965
32,30,0.06114461272954941
32,31,0.06686416268348694
32,32,0.06701716780662537
32,33,0.05456344783306122
32,34,0.05539485812187195
32,35,0.062247708439826965
32,36,0.05564682185649872
32,37,0.05592057481408119
32,38,0.04980413243174553
32,39,0.055669404566287994
32,40,0.06511662900447845
32,41,0.056097157299518585
32,42,0.057181745767593384
32,43,0.05196455866098404
32,44,0.04956904798746109
32,45,0.05008893460035324
32,46,0.0637141615152359
32,47,0.05157060548663139
32,48,0.05573253333568573
32,49,0.05989435315132141
32,50,0.060576509684324265
32,51,0.06158417463302612
32,52,0.05452822521328926
32,53,0.048583999276161194
32,54,0.05746698006987572
32,55,0.05971389636397362
32,56,0.06076856702566147
32,57,0.05022299662232399
32,58,0.05678087845444679
32,59,0.06203494966030121
32,60,0.0546555370092392
32,61,0.05574118345975876
32,62,0.061033815145492554
32,63,0.05877172201871872
32,64,0.0626029223203659
32,65,0.05725351721048355
32,66,0.04985105246305466
32,67,0.05079249292612076
32,68,0.064504474401474
32,69,0.05176864564418793
32,70,0.0627962052822113
32,71,0.06518454104661942
32,72,0.05962443724274635
32,73,0.06164925545454025
32,74,0.06788454204797745
32,75,0.06322923302650452
32,76,0.05853099375963211
33,1,0.05264649540185928
33,2,0.05177164822816849
33,3,0.05362793058156967
33,4,0.06062290817499161
33,5,0.05738832801580429
33,6,0.05597162991762161
33,7,0.05450373888015747
33,8,0.05645677447319031
33,9,0.05226963013410568
33,10,0.06549053639173508
33,11,0.05726630240678787
33,12,0.055535271763801575
33,13,0.05656057968735695
33,14,0.05326031148433685
33,15,0.057060353457927704
33,16,0.05872731655836105
33,17,0.0642935037612915
33,18,0.06110551208257675
33,19,0.06161634624004364
33,20,0.05906161665916443
33,21,0.05547783896327019
33,22,0.055662862956523895
33,23,0.04885021597146988
33,24,0.06409358233213425
33,25,0.054605599492788315
33,26,0.0622229166328907
33,27,0.05527845025062561
33,28,0.049537040293216705
33,29,0.06766939163208008
33,30,0.05950980633497238
33,31,0.06625869125127792
33,32,0.04918459430336952
33,33,0.06126977503299713
33,34,0.07270753383636475
33,35,0.05443655699491501
33,36,0.06215775012969971
33,37,0.06254645437002182
33,38,0.05752040073275566
33,39,0.06254594027996063
33,40,0.07522282004356384
33,41,0.054700322449207306
33,42,0.05361308157444
33,43,0.06355445832014084
33,44,0.06208568811416626
33,45,0.0543706901371479
33,46,0.06201396882534027
33,47,0.06257364153862
33,48,0.0641271322965622
33,49,0.062146104872226715
33,50,0.053535349667072296
33,51,0.06060047075152397
33,52,0.044900279492139816
33,53,0.06047876924276352
33,54,0.05065688490867615
33,55,0.05464752018451691
33,56,0.05780087038874626
33,57,0.04969228804111481
33,58,0.06257759034633636
33,59,0.058849915862083435
33,60,0.06944330036640167
33,61,0.0547674298286438
33,62,0.07054854929447174
33,63,0.06326837837696075
33,64,0.054005444049835205
33,65,0.07545971870422363
33,66,0.054390598088502884
33,67,0.05726014822721481
33,68,0.06053907051682472
33,69,0.06923769414424896
33,70,0.06090304255485535
33,71,0.05973859131336212
33,72,0.05063297972083092
33,73,0.05426134169101715
33,74,0.05623955279588699
33,75,0.05938223376870155
33,76,0.06749211996793747
34,1,0.057560671120882034
34,2,0.05953644961118698
34,3,0.05771350860595703
34,4,0.055067773908376694
34,5,0.05331536382436752
34,6,0.0598299503326416
34,7,0.05327080935239792
34,8,0.057289592921733856
34,9,0.05283425748348236
34,10,0.07858027517795563
34,11,0.06334275007247925
34,12,0.06309479475021362
34,13,0.07505294680595398
34,14,0.052017152309417725
34,15,0.05811372771859169
34,16,0.05861266702413559
34,17,0.06073277071118355
34,18,0.07054630666971207
34,19,0.06617578864097595
34,20,0.05416204780340195
34,21,0.05618470162153244
34,22,0.05492962524294853
34,23,0.07283935695886612
34,24,0.06098661571741104
34,25,0.06406334042549133
34,26,0.06632963567972183
34,27,0.04989039897918701
34,28,0.060158271342515945
34,29,0.06258031725883484
34,30,0.056911297142505646
34,31,0.050590887665748596
34,32,0.050625063478946686
34,33,0.06254468113183975
34,34,0.05175890401005745
34,35,0.051723264157772064
34,36,0.06147807091474533
34,37,0.055220603942871094
34,38,0.07345065474510193
34,39,0.05463583767414093
34,40,0.07251717895269394
34,41,0.05402365326881409
34,42,0.06178627535700798
34,43,0.058996543288230896
34,44,0.05097300559282303
34,45,0.0597456693649292
34,46,0.06220307946205139
34,47,0.046594955027103424
34,48,0.06140151247382164
34,49,0.05298247188329697
34,50,0.05258979648351669
34,51,0.05646377429366112
34,52,0.0709206834435463
34,53,0.060850366950035095
34,54,0.047116100788116455
34,55,0.05618157610297203
34,56,0.05697719007730484
34,57,0.06862451136112213
34,58,0.053492266684770584
34,59,0.05698075890541077
34,60,0.058140695095062256
34,61,0.05782834440469742
34,62,0.05258219689130783
34,63,0.0637751966714859
34,64,0.0506315641105175
34,65,0.05080361291766167
34,66,0.054386332631111145
34,67,0.056667059659957886
34,68,0.05695919319987297
34,69,0.05417243391275406
34,70,0.07023246586322784
34,71,0.05230727791786194
34,72,0.06601601094007492
34,73,0.05493827164173126
34,74,0.07038194686174393
34,75,0.05588685721158981
34,76,0.06050657480955124
35,1,0.05490833520889282
35,2,0.05140230804681778
35,3,0.046818703413009644
35,4,0.053645312786102295
35,5,0.059128910303115845
35,6,0.05112970247864723
35,7,0.056359000504016876
35,8,0.05102955549955368
35,9,0.05658917501568794
35,10,0.06176232174038887
35,11,0.057307083159685135
35,12,0.06000206619501114
35,13,0.0537027046084404
35,14,0.05544576048851013
35,15,0.08385075628757477
35,16,0.0559176541864872
35,17,0.05205034464597702
35,18,0.054410286247730255
35,19,0.052814505994319916
35,20,0.06064916402101517
35,21,0.059535011649131775
35,22,0.055091120302677155
35,23,0.059278350323438644
35,24,0.06261798739433289
35,25,0.048019103705883026
35,26,0.06579473614692688
35,27,0.0541202612221241
35,28,0.05825182795524597
35,29,0.06463629007339478
35,30,0.04929543286561966
35,31,0.06695094704627991
35,32,0.0580698661506176
35,33,0.05292055010795593
35,34,0.05656075477600098
35,35,0.042454980313777924
35,36,0.048007238656282425
35,37,0.05156739056110382
35,38,0.06919319927692413
35,39,0.0633358582854271
35,40,0.06049700081348419
35,41,0.04859573021531105
35,42,0.054393745958805084
35,43,0.06540920585393906
35,44,0.048829756677150726
35,45,0.05242371931672096
35,46,0.05121081322431564
35,47,0.046144694089889526
35,48,0.04893667995929718
35,49,0.05528309941291809
35,50,0.05448560789227486
35,51,0.05924707278609276
35,52,0.051932740956544876
35,53,0.0601506307721138
35,54,0.05450063198804855
35,55,0.04828961193561554
35,56,0.04474520683288574
35,57,0.04928288608789444
35,58,0.05217612907290459
35,59,0.06184756010770798
35,60,0.06843680143356323
35,61,0.05737031251192093
35,62,0.05762908607721329
35,63,0.06041392311453819
35,64,0.050206683576107025
35,65,0.05332997441291809
35,66,0.05943705514073372
35,67,0.05732886493206024
35,68,0.050129301846027374
35,69,0.048282235860824585
35,70,0.053810447454452515
35,71,0.0577150359749794
35,72,0.05386899411678314
35,73,0.060212649405002594
35,74,0.06067217141389847
35,75,0.05053597688674927
35,76,0.05691097676753998
36,1,0.04980125278234482
36,2,0.05904059484601021
36,3,0.05869302153587341
36,4,0.05243726819753647
36,5,0.05337980389595032
36,6,0.04421539232134819
36,7,0.055445410311222076
36,8,0.04878769814968109
36,9,0.059299662709236145
36,10,0.05223177373409271
36,11,0.05557255446910858
36,12,0.06824055314064026
36,13,0.049029186367988586
36,14,0.051109567284584045
36,15,0.05676475167274475
36,16,0.05352094769477844
36,17,0.05018170550465584
36,18,0.05139107257127762
36,19,0.05602343752980232
36,20,0.056896258145570755
36,21,0.05594582483172417
36,22,0.05331280082464218
36,23,0.05832010507583618
36,24,0.044122256338596344
36,25,0.048608116805553436
36,26,0.055155783891677856
36,27,0.0663311555981636
36,28,0.056837860494852066
36,29,0.052624430507421494
36,30,0.06148397922515869
36,31,0.05481031537055969
36,32,0.053150005638599396
36,33,0.052281010895967484
36,34,0.06792103499174118
36,35,0.06625287979841232
36,36,0.05900384485721588
36,37,0.05376068875193596
36,38,0.0639924481511116
36,39,0.058120135217905045
36,40,0.05957547575235367
36,41,0.06046532094478607
36,42,0.06709061563014984
36,43,0.05771562457084656
36,44,0.07405222952365875
36,45,0.06450629234313965
36,46,0.0757879689335823
36,47,0.04716384410858154
36,48,0.0622546523809433
36,49,0.055329956114292145
36,50,0.059396691620349884
36,51,0.0447528138756752
36,52,0.05097133293747902
36,53,0.05618201568722725
36,54,0.05796484649181366
36,55,0.054940901696681976
36,56,0.049601949751377106
36,57,0.051927223801612854
36,58,0.06131885200738907
36,59,0.05362493917346001
36,60,0.050380393862724304
36,61,0.050884831696748734
36,62,0.04707072675228119
36,63,0.05971367657184601
36,64,0.048823267221450806
36,65,0.055382728576660156
36,66,0.05446663498878479
36,67,0.07360123097896576
36,68,0.060405611991882324
36,69,0.07396464049816132
36,70,0.055802006274461746
36,71,0.06337376683950424
36,72,0.06804808974266052
36,73,0.0667821615934372
36,74,0.06333787739276886
36,75,0.04802171140909195
36,76,0.054860152304172516
37,1,0.050892531871795654
37,2,0.05352599546313286
37,3,0.05882488936185837
37,4,0.0739128589630127
37,5,0.05901145190000534
37,6,0.04981410503387451
37,7,0.05679355561733246
37,8,0.05575680732727051
37,9,0.061370834708213806
37,10,0.06318090856075287
37,11,0.06003934517502785
37,12,0.057014770805835724
37,13,0.04749470204114914
37,14,0.049675486981868744
37,15,0.05251573026180267
37,16,0.05193522572517395
37,17,0.055426258593797684
37,18,0.06493742763996124
37,19,0.05557464808225632
37,20,0.06447694450616837
37,21,0.05523393303155899
37,22,0.06407471746206284
37,23,0.06106575205922127
37,24,0.06414024531841278
37,25,0.0616668239235878
37,26,0.06939626485109329
37,27,0.06187509372830391
37,28,0.04947855696082115
37,29,0.05184411257505417
37,30,0.05547450855374336
37,31,0.0527956485748291
37,32,0.05389387160539627
37,33,0.05247390270233154
37,34,0.05363403633236885
37,35,0.055765632539987564
37,36,0.050453465431928635
37,37,0.05376582220196724
37,38,0.05600432679057121
37,39,0.04992307722568512
37,40,0.05567913502454758
37,41,0.05681518465280533
37,42,0.06265972554683685
37,43,0.06785173714160919
37,44,0.05544260889291763
37,45,0.057426612824201584
37,46,0.0761570855975151
37,47,0.07366488873958588
37,48,0.059725601226091385
37,49,0.05058712512254715
37,50,0.056288328021764755
37,51,0.06725029647350311
37,52,0.054414354264736176
37,53,0.054456524550914764
37,54,0.05632004141807556
37,55,0.06639070808887482
37,56,0.05356094241142273
37,57,0.056850604712963104
37,58,0.04989367723464966
37,59,0.052253179252147675
37,60,0.06533295661211014
37,61,0.053574226796627045
37,62,0.054051823914051056
37,63,0.05189770832657814
37,64,0.05713323503732681
37,65,0.05178795009851456
37,66,0.051496442407369614
37,67,0.047226037830114365
37,68,0.0534432977437973
37,69,0.05587373301386833
37,70,0.07080814242362976
37,71,0.0515458919107914
37,72,0.05990556627511978
37,73,0.05764978379011154
37,74,0.049329012632369995
37,75,0.05319511517882347
37,76,0.059250056743621826
38,1,0.050506219267845154
38,2,0.05903887748718262
38,3,0.05160979926586151
38,4,0.047197263687849045
38,5,0.05426875874400139
38,6,0.04939419403672218
38,7,0.05053877830505371
38,8,0.05512288957834244
38,9,0.05514571815729141
38,10,0.05298381298780441
38,11,0.05044171214103699
38,12,0.06300105154514313
38,13,0.04607067629694939
38,14,0.049270354211330414
38,15,0.05246229097247124
38,16,0.05167301744222641
38,17,0.055353011935949326
38,18,0.04691486805677414
38,19,0.05406752973794937
38,20,0.05812941491603851
38,21,0.05378849059343338
38,22,0.050006166100502014
38,23,0.05406929925084114
38,24,0.056465014815330505
38,25,0.05754911154508591
38,26,0.04934266582131386
38,27,0.04492169991135597
38,28,0.043575383722782135
38,29,0.06494235247373581
38,30,0.05536016821861267
38,31,0.04908345639705658
38,32,0.05270667374134064
38,33,0.04268511012196541
38,34,0.05011335015296936
38,35,0.046965643763542175
38,36,0.05091087520122528
38,37,0.0578690767288208
38,38,0.05316653847694397
38,39,0.04873179271817207
38,40,0.06839597970247269
38,41,0.04836492985486984
38,42,0.051924027502536774
38,43,0.04887142777442932
38,44,0.05476365238428116
38,45,0.0667194277048111
38,46,0.05122008174657822
38,47,0.055533625185489655
38,48,0.05019479990005493
38,49,0.056470245122909546
38,50,0.05678943544626236
38,51,0.06073124706745148
38,52,0.051064830273389816
38,53,0.05513348802924156
38,54,0.05131284147500992
38,55,0.05147067829966545
38,56,0.05788234621286392
38,57,0.04682684689760208
38,58,0.057676929980516434
38,59,0.054968930780887604
38,60,0.053919944912195206
38,61,0.06850364804267883
38,62,0.04739600419998169
38,63,0.06025809794664383
38,64,0.0640103742480278
38,65,0.061211392283439636
38,66,0.05204550176858902
38,67,0.0480385422706604
38,68,0.0527079701423645
38,69,0.048398032784461975
38,70,0.06505507975816727
38,71,0.06330626457929611
38,72,0.04772305488586426
38,73,0.056812018156051636
38,74,0.061716072261333466
38,75,0.05937766656279564
38,76,0.05183246359229088
39,1,0.05282223969697952
39,2,0.055548831820487976
39,3,0.05746931955218315
39,4,0.05719152092933655
39,5,0.061196282505989075
39,6,0.05460302531719208
39,7,0.05322158336639404
39,8,0.050817690789699554
39,9,0.053296081721782684
39,10,0.051851045340299606
39,11,0.04626194387674332
39,12,0.04779684543609619
39,13,0.05220891535282135
39,14,0.05405745655298233
39,15,0.057620830833911896
39,16,0.05490071326494217
39,17,0.049706608057022095
39,18,0.055302493274211884
39,19,0.04795946553349495
39,20,0.054038360714912415
39,21,0.055993590503931046
39,22,0.060102690011262894
39,23,0.0653475895524025
39,24,0.05393161624670029
39,25,0.0632881224155426
39,26,0.04815318062901497
39,27,0.06111376732587814
39,28,0.04630971699953079
39,29,0.053908564150333405
39,30,0.047932013869285583
39,31,0.05456911027431488
39,32,0.05471571534872055
39,33,0.05171291530132294
39,34,0.04871072620153427
39,35,0.04131177067756653
39,36,0.04940161108970642
39,37,0.05220308154821396
39,38,0.05696827918291092
39,39,0.05508412793278694
39,40,0.05375482887029648
39,41,0.0695243775844574
39,42,0.05160484462976456
39,43,0.059283167123794556
39,44,0.07895317673683167
39,45,0.07684896141290665
39,46,0.05092872679233551
39,47,0.05791015923023224
39,48,0.06477339565753937
39,49,0.05134759098291397
39,50,0.05171458423137665
39,51,0.050576891750097275
39,52,0.06081455945968628
39,53,0.06328412890434265
39,54,0.05004214495420456
39,55,0.05652032047510147
39,56,0.052860550582408905
39,57,0.05120818316936493
39,58,0.05305461585521698
39,59,0.052524223923683167
39,60,0.054878197610378265
39,61,0.047748927026987076
39,62,0.061225999146699905
39,63,0.059282250702381134
39,64,0.05535335838794708
39,65,0.057083044201135635
39,66,0.05238353833556175
39,67,0.059094853699207306
39,68,0.052968427538871765
39,69,0.04594738036394119
39,70,0.06061704456806183
39,71,0.051258087158203125
39,72,0.05876791849732399
39,73,0.04541456699371338
39,74,0.05192745104432106
39,75,0.047992393374443054
39,76,0.05350881442427635
40,1,0.05893794447183609
40,2,0.05471888184547424
40,3,0.05679226666688919
40,4,0.064706951379776
40,5,0.05884001404047012
40,6,0.05692668259143829
40,7,0.05917133018374443
40,8,0.060331374406814575
40,9,0.06881838291883469
40,10,0.04622610658407211
40,11,0.05586213245987892
40,12,0.06484115123748779
40,13,0.05312511324882507
40,14,0.05636494606733322
40,15,0.05111201852560043
40,16,0.0546264722943306
40,17,0.04795413464307785
40,18,0.05554638430476189
40,19,0.044537078589200974
40,20,0.0455806665122509
40,21,0.06266530603170395
40,22,0.051621273159980774
40,23,0.056497618556022644
40,24,0.053837474435567856
40,25,0.05121356248855591
40,26,0.04870667681097984
40,27,0.056552059948444366
40,28,0.05516662821173668
40,29,0.06783701479434967
40,30,0.06976716220378876
40,31,0.04454291611909866
40,32,0.06579039990901947
40,33,0.04543408006429672
40,34,0.05282365530729294
40,35,0.05171172320842743
40,36,0.06235234811902046
40,37,0.05400147661566734
40,38,0.08053332567214966
40,39,0.05957886204123497
40,40,0.05339781939983368
40,41,0.049203500151634216
40,42,0.0469517856836319
40,43,0.06230539828538895
40,44,0.06385984271764755
40,45,0.06157466769218445
40,46,0.05887550860643387
40,47,0.05478544160723686
40,48,0.05745766684412956
40,49,0.04931367188692093
40,50,0.05283141881227493
40,51,0.053188975900411606
40,52,0.0502004474401474
40,53,0.056690115481615067
40,54,0.05459299683570862
40,55,0.04618270322680473
40,56,0.053537774831056595
40,57,0.05946146696805954
40,58,0.06578363478183746
40,59,0.05165453627705574
40,60,0.05289114639163017
40,61,0.054400086402893066
40,62,0.04399591684341431
40,63,0.0562213696539402
40,64,0.04753847420215607
40,65,0.04459496587514877
40,66,0.04876435920596123
40,67,0.051508307456970215
40,68,0.05934708192944527
40,69,0.05328773707151413
40,70,0.04382724687457085
40,71,0.06451618671417236
40,72,0.05211709067225456
40,73,0.05683522671461105
40,74,0.05624648183584213
40,75,0.05353768542408943
40,76,0.051797956228256226
41,1,0.05399223789572716
41,2,0.04795323684811592
41,3,0.05349934846162796
41,4,0.053060874342918396
41,5,0.048439063131809235
41,6,0.05704568699002266
41,7,0.048707738518714905
41,8,0.055142223834991455
41,9,0.060509923845529556
41,10,0.05675008147954941
41,11,0.04884832352399826
41,12,0.051206305623054504
41,13,0.0531388521194458
41,14,0.04846549406647682
41,15,0.050313800573349
41,16,0.08602267503738403
41,17,0.048292286694049835
41,18,0.05501677840948105
41,19,0.061308927834033966
41,20,0.06019210442900658
41,21,0.051089972257614136
41,22,0.04896320775151253
41,23,0.05690468102693558
41,24,0.05481943488121033
41,25,0.05274850130081177
41,26,0.054755356162786484
41,27,0.050280891358852386
41,28,0.05304231494665146
41,29,0.054293785244226456
41,30,0.06910133361816406
41,31,0.061385661363601685
41,32,0.06343451142311096
41,33,0.05833932384848595
41,34,0.07571804523468018
41,35,0.06230410188436508
41,36,0.06043476238846779
41,37,0.046972066164016724
41,38,0.05563761666417122
41,39,0.08043881505727768
41,40,0.04912811890244484
41,41,0.05772840976715088
41,42,0.053942568600177765
41,43,0.05433926358819008
41,44,0.05760332942008972
41,45,0.045679714530706406
41,46,0.046427272260189056
41,47,0.0549200177192688
41,48,0.05879616364836693
41,49,0.053684793412685394
41,50,0.049565158784389496
41,51,0.05728460103273392
41,52,0.04870828241109848
41,53,0.05254897475242615
41,54,0.05512465536594391
41,55,0.05642266571521759
41,56,0.06021255999803543
41,57,0.05242326855659485
41,58,0.05265159532427788
41,59,0.05241116136312485
41,60,0.058344289660453796
41,61,0.05227311700582504
41,62,0.056259553879499435
41,63,0.047107357531785965
41,64,0.051437534391880035
41,65,0.066892609000206
41,66,0.05192810297012329
41,67,0.04603348299860954
41,68,0.06486324965953827
41,69,0.05093134939670563
41,70,0.04673970490694046
41,71,0.05440777167677879
41,72,0.04550676792860031
41,73,0.06472281366586685
41,74,0.05477677285671234
41,75,0.05762854218482971
41,76,0.04370793700218201
42,1,0.05508044734597206
42,2,0.06297282874584198
42,3,0.053759779781103134
42,4,0.06223554536700249
42,5,0.056596480309963226
42,6,0.05156966298818588
42,7,0.0490511879324913
42,8,0.05064886063337326
42,9,0.06018746644258499
42,10,0.04627083241939545
42,11,0.05486923083662987
42,12,0.05518350005149841
42,13,0.05816774442791939
42,14,0.04544030502438545
42,15,0.04539932310581207
42,16,0.05915745720267296
42,17,0.050365228205919266
42,18,0.045530229806900024
42,19,0.047214724123477936
42,20,0.04995502158999443
42,21,0.05442725867033005
42,22,0.04508837312459946
42,23,0.04190854728221893
42,24,0.042985741049051285
42,25,0.04672190546989441
42,26,0.05639658123254776
42,27,0.051070310175418854
42,28,0.054654717445373535
42,29,0.05152066424489021
42,30,0.057028092443943024
42,31,0.05266094207763672
42,32,0.06465646624565125
42,33,0.052394717931747437
42,34,0.05224481225013733
42,35,0.05566513538360596
42,36,0.05274481326341629
42,37,0.04968765377998352
42,38,0.04329665005207062
42,39,0.05812931805849075
42,40,0.058156099170446396
42,41,0.041360337287187576
42,42,0.047786056995391846
42,43,0.04730153828859329
42,44,0.052636370062828064
42,45,0.05556931346654892
42,46,0.050331175327301025
42,47,0.05949108675122261
42,48,0.04715520143508911
42,49,0.050195105373859406
42,50,0.04782074689865112
42,51,0.049417175352573395
42,52,0.05605670437216759
42,53,0.06031769514083862
42,54,0.05694559961557388
42,55,0.05006391927599907
42,56,0.06793279200792313
42,57,0.05544307082891464
42,58,0.04806512966752052
42,59,0.05549924448132515
42,60,0.05074099823832512
42,61,0.05247430130839348
42,62,0.05776934325695038
42,63,0.04822121933102608
42,64,0.044552646577358246
42,65,0.053158897906541824
42,66,0.06009439751505852
42,67,0.05404382944107056
42,68,0.060851581394672394
42,69,0.04665845260024071
42,70,0.050408072769641876
42,71,0.05063857138156891
42,72,0.051227815449237823
42,73,0.055608827620744705
42,74,0.05110475420951843
42,75,0.04766201600432396
42,76,0.0517590194940567
43,1,0.046699054539203644
43,2,0.046911682933568954
43,3,0.04957384616136551
43,4,0.04831477999687195
43,5,0.04552333056926727
43,6,0.05718834698200226
43,7,0.052498191595077515
43,8,0.05745837092399597
43,9,0.05207478627562523
43,10,0.04952476546168327
43,11,0.051665205508470535
43,12,0.053260788321495056
43,13,0.0561087429523468
43,14,0.05399486422538757
43,15,0.0467497818171978
43,16,0.050283756107091904
43,17,0.05200180411338806
43,18,0.05071691423654556
43,19,0.04693680629134178
43,20,0.04723209887742996
43,21,0.052224405109882355
43,22,0.04894624650478363
43,23,0.05531637370586395
43,24,0.05177120119333267
43,25,0.06136481463909149
43,26,0.05497514456510544
43,27,0.04755638539791107
43,28,0.047791555523872375
43,29,0.048339515924453735
43,30,0.045224644243717194
43,31,0.04873953387141228
43,32,0.06011931225657463
43,33,0.047621920704841614
43,34,0.046052366495132446
43,35,0.0524689257144928
43,36,0.051880091428756714
43,37,0.054251499474048615
43,38,0.044532448053359985
43,39,0.053017757833004
43,40,0.047316256910562515
43,41,0.05253354087471962
43,42,0.054828427731990814
43,43,0.05281803756952286
43,44,0.04517345875501633
43,45,0.048706457018852234
43,46,0.0626755878329277
43,47,0.044950682669878006
43,48,0.062365032732486725
43,49,0.048526205122470856
43,50,0.04592645913362503
43,51,0.04800434410572052
43,52,0.06923490762710571
43,53,0.06101612746715546
43,54,0.049867257475852966
43,55,0.05549553036689758
43,56,0.04804090037941933
43,57,0.05322052538394928
43,58,0.04494113102555275
43,59,0.051643162965774536
43,60,0.04376409947872162
43,61,0.06668134033679962
43,62,0.05589485913515091
43,63,0.0548115037381649
43,64,0.05055750906467438
43,65,0.05319207161664963
43,66,0.05799777805805206
43,67,0.05089851841330528
43,68,0.052703775465488434
43,69,0.05078741908073425
43,70,0.04692358151078224
43,71,0.04607592523097992
43,72,0.049398019909858704
43,73,0.05527555197477341
43,74,0.05877470225095749
43,75,0.04983857646584511
43,76,0.05365229398012161
44,1,0.046273909509181976
44,2,0.06265655905008316
44,3,0.058971695601940155
44,4,0.04674680158495903
44,5,0.05445290356874466
44,6,0.046548373997211456
44,7,0.04573628306388855
44,8,0.04749705642461777
44,9,0.05357357859611511
44,10,0.04974877089262009
44,11,0.05286260321736336
44,12,0.045450396835803986
44,13,0.04727651923894882
44,14,0.04848967865109444
44,15,0.0529959574341774
44,16,0.05648747831583023
44,17,0.05048239231109619
44,18,0.06128440797328949
44,19,0.050800662487745285
44,20,0.04219455644488335
44,21,0.05239996314048767
44,22,0.04559173062443733
44,23,0.03847851604223251
44,24,0.049251310527324677
44,25,0.04926728457212448
44,26,0.054382164031267166
44,27,0.05303611978888512
44,28,0.056127093732357025
44,29,0.05753480643033981
44,30,0.05437016487121582
44,31,0.05268057808279991
44,32,0.04967481642961502
44,33,0.04742857813835144
44,34,0.047651417553424835
44,35,0.051181502640247345
44,36,0.04883916676044464
44,37,0.04892998933792114
44,38,0.048318445682525635
44,39,0.05843491852283478
44,40,0.05174623057246208
44,41,0.05864165723323822
44,42,0.05505494028329849
44,43,0.05806197226047516
44,44,0.05516005679965019
44,45,0.04823407158255577
44,46,0.05430213734507561
44,47,0.045412421226501465
44,48,0.05203332006931305
44,49,0.05347631871700287
44,50,0.05551227554678917
44,51,0.05448942631483078
44,52,0.06525075435638428
44,53,0.05108003318309784
44,54,0.048244740813970566
44,55,0.06234394758939743
44,56,0.059095025062561035
44,57,0.05699555203318596
44,58,0.04636034369468689
44,59,0.05423910915851593
44,60,0.04848983511328697
44,61,0.05540650337934494
44,62,0.04573381692171097
44,63,0.055105309933423996
44,64,0.04977117478847504
44,65,0.0476868599653244
44,66,0.05898519605398178
44,67,0.05136294290423393
44,68,0.06417694687843323
44,69,0.03837433457374573
44,70,0.04765480011701584
44,71,0.05298516899347305
44,72,0.04672487825155258
44,73,0.05319911986589432
44,74,0.0446588471531868
44,75,0.052414484322071075
44,76,0.04995376244187355
45,1,0.058837804943323135
45,2,0.04545847326517105
45,3,0.04701724648475647
45,4,0.054898764938116074
45,5,0.06173709034919739
45,6,0.04447723180055618
45,7,0.05157141387462616
45,8,0.05415862798690796
45,9,0.047769222408533096
45,10,0.04921002686023712
45,11,0.06461576372385025
45,12,0.06449694186449051
45,13,0.044678959995508194
45,14,0.04937818646430969
45,15,0.04523232579231262
45,16,0.04515289515256882
45,17,0.051372215151786804
45,18,0.05036742240190506
45,19,0.0511900819838047
45,20,0.052795566618442535
45,21,0.05270068347454071
45,22,0.05042192339897156
45,23,0.058739520609378815
45,24,0.05048704147338867
45,25,0.05317239090800285
45,26,0.04663940519094467
45,27,0.05632156506180763
45,28,0.05202852562069893
45,29,0.04916691407561302
45,30,0.04529285430908203
45,31,0.06877429783344269
45,32,0.05177360773086548
45,33,0.04742325842380524
45,34,0.05395754426717758
45,35,0.05193168669939041
45,36,0.05044686421751976
45,37,0.0461987629532814
45,38,0.07108897715806961
45,39,0.04743809625506401
45,40,0.05937943980097771
45,41,0.046065159142017365
45,42,0.049161478877067566
45,43,0.05227791145443916
45,44,0.05637384206056595
45,45,0.06281749904155731
45,46,0.07268033921718597
45,47,0.05452485382556915
45,48,0.06277050077915192
45,49,0.051615070551633835
45,50,0.05337153375148773
45,51,0.0425465926527977
45,52,0.0555737130343914
45,53,0.053261179476976395
45,54,0.047200046479701996
45,55,0.04901173710823059
45,56,0.05914928764104843
45,57,0.08288988471031189
45,58,0.048870448023080826
45,59,0.052315033972263336
45,60,0.05839252471923828
45,61,0.06359168887138367
45,62,0.06251201033592224
45,63,0.05056651681661606
45,64,0.05352745205163956
45,65,0.05654720216989517
45,66,0.05665870010852814
45,67,0.05646965652704239
45,68,0.0639718770980835
45,69,0.05056317523121834
45,70,0.05951552838087082
45,71,0.0564335361123085
45,72,0.05626123771071434
45,73,0.04790719598531723
45,74,0.043084077537059784
45,75,0.049515500664711
45,76,0.07442981004714966
46,1,0.05628734827041626
46,2,0.05557519942522049
46,3,0.05175858363509178
46,4,0.0499967560172081
46,5,0.06098616495728493
46,6,0.051592737436294556
46,7,0.057353533804416656
46,8,0.046574175357818604
46,9,0.05579258129000664
46,10,0.05650318041443825
46,11,0.04991919547319412
46,12,0.058857157826423645
46,13,0.057366691529750824
46,14,0.0466458722949028
46,15,0.05513571947813034
46,16,0.051909491419792175
46,17,0.05658042058348656
46,18,0.05896308273077011
46,19,0.045616596937179565
46,20,0.0563252717256546
46,21,0.05328340828418732
46,22,0.05186329036951065
46,23,0.05994544178247452
46,24,0.05222659558057785
46,25,0.048146460205316544
46,26,0.0510934442281723
46,27,0.05177491158246994
46,28,0.05383104085922241
46,29,0.045700691640377045
46,30,0.04198041558265686
46,31,0.04436257481575012
46,32,0.05462780222296715
46,33,0.04594908282160759
46,34,0.05059979856014252
46,35,0.048528026789426804
46,36,0.061849482357501984
46,37,0.051764894276857376
46,38,0.050452765077352524
46,39,0.04809514433145523
46,40,0.050749264657497406
46,41,0.053796544671058655
46,42,0.05591398850083351
46,43,0.04614459350705147
46,44,0.053739987313747406
46,45,0.050457946956157684
46,46,0.04952981323003769
46,47,0.051580462604761124
46,48,0.04249010607600212
46,49,0.048128582537174225
46,50,0.054319217801094055
46,51,0.061893343925476074
46,52,0.04678892716765404
46,53,0.049937475472688675
46,54,0.05224769189953804
46,55,0.0508427768945694
46,56,0.050745293498039246
46,57,0.04841083288192749
46,58,0.05020725354552269
46,59,0.049299005419015884
46,60,0.05438074842095375
46,61,0.04913938045501709
46,62,0.11276281625032425
46,63,0.06543244421482086
46,64,0.04714639112353325
46,65,0.06180649995803833
46,66,0.06059255450963974
46,67,0.05257325619459152
46,68,0.05428238958120346
46,69,0.05306629091501236
46,70,0.054781440645456314
46,71,0.051048535853624344
46,72,0.04872427135705948
46,73,0.05359380692243576
46,74,0.05233629047870636
46,75,0.055508144199848175
46,76,0.08628825843334198
47,1,0.04629654437303543
47,2,0.047214239835739136
47,3,0.04752430319786072
47,4,0.05965544283390045
47,5,0.049696289002895355
47,6,0.05037543922662735
47,7,0.07025368511676788
47,8,0.05271831899881363
47,9,0.05786217004060745
47,10,0.05270548164844513
47,11,0.04657822474837303
47,12,0.06865666806697845
47,13,0.060891419649124146
47,14,0.05405779182910919
47,15,0.053773775696754456
47,16,0.05553150922060013
47,17,0.04992926865816116
47,18,0.05655739828944206
47,19,0.05251632258296013
47,20,0.053876280784606934
47,21,0.052608124911785126
47,22,0.054382890462875366
47,23,0.06585199385881424
47,24,0.054142363369464874
47,25,0.045626431703567505
47,26,0.056628476828336716
47,27,0.06084584444761276
47,28,0.04851508140563965
47,29,0.052090637385845184
47,30,0.05348037928342819
47,31,0.05353107303380966
47,32,0.05607600510120392
47,33,0.052821818739175797
47,34,0.04886990040540695
47,35,0.050969965755939484
47,36,0.05012913793325424
47,37,0.05118923634290695
47,38,0.049793269485235214
47,39,0.04617086797952652
47,40,0.04776785895228386
47,41,0.05170625448226929
47,42,0.043780192732810974
47,43,0.051760151982307434
47,44,0.04904613643884659
47,45,0.06642458587884903
47,46,0.04750079661607742
47,47,0.04488552361726761
47,48,0.04579880088567734
47,49,0.05621911957859993
47,50,0.0722951665520668
47,51,0.0539117306470871
47,52,0.04791039228439331
47,53,0.04889247193932533
47,54,0.04444235563278198
47,55,0.04900054633617401
47,56,0.05440065264701843
47,57,0.04939302057027817
47,58,0.06414033472537994
47,59,0.045097894966602325
47,60,0.048085298389196396
47,61,0.058386608958244324
47,62,0.04966738820075989
47,63,0.05267445743083954
47,64,0.048979610204696655
47,65,0.06138712540268898
47,66,0.05768989026546478
47,67,0.050493549555540085
47,68,0.05690622702240944
47,69,0.0497538261115551
47,70,0.04568846896290779
47,71,0.04708324745297432
47,72,0.05330095440149307
47,73,0.049005769193172455
47,74,0.0682530626654625
47,75,0.06171724945306778
47,76,0.04923941195011139
48,1,0.057040318846702576
48,2,0.045640915632247925
48,3,0.059232402592897415
48,4,0.04226081818342209
48,5,0.05129806324839592
48,6,0.053766556084156036
48,7,0.04298309236764908
48,8,0.046522870659828186
48,9,0.0477263443171978
48,10,0.05260865017771721
48,11,0.050040103495121
48,12,0.046550408005714417
48,13,0.05150002986192703
48,14,0.04592231661081314
48,15,0.05153457075357437
48,16,0.04935997724533081
48,17,0.0445038303732872
48,18,0.04735279828310013
48,19,0.0510391891002655
48,20,0.05675533041357994
48,21,0.05861610919237137
48,22,0.04248525947332382
48,23,0.044262658804655075
48,24,0.053996242582798004
48,25,0.04660699516534805
48,26,0.048571571707725525
48,27,0.0489354133605957
48,28,0.058602236211299896
48,29,0.05331087112426758
48,30,0.047088176012039185
48,31,0.05564437061548233
48,32,0.05346167832612991
48,33,0.04490155726671219
48,34,0.05194515734910965
48,35,0.06717514991760254
48,36,0.0557996928691864
48,37,0.049108877778053284
48,38,0.05992519110441208
48,39,0.0498216487467289
48,40,0.05159609764814377
48,41,0.05279715359210968
48,42,0.05048642307519913
48,43,0.05812084674835205
48,44,0.056448765099048615
48,45,0.06470628082752228
48,46,0.060008443892002106
48,47,0.046545837074518204
48,48,0.05069882422685623
48,49,0.08759757876396179
48,50,0.05847625434398651
48,51,0.05043088644742966
48,52,0.056838467717170715
48,53,0.051487527787685394
48,54,0.05133098363876343
48,55,0.051236070692539215
48,56,0.05375014990568161
48,57,0.046776607632637024
48,58,0.04953143373131752
48,59,0.04672658070921898
48,60,0.04928406700491905
48,61,0.052282899618148804
48,62,0.04894666373729706
48,63,0.0635412409901619
48,64,0.05321137607097626
48,65,0.046200767159461975
48,66,0.05014440044760704
48,67,0.04588322341442108
48,68,0.05887095630168915
48,69,0.03894750773906708
48,70,0.05357905104756355
48,71,0.045244909822940826
48,72,0.04946809262037277
48,73,0.04700201749801636
48,74,0.04498378932476044
48,75,0.053277090191841125
48,76,0.05133162438869476
49,1,0.056738950312137604
49,2,0.04945402219891548
49,3,0.042988140136003494
49,4,0.040210068225860596
49,5,0.0482659786939621
49,6,0.05852573737502098
49,7,0.049734000116586685
49,8,0.042187370359897614
49,9,0.051699526607990265
49,10,0.06255566328763962
49,11,0.04519299417734146
49,12,0.04215013235807419
49,13,0.044918909668922424
49,14,0.06034284085035324
49,15,0.05322626605629921
49,16,0.05327167361974716
49,17,0.06529682874679565
49,18,0.04508264362812042
49,19,0.044266216456890106
49,20,0.06051655486226082
49,21,0.05195644497871399
49,22,0.0513528436422348
49,23,0.05461873859167099
49,24,0.05211898684501648
49,25,0.04972408711910248
49,26,0.03950466215610504
49,27,0.04984379559755325
49,28,0.04898952692747116
49,29,0.0477500855922699
49,30,0.05303929001092911
49,31,0.05273783951997757
49,32,0.04661351814866066
49,33,0.04294871538877487
49,34,0.053570106625556946
49,35,0.044708095490932465
49,36,0.04411953315138817
49,37,0.04777996614575386
49,38,0.048653047531843185
49,39,0.04881834238767624
49,40,0.054333969950675964
49,41,0.04730488359928131
49,42,0.06476433575153351
49,43,0.04822752997279167
49,44,0.04959607124328613
49,45,0.07024034857749939
49,46,0.062379516661167145
49,47,0.061528466641902924
49,48,0.04801531508564949
49,49,0.04702531546354294
49,50,0.0538175068795681
49,51,0.05015658214688301
49,52,0.05097603797912598
49,53,0.04824535548686981
49,54,0.05895484238862991
49,55,0.05511976405978203
49,56,0.04792674630880356
49,57,0.05079175531864166
49,58,0.04769885540008545
49,59,0.04195269197225571
49,60,0.05701882392168045
49,61,0.0632295310497284
49,62,0.05201598256826401
49,63,0.04679139330983162
49,64,0.046878159046173096
49,65,0.04975929856300354
49,66,0.050309933722019196
49,67,0.046019405126571655
49,68,0.04560435563325882
49,69,0.04951425641775131
49,70,0.059459153562784195
49,71,0.0465456023812294
49,72,0.053373269736766815
49,73,0.04646184295415878
49,74,0.04871492087841034
49,75,0.04509399086236954
49,76,0.049256231635808945
50,1,0.051348187029361725
50,2,0.043564632534980774
50,3,0.06337438523769379
50,4,0.05197661370038986
50,5,0.06570865958929062
50,6,0.044248394668102264
50,7,0.051716528832912445
50,8,0.05083541199564934
50,9,0.049938347190618515
50,10,0.04778566211462021
50,11,0.05160515755414963
50,12,0.04351503401994705
50,13,0.046113163232803345
50,14,0.058622799813747406
50,15,0.05300627648830414
50,16,0.05099061131477356
50,17,0.048579342663288116
50,18,0.07761751115322113
50,19,0.045720476657152176
50,20,0.0559735968708992
50,21,0.05068637430667877
50,22,0.052831877022981644
50,23,0.05346699059009552
50,24,0.0459800586104393
50,25,0.04582802578806877
50,26,0.0458705797791481
50,27,0.04328455030918121
50,28,0.05034620314836502
50,29,0.04599893093109131
50,30,0.05160439759492874
50,31,0.051894377917051315
50,32,0.05952434986829758
50,33,0.04140178859233856
50,34,0.053018391132354736
50,35,0.05484765022993088
50,36,0.04947630316019058
50,37,0.043640583753585815
50,38,0.04275587201118469
50,39,0.05739975348114967
50,40,0.04606182128190994
50,41,0.050120409578084946
50,42,0.04050682112574577
50,43,0.051991596817970276
50,44,0.060924507677555084
50,45,0.04881851375102997
50,46,0.04633040353655815
50,47,0.0408286452293396
50,48,0.04555698484182358
50,49,0.05137449502944946
50,50,0.0524882934987545
50,51,0.06565316021442413
50,52,0.052110105752944946
50,53,0.04296744987368584
50,54,0.049988068640232086
50,55,0.04984750226140022
50,56,0.04817547649145126
50,57,0.05324573069810867
50,58,0.049171194434165955
50,59,0.0572122186422348
50,60,0.04333724081516266
50,61,0.04511989280581474
50,62,0.0449056401848793
50,63,0.05437810346484184
50,64,0.04367103427648544
50,65,0.04567515850067139
50,66,0.0465518981218338
50,67,0.051879703998565674
50,68,0.04455436021089554
50,69,0.04867738485336304
50,70,0.04607945308089256
50,71,0.05376654490828514
50,72,0.05247873812913895
50,73,0.04441087692975998
50,74,0.048759251832962036
50,75,0.05412251874804497
50,76,0.05612605810165405
