epoch,step,loss
1,1,2.4953079223632812
1,2,2.145050048828125
1,3,1.8506746292114258
1,4,1.6255531311035156
1,5,1.5990214347839355
1,6,1.8682339191436768
2,1,1.321129322052002
2,2,1.1543567180633545
2,3,1.0000557899475098
2,4,1.108616828918457
2,5,1.0659868717193604
3,1,0.8759980201721191
3,2,1.0054899454116821
3,3,0.796597957611084
3,4,0.6658846139907837
3,5,0.6907410025596619
4,1,0.6106284260749817
4,2,0.5349618792533875
4,3,0.48721107840538025
4,4,0.5990720391273499
4,5,0.6870357990264893
5,1,0.45780128240585327
5,2,0.401277095079422
5,3,0.42456090450286865
5,4,0.35810333490371704
5,5,0.4500241279602051
6,1,0.25610119104385376
6,2,0.47026532888412476
6,3,0.47762531042099
6,4,0.29241979122161865
6,5,0.4108567237854004
7,1,0.20798403024673462
7,2,0.21374933421611786
7,3,0.2760842740535736
7,4,0.21752044558525085
7,5,0.3811156451702118
8,1,0.18677891790866852
8,2,0.10286900401115417
8,3,0.1300782710313797
8,4,0.14290279150009155
8,5,0.15776190161705017
9,1,0.12259306013584137
9,2,0.21581465005874634
9,3,0.1197204515337944
9,4,0.21194609999656677
9,5,0.11554024368524551
10,1,0.1346680372953415
10,2,0.18286257982254028
10,3,0.07826080173254013
10,4,0.13704906404018402
10,5,0.14259281754493713
11,1,0.06797987967729568
11,2,0.06638183444738388
11,3,0.11667567491531372
11,4,0.1384728103876114
11,5,0.10248299688100815
12,1,0.1975867748260498
12,2,0.15250207483768463
12,3,0.10866793990135193
12,4,0.08130533248186111
12,5,0.16061830520629883
13,1,0.11999858915805817
13,2,0.04485614597797394
13,3,0.1332017332315445
13,4,0.22091443836688995
13,5,0.13412198424339294
14,1,0.04886047542095184
14,2,0.11647895723581314
14,3,0.03479648008942604
14,4,0.12290362268686295
14,5,0.05282178521156311
15,1,0.11012319475412369
15,2,0.07008230686187744
15,3,0.14492890238761902
15,4,0.08611123263835907
15,5,0.03800629824399948
16,1,0.03932759910821915
16,2,0.0957762598991394
16,3,0.19054332375526428
16,4,0.12170857191085815
16,5,0.1374220997095108
17,1,0.03286397457122803
17,2,0.12336654961109161
17,3,0.11927559971809387
17,4,0.05646461993455887
17,5,0.04981391876935959
18,1,0.17305153608322144
18,2,0.19656327366828918
18,3,0.050952352583408356
18,4,0.1546153724193573
18,5,0.0385470949113369
19,1,0.13391976058483124
19,2,0.0293094664812088
19,3,0.0630139410495758
19,4,0.03484551981091499
19,5,0.037864986807107925
20,1,0.13323549926280975
20,2,0.10293737798929214
20,3,0.026358556002378464
20,4,0.03738962113857269
20,5,0.08150717616081238
21,1,0.07125317305326462
21,2,0.017396453768014908
21,3,0.1456553190946579
21,4,0.07740019261837006
21,5,0.03477912023663521
22,1,0.026382051408290863
22,2,0.0448695532977581
22,3,0.01237817108631134
22,4,0.08544465899467468
22,5,0.017219189554452896
23,1,0.018327562138438225
23,2,0.05217704176902771
23,3,0.12904101610183716
23,4,0.06326006352901459
23,5,0.015282303094863892
24,1,0.11173738539218903
24,2,0.029935404658317566
24,3,0.01883009448647499
24,4,0.020249193534255028
24,5,0.0875232070684433
25,1,0.02562275156378746
25,2,0.05505652353167534
25,3,0.028241988271474838
25,4,0.02827400714159012
25,5,0.016075100749731064
26,1,0.05067773535847664
26,2,0.07278738170862198
26,3,0.21986283361911774
26,4,0.053445134311914444
26,5,0.04736126959323883
27,1,0.062119707465171814
27,2,0.013534282334148884
27,3,0.08425308018922806
27,4,0.03244564309716225
27,5,0.010569104924798012
28,1,0.06836865842342377
28,2,0.01902134157717228
28,3,0.1719927340745926
28,4,0.14949066936969757
28,5,0.027118699625134468
29,1,0.009951576590538025
29,2,0.12245314568281174
29,3,0.00907636247575283
29,4,0.033553220331668854
29,5,0.027352506294846535
30,1,0.0820293053984642
30,2,0.2525840997695923
30,3,0.3913446366786957
30,4,0.06121428310871124
30,5,0.022209743037819862
31,1,0.061915330588817596
31,2,0.018949173390865326
31,3,0.12072433531284332
31,4,0.015147198922932148
31,5,0.06800021231174469
32,1,0.026362046599388123
32,2,0.05690489709377289
32,3,0.040564849972724915
32,4,0.07462556660175323
32,5,0.0694337785243988
33,1,0.11923064291477203
33,2,0.009057611227035522
33,3,0.21559923887252808
33,4,0.03657703474164009
33,5,0.07511582970619202
34,1,0.16663296520709991
34,2,0.18609604239463806
34,3,0.18195268511772156
34,4,0.016857746988534927
34,5,0.05303434282541275
35,1,0.008027961477637291
35,2,0.026300985366106033
35,3,0.025425301864743233
35,4,0.10520495474338531
35,5,0.018834292888641357
36,1,0.023707987740635872
36,2,0.23650968074798584
36,3,0.13918522000312805
36,4,0.09524252265691757
36,5,0.037320997565984726
37,1,0.03554902970790863
37,2,0.11972276866436005
37,3,0.08284144848585129
37,4,0.1515536606311798
37,5,0.03431934863328934
38,1,0.030413787811994553
38,2,0.07776516675949097
38,3,0.023261364549398422
38,4,0.010732516646385193
38,5,0.03313961997628212
39,1,0.12438301742076874
39,2,0.014572233892977238
39,3,0.046118978410959244
39,4,0.0402861014008522
39,5,0.01300075277686119
40,1,0.10156795382499695
40,2,0.10351727902889252
40,3,0.013495109975337982
40,4,0.01968107745051384
40,5,0.009251667186617851
41,1,0.0549444705247879
41,2,0.03643672168254852
41,3,0.1467239111661911
41,4,0.008127261884510517
41,5,0.016990941017866135
42,1,0.10685517638921738
42,2,0.11056424677371979
42,3,0.012666544876992702
42,4,0.19422847032546997
42,5,0.011329971253871918
43,1,0.08893998712301254
43,2,0.0215093232691288
43,3,0.042417339980602264
43,4,0.011234341189265251
43,5,0.02168170176446438
44,1,0.13328681886196136
44,2,0.1804390847682953
44,3,0.028178386390209198
44,4,0.007661278359591961
44,5,0.20634351670742035
45,1,0.011480694636702538
45,2,0.029535451903939247
45,3,0.004953605588525534
45,4,0.016714289784431458
45,5,0.1448317915201187
46,1,0.008864212781190872
46,2,0.22822538018226624
46,3,0.028796378523111343
46,4,0.013018012046813965
46,5,0.04513704776763916
47,1,0.004747554659843445
47,2,0.05383208021521568
47,3,0.019798429682850838
47,4,0.02504779025912285
47,5,0.014099818654358387
48,1,0.12237028777599335
48,2,0.006531274411827326
48,3,0.03416294604539871
48,4,0.012789992615580559
48,5,0.06435884535312653
49,1,0.020931582897901535
49,2,0.10634145140647888
49,3,0.009192181751132011
49,4,0.008527737110853195
49,5,0.10124548524618149
50,1,0.012040912173688412
50,2,0.22657720744609833
50,3,0.07329189777374268
50,4,0.004439822863787413
50,5,0.01071237027645111
51,1,0.006722641177475452
51,2,0.05996664986014366
51,3,0.011514171957969666
51,4,0.008948308415710926
51,5,0.11875465512275696
52,1,0.007079785689711571
52,2,0.03663267940282822
52,3,0.021110013127326965
52,4,0.2081184685230255
52,5,0.033755265176296234
53,1,0.008668631315231323
53,2,0.13902893662452698
53,3,0.006875310093164444
53,4,0.02831750363111496
53,5,0.11175879836082458
54,1,0.03691285103559494
54,2,0.01372452825307846
54,3,0.0126580111682415
54,4,0.004182669334113598
54,5,0.11492486298084259
55,1,0.03476216271519661
55,2,0.06232087314128876
55,3,0.0039056078530848026
55,4,0.011591030284762383
55,5,0.08943991363048553
56,1,0.017125442624092102
56,2,0.006685880944132805
56,3,0.004041245207190514
56,4,0.00610419362783432
56,5,0.20459061861038208
57,1,0.02134782075881958
57,2,0.1675492823123932
57,3,0.017411120235919952
57,4,0.08174630254507065
57,5,0.009035870432853699
58,1,0.01319502666592598
58,2,0.00561321759596467
58,3,0.007554285693913698
58,4,0.020372092723846436
58,5,0.009302182123064995
59,1,0.0967668741941452
59,2,0.07709585130214691
59,3,0.00631024781614542
59,4,0.02235201746225357
59,5,0.00909213162958622
60,1,0.004950455389916897
60,2,0.0319085419178009
60,3,0.010462496429681778
60,4,0.014328889548778534
60,5,0.0049697174690663815
61,1,0.004663175903260708
61,2,0.05882229283452034
61,3,0.0042741503566503525
61,4,0.0049779401160776615
61,5,0.01318827923387289
62,1,0.012918817810714245
62,2,0.04878095164895058
62,3,0.007623135577887297
62,4,0.037935350090265274
62,5,0.006147374864667654
63,1,0.012487576343119144
63,2,0.08233281224966049
63,3,0.014866657555103302
63,4,0.01061949785798788
63,5,0.1172715574502945
64,1,0.004870463162660599
64,2,0.03649646043777466
64,3,0.016010558232665062
64,4,0.0460330992937088
64,5,0.016777416691184044
65,1,0.0031910687685012817
65,2,0.010256767272949219
65,3,0.010863911360502243
65,4,0.0034330561757087708
65,5,0.2134077250957489
66,1,0.052730951458215714
66,2,0.06387557089328766
66,3,0.035989344120025635
66,4,0.05799710378050804
66,5,0.006477707531303167
67,1,0.00579405901953578
67,2,0.009182926267385483
67,3,0.04776238277554512
67,4,0.017488501965999603
67,5,0.011598080396652222
68,1,0.027258435264229774
68,2,0.12317507714033127
68,3,0.06291452050209045
68,4,0.0024903309531509876
68,5,0.023314010351896286
69,1,0.005353183951228857
69,2,0.13880662620067596
69,3,0.003952585160732269
69,4,0.006195520982146263
69,5,0.011789757758378983
70,1,0.04228264093399048
70,2,0.042835310101509094
70,3,0.015235718339681625
70,4,0.055399831384420395
70,5,0.0043997690081596375
71,1,0.0421549454331398
71,2,0.005417376756668091
71,3,0.006427381187677383
71,4,0.07019881159067154
71,5,0.006671179085969925
72,1,0.0028278185054659843
72,2,0.0038774260319769382
72,3,0.00417517451569438
72,4,0.051019132137298584
72,5,0.015531519427895546
73,1,0.013648968189954758
73,2,0.005543792154639959
73,3,0.002609836868941784
73,4,0.004926252644509077
73,5,0.020919807255268097
74,1,0.003032358828932047
74,2,0.008864399045705795
74,3,0.07800841331481934
74,4,0.044752337038517
74,5,0.002907956950366497
75,1,0.004925811663269997
75,2,0.014442461542785168
75,3,0.01808662712574005
75,4,0.004255134146660566
75,5,0.02038791961967945
76,1,0.008354156278073788
76,2,0.12994328141212463
76,3,0.014350694604218006
76,4,0.08311033248901367
76,5,0.02758611924946308
77,1,0.006155475974082947
77,2,0.011267216876149178
77,3,0.09374407678842545
77,4,0.005144667811691761
77,5,0.01263108104467392
78,1,0.003926098812371492
78,2,0.014086253941059113
78,3,0.12845316529273987
78,4,0.005028571467846632
78,5,0.006575795356184244
79,1,0.007349730934947729
79,2,0.07539024204015732
79,3,0.027090249583125114
79,4,0.003990002907812595
79,5,0.014211256057024002
80,1,0.04245207831263542
80,2,0.003760912921279669
80,3,0.005471989046782255
80,4,0.008670344948768616
80,5,0.0047916229814291
81,1,0.009737716056406498
81,2,0.01014302484691143
81,3,0.022870853543281555
81,4,0.07611894607543945
81,5,0.16490422189235687
82,1,0.02951652556657791
82,2,0.0974208265542984
82,3,0.0029299366287887096
82,4,0.13466522097587585
82,5,0.011928257532417774
83,1,0.0045645274221897125
83,2,0.040442466735839844
83,3,0.023748593404889107
83,4,0.013863902539014816
83,5,0.006254496984183788
84,1,0.0033685611560940742
84,2,0.0027378061786293983
84,3,0.004289902746677399
84,4,0.004697886761277914
84,5,0.23066039383411407
85,1,0.0036988290958106518
85,2,0.05845193192362785
85,3,0.06866281479597092
85,4,0.014251298271119595
85,5,0.0496140792965889
86,1,0.05594980716705322
86,2,0.025421084836125374
86,3,0.009067744016647339
86,4,0.0027396446093916893
86,5,0.050146784633398056
87,1,0.00702727772295475
87,2,0.140015110373497
87,3,0.004150440450757742
87,4,0.025833550840616226
87,5,0.0037230169400572777
88,1,0.03744109719991684
88,2,0.0148616386577487
88,3,0.01050725020468235
88,4,0.04239391162991524
88,5,0.07453066855669022
89,1,0.03733116015791893
89,2,0.004232634324580431
89,3,0.0058446964249014854
89,4,0.0908774882555008
89,5,0.007499061990529299
90,1,0.15955905616283417
90,2,0.02177860401570797
90,3,0.0017715380527079105
90,4,0.030056295916438103
90,5,0.005849257577210665
91,1,0.002386284526437521
91,2,0.11526098847389221
91,3,0.015759523957967758
91,4,0.005158328916877508
91,5,0.03552791848778725
92,1,0.002514282241463661
92,2,0.07675055414438248
92,3,0.020738065242767334
92,4,0.12397400289773941
92,5,0.20871855318546295
93,1,0.17654624581336975
93,2,0.004358143545687199
93,3,0.04735070466995239
93,4,0.01665092632174492
93,5,0.010915795341134071
94,1,0.0039429860189557076
94,2,0.004519452340900898
94,3,0.03414297103881836
94,4,0.0048535484820604324
94,5,0.015155639499425888
95,1,0.0033317063935101032
95,2,0.03168313950300217
95,3,0.1751592457294464
95,4,0.005889192223548889
95,5,0.06633991748094559
96,1,0.06950905919075012
96,2,0.1139809638261795
96,3,0.005986818112432957
96,4,0.009690126404166222
96,5,0.00415409030392766
97,1,0.004457948729395866
97,2,0.08539459109306335
97,3,0.03941677138209343
97,4,0.04728560894727707
97,5,0.0074803936295211315
98,1,0.043283313512802124
98,2,0.028165314346551895
98,3,0.01781216263771057
98,4,0.021723398938775063
98,5,0.00677361898124218
99,1,0.007940051145851612
99,2,0.0026668617501854897
99,3,0.011111767962574959
99,4,0.0032002204097807407
99,5,0.004834564868360758
100,1,0.005582259502261877
100,2,0.07770390808582306
100,3,0.009589850902557373
100,4,0.007719788234680891
100,5,0.005726933013647795
