epoch,step,loss
1,1,1.52713143825531
1,2,1.4464483261108398
1,3,1.3903627395629883
1,4,1.3508386611938477
1,5,1.3099040985107422
1,6,1.2785000801086426
1,7,1.2476122379302979
1,8,1.2204195261001587
1,9,1.1971274614334106
1,10,1.1724672317504883
1,11,1.1504138708114624
1,12,1.1310534477233887
1,13,1.1110633611679077
1,14,1.0913920402526855
1,15,1.0667695999145508
1,16,1.0487728118896484
1,17,1.0408395528793335
1,18,1.0136882066726685
1,19,1.0033198595046997
1,20,0.9917806386947632
1,21,0.9685776233673096
1,22,0.9495284557342529
1,23,0.9501597285270691
1,24,0.9243255853652954
1,25,0.9239835739135742
1,26,0.9044623374938965
1,27,0.8827243447303772
1,28,0.8802175521850586
1,29,0.8627521991729736
1,30,0.8464018702507019
1,31,0.8425126671791077
1,32,0.8312100768089294
1,33,0.8250889778137207
1,34,0.7942997813224792
1,35,0.7906714677810669
1,36,0.7796670198440552
1,37,0.7768803834915161
1,38,0.7709816694259644
1,39,0.760677695274353
1,40,0.745800793170929
1,41,0.7368829846382141
1,42,0.7266960144042969
1,43,0.7145771980285645
1,44,0.7183269262313843
1,45,0.7002087831497192
1,46,0.6892189979553223
1,47,0.6795758008956909
1,48,0.6902401447296143
1,49,0.6665418148040771
1,50,0.6568505764007568
1,51,0.6530464291572571
1,52,0.6338810920715332
1,53,0.6575545072555542
1,54,0.6307113766670227
1,55,0.6236523389816284
1,56,0.6258916854858398
1,57,0.6156625747680664
1,58,0.6070631742477417
1,59,0.6026935577392578
1,60,0.5958850383758545
1,61,0.591098427772522
1,62,0.580058217048645
1,63,0.573845624923706
1,64,0.5776875615119934
1,65,0.5649688839912415
1,66,0.5678823590278625
1,67,0.5513180494308472
1,68,0.5337481498718262
1,69,0.5412585735321045
1,70,0.535275936126709
1,71,0.5280053615570068
1,72,0.5227866172790527
1,73,0.5294724702835083
1,74,0.5126398205757141
1,75,0.5099456906318665
1,76,0.5017994046211243
1,77,0.5005457997322083
2,1,0.49878737330436707
2,2,0.4948979616165161
2,3,0.4763464629650116
2,4,0.47614753246307373
2,5,0.4772197902202606
2,6,0.4591805934906006
2,7,0.4611291289329529
2,8,0.4530879557132721
2,9,0.4547172784805298
2,10,0.4499358534812927
2,11,0.4386143684387207
2,12,0.44347673654556274
2,13,0.4393971562385559
2,14,0.4328504800796509
2,15,0.42990726232528687
2,16,0.4178217351436615
2,17,0.4354895353317261
2,18,0.41818684339523315
2,19,0.404602587223053
2,20,0.40916669368743896
2,21,0.41177308559417725
2,22,0.426944762468338
2,23,0.4123479425907135
2,24,0.40928229689598083
2,25,0.3933629095554352
2,26,0.39104199409484863
2,27,0.38312870264053345
2,28,0.38523951172828674
2,29,0.37417370080947876
2,30,0.37693673372268677
2,31,0.37789273262023926
2,32,0.36034801602363586
2,33,0.3633745014667511
2,34,0.3580206632614136
2,35,0.3543577790260315
2,36,0.34856751561164856
2,37,0.3648425042629242
2,38,0.3454633951187134
2,39,0.3478386104106903
2,40,0.3377299904823303
2,41,0.34377622604370117
2,42,0.34195542335510254
2,43,0.3253175914287567
2,44,0.34866487979888916
2,45,0.329118013381958
2,46,0.3443923592567444
2,47,0.32827526330947876
2,48,0.3258281648159027
2,49,0.32019326090812683
2,50,0.3150255084037781
2,51,0.3206890821456909
2,52,0.30939745903015137
2,53,0.32277101278305054
2,54,0.312794953584671
2,55,0.30425411462783813
2,56,0.3018372654914856
2,57,0.2977845072746277
2,58,0.30300235748291016
2,59,0.294894814491272
2,60,0.3060897886753082
2,61,0.2954702377319336
2,62,0.2883049249649048
2,63,0.293560266494751
2,64,0.28871750831604004
2,65,0.2894868850708008
2,66,0.29210036993026733
2,67,0.28148579597473145
2,68,0.26877787709236145
2,69,0.2743510603904724
2,70,0.2821289896965027
2,71,0.26180073618888855
2,72,0.2764168679714203
2,73,0.25644156336784363
2,74,0.25996583700180054
2,75,0.2699565887451172
2,76,0.2630954384803772
3,1,0.24666428565979004
3,2,0.26737743616104126
3,3,0.25264933705329895
3,4,0.2557534873485565
3,5,0.2478354573249817
3,6,0.2558327317237854
3,7,0.2539405822753906
3,8,0.24478238821029663
3,9,0.24666789174079895
3,10,0.26585888862609863
3,11,0.2530750334262848
3,12,0.24193193018436432
3,13,0.2530948519706726
3,14,0.23859654366970062
3,15,0.2479514181613922
3,16,0.26567891240119934
3,17,0.25098860263824463
3,18,0.2571283280849457
3,19,0.23921404778957367
3,20,0.2521806061267853
3,21,0.2404216229915619
3,22,0.2458224594593048
3,23,0.22975420951843262
3,24,0.2142321616411209
3,25,0.24381807446479797
3,26,0.23633533716201782
3,27,0.21788561344146729
3,28,0.23107455670833588
3,29,0.20302903652191162
3,30,0.23134776949882507
3,31,0.21912623941898346
3,32,0.2284238040447235
3,33,0.2261236310005188
3,34,0.23064875602722168
3,35,0.20394495129585266
3,36,0.21288526058197021
3,37,0.2113536149263382
3,38,0.21773695945739746
3,39,0.19183999300003052
3,40,0.20292159914970398
3,41,0.2103632390499115
3,42,0.1978532075881958
3,43,0.2013365775346756
3,44,0.20367784798145294
3,45,0.2484213411808014
3,46,0.20301872491836548
3,47,0.2163061499595642
3,48,0.20132368803024292
3,49,0.19721077382564545
3,50,0.19491764903068542
3,51,0.21072204411029816
3,52,0.1920582801103592
3,53,0.22551670670509338
3,54,0.19440649449825287
3,55,0.19597113132476807
3,56,0.18217356503009796
3,57,0.20160633325576782
3,58,0.20503449440002441
3,59,0.19207240641117096
3,60,0.1792917549610138
3,61,0.19194746017456055
3,62,0.18568405508995056
3,63,0.19378268718719482
3,64,0.1782689392566681
3,65,0.18669292330741882
3,66,0.17576920986175537
3,67,0.1789592206478119
3,68,0.17315153777599335
3,69,0.17232149839401245
3,70,0.19989192485809326
3,71,0.1650693714618683
3,72,0.18510065972805023
3,73,0.16437527537345886
3,74,0.17280185222625732
3,75,0.1817432940006256
3,76,0.15833857655525208
4,1,0.18277747929096222
4,2,0.1737300455570221
4,3,0.18092995882034302
4,4,0.1684810370206833
4,5,0.159168541431427
4,6,0.16138383746147156
4,7,0.17663989961147308
4,8,0.16775524616241455
4,9,0.15379366278648376
4,10,0.15390545129776
4,11,0.15504592657089233
4,12,0.18575076758861542
4,13,0.1700158417224884
4,14,0.1686170995235443
4,15,0.16845610737800598
4,16,0.1576182246208191
4,17,0.1705510914325714
4,18,0.16408471763134003
4,19,0.16771537065505981
4,20,0.15390953421592712
4,21,0.15189163386821747
4,22,0.14768807590007782
4,23,0.15882599353790283
4,24,0.13706053793430328
4,25,0.15883730351924896
4,26,0.1407230943441391
4,27,0.14521805942058563
4,28,0.16616219282150269
4,29,0.14790087938308716
4,30,0.15221312642097473
4,31,0.14100484549999237
4,32,0.14016130566596985
4,33,0.16099140048027039
4,34,0.14778165519237518
4,35,0.1435442864894867
4,36,0.14616239070892334
4,37,0.15536946058273315
4,38,0.1353234052658081
4,39,0.1442704051733017
4,40,0.14141206443309784
4,41,0.14623001217842102
4,42,0.15302856266498566
4,43,0.15419158339500427
4,44,0.1531447470188141
4,45,0.1303548365831375
4,46,0.14677277207374573
4,47,0.1520967185497284
4,48,0.14894075691699982
4,49,0.1606188863515854
4,50,0.1465863138437271
4,51,0.14372503757476807
4,52,0.14912723004817963
4,53,0.13034331798553467
4,54,0.15128807723522186
4,55,0.14702287316322327
4,56,0.14412449300289154
4,57,0.14413778483867645
4,58,0.1347283124923706
4,59,0.12986963987350464
4,60,0.13755011558532715
4,61,0.15298455953598022
4,62,0.1326054334640503
4,63,0.1560981720685959
4,64,0.1310456246137619
4,65,0.13874492049217224
4,66,0.14382728934288025
4,67,0.14378726482391357
4,68,0.13636183738708496
4,69,0.12340712547302246
4,70,0.13123467564582825
4,71,0.13491398096084595
4,72,0.14020198583602905
4,73,0.13356007635593414
4,74,0.12311114370822906
4,75,0.13498064875602722
4,76,0.1263558268547058
5,1,0.12423472106456757
5,2,0.13243350386619568
5,3,0.13871201872825623
5,4,0.14203190803527832
5,5,0.1232629269361496
5,6,0.12379288673400879
5,7,0.13477522134780884
5,8,0.12828809022903442
5,9,0.1241394504904747
5,10,0.12172526866197586
5,11,0.12124903500080109
5,12,0.1437370777130127
5,13,0.12777628004550934
5,14,0.14796030521392822
5,15,0.12459751963615417
5,16,0.11597113311290741
5,17,0.15772463381290436
5,18,0.1496543288230896
5,19,0.12259446084499359
5,20,0.12071418762207031
5,21,0.12251846492290497
5,22,0.13239632546901703
5,23,0.13107125461101532
5,24,0.12721998989582062
5,25,0.13306546211242676
5,26,0.13328421115875244
5,27,0.12653185427188873
5,28,0.13144537806510925
5,29,0.12836427986621857
5,30,0.1251153200864792
5,31,0.11438331007957458
5,32,0.12190935015678406
5,33,0.1326589733362198
5,34,0.11011397838592529
5,35,0.13437820971012115
5,36,0.12691809237003326
5,37,0.13097050786018372
5,38,0.11396785080432892
5,39,0.14617782831192017
5,40,0.11295568943023682
5,41,0.11141162365674973
5,42,0.12597766518592834
5,43,0.1148761659860611
5,44,0.1366090178489685
5,45,0.13131335377693176
5,46,0.13196612894535065
5,47,0.13543938100337982
5,48,0.12742376327514648
5,49,0.12452691048383713
5,50,0.1209583431482315
5,51,0.12343578040599823
5,52,0.122076116502285
5,53,0.12258682399988174
5,54,0.12226340919733047
5,55,0.12535466253757477
5,56,0.14337670803070068
5,57,0.139333114027977
5,58,0.11200858652591705
5,59,0.12413588911294937
5,60,0.13153734803199768
5,61,0.1085149347782135
5,62,0.11813895404338837
5,63,0.13454368710517883
5,64,0.12932157516479492
5,65,0.11779043078422546
5,66,0.14134719967842102
5,67,0.12757982313632965
5,68,0.1090220957994461
5,69,0.12809666991233826
5,70,0.10986664891242981
5,71,0.12224286049604416
5,72,0.14198905229568481
5,73,0.11799317598342896
5,74,0.11239459365606308
5,75,0.11124477535486221
5,76,0.12023991346359253
6,1,0.11027169227600098
6,2,0.10695098340511322
6,3,0.12566986680030823
6,4,0.12069682776927948
6,5,0.10950982570648193
6,6,0.11391725391149521
6,7,0.10690051317214966
6,8,0.13016347587108612
6,9,0.10560338199138641
6,10,0.11250142753124237
6,11,0.11778570711612701
6,12,0.1116778776049614
6,13,0.11474097520112991
6,14,0.13310235738754272
6,15,0.11309884488582611
6,16,0.1060476303100586
6,17,0.11188061535358429
6,18,0.11659042537212372
6,19,0.11852685362100601
6,20,0.10283216834068298
6,21,0.10641148686408997
6,22,0.11485467851161957
6,23,0.10722080618143082
6,24,0.10710833221673965
6,25,0.09677339345216751
6,26,0.11743635684251785
6,27,0.09892512857913971
6,28,0.10516375303268433
6,29,0.09659397602081299
6,30,0.13484054803848267
6,31,0.1131669282913208
6,32,0.10029537230730057
6,33,0.1043001189827919
6,34,0.11788345873355865
6,35,0.11399546265602112
6,36,0.1062995046377182
6,37,0.11175684630870819
6,38,0.10454301536083221
6,39,0.10765057802200317
6,40,0.10067572444677353
6,41,0.0943484753370285
6,42,0.11382561177015305
6,43,0.1051054447889328
6,44,0.11120057106018066
6,45,0.119575135409832
6,46,0.09691598266363144
6,47,0.10010939836502075
6,48,0.11639470607042313
6,49,0.10654057562351227
6,50,0.11128146946430206
6,51,0.09845688939094543
6,52,0.11329164355993271
6,53,0.10792088508605957
6,54,0.10795329511165619
6,55,0.11028784513473511
6,56,0.11351083219051361
6,57,0.0995199903845787
6,58,0.1122196763753891
6,59,0.10019189864397049
6,60,0.09978752583265305
6,61,0.11479249596595764
6,62,0.10948625206947327
6,63,0.09448909759521484
6,64,0.1071188747882843
6,65,0.10795705020427704
6,66,0.10674325376749039
6,67,0.14463861286640167
6,68,0.10884512960910797
6,69,0.12047049403190613
6,70,0.12514075636863708
6,71,0.12142603099346161
6,72,0.11354632675647736
6,73,0.11503139138221741
6,74,0.09436759352684021
6,75,0.11396252363920212
6,76,0.1011500358581543
7,1,0.10732612758874893
7,2,0.10423136502504349
7,3,0.09780055284500122
7,4,0.10320771485567093
7,5,0.09724746644496918
7,6,0.09581255912780762
7,7,0.08936271071434021
7,8,0.09826654940843582
7,9,0.09561902284622192
7,10,0.09261155873537064
7,11,0.09793545305728912
7,12,0.09714400768280029
7,13,0.0952378362417221
7,14,0.09378167241811752
7,15,0.10346540063619614
7,16,0.09186738729476929
7,17,0.0967591255903244
7,18,0.0985039696097374
7,19,0.10093388706445694
7,20,0.08935454487800598
7,21,0.10444748401641846
7,22,0.10628914833068848
7,23,0.10520341992378235
7,24,0.11799046397209167
7,25,0.1031096950173378
7,26,0.0970681756734848
7,27,0.09215313196182251
7,28,0.0941527783870697
7,29,0.09977438300848007
7,30,0.11205677688121796
7,31,0.10064058005809784
7,32,0.10030674934387207
7,33,0.10382437705993652
7,34,0.09428958594799042
7,35,0.10269881784915924
7,36,0.08990099281072617
7,37,0.10296796262264252
7,38,0.09289389848709106
7,39,0.0885501503944397
7,40,0.0919986367225647
7,41,0.0965806394815445
7,42,0.09552788734436035
7,43,0.09476245939731598
7,44,0.09495513141155243
7,45,0.09479518234729767
7,46,0.08194171637296677
7,47,0.09422759711742401
7,48,0.08262990415096283
7,49,0.09327398240566254
7,50,0.10140824317932129
7,51,0.08947231620550156
7,52,0.08482477813959122
7,53,0.09611082077026367
7,54,0.09642193466424942
7,55,0.10999562591314316
7,56,0.09563642740249634
7,57,0.09411118924617767
7,58,0.10356221348047256
7,59,0.09693688154220581
7,60,0.08239750564098358
7,61,0.09500275552272797
7,62,0.09718915820121765
7,63,0.08990950137376785
7,64,0.09679638594388962
7,65,0.08371802419424057
7,66,0.0929381400346756
7,67,0.0913352519273758
7,68,0.08921016752719879
7,69,0.11970161646604538
7,70,0.08643162995576859
7,71,0.08948701620101929
7,72,0.0908721387386322
7,73,0.08656363189220428
7,74,0.106353759765625
7,75,0.08811892569065094
7,76,0.09191754460334778
8,1,0.09904276579618454
8,2,0.08840499818325043
8,3,0.08426818996667862
8,4,0.08221638202667236
8,5,0.0924857035279274
8,6,0.08290205150842667
8,7,0.08532150834798813
8,8,0.09393537044525146
8,9,0.0961582362651825
8,10,0.07811340689659119
8,11,0.08510307967662811
8,12,0.08851666748523712
8,13,0.09063059091567993
8,14,0.08318769186735153
8,15,0.083418108522892
8,16,0.08699922263622284
8,17,0.08527754992246628
8,18,0.08373576402664185
8,19,0.09401273727416992
8,20,0.07455533742904663
8,21,0.10201269388198853
8,22,0.08633361756801605
8,23,0.09990253299474716
8,24,0.0859581008553505
8,25,0.08963610976934433
8,26,0.08346167206764221
8,27,0.09807328879833221
8,28,0.09069015830755234
8,29,0.08156239986419678
8,30,0.08326907455921173
8,31,0.07842229306697845
8,32,0.08084147423505783
8,33,0.08050532639026642
8,34,0.08208606392145157
8,35,0.07995489239692688
8,36,0.08119700103998184
8,37,0.07919171452522278
8,38,0.07930454611778259
8,39,0.07922285795211792
8,40,0.07998339086771011
8,41,0.08595365285873413
8,42,0.08137458562850952
8,43,0.08225688338279724
8,44,0.07848332077264786
8,45,0.09962406754493713
8,46,0.09479250013828278
8,47,0.08513536304235458
8,48,0.09211653470993042
8,49,0.09518264979124069
8,50,0.0872284322977066
8,51,0.09351342916488647
8,52,0.08532922714948654
8,53,0.11705279350280762
8,54,0.08604453504085541
8,55,0.09309471398591995
8,56,0.09682130068540573
8,57,0.09294892847537994
8,58,0.08200091123580933
8,59,0.08131030201911926
8,60,0.0762629359960556
8,61,0.0808286964893341
8,62,0.09485819935798645
8,63,0.09178459644317627
8,64,0.08549867570400238
8,65,0.0888286754488945
8,66,0.08119980990886688
8,67,0.09355688840150833
8,68,0.07643531262874603
8,69,0.07795540988445282
8,70,0.07383423298597336
8,71,0.09507980942726135
8,72,0.08756181597709656
8,73,0.08386795222759247
8,74,0.08317387104034424
8,75,0.0921943336725235
8,76,0.07847780734300613
9,1,0.07194699347019196
9,2,0.08846534043550491
9,3,0.07799064368009567
9,4,0.08328305929899216
9,5,0.07985980063676834
9,6,0.07586604356765747
9,7,0.09722976386547089
9,8,0.07982784509658813
9,9,0.07823991775512695
9,10,0.08296120166778564
9,11,0.08196467161178589
9,12,0.09927840530872345
9,13,0.08936066180467606
9,14,0.08271384239196777
9,15,0.08204801380634308
9,16,0.08049201965332031
9,17,0.08715672045946121
9,18,0.08966200053691864
9,19,0.09245531260967255
9,20,0.08976683765649796
9,21,0.07803072035312653
9,22,0.08129715919494629
9,23,0.1014745831489563
9,24,0.08850336074829102
9,25,0.09180492162704468
9,26,0.08429940789937973
9,27,0.07761168479919434
9,28,0.09505099803209305
9,29,0.07908361405134201
9,30,0.08502385020256042
9,31,0.08705347031354904
9,32,0.07856304198503494
9,33,0.08155015110969543
9,34,0.09232102334499359
9,35,0.0844091847538948
9,36,0.09119287133216858
9,37,0.08176006376743317
9,38,0.0774371474981308
9,39,0.08315350115299225
9,40,0.09280255436897278
9,41,0.08024467527866364
9,42,0.0843299925327301
9,43,0.07724277675151825
9,44,0.07831650972366333
9,45,0.08456526696681976
9,46,0.08631334453821182
9,47,0.087860107421875
9,48,0.07454805821180344
9,49,0.076134592294693
9,50,0.08569379895925522
9,51,0.0782959908246994
9,52,0.07848618924617767
9,53,0.08511274307966232
9,54,0.0780433788895607
9,55,0.0714091956615448
9,56,0.08956560492515564
9,57,0.07978851348161697
9,58,0.08242158591747284
9,59,0.07689444720745087
9,60,0.09433192014694214
9,61,0.09111008048057556
9,62,0.07379187643527985
9,63,0.0781056359410286
9,64,0.07617887854576111
9,65,0.08184832334518433
9,66,0.0844029039144516
9,67,0.07528076320886612
9,68,0.0896182507276535
9,69,0.07536953687667847
9,70,0.07253293693065643
9,71,0.08222699910402298
9,72,0.06810042262077332
9,73,0.07970209419727325
9,74,0.08739349246025085
9,75,0.08389844745397568
9,76,0.07507535070180893
10,1,0.07982368022203445
10,2,0.07380521297454834
10,3,0.07599440217018127
10,4,0.0775333046913147
10,5,0.08658682554960251
10,6,0.08525387942790985
10,7,0.07806755602359772
10,8,0.07724629342556
10,9,0.0768059715628624
10,10,0.07377684116363525
10,11,0.07473348081111908
10,12,0.09559106826782227
10,13,0.08097575604915619
10,14,0.08409203588962555
10,15,0.09318562597036362
10,16,0.0784655511379242
10,17,0.0737636387348175
10,18,0.08462156355381012
10,19,0.09472735971212387
10,20,0.1012512743473053
10,21,0.08549436181783676
10,22,0.08432233333587646
10,23,0.0793071985244751
10,24,0.09373500943183899
10,25,0.08621019124984741
10,26,0.0760423094034195
10,27,0.08734938502311707
10,28,0.07292284071445465
10,29,0.09431560337543488
10,30,0.0844811275601387
10,31,0.07150371372699738
10,32,0.09068726748228073
10,33,0.09374548494815826
10,34,0.07895343750715256
10,35,0.09329813718795776
10,36,0.09057393670082092
10,37,0.08539734035730362
10,38,0.09215107560157776
10,39,0.07199932634830475
10,40,0.08524434268474579
10,41,0.09355798363685608
10,42,0.07424405962228775
10,43,0.09847649931907654
10,44,0.08032473921775818
10,45,0.07539382576942444
10,46,0.0838727131485939
10,47,0.07357805222272873
10,48,0.08136926591396332
10,49,0.08806304633617401
10,50,0.07677260786294937
10,51,0.09466366469860077
10,52,0.08072932064533234
10,53,0.08069900423288345
10,54,0.07566985487937927
10,55,0.08354949951171875
10,56,0.08195745944976807
10,57,0.08301039040088654
10,58,0.07064762711524963
10,59,0.07197929918766022
10,60,0.07341597974300385
10,61,0.07388491928577423
10,62,0.0827193334698677
10,63,0.07585062831640244
10,64,0.07330795377492905
10,65,0.08222092688083649
10,66,0.07449857145547867
10,67,0.07545067369937897
10,68,0.08364103734493256
10,69,0.07797965407371521
10,70,0.07824823260307312
10,71,0.07533100247383118
10,72,0.06978379935026169
10,73,0.0738293007016182
10,74,0.06544429063796997
10,75,0.07296834141016006
10,76,0.0696619302034378
11,1,0.06902946531772614
11,2,0.08738906681537628
11,3,0.07811827212572098
11,4,0.08244778215885162
11,5,0.0826672613620758
11,6,0.07307307422161102
11,7,0.07233881950378418
11,8,0.0710391253232956
11,9,0.08419293910264969
11,10,0.06770092248916626
11,11,0.08913936465978622
11,12,0.0827583521604538
11,13,0.08469542115926743
11,14,0.09124670922756195
11,15,0.08425454795360565
11,16,0.07403724640607834
11,17,0.07279675453901291
11,18,0.09161888062953949
11,19,0.08728243410587311
11,20,0.07111948728561401
11,21,0.0712769627571106
11,22,0.08075933158397675
11,23,0.09827464818954468
11,24,0.08972351253032684
11,25,0.08278681337833405
11,26,0.07246360182762146
11,27,0.09389962255954742
11,28,0.0763956755399704
11,29,0.08331780135631561
11,30,0.07867027819156647
11,31,0.07627695798873901
11,32,0.09971310198307037
11,33,0.08695075660943985
11,34,0.06636136025190353
11,35,0.06559932976961136
11,36,0.06832277774810791
11,37,0.0770399272441864
11,38,0.08266445994377136
11,39,0.0671386644244194
11,40,0.08368736505508423
11,41,0.06858087331056595
11,42,0.07230214029550552
11,43,0.08811771869659424
11,44,0.06514126062393188
11,45,0.06728661060333252
11,46,0.0698092132806778
11,47,0.07642436027526855
11,48,0.08049200475215912
11,49,0.0819229930639267
11,50,0.07305978238582611
11,51,0.07125447690486908
11,52,0.08395479619503021
11,53,0.08529339730739594
11,54,0.06601829081773758
11,55,0.09831003844738007
11,56,0.07575595378875732
11,57,0.08149757981300354
11,58,0.06717342138290405
11,59,0.08242234587669373
11,60,0.07258576154708862
11,61,0.07672995328903198
11,62,0.08715948462486267
11,63,0.06898830831050873
11,64,0.07548680156469345
11,65,0.07728281617164612
11,66,0.09677824378013611
11,67,0.07184994965791702
11,68,0.06733168661594391
11,69,0.0748375728726387
11,70,0.06283671408891678
11,71,0.06747607886791229
11,72,0.0809217020869255
11,73,0.06755499541759491
11,74,0.09231851994991302
11,75,0.0847851037979126
11,76,0.07371428608894348
12,1,0.07005216181278229
12,2,0.08928456902503967
12,3,0.08307532966136932
12,4,0.0913294106721878
12,5,0.08200754225254059
12,6,0.06802061200141907
12,7,0.0757203996181488
12,8,0.08038711547851562
12,9,0.07724089175462723
12,10,0.07724807411432266
12,11,0.09158651530742645
12,12,0.06945496052503586
12,13,0.06860290467739105
12,14,0.07364753633737564
12,15,0.08521180599927902
12,16,0.0672297328710556
12,17,0.08371677994728088
12,18,0.06616587936878204
12,19,0.08313614130020142
12,20,0.07456786185503006
12,21,0.06614718586206436
12,22,0.07060819864273071
12,23,0.07937659323215485
12,24,0.06748215109109879
12,25,0.07344129681587219
12,26,0.07434538006782532
12,27,0.07528628408908844
12,28,0.07087947428226471
12,29,0.06689676642417908
12,30,0.07008691132068634
12,31,0.06653180718421936
12,32,0.07785916328430176
12,33,0.08402398228645325
12,34,0.06618954241275787
12,35,0.07560870796442032
12,36,0.066926009953022
12,37,0.0674508586525917
12,38,0.08819202333688736
12,39,0.06956513226032257
12,40,0.06948539614677429
12,41,0.08156701922416687
12,42,0.10078348219394684
12,43,0.08486633002758026
12,44,0.07350274920463562
12,45,0.07817643880844116
12,46,0.08126546442508698
12,47,0.08236099034547806
12,48,0.0783582478761673
12,49,0.07843102514743805
12,50,0.0929306298494339
12,51,0.08509480953216553
12,52,0.07736045122146606
12,53,0.08380317687988281
12,54,0.07713567465543747
12,55,0.088493213057518
12,56,0.08149667084217072
12,57,0.07901586592197418
12,58,0.07382387667894363
12,59,0.07471513748168945
12,60,0.07120050489902496
12,61,0.08559112250804901
12,62,0.06890150904655457
12,63,0.06583413481712341
12,64,0.06779568642377853
12,65,0.07230688631534576
12,66,0.06799154728651047
12,67,0.07365349680185318
12,68,0.09655095636844635
12,69,0.07706865668296814
12,70,0.07255475223064423
12,71,0.08500981330871582
12,72,0.08885292708873749
12,73,0.0809720829129219
12,74,0.07665911316871643
12,75,0.0803598165512085
12,76,0.0833519846200943
13,1,0.07984615862369537
13,2,0.0743418037891388
13,3,0.07713299989700317
13,4,0.09343857318162918
13,5,0.08215547353029251
13,6,0.0807034820318222
13,7,0.08457604050636292
13,8,0.0812678337097168
13,9,0.08112890273332596
13,10,0.08065535128116608
13,11,0.08478555828332901
13,12,0.06858134269714355
13,13,0.07691282033920288
13,14,0.07172557711601257
13,15,0.0718531459569931
13,16,0.06491118669509888
13,17,0.07661204040050507
13,18,0.0687711089849472
13,19,0.08168429136276245
13,20,0.06829601526260376
13,21,0.07307258993387222
13,22,0.0700339525938034
13,23,0.07264592498540878
13,24,0.05877804011106491
13,25,0.06391892582178116
13,26,0.06909795850515366
13,27,0.07051566988229752
13,28,0.06360547244548798
13,29,0.0689704418182373
13,30,0.07031112909317017
13,31,0.06324112415313721
13,32,0.07160443067550659
13,33,0.06281623989343643
13,34,0.06653857976198196
13,35,0.0724206417798996
13,36,0.06318368762731552
13,37,0.07001841813325882
13,38,0.0749434381723404
13,39,0.07989214360713959
13,40,0.07265333831310272
13,41,0.062199339270591736
13,42,0.07050339877605438
13,43,0.06666352599859238
13,44,0.06017434597015381
13,45,0.06703589856624603
13,46,0.07841834425926208
13,47,0.05929138511419296
13,48,0.06981080025434494
13,49,0.05871857702732086
13,50,0.06312047690153122
13,51,0.06876605749130249
13,52,0.06422942876815796
13,53,0.06367043405771255
13,54,0.0889316126704216
13,55,0.07001026719808578
13,56,0.07750389724969864
13,57,0.06802256405353546
13,58,0.07575906813144684
13,59,0.0746418833732605
13,60,0.06978451460599899
13,61,0.06971295922994614
13,62,0.07104325294494629
13,63,0.06312264502048492
13,64,0.06613104045391083
13,65,0.08759236335754395
13,66,0.08128184080123901
13,67,0.06957341730594635
13,68,0.0727563425898552
13,69,0.0682934820652008
13,70,0.07264633476734161
13,71,0.07673710584640503
13,72,0.06860505789518356
13,73,0.06583261489868164
13,74,0.07674194872379303
13,75,0.07502996921539307
13,76,0.06018085777759552
14,1,0.05795716494321823
14,2,0.0595187209546566
14,3,0.08871009945869446
14,4,0.06727803498506546
14,5,0.0705837830901146
14,6,0.075828917324543
14,7,0.067735955119133
14,8,0.06657472252845764
14,9,0.06542100012302399
14,10,0.06324123591184616
14,11,0.060085657984018326
14,12,0.06011773645877838
14,13,0.06728609651327133
14,14,0.0632440373301506
14,15,0.06951016187667847
14,16,0.06812246143817902
14,17,0.07845225930213928
14,18,0.08609553426504135
14,19,0.06575505435466766
14,20,0.054941169917583466
14,21,0.05318646878004074
14,22,0.07541997730731964
14,23,0.06459108740091324
14,24,0.05971374735236168
14,25,0.06302319467067719
14,26,0.06741507351398468
14,27,0.0698854848742485
14,28,0.0631556510925293
14,29,0.06088683754205704
14,30,0.0761682391166687
14,31,0.07756060361862183
14,32,0.06096218153834343
14,33,0.06451641023159027
14,34,0.06314551830291748
14,35,0.06243133917450905
14,36,0.08192653954029083
14,37,0.06077513098716736
14,38,0.0638122409582138
14,39,0.06538885831832886
14,40,0.06152075529098511
14,41,0.07495196908712387
14,42,0.07267116010189056
14,43,0.06321968138217926
14,44,0.06535544991493225
14,45,0.07368379086256027
14,46,0.07313095033168793
14,47,0.07286325097084045
14,48,0.06987765431404114
14,49,0.08429605513811111
14,50,0.06598788499832153
14,51,0.05732490122318268
14,52,0.0671040266752243
14,53,0.08316670358181
14,54,0.06690721213817596
14,55,0.06408952176570892
14,56,0.061931584030389786
14,57,0.06438885629177094
14,58,0.06838548183441162
14,59,0.07284023612737656
14,60,0.07254498451948166
14,61,0.06555084884166718
14,62,0.07364369928836823
14,63,0.06662656366825104
14,64,0.06147424876689911
14,65,0.07274197041988373
14,66,0.07458794116973877
14,67,0.06545127928256989
14,68,0.077601358294487
14,69,0.06888467073440552
14,70,0.06705302000045776
14,71,0.0801103487610817
14,72,0.07254797220230103
14,73,0.06231644004583359
14,74,0.06461821496486664
14,75,0.062033187597990036
14,76,0.07374174147844315
15,1,0.06538903713226318
15,2,0.07011066377162933
15,3,0.08114992082118988
15,4,0.07169482111930847
15,5,0.06198576092720032
15,6,0.07602658867835999
15,7,0.07865603268146515
15,8,0.06835367530584335
15,9,0.06416314840316772
15,10,0.07226758450269699
15,11,0.062008947134017944
15,12,0.06295733898878098
15,13,0.06416818499565125
15,14,0.07390967756509781
15,15,0.07338522374629974
15,16,0.05505087226629257
15,17,0.06077796593308449
15,18,0.07260690629482269
15,19,0.07837475091218948
15,20,0.05713371932506561
15,21,0.06196211650967598
15,22,0.09027886390686035
15,23,0.06257836520671844
15,24,0.07574266940355301
15,25,0.0610513836145401
15,26,0.06391612440347672
15,27,0.059893734753131866
15,28,0.07040687650442123
15,29,0.05891277268528938
15,30,0.08068178594112396
15,31,0.07445435225963593
15,32,0.07606244087219238
15,33,0.07367543876171112
15,34,0.06968536227941513
15,35,0.06990572810173035
15,36,0.0608830489218235
15,37,0.06535771489143372
15,38,0.06633487343788147
15,39,0.06867867708206177
15,40,0.06594555079936981
15,41,0.06481997668743134
15,42,0.05831371620297432
15,43,0.06015957519412041
15,44,0.07227969169616699
15,45,0.07160942256450653
15,46,0.06323417276144028
15,47,0.102544404566288
15,48,0.06252899765968323
15,49,0.06827408820390701
15,50,0.07167930155992508
15,51,0.05219118669629097
15,52,0.07034192979335785
15,53,0.06508538126945496
15,54,0.06115095317363739
15,55,0.07443375140428543
15,56,0.06306371092796326
15,57,0.07663796097040176
15,58,0.06321308016777039
15,59,0.05658530071377754
15,60,0.0806509256362915
15,61,0.0785784050822258
15,62,0.06009973958134651
15,63,0.07211261987686157
15,64,0.06696149706840515
15,65,0.062204815447330475
15,66,0.07642550766468048
15,67,0.052981190383434296
15,68,0.08366110175848007
15,69,0.0905391275882721
15,70,0.0837223082780838
15,71,0.06638913601636887
15,72,0.055946581065654755
15,73,0.06560169160366058
15,74,0.0692075788974762
15,75,0.0641261413693428
15,76,0.06632381677627563
16,1,0.06494749337434769
16,2,0.056138232350349426
16,3,0.0667186826467514
16,4,0.05973698943853378
16,5,0.07773370295763016
16,6,0.0661899670958519
16,7,0.08003009855747223
16,8,0.060451265424489975
16,9,0.05932748690247536
16,10,0.06220468133687973
16,11,0.058920059353113174
16,12,0.06457673013210297
16,13,0.06089215725660324
16,14,0.05745888128876686
16,15,0.08368371427059174
16,16,0.07026994973421097
16,17,0.062152475118637085
16,18,0.06698396801948547
16,19,0.0611882358789444
16,20,0.06596437096595764
16,21,0.05788451060652733
16,22,0.08469407260417938
16,23,0.060548193752765656
16,24,0.06588974595069885
16,25,0.06364630162715912
16,26,0.07123053073883057
16,27,0.05817284435033798
16,28,0.05964896082878113
16,29,0.06749860942363739
16,30,0.06060374900698662
16,31,0.07196426391601562
16,32,0.058887556195259094
16,33,0.06633703410625458
16,34,0.06052105873823166
16,35,0.055317822843790054
16,36,0.06717196851968765
16,37,0.060094866901636124
16,38,0.06446962058544159
16,39,0.06490441411733627
16,40,0.059823669493198395
16,41,0.07416874170303345
16,42,0.06282210350036621
16,43,0.06321518123149872
16,44,0.064427949488163
16,45,0.05615350604057312
16,46,0.051521364599466324
16,47,0.06652627140283585
16,48,0.07167723774909973
16,49,0.06650640070438385
16,50,0.056180842220783234
16,51,0.06291259825229645
16,52,0.07311319559812546
16,53,0.06500913202762604
16,54,0.05798155441880226
16,55,0.06233065575361252
16,56,0.06779581308364868
16,57,0.06904250383377075
16,58,0.06556905806064606
16,59,0.0599527582526207
16,60,0.0655638575553894
16,61,0.05288788676261902
16,62,0.05575015768408775
16,63,0.08476600795984268
16,64,0.058346353471279144
16,65,0.05779710039496422
16,66,0.05948438495397568
16,67,0.06914708018302917
16,68,0.05831608176231384
16,69,0.06560736894607544
16,70,0.05428345501422882
16,71,0.06255780160427094
16,72,0.06679077446460724
16,73,0.07034628093242645
16,74,0.0561627559363842
16,75,0.0571620836853981
16,76,0.06748202443122864
17,1,0.0722866803407669
17,2,0.06701996922492981
17,3,0.05861225351691246
17,4,0.06159509718418121
17,5,0.08320806920528412
17,6,0.06341663748025894
17,7,0.05984870716929436
17,8,0.057636987417936325
17,9,0.05605801194906235
17,10,0.05953722447156906
17,11,0.06340209394693375
17,12,0.06736712157726288
17,13,0.06294122338294983
17,14,0.06524649262428284
17,15,0.06743784993886948
17,16,0.060807205736637115
17,17,0.0735681802034378
17,18,0.0558059923350811
17,19,0.06464613974094391
17,20,0.09154156595468521
17,21,0.05683685094118118
17,22,0.06376077979803085
17,23,0.06402218341827393
17,24,0.05719989538192749
17,25,0.07313050329685211
17,26,0.06327826529741287
17,27,0.06959975510835648
17,28,0.06599111109972
17,29,0.061506398022174835
17,30,0.07327607274055481
17,31,0.06165127456188202
17,32,0.06012125313282013
17,33,0.05424123257398605
17,34,0.060975246131420135
17,35,0.05964177846908569
17,36,0.07286788523197174
17,37,0.055041588842868805
17,38,0.05826178938150406
17,39,0.05994376912713051
17,40,0.06066976115107536
17,41,0.05510352551937103
17,42,0.05262019857764244
17,43,0.07013224065303802
17,44,0.07374560087919235
17,45,0.05476262792944908
17,46,0.06967145204544067
17,47,0.0579734742641449
17,48,0.057800717651844025
17,49,0.0692821517586708
17,50,0.060959912836551666
17,51,0.06848298013210297
17,52,0.0493999607861042
17,53,0.07264411449432373
17,54,0.05816682428121567
17,55,0.06200459972023964
17,56,0.06414642184972763
17,57,0.08521340787410736
17,58,0.0699654370546341
17,59,0.061150893568992615
17,60,0.06279298663139343
17,61,0.06329181045293808
17,62,0.054048530757427216
17,63,0.05478668957948685
17,64,0.0671725869178772
17,65,0.05835762247443199
17,66,0.06373680382966995
17,67,0.06038951128721237
17,68,0.07554303854703903
17,69,0.05584227293729782
17,70,0.05937855690717697
17,71,0.06707978248596191
17,72,0.06037943810224533
17,73,0.07405689358711243
17,74,0.0659874975681305
17,75,0.06270047277212143
17,76,0.061244234442710876
18,1,0.057340774685144424
18,2,0.06254343688488007
18,3,0.06758280098438263
18,4,0.05892033129930496
18,5,0.06645660102367401
18,6,0.0803760290145874
18,7,0.07048428058624268
18,8,0.05866009369492531
18,9,0.06708640605211258
18,10,0.06401678919792175
18,11,0.06587442755699158
18,12,0.05868597328662872
18,13,0.05583956837654114
18,14,0.062482431530952454
18,15,0.06432296335697174
18,16,0.062311992049217224
18,17,0.055176593363285065
18,18,0.08349893987178802
18,19,0.07071462273597717
18,20,0.06682072579860687
18,21,0.06969186663627625
18,22,0.06926320493221283
18,23,0.07495726644992828
18,24,0.06772609800100327
18,25,0.0641419067978859
18,26,0.06621027737855911
18,27,0.055960748344659805
18,28,0.0666632279753685
18,29,0.06093268841505051
18,30,0.06567580997943878
18,31,0.050350651144981384
18,32,0.05800654739141464
18,33,0.05828885734081268
18,34,0.06026715040206909
18,35,0.07625093311071396
18,36,0.06185418367385864
18,37,0.05847956985235214
18,38,0.058637313544750214
18,39,0.050760723650455475
18,40,0.07927505671977997
18,41,0.06777689605951309
18,42,0.052196744829416275
18,43,0.059703417122364044
18,44,0.05894797667860985
18,45,0.06484703719615936
18,46,0.06985509395599365
18,47,0.06366285681724548
18,48,0.0614873431622982
18,49,0.059693314135074615
18,50,0.055048003792762756
18,51,0.05595287308096886
18,52,0.06016376242041588
18,53,0.06540228426456451
18,54,0.06957380473613739
18,55,0.06050407886505127
18,56,0.07675310224294662
18,57,0.06982841342687607
18,58,0.06393686681985855
18,59,0.06230650842189789
18,60,0.05771927163004875
18,61,0.06684957444667816
18,62,0.06457207351922989
18,63,0.056664712727069855
18,64,0.0539843775331974
18,65,0.06343266367912292
18,66,0.06353459507226944
18,67,0.06132567301392555
18,68,0.06884914636611938
18,69,0.0557430163025856
18,70,0.06059083342552185
18,71,0.05934039503335953
18,72,0.06158795207738876
18,73,0.07290305197238922
18,74,0.061197854578495026
18,75,0.0627269595861435
18,76,0.06589855253696442
19,1,0.07524450868368149
19,2,0.06304801255464554
19,3,0.07359375804662704
19,4,0.054983269423246384
19,5,0.059485819190740585
19,6,0.06597037613391876
19,7,0.06185603141784668
19,8,0.05482184886932373
19,9,0.05462010204792023
19,10,0.060196653008461
19,11,0.060728732496500015
19,12,0.06610582768917084
19,13,0.06744818389415741
19,14,0.06111888587474823
19,15,0.05532491207122803
19,16,0.049978405237197876
19,17,0.060521043837070465
19,18,0.0572567917406559
19,19,0.05968090891838074
19,20,0.05594281107187271
19,21,0.06051737815141678
19,22,0.05656815320253372
19,23,0.06448661535978317
19,24,0.05670713633298874
19,25,0.06288108229637146
19,26,0.051415055990219116
19,27,0.06492407619953156
19,28,0.06566371023654938
19,29,0.05764629691839218
19,30,0.05482936650514603
19,31,0.05447297915816307
19,32,0.06213483214378357
19,33,0.05072599649429321
19,34,0.055366575717926025
19,35,0.06324721872806549
19,36,0.05622939020395279
19,37,0.061262890696525574
19,38,0.05748511850833893
19,39,0.05279138684272766
19,40,0.0652325302362442
19,41,0.061748333275318146
19,42,0.05309201404452324
19,43,0.05241046100854874
19,44,0.0718994140625
19,45,0.07128250598907471
19,46,0.0556667260825634
19,47,0.06093236058950424
19,48,0.05975189805030823
19,49,0.0594521090388298
19,50,0.056152019649744034
19,51,0.054301150143146515
19,52,0.05998378247022629
19,53,0.05192571133375168
19,54,0.06039275601506233
19,55,0.07342234998941422
19,56,0.05947122722864151
19,57,0.05827700346708298
19,58,0.062435753643512726
19,59,0.053730614483356476
19,60,0.05846121162176132
19,61,0.059590406715869904
19,62,0.053559184074401855
19,63,0.058379240334033966
19,64,0.06570594012737274
19,65,0.06565571576356888
19,66,0.053064677864313126
19,67,0.05677974969148636
19,68,0.058325909078121185
19,69,0.0617184042930603
19,70,0.059758588671684265
19,71,0.06454560160636902
19,72,0.050646886229515076
19,73,0.0479854941368103
19,74,0.05614287778735161
19,75,0.05050764977931976
19,76,0.05433838814496994
20,1,0.06711265444755554
20,2,0.05904288962483406
20,3,0.054611776024103165
20,4,0.05552963539958
20,5,0.06264159083366394
20,6,0.06345389783382416
20,7,0.05421926826238632
20,8,0.05707809329032898
20,9,0.05243443697690964
20,10,0.06441225111484528
20,11,0.051215533167123795
20,12,0.05289112776517868
20,13,0.05018924921751022
20,14,0.05386411398649216
20,15,0.05612792819738388
20,16,0.053592097014188766
20,17,0.06521747261285782
20,18,0.059627458453178406
20,19,0.06978891044855118
20,20,0.06584741175174713
20,21,0.07267607748508453
20,22,0.05608217418193817
20,23,0.06773199141025543
20,24,0.05302898585796356
20,25,0.05553920194506645
20,26,0.0607602633535862
20,27,0.04701817035675049
20,28,0.05673697963356972
20,29,0.06023935228586197
20,30,0.05376648157835007
20,31,0.05486179143190384
20,32,0.058087144047021866
20,33,0.05371880158782005
20,34,0.07995690405368805
20,35,0.05152115598320961
20,36,0.054215025156736374
20,37,0.05444159358739853
20,38,0.053868141025304794
20,39,0.06309926509857178
20,40,0.0672512799501419
20,41,0.0576934739947319
20,42,0.058651842176914215
20,43,0.059865813702344894
20,44,0.05610351637005806
20,45,0.053956519812345505
20,46,0.060600943863391876
20,47,0.05310014262795448
20,48,0.05209711194038391
20,49,0.06478258967399597
20,50,0.05624524503946304
20,51,0.06341283768415451
20,52,0.06410393863916397
20,53,0.059692662209272385
20,54,0.06457483023405075
20,55,0.05175008997321129
20,56,0.06305274367332458
20,57,0.05752308666706085
20,58,0.05801679193973541
20,59,0.056069422513246536
20,60,0.06077742576599121
20,61,0.04929335415363312
20,62,0.05592810735106468
20,63,0.06004026532173157
20,64,0.04907073453068733
20,65,0.051071904599666595
20,66,0.051705729216337204
20,67,0.07553531974554062
20,68,0.054551705718040466
20,69,0.06579098105430603
20,70,0.04792977124452591
20,71,0.0529363676905632
20,72,0.06248070299625397
20,73,0.059563662856817245
20,74,0.05826129391789436
20,75,0.0620267391204834
20,76,0.04867541044950485
21,1,0.05334000289440155
21,2,0.05262812599539757
21,3,0.060903534293174744
21,4,0.049781881272792816
21,5,0.06531818956136703
21,6,0.062048062682151794
21,7,0.05364852398633957
21,8,0.054752107709646225
21,9,0.05618000775575638
21,10,0.06420405209064484
21,11,0.051487036049366
21,12,0.0590335913002491
21,13,0.07443756610155106
21,14,0.054470572620630264
21,15,0.05726785957813263
21,16,0.052945755422115326
21,17,0.0565803088247776
21,18,0.06924079358577728
21,19,0.06739241629838943
21,20,0.056064147502183914
21,21,0.053804703056812286
21,22,0.05730859190225601
21,23,0.05427926033735275
21,24,0.0581621453166008
21,25,0.06003909558057785
21,26,0.059428852051496506
21,27,0.05746546387672424
21,28,0.05204274505376816
21,29,0.055257443338632584
21,30,0.054057054221630096
21,31,0.060579195618629456
21,32,0.05882527306675911
21,33,0.04904617369174957
21,34,0.049274004995822906
21,35,0.059235163033008575
21,36,0.04582827538251877
21,37,0.05630514770746231
21,38,0.054356515407562256
21,39,0.0563109926879406
21,40,0.056052349507808685
21,41,0.056059032678604126
21,42,0.05003245919942856
21,43,0.05930602550506592
21,44,0.060208018869161606
21,45,0.06294651329517365
21,46,0.0505637526512146
21,47,0.05773334577679634
21,48,0.06384406983852386
21,49,0.06120162457227707
21,50,0.05238129571080208
21,51,0.059347108006477356
21,52,0.06063290685415268
21,53,0.045466966927051544
21,54,0.06074560433626175
21,55,0.060839734971523285
21,56,0.06093820556998253
21,57,0.05702803283929825
21,58,0.055132150650024414
21,59,0.05439464747905731
21,60,0.06289137899875641
21,61,0.06013388931751251
21,62,0.06704406440258026
21,63,0.047345489263534546
21,64,0.05333798751235008
21,65,0.06762833893299103
21,66,0.05229806527495384
21,67,0.050374679267406464
21,68,0.04636461287736893
21,69,0.05119670182466507
21,70,0.05484679713845253
21,71,0.05249638482928276
21,72,0.05430835485458374
21,73,0.05291756987571716
21,74,0.05364656075835228
21,75,0.05372875928878784
21,76,0.05506241321563721
22,1,0.04523417353630066
22,2,0.05525684729218483
22,3,0.06559548527002335
22,4,0.0546695776283741
22,5,0.05497199296951294
22,6,0.0555061437189579
22,7,0.05703491345047951
22,8,0.05170260742306709
22,9,0.05571422353386879
22,10,0.06779259443283081
22,11,0.06649383157491684
22,12,0.06597939878702164
22,13,0.05518844351172447
22,14,0.04931565374135971
22,15,0.05662321299314499
22,16,0.05054193735122681
22,17,0.05201715975999832
22,18,0.05483075976371765
22,19,0.05891993269324303
22,20,0.05151586979627609
22,21,0.04758497327566147
22,22,0.06602003425359726
22,23,0.07216589152812958
22,24,0.0689440593123436
22,25,0.05611737444996834
22,26,0.060810357332229614
22,27,0.05236409604549408
22,28,0.06129461154341698
22,29,0.05870761722326279
22,30,0.04810132086277008
22,31,0.060722820460796356
22,32,0.05843481421470642
22,33,0.056862976402044296
22,34,0.06114153563976288
22,35,0.05016307532787323
22,36,0.05963966250419617
22,37,0.05282013118267059
22,38,0.04993021488189697
22,39,0.05675850808620453
22,40,0.06707052886486053
22,41,0.05051898583769798
22,42,0.0521419458091259
22,43,0.060896217823028564
22,44,0.05158063396811485
22,45,0.05177745223045349
22,46,0.058071497827768326
22,47,0.0568891316652298
22,48,0.05147196352481842
22,49,0.049888983368873596
22,50,0.0582861453294754
22,51,0.04782509803771973
22,52,0.05080327391624451
22,53,0.04041348397731781
22,54,0.06236956641077995
22,55,0.05350343883037567
22,56,0.060985613614320755
22,57,0.0591597780585289
22,58,0.05359604209661484
22,59,0.054955631494522095
22,60,0.053269580006599426
22,61,0.04922329634428024
22,62,0.064877949655056
22,63,0.05862182378768921
22,64,0.05298455059528351
22,65,0.05572661757469177
22,66,0.06429016590118408
22,67,0.051357097923755646
22,68,0.0560641810297966
22,69,0.046650394797325134
22,70,0.05660280957818031
22,71,0.0566137358546257
22,72,0.05248946696519852
22,73,0.04751503840088844
22,74,0.053041722625494
22,75,0.06997326761484146
22,76,0.06098080426454544
23,1,0.06313830614089966
23,2,0.06344379484653473
23,3,0.05809928476810455
23,4,0.05318372696638107
23,5,0.05951898917555809
23,6,0.059671081602573395
23,7,0.04995884373784065
23,8,0.07368366420269012
23,9,0.06260792165994644
23,10,0.060064543038606644
23,11,0.04940447583794594
23,12,0.06083427369594574
23,13,0.06726200878620148
23,14,0.048686765134334564
23,15,0.05888345465064049
23,16,0.05398976057767868
23,17,0.05932372063398361
23,18,0.05363672599196434
23,19,0.054577723145484924
23,20,0.057008374482393265
23,21,0.06359964609146118
23,22,0.05325163155794144
23,23,0.04848519712686539
23,24,0.07501676678657532
23,25,0.05107822269201279
23,26,0.049066558480262756
23,27,0.055738531053066254
23,28,0.04581020027399063
23,29,0.06370751559734344
23,30,0.056268878281116486
23,31,0.054902464151382446
23,32,0.056179143488407135
23,33,0.053112708032131195
23,34,0.05185135453939438
23,35,0.04271923005580902
23,36,0.060622815042734146
23,37,0.06564290821552277
23,38,0.05505441129207611
23,39,0.05553659051656723
23,40,0.06466210633516312
23,41,0.053784359246492386
23,42,0.058185234665870667
23,43,0.05505344271659851
23,44,0.05311516672372818
23,45,0.044204846024513245
23,46,0.06256778538227081
23,47,0.06040579825639725
23,48,0.051022157073020935
23,49,0.055092208087444305
23,50,0.05710088461637497
23,51,0.05278497934341431
23,52,0.051515571773052216
23,53,0.0718865692615509
23,54,0.0695403665304184
23,55,0.05539990961551666
23,56,0.05398442596197128
23,57,0.06502562761306763
23,58,0.06008286029100418
23,59,0.06426946818828583
23,60,0.053020842373371124
23,61,0.045363157987594604
23,62,0.051380980759859085
23,63,0.06456302851438522
23,64,0.049146540462970734
23,65,0.0470169335603714
23,66,0.06069570779800415
23,67,0.05720128118991852
23,68,0.05833803117275238
23,69,0.0562652088701725
23,70,0.05519437789916992
23,71,0.047757335007190704
23,72,0.07521678507328033
23,73,0.05823308229446411
23,74,0.04934065788984299
23,75,0.05102063715457916
23,76,0.055070508271455765
24,1,0.05135360732674599
24,2,0.05119229108095169
24,3,0.05078957974910736
24,4,0.057536013424396515
24,5,0.05101105570793152
24,6,0.049076199531555176
24,7,0.06292648613452911
24,8,0.04951578378677368
24,9,0.05002744495868683
24,10,0.05085385590791702
24,11,0.047011859714984894
24,12,0.05397244170308113
24,13,0.046654630452394485
24,14,0.06060485541820526
24,15,0.04949096217751503
24,16,0.05214258283376694
24,17,0.06382717937231064
24,18,0.04803899675607681
24,19,0.05510029196739197
24,20,0.053012698888778687
24,21,0.06034817174077034
24,22,0.06467939913272858
24,23,0.06043222174048424
24,24,0.06862089782953262
24,25,0.05080251395702362
24,26,0.05974402651190758
24,27,0.05603298917412758
24,28,0.07830285280942917
24,29,0.05779948830604553
24,30,0.05237311124801636
24,31,0.06256008893251419
24,32,0.05845833569765091
24,33,0.048676569014787674
24,34,0.05173058807849884
24,35,0.04855441302061081
24,36,0.05916104465723038
24,37,0.06056145578622818
24,38,0.056364551186561584
24,39,0.05319543182849884
24,40,0.051312029361724854
24,41,0.05579373985528946
24,42,0.04557217285037041
24,43,0.06583763659000397
24,44,0.05573539435863495
24,45,0.0499747171998024
24,46,0.05163653939962387
24,47,0.04922713339328766
24,48,0.050660647451877594
24,49,0.050747089087963104
24,50,0.05032004415988922
24,51,0.07206360250711441
24,52,0.06278546154499054
24,53,0.05279167741537094
24,54,0.05795888602733612
24,55,0.07934154570102692
24,56,0.05121602118015289
24,57,0.07685430347919464
24,58,0.05411224812269211
24,59,0.05714103579521179
24,60,0.05284854769706726
24,61,0.04913025721907616
24,62,0.04615394398570061
24,63,0.05761508271098137
24,64,0.05237346142530441
24,65,0.055949147790670395
24,66,0.05897048860788345
24,67,0.05368909239768982
24,68,0.048239778727293015
24,69,0.05735643208026886
24,70,0.07352067530155182
24,71,0.058738432824611664
24,72,0.05839180946350098
24,73,0.05069875717163086
24,74,0.05591367930173874
24,75,0.05224635452032089
24,76,0.07025248557329178
25,1,0.05248841270804405
25,2,0.05040377378463745
25,3,0.05249561369419098
25,4,0.06700430810451508
25,5,0.04807233065366745
25,6,0.06749425083398819
25,7,0.06511236727237701
25,8,0.05747333541512489
25,9,0.04843020439147949
25,10,0.05652818828821182
25,11,0.06594451516866684
25,12,0.05480307713150978
25,13,0.050489068031311035
25,14,0.05803777277469635
25,15,0.05084314942359924
25,16,0.04605880379676819
25,17,0.053873974829912186
25,18,0.05538108944892883
25,19,0.058742862194776535
25,20,0.04564383253455162
25,21,0.06254739314317703
25,22,0.0726897120475769
25,23,0.058248430490493774
25,24,0.05334126576781273
25,25,0.06576438248157501
25,26,0.053017061203718185
25,27,0.05217810347676277
25,28,0.05715596675872803
25,29,0.042242392897605896
25,30,0.05922237038612366
25,31,0.06294786930084229
25,32,0.04916840046644211
25,33,0.054277632385492325
25,34,0.06318395584821701
25,35,0.054324619472026825
25,36,0.05567460507154465
25,37,0.05337990075349808
25,38,0.053996141999959946
25,39,0.051548782736063004
25,40,0.0735207349061966
25,41,0.050957221537828445
25,42,0.05803082138299942
25,43,0.06566724926233292
25,44,0.05151546373963356
25,45,0.05116191878914833
25,46,0.06633204221725464
25,47,0.04590972885489464
25,48,0.05518128350377083
25,49,0.058452583849430084
25,50,0.05007797107100487
25,51,0.05535466596484184
25,52,0.0513104572892189
25,53,0.04922463372349739
25,54,0.05235310271382332
25,55,0.06492064893245697
25,56,0.04951900243759155
25,57,0.04829956218600273
25,58,0.06293385475873947
25,59,0.053048186004161835
25,60,0.07160171121358871
25,61,0.0539897158741951
25,62,0.05190451443195343
25,63,0.05249404162168503
25,64,0.058619674295186996
25,65,0.06017729640007019
25,66,0.05640019476413727
25,67,0.04871004819869995
25,68,0.07502728700637817
25,69,0.052464209496974945
25,70,0.05265950784087181
25,71,0.047448717057704926
25,72,0.05988282710313797
25,73,0.04358689486980438
25,74,0.0565309077501297
25,75,0.05279046297073364
25,76,0.04881114140152931
26,1,0.055654361844062805
26,2,0.04909495636820793
26,3,0.0563054159283638
26,4,0.09613826870918274
26,5,0.05108735337853432
26,6,0.06160615384578705
26,7,0.05666707456111908
26,8,0.051392264664173126
26,9,0.049346573650836945
26,10,0.05051184818148613
26,11,0.05342033505439758
26,12,0.05609253793954849
26,13,0.05162675678730011
26,14,0.058070532977581024
26,15,0.056900374591350555
26,16,0.05123326927423477
26,17,0.062014538794755936
26,18,0.05191710591316223
26,19,0.049756720662117004
26,20,0.05806496739387512
26,21,0.05351155996322632
26,22,0.05446451157331467
26,23,0.057680100202560425
26,24,0.04230089485645294
26,25,0.055379439145326614
26,26,0.04986630380153656
26,27,0.05389942228794098
26,28,0.04919324442744255
26,29,0.04779145121574402
26,30,0.052104659378528595
26,31,0.05710217356681824
26,32,0.047035422176122665
26,33,0.0506923645734787
26,34,0.06071432679891586
26,35,0.052517637610435486
26,36,0.04641826078295708
26,37,0.045532770454883575
26,38,0.046394236385822296
26,39,0.05275791883468628
26,40,0.04822045937180519
26,41,0.05233746021986008
26,42,0.05121249705553055
26,43,0.05552078038454056
26,44,0.06096188724040985
26,45,0.056484222412109375
26,46,0.05018993467092514
26,47,0.04815613105893135
26,48,0.04331659525632858
26,49,0.04882669448852539
26,50,0.04859842360019684
26,51,0.052039358764886856
26,52,0.059842269867658615
26,53,0.05970056354999542
26,54,0.05376412719488144
26,55,0.05466872453689575
26,56,0.04771849140524864
26,57,0.05455678328871727
26,58,0.06014968827366829
26,59,0.057109490036964417
26,60,0.04944596439599991
26,61,0.052719876170158386
26,62,0.04841006547212601
26,63,0.052774518728256226
26,64,0.04573298245668411
26,65,0.06542520225048065
26,66,0.05494672805070877
26,67,0.050047457218170166
26,68,0.058816034346818924
26,69,0.051824603229761124
26,70,0.05200101435184479
26,71,0.05256415158510208
26,72,0.051550038158893585
26,73,0.0484619066119194
26,74,0.050793781876564026
26,75,0.042845308780670166
26,76,0.05584866926074028
27,1,0.05632317066192627
27,2,0.04929295927286148
27,3,0.0502355620265007
27,4,0.051084138453006744
27,5,0.05119761452078819
27,6,0.05026023089885712
27,7,0.049843087792396545
27,8,0.05935350060462952
27,9,0.04872870817780495
27,10,0.05907798558473587
27,11,0.044587716460227966
27,12,0.050963375717401505
27,13,0.050576627254486084
27,14,0.052735839039087296
27,15,0.04644354432821274
27,16,0.0635407418012619
27,17,0.05994588881731033
27,18,0.04568158835172653
27,19,0.05244708061218262
27,20,0.05017135292291641
27,21,0.044401828199625015
27,22,0.05462303012609482
27,23,0.04323249310255051
27,24,0.05967874079942703
27,25,0.05372931808233261
27,26,0.05470965802669525
27,27,0.04525633156299591
27,28,0.05488796532154083
27,29,0.05875984951853752
27,30,0.04912252724170685
27,31,0.054826587438583374
27,32,0.04534810781478882
27,33,0.05174270272254944
27,34,0.05387513339519501
27,35,0.06189878284931183
27,36,0.053121209144592285
27,37,0.05547121912240982
27,38,0.052863284945487976
27,39,0.055342115461826324
27,40,0.053490523248910904
27,41,0.05353605002164841
27,42,0.048558734357357025
27,43,0.04921528697013855
27,44,0.05667056143283844
27,45,0.04619993269443512
27,46,0.050367578864097595
27,47,0.04772518575191498
27,48,0.05265505611896515
27,49,0.04596206545829773
27,50,0.058792561292648315
27,51,0.04418283700942993
27,52,0.05413045361638069
27,53,0.04288654774427414
27,54,0.04914403334259987
27,55,0.04368773102760315
27,56,0.04644184559583664
27,57,0.05050048977136612
27,58,0.053767815232276917
27,59,0.06094484031200409
27,60,0.04824715107679367
27,61,0.05751349776983261
27,62,0.05102549493312836
27,63,0.04644349217414856
27,64,0.04982247203588486
27,65,0.049572475254535675
27,66,0.0438367985188961
27,67,0.05413760617375374
27,68,0.0466386154294014
27,69,0.054965708404779434
27,70,0.06157299503684044
27,71,0.05010551959276199
27,72,0.05342176556587219
27,73,0.051726847887039185
27,74,0.04833792895078659
27,75,0.05113306641578674
27,76,0.04509958624839783
28,1,0.04746280983090401
28,2,0.050792962312698364
28,3,0.0405997708439827
28,4,0.05479654669761658
28,5,0.06645451486110687
28,6,0.047118596732616425
28,7,0.06587686389684677
28,8,0.04527663812041283
28,9,0.051132939755916595
28,10,0.05296438932418823
28,11,0.043041493743658066
28,12,0.05155380815267563
28,13,0.054077379405498505
28,14,0.05214779078960419
28,15,0.047860972583293915
28,16,0.04172607883810997
28,17,0.045615263283252716
28,18,0.04513213783502579
28,19,0.0593731552362442
28,20,0.05028323084115982
28,21,0.040975477546453476
28,22,0.048263855278491974
28,23,0.05291654169559479
28,24,0.05029670149087906
28,25,0.050145961344242096
28,26,0.04437180608510971
28,27,0.04077230766415596
28,28,0.048173628747463226
28,29,0.044908735901117325
28,30,0.048491574823856354
28,31,0.05462891608476639
28,32,0.047865547239780426
28,33,0.04492107778787613
28,34,0.055272504687309265
28,35,0.04989468678832054
28,36,0.05550602450966835
28,37,0.041700392961502075
28,38,0.05074775591492653
28,39,0.04694071039557457
28,40,0.049939244985580444
28,41,0.04987899214029312
28,42,0.045273568481206894
28,43,0.04410049319267273
28,44,0.06507004797458649
28,45,0.041888345032930374
28,46,0.05189557373523712
28,47,0.05971602350473404
28,48,0.050787292420864105
28,49,0.07474369555711746
28,50,0.05375732481479645
28,51,0.04973481968045235
28,52,0.04942972585558891
28,53,0.04866202920675278
28,54,0.048365186899900436
28,55,0.0492531955242157
28,56,0.04965358227491379
28,57,0.042852845042943954
28,58,0.056193068623542786
28,59,0.054504942148923874
28,60,0.050891753286123276
28,61,0.04945838451385498
28,62,0.055881403386592865
28,63,0.06340204924345016
28,64,0.049871645867824554
28,65,0.045572564005851746
28,66,0.0451371893286705
28,67,0.054774537682533264
28,68,0.045311518013477325
28,69,0.04696444794535637
28,70,0.05608734115958214
28,71,0.04537834972143173
28,72,0.052857182919979095
28,73,0.04798945039510727
28,74,0.05751040577888489
28,75,0.055557865649461746
28,76,0.05050221458077431
29,1,0.06480719149112701
29,2,0.05541686341166496
29,3,0.0497443825006485
29,4,0.04527528956532478
29,5,0.05169891193509102
29,6,0.05734243616461754
29,7,0.05912073701620102
29,8,0.04696488380432129
29,9,0.059980034828186035
29,10,0.051786988973617554
29,11,0.04402962327003479
29,12,0.05065380781888962
29,13,0.0463336743414402
29,14,0.05905177816748619
29,15,0.047070473432540894
29,16,0.048578374087810516
29,17,0.04798244684934616
29,18,0.0732046514749527
29,19,0.04865662008523941
29,20,0.04793905094265938
29,21,0.051642272621393204
29,22,0.05443244427442551
29,23,0.04202032834291458
29,24,0.04684431105852127
29,25,0.052305303514003754
29,26,0.048115603625774384
29,27,0.04629765450954437
29,28,0.04945234954357147
29,29,0.05199670046567917
29,30,0.05235346034169197
29,31,0.054617613554000854
29,32,0.048336468636989594
29,33,0.049694690853357315
29,34,0.054436568170785904
29,35,0.05076625943183899
29,36,0.060838475823402405
29,37,0.04409357160329819
29,38,0.05359591171145439
29,39,0.051817867904901505
29,40,0.0525263212621212
29,41,0.05042585730552673
29,42,0.05042446032166481
29,43,0.052493900060653687
29,44,0.047572311013936996
29,45,0.04954975098371506
29,46,0.04853636771440506
29,47,0.049751099199056625
29,48,0.046364109963178635
29,49,0.05557925999164581
29,50,0.06835290044546127
29,51,0.04944029450416565
29,52,0.05091910809278488
29,53,0.04483664780855179
29,54,0.038762710988521576
29,55,0.04619099199771881
29,56,0.05036315321922302
29,57,0.057814277708530426
29,58,0.044724270701408386
29,59,0.05923571065068245
29,60,0.0442034974694252
29,61,0.07030915468931198
29,62,0.050436630845069885
29,63,0.04304344952106476
29,64,0.04793746769428253
29,65,0.058132320642471313
29,66,0.046351995319128036
29,67,0.04694606363773346
29,68,0.05160653591156006
29,69,0.049635618925094604
29,70,0.04997268319129944
29,71,0.04863482341170311
29,72,0.05063469335436821
29,73,0.04094972461462021
29,74,0.047140371054410934
29,75,0.047588467597961426
29,76,0.05012485384941101
30,1,0.05591712146997452
30,2,0.04461084306240082
30,3,0.04387717321515083
30,4,0.049303799867630005
30,5,0.0465051494538784
30,6,0.048160504549741745
30,7,0.04914240539073944
30,8,0.06723422557115555
30,9,0.044055335223674774
30,10,0.05777936428785324
30,11,0.04164208471775055
30,12,0.05758589506149292
30,13,0.037697143852710724
30,14,0.048211097717285156
30,15,0.05018328130245209
30,16,0.048136062920093536
30,17,0.057276226580142975
30,18,0.04294580966234207
30,19,0.05818764865398407
30,20,0.059492480009794235
30,21,0.04992464557290077
30,22,0.06759803742170334
30,23,0.04310434311628342
30,24,0.05964154377579689
30,25,0.04498899728059769
30,26,0.04696723073720932
30,27,0.05050200596451759
30,28,0.04870285838842392
30,29,0.05981726199388504
30,30,0.050486259162425995
30,31,0.046563759446144104
30,32,0.0441136360168457
30,33,0.042867884039878845
30,34,0.05611862242221832
30,35,0.05953036621212959
30,36,0.04581166058778763
30,37,0.05698325112462044
30,38,0.041918572038412094
30,39,0.04956965148448944
30,40,0.044272974133491516
30,41,0.05333465337753296
30,42,0.050896644592285156
30,43,0.05508122593164444
30,44,0.049939028918743134
30,45,0.0434873141348362
30,46,0.04899919778108597
30,47,0.06957992166280746
30,48,0.049330636858940125
30,49,0.054181866347789764
30,50,0.04486849159002304
30,51,0.05626232922077179
30,52,0.05442851036787033
30,53,0.05230804160237312
30,54,0.053337372839450836
30,55,0.05723493546247482
30,56,0.05078548938035965
30,57,0.05299235135316849
30,58,0.05930022522807121
30,59,0.06211095675826073
30,60,0.056534722447395325
30,61,0.055249106138944626
30,62,0.05000186711549759
30,63,0.04636887460947037
30,64,0.056355975568294525
30,65,0.0481334924697876
30,66,0.04892144724726677
30,67,0.053518906235694885
30,68,0.046345554292201996
30,69,0.06374110281467438
30,70,0.04907778277993202
30,71,0.059840574860572815
30,72,0.052965324372053146
30,73,0.0680738240480423
30,74,0.05380810797214508
30,75,0.06563954800367355
30,76,0.05211333930492401
31,1,0.04820358753204346
31,2,0.04706483334302902
31,3,0.05021849274635315
31,4,0.0495406910777092
31,5,0.04477271810173988
31,6,0.05961499735713005
31,7,0.051213182508945465
31,8,0.053106777369976044
31,9,0.05237194150686264
31,10,0.04922093078494072
31,11,0.054816149175167084
31,12,0.047736942768096924
31,13,0.05008822679519653
31,14,0.039638686925172806
31,15,0.04530056193470955
31,16,0.0468539297580719
31,17,0.04658617079257965
31,18,0.04672328382730484
31,19,0.05115332454442978
31,20,0.04780540615320206
31,21,0.05260716378688812
31,22,0.05385453999042511
31,23,0.04424376040697098
31,24,0.06097786873579025
31,25,0.04659571498632431
31,26,0.044675081968307495
31,27,0.05698568373918533
31,28,0.05360780283808708
31,29,0.04540250822901726
31,30,0.05019250512123108
31,31,0.0462874099612236
31,32,0.04573223739862442
31,33,0.053513459861278534
31,34,0.05004964396357536
31,35,0.045878563076257706
31,36,0.04595966637134552
31,37,0.05046951025724411
31,38,0.06145285815000534
31,39,0.049867160618305206
31,40,0.05782698839902878
31,41,0.04790007323026657
31,42,0.04353383183479309
31,43,0.04621307924389839
31,44,0.0478193536400795
31,45,0.05848967656493187
31,46,0.05746452137827873
31,47,0.04296891391277313
31,48,0.050465039908885956
31,49,0.04721538722515106
31,50,0.04314848780632019
31,51,0.0423036590218544
31,52,0.046621233224868774
31,53,0.047685034573078156
31,54,0.04561249166727066
31,55,0.046378154307603836
31,56,0.06162063032388687
31,57,0.04436817020177841
31,58,0.04410809278488159
31,59,0.04500267654657364
31,60,0.049838826060295105
31,61,0.04767803102731705
31,62,0.0465746633708477
31,63,0.04882071167230606
31,64,0.051173627376556396
31,65,0.04982506483793259
31,66,0.05670949071645737
31,67,0.04601249843835831
31,68,0.04701203480362892
31,69,0.04851126670837402
31,70,0.043522536754608154
31,71,0.04658817499876022
31,72,0.04834044724702835
31,73,0.046937741339206696
31,74,0.04477447271347046
31,75,0.056847140192985535
31,76,0.05471368134021759
32,1,0.04771415889263153
32,2,0.0448930449783802
32,3,0.04608117789030075
32,4,0.047944534569978714
32,5,0.05142069607973099
32,6,0.05427606776356697
32,7,0.04636639356613159
32,8,0.050448328256607056
32,9,0.04765339195728302
32,10,0.05163455754518509
32,11,0.05454140156507492
32,12,0.051649827510118484
32,13,0.05723334103822708
32,14,0.051070768386125565
32,15,0.0497497022151947
32,16,0.05396156385540962
32,17,0.041304588317871094
32,18,0.0608426108956337
32,19,0.05159503221511841
32,20,0.04024062678217888
32,21,0.05145508423447609
32,22,0.04831134155392647
32,23,0.049145713448524475
32,24,0.04388730227947235
32,25,0.05310652405023575
32,26,0.05126819387078285
32,27,0.054210614413022995
32,28,0.04391656443476677
32,29,0.06320936232805252
32,30,0.041465889662504196
32,31,0.046243563294410706
32,32,0.04267748072743416
32,33,0.05074518173933029
32,34,0.042142484337091446
32,35,0.04609255492687225
32,36,0.060703810304403305
32,37,0.047475848346948624
32,38,0.04592021927237511
32,39,0.04617515206336975
32,40,0.037778325378894806
32,41,0.05371251702308655
32,42,0.05466156452894211
32,43,0.05366405099630356
32,44,0.055598244071006775
32,45,0.05090498551726341
32,46,0.048321183770895004
32,47,0.0554020032286644
32,48,0.0534922257065773
32,49,0.04676344245672226
32,50,0.053611788898706436
32,51,0.050399355590343475
32,52,0.04259718209505081
32,53,0.0468212328851223
32,54,0.04702417552471161
32,55,0.04304344207048416
32,56,0.044089458882808685
32,57,0.0475236177444458
32,58,0.05252591520547867
32,59,0.051437146961688995
32,60,0.04328973591327667
32,61,0.04648267477750778
32,62,0.04268527776002884
32,63,0.047144703567028046
32,64,0.052703872323036194
32,65,0.045644912868738174
32,66,0.05626708269119263
32,67,0.043450064957141876
32,68,0.046853628009557724
32,69,0.04690951108932495
32,70,0.05704660713672638
32,71,0.04777180030941963
32,72,0.04836181551218033
32,73,0.053495436906814575
32,74,0.043512746691703796
32,75,0.045017220079898834
32,76,0.061249345541000366
33,1,0.04622810706496239
33,2,0.04559740424156189
33,3,0.04706556349992752
33,4,0.04575212299823761
33,5,0.04890865460038185
33,6,0.05687534064054489
33,7,0.04846668243408203
33,8,0.048888642340898514
33,9,0.05108875036239624
33,10,0.06106618419289589
33,11,0.044463999569416046
33,12,0.05278310179710388
33,13,0.05260349065065384
33,14,0.05875420570373535
33,15,0.06038571894168854
33,16,0.05154705420136452
33,17,0.0473918691277504
33,18,0.0509951189160347
33,19,0.04458364099264145
33,20,0.044001951813697815
33,21,0.05113772302865982
33,22,0.044360220432281494
33,23,0.04075852781534195
33,24,0.048108525574207306
33,25,0.05600041523575783
33,26,0.04818644002079964
33,27,0.04649171978235245
33,28,0.05014517158269882
33,29,0.045325301587581635
33,30,0.04493820294737816
33,31,0.050816282629966736
33,32,0.050881169736385345
33,33,0.05073817819356918
33,34,0.055181991308927536
33,35,0.049970317631959915
33,36,0.04807732626795769
33,37,0.043723978102207184
33,38,0.045153625309467316
33,39,0.04267173260450363
33,40,0.04094357788562775
33,41,0.04747440665960312
33,42,0.045684412121772766
33,43,0.04394076019525528
33,44,0.0533284991979599
33,45,0.04437907040119171
33,46,0.04133927449584007
33,47,0.05551036074757576
33,48,0.04625914618372917
33,49,0.05389682948589325
33,50,0.053954511880874634
33,51,0.05873154103755951
33,52,0.04045984894037247
33,53,0.053525812923908234
33,54,0.04877874255180359
33,55,0.048203688114881516
33,56,0.04481791332364082
33,57,0.04697827994823456
33,58,0.05675897002220154
33,59,0.05078892409801483
33,60,0.04664836451411247
33,61,0.055177733302116394
33,62,0.050525765866041183
33,63,0.046845439821481705
33,64,0.04451458156108856
33,65,0.04118521511554718
33,66,0.04020947590470314
33,67,0.04241923242807388
33,68,0.04320364445447922
33,69,0.04357564076781273
33,70,0.05151282250881195
33,71,0.04367106780409813
33,72,0.04305741935968399
33,73,0.04253317415714264
33,74,0.04637394845485687
33,75,0.038685258477926254
33,76,0.05844610929489136
34,1,0.03919683396816254
34,2,0.04416761174798012
34,3,0.044485144317150116
34,4,0.040084920823574066
34,5,0.04373447224497795
34,6,0.039274320006370544
34,7,0.04927793890237808
34,8,0.04788408428430557
34,9,0.04576607421040535
34,10,0.052179913967847824
34,11,0.04961303994059563
34,12,0.04279470443725586
34,13,0.05162251740694046
34,14,0.04541952908039093
34,15,0.04665939137339592
34,16,0.05409860238432884
34,17,0.051533401012420654
34,18,0.05407753586769104
34,19,0.050108276307582855
34,20,0.053929947316646576
34,21,0.04684247449040413
34,22,0.051316291093826294
34,23,0.0455746054649353
34,24,0.0445617213845253
34,25,0.0403813011944294
34,26,0.04098381847143173
34,27,0.047312844544649124
34,28,0.043294891715049744
34,29,0.04342418536543846
34,30,0.05311442166566849
34,31,0.04637071490287781
34,32,0.04103580117225647
34,33,0.04443468898534775
34,34,0.0439140684902668
34,35,0.041732363402843475
34,36,0.049530379474163055
34,37,0.04427790641784668
34,38,0.05159652233123779
34,39,0.05852879583835602
34,40,0.04882422834634781
34,41,0.04178876429796219
34,42,0.04790255427360535
34,43,0.04231203719973564
34,44,0.05393071100115776
34,45,0.04492794722318649
34,46,0.042024098336696625
34,47,0.05617949366569519
34,48,0.04317762330174446
34,49,0.05438397079706192
34,50,0.052960190922021866
34,51,0.05307195708155632
34,52,0.040240123867988586
34,53,0.05304637551307678
34,54,0.047047208994627
34,55,0.05341556668281555
34,56,0.041562288999557495
34,57,0.05080930143594742
34,58,0.05730529502034187
34,59,0.05334131419658661
34,60,0.055419713258743286
34,61,0.04608823359012604
34,62,0.05212489888072014
34,63,0.05099501460790634
34,64,0.04630536586046219
34,65,0.03815431520342827
34,66,0.045064717531204224
34,67,0.04759621247649193
34,68,0.05061350762844086
34,69,0.04483196511864662
34,70,0.04429503530263901
34,71,0.03870115429162979
34,72,0.05541423335671425
34,73,0.05056425929069519
34,74,0.046573907136917114
34,75,0.055963605642318726
34,76,0.04334723949432373
35,1,0.05216292664408684
35,2,0.040710967034101486
35,3,0.040640756487846375
35,4,0.054235994815826416
35,5,0.04604179039597511
35,6,0.04340474307537079
35,7,0.04878797009587288
35,8,0.04592740908265114
35,9,0.05258842557668686
35,10,0.05332736670970917
35,11,0.0538424551486969
35,12,0.04896513372659683
35,13,0.058899372816085815
35,14,0.04851821810007095
35,15,0.04290001839399338
35,16,0.05831277742981911
35,17,0.04833134263753891
35,18,0.04527625814080238
35,19,0.045007504522800446
35,20,0.04622815549373627
35,21,0.043695367872714996
35,22,0.05590130761265755
35,23,0.043332539498806
35,24,0.04641185700893402
35,25,0.04007558152079582
35,26,0.051062293350696564
35,27,0.050023920834064484
35,28,0.05067507177591324
35,29,0.047980256378650665
35,30,0.04712078720331192
35,31,0.04734440892934799
35,32,0.04714685678482056
35,33,0.052979812026023865
35,34,0.04712136089801788
35,35,0.04376233369112015
35,36,0.0488382950425148
35,37,0.0394754633307457
35,38,0.050662875175476074
35,39,0.03946179151535034
35,40,0.055946800857782364
35,41,0.04958239197731018
35,42,0.04743829369544983
35,43,0.05168994143605232
35,44,0.04595779627561569
35,45,0.047533925622701645
35,46,0.0414777509868145
35,47,0.05134575814008713
35,48,0.04631529748439789
35,49,0.059654396027326584
35,50,0.0487942174077034
35,51,0.04652523249387741
35,52,0.039381273090839386
35,53,0.0463499017059803
35,54,0.0515177883207798
35,55,0.05058663338422775
35,56,0.049906738102436066
35,57,0.0475299134850502
35,58,0.04230671375989914
35,59,0.04730168730020523
35,60,0.04701542854309082
35,61,0.04518606513738632
35,62,0.03853607177734375
35,63,0.04103565961122513
35,64,0.048277050256729126
35,65,0.040261395275592804
35,66,0.05021143704652786
35,67,0.0451684407889843
35,68,0.058481838554143906
35,69,0.0506477877497673
35,70,0.05549057945609093
35,71,0.04602184519171715
35,72,0.048584818840026855
35,73,0.04107639193534851
35,74,0.05856911092996597
35,75,0.05047418549656868
35,76,0.04533379524946213
36,1,0.04679403454065323
36,2,0.048199526965618134
36,3,0.043227992951869965
36,4,0.038799893110990524
36,5,0.047330744564533234
36,6,0.03822813183069229
36,7,0.04229411482810974
36,8,0.04423544183373451
36,9,0.047191739082336426
36,10,0.04092729091644287
36,11,0.05027978494763374
36,12,0.05791008844971657
36,13,0.04683372378349304
36,14,0.04334212839603424
36,15,0.04300033301115036
36,16,0.05805281177163124
36,17,0.04148474335670471
36,18,0.056255340576171875
36,19,0.05526627227663994
36,20,0.04976697266101837
36,21,0.05359558388590813
36,22,0.0477200523018837
36,23,0.04791328310966492
36,24,0.04512244835495949
36,25,0.05211074277758598
36,26,0.04085632413625717
36,27,0.051805656403303146
36,28,0.03905011713504791
36,29,0.049338843673467636
36,30,0.04184132069349289
36,31,0.04791833460330963
36,32,0.04705095291137695
36,33,0.05137518420815468
36,34,0.04592465981841087
36,35,0.04749758541584015
36,36,0.041664574295282364
36,37,0.0505061037838459
36,38,0.043590325862169266
36,39,0.044625695794820786
36,40,0.04441449046134949
36,41,0.047399312257766724
36,42,0.04534649848937988
36,43,0.06358470022678375
36,44,0.04573333263397217
36,45,0.05032449588179588
36,46,0.04809510335326195
36,47,0.04602177441120148
36,48,0.04537973552942276
36,49,0.04274154081940651
36,50,0.04049745574593544
36,51,0.0385248139500618
36,52,0.045233145356178284
36,53,0.058306172490119934
36,54,0.06251656264066696
36,55,0.044952183961868286
36,56,0.04643016308546066
36,57,0.04850307106971741
36,58,0.04749944806098938
36,59,0.04700315743684769
36,60,0.041966989636421204
36,61,0.04668305069208145
36,62,0.03999825194478035
36,63,0.04555363208055496
36,64,0.04610336571931839
36,65,0.0589897520840168
36,66,0.04505554586648941
36,67,0.04465039446949959
36,68,0.04158243536949158
36,69,0.06530161947011948
36,70,0.042777933180332184
36,71,0.056764960289001465
36,72,0.05105625092983246
36,73,0.057569846510887146
36,74,0.05274622514843941
36,75,0.04321496933698654
36,76,0.04302326589822769
37,1,0.04873984307050705
37,2,0.0488654300570488
37,3,0.06457099318504333
37,4,0.04700910672545433
37,5,0.04997776076197624
37,6,0.04887661337852478
37,7,0.052621856331825256
37,8,0.0444219633936882
37,9,0.04711286723613739
37,10,0.046372927725315094
37,11,0.04296146333217621
37,12,0.04263114184141159
37,13,0.0472678504884243
37,14,0.04544004797935486
37,15,0.04028508812189102
37,16,0.04593908041715622
37,17,0.05494086071848869
37,18,0.04907991364598274
37,19,0.04330265522003174
37,20,0.05679553002119064
37,21,0.05321279913187027
37,22,0.06374205648899078
37,23,0.0426160991191864
37,24,0.04395183175802231
37,25,0.040845271199941635
37,26,0.046262118965387344
37,27,0.03970930725336075
37,28,0.05143299698829651
37,29,0.048483457416296005
37,30,0.058954786509275436
37,31,0.04636601358652115
37,32,0.04438918083906174
37,33,0.046993181109428406
37,34,0.044379957020282745
37,35,0.046474531292915344
37,36,0.045719850808382034
37,37,0.04437306523323059
37,38,0.03675030171871185
37,39,0.05381666496396065
37,40,0.04325297474861145
37,41,0.04261869937181473
37,42,0.04795880988240242
37,43,0.04913383722305298
37,44,0.04620824754238129
37,45,0.05493887886404991
37,46,0.05140650272369385
37,47,0.05412674695253372
37,48,0.05224645882844925
37,49,0.04541323333978653
37,50,0.03868578001856804
37,51,0.05038619786500931
37,52,0.04278711974620819
37,53,0.0495167076587677
37,54,0.05329885706305504
37,55,0.04094679281115532
37,56,0.0501549057662487
37,57,0.04398510605096817
37,58,0.04923335462808609
37,59,0.04585406184196472
37,60,0.046024881303310394
37,61,0.04254520684480667
37,62,0.04810011386871338
37,63,0.046180643141269684
37,64,0.05669773370027542
37,65,0.04464777559041977
37,66,0.05673178285360336
37,67,0.04164961352944374
37,68,0.045087240636348724
37,69,0.049069926142692566
37,70,0.04388560354709625
37,71,0.04612027481198311
37,72,0.04952336847782135
37,73,0.04316868633031845
37,74,0.043725594878196716
37,75,0.038975246250629425
37,76,0.049598030745983124
38,1,0.04536169767379761
38,2,0.04509807378053665
38,3,0.04008769989013672
38,4,0.038293879479169846
38,5,0.04315533488988876
38,6,0.050468578934669495
38,7,0.04508354514837265
38,8,0.0439615398645401
38,9,0.041739631444215775
38,10,0.05323706567287445
38,11,0.047994550317525864
38,12,0.048402756452560425
38,13,0.045846253633499146
38,14,0.04231548309326172
38,15,0.0396883450448513
38,16,0.043795906007289886
38,17,0.0427534244954586
38,18,0.05076156184077263
38,19,0.05248982459306717
38,20,0.050995923578739166
38,21,0.04870408773422241
38,22,0.051326632499694824
38,23,0.038342852145433426
38,24,0.052631109952926636
38,25,0.04911022260785103
38,26,0.04297293722629547
38,27,0.05854150280356407
38,28,0.03860575705766678
38,29,0.05330255255103111
38,30,0.046638745814561844
38,31,0.053304098546504974
38,32,0.04453564062714577
38,33,0.041401010006666183
38,34,0.0440140999853611
38,35,0.04418380558490753
38,36,0.04784055054187775
38,37,0.04058785364031792
38,38,0.045173339545726776
38,39,0.05428700149059296
38,40,0.050889886915683746
38,41,0.04052140936255455
38,42,0.049064792692661285
38,43,0.044742606580257416
38,44,0.048298127949237823
38,45,0.04638950526714325
38,46,0.04845599830150604
38,47,0.04128401726484299
38,48,0.04987625032663345
38,49,0.039187073707580566
38,50,0.0654941201210022
38,51,0.04526398330926895
38,52,0.046550191938877106
38,53,0.04232250526547432
38,54,0.04078231379389763
38,55,0.04285195469856262
38,56,0.0433630645275116
38,57,0.04380708560347557
38,58,0.039749808609485626
38,59,0.04915514588356018
38,60,0.04307623952627182
38,61,0.043455515056848526
38,62,0.051577694714069366
38,63,0.04103328287601471
38,64,0.04981905594468117
38,65,0.051173776388168335
38,66,0.04775640740990639
38,67,0.04822545871138573
38,68,0.0449460968375206
38,69,0.048334695398807526
38,70,0.04881635680794716
38,71,0.035996213555336
38,72,0.05779874324798584
38,73,0.04375620186328888
38,74,0.037761181592941284
38,75,0.0477464534342289
38,76,0.05140380561351776
39,1,0.04124769568443298
39,2,0.05069298297166824
39,3,0.04523194953799248
39,4,0.04100783169269562
39,5,0.043771713972091675
39,6,0.045285943895578384
39,7,0.05599607899785042
39,8,0.04114755988121033
39,9,0.04775439202785492
39,10,0.05132432281970978
39,11,0.04914165660738945
39,12,0.045721448957920074
39,13,0.048681896179914474
39,14,0.0393778495490551
39,15,0.0468348003923893
39,16,0.04220572113990784
39,17,0.05283062160015106
39,18,0.05007592588663101
39,19,0.048431456089019775
39,20,0.047347888350486755
39,21,0.04258633404970169
39,22,0.05547870323061943
39,23,0.049587637186050415
39,24,0.04181414097547531
39,25,0.05115432292222977
39,26,0.044837143272161484
39,27,0.0424957200884819
39,28,0.04565630108118057
39,29,0.045827314257621765
39,30,0.05575171485543251
39,31,0.0370323546230793
39,32,0.05023963004350662
39,33,0.04141467809677124
39,34,0.048265017569065094
39,35,0.05032781511545181
39,36,0.04185442999005318
39,37,0.04843585565686226
39,38,0.047389186918735504
39,39,0.04548652097582817
39,40,0.04533481225371361
39,41,0.047236572951078415
39,42,0.04954676330089569
39,43,0.049464933574199677
39,44,0.045225780457258224
39,45,0.047733016312122345
39,46,0.04010831564664841
39,47,0.04082069545984268
39,48,0.052481863647699356
39,49,0.04088049381971359
39,50,0.04638584330677986
39,51,0.05683815851807594
39,52,0.040424443781375885
39,53,0.046781025826931
39,54,0.04987626522779465
39,55,0.050050005316734314
39,56,0.04182238131761551
39,57,0.04692373424768448
39,58,0.044792886823415756
39,59,0.052105411887168884
39,60,0.05031187832355499
39,61,0.04938967525959015
39,62,0.043275196105241776
39,63,0.04919788986444473
39,64,0.05160631239414215
39,65,0.04661848023533821
39,66,0.038208603858947754
39,67,0.050185464322566986
39,68,0.04550769925117493
39,69,0.04692694544792175
39,70,0.04762425646185875
39,71,0.045596230775117874
39,72,0.044033266603946686
39,73,0.04480403661727905
39,74,0.046284668147563934
39,75,0.04849077761173248
39,76,0.041007984429597855
40,1,0.04579287767410278
40,2,0.03678883612155914
40,3,0.04427602142095566
40,4,0.051398999989032745
40,5,0.0396290048956871
40,6,0.04741369187831879
40,7,0.04741501808166504
40,8,0.0442509725689888
40,9,0.043339405208826065
40,10,0.04184398800134659
40,11,0.05472935736179352
40,12,0.03797108680009842
40,13,0.04699401557445526
40,14,0.04931049048900604
40,15,0.04773438721895218
40,16,0.043557096272706985
40,17,0.04089388996362686
40,18,0.04502293840050697
40,19,0.04962652176618576
40,20,0.04617517441511154
40,21,0.04529692977666855
40,22,0.038538262248039246
40,23,0.054895009845495224
40,24,0.047212958335876465
40,25,0.04390133172273636
40,26,0.044540971517562866
40,27,0.038415614515542984
40,28,0.04016142338514328
40,29,0.05666135624051094
40,30,0.04410940408706665
40,31,0.0483967661857605
40,32,0.047825127840042114
40,33,0.04303827881813049
40,34,0.043251145631074905
40,35,0.04260684549808502
40,36,0.04389936476945877
40,37,0.04585830867290497
40,38,0.04421257972717285
40,39,0.041777342557907104
40,40,0.043208133429288864
40,41,0.043221645057201385
40,42,0.03918774425983429
40,43,0.04299769923090935
40,44,0.03928570821881294
40,45,0.045224834233522415
40,46,0.03759352117776871
40,47,0.04041352495551109
40,48,0.04250066727399826
40,49,0.044340889900922775
40,50,0.043535538017749786
40,51,0.04274730384349823
40,52,0.04541701078414917
40,53,0.043952565640211105
40,54,0.041164979338645935
40,55,0.04274366423487663
40,56,0.04715632647275925
40,57,0.03890782594680786
40,58,0.04428477585315704
40,59,0.04432669281959534
40,60,0.04342470318078995
40,61,0.046975910663604736
40,62,0.05220427364110947
40,63,0.05515933409333229
40,64,0.0455797016620636
40,65,0.044611115008592606
40,66,0.07109159231185913
40,67,0.03761406987905502
40,68,0.0458710640668869
40,69,0.04154082387685776
40,70,0.040588486939668655
40,71,0.04070359468460083
40,72,0.05058794096112251
40,73,0.04513781890273094
40,74,0.04644828289747238
40,75,0.045499287545681
40,76,0.04693431034684181
41,1,0.04379101097583771
41,2,0.0406690314412117
41,3,0.04174939543008804
41,4,0.04574050009250641
41,5,0.050938837230205536
41,6,0.049021653831005096
41,7,0.03891666233539581
41,8,0.04376843571662903
41,9,0.042599745094776154
41,10,0.05567038059234619
41,11,0.057275813072919846
41,12,0.05117865651845932
41,13,0.04528408497571945
41,14,0.047307588160037994
41,15,0.041340041905641556
41,16,0.042807720601558685
41,17,0.044903047382831573
41,18,0.04433771222829819
41,19,0.05275200679898262
41,20,0.04926219582557678
41,21,0.041655734181404114
41,22,0.04474368318915367
41,23,0.04512275382876396
41,24,0.055031727999448776
41,25,0.04392915964126587
41,26,0.04693494364619255
41,27,0.03990190848708153
41,28,0.06192399188876152
41,29,0.03973150625824928
41,30,0.04463272914290428
41,31,0.03810153156518936
41,32,0.04404212161898613
41,33,0.03977460414171219
41,34,0.06011616811156273
41,35,0.05028732120990753
41,36,0.054542168974876404
41,37,0.04412035271525383
41,38,0.040369756519794464
41,39,0.05197829008102417
41,40,0.044239260256290436
41,41,0.05004674196243286
41,42,0.04803002253174782
41,43,0.04126196727156639
41,44,0.05365150794386864
41,45,0.04915139824151993
41,46,0.04070757329463959
41,47,0.04786335676908493
41,48,0.047427818179130554
41,49,0.04581755772233009
41,50,0.04035147279500961
41,51,0.04116470366716385
41,52,0.05005999654531479
41,53,0.05285775288939476
41,54,0.04602275788784027
41,55,0.05166442692279816
41,56,0.05167864263057709
41,57,0.05115175619721413
41,58,0.0428164042532444
41,59,0.04099281132221222
41,60,0.04192076623439789
41,61,0.04073011502623558
41,62,0.042016394436359406
41,63,0.04166831821203232
41,64,0.04683662950992584
41,65,0.04218951612710953
41,66,0.04528112709522247
41,67,0.05031035095453262
41,68,0.050200171768665314
41,69,0.04246334731578827
41,70,0.05393974483013153
41,71,0.036514606326818466
41,72,0.043709829449653625
41,73,0.04166029021143913
41,74,0.041150957345962524
41,75,0.046424396336078644
41,76,0.04867315664887428
42,1,0.04556666314601898
42,2,0.043606389313936234
42,3,0.04006301239132881
42,4,0.041246768087148666
42,5,0.04466227442026138
42,6,0.04933833330869675
42,7,0.03803195059299469
42,8,0.041462451219558716
42,9,0.044044364243745804
42,10,0.04532495141029358
42,11,0.04462914913892746
42,12,0.047828301787376404
42,13,0.036661840975284576
42,14,0.04002807289361954
42,15,0.04924692213535309
42,16,0.051024891436100006
42,17,0.04726535826921463
42,18,0.047660261392593384
42,19,0.04277973249554634
42,20,0.04337405413389206
42,21,0.056113362312316895
42,22,0.040504589676856995
42,23,0.04537052661180496
42,24,0.04169367253780365
42,25,0.046176448464393616
42,26,0.040505632758140564
42,27,0.056733887642621994
42,28,0.041896093636751175
42,29,0.03667553886771202
42,30,0.0375397652387619
42,31,0.04154831916093826
42,32,0.05024099349975586
42,33,0.043085288256406784
42,34,0.04934070631861687
42,35,0.04929797351360321
42,36,0.03542111814022064
42,37,0.042596764862537384
42,38,0.03437238186597824
42,39,0.0423237681388855
42,40,0.04569779336452484
42,41,0.04322493076324463
42,42,0.046008311212062836
42,43,0.04299824312329292
42,44,0.03648683428764343
42,45,0.04697491228580475
42,46,0.0402892529964447
42,47,0.053369082510471344
42,48,0.044843241572380066
42,49,0.04288690164685249
42,50,0.044199489057064056
42,51,0.05402819812297821
42,52,0.0535624697804451
42,53,0.04077041149139404
42,54,0.03954027220606804
42,55,0.04817884415388107
42,56,0.04515165090560913
42,57,0.04442369192838669
42,58,0.055698975920677185
42,59,0.043974585831165314
42,60,0.04442743957042694
42,61,0.04764284938573837
42,62,0.052774179726839066
42,63,0.04445542395114899
42,64,0.0395866334438324
42,65,0.055323921144008636
42,66,0.04654478654265404
42,67,0.04786376655101776
42,68,0.04459238424897194
42,69,0.04298234358429909
42,70,0.047450847923755646
42,71,0.049011655151844025
42,72,0.052887801080942154
42,73,0.0459047332406044
42,74,0.044795844703912735
42,75,0.04790584743022919
42,76,0.04291022568941116
43,1,0.04599657282233238
43,2,0.04612427204847336
43,3,0.04557598754763603
43,4,0.054668277502059937
43,5,0.041018322110176086
43,6,0.041383348405361176
43,7,0.04531142860651016
43,8,0.04155098646879196
43,9,0.04362063109874725
43,10,0.04089316725730896
43,11,0.042866677045822144
43,12,0.04774022474884987
43,13,0.04959898814558983
43,14,0.03729327768087387
43,15,0.04792923480272293
43,16,0.047619372606277466
43,17,0.04579824209213257
43,18,0.03886730223894119
43,19,0.03899955004453659
43,20,0.04866749048233032
43,21,0.05569612234830856
43,22,0.04216519743204117
43,23,0.04419982433319092
43,24,0.036797501146793365
43,25,0.04893434792757034
43,26,0.044344183057546616
43,27,0.043704912066459656
43,28,0.04904358461499214
43,29,0.04618459194898605
43,30,0.0497809499502182
43,31,0.04532035440206528
43,32,0.041277144104242325
43,33,0.038528695702552795
43,34,0.05344702675938606
43,35,0.04334251582622528
43,36,0.059872373938560486
43,37,0.0413164421916008
43,38,0.043406322598457336
43,39,0.043964192271232605
43,40,0.05072823911905289
43,41,0.03624439612030983
43,42,0.041428204625844955
43,43,0.03631505370140076
43,44,0.045524753630161285
43,45,0.038690995424985886
43,46,0.04211649298667908
43,47,0.042326077818870544
43,48,0.05177609249949455
43,49,0.05243226885795593
43,50,0.05274286866188049
43,51,0.03924177214503288
43,52,0.047365594655275345
43,53,0.04646915942430496
43,54,0.04834917187690735
43,55,0.05172375589609146
43,56,0.04359041526913643
43,57,0.04655681923031807
43,58,0.04671476036310196
43,59,0.04044589027762413
43,60,0.043039675801992416
43,61,0.04641308635473251
43,62,0.04674363136291504
43,63,0.03907341510057449
43,64,0.05122027173638344
43,65,0.04914519935846329
43,66,0.04384521022439003
43,67,0.04127001017332077
43,68,0.045254819095134735
43,69,0.05018582195043564
43,70,0.05009964480996132
43,71,0.060861311852931976
43,72,0.041050128638744354
43,73,0.04399774223566055
43,74,0.050908688455820084
43,75,0.044280484318733215
43,76,0.04280758649110794
44,1,0.048133425414562225
44,2,0.04886753857135773
44,3,0.04210984334349632
44,4,0.04020654410123825
44,5,0.06840260326862335
44,6,0.052413880825042725
44,7,0.046541113406419754
44,8,0.04004046320915222
44,9,0.04012574255466461
44,10,0.04782421141862869
44,11,0.0435289591550827
44,12,0.0426025465130806
44,13,0.04326241463422775
44,14,0.0442974790930748
44,15,0.04860010743141174
44,16,0.04700054973363876
44,17,0.04169182851910591
44,18,0.03744436427950859
44,19,0.04904899746179581
44,20,0.04749056324362755
44,21,0.04572805389761925
44,22,0.04501591622829437
44,23,0.03936713933944702
44,24,0.03682456910610199
44,25,0.04026249796152115
44,26,0.03812304511666298
44,27,0.04029307886958122
44,28,0.03932139649987221
44,29,0.04705026000738144
44,30,0.0397488996386528
44,31,0.04114913567900658
44,32,0.04099496826529503
44,33,0.056042008101940155
44,34,0.039268750697374344
44,35,0.04163508862257004
44,36,0.03723444417119026
44,37,0.04037187248468399
44,38,0.04424664378166199
44,39,0.04207989200949669
44,40,0.04551864415407181
44,41,0.038755178451538086
44,42,0.036772556602954865
44,43,0.04481921344995499
44,44,0.05410908907651901
44,45,0.04772181063890457
44,46,0.05181737244129181
44,47,0.07007257640361786
44,48,0.05049263685941696
44,49,0.043848633766174316
44,50,0.04997705668210983
44,51,0.04385199397802353
44,52,0.045604076236486435
44,53,0.045059796422719955
44,54,0.04146614670753479
44,55,0.04358849301934242
44,56,0.040172360837459564
44,57,0.05243400111794472
44,58,0.052741385996341705
44,59,0.0437023863196373
44,60,0.04257180914282799
44,61,0.048145733773708344
44,62,0.03807899355888367
44,63,0.04395841807126999
44,64,0.043171681463718414
44,65,0.04803747683763504
44,66,0.04032163321971893
44,67,0.040243905037641525
44,68,0.04604573920369148
44,69,0.04247720167040825
44,70,0.05105292797088623
44,71,0.041950203478336334
44,72,0.036729585379362106
44,73,0.05164024233818054
44,74,0.04926134645938873
44,75,0.04276423156261444
44,76,0.048517726361751556
45,1,0.043291591107845306
45,2,0.043165165930986404
45,3,0.046920452266931534
45,4,0.0509226955473423
45,5,0.03771063685417175
45,6,0.04857490956783295
45,7,0.045501697808504105
45,8,0.045637257397174835
45,9,0.04569067060947418
45,10,0.03780428320169449
45,11,0.04620867222547531
45,12,0.038157764822244644
45,13,0.0562262237071991
45,14,0.039644140750169754
45,15,0.050165802240371704
45,16,0.04414874315261841
45,17,0.03914778307080269
45,18,0.05204208567738533
45,19,0.03893590718507767
45,20,0.04263848066329956
45,21,0.04297619313001633
45,22,0.04806658625602722
45,23,0.04353047162294388
45,24,0.03871342912316322
45,25,0.04462556913495064
45,26,0.04568414390087128
45,27,0.03757980465888977
45,28,0.04479809105396271
45,29,0.035368215292692184
45,30,0.04215174913406372
45,31,0.04208299517631531
45,32,0.03814505413174629
45,33,0.0417790412902832
45,34,0.04626136273145676
45,35,0.04260939359664917
45,36,0.06610304862260818
45,37,0.04563906043767929
45,38,0.04655485972762108
45,39,0.0429530069231987
45,40,0.03684530407190323
45,41,0.0454375222325325
45,42,0.0444265715777874
45,43,0.049556903541088104
45,44,0.036823417991399765
45,45,0.04558753967285156
45,46,0.04110417887568474
45,47,0.04770556464791298
45,48,0.04090362787246704
45,49,0.04583466053009033
45,50,0.05126520246267319
45,51,0.043837353587150574
45,52,0.041146568953990936
45,53,0.0526239350438118
45,54,0.03965819627046585
45,55,0.04572639614343643
45,56,0.04460127651691437
45,57,0.04291944578289986
45,58,0.045950327068567276
45,59,0.03711962327361107
45,60,0.038928404450416565
45,61,0.04521036893129349
45,62,0.03977829962968826
45,63,0.03994207829236984
45,64,0.04905948042869568
45,65,0.050352051854133606
45,66,0.04197258502244949
45,67,0.039186228066682816
45,68,0.040874652564525604
45,69,0.053464971482753754
45,70,0.03668808192014694
45,71,0.05263180658221245
45,72,0.042347680777311325
45,73,0.039494749158620834
45,74,0.037480950355529785
45,75,0.03856489807367325
45,76,0.04619261249899864
46,1,0.04622694104909897
46,2,0.05068229138851166
46,3,0.0437716580927372
46,4,0.04887321963906288
46,5,0.041856274008750916
46,6,0.047138407826423645
46,7,0.05643273890018463
46,8,0.04025343805551529
46,9,0.040571585297584534
46,10,0.034329257905483246
46,11,0.0439736507833004
46,12,0.03764832019805908
46,13,0.03520873188972473
46,14,0.04089398682117462
46,15,0.04056282341480255
46,16,0.04535645246505737
46,17,0.042290959507226944
46,18,0.04466697573661804
46,19,0.039490148425102234
46,20,0.04965399578213692
46,21,0.04486728459596634
46,22,0.046317242085933685
46,23,0.04871891066431999
46,24,0.03973420709371567
46,25,0.03563950955867767
46,26,0.0407230481505394
46,27,0.037750519812107086
46,28,0.0489247664809227
46,29,0.04052894562482834
46,30,0.03797418624162674
46,31,0.04500062018632889
46,32,0.04882465675473213
46,33,0.058188632130622864
46,34,0.040733978152275085
46,35,0.04653669893741608
46,36,0.03979639336466789
46,37,0.03827163204550743
46,38,0.05372045561671257
46,39,0.03710957616567612
46,40,0.04479830712080002
46,41,0.05263245850801468
46,42,0.04092302918434143
46,43,0.04539710283279419
46,44,0.038511306047439575
46,45,0.04242400825023651
46,46,0.03911323845386505
46,47,0.04347798228263855
46,48,0.04695123806595802
46,49,0.04308943450450897
46,50,0.038515638560056686
46,51,0.04159799963235855
46,52,0.04301798343658447
46,53,0.03636226803064346
46,54,0.04342865198850632
46,55,0.03830520808696747
46,56,0.03929174691438675
46,57,0.039531633257865906
46,58,0.039440423250198364
46,59,0.03744681924581528
46,60,0.040523711591959
46,61,0.041040338575839996
46,62,0.04519883170723915
46,63,0.05018087476491928
46,64,0.03772062808275223
46,65,0.04070824757218361
46,66,0.043834388256073
46,67,0.04080178588628769
46,68,0.046074382960796356
46,69,0.043663281947374344
46,70,0.04505091905593872
46,71,0.04444548487663269
46,72,0.049835242331027985
46,73,0.04508104920387268
46,74,0.03376604616641998
46,75,0.03920124098658562
46,76,0.048459116369485855
47,1,0.0387122705578804
47,2,0.04062682390213013
47,3,0.04220791533589363
47,4,0.046740055084228516
47,5,0.04451944679021835
47,6,0.055153027176856995
47,7,0.04874466359615326
47,8,0.03740265592932701
47,9,0.04078797250986099
47,10,0.045397914946079254
47,11,0.044516682624816895
47,12,0.03722347319126129
47,13,0.0455990806221962
47,14,0.04949073866009712
47,15,0.04091034084558487
47,16,0.043561697006225586
47,17,0.039241183549165726
47,18,0.03554275631904602
47,19,0.03887543827295303
47,20,0.045840296894311905
47,21,0.03980870544910431
47,22,0.043602727353572845
47,23,0.048711955547332764
47,24,0.04570441693067551
47,25,0.04399473965167999
47,26,0.043575190007686615
47,27,0.047903187572956085
47,28,0.04558517783880234
47,29,0.05064582824707031
47,30,0.04352562129497528
47,31,0.048360101878643036
47,32,0.0404171496629715
47,33,0.06213147193193436
47,34,0.045426562428474426
47,35,0.042507532984018326
47,36,0.04472608491778374
47,37,0.03782957047224045
47,38,0.046683941036462784
47,39,0.04343819618225098
47,40,0.049573417752981186
47,41,0.037745408713817596
47,42,0.05212508887052536
47,43,0.045911192893981934
47,44,0.04331129044294357
47,45,0.04737959802150726
47,46,0.04547742009162903
47,47,0.04438340291380882
47,48,0.05147887021303177
47,49,0.04406287893652916
47,50,0.04707859456539154
47,51,0.04224545508623123
47,52,0.046206653118133545
47,53,0.05288900062441826
47,54,0.039639562368392944
47,55,0.04091765731573105
47,56,0.034248366951942444
47,57,0.04302385821938515
47,58,0.052104756236076355
47,59,0.03617173433303833
47,60,0.04746835678815842
47,61,0.044126007705926895
47,62,0.040174469351768494
47,63,0.04345233738422394
47,64,0.052566371858119965
47,65,0.04031911864876747
47,66,0.04633960872888565
47,67,0.04376441612839699
47,68,0.03532793000340462
47,69,0.03811431676149368
47,70,0.0404500886797905
47,71,0.04611367732286453
47,72,0.037039391696453094
47,73,0.03928452357649803
47,74,0.05156853422522545
47,75,0.04587120562791824
47,76,0.04156190901994705
48,1,0.050861701369285583
48,2,0.04164322838187218
48,3,0.044452063739299774
48,4,0.04869450628757477
48,5,0.03962911292910576
48,6,0.04754573851823807
48,7,0.04383278638124466
48,8,0.04070449620485306
48,9,0.04751867055892944
48,10,0.04824177548289299
48,11,0.046017564833164215
48,12,0.04260885715484619
48,13,0.04343074560165405
48,14,0.04087980091571808
48,15,0.04769749939441681
48,16,0.042748644948005676
48,17,0.041358109563589096
48,18,0.034369468688964844
48,19,0.04158707708120346
48,20,0.0431521013379097
48,21,0.04801061749458313
48,22,0.0434843972325325
48,23,0.0377311073243618
48,24,0.03701310232281685
48,25,0.0462336391210556
48,26,0.04318847134709358
48,27,0.04486274719238281
48,28,0.04616366699337959
48,29,0.040270350873470306
48,30,0.03918115049600601
48,31,0.04100688546895981
48,32,0.03749614208936691
48,33,0.04508782923221588
48,34,0.041183244436979294
48,35,0.03608949854969978
48,36,0.04234369099140167
48,37,0.04873108118772507
48,38,0.05003584921360016
48,39,0.03696835786104202
48,40,0.048833347856998444
48,41,0.038268569856882095
48,42,0.04678010568022728
48,43,0.04404956102371216
48,44,0.05501409247517586
48,45,0.04708625376224518
48,46,0.04527874290943146
48,47,0.0403846837580204
48,48,0.04815995693206787
48,49,0.04641670733690262
48,50,0.04470241814851761
48,51,0.05861124396324158
48,52,0.047817956656217575
48,53,0.04095006734132767
48,54,0.05290122330188751
48,55,0.04560287296772003
48,56,0.03895239531993866
48,57,0.038708221167325974
48,58,0.04101785272359848
48,59,0.0496545173227787
48,60,0.03971070051193237
48,61,0.04301033169031143
48,62,0.05213306471705437
48,63,0.034370437264442444
48,64,0.043535392731428146
48,65,0.048977795988321304
48,66,0.042201705276966095
48,67,0.038726553320884705
48,68,0.041625604033470154
48,69,0.04044518619775772
48,70,0.05048718303442001
48,71,0.03866930305957794
48,72,0.035578981041908264
48,73,0.042445071041584015
48,74,0.05049021914601326
48,75,0.04105239734053612
48,76,0.0481102429330349
49,1,0.046536266803741455
49,2,0.04381340742111206
49,3,0.04774881526827812
49,4,0.03516966104507446
49,5,0.05006001889705658
49,6,0.03816287964582443
49,7,0.04387204349040985
49,8,0.034470632672309875
49,9,0.04457951709628105
49,10,0.04086558520793915
49,11,0.04197957366704941
49,12,0.06520068645477295
49,13,0.042121633887290955
49,14,0.037885963916778564
49,15,0.05037608742713928
49,16,0.06207965314388275
49,17,0.041553229093551636
49,18,0.03706115484237671
49,19,0.04432201012969017
49,20,0.04298340529203415
49,21,0.04410429298877716
49,22,0.04298356920480728
49,23,0.040747784078121185
49,24,0.04824685677886009
49,25,0.04744634032249451
49,26,0.06010556221008301
49,27,0.04972342401742935
49,28,0.04972740635275841
49,29,0.04561885446310043
49,30,0.048133715987205505
49,31,0.0547783263027668
49,32,0.0379699245095253
49,33,0.04763299226760864
49,34,0.04061474651098251
49,35,0.04151792824268341
49,36,0.031830236315727234
49,37,0.04676486924290657
49,38,0.0412459634244442
49,39,0.04114773869514465
49,40,0.03993874788284302
49,41,0.05308009684085846
49,42,0.042556032538414
49,43,0.05241844430565834
49,44,0.03821767121553421
49,45,0.04203921556472778
49,46,0.039742361754179
49,47,0.047863587737083435
49,48,0.041925691068172455
49,49,0.04096221923828125
49,50,0.04175486043095589
49,51,0.04431254416704178
49,52,0.04902570694684982
49,53,0.0404663048684597
49,54,0.03544513136148453
49,55,0.04544341564178467
49,56,0.04316345229744911
49,57,0.04722694680094719
49,58,0.03842024505138397
49,59,0.042567215859889984
49,60,0.041677117347717285
49,61,0.03754844516515732
49,62,0.038428787142038345
49,63,0.04464763402938843
49,64,0.04905935376882553
49,65,0.04895874112844467
49,66,0.04067223519086838
49,67,0.032619066536426544
49,68,0.0470929890871048
49,69,0.04650001972913742
49,70,0.041780292987823486
49,71,0.03854095935821533
49,72,0.03924465924501419
49,73,0.05235174670815468
49,74,0.04050047695636749
49,75,0.038250550627708435
49,76,0.04209083318710327
50,1,0.0426982156932354
50,2,0.04070960730314255
50,3,0.04929864779114723
50,4,0.04096962884068489
50,5,0.04357859864830971
50,6,0.044693928211927414
50,7,0.04037315398454666
50,8,0.036442458629608154
50,9,0.0404873751103878
50,10,0.043254829943180084
50,11,0.047634441405534744
50,12,0.05079440772533417
50,13,0.04290088266134262
50,14,0.04114378243684769
50,15,0.03707418590784073
50,16,0.044105663895606995
50,17,0.043482400476932526
50,18,0.049897026270627975
50,19,0.041362084448337555
50,20,0.04876353591680527
50,21,0.03903985023498535
50,22,0.03644849359989166
50,23,0.04247093200683594
50,24,0.04335640370845795
50,25,0.03695790469646454
50,26,0.04332541674375534
50,27,0.046765390783548355
50,28,0.046727895736694336
50,29,0.05674295872449875
50,30,0.05015338212251663
50,31,0.03948584571480751
50,32,0.05117007717490196
50,33,0.03950328379869461
50,34,0.05157016962766647
50,35,0.04552881419658661
50,36,0.03938275948166847
50,37,0.049252890050411224
50,38,0.03824882209300995
50,39,0.03746114298701286
50,40,0.048479363322257996
50,41,0.04146955907344818
50,42,0.038560397922992706
50,43,0.0392928346991539
50,44,0.04660346359014511
50,45,0.04971093311905861
50,46,0.04614148288965225
50,47,0.042406875640153885
50,48,0.04663855955004692
50,49,0.04666471481323242
50,50,0.047202371060848236
50,51,0.03693537041544914
50,52,0.037749283015728
50,53,0.042473096400499344
50,54,0.045201290398836136
50,55,0.045072779059410095
50,56,0.043108657002449036
50,57,0.04837559908628464
50,58,0.053261589258909225
50,59,0.03476639837026596
50,60,0.03862914443016052
50,61,0.04392470791935921
50,62,0.04382336884737015
50,63,0.04389457404613495
50,64,0.03901613876223564
50,65,0.03275609761476517
50,66,0.04069806635379791
50,67,0.03687978535890579
50,68,0.039146535098552704
50,69,0.03772173076868057
50,70,0.04616256803274155
50,71,0.03654885292053223
50,72,0.04058106616139412
50,73,0.03578939288854599
50,74,0.033539414405822754
50,75,0.03988334909081459
50,76,0.04926560819149017
