epoch,step,loss
1,1,2.4902191162109375
1,2,2.229907989501953
1,3,2.0161819458007812
1,4,1.8674001693725586
1,5,1.8183393478393555
1,6,1.945544958114624
2,1,1.4474961757659912
2,2,1.4340418577194214
2,3,1.3708807229995728
2,4,1.3434793949127197
2,5,1.26487135887146
3,1,1.1754591464996338
3,2,1.2092626094818115
3,3,1.085111379623413
3,4,1.0952479839324951
3,5,0.9023508429527283
4,1,0.8905899524688721
4,2,0.8612790107727051
4,3,0.8098959922790527
4,4,0.8752630949020386
4,5,0.9124240279197693
5,1,0.8866925835609436
5,2,0.6616554856300354
5,3,0.6224573254585266
5,4,0.6576499938964844
5,5,0.6966997981071472
6,1,0.5981684923171997
6,2,0.6716307401657104
6,3,0.6204293966293335
6,4,0.6731748580932617
6,5,0.6863029599189758
7,1,0.3843894600868225
7,2,0.4828329086303711
7,3,0.6629722118377686
7,4,0.5624921321868896
7,5,0.45519503951072693
8,1,0.4679762125015259
8,2,0.4155169725418091
8,3,0.4182890057563782
8,4,0.36944058537483215
8,5,0.6077373027801514
9,1,0.32951754331588745
9,2,0.33905404806137085
9,3,0.4176742434501648
9,4,0.4687221646308899
9,5,0.2764646112918854
10,1,0.3562127649784088
10,2,0.4367305338382721
10,3,0.26537656784057617
10,4,0.2617052495479584
10,5,0.42951568961143494
11,1,0.21837441623210907
11,2,0.32796430587768555
11,3,0.1997443586587906
11,4,0.2336377501487732
11,5,0.35387468338012695
12,1,0.26456350088119507
12,2,0.4721898138523102
12,3,0.13506102561950684
12,4,0.23288916051387787
12,5,0.16797660291194916
13,1,0.22626082599163055
13,2,0.14000633358955383
13,3,0.19394493103027344
13,4,0.22284924983978271
13,5,0.1486647129058838
14,1,0.146768718957901
14,2,0.14366304874420166
14,3,0.18647636473178864
14,4,0.24519555270671844
14,5,0.21645237505435944
15,1,0.29092660546302795
15,2,0.1319548636674881
15,3,0.1386975646018982
15,4,0.1566554754972458
15,5,0.10522323846817017
16,1,0.1568882316350937
16,2,0.10150688886642456
16,3,0.0816229060292244
16,4,0.20510537922382355
16,5,0.15473663806915283
17,1,0.1379849910736084
17,2,0.13437241315841675
17,3,0.12706111371517181
17,4,0.2625037729740143
17,5,0.2608272135257721
18,1,0.12300600111484528
18,2,0.13565710186958313
18,3,0.2477465271949768
18,4,0.11337149143218994
18,5,0.1760450303554535
19,1,0.14249224960803986
19,2,0.11217045783996582
19,3,0.08248341083526611
19,4,0.6848687529563904
19,5,0.09825778007507324
20,1,0.17239709198474884
20,2,0.1043776348233223
20,3,0.07793886959552765
20,4,0.05975468456745148
20,5,0.057291965931653976
21,1,0.05954544246196747
21,2,0.07458055019378662
21,3,0.10483750700950623
21,4,0.1045316606760025
21,5,0.09163219481706619
22,1,0.06988505274057388
22,2,0.11463941633701324
22,3,0.07052060216665268
22,4,0.13106682896614075
22,5,0.20063544809818268
23,1,0.12066861987113953
23,2,0.18534334003925323
23,3,0.23363614082336426
23,4,0.053859736770391464
23,5,0.12580665946006775
24,1,0.06765738874673843
24,2,0.09966780245304108
24,3,0.10732194781303406
24,4,0.2925126850605011
24,5,0.4049071669578552
25,1,0.11472068727016449
25,2,0.06402133405208588
25,3,0.21976816654205322
25,4,0.06370985507965088
25,5,0.09254831820726395
26,1,0.07047800719738007
26,2,0.09432961046695709
26,3,0.08529927581548691
26,4,0.15583470463752747
26,5,0.05632860213518143
27,1,0.11368091404438019
27,2,0.22135363519191742
27,3,0.04025718942284584
27,4,0.046407707035541534
27,5,0.05631048232316971
28,1,0.14663642644882202
28,2,0.23470982909202576
28,3,0.059821806848049164
28,4,0.05684302747249603
28,5,0.14873407781124115
29,1,0.040369682013988495
29,2,0.26770928502082825
29,3,0.03579867631196976
29,4,0.18899495899677277
29,5,0.12636390328407288
30,1,0.03486251085996628
30,2,0.12072109431028366
30,3,0.035063255578279495
30,4,0.09851901978254318
30,5,0.03951495885848999
31,1,0.035862892866134644
31,2,0.15050968527793884
31,3,0.03813832998275757
31,4,0.04970608279109001
31,5,0.03212021291255951
32,1,0.03440312296152115
32,2,0.042420387268066406
32,3,0.053000710904598236
32,4,0.04386916384100914
32,5,0.04416794702410698
33,1,0.0623118132352829
33,2,0.034578897058963776
33,3,0.05502030998468399
33,4,0.052415892481803894
33,5,0.031161965802311897
34,1,0.028413545340299606
34,2,0.11183906346559525
34,3,0.03329244256019592
34,4,0.02339751459658146
34,5,0.028759431093931198
35,1,0.051146671175956726
35,2,0.021945219486951828
35,3,0.23975421488285065
35,4,0.026276733726263046
35,5,0.011189056560397148
36,1,0.019398115575313568
36,2,0.019283682107925415
36,3,0.10926041007041931
36,4,0.167684406042099
36,5,0.02257317490875721
37,1,0.035402361303567886
37,2,0.020953428000211716
37,3,0.04266989976167679
37,4,0.10766477882862091
37,5,0.13537214696407318
38,1,0.04001235216856003
38,2,0.017051737755537033
38,3,0.017281195148825645
38,4,0.1550334095954895
38,5,0.024716775864362717
39,1,0.1686246693134308
39,2,0.009666355326771736
39,3,0.028655223548412323
39,4,0.06389741599559784
39,5,0.09056195616722107
40,1,0.0167037695646286
40,2,0.23225678503513336
40,3,0.13455241918563843
40,4,0.14077599346637726
40,5,0.05568713694810867
41,1,0.06819579750299454
41,2,0.04955436289310455
41,3,0.27337390184402466
41,4,0.1084757000207901
41,5,0.04290100559592247
42,1,0.04053732752799988
42,2,0.02637675032019615
42,3,0.2003253549337387
42,4,0.11079883575439453
42,5,0.029662590473890305
43,1,0.016208751127123833
43,2,0.07805778086185455
43,3,0.016618847846984863
43,4,0.046371884644031525
43,5,0.12159913778305054
44,1,0.026282252743840218
44,2,0.016130948439240456
44,3,0.01711735688149929
44,4,0.15850619971752167
44,5,0.1989077627658844
45,1,0.12963823974132538
45,2,0.01488866563886404
45,3,0.12691228091716766
45,4,0.01281403936445713
45,5,0.10222192853689194
46,1,0.02718745544552803
46,2,0.01616554707288742
46,3,0.14285707473754883
46,4,0.04230434074997902
46,5,0.025546923279762268
47,1,0.14552438259124756
47,2,0.1628076732158661
47,3,0.1913851797580719
47,4,0.09769362211227417
47,5,0.11501666158437729
48,1,0.13024601340293884
48,2,0.12957775592803955
48,3,0.060509346425533295
48,4,0.10892437398433685
48,5,0.026712533086538315
49,1,0.028486263006925583
49,2,0.2363136112689972
49,3,0.017252545803785324
49,4,0.022065725177526474
49,5,0.020621567964553833
50,1,0.04565006121993065
50,2,0.042849816381931305
50,3,0.01930714212357998
50,4,0.22529233992099762
50,5,0.030093271285295486
51,1,0.19169734418392181
51,2,0.01812642626464367
51,3,0.03802705928683281
51,4,0.0158991701900959
51,5,0.08897817134857178
52,1,0.02790239080786705
52,2,0.2287607640028
52,3,0.018993418663740158
52,4,0.23205961287021637
52,5,0.09141823649406433
53,1,0.17119991779327393
53,2,0.011760514229536057
53,3,0.06772598624229431
53,4,0.020375628024339676
53,5,0.01414132583886385
54,1,0.14370986819267273
54,2,0.09516779333353043
54,3,0.029537608847022057
54,4,0.014945403672754765
54,5,0.051352571696043015
55,1,0.04392051696777344
55,2,0.021580124273896217
55,3,0.04549189656972885
55,4,0.019203465431928635
55,5,0.07059427350759506
56,1,0.019254861399531364
56,2,0.03391097113490105
56,3,0.016616882756352425
56,4,0.015652813017368317
56,5,0.028179001063108444
57,1,0.052320148795843124
57,2,0.010769503191113472
57,3,0.013412488624453545
57,4,0.01494006160646677
57,5,0.02206099033355713
58,1,0.11505843698978424
58,2,0.018395747989416122
58,3,0.022375181317329407
58,4,0.18706382811069489
58,5,0.034762561321258545
59,1,0.04495227336883545
59,2,0.01158236712217331
59,3,0.05036093667149544
59,4,0.06659857928752899
59,5,0.05037657916545868
60,1,0.13959474861621857
60,2,0.06397422403097153
60,3,0.023682180792093277
60,4,0.012445077300071716
60,5,0.0442352257668972
61,1,0.013894259929656982
61,2,0.11548874527215958
61,3,0.011982559226453304
61,4,0.15597222745418549
61,5,0.013769367709755898
62,1,0.1034325584769249
62,2,0.2069055587053299
62,3,0.062440358102321625
62,4,0.09476704895496368
62,5,0.01856318488717079
63,1,0.17801228165626526
63,2,0.09687523543834686
63,3,0.021120883524417877
63,4,0.031467512249946594
63,5,0.07955555617809296
64,1,0.02409401163458824
64,2,0.04834073409438133
64,3,0.0389622300863266
64,4,0.009473834186792374
64,5,0.017901800572872162
65,1,0.13241392374038696
65,2,0.015426471829414368
65,3,0.18678687512874603
65,4,0.2315368950366974
65,5,0.022909916937351227
66,1,0.1557122766971588
66,2,0.11225640773773193
66,3,0.007908889092504978
66,4,0.02615191601216793
66,5,0.14779357612133026
67,1,0.18055459856987
67,2,0.013457302004098892
67,3,0.02436205931007862
67,4,0.02591550536453724
67,5,0.07087551057338715
68,1,0.014232611283659935
68,2,0.014475683681666851
68,3,0.009588202461600304
68,4,0.026503195986151695
68,5,0.1113252267241478
69,1,0.024863436818122864
69,2,0.04460955411195755
69,3,0.03254198282957077
69,4,0.045233309268951416
69,5,0.010555658489465714
70,1,0.10137437283992767
70,2,0.016172578558325768
70,3,0.026875782757997513
70,4,0.01751932129263878
70,5,0.112115778028965
71,1,0.19681507349014282
71,2,0.06278987228870392
71,3,0.010428395122289658
71,4,0.09661628305912018
71,5,0.015899311751127243
72,1,0.015327242203056812
72,2,0.010781282559037209
72,3,0.08849117904901505
72,4,0.021981948986649513
72,5,0.25371253490448
73,1,0.06750030815601349
73,2,0.019178148359060287
73,3,0.09947597980499268
73,4,0.013728792779147625
73,5,0.010091830976307392
74,1,0.01005412358790636
74,2,0.014697501435875893
74,3,0.015023719519376755
74,4,0.04863986000418663
74,5,0.061094336211681366
75,1,0.08131510019302368
75,2,0.05765702202916145
75,3,0.017549529671669006
75,4,0.044126469641923904
75,5,0.16043803095817566
76,1,0.008730988949537277
76,2,0.023395074531435966
76,3,0.008564037270843983
76,4,0.028292225673794746
76,5,0.011620599776506424
77,1,0.01128474436700344
77,2,0.06805302202701569
77,3,0.01087229885160923
77,4,0.02094351500272751
77,5,0.00976183544844389
78,1,0.01470472663640976
78,2,0.02596411108970642
78,3,0.06055662781000137
78,4,0.03756571561098099
78,5,0.00847444124519825
79,1,0.10602324455976486
79,2,0.06140948086977005
79,3,0.023246074095368385
79,4,0.018155381083488464
79,5,0.012203674763441086
80,1,0.02246752381324768
80,2,0.028204098343849182
80,3,0.15928509831428528
80,4,0.013865195214748383
80,5,0.0333414264023304
81,1,0.01719111204147339
81,2,0.06877538561820984
81,3,0.07712507247924805
81,4,0.023787932470440865
81,5,0.09602092206478119
82,1,0.13665729761123657
82,2,0.20002199709415436
82,3,0.10659632086753845
82,4,0.027517162263393402
82,5,0.019489986822009087
83,1,0.012980557978153229
83,2,0.2571764886379242
83,3,0.009466003626585007
83,4,0.07926245033740997
83,5,0.16258558630943298
84,1,0.01211868692189455
84,2,0.2676624059677124
84,3,0.06576274335384369
84,4,0.011306241154670715
84,5,0.02995414100587368
85,1,0.009911345317959785
85,2,0.09686030447483063
85,3,0.037397563457489014
85,4,0.00966397114098072
85,5,0.01293193455785513
86,1,0.13878518342971802
86,2,0.17990882694721222
86,3,0.02456601709127426
86,4,0.013409845530986786
86,5,0.011594194918870926
87,1,0.016211973503232002
87,2,0.010774794965982437
87,3,0.006173979956656694
87,4,0.015199357643723488
87,5,0.04512299969792366
88,1,0.012369824573397636
88,2,0.053988970816135406
88,3,0.007496360223740339
88,4,0.01267961971461773
88,5,0.3049279451370239
89,1,0.026686105877161026
89,2,0.03125592693686485
89,3,0.027749601751565933
89,4,0.2515844702720642
89,5,0.01559804379940033
90,1,0.02650941163301468
90,2,0.07216452807188034
90,3,0.01860477775335312
90,4,0.05417101830244064
90,5,0.017678167670965195
91,1,0.12480607628822327
91,2,0.009339213371276855
91,3,0.22283636033535004
91,4,0.006970450282096863
91,5,0.2472870647907257
92,1,0.020233923569321632
92,2,0.009969573467969894
92,3,0.032413288950920105
92,4,0.025243820622563362
92,5,0.004750894382596016
93,1,0.014406207948923111
93,2,0.01373505312949419
93,3,0.015057350508868694
93,4,0.03971564769744873
93,5,0.017524657770991325
94,1,0.00903960969299078
94,2,0.024202115833759308
94,3,0.07223707437515259
94,4,0.01561703160405159
94,5,0.02167278341948986
95,1,0.007675357162952423
95,2,0.009368328377604485
95,3,0.006950575392693281
95,4,0.03209224343299866
95,5,0.06416724622249603
96,1,0.18276347219944
96,2,0.02222992479801178
96,3,0.10745400935411453
96,4,0.07779338955879211
96,5,0.014649833552539349
97,1,0.05948210880160332
97,2,0.015071481466293335
97,3,0.021027306094765663
97,4,0.027600618079304695
97,5,0.013124806806445122
98,1,0.019841980189085007
98,2,0.030681081116199493
98,3,0.016324352473020554
98,4,0.02278323657810688
98,5,0.1080680564045906
99,1,0.033874690532684326
99,2,0.04085172340273857
99,3,0.009362395852804184
99,4,0.010371150448918343
99,5,0.013753227889537811
100,1,0.018558107316493988
100,2,0.04235440492630005
100,3,0.022662270814180374
100,4,0.03844774141907692
100,5,0.049550335854291916
