epoch,step,loss
1,1,1.7263426780700684
1,2,1.6335201263427734
1,3,1.5530041456222534
1,4,1.5050140619277954
1,5,1.461544394493103
1,6,1.4404484033584595
1,7,1.418715476989746
1,8,1.4011322259902954
1,9,1.3855315446853638
1,10,1.375036597251892
1,11,1.368560552597046
1,12,1.3547608852386475
1,13,1.3558261394500732
1,14,1.3564233779907227
1,15,1.3489822149276733
1,16,1.325727939605713
1,17,1.3357083797454834
1,18,1.3156683444976807
1,19,1.3155546188354492
1,20,1.3156650066375732
1,21,1.3144252300262451
1,22,1.3016130924224854
1,23,1.3101122379302979
1,24,1.2919394969940186
1,25,1.2852363586425781
1,26,1.275506854057312
1,27,1.268589735031128
1,28,1.269506812095642
1,29,1.2589373588562012
1,30,1.255500316619873
1,31,1.248748540878296
1,32,1.2440019845962524
1,33,1.234757661819458
1,34,1.2320524454116821
1,35,1.2135627269744873
1,36,1.2188901901245117
1,37,1.2185211181640625
1,38,1.2072904109954834
1,39,1.1982935667037964
1,40,1.1905866861343384
1,41,1.1929824352264404
1,42,1.173614501953125
1,43,1.1765313148498535
1,44,1.1676626205444336
1,45,1.1697694063186646
1,46,1.1570652723312378
1,47,1.145796298980713
1,48,1.1496264934539795
1,49,1.1352224349975586
1,50,1.1388390064239502
1,51,1.1220712661743164
1,52,1.112549066543579
1,53,1.1092313528060913
1,54,1.1037425994873047
1,55,1.1009653806686401
1,56,1.0942096710205078
1,57,1.0813019275665283
1,58,1.078430414199829
1,59,1.0692248344421387
1,60,1.0596104860305786
1,61,1.059014081954956
1,62,1.0435657501220703
1,63,1.0568058490753174
1,64,1.0436564683914185
1,65,1.0230021476745605
1,66,1.027787208557129
1,67,1.0206137895584106
1,68,1.014148473739624
1,69,1.017817735671997
1,70,1.0004379749298096
1,71,0.9937403202056885
1,72,0.9937326312065125
1,73,0.9914163947105408
1,74,0.9813493490219116
1,75,0.9786227941513062
1,76,0.9721096158027649
1,77,0.9624409675598145
2,1,0.9526478052139282
2,2,0.9486140012741089
2,3,0.9440961480140686
2,4,0.9326462149620056
2,5,0.9382283687591553
2,6,0.9265321493148804
2,7,0.9106307625770569
2,8,0.9089788198471069
2,9,0.9083684086799622
2,10,0.9182966947555542
2,11,0.9051836133003235
2,12,0.8817406892776489
2,13,0.8873130083084106
2,14,0.8693538308143616
2,15,0.874873161315918
2,16,0.843726396560669
2,17,0.847274661064148
2,18,0.8258917331695557
2,19,0.831666111946106
2,20,0.8157939314842224
2,21,0.801837682723999
2,22,0.8046609163284302
2,23,0.7928111553192139
2,24,0.774177074432373
2,25,0.7769449949264526
2,26,0.7742672562599182
2,27,0.7657236456871033
2,28,0.744566798210144
2,29,0.7434739470481873
2,30,0.746901273727417
2,31,0.7429199814796448
2,32,0.7241747975349426
2,33,0.7200830578804016
2,34,0.7264857292175293
2,35,0.6967969536781311
2,36,0.7079637050628662
2,37,0.6891859769821167
2,38,0.6988309621810913
2,39,0.6896023154258728
2,40,0.6869077682495117
2,41,0.6792899370193481
2,42,0.6809030175209045
2,43,0.6698510646820068
2,44,0.6718745827674866
2,45,0.6536819934844971
2,46,0.6471541523933411
2,47,0.6390801668167114
2,48,0.6552615761756897
2,49,0.624986469745636
2,50,0.6382855772972107
2,51,0.6153820157051086
2,52,0.6132093667984009
2,53,0.6165817975997925
2,54,0.5992106199264526
2,55,0.6061890125274658
2,56,0.6046096086502075
2,57,0.601492166519165
2,58,0.593235969543457
2,59,0.5885673761367798
2,60,0.5825767517089844
2,61,0.5614886283874512
2,62,0.5908961296081543
2,63,0.5884420871734619
2,64,0.5483089685440063
2,65,0.5838346481323242
2,66,0.5525264143943787
2,67,0.5377464294433594
2,68,0.550692081451416
2,69,0.5511621236801147
2,70,0.5338294506072998
2,71,0.5140669345855713
2,72,0.5094903707504272
2,73,0.5177102088928223
2,74,0.5160261392593384
2,75,0.5092323422431946
2,76,0.5036946535110474
3,1,0.5078334212303162
3,2,0.4890539050102234
3,3,0.5188512206077576
3,4,0.49440234899520874
3,5,0.5034401416778564
3,6,0.5107502937316895
3,7,0.4803451597690582
3,8,0.4767836928367615
3,9,0.4868849217891693
3,10,0.4647161364555359
3,11,0.4732738733291626
3,12,0.4980107545852661
3,13,0.4693477153778076
3,14,0.47482824325561523
3,15,0.4537772536277771
3,16,0.4503699839115143
3,17,0.4474841356277466
3,18,0.44869357347488403
3,19,0.4375925362110138
3,20,0.42837703227996826
3,21,0.41812628507614136
3,22,0.4209536015987396
3,23,0.4122806191444397
3,24,0.41832152009010315
3,25,0.4036776125431061
3,26,0.41802412271499634
3,27,0.39986902475357056
3,28,0.39295727014541626
3,29,0.3966040015220642
3,30,0.41229569911956787
3,31,0.3928593397140503
3,32,0.4050297737121582
3,33,0.399835467338562
3,34,0.37786221504211426
3,35,0.36674806475639343
3,36,0.391029953956604
3,37,0.36467647552490234
3,38,0.37362948060035706
3,39,0.37613606452941895
3,40,0.37622684240341187
3,41,0.36723756790161133
3,42,0.3719407916069031
3,43,0.39047443866729736
3,44,0.3657121956348419
3,45,0.35683006048202515
3,46,0.3697859048843384
3,47,0.34682703018188477
3,48,0.35435253381729126
3,49,0.3537077307701111
3,50,0.343813955783844
3,51,0.35436826944351196
3,52,0.35912981629371643
3,53,0.3430039584636688
3,54,0.34300243854522705
3,55,0.3525159955024719
3,56,0.3376188278198242
3,57,0.33206748962402344
3,58,0.31620147824287415
3,59,0.33579590916633606
3,60,0.3304744362831116
3,61,0.32250386476516724
3,62,0.3098437190055847
3,63,0.3117852807044983
3,64,0.3404078781604767
3,65,0.317817360162735
3,66,0.29960840940475464
3,67,0.2998097538948059
3,68,0.2885061502456665
3,69,0.28838181495666504
3,70,0.3145810067653656
3,71,0.29235154390335083
3,72,0.2943733334541321
3,73,0.28818151354789734
3,74,0.2950937747955322
3,75,0.32056093215942383
3,76,0.30694350600242615
4,1,0.3010351061820984
4,2,0.2764211893081665
4,3,0.282095730304718
4,4,0.257972776889801
4,5,0.2844392657279968
4,6,0.26364195346832275
4,7,0.27763575315475464
4,8,0.28078413009643555
4,9,0.28814131021499634
4,10,0.2810640335083008
4,11,0.2623775601387024
4,12,0.2723122239112854
4,13,0.30449026823043823
4,14,0.26631689071655273
4,15,0.271071195602417
4,16,0.275985449552536
4,17,0.27065038681030273
4,18,0.256231427192688
4,19,0.2613891661167145
4,20,0.25955477356910706
4,21,0.25403639674186707
4,22,0.27819597721099854
4,23,0.259848415851593
4,24,0.24931886792182922
4,25,0.2491963505744934
4,26,0.24779444932937622
4,27,0.2635652720928192
4,28,0.24284891784191132
4,29,0.2446141391992569
4,30,0.238265261054039
4,31,0.2578244209289551
4,32,0.24418321251869202
4,33,0.22866001725196838
4,34,0.2500384747982025
4,35,0.2576481103897095
4,36,0.24671536684036255
4,37,0.231329545378685
4,38,0.24907147884368896
4,39,0.24682661890983582
4,40,0.2757435441017151
4,41,0.22357012331485748
4,42,0.2297864854335785
4,43,0.2392384111881256
4,44,0.2500383257865906
4,45,0.26363277435302734
4,46,0.21387937664985657
4,47,0.22726882994174957
4,48,0.2288229763507843
4,49,0.2302638590335846
4,50,0.21776780486106873
4,51,0.2212546169757843
4,52,0.2290211021900177
4,53,0.24187669157981873
4,54,0.2052336186170578
4,55,0.22577951848506927
4,56,0.21510471403598785
4,57,0.25869545340538025
4,58,0.21010249853134155
4,59,0.21756026148796082
4,60,0.25172603130340576
4,61,0.21324288845062256
4,62,0.20080983638763428
4,63,0.19603346288204193
4,64,0.2054765522480011
4,65,0.22671771049499512
4,66,0.1921301782131195
4,67,0.2223014086484909
4,68,0.19989275932312012
4,69,0.23966684937477112
4,70,0.20384377241134644
4,71,0.20249493420124054
4,72,0.23244695365428925
4,73,0.1957416534423828
4,74,0.2352234274148941
4,75,0.19942206144332886
4,76,0.1955568641424179
5,1,0.20043402910232544
5,2,0.22058440744876862
5,3,0.2009963095188141
5,4,0.21197044849395752
5,5,0.20873482525348663
5,6,0.2018532156944275
5,7,0.20747804641723633
5,8,0.19821718335151672
5,9,0.21042893826961517
5,10,0.1905963271856308
5,11,0.1938197910785675
5,12,0.18377172946929932
5,13,0.190254807472229
5,14,0.18930935859680176
5,15,0.1884811669588089
5,16,0.20643696188926697
5,17,0.17561668157577515
5,18,0.185729518532753
5,19,0.18497204780578613
5,20,0.18411985039710999
5,21,0.1815059781074524
5,22,0.19583174586296082
5,23,0.18277303874492645
5,24,0.19422967731952667
5,25,0.17864689230918884
5,26,0.17305190861225128
5,27,0.20184649527072906
5,28,0.19734054803848267
5,29,0.18893375992774963
5,30,0.1831362545490265
5,31,0.2068614363670349
5,32,0.18214771151542664
5,33,0.17386814951896667
5,34,0.18394102156162262
5,35,0.186613529920578
5,36,0.17956583201885223
5,37,0.18359501659870148
5,38,0.17629499733448029
5,39,0.20475123822689056
5,40,0.201649010181427
5,41,0.19463051855564117
5,42,0.18997615575790405
5,43,0.19820350408554077
5,44,0.19123443961143494
5,45,0.18948733806610107
5,46,0.20114383101463318
5,47,0.1769649088382721
5,48,0.17044413089752197
5,49,0.16294816136360168
5,50,0.17591756582260132
5,51,0.1646738052368164
5,52,0.17650705575942993
5,53,0.1540147215127945
5,54,0.17770230770111084
5,55,0.16206423938274384
5,56,0.15945249795913696
5,57,0.1952633559703827
5,58,0.1622065305709839
5,59,0.1658041924238205
5,60,0.1689474731683731
5,61,0.1697230041027069
5,62,0.18208494782447815
5,63,0.17132973670959473
5,64,0.2188810110092163
5,65,0.1609072983264923
5,66,0.1507074236869812
5,67,0.15524905920028687
5,68,0.163789302110672
5,69,0.14885714650154114
5,70,0.1732075810432434
5,71,0.19715017080307007
5,72,0.16387450695037842
5,73,0.16995766758918762
5,74,0.16027170419692993
5,75,0.1521764099597931
5,76,0.1641186773777008
6,1,0.15837201476097107
6,2,0.15091437101364136
6,3,0.152704656124115
6,4,0.1659868061542511
6,5,0.15315866470336914
6,6,0.17773029208183289
6,7,0.1630394011735916
6,8,0.15394121408462524
6,9,0.15862444043159485
6,10,0.1414271891117096
6,11,0.15794873237609863
6,12,0.16542553901672363
6,13,0.15282338857650757
6,14,0.13435791432857513
6,15,0.14800423383712769
6,16,0.16178229451179504
6,17,0.15537962317466736
6,18,0.14440807700157166
6,19,0.133526012301445
6,20,0.15830132365226746
6,21,0.14061446487903595
6,22,0.16935864090919495
6,23,0.14250913262367249
6,24,0.14309683442115784
6,25,0.13813981413841248
6,26,0.15275442600250244
6,27,0.19083811342716217
6,28,0.15583278238773346
6,29,0.15710926055908203
6,30,0.14463061094284058
6,31,0.14275673031806946
6,32,0.13983766734600067
6,33,0.15198925137519836
6,34,0.14795419573783875
6,35,0.13425837457180023
6,36,0.1530124694108963
6,37,0.14036256074905396
6,38,0.1426694542169571
6,39,0.14089646935462952
6,40,0.15587541460990906
6,41,0.14034131169319153
6,42,0.1430107057094574
6,43,0.1355438232421875
6,44,0.1322997659444809
6,45,0.12911905348300934
6,46,0.13272687792778015
6,47,0.14726772904396057
6,48,0.14830470085144043
6,49,0.1298229694366455
6,50,0.12614181637763977
6,51,0.1427624225616455
6,52,0.16106101870536804
6,53,0.13998787105083466
6,54,0.1311810314655304
6,55,0.18002553284168243
6,56,0.14480572938919067
6,57,0.1388351321220398
6,58,0.14528393745422363
6,59,0.13829708099365234
6,60,0.14843133091926575
6,61,0.14161984622478485
6,62,0.13785114884376526
6,63,0.12128351628780365
6,64,0.13930758833885193
6,65,0.1341335028409958
6,66,0.17036020755767822
6,67,0.15537422895431519
6,68,0.1378839910030365
6,69,0.15073905885219574
6,70,0.14363965392112732
6,71,0.1438925713300705
6,72,0.1317896693944931
6,73,0.15695837140083313
6,74,0.15917855501174927
6,75,0.13226142525672913
6,76,0.15077632665634155
7,1,0.12522779405117035
7,2,0.13771307468414307
7,3,0.1475697159767151
7,4,0.12441925704479218
7,5,0.13077104091644287
7,6,0.1394365429878235
7,7,0.1321702003479004
7,8,0.1355263888835907
7,9,0.14440980553627014
7,10,0.13363352417945862
7,11,0.14354455471038818
7,12,0.12902428209781647
7,13,0.1219450980424881
7,14,0.11424124240875244
7,15,0.13555879890918732
7,16,0.13646358251571655
7,17,0.15385468304157257
7,18,0.14734771847724915
7,19,0.1646595448255539
7,20,0.1298733949661255
7,21,0.14862772822380066
7,22,0.12775249779224396
7,23,0.1540667861700058
7,24,0.12168353796005249
7,25,0.1414644718170166
7,26,0.13301274180412292
7,27,0.131349116563797
7,28,0.11493083089590073
7,29,0.1496809422969818
7,30,0.13833892345428467
7,31,0.12113332748413086
7,32,0.125410795211792
7,33,0.13837891817092896
7,34,0.12832707166671753
7,35,0.14185751974582672
7,36,0.13715845346450806
7,37,0.13609099388122559
7,38,0.14277856051921844
7,39,0.1261717975139618
7,40,0.14845415949821472
7,41,0.1188831627368927
7,42,0.13680334389209747
7,43,0.12775996327400208
7,44,0.1359618902206421
7,45,0.12782853841781616
7,46,0.12971776723861694
7,47,0.1363823115825653
7,48,0.1420450508594513
7,49,0.12468816339969635
7,50,0.14174959063529968
7,51,0.11886196583509445
7,52,0.11403925716876984
7,53,0.143219992518425
7,54,0.12140798568725586
7,55,0.12869395315647125
7,56,0.12525159120559692
7,57,0.12193416059017181
7,58,0.12504340708255768
7,59,0.13964557647705078
7,60,0.16199958324432373
7,61,0.11847668886184692
7,62,0.13678979873657227
7,63,0.12840111553668976
7,64,0.12560303509235382
7,65,0.1245628148317337
7,66,0.13109368085861206
7,67,0.1584177315235138
7,68,0.13893750309944153
7,69,0.12925152480602264
7,70,0.12250015139579773
7,71,0.13284973800182343
7,72,0.14635172486305237
7,73,0.1482577621936798
7,74,0.13059644401073456
7,75,0.1327270269393921
7,76,0.1346689611673355
8,1,0.12516571581363678
8,2,0.13923786580562592
8,3,0.1306147426366806
8,4,0.127864807844162
8,5,0.11743942648172379
8,6,0.136008620262146
8,7,0.15003496408462524
8,8,0.1294131577014923
8,9,0.14586979150772095
8,10,0.13378453254699707
8,11,0.12286870926618576
8,12,0.13775204122066498
8,13,0.12363391369581223
8,14,0.12286196649074554
8,15,0.12602102756500244
8,16,0.12391753494739532
8,17,0.15959733724594116
8,18,0.1183663159608841
8,19,0.12474757432937622
8,20,0.1173955649137497
8,21,0.11431914567947388
8,22,0.11915384978055954
8,23,0.11910220980644226
8,24,0.12122797220945358
8,25,0.12960311770439148
8,26,0.12050619721412659
8,27,0.11685898900032043
8,28,0.11792386323213577
8,29,0.11199754476547241
8,30,0.11123861372470856
8,31,0.11338506639003754
8,32,0.11557937413454056
8,33,0.10578372329473495
8,34,0.10574347525835037
8,35,0.11903007328510284
8,36,0.12044356763362885
8,37,0.1231311783194542
8,38,0.11997438222169876
8,39,0.13252970576286316
8,40,0.14480511844158173
8,41,0.12246966361999512
8,42,0.12103522568941116
8,43,0.1075197160243988
8,44,0.11311177909374237
8,45,0.13530859351158142
8,46,0.11992274224758148
8,47,0.11440028995275497
8,48,0.12627200782299042
8,49,0.11760003864765167
8,50,0.11935019493103027
8,51,0.11701053380966187
8,52,0.11421670019626617
8,53,0.14775830507278442
8,54,0.11423148214817047
8,55,0.1391141414642334
8,56,0.10831295698881149
8,57,0.11624197661876678
8,58,0.10592906177043915
8,59,0.11512082070112228
8,60,0.1302260160446167
8,61,0.10481032729148865
8,62,0.1141604632139206
8,63,0.11665628850460052
8,64,0.11798393726348877
8,65,0.11289392411708832
8,66,0.09911184012889862
8,67,0.12188459932804108
8,68,0.11877908557653427
8,69,0.10555906593799591
8,70,0.12975336611270905
8,71,0.10885244607925415
8,72,0.12134033441543579
8,73,0.1145174652338028
8,74,0.11470124125480652
8,75,0.10439006984233856
8,76,0.11395363509654999
9,1,0.10602900385856628
9,2,0.1303272694349289
9,3,0.09964492917060852
9,4,0.11789701879024506
9,5,0.11421619355678558
9,6,0.1196613609790802
9,7,0.11118389666080475
9,8,0.08508943766355515
9,9,0.10785187780857086
9,10,0.11123525351285934
9,11,0.1008836030960083
9,12,0.11627179384231567
9,13,0.10513372719287872
9,14,0.1102689653635025
9,15,0.11010672152042389
9,16,0.10790613293647766
9,17,0.11852777004241943
9,18,0.12580737471580505
9,19,0.11572231352329254
9,20,0.09899924695491791
9,21,0.09233895689249039
9,22,0.10488192737102509
9,23,0.1064286157488823
9,24,0.10432129353284836
9,25,0.11194093525409698
9,26,0.10615221410989761
9,27,0.10582192987203598
9,28,0.09432575851678848
9,29,0.11220650374889374
9,30,0.1078043133020401
9,31,0.1131981909275055
9,32,0.11353417485952377
9,33,0.09294694662094116
9,34,0.10929716378450394
9,35,0.11989930272102356
9,36,0.13156309723854065
9,37,0.09470096975564957
9,38,0.11172729730606079
9,39,0.11792393773794174
9,40,0.13181567192077637
9,41,0.11864136159420013
9,42,0.11169004440307617
9,43,0.12680308520793915
9,44,0.11559119820594788
9,45,0.12126311659812927
9,46,0.11953990906476974
9,47,0.10788755118846893
9,48,0.10520011186599731
9,49,0.12508437037467957
9,50,0.13036906719207764
9,51,0.10941839218139648
9,52,0.10633212327957153
9,53,0.10734407603740692
9,54,0.13011851906776428
9,55,0.10887664556503296
9,56,0.11064836382865906
9,57,0.10240356624126434
9,58,0.11099184304475784
9,59,0.10887175798416138
9,60,0.11389690637588501
9,61,0.10907116532325745
9,62,0.11344480514526367
9,63,0.10669444501399994
9,64,0.12917707860469818
9,65,0.11054147034883499
9,66,0.11795477569103241
9,67,0.09905306994915009
9,68,0.09993661195039749
9,69,0.11790011823177338
9,70,0.09743434190750122
9,71,0.12124121189117432
9,72,0.09807305783033371
9,73,0.11569791287183762
9,74,0.10944779962301254
9,75,0.13150259852409363
9,76,0.10201188921928406
10,1,0.11676356196403503
10,2,0.11252050846815109
10,3,0.09670373797416687
10,4,0.10450483858585358
10,5,0.10980481654405594
10,6,0.1233501136302948
10,7,0.09967362880706787
10,8,0.08947025239467621
10,9,0.11080610007047653
10,10,0.11608967930078506
10,11,0.10253685712814331
10,12,0.09120836853981018
10,13,0.11608974635601044
10,14,0.09996471554040909
10,15,0.13398586213588715
10,16,0.10979170352220535
10,17,0.09149719029664993
10,18,0.09976959228515625
10,19,0.10462407767772675
10,20,0.10721278190612793
10,21,0.09597915410995483
10,22,0.08896973729133606
10,23,0.1083248108625412
10,24,0.08959305286407471
10,25,0.1017487570643425
10,26,0.11903220415115356
10,27,0.11089195311069489
10,28,0.12359976023435593
10,29,0.09666547924280167
10,30,0.10310271382331848
10,31,0.10506826639175415
10,32,0.1127147227525711
10,33,0.10136000066995621
10,34,0.10427410900592804
10,35,0.09975483268499374
10,36,0.10235011577606201
10,37,0.09204253554344177
10,38,0.10599467158317566
10,39,0.0880608782172203
10,40,0.11023135483264923
10,41,0.1156802624464035
10,42,0.1067773625254631
10,43,0.10596136748790741
10,44,0.10060682892799377
10,45,0.10621322691440582
10,46,0.10949042439460754
10,47,0.09950176626443863
10,48,0.09885358810424805
10,49,0.09464132785797119
10,50,0.0936795324087143
10,51,0.0964432880282402
10,52,0.10074776411056519
10,53,0.09618543088436127
10,54,0.1048312783241272
10,55,0.10257463902235031
10,56,0.10298006981611252
10,57,0.09602782130241394
10,58,0.0934935212135315
10,59,0.09143652766942978
10,60,0.11839701980352402
10,61,0.10205906629562378
10,62,0.09613147377967834
10,63,0.10582923889160156
10,64,0.10666048526763916
10,65,0.10871471464633942
10,66,0.09771434962749481
10,67,0.12205123156309128
10,68,0.09453343600034714
10,69,0.09189615398645401
10,70,0.10775448381900787
10,71,0.11830158531665802
10,72,0.11338338255882263
10,73,0.09640093147754669
10,74,0.10565700381994247
10,75,0.0981113463640213
10,76,0.08615829050540924
11,1,0.08936239033937454
11,2,0.11324912309646606
11,3,0.10087142884731293
11,4,0.11602914333343506
11,5,0.10522907227277756
11,6,0.11836088448762894
11,7,0.124757319688797
11,8,0.10431823879480362
11,9,0.10059481859207153
11,10,0.09339666366577148
11,11,0.09189580380916595
11,12,0.10620995610952377
11,13,0.11230368912220001
11,14,0.10432407259941101
11,15,0.12164562940597534
11,16,0.10383901000022888
11,17,0.1108095571398735
11,18,0.11401812732219696
11,19,0.10981510579586029
11,20,0.10581803321838379
11,21,0.1123250350356102
11,22,0.1053277999162674
11,23,0.09258249402046204
11,24,0.0973912701010704
11,25,0.1088784858584404
11,26,0.08474957942962646
11,27,0.10968855023384094
11,28,0.08162589371204376
11,29,0.101133793592453
11,30,0.09282243996858597
11,31,0.08794014155864716
11,32,0.12448888272047043
11,33,0.1050969660282135
11,34,0.1063394770026207
11,35,0.1361057162284851
11,36,0.09356708824634552
11,37,0.10091659426689148
11,38,0.1042364090681076
11,39,0.11467653512954712
11,40,0.11704611778259277
11,41,0.11674012243747711
11,42,0.1075018048286438
11,43,0.1044992133975029
11,44,0.10791966319084167
11,45,0.1325322389602661
11,46,0.10434386879205704
11,47,0.09890525788068771
11,48,0.09507474303245544
11,49,0.10868927836418152
11,50,0.11488140374422073
11,51,0.09087109565734863
11,52,0.10418149828910828
11,53,0.11166764795780182
11,54,0.11041656136512756
11,55,0.10809030383825302
11,56,0.09939424693584442
11,57,0.11969232559204102
11,58,0.08558839559555054
11,59,0.09443402290344238
11,60,0.09290453791618347
11,61,0.0898439958691597
11,62,0.09190453588962555
11,63,0.0933842584490776
11,64,0.09005675464868546
11,65,0.12413345277309418
11,66,0.1005159467458725
11,67,0.08765886723995209
11,68,0.0954364538192749
11,69,0.08987553417682648
11,70,0.09238056093454361
11,71,0.0844503864645958
11,72,0.11397239565849304
11,73,0.09975492209196091
11,74,0.10461533069610596
11,75,0.09292779117822647
11,76,0.10224809497594833
12,1,0.0927480086684227
12,2,0.0899764820933342
12,3,0.1050371527671814
12,4,0.12233488261699677
12,5,0.07977762818336487
12,6,0.10060375928878784
12,7,0.10841550678014755
12,8,0.10632920265197754
12,9,0.10596917569637299
12,10,0.08968377113342285
12,11,0.09341244399547577
12,12,0.0910613164305687
12,13,0.10736873745918274
12,14,0.08878935873508453
12,15,0.08610376715660095
12,16,0.0962473601102829
12,17,0.10811994969844818
12,18,0.09307804703712463
12,19,0.08871926367282867
12,20,0.09534171223640442
12,21,0.09615705907344818
12,22,0.08827097713947296
12,23,0.09653329104185104
12,24,0.08117552846670151
12,25,0.10050193965435028
12,26,0.07994990050792694
12,27,0.10450699925422668
12,28,0.10716690123081207
12,29,0.09624767303466797
12,30,0.09091842174530029
12,31,0.08708738535642624
12,32,0.09053649753332138
12,33,0.10294289886951447
12,34,0.0872354730963707
12,35,0.09311531484127045
12,36,0.10628220438957214
12,37,0.09607602655887604
12,38,0.09468384087085724
12,39,0.09149812906980515
12,40,0.0829302966594696
12,41,0.09233423322439194
12,42,0.1007438600063324
12,43,0.0834096372127533
12,44,0.09927815198898315
12,45,0.10339801013469696
12,46,0.10360686480998993
12,47,0.08641988784074783
12,48,0.09623845666646957
12,49,0.10485129803419113
12,50,0.0901913046836853
12,51,0.11169110238552094
12,52,0.08668412268161774
12,53,0.08466553688049316
12,54,0.0916985496878624
12,55,0.09118834137916565
12,56,0.0873534232378006
12,57,0.09125058352947235
12,58,0.08283112198114395
12,59,0.08595314621925354
12,60,0.0994529277086258
12,61,0.11498968303203583
12,62,0.1020810678601265
12,63,0.08394418656826019
12,64,0.09436126053333282
12,65,0.08641526103019714
12,66,0.09992645680904388
12,67,0.08458296209573746
12,68,0.07939106225967407
12,69,0.09050978720188141
12,70,0.09037556499242783
12,71,0.11200213432312012
12,72,0.11843201518058777
12,73,0.10374806076288223
12,74,0.0833551436662674
12,75,0.09469060599803925
12,76,0.08307512104511261
13,1,0.0761072039604187
13,2,0.08295072615146637
13,3,0.0928964614868164
13,4,0.10418128967285156
13,5,0.07884987443685532
13,6,0.08184334635734558
13,7,0.11703182011842728
13,8,0.09108852595090866
13,9,0.08060769736766815
13,10,0.1376657336950302
13,11,0.10410605370998383
13,12,0.08040200173854828
13,13,0.0988372266292572
13,14,0.09132099151611328
13,15,0.09000028669834137
13,16,0.08970172703266144
13,17,0.09845869243144989
13,18,0.08987423032522202
13,19,0.08153130114078522
13,20,0.11521175503730774
13,21,0.08306156098842621
13,22,0.08272232115268707
13,23,0.07631826400756836
13,24,0.08954058587551117
13,25,0.10790809988975525
13,26,0.09822452068328857
13,27,0.08361199498176575
13,28,0.07588915526866913
13,29,0.09503942728042603
13,30,0.09068778157234192
13,31,0.08491980284452438
13,32,0.09103678166866302
13,33,0.08855538070201874
13,34,0.07981353998184204
13,35,0.07208468019962311
13,36,0.09501981735229492
13,37,0.10305769741535187
13,38,0.08669639378786087
13,39,0.08801136165857315
13,40,0.10034120082855225
13,41,0.08828862756490707
13,42,0.08357999473810196
13,43,0.0899142324924469
13,44,0.0803789347410202
13,45,0.09808968007564545
13,46,0.07999677956104279
13,47,0.0781702995300293
13,48,0.1065187156200409
13,49,0.0987464189529419
13,50,0.09120716154575348
13,51,0.08532451093196869
13,52,0.08289408683776855
13,53,0.09627212584018707
13,54,0.0992899239063263
13,55,0.09017731249332428
13,56,0.08371773362159729
13,57,0.08734887093305588
13,58,0.0823872834444046
13,59,0.09986463934183121
13,60,0.08724559098482132
13,61,0.08723881840705872
13,62,0.09286369383335114
13,63,0.0786176323890686
13,64,0.09160009026527405
13,65,0.09357526898384094
13,66,0.07762947678565979
13,67,0.08276979625225067
13,68,0.08243509382009506
13,69,0.07762201130390167
13,70,0.07710874825716019
13,71,0.09305383265018463
13,72,0.08174395561218262
13,73,0.09229814261198044
13,74,0.07932743430137634
13,75,0.08123072981834412
13,76,0.08512338995933533
14,1,0.09848599135875702
14,2,0.08776111900806427
14,3,0.09111039340496063
14,4,0.10305711627006531
14,5,0.08638600260019302
14,6,0.10276138782501221
14,7,0.0848141610622406
14,8,0.08143192529678345
14,9,0.08353833854198456
14,10,0.0835506021976471
14,11,0.06860534101724625
14,12,0.09704101085662842
14,13,0.09401950240135193
14,14,0.0847361609339714
14,15,0.0790518969297409
14,16,0.07875079661607742
14,17,0.07774794846773148
14,18,0.08203757554292679
14,19,0.08392257243394852
14,20,0.09369738399982452
14,21,0.10176049172878265
14,22,0.1032782644033432
14,23,0.08224985003471375
14,24,0.08357740938663483
14,25,0.08057093620300293
14,26,0.0756269320845604
14,27,0.0797964483499527
14,28,0.07282719761133194
14,29,0.08765731751918793
14,30,0.09188419580459595
14,31,0.0875716581940651
14,32,0.08178873360157013
14,33,0.09334754943847656
14,34,0.10538935661315918
14,35,0.08326051384210587
14,36,0.07538343966007233
14,37,0.0697229728102684
14,38,0.08885690569877625
14,39,0.078265480697155
14,40,0.08240042626857758
14,41,0.11070379614830017
14,42,0.08526107668876648
14,43,0.10893882066011429
14,44,0.08476652204990387
14,45,0.08464688062667847
14,46,0.08646287024021149
14,47,0.08069546520709991
14,48,0.09658254683017731
14,49,0.08298245072364807
14,50,0.08925899863243103
14,51,0.08684495091438293
14,52,0.07651917636394501
14,53,0.08708342909812927
14,54,0.09928575158119202
14,55,0.07480558753013611
14,56,0.08217155933380127
14,57,0.08308741450309753
14,58,0.08791494369506836
14,59,0.08907575905323029
14,60,0.08060060441493988
14,61,0.08268042653799057
14,62,0.09132100641727448
14,63,0.07310366630554199
14,64,0.08391183614730835
14,65,0.11662209033966064
14,66,0.09859681129455566
14,67,0.07674281299114227
14,68,0.07702264189720154
14,69,0.08262167870998383
14,70,0.09685252606868744
14,71,0.08298103511333466
14,72,0.0751425102353096
14,73,0.07201610505580902
14,74,0.11640655994415283
14,75,0.08218925446271896
14,76,0.08008048683404922
15,1,0.08949524164199829
15,2,0.08348695188760757
15,3,0.08323489129543304
15,4,0.12121814489364624
15,5,0.0813552662730217
15,6,0.08153565227985382
15,7,0.09439557045698166
15,8,0.08166632056236267
15,9,0.07878565788269043
15,10,0.085808664560318
15,11,0.07757151871919632
15,12,0.07889395207166672
15,13,0.08746591210365295
15,14,0.07865939289331436
15,15,0.08198319375514984
15,16,0.0815546065568924
15,17,0.10569072514772415
15,18,0.08308978378772736
15,19,0.09573465585708618
15,20,0.07995844632387161
15,21,0.06764857470989227
15,22,0.08106435835361481
15,23,0.08357129991054535
15,24,0.08538839221000671
15,25,0.08966770768165588
15,26,0.08135918527841568
15,27,0.10777050256729126
15,28,0.09425534307956696
15,29,0.07844124734401703
15,30,0.07526389509439468
15,31,0.08386470377445221
15,32,0.09007740020751953
15,33,0.07717429101467133
15,34,0.08766122162342072
15,35,0.07584038376808167
15,36,0.07993648946285248
15,37,0.09679465740919113
15,38,0.09866267442703247
15,39,0.0775861144065857
15,40,0.09802597761154175
15,41,0.09344308823347092
15,42,0.07771772891283035
15,43,0.08050180226564407
15,44,0.08082220703363419
15,45,0.0757167637348175
15,46,0.08286040276288986
15,47,0.08570977300405502
15,48,0.09092341363430023
15,49,0.09509987384080887
15,50,0.07475385069847107
15,51,0.10397258400917053
15,52,0.09088417142629623
15,53,0.08186931163072586
15,54,0.08795756846666336
15,55,0.08379131555557251
15,56,0.08297877013683319
15,57,0.074961356818676
15,58,0.08141814172267914
15,59,0.07627875357866287
15,60,0.10193172097206116
15,61,0.08911851048469543
15,62,0.0812685489654541
15,63,0.08834727108478546
15,64,0.07744858413934708
15,65,0.07078634202480316
15,66,0.07481758296489716
15,67,0.09541483223438263
15,68,0.08709533512592316
15,69,0.07912379503250122
15,70,0.09568706154823303
15,71,0.08225876092910767
15,72,0.1102377399802208
15,73,0.08863846957683563
15,74,0.07877898216247559
15,75,0.11024559289216995
15,76,0.0837687999010086
16,1,0.07885590195655823
16,2,0.10661385953426361
16,3,0.10250208526849747
16,4,0.07339442521333694
16,5,0.09782752394676208
16,6,0.09100083261728287
16,7,0.08111080527305603
16,8,0.08260486274957657
16,9,0.07477155327796936
16,10,0.09007606655359268
16,11,0.08823403716087341
16,12,0.0900886207818985
16,13,0.08650259673595428
16,14,0.10822883993387222
16,15,0.07805173099040985
16,16,0.08954310417175293
16,17,0.1133165955543518
16,18,0.09237030148506165
16,19,0.09250997751951218
16,20,0.06903328001499176
16,21,0.08073929697275162
16,22,0.07849982380867004
16,23,0.08767035603523254
16,24,0.06768045574426651
16,25,0.07828772068023682
16,26,0.10070726275444031
16,27,0.0818820595741272
16,28,0.07998630404472351
16,29,0.08084940910339355
16,30,0.08099335432052612
16,31,0.07621900737285614
16,32,0.084554024040699
16,33,0.08273953199386597
16,34,0.07463596016168594
16,35,0.11756720393896103
16,36,0.09199467301368713
16,37,0.10770196467638016
16,38,0.080729641020298
16,39,0.08193914592266083
16,40,0.08104562759399414
16,41,0.08602500706911087
16,42,0.07460930943489075
16,43,0.09141632169485092
16,44,0.06968437135219574
16,45,0.08497537672519684
16,46,0.08530737459659576
16,47,0.07733172923326492
16,48,0.09037308394908905
16,49,0.08718907833099365
16,50,0.07765822112560272
16,51,0.08607466518878937
16,52,0.07870075106620789
16,53,0.08663636445999146
16,54,0.09292370080947876
16,55,0.07277162373065948
16,56,0.08979935944080353
16,57,0.09585687518119812
16,58,0.0860656127333641
16,59,0.08051232993602753
16,60,0.08059963583946228
16,61,0.0769895613193512
16,62,0.08002154529094696
16,63,0.07739138603210449
16,64,0.06666450202465057
16,65,0.0679827630519867
16,66,0.07228259742259979
16,67,0.08267372846603394
16,68,0.07600271701812744
16,69,0.07358402013778687
16,70,0.10527551174163818
16,71,0.07548389583826065
16,72,0.06978029012680054
16,73,0.06970939040184021
16,74,0.0960446447134018
16,75,0.09341149032115936
16,76,0.07282982766628265
17,1,0.08564680069684982
17,2,0.08347651362419128
17,3,0.08308152109384537
17,4,0.07562549412250519
17,5,0.06878084689378738
17,6,0.064986452460289
17,7,0.07865147292613983
17,8,0.08667217195034027
17,9,0.06972387433052063
17,10,0.08937935531139374
17,11,0.10093024373054504
17,12,0.07709865272045135
17,13,0.07812070101499557
17,14,0.07362537086009979
17,15,0.08597792685031891
17,16,0.10376814752817154
17,17,0.07803171128034592
17,18,0.07258768379688263
17,19,0.09723636507987976
17,20,0.0918058305978775
17,21,0.08942899107933044
17,22,0.07552827894687653
17,23,0.09069724380970001
17,24,0.07367366552352905
17,25,0.07953378558158875
17,26,0.08003310114145279
17,27,0.07734847068786621
17,28,0.08107603341341019
17,29,0.07934259623289108
17,30,0.09445983171463013
17,31,0.06905920058488846
17,32,0.07516607642173767
17,33,0.09289053827524185
17,34,0.07222136855125427
17,35,0.07384513318538666
17,36,0.09321945160627365
17,37,0.07310783863067627
17,38,0.07377792149782181
17,39,0.07404278218746185
17,40,0.08056654036045074
17,41,0.08824148774147034
17,42,0.08086055517196655
17,43,0.08376353979110718
17,44,0.0962541252374649
17,45,0.07635752856731415
17,46,0.08707160502672195
17,47,0.07894477248191833
17,48,0.0801142007112503
17,49,0.11058349907398224
17,50,0.07264141738414764
17,51,0.07376522570848465
17,52,0.09348808228969574
17,53,0.07807888090610504
17,54,0.07663530111312866
17,55,0.07320114970207214
17,56,0.07022500038146973
17,57,0.07710408419370651
17,58,0.07118183374404907
17,59,0.07692869752645493
17,60,0.07762987911701202
17,61,0.06206395477056503
17,62,0.07005901634693146
17,63,0.07463481277227402
17,64,0.08158154785633087
17,65,0.08554774522781372
17,66,0.07815147936344147
17,67,0.08361855149269104
17,68,0.0737052708864212
17,69,0.06770525127649307
17,70,0.07070253789424896
17,71,0.09307640790939331
17,72,0.06996040046215057
17,73,0.0674867331981659
17,74,0.08212825655937195
17,75,0.07239784300327301
17,76,0.0787215456366539
18,1,0.08103607594966888
18,2,0.07805754244327545
18,3,0.0886889398097992
18,4,0.07497692108154297
18,5,0.08576987683773041
18,6,0.07696030288934708
18,7,0.07505476474761963
18,8,0.07481424510478973
18,9,0.08585615456104279
18,10,0.08124839514493942
18,11,0.08814124763011932
18,12,0.12081513553857803
18,13,0.09234684705734253
18,14,0.08634795248508453
18,15,0.09030881524085999
18,16,0.0678572952747345
18,17,0.07739654183387756
18,18,0.07551495730876923
18,19,0.07731762528419495
18,20,0.07790544629096985
18,21,0.09299446642398834
18,22,0.07554400712251663
18,23,0.07936730980873108
18,24,0.07671523094177246
18,25,0.06552720814943314
18,26,0.08406010270118713
18,27,0.07528822124004364
18,28,0.07431010901927948
18,29,0.08425495028495789
18,30,0.07551783323287964
18,31,0.06938716769218445
18,32,0.06673373281955719
18,33,0.08389623463153839
18,34,0.07703015208244324
18,35,0.07157673686742783
18,36,0.07849732041358948
18,37,0.07597707211971283
18,38,0.09919414669275284
18,39,0.08491602540016174
18,40,0.0694601982831955
18,41,0.08169841766357422
18,42,0.07107377052307129
18,43,0.06858561187982559
18,44,0.06719815731048584
18,45,0.06870587915182114
18,46,0.06483379751443863
18,47,0.07827094942331314
18,48,0.08240646868944168
18,49,0.07059893012046814
18,50,0.10725289583206177
18,51,0.07821658253669739
18,52,0.07824824750423431
18,53,0.09287753701210022
18,54,0.07689157128334045
18,55,0.08722557872533798
18,56,0.08877014368772507
18,57,0.08914010971784592
18,58,0.07683634757995605
18,59,0.06560136377811432
18,60,0.07060977816581726
18,61,0.06752823293209076
18,62,0.06447626650333405
18,63,0.07760895788669586
18,64,0.06837169826030731
18,65,0.07024209201335907
18,66,0.0936303436756134
18,67,0.07506400346755981
18,68,0.06321602314710617
18,69,0.07859987020492554
18,70,0.07184366881847382
18,71,0.07700219005346298
18,72,0.0987570658326149
18,73,0.08895256370306015
18,74,0.10925407707691193
18,75,0.09375664591789246
18,76,0.07896442711353302
19,1,0.07883627712726593
19,2,0.07490923255681992
19,3,0.08172787725925446
19,4,0.09040863066911697
19,5,0.06779763102531433
19,6,0.07233218103647232
19,7,0.061058409512043
19,8,0.07928192615509033
19,9,0.07399140298366547
19,10,0.08439493924379349
19,11,0.07288485765457153
19,12,0.07613164931535721
19,13,0.0778665766119957
19,14,0.07251836359500885
19,15,0.07402495294809341
19,16,0.074833944439888
19,17,0.070980966091156
19,18,0.07192439585924149
19,19,0.06027674302458763
19,20,0.06750959157943726
19,21,0.07263843715190887
19,22,0.06519535183906555
19,23,0.0747486799955368
19,24,0.08234378695487976
19,25,0.07261981815099716
19,26,0.07082211226224899
19,27,0.06553415954113007
19,28,0.06870928406715393
19,29,0.06396758556365967
19,30,0.06302963197231293
19,31,0.07808560132980347
19,32,0.08127697557210922
19,33,0.0697297602891922
19,34,0.06892432272434235
19,35,0.07683111727237701
19,36,0.06910151243209839
19,37,0.07380912452936172
19,38,0.07166033983230591
19,39,0.07183438539505005
19,40,0.0738244354724884
19,41,0.08803164958953857
19,42,0.07050696760416031
19,43,0.08366353809833527
19,44,0.07268635183572769
19,45,0.08456817269325256
19,46,0.07723954319953918
19,47,0.0787699818611145
19,48,0.06905023753643036
19,49,0.06886023283004761
19,50,0.07365919649600983
19,51,0.07108402252197266
19,52,0.07431299239397049
19,53,0.07638886570930481
19,54,0.07667672634124756
19,55,0.07206766307353973
19,56,0.07343250513076782
19,57,0.06231292337179184
19,58,0.07710947841405869
19,59,0.07608009874820709
19,60,0.06641041487455368
19,61,0.06778079271316528
19,62,0.06959483027458191
19,63,0.06111394613981247
19,64,0.06398061662912369
19,65,0.06938862800598145
19,66,0.0716901645064354
19,67,0.07752600312232971
19,68,0.07683864235877991
19,69,0.08699936419725418
19,70,0.07312271744012833
19,71,0.06647303700447083
19,72,0.06536494940519333
19,73,0.09077174961566925
19,74,0.06833481043577194
19,75,0.06917068362236023
19,76,0.07491211593151093
20,1,0.06841123104095459
20,2,0.0983140766620636
20,3,0.08495785295963287
20,4,0.07033973187208176
20,5,0.06760542094707489
20,6,0.06981121748685837
20,7,0.07901831716299057
20,8,0.06996209919452667
20,9,0.06957300007343292
20,10,0.06696205586194992
20,11,0.11970753222703934
20,12,0.08298484981060028
20,13,0.06354807317256927
20,14,0.08780448138713837
20,15,0.08285719156265259
20,16,0.06386706233024597
20,17,0.06432235985994339
20,18,0.06383796036243439
20,19,0.07178616523742676
20,20,0.06325100362300873
20,21,0.07741887867450714
20,22,0.0763927698135376
20,23,0.07256411015987396
20,24,0.0821438655257225
20,25,0.07507991790771484
20,26,0.0657055675983429
20,27,0.07490257918834686
20,28,0.08594734966754913
20,29,0.06838244199752808
20,30,0.06641629338264465
20,31,0.10371343791484833
20,32,0.06600166857242584
20,33,0.07615941762924194
20,34,0.09106120467185974
20,35,0.07289884239435196
20,36,0.08241880685091019
20,37,0.07579118013381958
20,38,0.07496598362922668
20,39,0.0860578641295433
20,40,0.08200587332248688
20,41,0.0756877139210701
20,42,0.06868912279605865
20,43,0.08479319512844086
20,44,0.06840074062347412
20,45,0.07293225824832916
20,46,0.06112920492887497
20,47,0.07132039219141006
20,48,0.06731362640857697
20,49,0.08109800517559052
20,50,0.06931470334529877
20,51,0.07372064888477325
20,52,0.06811190396547318
20,53,0.0885055735707283
20,54,0.09380678087472916
20,55,0.06359343975782394
20,56,0.06780192255973816
20,57,0.09818798303604126
20,58,0.07059147953987122
20,59,0.08108457922935486
20,60,0.07250267267227173
20,61,0.07935044169425964
20,62,0.07047148048877716
20,63,0.07191821932792664
20,64,0.07888050377368927
20,65,0.06981322169303894
20,66,0.07456979900598526
20,67,0.06959028542041779
20,68,0.07560916990041733
20,69,0.09176304936408997
20,70,0.08061613142490387
20,71,0.09782354533672333
20,72,0.08583766967058182
20,73,0.08329079300165176
20,74,0.08334143459796906
20,75,0.08069406449794769
20,76,0.07640638947486877
21,1,0.08192641288042068
21,2,0.06399891525506973
21,3,0.0741853415966034
21,4,0.06891044974327087
21,5,0.09871882200241089
21,6,0.07860113680362701
21,7,0.06418059021234512
21,8,0.07273061573505402
21,9,0.08151613175868988
21,10,0.07825218141078949
21,11,0.07597054541110992
21,12,0.07440780103206635
21,13,0.07588987052440643
21,14,0.06773919612169266
21,15,0.07324874401092529
21,16,0.0723331868648529
21,17,0.07512925565242767
21,18,0.0745757669210434
21,19,0.06880584359169006
21,20,0.06664925068616867
21,21,0.07035624980926514
21,22,0.08001112937927246
21,23,0.0778263509273529
21,24,0.07543275505304337
21,25,0.08348128199577332
21,26,0.07916128635406494
21,27,0.07932998239994049
21,28,0.08100102096796036
21,29,0.06758939474821091
21,30,0.0746055543422699
21,31,0.06488313525915146
21,32,0.06727820634841919
21,33,0.07851926982402802
21,34,0.07146461308002472
21,35,0.07077917456626892
21,36,0.07016225159168243
21,37,0.08042420446872711
21,38,0.06918103992938995
21,39,0.08175477385520935
21,40,0.053401850163936615
21,41,0.06078850105404854
21,42,0.08095649629831314
21,43,0.06932953745126724
21,44,0.06191803514957428
21,45,0.06356260180473328
21,46,0.06184288114309311
21,47,0.06935028731822968
21,48,0.06705445051193237
21,49,0.07806761562824249
21,50,0.06992589682340622
21,51,0.0736432671546936
21,52,0.061737075448036194
21,53,0.06845872104167938
21,54,0.0674007460474968
21,55,0.07475294172763824
21,56,0.07716486603021622
21,57,0.07586277276277542
21,58,0.06701363623142242
21,59,0.0783703401684761
21,60,0.06931312382221222
21,61,0.06578511744737625
21,62,0.08151007443666458
21,63,0.06474396586418152
21,64,0.06366223841905594
21,65,0.059143904596567154
21,66,0.07783220708370209
21,67,0.06951383501291275
21,68,0.06374774873256683
21,69,0.0671820193529129
21,70,0.06062241643667221
21,71,0.07061976194381714
21,72,0.06605547666549683
21,73,0.08386202156543732
21,74,0.06472942978143692
21,75,0.07239605486392975
21,76,0.05989949032664299
22,1,0.08042726665735245
22,2,0.07458549737930298
22,3,0.05890180170536041
22,4,0.06188881769776344
22,5,0.08187012374401093
22,6,0.06199430674314499
22,7,0.07666964828968048
22,8,0.06582586467266083
22,9,0.06795226037502289
22,10,0.06302877515554428
22,11,0.0648055300116539
22,12,0.07676177471876144
22,13,0.07690641283988953
22,14,0.07313652336597443
22,15,0.06310370564460754
22,16,0.06775277853012085
22,17,0.0636274591088295
22,18,0.06510207802057266
22,19,0.06678681820631027
22,20,0.06330212950706482
22,21,0.06819476187229156
22,22,0.07625029981136322
22,23,0.06914715468883514
22,24,0.06387317925691605
22,25,0.06957274675369263
22,26,0.0704011619091034
22,27,0.07049669325351715
22,28,0.06265369802713394
22,29,0.06589918583631516
22,30,0.06676019728183746
22,31,0.06889508664608002
22,32,0.07071439921855927
22,33,0.07790243625640869
22,34,0.06573730707168579
22,35,0.07548490166664124
22,36,0.06754426658153534
22,37,0.07822725176811218
22,38,0.07526431977748871
22,39,0.07625389099121094
22,40,0.0764138251543045
22,41,0.10479460656642914
22,42,0.060270704329013824
22,43,0.07924619317054749
22,44,0.08397965133190155
22,45,0.08309505879878998
22,46,0.08763451874256134
22,47,0.10491321980953217
22,48,0.07130569964647293
22,49,0.07691328227519989
22,50,0.07369130104780197
22,51,0.07995292544364929
22,52,0.07342493534088135
22,53,0.0702669620513916
22,54,0.0693838819861412
22,55,0.07763811945915222
22,56,0.08263205736875534
22,57,0.06616682559251785
22,58,0.0988720953464508
22,59,0.08623024821281433
22,60,0.07692278921604156
22,61,0.0765828937292099
22,62,0.09031171351671219
22,63,0.0817897841334343
22,64,0.06944799423217773
22,65,0.07762695848941803
22,66,0.06646659225225449
22,67,0.06536616384983063
22,68,0.07200974225997925
22,69,0.06803888827562332
22,70,0.06713341176509857
22,71,0.07813974469900131
22,72,0.07039621472358704
22,73,0.09461738169193268
22,74,0.07029259204864502
22,75,0.06766195595264435
22,76,0.06338437646627426
23,1,0.06760399043560028
23,2,0.0794435515999794
23,3,0.07005972415208817
23,4,0.06989312916994095
23,5,0.09183177351951599
23,6,0.0754970833659172
23,7,0.07311385869979858
23,8,0.0639457255601883
23,9,0.06902413070201874
23,10,0.07259750366210938
23,11,0.0680524930357933
23,12,0.055160097777843475
23,13,0.06017013639211655
23,14,0.06124112010002136
23,15,0.09758308529853821
23,16,0.07541225850582123
23,17,0.06657257676124573
23,18,0.07236446440219879
23,19,0.07723572850227356
23,20,0.09977930784225464
23,21,0.0693439394235611
23,22,0.06551823019981384
23,23,0.06431563943624496
23,24,0.06238672137260437
23,25,0.0805756077170372
23,26,0.05988813564181328
23,27,0.0745505690574646
23,28,0.0802491307258606
23,29,0.0692516416311264
23,30,0.07781888544559479
23,31,0.06971600651741028
23,32,0.07114090025424957
23,33,0.06981102377176285
23,34,0.07331635802984238
23,35,0.07443651556968689
23,36,0.07937325537204742
23,37,0.0756608247756958
23,38,0.07309193164110184
23,39,0.05840400606393814
23,40,0.07357969880104065
23,41,0.06860114634037018
23,42,0.07013429701328278
23,43,0.06540556997060776
23,44,0.09027182310819626
23,45,0.07723374664783478
23,46,0.09502773731946945
23,47,0.11310593783855438
23,48,0.12069053202867508
23,49,0.09761570394039154
23,50,0.09128935635089874
23,51,0.11209116876125336
23,52,0.08513690531253815
23,53,0.14306122064590454
23,54,0.10308785736560822
23,55,0.09139384329319
23,56,0.0877130851149559
23,57,0.08975803107023239
23,58,0.08507181704044342
23,59,0.07378119230270386
23,60,0.07783076167106628
23,61,0.08410835266113281
23,62,0.09906472265720367
23,63,0.0889071524143219
23,64,0.08642861247062683
23,65,0.09599746018648148
23,66,0.08243207633495331
23,67,0.08374883234500885
23,68,0.07612187415361404
23,69,0.07795823365449905
23,70,0.07816895842552185
23,71,0.07749412953853607
23,72,0.07400177419185638
23,73,0.08606754243373871
23,74,0.06998257339000702
23,75,0.06739165633916855
23,76,0.08113278448581696
24,1,0.06470073759555817
24,2,0.06470895558595657
24,3,0.07243724167346954
24,4,0.07454713433980942
24,5,0.07106292247772217
24,6,0.08804379403591156
24,7,0.07937848567962646
24,8,0.08610747754573822
24,9,0.08509004861116409
24,10,0.07332267612218857
24,11,0.06926809251308441
24,12,0.06981320679187775
24,13,0.08856163173913956
24,14,0.07847049832344055
24,15,0.06754091382026672
24,16,0.062471456825733185
24,17,0.12013073265552521
24,18,0.08633002638816833
24,19,0.07418462634086609
24,20,0.07232087850570679
24,21,0.06972703337669373
24,22,0.0861155092716217
24,23,0.08986397087574005
24,24,0.06343549489974976
24,25,0.06398909538984299
24,26,0.06897516548633575
24,27,0.06870970875024796
24,28,0.0744917169213295
24,29,0.07190725207328796
24,30,0.09364013373851776
24,31,0.06702966243028641
24,32,0.06821542978286743
24,33,0.06487707793712616
24,34,0.0682898759841919
24,35,0.0757238119840622
24,36,0.06701148301362991
24,37,0.07040414959192276
24,38,0.0762292891740799
24,39,0.08030493557453156
24,40,0.06926873326301575
24,41,0.06471306085586548
24,42,0.07267613708972931
24,43,0.07432495057582855
24,44,0.06702859699726105
24,45,0.07081678509712219
24,46,0.06790129840373993
24,47,0.08160434663295746
24,48,0.06695301830768585
24,49,0.06826002895832062
24,50,0.07591374218463898
24,51,0.07024341821670532
24,52,0.05902859568595886
24,53,0.06085170805454254
24,54,0.06690889596939087
24,55,0.07314500957727432
24,56,0.0765000432729721
24,57,0.061848513782024384
24,58,0.052137985825538635
24,59,0.06459878385066986
24,60,0.0691908597946167
24,61,0.06880848109722137
24,62,0.07535853981971741
24,63,0.08666056394577026
24,64,0.06865610182285309
24,65,0.0717889666557312
24,66,0.12026572972536087
24,67,0.06341914087533951
24,68,0.07455911487340927
24,69,0.0774010717868805
24,70,0.07581448554992676
24,71,0.07868628203868866
24,72,0.06678099185228348
24,73,0.06890584528446198
24,74,0.09121882915496826
24,75,0.08568689972162247
24,76,0.07503415644168854
25,1,0.09134737402200699
25,2,0.08777140080928802
25,3,0.0838501900434494
25,4,0.08638308942317963
25,5,0.0722406804561615
25,6,0.06360049545764923
25,7,0.0779866948723793
25,8,0.0732058435678482
25,9,0.08245545625686646
25,10,0.07852502167224884
25,11,0.07810154557228088
25,12,0.05898895859718323
25,13,0.06949885934591293
25,14,0.07812367379665375
25,15,0.06655638664960861
25,16,0.07923249900341034
25,17,0.08037842065095901
25,18,0.0742378905415535
25,19,0.06921358406543732
25,20,0.06236844137310982
25,21,0.06654343754053116
25,22,0.06400686502456665
25,23,0.05827653408050537
25,24,0.08053452521562576
25,25,0.0666896179318428
25,26,0.06940175592899323
25,27,0.06604893505573273
25,28,0.05847737193107605
25,29,0.08744019269943237
25,30,0.07198474556207657
25,31,0.06774500012397766
25,32,0.06881694495677948
25,33,0.0747470036149025
25,34,0.07048638164997101
25,35,0.0714227557182312
25,36,0.08144718408584595
25,37,0.06607875227928162
25,38,0.06772147864103317
25,39,0.0704037994146347
25,40,0.08965717256069183
25,41,0.056594397872686386
25,42,0.05608126521110535
25,43,0.07749441266059875
25,44,0.05466605722904205
25,45,0.07048733532428741
25,46,0.06307357549667358
25,47,0.05382230132818222
25,48,0.0599043108522892
25,49,0.06967523694038391
25,50,0.06315118074417114
25,51,0.06546751409769058
25,52,0.06006414443254471
25,53,0.06956993043422699
25,54,0.06566392630338669
25,55,0.05729156732559204
25,56,0.07322134077548981
25,57,0.07181612402200699
25,58,0.05785011127591133
25,59,0.07249937206506729
25,60,0.06404261291027069
25,61,0.06279335916042328
25,62,0.06772779673337936
25,63,0.08728192746639252
25,64,0.08455817401409149
25,65,0.08402656018733978
25,66,0.05176769196987152
25,67,0.06989200413227081
25,68,0.0629270076751709
25,69,0.06305897235870361
25,70,0.0629245787858963
25,71,0.0545462965965271
25,72,0.07715306431055069
25,73,0.06300009042024612
25,74,0.06484036147594452
25,75,0.05901028588414192
25,76,0.05470915883779526
26,1,0.07142786681652069
26,2,0.06741698086261749
26,3,0.05972050130367279
26,4,0.07450997084379196
26,5,0.05979134142398834
26,6,0.07187429070472717
26,7,0.06262879073619843
26,8,0.07209907472133636
26,9,0.06313899159431458
26,10,0.061733443289995193
26,11,0.06827826052904129
26,12,0.06382876634597778
26,13,0.06235119327902794
26,14,0.06308561563491821
26,15,0.06909267604351044
26,16,0.06283698230981827
26,17,0.06141571328043938
26,18,0.07103843986988068
26,19,0.057107578963041306
26,20,0.05736120790243149
26,21,0.07267796993255615
26,22,0.0602436326444149
26,23,0.083274245262146
26,24,0.06812739372253418
26,25,0.053657907992601395
26,26,0.07513465732336044
26,27,0.06172614544630051
26,28,0.06343619525432587
26,29,0.062343452125787735
26,30,0.05355573445558548
26,31,0.06093592941761017
26,32,0.058845240622758865
26,33,0.057622916996479034
26,34,0.07738463580608368
26,35,0.05892544984817505
26,36,0.07393811643123627
26,37,0.05733952671289444
26,38,0.06940330564975739
26,39,0.06492377817630768
26,40,0.06536401808261871
26,41,0.07626654207706451
26,42,0.07556729763746262
26,43,0.06992211192846298
26,44,0.05825670808553696
26,45,0.07117871940135956
26,46,0.06650331616401672
26,47,0.07525495439767838
26,48,0.0593840591609478
26,49,0.06439477205276489
26,50,0.05683906376361847
26,51,0.06750278174877167
26,52,0.07074218988418579
26,53,0.07189930230379105
26,54,0.0711151510477066
26,55,0.06264260411262512
26,56,0.06670240312814713
26,57,0.07152629643678665
26,58,0.06354126334190369
26,59,0.0695861428976059
26,60,0.059438467025756836
26,61,0.059865303337574005
26,62,0.06696023792028427
26,63,0.06013249233365059
26,64,0.06233938783407211
26,65,0.06472226977348328
26,66,0.07051165401935577
26,67,0.05713346600532532
26,68,0.07623698562383652
26,69,0.06111723184585571
26,70,0.06039838120341301
26,71,0.07086225599050522
26,72,0.08948677778244019
26,73,0.06710640341043472
26,74,0.07408011704683304
26,75,0.06170271337032318
26,76,0.07510392367839813
27,1,0.07708566635847092
27,2,0.06982997059822083
27,3,0.06489095836877823
27,4,0.06898925453424454
27,5,0.0731593668460846
27,6,0.06464149057865143
27,7,0.05484481155872345
27,8,0.06983115524053574
27,9,0.06528900563716888
27,10,0.0718478187918663
27,11,0.060613714158535004
27,12,0.07373077422380447
27,13,0.06915892660617828
27,14,0.06050173193216324
27,15,0.06286531686782837
27,16,0.06356335431337357
27,17,0.05467415601015091
27,18,0.06089627742767334
27,19,0.06510894000530243
27,20,0.07954981923103333
27,21,0.06490001082420349
27,22,0.08250616490840912
27,23,0.05394299700856209
27,24,0.05316060781478882
27,25,0.055458202958106995
27,26,0.07197927683591843
27,27,0.07231549918651581
27,28,0.07298740744590759
27,29,0.07126158475875854
27,30,0.06631731986999512
27,31,0.0732700526714325
27,32,0.060592763125896454
27,33,0.07037246972322464
27,34,0.06362861394882202
27,35,0.05808832123875618
27,36,0.07021000981330872
27,37,0.06261355429887772
27,38,0.06099517643451691
27,39,0.0661437064409256
27,40,0.0605502612888813
27,41,0.055597543716430664
27,42,0.07994931936264038
27,43,0.06333768367767334
27,44,0.08345916867256165
27,45,0.06628413498401642
27,46,0.07963675260543823
27,47,0.06583834439516068
27,48,0.06610585004091263
27,49,0.06298425793647766
27,50,0.06636669486761093
27,51,0.05592026188969612
27,52,0.06507350504398346
27,53,0.06728745251893997
27,54,0.061217233538627625
27,55,0.06552380323410034
27,56,0.06651511043310165
27,57,0.0670013576745987
27,58,0.05661322921514511
27,59,0.05809800326824188
27,60,0.06875945627689362
27,61,0.05524614453315735
27,62,0.06106456369161606
27,63,0.061599791049957275
27,64,0.07873360067605972
27,65,0.06647959351539612
27,66,0.06846122443675995
27,67,0.061990268528461456
27,68,0.0658620148897171
27,69,0.06495024263858795
27,70,0.0616065114736557
27,71,0.07188273966312408
27,72,0.06377966701984406
27,73,0.0655251294374466
27,74,0.07317157089710236
27,75,0.057508304715156555
27,76,0.06084148585796356
28,1,0.05455566942691803
28,2,0.07899455726146698
28,3,0.08192858099937439
28,4,0.06221652776002884
28,5,0.05979057028889656
28,6,0.058237090706825256
28,7,0.061109282076358795
28,8,0.055379170924425125
28,9,0.058825504034757614
28,10,0.06760008633136749
28,11,0.05848412960767746
28,12,0.07162563502788544
28,13,0.059506021440029144
28,14,0.051857784390449524
28,15,0.05751056224107742
28,16,0.061260566115379333
28,17,0.05142270028591156
28,18,0.05618017911911011
28,19,0.0681551918387413
28,20,0.06251101195812225
28,21,0.06301136314868927
28,22,0.08878986537456512
28,23,0.06262736767530441
28,24,0.060387350618839264
28,25,0.058892473578453064
28,26,0.058439962565898895
28,27,0.07708125561475754
28,28,0.06982380896806717
28,29,0.06618218123912811
28,30,0.05582305043935776
28,31,0.06413420289754868
28,32,0.08823452889919281
28,33,0.057749662548303604
28,34,0.06098926067352295
28,35,0.05804771929979324
28,36,0.06653784215450287
28,37,0.06570206582546234
28,38,0.0720967948436737
28,39,0.05909678339958191
28,40,0.061318282037973404
28,41,0.07013362646102905
28,42,0.055457703769207
28,43,0.06436099857091904
28,44,0.06268733739852905
28,45,0.07952415198087692
28,46,0.057807937264442444
28,47,0.06575630605220795
28,48,0.057676393538713455
28,49,0.07356372475624084
28,50,0.048983655869960785
28,51,0.05526931583881378
28,52,0.06476902961730957
28,53,0.07083994895219803
28,54,0.06017496436834335
28,55,0.05520682409405708
28,56,0.07307875156402588
28,57,0.06786951422691345
28,58,0.06225854158401489
28,59,0.0784602016210556
28,60,0.06875310093164444
28,61,0.05241973698139191
28,62,0.07573125511407852
28,63,0.07526339590549469
28,64,0.07952225208282471
28,65,0.05251092463731766
28,66,0.0708869993686676
28,67,0.07570958137512207
28,68,0.06142705678939819
28,69,0.07144096493721008
28,70,0.060001399368047714
28,71,0.06283890455961227
28,72,0.05863121524453163
28,73,0.05189014971256256
28,74,0.05858971178531647
28,75,0.06402699649333954
28,76,0.06711997091770172
29,1,0.06367897987365723
29,2,0.06940443813800812
29,3,0.07044510543346405
29,4,0.06518541276454926
29,5,0.0544242225587368
29,6,0.06116020679473877
29,7,0.06517813354730606
29,8,0.06001254543662071
29,9,0.06297940015792847
29,10,0.06039546802639961
29,11,0.06256932020187378
29,12,0.054990462958812714
29,13,0.07773223519325256
29,14,0.05810120701789856
29,15,0.06338179856538773
29,16,0.06032361090183258
29,17,0.06606300175189972
29,18,0.05708801746368408
29,19,0.06022502854466438
29,20,0.06009714677929878
29,21,0.06439582258462906
29,22,0.06821417063474655
29,23,0.060278668999671936
29,24,0.07207779586315155
29,25,0.060769930481910706
29,26,0.06759843230247498
29,27,0.06740138679742813
29,28,0.05785467475652695
29,29,0.057095274329185486
29,30,0.057996682822704315
29,31,0.05769098550081253
29,32,0.062014225870370865
29,33,0.05263026803731918
29,34,0.06839001178741455
29,35,0.07249593734741211
29,36,0.08062048256397247
29,37,0.06344825774431229
29,38,0.06238359585404396
29,39,0.05947224795818329
29,40,0.06286967545747757
29,41,0.06167558953166008
29,42,0.07153207808732986
29,43,0.05441249907016754
29,44,0.08319872617721558
29,45,0.057131484150886536
29,46,0.05858951061964035
29,47,0.06909400969743729
29,48,0.05913007631897926
29,49,0.0656355619430542
29,50,0.06494736671447754
29,51,0.06116631627082825
29,52,0.05652529001235962
29,53,0.05481598153710365
29,54,0.06341160088777542
29,55,0.058925360441207886
29,56,0.06129039078950882
29,57,0.06298321485519409
29,58,0.05538094788789749
29,59,0.06456338614225388
29,60,0.07418771833181381
29,61,0.05718994140625
29,62,0.05635358393192291
29,63,0.05805450677871704
29,64,0.06467954814434052
29,65,0.06009819358587265
29,66,0.06350050121545792
29,67,0.061103470623493195
29,68,0.07046683132648468
29,69,0.06616911292076111
29,70,0.06862402707338333
29,71,0.05741807818412781
29,72,0.05750337988138199
29,73,0.0712229311466217
29,74,0.05671956390142441
29,75,0.054151467978954315
29,76,0.06937892735004425
30,1,0.05159851163625717
30,2,0.05677410215139389
30,3,0.0528583750128746
30,4,0.06422670185565948
30,5,0.06629175692796707
30,6,0.06373626738786697
30,7,0.06174715980887413
30,8,0.05718078464269638
30,9,0.058010000735521317
30,10,0.06833559274673462
30,11,0.05351541191339493
30,12,0.08092638105154037
30,13,0.06017911806702614
30,14,0.053906023502349854
30,15,0.060891084372997284
30,16,0.06328281760215759
30,17,0.0650428831577301
30,18,0.05829431489109993
30,19,0.08191129565238953
30,20,0.07360579818487167
30,21,0.06380467861890793
30,22,0.06346163153648376
30,23,0.06733271479606628
30,24,0.05136316269636154
30,25,0.05925070494413376
30,26,0.05547266826033592
30,27,0.06960097700357437
30,28,0.05488000810146332
30,29,0.061857808381319046
30,30,0.05992978811264038
30,31,0.07469666749238968
30,32,0.060426414012908936
30,33,0.07101623713970184
30,34,0.06325356662273407
30,35,0.06517787277698517
30,36,0.06213707476854324
30,37,0.055264662951231
30,38,0.06046435981988907
30,39,0.05986121669411659
30,40,0.055790528655052185
30,41,0.06425857543945312
30,42,0.061417561024427414
30,43,0.05895239859819412
30,44,0.05586465820670128
30,45,0.06480462849140167
30,46,0.05995059758424759
30,47,0.05322400853037834
30,48,0.06063849478960037
30,49,0.07192719727754593
30,50,0.05867035686969757
30,51,0.05807485431432724
30,52,0.06680122017860413
30,53,0.057423897087574005
30,54,0.05703362822532654
30,55,0.08661071211099625
30,56,0.07140614092350006
30,57,0.06460078060626984
30,58,0.06697337329387665
30,59,0.06198422610759735
30,60,0.05792539566755295
30,61,0.06686364859342575
30,62,0.05830376222729683
30,63,0.06319163739681244
30,64,0.06053262576460838
30,65,0.056269437074661255
30,66,0.05441400781273842
30,67,0.0718434602022171
30,68,0.06548893451690674
30,69,0.06242154911160469
30,70,0.06023947149515152
30,71,0.06383650004863739
30,72,0.057767678052186966
30,73,0.05838184058666229
30,74,0.06562241911888123
30,75,0.05309110879898071
30,76,0.05936374142765999
31,1,0.059840522706508636
31,2,0.05966594070196152
31,3,0.05703059583902359
31,4,0.05422273650765419
31,5,0.07124728709459305
31,6,0.06420598924160004
31,7,0.05998923256993294
31,8,0.05904410406947136
31,9,0.062154896557331085
31,10,0.06024825572967529
31,11,0.0829838439822197
31,12,0.06014585494995117
31,13,0.0707249566912651
31,14,0.0533968023955822
31,15,0.061039648950099945
31,16,0.05838716775178909
31,17,0.0463213175535202
31,18,0.07546544075012207
31,19,0.05933379381895065
31,20,0.0510217547416687
31,21,0.06690814346075058
31,22,0.06049639731645584
31,23,0.06384465098381042
31,24,0.0678335651755333
31,25,0.06707563996315002
31,26,0.05821691453456879
31,27,0.058432742953300476
31,28,0.06547915935516357
31,29,0.05893608182668686
31,30,0.06410306692123413
31,31,0.07449425756931305
31,32,0.05658143013715744
31,33,0.06824442744255066
31,34,0.06063799560070038
31,35,0.0710025355219841
31,36,0.07976165413856506
31,37,0.0546715073287487
31,38,0.07707814127206802
31,39,0.05653788149356842
31,40,0.05387216433882713
31,41,0.06411781907081604
31,42,0.0633353739976883
31,43,0.06153697520494461
31,44,0.05538957566022873
31,45,0.05419803038239479
31,46,0.059372320771217346
31,47,0.054786160588264465
31,48,0.052942775189876556
31,49,0.0601327046751976
31,50,0.05189161375164986
31,51,0.0529087595641613
31,52,0.057813502848148346
31,53,0.06185896322131157
31,54,0.06288431584835052
31,55,0.07231199741363525
31,56,0.05223710089921951
31,57,0.06275409460067749
31,58,0.0752660483121872
31,59,0.058808181434869766
31,60,0.09325934946537018
31,61,0.06922426074743271
31,62,0.048909492790699005
31,63,0.06316367536783218
31,64,0.05953049287199974
31,65,0.06151755526661873
31,66,0.06844712048768997
31,67,0.055812768638134
31,68,0.06873171031475067
31,69,0.05207157880067825
31,70,0.06791647523641586
31,71,0.06144317239522934
31,72,0.059752207249403
31,73,0.06256401538848877
31,74,0.05903894454240799
31,75,0.054286159574985504
31,76,0.08459821343421936
32,1,0.0665569007396698
32,2,0.054472919553518295
32,3,0.06372719258069992
32,4,0.06171422079205513
32,5,0.06652086973190308
32,6,0.05556922405958176
32,7,0.0673750787973404
32,8,0.049573346972465515
32,9,0.06490041315555573
32,10,0.060191839933395386
32,11,0.05055597797036171
32,12,0.0549713596701622
32,13,0.054789237678050995
32,14,0.05103167146444321
32,15,0.05510479956865311
32,16,0.06061653792858124
32,17,0.059691958129405975
32,18,0.07000547647476196
32,19,0.061936378479003906
32,20,0.05293334275484085
32,21,0.0534018874168396
32,22,0.06621722877025604
32,23,0.06635782867670059
32,24,0.05378153175115585
32,25,0.0660807341337204
32,26,0.06558839231729507
32,27,0.05363531410694122
32,28,0.055536236613988876
32,29,0.060256972908973694
32,30,0.06244505196809769
32,31,0.054416149854660034
32,32,0.0586148202419281
32,33,0.06386664509773254
32,34,0.05782727152109146
32,35,0.05194661766290665
32,36,0.054656751453876495
32,37,0.05908439680933952
32,38,0.056680165231227875
32,39,0.05100429058074951
32,40,0.06541024148464203
32,41,0.05911651998758316
32,42,0.050800591707229614
32,43,0.05431346222758293
32,44,0.07924707233905792
32,45,0.05587393790483475
32,46,0.054472509771585464
32,47,0.052886683493852615
32,48,0.059340670704841614
32,49,0.05953504890203476
32,50,0.056318145245313644
32,51,0.05926243215799332
32,52,0.09331919252872467
32,53,0.0577772781252861
32,54,0.05982479453086853
32,55,0.06233648955821991
32,56,0.0547531321644783
32,57,0.06475658714771271
32,58,0.07157354801893234
32,59,0.06294185668230057
32,60,0.05504406988620758
32,61,0.05864107608795166
32,62,0.05397243797779083
32,63,0.059724174439907074
32,64,0.06500737369060516
32,65,0.052902527153491974
32,66,0.06295175850391388
32,67,0.055079199373722076
32,68,0.06563320010900497
32,69,0.05565222352743149
32,70,0.05570308864116669
32,71,0.04938599839806557
32,72,0.059211667627096176
32,73,0.05823611095547676
32,74,0.0602869912981987
32,75,0.0708904042840004
32,76,0.05925091356039047
33,1,0.05580488592386246
33,2,0.0659819021821022
33,3,0.05187554657459259
33,4,0.05743540823459625
33,5,0.05414912477135658
33,6,0.0582968108355999
33,7,0.05839923769235611
33,8,0.05620287358760834
33,9,0.05173906311392784
33,10,0.0550452321767807
33,11,0.05858264118432999
33,12,0.05411035567522049
33,13,0.049570608884096146
33,14,0.05925736948847771
33,15,0.04930797964334488
33,16,0.06951441615819931
33,17,0.05837938189506531
33,18,0.055186234414577484
33,19,0.06252393871545792
33,20,0.054658595472574234
33,21,0.05664541572332382
33,22,0.051782410591840744
33,23,0.048754021525382996
33,24,0.05530492216348648
33,25,0.05938399210572243
33,26,0.051114946603775024
33,27,0.05438829958438873
33,28,0.05705343186855316
33,29,0.05714359134435654
33,30,0.07061409950256348
33,31,0.05518560856580734
33,32,0.05333581194281578
33,33,0.053324755281209946
33,34,0.058897003531455994
33,35,0.07562688738107681
33,36,0.05556129664182663
33,37,0.06965956091880798
33,38,0.050419338047504425
33,39,0.05935250222682953
33,40,0.05648677796125412
33,41,0.06297531723976135
33,42,0.059110548347234726
33,43,0.05984264612197876
33,44,0.0588158443570137
33,45,0.06088348478078842
33,46,0.054884981364011765
33,47,0.05498061329126358
33,48,0.05333118513226509
33,49,0.05491261184215546
33,50,0.050651665776968
33,51,0.054998479783535004
33,52,0.06266264617443085
33,53,0.0630134791135788
33,54,0.06802482157945633
33,55,0.051964059472084045
33,56,0.06313559412956238
33,57,0.04900619387626648
33,58,0.06337843835353851
33,59,0.0563582107424736
33,60,0.07329463958740234
33,61,0.059892214834690094
33,62,0.05792909115552902
33,63,0.057757116854190826
33,64,0.05915925279259682
33,65,0.054110441356897354
33,66,0.05859813839197159
33,67,0.06725392490625381
33,68,0.05409941449761391
33,69,0.0599643811583519
33,70,0.05596403405070305
33,71,0.0660620704293251
33,72,0.07024010270833969
33,73,0.06198090314865112
33,74,0.062067095190286636
33,75,0.06359691917896271
33,76,0.06603750586509705
34,1,0.05297253653407097
34,2,0.05244546756148338
34,3,0.0508490726351738
34,4,0.0541992224752903
34,5,0.07946564257144928
34,6,0.05682193487882614
34,7,0.05751283839344978
34,8,0.05541600286960602
34,9,0.05736250430345535
34,10,0.06254564225673676
34,11,0.06189266964793205
34,12,0.0641452893614769
34,13,0.05130283161997795
34,14,0.0801515132188797
34,15,0.057917725294828415
34,16,0.05592801421880722
34,17,0.05619356781244278
34,18,0.056705452501773834
34,19,0.05219403654336929
34,20,0.06594614684581757
34,21,0.0640963464975357
34,22,0.061984434723854065
34,23,0.05601033568382263
34,24,0.05905580520629883
34,25,0.056337542831897736
34,26,0.06824025511741638
34,27,0.05377303808927536
34,28,0.05368182063102722
34,29,0.04770398512482643
34,30,0.05681338533759117
34,31,0.0596776083111763
34,32,0.05920197069644928
34,33,0.050912052392959595
34,34,0.05870317295193672
34,35,0.05435849353671074
34,36,0.06221563369035721
34,37,0.05587758123874664
34,38,0.06219063699245453
34,39,0.051627032458782196
34,40,0.06184800714254379
34,41,0.05835224688053131
34,42,0.06595467776060104
34,43,0.05325348302721977
34,44,0.06743554770946503
34,45,0.05835288390517235
34,46,0.056463681161403656
34,47,0.05363421142101288
34,48,0.06150083988904953
34,49,0.06559716165065765
34,50,0.05425415560603142
34,51,0.06599704921245575
34,52,0.05948203429579735
34,53,0.061122626066207886
34,54,0.05662766844034195
34,55,0.05887061357498169
34,56,0.05622600018978119
34,57,0.06522513180971146
34,58,0.055334173142910004
34,59,0.05827125534415245
34,60,0.053053464740514755
34,61,0.05630440264940262
34,62,0.05377190560102463
34,63,0.059980664402246475
34,64,0.05704169720411301
34,65,0.0638456717133522
34,66,0.06396754086017609
34,67,0.05208375304937363
34,68,0.052486080676317215
34,69,0.06396974623203278
34,70,0.05862301588058472
34,71,0.049855560064315796
34,72,0.06307028234004974
34,73,0.052375201135873795
34,74,0.05496172979474068
34,75,0.05103449523448944
34,76,0.049139805138111115
35,1,0.04630594328045845
35,2,0.054870471358299255
35,3,0.05645110830664635
35,4,0.055259667336940765
35,5,0.058876585215330124
35,6,0.054692596197128296
35,7,0.05412938445806503
35,8,0.0512961819767952
35,9,0.06113839149475098
35,10,0.052722007036209106
35,11,0.06025426462292671
35,12,0.057832613587379456
35,13,0.0541069395840168
35,14,0.07608483731746674
35,15,0.06076245754957199
35,16,0.06520214676856995
35,17,0.06549274176359177
35,18,0.07224251329898834
35,19,0.05907827615737915
35,20,0.05804853141307831
35,21,0.062139637768268585
35,22,0.08024534583091736
35,23,0.06458870321512222
35,24,0.0687926784157753
35,25,0.054649390280246735
35,26,0.06573726236820221
35,27,0.053371116518974304
35,28,0.08445733785629272
35,29,0.07905027270317078
35,30,0.06254767626523972
35,31,0.06714320182800293
35,32,0.05732894316315651
35,33,0.059971295297145844
35,34,0.05620398744940758
35,35,0.06133561581373215
35,36,0.06644126027822495
35,37,0.06268574297428131
35,38,0.055630385875701904
35,39,0.048554398119449615
35,40,0.05060945451259613
35,41,0.056581851094961166
35,42,0.05159303918480873
35,43,0.06039561331272125
35,44,0.04996766149997711
35,45,0.05109124258160591
35,46,0.051705725491046906
35,47,0.06144441291689873
35,48,0.05013026297092438
35,49,0.05450637638568878
35,50,0.052241332828998566
35,51,0.05784115940332413
35,52,0.05057188495993614
35,53,0.058671772480010986
35,54,0.07383598387241364
35,55,0.050564177334308624
35,56,0.05022294819355011
35,57,0.04869437217712402
35,58,0.05193837732076645
35,59,0.05104082077741623
35,60,0.061820536851882935
35,61,0.05230550095438957
35,62,0.07206197828054428
35,63,0.062726229429245
35,64,0.04675153270363808
35,65,0.06297105550765991
35,66,0.05968175083398819
35,67,0.05663919821381569
35,68,0.06455188244581223
35,69,0.05627063661813736
35,70,0.05712857469916344
35,71,0.06765177845954895
35,72,0.05807077884674072
35,73,0.07664957642555237
35,74,0.06196525692939758
35,75,0.050178319215774536
35,76,0.05622711777687073
36,1,0.05333178490400314
36,2,0.06210857257246971
36,3,0.05419899895787239
36,4,0.049614861607551575
36,5,0.0584646612405777
36,6,0.04954642057418823
36,7,0.05333679914474487
36,8,0.04955540597438812
36,9,0.05904339253902435
36,10,0.06813903152942657
36,11,0.06020192801952362
36,12,0.05673094466328621
36,13,0.05577327311038971
36,14,0.05766421929001808
36,15,0.05550532788038254
36,16,0.04913517087697983
36,17,0.04909134656190872
36,18,0.060239166021347046
36,19,0.056744255125522614
36,20,0.06294051557779312
36,21,0.05884052813053131
36,22,0.060877397656440735
36,23,0.050593797117471695
36,24,0.06888621300458908
36,25,0.05631433427333832
36,26,0.0596485435962677
36,27,0.06500761210918427
36,28,0.062136873602867126
36,29,0.06656107306480408
36,30,0.0575520396232605
36,31,0.039471328258514404
36,32,0.056099433451890945
36,33,0.06719360500574112
36,34,0.05847194045782089
36,35,0.060712989419698715
36,36,0.05678863078355789
36,37,0.06361842155456543
36,38,0.06092251092195511
36,39,0.057886842638254166
36,40,0.04608071595430374
36,41,0.05706154555082321
36,42,0.05906340479850769
36,43,0.05137668550014496
36,44,0.05197284370660782
36,45,0.05625326558947563
36,46,0.05615966394543648
36,47,0.0584726557135582
36,48,0.04551254212856293
36,49,0.05709565430879593
36,50,0.05141105130314827
36,51,0.061934348195791245
36,52,0.04798942059278488
36,53,0.052752889692783356
36,54,0.05303952842950821
36,55,0.055707499384880066
36,56,0.05745837837457657
36,57,0.053139522671699524
36,58,0.05992375314235687
36,59,0.058759428560733795
36,60,0.06105366349220276
36,61,0.0605686716735363
36,62,0.06259479373693466
36,63,0.05732687562704086
36,64,0.05918300896883011
36,65,0.05663121119141579
36,66,0.05515929311513901
36,67,0.060484468936920166
36,68,0.05847201496362686
36,69,0.061723191291093826
36,70,0.0627545490860939
36,71,0.05079810321331024
36,72,0.05694897472858429
36,73,0.0606694370508194
36,74,0.05662887543439865
36,75,0.06382454931735992
36,76,0.053790055215358734
37,1,0.04863777756690979
37,2,0.06740804016590118
37,3,0.06615173816680908
37,4,0.05548512563109398
37,5,0.05628252774477005
37,6,0.06039680168032646
37,7,0.0601886585354805
37,8,0.05774889886379242
37,9,0.054519519209861755
37,10,0.06077752262353897
37,11,0.06478957831859589
37,12,0.05520697310566902
37,13,0.05978246033191681
37,14,0.050117041915655136
37,15,0.055725838989019394
37,16,0.06170368194580078
37,17,0.05428403988480568
37,18,0.05519896373152733
37,19,0.06591980159282684
37,20,0.0656428337097168
37,21,0.06594882905483246
37,22,0.04840626195073128
37,23,0.057839181274175644
37,24,0.047755420207977295
37,25,0.050782524049282074
37,26,0.05010947585105896
37,27,0.05726061761379242
37,28,0.05451088398694992
37,29,0.04393080621957779
37,30,0.062199536710977554
37,31,0.05049663037061691
37,32,0.05776578187942505
37,33,0.055231280624866486
37,34,0.06400896608829498
37,35,0.06744353473186493
37,36,0.06115790456533432
37,37,0.04926150292158127
37,38,0.06259821355342865
37,39,0.07190090417861938
37,40,0.057362258434295654
37,41,0.05409228801727295
37,42,0.05831708386540413
37,43,0.056203246116638184
37,44,0.05867546796798706
37,45,0.07344622910022736
37,46,0.04857512563467026
37,47,0.057042788714170456
37,48,0.05094880238175392
37,49,0.06719563901424408
37,50,0.062031589448451996
37,51,0.05970950797200203
37,52,0.055678363889455795
37,53,0.06955801695585251
37,54,0.05272241681814194
37,55,0.04972408711910248
37,56,0.06022226810455322
37,57,0.0639188289642334
37,58,0.05835018306970596
37,59,0.0502207987010479
37,60,0.05245620757341385
37,61,0.0627639889717102
37,62,0.057162679731845856
37,63,0.0517711341381073
37,64,0.05084185302257538
37,65,0.051453232765197754
37,66,0.051252201199531555
37,67,0.05546509101986885
37,68,0.05702090635895729
37,69,0.05782999470829964
37,70,0.05860069394111633
37,71,0.04743053391575813
37,72,0.05397891253232956
37,73,0.05586561933159828
37,74,0.05071541666984558
37,75,0.0740189477801323
37,76,0.05512354522943497
38,1,0.05273376405239105
38,2,0.05204783380031586
38,3,0.05419350415468216
38,4,0.05994976684451103
38,5,0.05289576202630997
38,6,0.0680675059556961
38,7,0.05970606580376625
38,8,0.04119919240474701
38,9,0.049340710043907166
38,10,0.0632714107632637
38,11,0.06352025270462036
38,12,0.059224337339401245
38,13,0.0516098216176033
38,14,0.04756000638008118
38,15,0.059156958013772964
38,16,0.05084935575723648
38,17,0.055459775030612946
38,18,0.05901314318180084
38,19,0.05267763137817383
38,20,0.06033305078744888
38,21,0.05036591738462448
38,22,0.06008489057421684
38,23,0.05937454104423523
38,24,0.05847598612308502
38,25,0.05363425612449646
38,26,0.04942936450242996
38,27,0.06560962647199631
38,28,0.05200362205505371
38,29,0.06539700925350189
38,30,0.0536600798368454
38,31,0.054565757513046265
38,32,0.05127153918147087
38,33,0.051038891077041626
38,34,0.058800067752599716
38,35,0.06924019753932953
38,36,0.056220054626464844
38,37,0.057209648191928864
38,38,0.05373509228229523
38,39,0.06007850170135498
38,40,0.0596902072429657
38,41,0.060846034437417984
38,42,0.0523330420255661
38,43,0.05927376449108124
38,44,0.04910887032747269
38,45,0.051866158843040466
38,46,0.05891777575016022
38,47,0.05346587672829628
38,48,0.052975017577409744
38,49,0.07718317210674286
38,50,0.06481028348207474
38,51,0.05105632543563843
38,52,0.053366519510746
38,53,0.05912075191736221
38,54,0.050898805260658264
38,55,0.048488032072782516
38,56,0.05333518236875534
38,57,0.06383835524320602
38,58,0.04867751523852348
38,59,0.05140117555856705
38,60,0.05812109634280205
38,61,0.06795141100883484
38,62,0.055211685597896576
38,63,0.061661988496780396
38,64,0.05993402749300003
38,65,0.0576949343085289
38,66,0.06091245263814926
38,67,0.05339180678129196
38,68,0.061399705708026886
38,69,0.04872535169124603
38,70,0.07103617489337921
38,71,0.06525658816099167
38,72,0.06473180651664734
38,73,0.05114163085818291
38,74,0.049665309488773346
38,75,0.06786896288394928
38,76,0.05672115832567215
39,1,0.04661758616566658
39,2,0.06351792067289352
39,3,0.06005675345659256
39,4,0.050404924899339676
39,5,0.0538247786462307
39,6,0.04279516637325287
39,7,0.06582652032375336
39,8,0.05303945392370224
39,9,0.06296137720346451
39,10,0.06736572831869125
39,11,0.05029311031103134
39,12,0.053633615374565125
39,13,0.06272624433040619
39,14,0.04532630741596222
39,15,0.0492854118347168
39,16,0.04788593575358391
39,17,0.05675613135099411
39,18,0.05528412014245987
39,19,0.0476372204720974
39,20,0.06093426048755646
39,21,0.05175924301147461
39,22,0.05111997574567795
39,23,0.04721933603286743
39,24,0.04651903361082077
39,25,0.054015010595321655
39,26,0.05829380080103874
39,27,0.057567037642002106
39,28,0.061010535806417465
39,29,0.0699373334646225
39,30,0.04689917713403702
39,31,0.06102873384952545
39,32,0.0632125735282898
39,33,0.04939354211091995
39,34,0.05958724394440651
39,35,0.05761096626520157
39,36,0.06970764696598053
39,37,0.05722731351852417
39,38,0.056836217641830444
39,39,0.06253280490636826
39,40,0.055445123463869095
39,41,0.05884183943271637
39,42,0.0592123344540596
39,43,0.049430593848228455
39,44,0.06741219758987427
39,45,0.05486180633306503
39,46,0.05311311408877373
39,47,0.05843748897314072
39,48,0.05958347022533417
39,49,0.04980570822954178
39,50,0.05653902143239975
39,51,0.06029284745454788
39,52,0.04958951473236084
39,53,0.05137626826763153
39,54,0.05515167862176895
39,55,0.0493631437420845
39,56,0.04618790000677109
39,57,0.060488875955343246
39,58,0.058858949691057205
39,59,0.05518380552530289
39,60,0.05915180593729019
39,61,0.0608753003180027
39,62,0.048295799642801285
39,63,0.048723138868808746
39,64,0.049520231783390045
39,65,0.07016707211732864
39,66,0.04713970422744751
39,67,0.06571421027183533
39,68,0.05023009330034256
39,69,0.052685126662254333
39,70,0.053435198962688446
39,71,0.05831512063741684
39,72,0.06037474423646927
39,73,0.0507117360830307
39,74,0.04926232993602753
39,75,0.05916373431682587
39,76,0.05557367205619812
40,1,0.04779929295182228
40,2,0.04500505328178406
40,3,0.06000715494155884
40,4,0.048367567360401154
40,5,0.05066424608230591
40,6,0.061729371547698975
40,7,0.06345600634813309
40,8,0.05365036427974701
40,9,0.05388869345188141
40,10,0.04920882731676102
40,11,0.06612997502088547
40,12,0.05368189141154289
40,13,0.05960926041007042
40,14,0.050325896590948105
40,15,0.054720617830753326
40,16,0.04997927322983742
40,17,0.0495259165763855
40,18,0.04671453684568405
40,19,0.061208974570035934
40,20,0.06180666387081146
40,21,0.055876847356557846
40,22,0.06068317964673042
40,23,0.05065695941448212
40,24,0.05386371165513992
40,25,0.058571651577949524
40,26,0.05230502411723137
40,27,0.04619663208723068
40,28,0.05137445777654648
40,29,0.05293808877468109
40,30,0.0657607913017273
40,31,0.06879016757011414
40,32,0.048254214227199554
40,33,0.05041813105344772
40,34,0.05484801530838013
40,35,0.06015844643115997
40,36,0.05800798907876015
40,37,0.04880236089229584
40,38,0.05725163221359253
40,39,0.05056314170360565
40,40,0.05320139229297638
40,41,0.06266636401414871
40,42,0.05248124897480011
40,43,0.045391444116830826
40,44,0.05228062719106674
40,45,0.060545556247234344
40,46,0.046882111579179764
40,47,0.050879672169685364
40,48,0.057582221925258636
40,49,0.054199885576963425
40,50,0.05074560269713402
40,51,0.06612028926610947
40,52,0.0510869100689888
40,53,0.0538586750626564
40,54,0.05567846819758415
40,55,0.05624941363930702
40,56,0.0571528896689415
40,57,0.04889349266886711
40,58,0.0558149553835392
40,59,0.05202846601605415
40,60,0.05041872337460518
40,61,0.051066555082798004
40,62,0.0481342151761055
40,63,0.06645527482032776
40,64,0.06234082579612732
40,65,0.05507241562008858
40,66,0.051960431039333344
40,67,0.052327293902635574
40,68,0.05551460385322571
40,69,0.04897349327802658
40,70,0.056436359882354736
40,71,0.055988188832998276
40,72,0.05257830023765564
40,73,0.05255623534321785
40,74,0.059675462543964386
40,75,0.04885726422071457
40,76,0.07198837399482727
41,1,0.05349282920360565
41,2,0.050699383020401
41,3,0.048993974924087524
41,4,0.06094573438167572
41,5,0.04558056220412254
41,6,0.05603887885808945
41,7,0.05797724425792694
41,8,0.05304954573512077
41,9,0.04637651890516281
41,10,0.05477926880121231
41,11,0.05184497311711311
41,12,0.0669282078742981
41,13,0.04460717365145683
41,14,0.053714320063591
41,15,0.05331587791442871
41,16,0.055036067962646484
41,17,0.06379573047161102
41,18,0.05666346848011017
41,19,0.05577722564339638
41,20,0.050552695989608765
41,21,0.04747270047664642
41,22,0.04901527985930443
41,23,0.048336051404476166
41,24,0.0528094545006752
41,25,0.06610000878572464
41,26,0.0550537183880806
41,27,0.05582088977098465
41,28,0.06580553948879242
41,29,0.059515491127967834
41,30,0.05283543840050697
41,31,0.04981617629528046
41,32,0.05676208809018135
41,33,0.048136916011571884
41,34,0.05108153820037842
41,35,0.062290314584970474
41,36,0.05069052055478096
41,37,0.057906001806259155
41,38,0.05931916832923889
41,39,0.05761871114373207
41,40,0.06023070588707924
41,41,0.06566418707370758
41,42,0.060987576842308044
41,43,0.059989795088768005
41,44,0.06356879323720932
41,45,0.05698585882782936
41,46,0.05511157587170601
41,47,0.050943974405527115
41,48,0.0546359084546566
41,49,0.05694809556007385
41,50,0.054217562079429626
41,51,0.061238404363393784
41,52,0.05064753443002701
41,53,0.051347557455301285
41,54,0.051242705434560776
41,55,0.056994326412677765
41,56,0.056401707231998444
41,57,0.05104910582304001
41,58,0.06133183836936951
41,59,0.0564936026930809
41,60,0.06406210362911224
41,61,0.05558133125305176
41,62,0.05542265623807907
41,63,0.0638047531247139
41,64,0.07104408740997314
41,65,0.0498076006770134
41,66,0.053710903972387314
41,67,0.04960477352142334
41,68,0.05907756835222244
41,69,0.0500907301902771
41,70,0.05125994235277176
41,71,0.06147441267967224
41,72,0.04926683381199837
41,73,0.06211625784635544
41,74,0.06334871798753738
41,75,0.04695668816566467
41,76,0.05089673027396202
42,1,0.05482947826385498
42,2,0.05116190388798714
42,3,0.052351318299770355
42,4,0.05888526514172554
42,5,0.052250396460294724
42,6,0.04816339910030365
42,7,0.05057990550994873
42,8,0.050174929201602936
42,9,0.046313926577568054
42,10,0.05449199676513672
42,11,0.06560751795768738
42,12,0.07172442227602005
42,13,0.05455374717712402
42,14,0.05614636838436127
42,15,0.059942152351140976
42,16,0.058638155460357666
42,17,0.057441066950559616
42,18,0.06063878536224365
42,19,0.05812431871891022
42,20,0.05686720088124275
42,21,0.0605287030339241
42,22,0.05193611606955528
42,23,0.058091986924409866
42,24,0.06983663141727448
42,25,0.04686319828033447
42,26,0.06090473383665085
42,27,0.047282084822654724
42,28,0.05158195644617081
42,29,0.06743183732032776
42,30,0.06617297232151031
42,31,0.05099552124738693
42,32,0.04789690300822258
42,33,0.04563936963677406
42,34,0.05554409697651863
42,35,0.05733879655599594
42,36,0.054535359144210815
42,37,0.05901476740837097
42,38,0.046171702444553375
42,39,0.06220659241080284
42,40,0.0500824861228466
42,41,0.04331184923648834
42,42,0.055664725601673126
42,43,0.05439748987555504
42,44,0.04267086833715439
42,45,0.05264030396938324
42,46,0.053527943789958954
42,47,0.04872254654765129
42,48,0.0629163533449173
42,49,0.05191322788596153
42,50,0.06496457010507584
42,51,0.050471484661102295
42,52,0.06554242223501205
42,53,0.056076765060424805
42,54,0.057332441210746765
42,55,0.0485081747174263
42,56,0.07135892659425735
42,57,0.05182354897260666
42,58,0.04933818802237511
42,59,0.05170410871505737
42,60,0.05091167986392975
42,61,0.056493476033210754
42,62,0.053341343998909
42,63,0.059258658438920975
42,64,0.05065033957362175
42,65,0.05608120560646057
42,66,0.05576171725988388
42,67,0.05012598633766174
42,68,0.05404302105307579
42,69,0.0498368926346302
42,70,0.052050910890102386
42,71,0.05531251057982445
42,72,0.05259045958518982
42,73,0.05332086607813835
42,74,0.05750409513711929
42,75,0.0486132875084877
42,76,0.052311208099126816
43,1,0.050711821764707565
43,2,0.046955130994319916
43,3,0.05207514762878418
43,4,0.060495808720588684
43,5,0.05315011739730835
43,6,0.05026352033019066
43,7,0.05936569720506668
43,8,0.053392305970191956
43,9,0.05770004913210869
43,10,0.05508030205965042
43,11,0.052856117486953735
43,12,0.058063995093107224
43,13,0.07292917370796204
43,14,0.04935385286808014
43,15,0.0570087693631649
43,16,0.05609368905425072
43,17,0.05459465831518173
43,18,0.044765643775463104
43,19,0.05876167118549347
43,20,0.05322921276092529
43,21,0.069743312895298
43,22,0.05040495842695236
43,23,0.05661195516586304
43,24,0.07020704448223114
43,25,0.06064513325691223
43,26,0.05888689309358597
43,27,0.06037164479494095
43,28,0.06239185854792595
43,29,0.056529752910137177
43,30,0.06149861216545105
43,31,0.06048577278852463
43,32,0.05491703748703003
43,33,0.06392171233892441
43,34,0.05686916783452034
43,35,0.04803217574954033
43,36,0.05546672269701958
43,37,0.05498116835951805
43,38,0.054679449647665024
43,39,0.05555886775255203
43,40,0.058490853756666183
43,41,0.061606451869010925
43,42,0.045623138546943665
43,43,0.05515404790639877
43,44,0.04545396566390991
43,45,0.055306609719991684
43,46,0.042790040373802185
43,47,0.05662418156862259
43,48,0.06335557997226715
43,49,0.04731861129403114
43,50,0.048967618495225906
43,51,0.07539969682693481
43,52,0.04912519454956055
43,53,0.04731293022632599
43,54,0.055751241743564606
43,55,0.05900879204273224
43,56,0.049835819751024246
43,57,0.05345643684267998
43,58,0.056014496833086014
43,59,0.04131307080388069
43,60,0.0535784512758255
43,61,0.0541524812579155
43,62,0.06491411477327347
43,63,0.053838375955820084
43,64,0.053378812968730927
43,65,0.047449178993701935
43,66,0.0578516460955143
43,67,0.06850314140319824
43,68,0.05219933018088341
43,69,0.048384889960289
43,70,0.04998930171132088
43,71,0.05614423006772995
43,72,0.04746448993682861
43,73,0.048935744911432266
43,74,0.0734497457742691
43,75,0.05358924716711044
43,76,0.053166262805461884
44,1,0.06000106781721115
44,2,0.05735257640480995
44,3,0.05164449289441109
44,4,0.06300260871648788
44,5,0.05676477774977684
44,6,0.06646892428398132
44,7,0.05950331687927246
44,8,0.05629649758338928
44,9,0.07016216218471527
44,10,0.053872864693403244
44,11,0.051155783236026764
44,12,0.052287302911281586
44,13,0.07750222086906433
44,14,0.054684117436409
44,15,0.05594006925821304
44,16,0.05292757973074913
44,17,0.055622946470975876
44,18,0.0560828372836113
44,19,0.051781635731458664
44,20,0.04757709801197052
44,21,0.04814326390624046
44,22,0.05366341024637222
44,23,0.05462617799639702
44,24,0.0729108452796936
44,25,0.05362080782651901
44,26,0.0647161602973938
44,27,0.05114924907684326
44,28,0.04901287704706192
44,29,0.047557320445775986
44,30,0.04899020493030548
44,31,0.04817734286189079
44,32,0.06047426909208298
44,33,0.05616673827171326
44,34,0.05992361530661583
44,35,0.05795597285032272
44,36,0.05353663116693497
44,37,0.05255834013223648
44,38,0.05455281212925911
44,39,0.04766654595732689
44,40,0.0509561188519001
44,41,0.053390972316265106
44,42,0.05345385521650314
44,43,0.04900404065847397
44,44,0.058386124670505524
44,45,0.06513775885105133
44,46,0.059829965233802795
44,47,0.058446452021598816
44,48,0.05392640829086304
44,49,0.06781552731990814
44,50,0.05680704116821289
44,51,0.0640469565987587
44,52,0.056989096105098724
44,53,0.055846456438302994
44,54,0.06034311652183533
44,55,0.05318819731473923
44,56,0.054185859858989716
44,57,0.04653980955481529
44,58,0.04492601007223129
44,59,0.04971883445978165
44,60,0.05635407567024231
44,61,0.04278474301099777
44,62,0.046394869685173035
44,63,0.05304312705993652
44,64,0.04978783428668976
44,65,0.046079233288764954
44,66,0.05323808640241623
44,67,0.05905122309923172
44,68,0.05575045943260193
44,69,0.06625565886497498
44,70,0.055496275424957275
44,71,0.0480705201625824
44,72,0.06494709849357605
44,73,0.05688557028770447
44,74,0.04000072553753853
44,75,0.06091674044728279
44,76,0.052512168884277344
45,1,0.06300821900367737
45,2,0.0490572415292263
45,3,0.05439561977982521
45,4,0.054241977632045746
45,5,0.04749193787574768
45,6,0.04933343082666397
45,7,0.051247887313365936
45,8,0.051661401987075806
45,9,0.05461440235376358
45,10,0.05321677774190903
45,11,0.04754908010363579
45,12,0.04732688516378403
45,13,0.05401008576154709
45,14,0.04646605998277664
45,15,0.052213504910469055
45,16,0.057585518807172775
45,17,0.05470077320933342
45,18,0.0569421760737896
45,19,0.047776125371456146
45,20,0.056784406304359436
45,21,0.05675392597913742
45,22,0.047283418476581573
45,23,0.052056118845939636
45,24,0.04675834998488426
45,25,0.0472252294421196
45,26,0.058433737605810165
45,27,0.05747121572494507
45,28,0.055705904960632324
45,29,0.05409662798047066
45,30,0.052828751504421234
45,31,0.0446593277156353
45,32,0.0613970085978508
45,33,0.04933977499604225
45,34,0.052460625767707825
45,35,0.04654821753501892
45,36,0.04953192174434662
45,37,0.04358086362481117
45,38,0.054121844470500946
45,39,0.045214030891656876
45,40,0.04726354777812958
45,41,0.04993400722742081
45,42,0.052152808755636215
45,43,0.0480809360742569
45,44,0.053365062922239304
45,45,0.05280585587024689
45,46,0.054238930344581604
45,47,0.040503181517124176
45,48,0.06736896932125092
45,49,0.051775649189949036
45,50,0.05076911300420761
45,51,0.0589883029460907
45,52,0.05181923508644104
45,53,0.04821068048477173
45,54,0.052247919142246246
45,55,0.058180853724479675
45,56,0.055741868913173676
45,57,0.055062390863895416
45,58,0.06343097984790802
45,59,0.06111171096563339
45,60,0.059538908302783966
45,61,0.05642682686448097
45,62,0.055062808096408844
45,63,0.046532027423381805
45,64,0.05696941167116165
45,65,0.05769006907939911
45,66,0.05925527960062027
45,67,0.05133551359176636
45,68,0.052874110639095306
45,69,0.05683046951889992
45,70,0.05653775855898857
45,71,0.06286323070526123
45,72,0.04816313832998276
45,73,0.050402142107486725
45,74,0.04962676763534546
45,75,0.05006726086139679
45,76,0.05470709502696991
46,1,0.05081191658973694
46,2,0.05539102852344513
46,3,0.046555567532777786
46,4,0.05785319209098816
46,5,0.05492991954088211
46,6,0.05647296458482742
46,7,0.061646968126297
46,8,0.05369601398706436
46,9,0.04702599346637726
46,10,0.04817436262965202
46,11,0.05337931960821152
46,12,0.04737847298383713
46,13,0.050684913992881775
46,14,0.052527595311403275
46,15,0.046737391501665115
46,16,0.04372238740324974
46,17,0.05295687913894653
46,18,0.0509498193860054
46,19,0.04774085804820061
46,20,0.05505547672510147
46,21,0.05130144953727722
46,22,0.044158875942230225
46,23,0.048967063426971436
46,24,0.06396248936653137
46,25,0.06421471387147903
46,26,0.044905319809913635
46,27,0.04471335560083389
46,28,0.04921094700694084
46,29,0.05471425876021385
46,30,0.06225449591875076
46,31,0.06880379468202591
46,32,0.05179945006966591
46,33,0.0512683168053627
46,34,0.048794761300086975
46,35,0.05454198271036148
46,36,0.050782330334186554
46,37,0.0488896444439888
46,38,0.050149183720350266
46,39,0.062900111079216
46,40,0.051670774817466736
46,41,0.051400043070316315
46,42,0.05744175612926483
46,43,0.049377016723155975
46,44,0.05001741647720337
46,45,0.05354604125022888
46,46,0.04552438110113144
46,47,0.0520172081887722
46,48,0.06034058704972267
46,49,0.0487838052213192
46,50,0.05057874321937561
46,51,0.05136767774820328
46,52,0.05808020010590553
46,53,0.053992487490177155
46,54,0.055145442485809326
46,55,0.045498818159103394
46,56,0.05273514986038208
46,57,0.05098312720656395
46,58,0.051845330744981766
46,59,0.0465884692966938
46,60,0.04865866154432297
46,61,0.05446798354387283
46,62,0.0560331754386425
46,63,0.05706513673067093
46,64,0.052728649228811264
46,65,0.06003344804048538
46,66,0.05227135866880417
46,67,0.04705509543418884
46,68,0.0552850067615509
46,69,0.05611953139305115
46,70,0.055877432227134705
46,71,0.056773439049720764
46,72,0.05057645961642265
46,73,0.05581625923514366
46,74,0.04906921833753586
46,75,0.04761205241084099
46,76,0.057898443192243576
47,1,0.04826030880212784
47,2,0.04896745830774307
47,3,0.04549200087785721
47,4,0.06974282115697861
47,5,0.04508495330810547
47,6,0.047801222652196884
47,7,0.051784638315439224
47,8,0.05262935534119606
47,9,0.054664433002471924
47,10,0.047236811369657516
47,11,0.04884949326515198
47,12,0.049853261560201645
47,13,0.052548885345458984
47,14,0.05592796579003334
47,15,0.051718901842832565
47,16,0.05953732132911682
47,17,0.060691189020872116
47,18,0.055261701345443726
47,19,0.04125358909368515
47,20,0.05544232577085495
47,21,0.06244128197431564
47,22,0.05769117921590805
47,23,0.057015322148799896
47,24,0.04952121526002884
47,25,0.04943651705980301
47,26,0.047518081963062286
47,27,0.05570296198129654
47,28,0.05522342398762703
47,29,0.04917214438319206
47,30,0.05009206756949425
47,31,0.05561598017811775
47,32,0.05312352627515793
47,33,0.05267935246229172
47,34,0.05952448397874832
47,35,0.0556209497153759
47,36,0.055186811834573746
47,37,0.05006980523467064
47,38,0.05329328775405884
47,39,0.05587787926197052
47,40,0.05090676620602608
47,41,0.04612816497683525
47,42,0.05990525335073471
47,43,0.052741896361112595
47,44,0.048729654401540756
47,45,0.05703454464673996
47,46,0.046402134001255035
47,47,0.051961902529001236
47,48,0.05336543917655945
47,49,0.046849325299263
47,50,0.0532112754881382
47,51,0.04495692253112793
47,52,0.05692039057612419
47,53,0.05736052989959717
47,54,0.04702161252498627
47,55,0.05053803324699402
47,56,0.0487939827144146
47,57,0.04055984318256378
47,58,0.06117767095565796
47,59,0.05073920637369156
47,60,0.053854800760746
47,61,0.06788735091686249
47,62,0.0527101568877697
47,63,0.055970873683691025
47,64,0.050104670226573944
47,65,0.03357250988483429
47,66,0.053722381591796875
47,67,0.053446631878614426
47,68,0.04673608019948006
47,69,0.049695901572704315
47,70,0.05629630386829376
47,71,0.052563853561878204
47,72,0.045971259474754333
47,73,0.04702688008546829
47,74,0.04205937683582306
47,75,0.04270769655704498
47,76,0.04629828780889511
48,1,0.05514606088399887
48,2,0.061253227293491364
48,3,0.062100768089294434
48,4,0.043939054012298584
48,5,0.05205056443810463
48,6,0.048856865614652634
48,7,0.045312464237213135
48,8,0.048699185252189636
48,9,0.048706963658332825
48,10,0.05989401414990425
48,11,0.05231957882642746
48,12,0.04903624951839447
48,13,0.05057699978351593
48,14,0.05333196371793747
48,15,0.050005555152893066
48,16,0.05416295677423477
48,17,0.05995653569698334
48,18,0.0563630610704422
48,19,0.04572715237736702
48,20,0.053048521280288696
48,21,0.04951257258653641
48,22,0.04802735522389412
48,23,0.045572616159915924
48,24,0.05081181973218918
48,25,0.05308235436677933
48,26,0.048330020159482956
48,27,0.05427218973636627
48,28,0.04096737504005432
48,29,0.05554318055510521
48,30,0.04698178917169571
48,31,0.04575595259666443
48,32,0.06357229501008987
48,33,0.04860907420516014
48,34,0.045345209538936615
48,35,0.042951926589012146
48,36,0.03921674191951752
48,37,0.05077594518661499
48,38,0.05763690918684006
48,39,0.05205380916595459
48,40,0.05204632133245468
48,41,0.04520617425441742
48,42,0.05276479572057724
48,43,0.06362612545490265
48,44,0.0464782640337944
48,45,0.05260513722896576
48,46,0.05278019607067108
48,47,0.04689808189868927
48,48,0.04977404326200485
48,49,0.047366268932819366
48,50,0.04145623743534088
48,51,0.05803207680583
48,52,0.05453893542289734
48,53,0.05109171196818352
48,54,0.057257454842329025
48,55,0.05032695084810257
48,56,0.04240502044558525
48,57,0.05072419345378876
48,58,0.060891006141901016
48,59,0.046190351247787476
48,60,0.04912513121962547
48,61,0.04981522262096405
48,62,0.05847938731312752
48,63,0.04662192612886429
48,64,0.05546111613512039
48,65,0.05069204792380333
48,66,0.04797234386205673
48,67,0.053194865584373474
48,68,0.04483328014612198
48,69,0.050382472574710846
48,70,0.05917464941740036
48,71,0.052453167736530304
48,72,0.05490541458129883
48,73,0.04762136936187744
48,74,0.04302866756916046
48,75,0.04700265824794769
48,76,0.055357493460178375
49,1,0.06105100363492966
49,2,0.048979006707668304
49,3,0.048381514847278595
49,4,0.043791577219963074
49,5,0.05711632966995239
49,6,0.04733854532241821
49,7,0.04780001938343048
49,8,0.05787859857082367
49,9,0.0469871461391449
49,10,0.04639863595366478
49,11,0.05461324378848076
49,12,0.05749212205410004
49,13,0.05185778811573982
49,14,0.047121383249759674
49,15,0.04753248393535614
49,16,0.056721050292253494
49,17,0.048692796379327774
49,18,0.05594968795776367
49,19,0.05054536461830139
49,20,0.04697471112012863
49,21,0.053682971745729446
49,22,0.0511447973549366
49,23,0.051724523305892944
49,24,0.05576235055923462
49,25,0.04832054674625397
49,26,0.0575992651283741
49,27,0.060649722814559937
49,28,0.054357752203941345
49,29,0.04892414063215256
49,30,0.05437459424138069
49,31,0.05170874297618866
49,32,0.06001230701804161
49,33,0.04171644151210785
49,34,0.048664942383766174
49,35,0.05231771618127823
49,36,0.054276738315820694
49,37,0.05345883220434189
49,38,0.05872902274131775
49,39,0.05004922300577164
49,40,0.06619401276111603
49,41,0.055986493825912476
49,42,0.051754310727119446
49,43,0.04996567592024803
49,44,0.05555803328752518
49,45,0.05607321858406067
49,46,0.05372339114546776
49,47,0.04637880623340607
49,48,0.048507802188396454
49,49,0.05983356013894081
49,50,0.044465553015470505
49,51,0.06219854950904846
49,52,0.05447264388203621
49,53,0.0617901012301445
49,54,0.04931451752781868
49,55,0.05251720920205116
49,56,0.048495907336473465
49,57,0.06036224216222763
49,58,0.0557355172932148
49,59,0.043341368436813354
49,60,0.049122173339128494
49,61,0.05728393793106079
49,62,0.0596180185675621
49,63,0.046544112265110016
49,64,0.060210004448890686
49,65,0.0636959820985794
49,66,0.05986189842224121
49,67,0.05786921828985214
49,68,0.05916847288608551
49,69,0.04557238519191742
49,70,0.04668864607810974
49,71,0.04916481673717499
49,72,0.04804808646440506
49,73,0.05001913756132126
49,74,0.052662789821624756
49,75,0.05367475003004074
49,76,0.052208296954631805
50,1,0.05094166845083237
50,2,0.043911613523960114
50,3,0.062010183930397034
50,4,0.044558972120285034
50,5,0.05235406756401062
50,6,0.05884464085102081
50,7,0.04598439112305641
50,8,0.05900672823190689
50,9,0.047498807311058044
50,10,0.0775914341211319
50,11,0.046868447214365005
50,12,0.05830535292625427
50,13,0.059419479221105576
50,14,0.053520139306783676
50,15,0.0518379770219326
50,16,0.054552968591451645
50,17,0.05304344743490219
50,18,0.0648556798696518
50,19,0.05015556886792183
50,20,0.06547656655311584
50,21,0.050462350249290466
50,22,0.04935707896947861
50,23,0.05018230155110359
50,24,0.05309813469648361
50,25,0.058257851749658585
50,26,0.052194155752658844
50,27,0.05595431849360466
50,28,0.05085707828402519
50,29,0.05744650214910507
50,30,0.0505717508494854
50,31,0.05039734020829201
50,32,0.05602457374334335
50,33,0.052886247634887695
50,34,0.05249994248151779
50,35,0.04918265342712402
50,36,0.05710688978433609
50,37,0.05252119153738022
50,38,0.044694963842630386
50,39,0.050223737955093384
50,40,0.059903934597969055
50,41,0.05343443155288696
50,42,0.048795752227306366
50,43,0.05158106982707977
50,44,0.047725409269332886
50,45,0.059570588171482086
50,46,0.04726632684469223
50,47,0.04709985479712486
50,48,0.058363646268844604
50,49,0.04077688604593277
50,50,0.04814138263463974
50,51,0.04707758501172066
50,52,0.06107846274971962
50,53,0.05985894054174423
50,54,0.05246169865131378
50,55,0.05050978809595108
50,56,0.06322796642780304
50,57,0.053649477660655975
50,58,0.04597772657871246
50,59,0.05688770115375519
50,60,0.06242622435092926
50,61,0.05060014873743057
50,62,0.05307012051343918
50,63,0.053867045789957047
50,64,0.06010321527719498
50,65,0.04742329567670822
50,66,0.048652492463588715
50,67,0.06019185110926628
50,68,0.05169966444373131
50,69,0.041969574987888336
50,70,0.049420736730098724
50,71,0.056316521018743515
50,72,0.05600470304489136
50,73,0.05898226425051689
50,74,0.05756207928061485
50,75,0.048291485756635666
50,76,0.05061329901218414
