epoch,step,loss
1,1,1.726093053817749
1,2,1.6325347423553467
1,3,1.5646320581436157
1,4,1.5343167781829834
1,5,1.4989244937896729
1,6,1.4800682067871094
1,7,1.4567208290100098
1,8,1.4388933181762695
1,9,1.4214057922363281
1,10,1.401700496673584
1,11,1.3977736234664917
1,12,1.3861627578735352
1,13,1.3734068870544434
1,14,1.361501932144165
1,15,1.3583216667175293
1,16,1.3463103771209717
1,17,1.33808434009552
1,18,1.324015498161316
1,19,1.322911024093628
1,20,1.3186686038970947
1,21,1.3247628211975098
1,22,1.3158814907073975
1,23,1.30525803565979
1,24,1.2998902797698975
1,25,1.2958142757415771
1,26,1.2811133861541748
1,27,1.2818317413330078
1,28,1.287780523300171
1,29,1.2760426998138428
1,30,1.2579907178878784
1,31,1.2487725019454956
1,32,1.2470173835754395
1,33,1.2327253818511963
1,34,1.2376065254211426
1,35,1.2145342826843262
1,36,1.206845760345459
1,37,1.192988395690918
1,38,1.1823982000350952
1,39,1.1754305362701416
1,40,1.150475025177002
1,41,1.1571009159088135
1,42,1.1548124551773071
1,43,1.1354262828826904
1,44,1.1255245208740234
1,45,1.129482388496399
1,46,1.1096272468566895
1,47,1.0941851139068604
1,48,1.103224515914917
1,49,1.084384799003601
1,50,1.0723793506622314
1,51,1.058408260345459
1,52,1.034076452255249
1,53,1.0627518892288208
1,54,1.0309200286865234
1,55,1.0345802307128906
1,56,1.0197243690490723
1,57,0.9984480738639832
1,58,1.011448860168457
1,59,0.9956804513931274
1,60,0.9875679016113281
1,61,0.9820336103439331
1,62,0.977321982383728
1,63,0.9759895205497742
1,64,0.967359185218811
1,65,0.9575600028038025
1,66,0.9579218626022339
1,67,0.9588921666145325
1,68,0.9474979043006897
1,69,0.9375016689300537
1,70,0.9302479028701782
1,71,0.9262247085571289
1,72,0.910576581954956
1,73,0.9105633497238159
1,74,0.9033336043357849
1,75,0.8931776881217957
1,76,0.9015202522277832
1,77,0.8903970718383789
2,1,0.8742578029632568
2,2,0.8604898452758789
2,3,0.8649588823318481
2,4,0.8435994386672974
2,5,0.8594126105308533
2,6,0.8453812599182129
2,7,0.8335866928100586
2,8,0.8170527219772339
2,9,0.8116180896759033
2,10,0.8298439979553223
2,11,0.8082945346832275
2,12,0.781100869178772
2,13,0.7912497520446777
2,14,0.7773985266685486
2,15,0.7761785984039307
2,16,0.7613787055015564
2,17,0.761899471282959
2,18,0.7591452598571777
2,19,0.7581664323806763
2,20,0.7504161596298218
2,21,0.7375681400299072
2,22,0.7391065359115601
2,23,0.7337368726730347
2,24,0.7144219875335693
2,25,0.7172653079032898
2,26,0.7027350664138794
2,27,0.7048771381378174
2,28,0.6999138593673706
2,29,0.6940533518791199
2,30,0.6905263066291809
2,31,0.678250789642334
2,32,0.6796241402626038
2,33,0.6682676076889038
2,34,0.6698588132858276
2,35,0.6496670246124268
2,36,0.6622477173805237
2,37,0.6398135423660278
2,38,0.6449389457702637
2,39,0.6328401565551758
2,40,0.6327662467956543
2,41,0.6254757046699524
2,42,0.6253578066825867
2,43,0.6129536628723145
2,44,0.6157664656639099
2,45,0.6026535034179688
2,46,0.5945817232131958
2,47,0.5882985591888428
2,48,0.5922797322273254
2,49,0.5808038711547852
2,50,0.5797134637832642
2,51,0.5653345584869385
2,52,0.5711853504180908
2,53,0.5629278421401978
2,54,0.556318998336792
2,55,0.5542920231819153
2,56,0.5551455020904541
2,57,0.5524196624755859
2,58,0.5481833815574646
2,59,0.5367387533187866
2,60,0.5370334386825562
2,61,0.5220825672149658
2,62,0.5339105129241943
2,63,0.5352270603179932
2,64,0.5146894454956055
2,65,0.5313587188720703
2,66,0.5039311647415161
2,67,0.5022245049476624
2,68,0.5006991624832153
2,69,0.5089179873466492
2,70,0.4993184804916382
2,71,0.48812294006347656
2,72,0.4796934723854065
2,73,0.4925581216812134
2,74,0.47917431592941284
2,75,0.4750262498855591
2,76,0.4766938090324402
3,1,0.4660029411315918
3,2,0.45816418528556824
3,3,0.4735502600669861
3,4,0.4537881016731262
3,5,0.45624834299087524
3,6,0.4739032983779907
3,7,0.44495633244514465
3,8,0.4436336159706116
3,9,0.43978220224380493
3,10,0.44585108757019043
3,11,0.4318087100982666
3,12,0.4628859758377075
3,13,0.43621253967285156
3,14,0.44895389676094055
3,15,0.4201459288597107
3,16,0.41918596625328064
3,17,0.4127808213233948
3,18,0.4144039750099182
3,19,0.41911035776138306
3,20,0.3975642919540405
3,21,0.39220112562179565
3,22,0.39571598172187805
3,23,0.39359694719314575
3,24,0.3869301974773407
3,25,0.3882077634334564
3,26,0.3941805362701416
3,27,0.3764241635799408
3,28,0.38060611486434937
3,29,0.37527766823768616
3,30,0.37888282537460327
3,31,0.3787182867527008
3,32,0.36742323637008667
3,33,0.37327897548675537
3,34,0.3664340376853943
3,35,0.3482952415943146
3,36,0.3527165651321411
3,37,0.35246676206588745
3,38,0.34936338663101196
3,39,0.3533996045589447
3,40,0.34061944484710693
3,41,0.3535574674606323
3,42,0.35131311416625977
3,43,0.3570229411125183
3,44,0.343829482793808
3,45,0.33659911155700684
3,46,0.33700770139694214
3,47,0.33223408460617065
3,48,0.32834476232528687
3,49,0.3275861442089081
3,50,0.32468751072883606
3,51,0.3169485628604889
3,52,0.3361133933067322
3,53,0.318311482667923
3,54,0.3182947635650635
3,55,0.3249674439430237
3,56,0.3230622112751007
3,57,0.3130545914173126
3,58,0.3000052571296692
3,59,0.3114541172981262
3,60,0.3113558292388916
3,61,0.30552464723587036
3,62,0.29200661182403564
3,63,0.29022833704948425
3,64,0.31803208589553833
3,65,0.29916703701019287
3,66,0.2922271490097046
3,67,0.27990126609802246
3,68,0.27832865715026855
3,69,0.2879032790660858
3,70,0.29381805658340454
3,71,0.2704980969429016
3,72,0.27279990911483765
3,73,0.2739006578922272
3,74,0.27321702241897583
3,75,0.2898835837841034
3,76,0.29230549931526184
4,1,0.27571913599967957
4,2,0.2622941732406616
4,3,0.26928097009658813
4,4,0.2552298605442047
4,5,0.27074122428894043
4,6,0.2512570023536682
4,7,0.2656548023223877
4,8,0.2565884590148926
4,9,0.2625699043273926
4,10,0.26128292083740234
4,11,0.2446342408657074
4,12,0.24978168308734894
4,13,0.2587895691394806
4,14,0.2589542865753174
4,15,0.24814759194850922
4,16,0.24878817796707153
4,17,0.2504224181175232
4,18,0.2443515956401825
4,19,0.24427515268325806
4,20,0.2397281527519226
4,21,0.22878971695899963
4,22,0.24733808636665344
4,23,0.24531176686286926
4,24,0.2296021729707718
4,25,0.22971442341804504
4,26,0.23365521430969238
4,27,0.2409125715494156
4,28,0.22492894530296326
4,29,0.2319847047328949
4,30,0.2209842950105667
4,31,0.2369808554649353
4,32,0.2251095324754715
4,33,0.21671393513679504
4,34,0.22853508591651917
4,35,0.23280304670333862
4,36,0.21690812706947327
4,37,0.21101029217243195
4,38,0.226376473903656
4,39,0.2160056233406067
4,40,0.23937121033668518
4,41,0.2099142223596573
4,42,0.2104913741350174
4,43,0.23409920930862427
4,44,0.22477567195892334
4,45,0.22759504616260529
4,46,0.20031733810901642
4,47,0.20351287722587585
4,48,0.20242109894752502
4,49,0.21089781820774078
4,50,0.20226700603961945
4,51,0.20332185924053192
4,52,0.20857110619544983
4,53,0.2128652185201645
4,54,0.19102221727371216
4,55,0.19930391013622284
4,56,0.20130614936351776
4,57,0.2471565306186676
4,58,0.1963830292224884
4,59,0.1979299634695053
4,60,0.22850587964057922
4,61,0.19057080149650574
4,62,0.18756380677223206
4,63,0.18239359557628632
4,64,0.18950983881950378
4,65,0.20203624665737152
4,66,0.1842123568058014
4,67,0.19267107546329498
4,68,0.1836680918931961
4,69,0.2072688639163971
4,70,0.19113707542419434
4,71,0.19307298958301544
4,72,0.21103507280349731
4,73,0.1887771189212799
4,74,0.22023576498031616
4,75,0.17910659313201904
4,76,0.1861322671175003
5,1,0.18358908593654633
5,2,0.20348170399665833
5,3,0.17882123589515686
5,4,0.17987480759620667
5,5,0.18114632368087769
5,6,0.18920600414276123
5,7,0.19617560505867004
5,8,0.17845112085342407
5,9,0.18713140487670898
5,10,0.17297868430614471
5,11,0.17571499943733215
5,12,0.17102041840553284
5,13,0.1779976189136505
5,14,0.17740264534950256
5,15,0.17379136383533478
5,16,0.18872568011283875
5,17,0.16716524958610535
5,18,0.18004973232746124
5,19,0.16871705651283264
5,20,0.16605377197265625
5,21,0.17065384984016418
5,22,0.16850319504737854
5,23,0.17049530148506165
5,24,0.17478519678115845
5,25,0.16394087672233582
5,26,0.163043811917305
5,27,0.1769605278968811
5,28,0.16693072021007538
5,29,0.16957835853099823
5,30,0.17072254419326782
5,31,0.17783749103546143
5,32,0.162062868475914
5,33,0.15593266487121582
5,34,0.15965256094932556
5,35,0.1617354452610016
5,36,0.1620243787765503
5,37,0.15570110082626343
5,38,0.155659019947052
5,39,0.16598910093307495
5,40,0.17100486159324646
5,41,0.1555500030517578
5,42,0.16165190935134888
5,43,0.18527302145957947
5,44,0.16642054915428162
5,45,0.16415564715862274
5,46,0.1697494238615036
5,47,0.15558022260665894
5,48,0.15392452478408813
5,49,0.15309444069862366
5,50,0.16586552560329437
5,51,0.14972031116485596
5,52,0.15799757838249207
5,53,0.14292050898075104
5,54,0.1620195358991623
5,55,0.15021738409996033
5,56,0.14708927273750305
5,57,0.16866417229175568
5,58,0.14332449436187744
5,59,0.1572834998369217
5,60,0.15754032135009766
5,61,0.14849326014518738
5,62,0.16304905712604523
5,63,0.14703354239463806
5,64,0.18834716081619263
5,65,0.1469116508960724
5,66,0.14202000200748444
5,67,0.1497654914855957
5,68,0.15125511586666107
5,69,0.13496017456054688
5,70,0.16939356923103333
5,71,0.1663309782743454
5,72,0.14746981859207153
5,73,0.14668866991996765
5,74,0.1455349624156952
5,75,0.13626648485660553
5,76,0.1488703191280365
6,1,0.14367809891700745
6,2,0.13970094919204712
6,3,0.13653835654258728
6,4,0.14625334739685059
6,5,0.13959310948848724
6,6,0.15114307403564453
6,7,0.140456885099411
6,8,0.14115040004253387
6,9,0.14491838216781616
6,10,0.12693214416503906
6,11,0.13969630002975464
6,12,0.1475297212600708
6,13,0.1346321552991867
6,14,0.12249155342578888
6,15,0.13262653350830078
6,16,0.13507074117660522
6,17,0.13715702295303345
6,18,0.1252927929162979
6,19,0.12333118915557861
6,20,0.1377803087234497
6,21,0.12534399330615997
6,22,0.14271166920661926
6,23,0.13349074125289917
6,24,0.12487772852182388
6,25,0.12328485399484634
6,26,0.13665254414081573
6,27,0.17341336607933044
6,28,0.1335650235414505
6,29,0.15444472432136536
6,30,0.13372522592544556
6,31,0.1270727515220642
6,32,0.1270088255405426
6,33,0.13362053036689758
6,34,0.12890976667404175
6,35,0.1279320865869522
6,36,0.13470101356506348
6,37,0.12506628036499023
6,38,0.1294407695531845
6,39,0.12347422540187836
6,40,0.14676618576049805
6,41,0.1307743489742279
6,42,0.12959837913513184
6,43,0.12165696918964386
6,44,0.11785204708576202
6,45,0.1200207769870758
6,46,0.1198645830154419
6,47,0.13289719820022583
6,48,0.13052402436733246
6,49,0.11368954181671143
6,50,0.11861905455589294
6,51,0.1282857209444046
6,52,0.13976669311523438
6,53,0.12101972103118896
6,54,0.11938468366861343
6,55,0.15295101702213287
6,56,0.12494968622922897
6,57,0.12225038558244705
6,58,0.1282368302345276
6,59,0.1243622675538063
6,60,0.12490954995155334
6,61,0.11928662657737732
6,62,0.1281360387802124
6,63,0.11157715320587158
6,64,0.12448976933956146
6,65,0.12298206984996796
6,66,0.12519796192646027
6,67,0.13412056863307953
6,68,0.11763294041156769
6,69,0.1210717037320137
6,70,0.13111859560012817
6,71,0.12677089869976044
6,72,0.12302031368017197
6,73,0.13570964336395264
6,74,0.13439331948757172
6,75,0.11620430648326874
6,76,0.1370849460363388
7,1,0.1073227971792221
7,2,0.12023071199655533
7,3,0.12429261207580566
7,4,0.10963752120733261
7,5,0.10947736352682114
7,6,0.13974696397781372
7,7,0.11656773090362549
7,8,0.12066733092069626
7,9,0.13350868225097656
7,10,0.1246892586350441
7,11,0.12189209461212158
7,12,0.1125982254743576
7,13,0.10622303187847137
7,14,0.1022624671459198
7,15,0.12433016300201416
7,16,0.12303513288497925
7,17,0.12116855382919312
7,18,0.12852726876735687
7,19,0.15405535697937012
7,20,0.11844740062952042
7,21,0.13327863812446594
7,22,0.10670401155948639
7,23,0.1360715627670288
7,24,0.11014094948768616
7,25,0.12572628259658813
7,26,0.11698344349861145
7,27,0.11587795615196228
7,28,0.09886740148067474
7,29,0.13371160626411438
7,30,0.12040893733501434
7,31,0.10752034187316895
7,32,0.11117133498191833
7,33,0.11875826120376587
7,34,0.10750541090965271
7,35,0.121237613260746
7,36,0.11711692065000534
7,37,0.11378230154514313
7,38,0.11134342849254608
7,39,0.10741791129112244
7,40,0.1173345297574997
7,41,0.10368509590625763
7,42,0.11928640305995941
7,43,0.10583412647247314
7,44,0.11295990645885468
7,45,0.10252223908901215
7,46,0.10706178843975067
7,47,0.11792854219675064
7,48,0.12128125876188278
7,49,0.10983482003211975
7,50,0.1237272247672081
7,51,0.10646792501211166
7,52,0.09971228241920471
7,53,0.124071404337883
7,54,0.1083996519446373
7,55,0.11782266199588776
7,56,0.1054602786898613
7,57,0.11056098341941833
7,58,0.11399093270301819
7,59,0.12144370377063751
7,60,0.14400732517242432
7,61,0.10783953964710236
7,62,0.12073133885860443
7,63,0.11614971607923508
7,64,0.11195535212755203
7,65,0.10706360638141632
7,66,0.1143188327550888
7,67,0.12436170876026154
7,68,0.10788244009017944
7,69,0.11561739444732666
7,70,0.10905373096466064
7,71,0.10761046409606934
7,72,0.13451433181762695
7,73,0.12239044904708862
7,74,0.10735736042261124
7,75,0.12027782201766968
7,76,0.10788819193840027
8,1,0.09868013858795166
8,2,0.11168402433395386
8,3,0.10127945244312286
8,4,0.10571035742759705
8,5,0.10357069969177246
8,6,0.10311782360076904
8,7,0.11995430290699005
8,8,0.11013307422399521
8,9,0.10583359003067017
8,10,0.1034390926361084
8,11,0.10286436229944229
8,12,0.11392869055271149
8,13,0.09987781941890717
8,14,0.10082791745662689
8,15,0.1070694774389267
8,16,0.10333189368247986
8,17,0.1250891387462616
8,18,0.0979052186012268
8,19,0.12346692383289337
8,20,0.1146746501326561
8,21,0.11061503738164902
8,22,0.09823280572891235
8,23,0.10301820188760757
8,24,0.10809707641601562
8,25,0.10528938472270966
8,26,0.10362771153450012
8,27,0.1029282659292221
8,28,0.10918647050857544
8,29,0.09750828146934509
8,30,0.09696321934461594
8,31,0.10412834584712982
8,32,0.10494015365839005
8,33,0.09748655557632446
8,34,0.09568296372890472
8,35,0.10080450028181076
8,36,0.10752726346254349
8,37,0.1126239150762558
8,38,0.10026092827320099
8,39,0.11115571111440659
8,40,0.10912954062223434
8,41,0.10546927154064178
8,42,0.10952366143465042
8,43,0.09740597009658813
8,44,0.09928303956985474
8,45,0.1135539710521698
8,46,0.10228943824768066
8,47,0.09883896261453629
8,48,0.1015423983335495
8,49,0.09688623249530792
8,50,0.09647922217845917
8,51,0.09890088438987732
8,52,0.09364717453718185
8,53,0.10704664885997772
8,54,0.10221976786851883
8,55,0.117684006690979
8,56,0.09259311854839325
8,57,0.09655322879552841
8,58,0.09405367076396942
8,59,0.10858327150344849
8,60,0.1050877720117569
8,61,0.094837486743927
8,62,0.10126766562461853
8,63,0.09596332162618637
8,64,0.0980382189154625
8,65,0.1006838008761406
8,66,0.08841632306575775
8,67,0.10224559158086777
8,68,0.1082640215754509
8,69,0.10045953094959259
8,70,0.10909569263458252
8,71,0.09394627809524536
8,72,0.09788545966148376
8,73,0.09613919258117676
8,74,0.09086423367261887
8,75,0.09080617129802704
8,76,0.10522675514221191
9,1,0.09021836519241333
9,2,0.10298126935958862
9,3,0.08425326645374298
9,4,0.09482575953006744
9,5,0.0953773483633995
9,6,0.09856933355331421
9,7,0.09954820573329926
9,8,0.0735095888376236
9,9,0.09460127353668213
9,10,0.09198286384344101
9,11,0.08460792154073715
9,12,0.09697651118040085
9,13,0.08974094688892365
9,14,0.09463468939065933
9,15,0.08824995905160904
9,16,0.0906660258769989
9,17,0.0910021960735321
9,18,0.09744440019130707
9,19,0.09413917362689972
9,20,0.08929257094860077
9,21,0.07786054909229279
9,22,0.0907023623585701
9,23,0.08718107640743256
9,24,0.09291035681962967
9,25,0.0954098105430603
9,26,0.08904513716697693
9,27,0.08137267827987671
9,28,0.0767897218465805
9,29,0.09473514556884766
9,30,0.0943010002374649
9,31,0.0927671492099762
9,32,0.0989428460597992
9,33,0.08488374948501587
9,34,0.09102179110050201
9,35,0.10399843752384186
9,36,0.10296733677387238
9,37,0.07721205055713654
9,38,0.08454830199480057
9,39,0.09138384461402893
9,40,0.1063413918018341
9,41,0.10672476887702942
9,42,0.08896607160568237
9,43,0.10152683407068253
9,44,0.09220851957798004
9,45,0.10536354780197144
9,46,0.09668883681297302
9,47,0.09660600870847702
9,48,0.08270946145057678
9,49,0.09967275708913803
9,50,0.104879230260849
9,51,0.09642265737056732
9,52,0.09224064648151398
9,53,0.09929832071065903
9,54,0.11050671339035034
9,55,0.09630744159221649
9,56,0.10621626675128937
9,57,0.09751801937818527
9,58,0.09564706683158875
9,59,0.09939946979284286
9,60,0.09138359874486923
9,61,0.09533590823411942
9,62,0.09370477497577667
9,63,0.0946665108203888
9,64,0.1082841083407402
9,65,0.10315648466348648
9,66,0.10227319598197937
9,67,0.08722148835659027
9,68,0.08307366073131561
9,69,0.09292301535606384
9,70,0.08579622954130173
9,71,0.10072216391563416
9,72,0.08253861963748932
9,73,0.09818451851606369
9,74,0.09121905267238617
9,75,0.12241597473621368
9,76,0.09850611537694931
10,1,0.12986934185028076
10,2,0.10181267559528351
10,3,0.09845533967018127
10,4,0.09755706787109375
10,5,0.11743373423814774
10,6,0.11013941466808319
10,7,0.09820324182510376
10,8,0.08617083728313446
10,9,0.10866288840770721
10,10,0.10849903523921967
10,11,0.09577669203281403
10,12,0.08379887044429779
10,13,0.10467005521059036
10,14,0.09012352675199509
10,15,0.11802230775356293
10,16,0.1014237105846405
10,17,0.09065794944763184
10,18,0.08850788325071335
10,19,0.0956517904996872
10,20,0.0970587357878685
10,21,0.08539864420890808
10,22,0.07841228693723679
10,23,0.09822976589202881
10,24,0.08156271278858185
10,25,0.09766016900539398
10,26,0.10192607343196869
10,27,0.09711399674415588
10,28,0.10431734472513199
10,29,0.08247162401676178
10,30,0.09131444990634918
10,31,0.09019194543361664
10,32,0.10458134114742279
10,33,0.09010595828294754
10,34,0.09664247930049896
10,35,0.08822418749332428
10,36,0.09115347266197205
10,37,0.08185180276632309
10,38,0.100745290517807
10,39,0.08275683224201202
10,40,0.09929313510656357
10,41,0.10093297064304352
10,42,0.09467055648565292
10,43,0.09325822442770004
10,44,0.09170621633529663
10,45,0.09280137717723846
10,46,0.101219043135643
10,47,0.08838983625173569
10,48,0.08932259678840637
10,49,0.08143365383148193
10,50,0.082634337246418
10,51,0.08565524965524673
10,52,0.08636878430843353
10,53,0.08412802219390869
10,54,0.09394398331642151
10,55,0.08914504200220108
10,56,0.09265811741352081
10,57,0.08280789852142334
10,58,0.08041910827159882
10,59,0.0832008346915245
10,60,0.0996846929192543
10,61,0.08717871457338333
10,62,0.07451470196247101
10,63,0.08907462656497955
10,64,0.0846748799085617
10,65,0.09900003671646118
10,66,0.08377707749605179
10,67,0.10628572106361389
10,68,0.08271051943302155
10,69,0.07899785041809082
10,70,0.09454376995563507
10,71,0.09911146759986877
10,72,0.10290005058050156
10,73,0.08007802069187164
10,74,0.0942431315779686
10,75,0.07686340808868408
10,76,0.07505638897418976
11,1,0.07626478374004364
11,2,0.09559405595064163
11,3,0.08503010869026184
11,4,0.10084417462348938
11,5,0.08729027211666107
11,6,0.08801943808794022
11,7,0.08775851130485535
11,8,0.08262424170970917
11,9,0.082272008061409
11,10,0.07907388359308243
11,11,0.07938646525144577
11,12,0.08058534562587738
11,13,0.08836554735898972
11,14,0.08184539526700974
11,15,0.09984618425369263
11,16,0.08162204176187515
11,17,0.0851912796497345
11,18,0.09037033468484879
11,19,0.09005273133516312
11,20,0.08179284632205963
11,21,0.08705604076385498
11,22,0.0842457115650177
11,23,0.07303433120250702
11,24,0.07704301923513412
11,25,0.08527514338493347
11,26,0.06795915961265564
11,27,0.08394043147563934
11,28,0.0653342604637146
11,29,0.07831709086894989
11,30,0.07671695947647095
11,31,0.07190180569887161
11,32,0.09139171242713928
11,33,0.08504623919725418
11,34,0.08234980702400208
11,35,0.09985485672950745
11,36,0.07660707086324692
11,37,0.07601132988929749
11,38,0.08277944475412369
11,39,0.09268888086080551
11,40,0.08565722405910492
11,41,0.08434763550758362
11,42,0.08539140224456787
11,43,0.08609964698553085
11,44,0.09651245176792145
11,45,0.09488596022129059
11,46,0.09095188975334167
11,47,0.08294650912284851
11,48,0.07962999492883682
11,49,0.0855063945055008
11,50,0.0942879319190979
11,51,0.07203397154808044
11,52,0.08170487731695175
11,53,0.08520475029945374
11,54,0.08669854700565338
11,55,0.08578617870807648
11,56,0.08717138320207596
11,57,0.09877922385931015
11,58,0.07101985067129135
11,59,0.07584626972675323
11,60,0.07685630023479462
11,61,0.07683442533016205
11,62,0.0770002081990242
11,63,0.08362019807100296
11,64,0.07870850712060928
11,65,0.09976927191019058
11,66,0.08631210029125214
11,67,0.07559050619602203
11,68,0.07746455818414688
11,69,0.0763830840587616
11,70,0.07614874839782715
11,71,0.07374274730682373
11,72,0.08760838210582733
11,73,0.08718547224998474
11,74,0.09246379137039185
11,75,0.07870595902204514
11,76,0.08546625077724457
12,1,0.08231580257415771
12,2,0.08018770813941956
12,3,0.08546899259090424
12,4,0.09595523774623871
12,5,0.07079221308231354
12,6,0.08651377260684967
12,7,0.09351611137390137
12,8,0.08890238404273987
12,9,0.09394486993551254
12,10,0.07866799086332321
12,11,0.07925374805927277
12,12,0.08568307757377625
12,13,0.0837666392326355
12,14,0.08159628510475159
12,15,0.07562665641307831
12,16,0.08503168821334839
12,17,0.08926142752170563
12,18,0.07599680870771408
12,19,0.07345277070999146
12,20,0.08064053952693939
12,21,0.08115024864673615
12,22,0.0746539980173111
12,23,0.07975307106971741
12,24,0.0678144246339798
12,25,0.08472282439470291
12,26,0.07107418775558472
12,27,0.07979820668697357
12,28,0.08425015211105347
12,29,0.07575955986976624
12,30,0.0712025910615921
12,31,0.07301293313503265
12,32,0.07818101346492767
12,33,0.08193293958902359
12,34,0.07205474376678467
12,35,0.07511664927005768
12,36,0.09328392148017883
12,37,0.08429206162691116
12,38,0.07835983484983444
12,39,0.07827319204807281
12,40,0.0690920278429985
12,41,0.07498204708099365
12,42,0.08759693801403046
12,43,0.06697056442499161
12,44,0.07536479830741882
12,45,0.08929334580898285
12,46,0.08265179395675659
12,47,0.07563981413841248
12,48,0.0846930667757988
12,49,0.08655724674463272
12,50,0.0761171281337738
12,51,0.09407398104667664
12,52,0.07569637894630432
12,53,0.07528123259544373
12,54,0.07840687781572342
12,55,0.08016663789749146
12,56,0.06929447501897812
12,57,0.07729290425777435
12,58,0.07680337876081467
12,59,0.0754118263721466
12,60,0.08476117998361588
12,61,0.10282105952501297
12,62,0.08632280677556992
12,63,0.07454055547714233
12,64,0.07739341259002686
12,65,0.07617241889238358
12,66,0.08319151401519775
12,67,0.06876114755868912
12,68,0.06678679585456848
12,69,0.07620985805988312
12,70,0.07610999047756195
12,71,0.09886132925748825
12,72,0.09192325919866562
12,73,0.08697991073131561
12,74,0.07044380903244019
12,75,0.07711021602153778
12,76,0.06760874390602112
13,1,0.0658426433801651
13,2,0.07350446283817291
13,3,0.07778191566467285
13,4,0.08224689960479736
13,5,0.065948985517025
13,6,0.06601724028587341
13,7,0.09928207844495773
13,8,0.07513563334941864
13,9,0.07139983773231506
13,10,0.08743686974048615
13,11,0.08503706008195877
13,12,0.07240284979343414
13,13,0.08479546010494232
13,14,0.07210646569728851
13,15,0.07593146711587906
13,16,0.07657331228256226
13,17,0.07352294772863388
13,18,0.07200098037719727
13,19,0.06801888346672058
13,20,0.08775059878826141
13,21,0.06725558638572693
13,22,0.06895673274993896
13,23,0.06712540984153748
13,24,0.07368354499340057
13,25,0.08726554363965988
13,26,0.08324070274829865
13,27,0.06814680993556976
13,28,0.06271094083786011
13,29,0.0812668725848198
13,30,0.07386169582605362
13,31,0.06647451221942902
13,32,0.07316553592681885
13,33,0.07280145585536957
13,34,0.06288686394691467
13,35,0.06343401968479156
13,36,0.07921579480171204
13,37,0.08149182051420212
13,38,0.06762702763080597
13,39,0.07400792092084885
13,40,0.0762210562825203
13,41,0.07067105919122696
13,42,0.06722357869148254
13,43,0.06986731290817261
13,44,0.06565982848405838
13,45,0.0783633440732956
13,46,0.0605853796005249
13,47,0.06976409256458282
13,48,0.09783805906772614
13,49,0.0787019282579422
13,50,0.06975721567869186
13,51,0.06772620230913162
13,52,0.06916071474552155
13,53,0.08222348242998123
13,54,0.08018071949481964
13,55,0.07467591762542725
13,56,0.07122746109962463
13,57,0.06730002909898758
13,58,0.06626830250024796
13,59,0.07909722626209259
13,60,0.06839259713888168
13,61,0.07516440749168396
13,62,0.07436621189117432
13,63,0.06864926964044571
13,64,0.07733158022165298
13,65,0.07738718390464783
13,66,0.06638651341199875
13,67,0.066982701420784
13,68,0.07209692895412445
13,69,0.0631842240691185
13,70,0.06432972103357315
13,71,0.0758361965417862
13,72,0.07143508642911911
13,73,0.07921316474676132
13,74,0.07265719771385193
13,75,0.06680922955274582
13,76,0.07172998785972595
14,1,0.08784059435129166
14,2,0.07473215460777283
14,3,0.08151866495609283
14,4,0.08406815677881241
14,5,0.0705970749258995
14,6,0.08506696671247482
14,7,0.07043281197547913
14,8,0.07000424712896347
14,9,0.07543179392814636
14,10,0.06944673508405685
14,11,0.056834809482097626
14,12,0.07638485729694366
14,13,0.08004322648048401
14,14,0.07449758052825928
14,15,0.06539502739906311
14,16,0.0631425604224205
14,17,0.06792479753494263
14,18,0.06648773699998856
14,19,0.06713436543941498
14,20,0.07418787479400635
14,21,0.07900254428386688
14,22,0.08543124794960022
14,23,0.06958670914173126
14,24,0.06890596449375153
14,25,0.0696684718132019
14,26,0.06777627766132355
14,27,0.06870380789041519
14,28,0.06041371822357178
14,29,0.07606589049100876
14,30,0.07902134954929352
14,31,0.07344351708889008
14,32,0.06926579773426056
14,33,0.07674026489257812
14,34,0.08718492090702057
14,35,0.06965703517198563
14,36,0.06513778865337372
14,37,0.06324168294668198
14,38,0.07160410284996033
14,39,0.06714349240064621
14,40,0.07020407170057297
14,41,0.08718821406364441
14,42,0.07136061787605286
14,43,0.0867384672164917
14,44,0.0741739347577095
14,45,0.07172620296478271
14,46,0.07379554212093353
14,47,0.06657098233699799
14,48,0.08063958585262299
14,49,0.0668332651257515
14,50,0.07710318267345428
14,51,0.06780871003866196
14,52,0.06670568883419037
14,53,0.0681602954864502
14,54,0.08508652448654175
14,55,0.06346530467271805
14,56,0.07287970185279846
14,57,0.06925176084041595
14,58,0.07440086454153061
14,59,0.07602420449256897
14,60,0.06821532547473907
14,61,0.06964903324842453
14,62,0.08034977316856384
14,63,0.059768401086330414
14,64,0.07104121148586273
14,65,0.08806741237640381
14,66,0.07415759563446045
14,67,0.06469462066888809
14,68,0.06507490575313568
14,69,0.06649479269981384
14,70,0.08572296053171158
14,71,0.07164812088012695
14,72,0.05794021487236023
14,73,0.05801241099834442
14,74,0.08249413967132568
14,75,0.07186336815357208
14,76,0.06479522585868835
15,1,0.07303297519683838
15,2,0.06700868904590607
15,3,0.06811138987541199
15,4,0.1106681227684021
15,5,0.0665191039443016
15,6,0.07000261545181274
15,7,0.07610873878002167
15,8,0.07261205464601517
15,9,0.07284466922283173
15,10,0.07746654748916626
15,11,0.06840351223945618
15,12,0.07079774141311646
15,13,0.07778888940811157
15,14,0.0702780932188034
15,15,0.07231610268354416
15,16,0.07575936615467072
15,17,0.08973366022109985
15,18,0.07081139087677002
15,19,0.07781107723712921
15,20,0.0670851469039917
15,21,0.06294073164463043
15,22,0.07243184000253677
15,23,0.07612013816833496
15,24,0.0740215852856636
15,25,0.07912187278270721
15,26,0.06807965785264969
15,27,0.08530500531196594
15,28,0.08150769770145416
15,29,0.06463896483182907
15,30,0.06450768560171127
15,31,0.07811470329761505
15,32,0.07160782814025879
15,33,0.06301626563072205
15,34,0.07615213096141815
15,35,0.06308328360319138
15,36,0.06577543914318085
15,37,0.07846596837043762
15,38,0.08151538670063019
15,39,0.06491720676422119
15,40,0.08310588449239731
15,41,0.07428842782974243
15,42,0.06310054659843445
15,43,0.07162808626890182
15,44,0.0632045716047287
15,45,0.06474299728870392
15,46,0.06656277924776077
15,47,0.06986407935619354
15,48,0.07155892252922058
15,49,0.07549389451742172
15,50,0.061121728271245956
15,51,0.08066484332084656
15,52,0.06806538999080658
15,53,0.06402768194675446
15,54,0.07197067141532898
15,55,0.06901674717664719
15,56,0.06004250422120094
15,57,0.05872953683137894
15,58,0.06265375018119812
15,59,0.05987712740898132
15,60,0.08394627273082733
15,61,0.06969761848449707
15,62,0.06618102639913559
15,63,0.06569027155637741
15,64,0.06267218291759491
15,65,0.05987217277288437
15,66,0.06339342892169952
15,67,0.07694707810878754
15,68,0.07185399532318115
15,69,0.06312201917171478
15,70,0.06870941072702408
15,71,0.06569429486989975
15,72,0.08862659335136414
15,73,0.06642630696296692
15,74,0.05800549313426018
15,75,0.08302294462919235
15,76,0.06596145033836365
16,1,0.0627114474773407
16,2,0.08084292709827423
16,3,0.07751743495464325
16,4,0.05566275119781494
16,5,0.07318423688411713
16,6,0.06873898208141327
16,7,0.06406211853027344
16,8,0.0652044266462326
16,9,0.05865392088890076
16,10,0.07234639674425125
16,11,0.06415600329637527
16,12,0.06782279908657074
16,13,0.07008115947246552
16,14,0.07954633235931396
16,15,0.06718488782644272
16,16,0.0722218006849289
16,17,0.09249543398618698
16,18,0.07155809551477432
16,19,0.07192754000425339
16,20,0.056156061589717865
16,21,0.06109372526407242
16,22,0.06117037311196327
16,23,0.0662493035197258
16,24,0.055973347276449203
16,25,0.0611107274889946
16,26,0.07766013592481613
16,27,0.06564661860466003
16,28,0.06279265880584717
16,29,0.0662078708410263
16,30,0.06351055949926376
16,31,0.060495249927043915
16,32,0.06645828485488892
16,33,0.06662943959236145
16,34,0.0649428442120552
16,35,0.08439001441001892
16,36,0.07207631319761276
16,37,0.09096413850784302
16,38,0.06224983185529709
16,39,0.06779420375823975
16,40,0.06594067811965942
16,41,0.07070218026638031
16,42,0.06144212186336517
16,43,0.07264512777328491
16,44,0.06078833341598511
16,45,0.07154671847820282
16,46,0.07119959592819214
16,47,0.06485678255558014
16,48,0.07706081867218018
16,49,0.0788981169462204
16,50,0.06969860196113586
16,51,0.07359226793050766
16,52,0.0647108256816864
16,53,0.0730685293674469
16,54,0.07141101360321045
16,55,0.062334321439266205
16,56,0.06940725445747375
16,57,0.07789430022239685
16,58,0.075327068567276
16,59,0.0665484294295311
16,60,0.06612954288721085
16,61,0.06495767831802368
16,62,0.07051704823970795
16,63,0.06700201332569122
16,64,0.056920863687992096
16,65,0.05735306441783905
16,66,0.05837292969226837
16,67,0.06505508720874786
16,68,0.06457937508821487
16,69,0.06433695554733276
16,70,0.08094670623540878
16,71,0.06571947783231735
16,72,0.05885443091392517
16,73,0.06082530319690704
16,74,0.0820292979478836
16,75,0.07313521951436996
16,76,0.057973574846982956
17,1,0.07538176327943802
17,2,0.06970566511154175
17,3,0.06999313831329346
17,4,0.06100697070360184
17,5,0.05947417765855789
17,6,0.0553755983710289
17,7,0.06642647087574005
17,8,0.0708375945687294
17,9,0.05953717231750488
17,10,0.07220183312892914
17,11,0.07349006831645966
17,12,0.06406009197235107
17,13,0.06411976367235184
17,14,0.06031965836882591
17,15,0.07127906382083893
17,16,0.07601979374885559
17,17,0.05779699608683586
17,18,0.05901460349559784
17,19,0.07567921280860901
17,20,0.071187324821949
17,21,0.06778975576162338
17,22,0.06291057169437408
17,23,0.07686091214418411
17,24,0.06381170451641083
17,25,0.06713145971298218
17,26,0.06616069376468658
17,27,0.06228691339492798
17,28,0.0700199231505394
17,29,0.06989072263240814
17,30,0.0782860741019249
17,31,0.056836988776922226
17,32,0.06320859491825104
17,33,0.08171144872903824
17,34,0.06337325274944305
17,35,0.06152353435754776
17,36,0.07808735966682434
17,37,0.0675879418849945
17,38,0.0632987916469574
17,39,0.059762515127658844
17,40,0.06560586392879486
17,41,0.07539117336273193
17,42,0.0677419900894165
17,43,0.06967096030712128
17,44,0.07901082932949066
17,45,0.06722032278776169
17,46,0.07259979844093323
17,47,0.061563991010189056
17,48,0.06937657296657562
17,49,0.08902277052402496
17,50,0.06410956382751465
17,51,0.06483957171440125
17,52,0.07949061691761017
17,53,0.06529080122709274
17,54,0.0668654590845108
17,55,0.06485068798065186
17,56,0.06129014119505882
17,57,0.07035152614116669
17,58,0.06091856211423874
17,59,0.06376495957374573
17,60,0.06129050627350807
17,61,0.05135796219110489
17,62,0.05858878046274185
17,63,0.06101835146546364
17,64,0.0635027140378952
17,65,0.06473025679588318
17,66,0.06730194389820099
17,67,0.07021285593509674
17,68,0.059452738612890244
17,69,0.0541905015707016
17,70,0.054895974695682526
17,71,0.07656271755695343
17,72,0.05564051866531372
17,73,0.05989217385649681
17,74,0.06171375513076782
17,75,0.057860396802425385
17,76,0.0634140819311142
18,1,0.06494935601949692
18,2,0.06313276290893555
18,3,0.06882922351360321
18,4,0.057270441204309464
18,5,0.06787478923797607
18,6,0.06422005593776703
18,7,0.06528379023075104
18,8,0.06249294802546501
18,9,0.06716352701187134
18,10,0.064753957092762
18,11,0.06992381811141968
18,12,0.0895211398601532
18,13,0.06664934009313583
18,14,0.07208611071109772
18,15,0.08180937170982361
18,16,0.05957157537341118
18,17,0.06679565459489822
18,18,0.06192881613969803
18,19,0.06460921466350555
18,20,0.060446202754974365
18,21,0.07660308480262756
18,22,0.06552330404520035
18,23,0.06831353157758713
18,24,0.06492460519075394
18,25,0.05935526266694069
18,26,0.07103843986988068
18,27,0.06712011992931366
18,28,0.06445684283971786
18,29,0.07048089802265167
18,30,0.06507379561662674
18,31,0.06263059377670288
18,32,0.05706664174795151
18,33,0.06693732738494873
18,34,0.06355839222669601
18,35,0.06152278929948807
18,36,0.06664566695690155
18,37,0.06083894893527031
18,38,0.08057557791471481
18,39,0.07288302481174469
18,40,0.06186280772089958
18,41,0.06420278549194336
18,42,0.06336189806461334
18,43,0.058449774980545044
18,44,0.05582751706242561
18,45,0.06279687583446503
18,46,0.05752922594547272
18,47,0.0654137134552002
18,48,0.07219578325748444
18,49,0.058131806552410126
18,50,0.08562156558036804
18,51,0.0624786838889122
18,52,0.0629635900259018
18,53,0.08135969936847687
18,54,0.06463341414928436
18,55,0.07094064354896545
18,56,0.07293717563152313
18,57,0.07165447622537613
18,58,0.06562381982803345
18,59,0.05922942981123924
18,60,0.06076739728450775
18,61,0.057488203048706055
18,62,0.05520796775817871
18,63,0.06623272597789764
18,64,0.06162337586283684
18,65,0.06047437712550163
18,66,0.06839605420827866
18,67,0.060636427253484726
18,68,0.056048572063446045
18,69,0.06778088212013245
18,70,0.06154978647828102
18,71,0.061303719878196716
18,72,0.09470589458942413
18,73,0.07107152789831161
18,74,0.09424521028995514
18,75,0.07742337882518768
18,76,0.06751514971256256
19,1,0.06817278265953064
19,2,0.06428079307079315
19,3,0.06874129176139832
19,4,0.07238343358039856
19,5,0.057120390236377716
19,6,0.061204928904771805
19,7,0.05243892967700958
19,8,0.06718428432941437
19,9,0.062421537935733795
19,10,0.0738973617553711
19,11,0.061394646763801575
19,12,0.06630009412765503
19,13,0.06784019619226456
19,14,0.05878031253814697
19,15,0.06097429245710373
19,16,0.0610363744199276
19,17,0.05884746089577675
19,18,0.06896406412124634
19,19,0.05415951460599899
19,20,0.05802469700574875
19,21,0.06112284958362579
19,22,0.05703863874077797
19,23,0.06794559955596924
19,24,0.07168111205101013
19,25,0.06401942670345306
19,26,0.05798906087875366
19,27,0.05764885991811752
19,28,0.06340284645557404
19,29,0.05570721626281738
19,30,0.0537416934967041
19,31,0.0670093446969986
19,32,0.07138897478580475
19,33,0.0626671314239502
19,34,0.0606929212808609
19,35,0.06270596385002136
19,36,0.058578938245773315
19,37,0.06684883683919907
19,38,0.06345568597316742
19,39,0.06192007660865784
19,40,0.06345721334218979
19,41,0.07327389717102051
19,42,0.05850471556186676
19,43,0.07178656756877899
19,44,0.060742974281311035
19,45,0.06689363718032837
19,46,0.06880280375480652
19,47,0.06783050298690796
19,48,0.05598653107881546
19,49,0.05495092272758484
19,50,0.06108490377664566
19,51,0.06422098726034164
19,52,0.06404846906661987
19,53,0.06404641270637512
19,54,0.06438189744949341
19,55,0.06357622146606445
19,56,0.06291919946670532
19,57,0.05616920441389084
19,58,0.07622800022363663
19,59,0.0674499124288559
19,60,0.057025644928216934
19,61,0.058743737637996674
19,62,0.06168927252292633
19,63,0.05484035983681679
19,64,0.056202057749032974
19,65,0.06124715507030487
19,66,0.059262484312057495
19,67,0.062165796756744385
19,68,0.06568622589111328
19,69,0.07774381339550018
19,70,0.06434032320976257
19,71,0.05531272292137146
19,72,0.054759345948696136
19,73,0.0784057006239891
19,74,0.05919355899095535
19,75,0.06080683320760727
19,76,0.06399321556091309
20,1,0.06036820262670517
20,2,0.07666485011577606
20,3,0.0753139927983284
20,4,0.05959741398692131
20,5,0.05569508671760559
20,6,0.05889732763171196
20,7,0.06577819585800171
20,8,0.06033659726381302
20,9,0.0516892746090889
20,10,0.06042233854532242
20,11,0.11020144075155258
20,12,0.07128944993019104
20,13,0.05162777379155159
20,14,0.06715472042560577
20,15,0.07149963080883026
20,16,0.05443072319030762
20,17,0.04980023205280304
20,18,0.053964391350746155
20,19,0.06080981343984604
20,20,0.051935598254203796
20,21,0.059465572237968445
20,22,0.06482193619012833
20,23,0.06403857469558716
20,24,0.06675896793603897
20,25,0.06193894147872925
20,26,0.0553053617477417
20,27,0.06130874902009964
20,28,0.06636212021112442
20,29,0.05859193205833435
20,30,0.055612415075302124
20,31,0.07694131135940552
20,32,0.05845888704061508
20,33,0.06412449479103088
20,34,0.07507534325122833
20,35,0.05674336850643158
20,36,0.0621262826025486
20,37,0.06327657401561737
20,38,0.06410899758338928
20,39,0.06894835829734802
20,40,0.06269382685422897
20,41,0.06149096414446831
20,42,0.05868259072303772
20,43,0.07251259684562683
20,44,0.058022111654281616
20,45,0.0634298101067543
20,46,0.052118562161922455
20,47,0.05929519981145859
20,48,0.055595219135284424
20,49,0.06612307578325272
20,50,0.059654124081134796
20,51,0.06352689862251282
20,52,0.05614210292696953
20,53,0.08010825514793396
20,54,0.07801687717437744
20,55,0.05601624399423599
20,56,0.06832689046859741
20,57,0.0799688771367073
20,58,0.05883987247943878
20,59,0.0707307904958725
20,60,0.0633319616317749
20,61,0.0643862634897232
20,62,0.06269541382789612
20,63,0.06601573526859283
20,64,0.06582503020763397
20,65,0.05984540283679962
20,66,0.06416887044906616
20,67,0.05968247726559639
20,68,0.07023876905441284
20,69,0.07302453368902206
20,70,0.06527284532785416
20,71,0.08729200065135956
20,72,0.07285389304161072
20,73,0.06864461302757263
20,74,0.06776538491249084
20,75,0.07124024629592896
20,76,0.06351269781589508
21,1,0.06925234198570251
21,2,0.0554218590259552
21,3,0.06354052573442459
21,4,0.05903802067041397
21,5,0.0804499164223671
21,6,0.06591074168682098
21,7,0.05408123880624771
21,8,0.06453022360801697
21,9,0.07037244737148285
21,10,0.06675277650356293
21,11,0.06414097547531128
21,12,0.0581960566341877
21,13,0.058546047657728195
21,14,0.05740850791335106
21,15,0.06375792622566223
21,16,0.05940476059913635
21,17,0.06045454740524292
21,18,0.05957736447453499
21,19,0.05800873413681984
21,20,0.05484018474817276
21,21,0.0573916882276535
21,22,0.06461485475301743
21,23,0.06468850374221802
21,24,0.05957554653286934
21,25,0.06945015490055084
21,26,0.06602004170417786
21,27,0.06515674293041229
21,28,0.06449491530656815
21,29,0.06022478640079498
21,30,0.06384317576885223
21,31,0.055690664798021317
21,32,0.05571848526597023
21,33,0.06539969146251678
21,34,0.059620633721351624
21,35,0.06258389353752136
21,36,0.062269292771816254
21,37,0.06885963678359985
21,38,0.05504297465085983
21,39,0.06702178716659546
21,40,0.04590228199958801
21,41,0.05222528427839279
21,42,0.06912492215633392
21,43,0.06284067779779434
21,44,0.054263923317193985
21,45,0.05374341458082199
21,46,0.05426931381225586
21,47,0.06205747649073601
21,48,0.05480947718024254
21,49,0.07229087501764297
21,50,0.05968071147799492
21,51,0.06521113216876984
21,52,0.051930394023656845
21,53,0.060316577553749084
21,54,0.05888555943965912
21,55,0.0683126300573349
21,56,0.06653919070959091
21,57,0.06707952916622162
21,58,0.05960769206285477
21,59,0.06638988107442856
21,60,0.059925179928541183
21,61,0.05678430199623108
21,62,0.06447035074234009
21,63,0.05508622154593468
21,64,0.05405965819954872
21,65,0.05245660990476608
21,66,0.06593862175941467
21,67,0.05739985778927803
21,68,0.05324999988079071
21,69,0.05670801177620888
21,70,0.055893003940582275
21,71,0.06047742813825607
21,72,0.06010168790817261
21,73,0.07362185418605804
21,74,0.055486325174570084
21,75,0.06581423431634903
21,76,0.052319105714559555
22,1,0.06664187461137772
22,2,0.06339556723833084
22,3,0.05103292316198349
22,4,0.05152900516986847
22,5,0.06855984032154083
22,6,0.055227555334568024
22,7,0.06924666464328766
22,8,0.05397782102227211
22,9,0.05489455536007881
22,10,0.05503849685192108
22,11,0.05678949132561684
22,12,0.06790229678153992
22,13,0.0690719336271286
22,14,0.06044262647628784
22,15,0.05615895241498947
22,16,0.05421219393610954
22,17,0.05364108085632324
22,18,0.055916160345077515
22,19,0.052975334227085114
22,20,0.05422477424144745
22,21,0.059260524809360504
22,22,0.067501962184906
22,23,0.05934008210897446
22,24,0.05672841519117355
22,25,0.05933104082942009
22,26,0.05981156975030899
22,27,0.058151960372924805
22,28,0.05280480533838272
22,29,0.057380273938179016
22,30,0.06042071431875229
22,31,0.058158546686172485
22,32,0.06143408268690109
22,33,0.0639800876379013
22,34,0.05595042183995247
22,35,0.060226887464523315
22,36,0.05566652491688728
22,37,0.06439773738384247
22,38,0.06289900839328766
22,39,0.060247719287872314
22,40,0.06842586398124695
22,41,0.06285743415355682
22,42,0.053315989673137665
22,43,0.05964808911085129
22,44,0.06294037401676178
22,45,0.07021206617355347
22,46,0.06137685850262642
22,47,0.0722532570362091
22,48,0.05384434014558792
22,49,0.05487349256873131
22,50,0.05093838647007942
22,51,0.054804522544145584
22,52,0.058069080114364624
22,53,0.05404501408338547
22,54,0.05654820799827576
22,55,0.05938128009438515
22,56,0.060583218932151794
22,57,0.05249756574630737
22,58,0.07126709818840027
22,59,0.06297237426042557
22,60,0.06027795746922493
22,61,0.059667184948921204
22,62,0.0651586577296257
22,63,0.06074637174606323
22,64,0.05307653546333313
22,65,0.06055188924074173
22,66,0.052929848432540894
22,67,0.053244322538375854
22,68,0.05855648219585419
22,69,0.05718393623828888
22,70,0.05404387786984444
22,71,0.06121449917554855
22,72,0.05399565398693085
22,73,0.07678154110908508
22,74,0.056753989309072495
22,75,0.05483445152640343
22,76,0.04968922212719917
23,1,0.054087623953819275
23,2,0.06768941879272461
23,3,0.054583411663770676
23,4,0.05905696377158165
23,5,0.06800993531942368
23,6,0.06031379848718643
23,7,0.05770881101489067
23,8,0.050336770713329315
23,9,0.055293578654527664
23,10,0.05656660348176956
23,11,0.05691133439540863
23,12,0.044745512306690216
23,13,0.053029902279376984
23,14,0.05289136618375778
23,15,0.07302823662757874
23,16,0.05715622752904892
23,17,0.05436808243393898
23,18,0.055084146559238434
23,19,0.059787318110466
23,20,0.07926779240369797
23,21,0.05167928338050842
23,22,0.055802006274461746
23,23,0.052024368196725845
23,24,0.048542313277721405
23,25,0.06372419744729996
23,26,0.05065681040287018
23,27,0.0620042160153389
23,28,0.06695812195539474
23,29,0.056149303913116455
23,30,0.06033928692340851
23,31,0.0525643527507782
23,32,0.06056714057922363
23,33,0.057323772460222244
23,34,0.06189606711268425
23,35,0.060235247015953064
23,36,0.06370734423398972
23,37,0.0678853690624237
23,38,0.05763179436326027
23,39,0.04676887392997742
23,40,0.06261342018842697
23,41,0.05797848477959633
23,42,0.0644860714673996
23,43,0.05719337612390518
23,44,0.05889022350311279
23,45,0.060747042298316956
23,46,0.050384022295475006
23,47,0.05326457694172859
23,48,0.05948825925588608
23,49,0.056721173226833344
23,50,0.05815134942531586
23,51,0.07778791338205338
23,52,0.05489426106214523
23,53,0.08254057168960571
23,54,0.06016364321112633
23,55,0.06071092188358307
23,56,0.05326753109693527
23,57,0.051330577582120895
23,58,0.05416489392518997
23,59,0.05181415006518364
23,60,0.05707021430134773
23,61,0.061291132122278214
23,62,0.06988424062728882
23,63,0.05574691668152809
23,64,0.05652165412902832
23,65,0.062495939433574677
23,66,0.056179117411375046
23,67,0.05652561038732529
23,68,0.05352293699979782
23,69,0.055928170680999756
23,70,0.05765493959188461
23,71,0.054778359830379486
23,72,0.05601802468299866
23,73,0.06040530651807785
23,74,0.05278593301773071
23,75,0.05634748935699463
23,76,0.06081213802099228
24,1,0.04805363342165947
24,2,0.04923363775014877
24,3,0.05220230296254158
24,4,0.055418580770492554
24,5,0.05552979186177254
24,6,0.0710696280002594
24,7,0.060596950352191925
24,8,0.06972098350524902
24,9,0.06409776955842972
24,10,0.05820591002702713
24,11,0.05510953813791275
24,12,0.0533946231007576
24,13,0.06883256137371063
24,14,0.05846967548131943
24,15,0.052597783505916595
24,16,0.049557119607925415
24,17,0.08173345029354095
24,18,0.060197863727808
24,19,0.05371144413948059
24,20,0.05728783458471298
24,21,0.05551823973655701
24,22,0.0772390216588974
24,23,0.06504715979099274
24,24,0.051205672323703766
24,25,0.05220754072070122
24,26,0.055766794830560684
24,27,0.05887889117002487
24,28,0.0615539625287056
24,29,0.057337552309036255
24,30,0.0708610787987709
24,31,0.05625010281801224
24,32,0.05327102541923523
24,33,0.05298517644405365
24,34,0.05408492684364319
24,35,0.06289024651050568
24,36,0.05578029900789261
24,37,0.05579623207449913
24,38,0.06281217932701111
24,39,0.06654389947652817
24,40,0.05694763362407684
24,41,0.054169364273548126
24,42,0.05931584909558296
24,43,0.060550641268491745
24,44,0.05523758754134178
24,45,0.059762850403785706
24,46,0.05337823927402496
24,47,0.06299404799938202
24,48,0.05272369086742401
24,49,0.05903952568769455
24,50,0.05791095644235611
24,51,0.053762998431921005
24,52,0.04895363003015518
24,53,0.05026613175868988
24,54,0.054990798234939575
24,55,0.05672677978873253
24,56,0.062027450650930405
24,57,0.05142064765095711
24,58,0.04255536198616028
24,59,0.05487656965851784
24,60,0.055988237261772156
24,61,0.060635197907686234
24,62,0.06190148741006851
24,63,0.0742073729634285
24,64,0.05629584938287735
24,65,0.05596891790628433
24,66,0.061341218650341034
24,67,0.05036700516939163
24,68,0.06107906252145767
24,69,0.06056319177150726
24,70,0.05487138032913208
24,71,0.05907556787133217
24,72,0.047816984355449677
24,73,0.051859818398952484
24,74,0.06674793362617493
24,75,0.0671369656920433
24,76,0.0625097006559372
25,1,0.06458216905593872
25,2,0.06186872348189354
25,3,0.063907690346241
25,4,0.06384584307670593
25,5,0.05313355475664139
25,6,0.049553439021110535
25,7,0.0639035552740097
25,8,0.056052420288324356
25,9,0.06532920897006989
25,10,0.059930652379989624
25,11,0.05968419834971428
25,12,0.050783321261405945
25,13,0.05604618042707443
25,14,0.0638592541217804
25,15,0.05580469220876694
25,16,0.06542907655239105
25,17,0.065630704164505
25,18,0.06043465808033943
25,19,0.056007422506809235
25,20,0.049484267830848694
25,21,0.055095452815294266
25,22,0.0511707067489624
25,23,0.04819529503583908
25,24,0.06294333189725876
25,25,0.05496390908956528
25,26,0.05873538553714752
25,27,0.052080027759075165
25,28,0.046837013214826584
25,29,0.06919753551483154
25,30,0.059307876974344254
25,31,0.05369938537478447
25,32,0.05727672576904297
25,33,0.058803677558898926
25,34,0.05658673867583275
25,35,0.057282865047454834
25,36,0.06928592920303345
25,37,0.05348099768161774
25,38,0.06454446166753769
25,39,0.05741284787654877
25,40,0.06068161875009537
25,41,0.044711340218782425
25,42,0.04382997378706932
25,43,0.06321600079536438
25,44,0.04389756917953491
25,45,0.056705720722675323
25,46,0.052415017038583755
25,47,0.04541551694273949
25,48,0.051979996263980865
25,49,0.06090756505727768
25,50,0.05231509357690811
25,51,0.0534762442111969
25,52,0.04887350648641586
25,53,0.0567922368645668
25,54,0.0552683025598526
25,55,0.048150867223739624
25,56,0.06351405382156372
25,57,0.06464941799640656
25,58,0.04915519431233406
25,59,0.058901384472846985
25,60,0.056884799152612686
25,61,0.05334145575761795
25,62,0.058255866169929504
25,63,0.07272104918956757
25,64,0.07149945199489594
25,65,0.06482695043087006
25,66,0.04583146423101425
25,67,0.0594751350581646
25,68,0.05200418829917908
25,69,0.05190205201506615
25,70,0.05036166310310364
25,71,0.044905729591846466
25,72,0.05946152284741402
25,73,0.054195087403059006
25,74,0.05362682044506073
25,75,0.04839323088526726
25,76,0.045604266226291656
26,1,0.0632622241973877
26,2,0.057559866458177567
26,3,0.05277088284492493
26,4,0.06251203268766403
26,5,0.048237062990665436
26,6,0.058542005717754364
26,7,0.05340254306793213
26,8,0.05888936296105385
26,9,0.05362776294350624
26,10,0.052144549787044525
26,11,0.053488411009311676
26,12,0.05654019117355347
26,13,0.05177590250968933
26,14,0.05222879350185394
26,15,0.06111879274249077
26,16,0.054925091564655304
26,17,0.05068906396627426
26,18,0.058068349957466125
26,19,0.04586981236934662
26,20,0.047601860016584396
26,21,0.06180103123188019
26,22,0.05212508141994476
26,23,0.06754453480243683
26,24,0.054983168840408325
26,25,0.04504682123661041
26,26,0.060303427278995514
26,27,0.053729232400655746
26,28,0.05236688256263733
26,29,0.04960164427757263
26,30,0.046229854226112366
26,31,0.05047834664583206
26,32,0.05115140229463577
26,33,0.05016223341226578
26,34,0.06696616113185883
26,35,0.04835999011993408
26,36,0.06115535646677017
26,37,0.04788832366466522
26,38,0.0628252774477005
26,39,0.05441052466630936
26,40,0.052932798862457275
26,41,0.06844491511583328
26,42,0.06714808195829391
26,43,0.05643029510974884
26,44,0.04949972778558731
26,45,0.05856049805879593
26,46,0.054849397391080856
26,47,0.06315795332193375
26,48,0.048977699130773544
26,49,0.05360866338014603
26,50,0.04686180129647255
26,51,0.05829615890979767
26,52,0.06033164635300636
26,53,0.05917607992887497
26,54,0.056749530136585236
26,55,0.05409117043018341
26,56,0.05279860645532608
26,57,0.06251338124275208
26,58,0.05300731211900711
26,59,0.06007711961865425
26,60,0.05035751312971115
26,61,0.05104867368936539
26,62,0.057129375636577606
26,63,0.052518539130687714
26,64,0.05102113261818886
26,65,0.05253927409648895
26,66,0.058893296867609024
26,67,0.049760982394218445
26,68,0.05257821083068848
26,69,0.050216659903526306
26,70,0.0477401427924633
26,71,0.05697328969836235
26,72,0.07020188868045807
26,73,0.05054345726966858
26,74,0.056170202791690826
26,75,0.047063879668712616
26,76,0.0614667683839798
27,1,0.05979418754577637
27,2,0.061201564967632294
27,3,0.05012160539627075
27,4,0.057298947125673294
27,5,0.05946982279419899
27,6,0.05294977128505707
27,7,0.046885065734386444
27,8,0.056807998567819595
27,9,0.05332600325345993
27,10,0.058718107640743256
27,11,0.05009259283542633
27,12,0.0584636852145195
27,13,0.058136578649282455
27,14,0.050450947135686874
27,15,0.05088057741522789
27,16,0.048741549253463745
27,17,0.04443873465061188
27,18,0.051921483129262924
27,19,0.050470396876335144
27,20,0.07298042625188828
27,21,0.04989415034651756
27,22,0.06439399719238281
27,23,0.04712669551372528
27,24,0.04761189967393875
27,25,0.04533754289150238
27,26,0.05949348211288452
27,27,0.05685702711343765
27,28,0.05754123628139496
27,29,0.05589470639824867
27,30,0.04796045273542404
27,31,0.06057951599359512
27,32,0.05027694255113602
27,33,0.06666778028011322
27,34,0.0539713092148304
27,35,0.04900558292865753
27,36,0.05980553850531578
27,37,0.05081498250365257
27,38,0.05164938420057297
27,39,0.05267851799726486
27,40,0.051182933151721954
27,41,0.04669952392578125
27,42,0.06803583353757858
27,43,0.05289093405008316
27,44,0.06439822912216187
27,45,0.05491924658417702
27,46,0.062444400042295456
27,47,0.0543300062417984
27,48,0.05437599867582321
27,49,0.05580906197428703
27,50,0.05607844144105911
27,51,0.047200389206409454
27,52,0.0551791787147522
27,53,0.05753982439637184
27,54,0.05162195861339569
27,55,0.05348828807473183
27,56,0.05441057309508324
27,57,0.05592837929725647
27,58,0.046604011207818985
27,59,0.04798666387796402
27,60,0.06117672473192215
27,61,0.046182624995708466
27,62,0.053631849586963654
27,63,0.050838906317949295
27,64,0.06359434127807617
27,65,0.05504968762397766
27,66,0.05980652570724487
27,67,0.04912332445383072
27,68,0.05406609922647476
27,69,0.05188154801726341
27,70,0.05019747465848923
27,71,0.05897034704685211
27,72,0.05322953313589096
27,73,0.053944822400808334
27,74,0.06170130893588066
27,75,0.045958053320646286
27,76,0.05173360928893089
28,1,0.04714866355061531
28,2,0.06423692405223846
28,3,0.06702066957950592
28,4,0.05220869556069374
28,5,0.048378121107816696
28,6,0.05062935873866081
28,7,0.050221994519233704
28,8,0.04587941616773605
28,9,0.05210384726524353
28,10,0.057860955595970154
28,11,0.05153977870941162
28,12,0.06211145222187042
28,13,0.049065589904785156
28,14,0.04369421675801277
28,15,0.04896986484527588
28,16,0.051970161497592926
28,17,0.04312106966972351
28,18,0.04460513964295387
28,19,0.056238479912281036
28,20,0.05286034941673279
28,21,0.052768103778362274
28,22,0.0559711679816246
28,23,0.052592381834983826
28,24,0.05121268332004547
28,25,0.04651129990816116
28,26,0.047327764332294464
28,27,0.05952487140893936
28,28,0.0583048090338707
28,29,0.0564512275159359
28,30,0.044520482420921326
28,31,0.05458702892065048
28,32,0.07497572898864746
28,33,0.04851068556308746
28,34,0.04798410087823868
28,35,0.04838138818740845
28,36,0.0541558712720871
28,37,0.05540551245212555
28,38,0.05915997177362442
28,39,0.05061662942171097
28,40,0.049603287130594254
28,41,0.057147689163684845
28,42,0.046830713748931885
28,43,0.05497405678033829
28,44,0.05124438926577568
28,45,0.06864863634109497
28,46,0.048429377377033234
28,47,0.052962202578783035
28,48,0.04745258018374443
28,49,0.05943797528743744
28,50,0.04274047166109085
28,51,0.04641008377075195
28,52,0.05235078185796738
28,53,0.06062990054488182
28,54,0.050734903663396835
28,55,0.04368974268436432
28,56,0.06040402501821518
28,57,0.05390980467200279
28,58,0.0505557507276535
28,59,0.05193433165550232
28,60,0.05593724921345711
28,61,0.04279924929141998
28,62,0.06216777116060257
28,63,0.06270679831504822
28,64,0.06403698027133942
28,65,0.04301004856824875
28,66,0.06149249151349068
28,67,0.06284771114587784
28,68,0.049768783152103424
28,69,0.05802455544471741
28,70,0.0522601380944252
28,71,0.050265051424503326
28,72,0.0457255020737648
28,73,0.043638214468955994
28,74,0.04931481182575226
28,75,0.05199172720313072
28,76,0.05577212944626808
29,1,0.05172136053442955
29,2,0.055669236928224564
29,3,0.0572807751595974
29,4,0.052353404462337494
29,5,0.045538514852523804
29,6,0.0519704595208168
29,7,0.05671319365501404
29,8,0.05015081912279129
29,9,0.05034448951482773
29,10,0.04738195613026619
29,11,0.05408727005124092
29,12,0.04738408327102661
29,13,0.05799585208296776
29,14,0.044673852622509
29,15,0.05289879068732262
29,16,0.05010020732879639
29,17,0.05687664821743965
29,18,0.046894751489162445
29,19,0.04803802818059921
29,20,0.05051248520612717
29,21,0.054208263754844666
29,22,0.052669212222099304
29,23,0.05197742581367493
29,24,0.056300632655620575
29,25,0.050915736705064774
29,26,0.05629858374595642
29,27,0.05675407126545906
29,28,0.049319468438625336
29,29,0.05140230059623718
29,30,0.04846600443124771
29,31,0.04902520030736923
29,32,0.050772763788700104
29,33,0.04299046844244003
29,34,0.05752512812614441
29,35,0.06118025630712509
29,36,0.06813200563192368
29,37,0.054006755352020264
29,38,0.05278945341706276
29,39,0.05113532394170761
29,40,0.05170249938964844
29,41,0.051489438861608505
29,42,0.06718074530363083
29,43,0.04626181721687317
29,44,0.06519843637943268
29,45,0.0479646772146225
29,46,0.050847128033638
29,47,0.05943915620446205
29,48,0.048786938190460205
29,49,0.05552546679973602
29,50,0.05470919609069824
29,51,0.053342994302511215
29,52,0.04603835195302963
29,53,0.04564433544874191
29,54,0.05716382712125778
29,55,0.05034654214978218
29,56,0.054644934833049774
29,57,0.0517587810754776
29,58,0.048757217824459076
29,59,0.05101949721574783
29,60,0.06050984188914299
29,61,0.0504281222820282
29,62,0.047634221613407135
29,63,0.04824543744325638
29,64,0.05537142977118492
29,65,0.051289066672325134
29,66,0.050866976380348206
29,67,0.052820127457380295
29,68,0.06116152182221413
29,69,0.05610962212085724
29,70,0.05165083706378937
29,71,0.046838656067848206
29,72,0.05069969594478607
29,73,0.05998547002673149
29,74,0.0490134060382843
29,75,0.04410586133599281
29,76,0.06419543921947479
30,1,0.0431133508682251
30,2,0.048614129424095154
30,3,0.04432936757802963
30,4,0.053827498108148575
30,5,0.05699170008301735
30,6,0.05402981489896774
30,7,0.05295203626155853
30,8,0.04796091467142105
30,9,0.05013541132211685
30,10,0.05865853652358055
30,11,0.04443783313035965
30,12,0.061026766896247864
30,13,0.05051901936531067
30,14,0.04594072327017784
30,15,0.05114934593439102
30,16,0.05003827065229416
30,17,0.05577859655022621
30,18,0.04880150407552719
30,19,0.06779313832521439
30,20,0.061182208359241486
30,21,0.05365074798464775
30,22,0.05643145740032196
30,23,0.05689112842082977
30,24,0.04529788717627525
30,25,0.05196213349699974
30,26,0.04642586410045624
30,27,0.059496670961380005
30,28,0.04368553310632706
30,29,0.05506061762571335
30,30,0.048742812126874924
30,31,0.062292538583278656
30,32,0.04846912622451782
30,33,0.06164468824863434
30,34,0.05397804081439972
30,35,0.054055407643318176
30,36,0.056117668747901917
30,37,0.04762474447488785
30,38,0.05320633947849274
30,39,0.05220668762922287
30,40,0.047333963215351105
30,41,0.05356297269463539
30,42,0.05214821547269821
30,43,0.049129191786050797
30,44,0.05277374014258385
30,45,0.05424589663743973
30,46,0.05178709328174591
30,47,0.049898575991392136
30,48,0.05072956532239914
30,49,0.05502276495099068
30,50,0.05216217786073685
30,51,0.049928173422813416
30,52,0.05458177253603935
30,53,0.0501236766576767
30,54,0.04806095361709595
30,55,0.07372583448886871
30,56,0.06236547231674194
30,57,0.05648817867040634
30,58,0.05908734351396561
30,59,0.05241863429546356
30,60,0.049942418932914734
30,61,0.05786868929862976
30,62,0.049871139228343964
30,63,0.05468077212572098
30,64,0.05225752666592598
30,65,0.0477835014462471
30,66,0.045457229018211365
30,67,0.05812007188796997
30,68,0.0567004457116127
30,69,0.05363529920578003
30,70,0.051638878881931305
30,71,0.051555976271629333
30,72,0.0488252192735672
30,73,0.04895515739917755
30,74,0.05266455188393593
30,75,0.04368261247873306
30,76,0.049554016441106796
31,1,0.04970540851354599
31,2,0.05067865550518036
31,3,0.05006676912307739
31,4,0.04592033475637436
31,5,0.0639737993478775
31,6,0.0506901890039444
31,7,0.05109154433012009
31,8,0.0492025688290596
31,9,0.052370164543390274
31,10,0.05086512491106987
31,11,0.06581121683120728
31,12,0.05199257656931877
31,13,0.05958402901887894
31,14,0.04455219954252243
31,15,0.0518927201628685
31,16,0.0461447611451149
31,17,0.03879910707473755
31,18,0.06190486252307892
31,19,0.0554540753364563
31,20,0.043569885194301605
31,21,0.052281055599451065
31,22,0.04946466535329819
31,23,0.053463831543922424
31,24,0.05412610247731209
31,25,0.056834809482097626
31,26,0.05002174898982048
31,27,0.05333797633647919
31,28,0.05813373252749443
31,29,0.049552518874406815
31,30,0.054565537720918655
31,31,0.060822635889053345
31,32,0.049156468361616135
31,33,0.056461580097675323
31,34,0.052860260009765625
31,35,0.05935420095920563
31,36,0.05938306078314781
31,37,0.046154871582984924
31,38,0.06591036915779114
31,39,0.04649198800325394
31,40,0.045637890696525574
31,41,0.05593392625451088
31,42,0.05089011415839195
31,43,0.05172954499721527
31,44,0.0466369204223156
31,45,0.04791877418756485
31,46,0.05264940485358238
31,47,0.04547933489084244
31,48,0.04414217546582222
31,49,0.05114072561264038
31,50,0.047298066318035126
31,51,0.04603755846619606
31,52,0.048404544591903687
31,53,0.053607501089572906
31,54,0.054208625108003616
31,55,0.06155827268958092
31,56,0.04476412385702133
31,57,0.05140352249145508
31,58,0.06309766322374344
31,59,0.05606163665652275
31,60,0.06951916217803955
31,61,0.05851627141237259
31,62,0.041232772171497345
31,63,0.053684916347265244
31,64,0.04866216331720352
31,65,0.05007422715425491
31,66,0.06192552298307419
31,67,0.047140561044216156
31,68,0.053609754890203476
31,69,0.04497794806957245
31,70,0.05603227764368057
31,71,0.054227106273174286
31,72,0.04745428264141083
31,73,0.050333715975284576
31,74,0.049058783799409866
31,75,0.04465688019990921
31,76,0.062461141496896744
32,1,0.05670975148677826
32,2,0.04484423249959946
32,3,0.056002940982580185
32,4,0.052177794277668
32,5,0.05614471808075905
32,6,0.04551247879862785
32,7,0.05598106235265732
32,8,0.04315008223056793
32,9,0.05724949389696121
32,10,0.047649867832660675
32,11,0.04426752030849457
32,12,0.048275064677000046
32,13,0.04462049528956413
32,14,0.04572006314992905
32,15,0.0475805327296257
32,16,0.05117231234908104
32,17,0.051245033740997314
32,18,0.06211401894688606
32,19,0.05176226794719696
32,20,0.04630932956933975
32,21,0.04395688325166702
32,22,0.054937854409217834
32,23,0.05705424025654793
32,24,0.047352008521556854
32,25,0.05632098764181137
32,26,0.056129954755306244
32,27,0.04539060220122337
32,28,0.04814127832651138
32,29,0.04974238574504852
32,30,0.053001705557107925
32,31,0.046299632638692856
32,32,0.05084599554538727
32,33,0.0555339977145195
32,34,0.047629568725824356
32,35,0.043099865317344666
32,36,0.045625101774930954
32,37,0.051453471183776855
32,38,0.04540687054395676
32,39,0.041561514139175415
32,40,0.05810176581144333
32,41,0.04931427910923958
32,42,0.04368409514427185
32,43,0.04679467901587486
32,44,0.06781826913356781
32,45,0.047778889536857605
32,46,0.0474809929728508
32,47,0.047532327473163605
32,48,0.05387856066226959
32,49,0.05098611116409302
32,50,0.04738558083772659
32,51,0.048296038061380386
32,52,0.08228182792663574
32,53,0.04901580512523651
32,54,0.05685993656516075
32,55,0.056080304086208344
32,56,0.04920691251754761
32,57,0.05412585288286209
32,58,0.05670744925737381
32,59,0.05399971455335617
32,60,0.047618623822927475
32,61,0.05252782255411148
32,62,0.05056625232100487
32,63,0.05120296776294708
32,64,0.051189713180065155
32,65,0.04429147392511368
32,66,0.051001548767089844
32,67,0.04590529575943947
32,68,0.05713190883398056
32,69,0.0447140596807003
32,70,0.049990780651569366
32,71,0.04027070850133896
32,72,0.050968170166015625
32,73,0.049410320818424225
32,74,0.0519489049911499
32,75,0.06279529631137848
32,76,0.0536678284406662
33,1,0.047624990344047546
33,2,0.057354770600795746
33,3,0.04372037947177887
33,4,0.04678528383374214
33,5,0.04612431675195694
33,6,0.049213334918022156
33,7,0.05126006901264191
33,8,0.05317319929599762
33,9,0.044354148209095
33,10,0.04598222300410271
33,11,0.052003614604473114
33,12,0.04566359519958496
33,13,0.042558811604976654
33,14,0.04982786253094673
33,15,0.04401666298508644
33,16,0.06164301186800003
33,17,0.047833070158958435
33,18,0.0470828041434288
33,19,0.051070667803287506
33,20,0.04792908579111099
33,21,0.04891962930560112
33,22,0.04206889867782593
33,23,0.042905062437057495
33,24,0.0473218634724617
33,25,0.05272860825061798
33,26,0.04243341088294983
33,27,0.04801969602704048
33,28,0.045397017151117325
33,29,0.045647524297237396
33,30,0.050673387944698334
33,31,0.04753946512937546
33,32,0.04397433623671532
33,33,0.04505333676934242
33,34,0.05245326831936836
33,35,0.0621897429227829
33,36,0.046374499797821045
33,37,0.05775325745344162
33,38,0.0437341146171093
33,39,0.04870232194662094
33,40,0.050599388778209686
33,41,0.05523661524057388
33,42,0.0501776859164238
33,43,0.05108794569969177
33,44,0.04993418604135513
33,45,0.05385218560695648
33,46,0.054685477167367935
33,47,0.04799739271402359
33,48,0.043672606348991394
33,49,0.04702375829219818
33,50,0.04476505517959595
33,51,0.04369085282087326
33,52,0.04829813539981842
33,53,0.050145551562309265
33,54,0.05916250869631767
33,55,0.0446590855717659
33,56,0.05560171976685524
33,57,0.04002229869365692
33,58,0.0534285232424736
33,59,0.04955379664897919
33,60,0.0649639293551445
33,61,0.05099304020404816
33,62,0.04998581483960152
33,63,0.05072500556707382
33,64,0.05210399255156517
33,65,0.04571058228611946
33,66,0.04817704111337662
33,67,0.05480301007628441
33,68,0.047831982374191284
33,69,0.051649197936058044
33,70,0.048513900488615036
33,71,0.0536041259765625
33,72,0.060195665806531906
33,73,0.053858913481235504
33,74,0.05129865184426308
33,75,0.05302100628614426
33,76,0.05530085414648056
34,1,0.04541684687137604
34,2,0.044542379677295685
34,3,0.04256902635097504
34,4,0.046129412949085236
34,5,0.06599333882331848
34,6,0.04673628509044647
34,7,0.05301323160529137
34,8,0.046224191784858704
34,9,0.05008722096681595
34,10,0.047584325075149536
34,11,0.051044948399066925
34,12,0.053043778985738754
34,13,0.043457210063934326
34,14,0.07319369167089462
34,15,0.04844924062490463
34,16,0.04695996642112732
34,17,0.04800000786781311
34,18,0.04983185976743698
34,19,0.04332103580236435
34,20,0.05576296150684357
34,21,0.055444907397031784
34,22,0.05177517980337143
34,23,0.04343317449092865
34,24,0.053047917783260345
34,25,0.04735317826271057
34,26,0.04898757115006447
34,27,0.045287929475307465
34,28,0.045417360961437225
34,29,0.042390741407871246
34,30,0.048109229654073715
34,31,0.05534927174448967
34,32,0.05131785571575165
34,33,0.044898808002471924
34,34,0.04932600259780884
34,35,0.045882031321525574
34,36,0.055802587419748306
34,37,0.05123652517795563
34,38,0.05266723781824112
34,39,0.04517972469329834
34,40,0.05249711871147156
34,41,0.0502500906586647
34,42,0.05874630808830261
34,43,0.04550636187195778
34,44,0.057577915489673615
34,45,0.051215969026088715
34,46,0.04904484003782272
34,47,0.046310730278491974
34,48,0.0515824556350708
34,49,0.059245362877845764
34,50,0.04862046614289284
34,51,0.054392050951719284
34,52,0.05062710493803024
34,53,0.053868092596530914
34,54,0.04829096049070358
34,55,0.049607258290052414
34,56,0.047175440937280655
34,57,0.05590563639998436
34,58,0.05036241188645363
34,59,0.05097309872508049
34,60,0.045867037028074265
34,61,0.047623150050640106
34,62,0.046433813869953156
34,63,0.055431582033634186
34,64,0.050041478127241135
34,65,0.053071487694978714
34,66,0.054723478853702545
34,67,0.045487962663173676
34,68,0.04495576024055481
34,69,0.05541183054447174
34,70,0.0499623641371727
34,71,0.04389110580086708
34,72,0.053261514753103256
34,73,0.04414283484220505
34,74,0.04762876033782959
34,75,0.044286590069532394
34,76,0.041668329387903214
35,1,0.04120587185025215
35,2,0.04758541285991669
35,3,0.04895434528589249
35,4,0.0472760871052742
35,5,0.05029972642660141
35,6,0.04530980437994003
35,7,0.04439476877450943
35,8,0.04342910647392273
35,9,0.04964842647314072
35,10,0.04302196949720383
35,11,0.0561690479516983
35,12,0.05217943713068962
35,13,0.04502517729997635
35,14,0.05727187916636467
35,15,0.05068586766719818
35,16,0.05382128059864044
35,17,0.05364507436752319
35,18,0.05716847628355026
35,19,0.05069476738572121
35,20,0.05174892395734787
35,21,0.04979700222611427
35,22,0.06437698751688004
35,23,0.0555557981133461
35,24,0.05687926709651947
35,25,0.04688491299748421
35,26,0.050002485513687134
35,27,0.04554096609354019
35,28,0.07165972888469696
35,29,0.07060917466878891
35,30,0.0526990070939064
35,31,0.05855007469654083
35,32,0.048698414117097855
35,33,0.053587719798088074
35,34,0.048179447650909424
35,35,0.04888783022761345
35,36,0.056092508137226105
35,37,0.05438073351979256
35,38,0.04843726009130478
35,39,0.04032348096370697
35,40,0.04528046399354935
35,41,0.05039375275373459
35,42,0.04404906928539276
35,43,0.05154533311724663
35,44,0.042901284992694855
35,45,0.04242897778749466
35,46,0.045403361320495605
35,47,0.05353780463337898
35,48,0.04456738755106926
35,49,0.045095887035131454
35,50,0.045348964631557465
35,51,0.05039175599813461
35,52,0.043412819504737854
35,53,0.04917946830391884
35,54,0.06479170173406601
35,55,0.04405777528882027
35,56,0.04483667016029358
35,57,0.04132967069745064
35,58,0.04452160373330116
35,59,0.04613571614027023
35,60,0.05295887589454651
35,61,0.04563280940055847
35,62,0.06337642669677734
35,63,0.05099186301231384
35,64,0.042308494448661804
35,65,0.05043494701385498
35,66,0.0491066500544548
35,67,0.04789973050355911
35,68,0.05223819613456726
35,69,0.04854225367307663
35,70,0.049406811594963074
35,71,0.05874741077423096
35,72,0.0490577332675457
35,73,0.06498964130878448
35,74,0.054849013686180115
35,75,0.04478321224451065
35,76,0.046987663954496384
36,1,0.04356509819626808
36,2,0.04989618808031082
36,3,0.045208487659692764
36,4,0.04417000710964203
36,5,0.05151711404323578
36,6,0.04465336352586746
36,7,0.04884127527475357
36,8,0.04262266308069229
36,9,0.04784710332751274
36,10,0.05620916187763214
36,11,0.05124697461724281
36,12,0.04583435133099556
36,13,0.048242948949337006
36,14,0.050134383141994476
36,15,0.04803404211997986
36,16,0.04115717113018036
36,17,0.0418827198445797
36,18,0.050061650574207306
36,19,0.04871024191379547
36,20,0.054420843720436096
36,21,0.0496843047440052
36,22,0.05435362830758095
36,23,0.0432841032743454
36,24,0.057929184287786484
36,25,0.04489881545305252
36,26,0.05046073719859123
36,27,0.053794629871845245
36,28,0.051479585468769073
36,29,0.055833496153354645
36,30,0.04738197475671768
36,31,0.035839974880218506
36,32,0.04857073724269867
36,33,0.054325565695762634
36,34,0.04952160641551018
36,35,0.05180041491985321
36,36,0.049272194504737854
36,37,0.05273979902267456
36,38,0.0517997220158577
36,39,0.047553651034832
36,40,0.03975219652056694
36,41,0.04941650852560997
36,42,0.050321996212005615
36,43,0.04309159889817238
36,44,0.04515364021062851
36,45,0.04756808653473854
36,46,0.0453646257519722
36,47,0.04803283512592316
36,48,0.037807416170835495
36,49,0.04989899694919586
36,50,0.040707312524318695
36,51,0.05258495360612869
36,52,0.04012984037399292
36,53,0.044140662997961044
36,54,0.0472145602107048
36,55,0.04626791551709175
36,56,0.049627166241407394
36,57,0.04223589971661568
36,58,0.05041830241680145
36,59,0.05138445645570755
36,60,0.05236835405230522
36,61,0.05210074782371521
36,62,0.05499716103076935
36,63,0.04621536284685135
36,64,0.05155065655708313
36,65,0.0486738421022892
36,66,0.048186466097831726
36,67,0.05216709151864052
36,68,0.047517187893390656
36,69,0.05077002942562103
36,70,0.05439986288547516
36,71,0.04224475473165512
36,72,0.04656226560473442
36,73,0.047541022300720215
36,74,0.04975062236189842
36,75,0.07033614814281464
36,76,0.045927464962005615
37,1,0.041264258325099945
37,2,0.05383383482694626
37,3,0.051188938319683075
37,4,0.048609521239995956
37,5,0.047530628740787506
37,6,0.04915565624833107
37,7,0.05043822154402733
37,8,0.048787862062454224
37,9,0.04343264549970627
37,10,0.048256274312734604
37,11,0.054876841604709625
37,12,0.0448886975646019
37,13,0.04751443862915039
37,14,0.041316334158182144
37,15,0.046576570719480515
37,16,0.052015192806720734
37,17,0.044731684029102325
37,18,0.045699067413806915
37,19,0.053091537207365036
37,20,0.054297737777233124
37,21,0.05483933538198471
37,22,0.04062176123261452
37,23,0.04836848005652428
37,24,0.039013613015413284
37,25,0.042276643216609955
37,26,0.04212585836648941
37,27,0.04512471333146095
37,28,0.04465886950492859
37,29,0.03718361258506775
37,30,0.052235327661037445
37,31,0.04403325542807579
37,32,0.04924100637435913
37,33,0.04713169485330582
37,34,0.05042685940861702
37,35,0.05033189430832863
37,36,0.05008145421743393
37,37,0.041217606514692307
37,38,0.05256843566894531
37,39,0.061115387827157974
37,40,0.05169827118515968
37,41,0.04753710702061653
37,42,0.047442249953746796
37,43,0.04533570259809494
37,44,0.0502203144133091
37,45,0.05802968144416809
37,46,0.04258115589618683
37,47,0.04807423800230026
37,48,0.04557046294212341
37,49,0.05279453098773956
37,50,0.05306996405124664
37,51,0.04803746938705444
37,52,0.04479840397834778
37,53,0.05215419456362724
37,54,0.04430023580789566
37,55,0.04264251887798309
37,56,0.04940249025821686
37,57,0.05145497992634773
37,58,0.050133369863033295
37,59,0.04444701224565506
37,60,0.04436180740594864
37,61,0.049577198922634125
37,62,0.05056864768266678
37,63,0.04500307887792587
37,64,0.04192587733268738
37,65,0.04377388209104538
37,66,0.045910097658634186
37,67,0.04599475488066673
37,68,0.046029865741729736
37,69,0.04886835813522339
37,70,0.051339518278837204
37,71,0.0401831790804863
37,72,0.04588957130908966
37,73,0.04853194206953049
37,74,0.040029384195804596
37,75,0.061066776514053345
37,76,0.043176647275686264
38,1,0.045411765575408936
38,2,0.043914180248975754
38,3,0.04551157355308533
38,4,0.051192134618759155
38,5,0.04296617582440376
38,6,0.0561455562710762
38,7,0.04969014972448349
38,8,0.03608160838484764
38,9,0.04024343565106392
38,10,0.054748326539993286
38,11,0.0572185181081295
38,12,0.04918200150132179
38,13,0.04580455273389816
38,14,0.0410359650850296
38,15,0.04939313232898712
38,16,0.043004993349313736
38,17,0.0468292273581028
38,18,0.051578961312770844
38,19,0.04331773519515991
38,20,0.0499223992228508
38,21,0.04377976059913635
38,22,0.05012621358036995
38,23,0.04960107058286667
38,24,0.05218376964330673
38,25,0.044101402163505554
38,26,0.038681913167238235
38,27,0.05982532352209091
38,28,0.044554032385349274
38,29,0.055841803550720215
38,30,0.047630321234464645
38,31,0.04779835790395737
38,32,0.042415741831064224
38,33,0.04300455003976822
38,34,0.049409616738557816
38,35,0.05660073831677437
38,36,0.04970501735806465
38,37,0.048445820808410645
38,38,0.04766574501991272
38,39,0.05165639892220497
38,40,0.04995075613260269
38,41,0.051212966442108154
38,42,0.04319034516811371
38,43,0.04886644333600998
38,44,0.042388468980789185
38,45,0.04481653869152069
38,46,0.04862455651164055
38,47,0.04889360070228577
38,48,0.046254560351371765
38,49,0.05991465970873833
38,50,0.058992162346839905
38,51,0.044519778341054916
38,52,0.043622538447380066
38,53,0.04954284429550171
38,54,0.04338226094841957
38,55,0.04211637005209923
38,56,0.045549433678388596
38,57,0.054535724222660065
38,58,0.042207229882478714
38,59,0.04448241740465164
38,60,0.05292736366391182
38,61,0.05266108736395836
38,62,0.046245068311691284
38,63,0.051116544753313065
38,64,0.05000397190451622
38,65,0.04961725324392319
38,66,0.05925976485013962
38,67,0.04620116204023361
38,68,0.05021221563220024
38,69,0.04257269948720932
38,70,0.05727662146091461
38,71,0.05960674211382866
38,72,0.05656838044524193
38,73,0.04245118796825409
38,74,0.04140082001686096
38,75,0.05694263428449631
38,76,0.04971963167190552
39,1,0.040625717490911484
39,2,0.057015303522348404
39,3,0.048127323389053345
39,4,0.04571560025215149
39,5,0.04798664152622223
39,6,0.03967279940843582
39,7,0.0566197894513607
39,8,0.04639318585395813
39,9,0.051585666835308075
39,10,0.06037130579352379
39,11,0.04487869143486023
39,12,0.04705020412802696
39,13,0.05558066442608833
39,14,0.03948020935058594
39,15,0.04330748692154884
39,16,0.04012163355946541
39,17,0.05098394677042961
39,18,0.04290924221277237
39,19,0.04004434123635292
39,20,0.05332304909825325
39,21,0.044108711183071136
39,22,0.043132949620485306
39,23,0.041057050228118896
39,24,0.04131648689508438
39,25,0.04729288071393967
39,26,0.0501386933028698
39,27,0.052275411784648895
39,28,0.0521780326962471
39,29,0.05824822932481766
39,30,0.04172200337052345
39,31,0.04935075715184212
39,32,0.05141545087099075
39,33,0.04199006408452988
39,34,0.051863864064216614
39,35,0.04879095405340195
39,36,0.059700291603803635
39,37,0.050550416111946106
39,38,0.04799555242061615
39,39,0.05325179547071457
39,40,0.047616444528102875
39,41,0.04915841668844223
39,42,0.052426528185606
39,43,0.04211478680372238
39,44,0.05730213224887848
39,45,0.047123245894908905
39,46,0.04518266022205353
39,47,0.051616355776786804
39,48,0.049306340515613556
39,49,0.04189610481262207
39,50,0.04928857460618019
39,51,0.05288771539926529
39,52,0.042539335787296295
39,53,0.043127719312906265
39,54,0.04515554755926132
39,55,0.0414818599820137
39,56,0.03915996477007866
39,57,0.05187581479549408
39,58,0.04797334223985672
39,59,0.04686044529080391
39,60,0.049207936972379684
39,61,0.057257793843746185
39,62,0.04156551510095596
39,63,0.041161321103572845
39,64,0.0427507720887661
39,65,0.0568535178899765
39,66,0.0406544953584671
39,67,0.05346951633691788
39,68,0.042942747473716736
39,69,0.04606838896870613
39,70,0.04168720915913582
39,71,0.048360683023929596
39,72,0.049926623702049255
39,73,0.04270191490650177
39,74,0.04200282692909241
39,75,0.05097450688481331
39,76,0.049310456961393356
40,1,0.0394989475607872
40,2,0.03958634287118912
40,3,0.052074745297431946
40,4,0.04114779457449913
40,5,0.04231611266732216
40,6,0.0539437010884285
40,7,0.05173695832490921
40,8,0.04556307941675186
40,9,0.04681962728500366
40,10,0.04140016436576843
40,11,0.05459963530302048
40,12,0.04508325085043907
40,13,0.05038688704371452
40,14,0.04544723778963089
40,15,0.04599137604236603
40,16,0.043554749339818954
40,17,0.042725469917058945
40,18,0.03920423984527588
40,19,0.05144431069493294
40,20,0.05233578011393547
40,21,0.046484194695949554
40,22,0.05061089247465134
40,23,0.03901611268520355
40,24,0.043184563517570496
40,25,0.05338268727064133
40,26,0.04539136588573456
40,27,0.038975901901721954
40,28,0.04458718001842499
40,29,0.04412032291293144
40,30,0.056329526007175446
40,31,0.06017511710524559
40,32,0.04127320647239685
40,33,0.04147141054272652
40,34,0.04672994092106819
40,35,0.05144382268190384
40,36,0.049950264394283295
40,37,0.04136794060468674
40,38,0.04698438197374344
40,39,0.042962223291397095
40,40,0.04509168118238449
40,41,0.05001276731491089
40,42,0.04475461319088936
40,43,0.037727728486061096
40,44,0.04337169975042343
40,45,0.054839663207530975
40,46,0.040846046060323715
40,47,0.04325178265571594
40,48,0.04853668808937073
40,49,0.04549722373485565
40,50,0.04404579475522041
40,51,0.05371731147170067
40,52,0.04148184508085251
40,53,0.045735642313957214
40,54,0.05010756105184555
40,55,0.04712726175785065
40,56,0.04822860658168793
40,57,0.04197908192873001
40,58,0.04886035621166229
40,59,0.0425582155585289
40,60,0.045827724039554596
40,61,0.04304137080907822
40,62,0.04118141531944275
40,63,0.05334705859422684
40,64,0.055213749408721924
40,65,0.048218704760074615
40,66,0.04371820017695427
40,67,0.04625467211008072
40,68,0.04667535424232483
40,69,0.04103968292474747
40,70,0.04311266168951988
40,71,0.04555033892393112
40,72,0.04520733281970024
40,73,0.04347231984138489
40,74,0.047459252178668976
40,75,0.04218215495347977
40,76,0.05003228038549423
41,1,0.04273808002471924
41,2,0.04539633169770241
41,3,0.04311241954565048
41,4,0.05222652480006218
41,5,0.04032500833272934
41,6,0.04772022366523743
41,7,0.04961102083325386
41,8,0.044299494475126266
41,9,0.038100890815258026
41,10,0.044943034648895264
41,11,0.04609645903110504
41,12,0.055210988968610764
41,13,0.0396915003657341
41,14,0.046955406665802
41,15,0.04303741455078125
41,16,0.04700145125389099
41,17,0.055868059396743774
41,18,0.04887264594435692
41,19,0.04556728154420853
41,20,0.043124519288539886
41,21,0.04148750752210617
41,22,0.04217508062720299
41,23,0.04070685803890228
41,24,0.043306704610586166
41,25,0.0569455623626709
41,26,0.04504849761724472
41,27,0.0490025132894516
41,28,0.05445770174264908
41,29,0.047524452209472656
41,30,0.042731400579214096
41,31,0.04468090832233429
41,32,0.05081816762685776
41,33,0.03973037004470825
41,34,0.04061255231499672
41,35,0.046345055103302
41,36,0.041780322790145874
41,37,0.05038563907146454
41,38,0.04908358305692673
41,39,0.049260251224040985
41,40,0.045015137642621994
41,41,0.057483136653900146
41,42,0.05646796151995659
41,43,0.05211205035448074
41,44,0.05436218902468681
41,45,0.0480986088514328
41,46,0.04641333222389221
41,47,0.04395636171102524
41,48,0.047474730759859085
41,49,0.049680739641189575
41,50,0.04692882299423218
41,51,0.05449247360229492
41,52,0.04562513530254364
41,53,0.04608485847711563
41,54,0.042850833386182785
41,55,0.048451632261276245
41,56,0.04698759317398071
41,57,0.04255508631467819
41,58,0.05116351321339607
41,59,0.048084937036037445
41,60,0.055423662066459656
41,61,0.045557744801044464
41,62,0.047617245465517044
41,63,0.05212186276912689
41,64,0.0637832060456276
41,65,0.04218413308262825
41,66,0.04717888683080673
41,67,0.04348349571228027
41,68,0.050806909799575806
41,69,0.04343203455209732
41,70,0.0445634201169014
41,71,0.05039485543966293
41,72,0.03814928978681564
41,73,0.052371300756931305
41,74,0.05222420021891594
41,75,0.045842595398426056
41,76,0.04303186759352684
42,1,0.04667734354734421
42,2,0.043968796730041504
42,3,0.04469457268714905
42,4,0.05048872530460358
42,5,0.04381481558084488
42,6,0.04180614650249481
42,7,0.04442773014307022
42,8,0.044201530516147614
42,9,0.03902571275830269
42,10,0.04739616438746452
42,11,0.05463678389787674
42,12,0.06304699182510376
42,13,0.045487355440855026
42,14,0.052444931119680405
42,15,0.051922909915447235
42,16,0.048589035868644714
42,17,0.04643106460571289
42,18,0.0540500283241272
42,19,0.05150197073817253
42,20,0.04430766403675079
42,21,0.051681868731975555
42,22,0.04395711049437523
42,23,0.04795088991522789
42,24,0.056419529020786285
42,25,0.04010267183184624
42,26,0.052794769406318665
42,27,0.03995859995484352
42,28,0.04332838952541351
42,29,0.06021294742822647
42,30,0.053413182497024536
42,31,0.04629197716712952
42,32,0.041818104684352875
42,33,0.038918934762477875
42,34,0.04974699020385742
42,35,0.05101308599114418
42,36,0.047440484166145325
42,37,0.050326403230428696
42,38,0.039574217051267624
42,39,0.05164623633027077
42,40,0.04159832000732422
42,41,0.03792335093021393
42,42,0.04751357063651085
42,43,0.04541315883398056
42,44,0.0360935777425766
42,45,0.0441545695066452
42,46,0.04497527331113815
42,47,0.0411178395152092
42,48,0.04685601592063904
42,49,0.045224256813526154
42,50,0.05375036597251892
42,51,0.04231151193380356
42,52,0.05387512221932411
42,53,0.04787945747375488
42,54,0.05131144821643829
42,55,0.041130028665065765
42,56,0.05754077807068825
42,57,0.04223698750138283
42,58,0.04221862554550171
42,59,0.04445488378405571
42,60,0.04641079157590866
42,61,0.05080326646566391
42,62,0.0455717034637928
42,63,0.05098038166761398
42,64,0.043372225016355515
42,65,0.0463385283946991
42,66,0.045760635286569595
42,67,0.04361986741423607
42,68,0.04718220606446266
42,69,0.04440072551369667
42,70,0.04467035084962845
42,71,0.04667937010526657
42,72,0.04560243338346481
42,73,0.04360236972570419
42,74,0.04703351855278015
42,75,0.04073583334684372
42,76,0.04347983002662659
43,1,0.043250758200883865
43,2,0.03948814794421196
43,3,0.0436285138130188
43,4,0.05211152508854866
43,5,0.047246068716049194
43,6,0.04525376111268997
43,7,0.049349285662174225
43,8,0.04481961578130722
43,9,0.04839615523815155
43,10,0.04609857499599457
43,11,0.04476135969161987
43,12,0.05190564692020416
43,13,0.05100160837173462
43,14,0.04237011820077896
43,15,0.050084732472896576
43,16,0.04702991247177124
43,17,0.04592100530862808
43,18,0.03500424325466156
43,19,0.047513604164123535
43,20,0.04217434674501419
43,21,0.05424448102712631
43,22,0.04454607143998146
43,23,0.0459592342376709
43,24,0.06018485873937607
43,25,0.04988103732466698
43,26,0.04782179370522499
43,27,0.05161208659410477
43,28,0.0526127815246582
43,29,0.04776652902364731
43,30,0.05076118931174278
43,31,0.04932119697332382
43,32,0.04602901265025139
43,33,0.0520135760307312
43,34,0.04706814885139465
43,35,0.039249271154403687
43,36,0.04688924923539162
43,37,0.0452810600399971
43,38,0.04555853083729744
43,39,0.045055754482746124
43,40,0.050832055509090424
43,41,0.04869317263364792
43,42,0.0388859324157238
43,43,0.04576181620359421
43,44,0.038632042706012726
43,45,0.04936385527253151
43,46,0.036431919783353806
43,47,0.047874219715595245
43,48,0.04842664301395416
43,49,0.04040298983454704
43,50,0.04117552936077118
43,51,0.06201420724391937
43,52,0.04198123887181282
43,53,0.03911855071783066
43,54,0.04467667639255524
43,55,0.0440853089094162
43,56,0.04132276028394699
43,57,0.04429609328508377
43,58,0.04690708965063095
43,59,0.035847511142492294
43,60,0.04697394743561745
43,61,0.0451585128903389
43,62,0.05540378391742706
43,63,0.04350198060274124
43,64,0.04291648790240288
43,65,0.040753982961177826
43,66,0.051398541778326035
43,67,0.056488074362277985
43,68,0.0440114326775074
43,69,0.040830377489328384
43,70,0.04286546632647514
43,71,0.04880677908658981
43,72,0.04011329263448715
43,73,0.04226652532815933
43,74,0.06540694087743759
43,75,0.04654062166810036
43,76,0.04617540165781975
44,1,0.052652306854724884
44,2,0.047030530869960785
44,3,0.04455499351024628
44,4,0.05123119428753853
44,5,0.04668978601694107
44,6,0.05998045951128006
44,7,0.054115429520606995
44,8,0.04670800641179085
44,9,0.058837760239839554
44,10,0.04617764800786972
44,11,0.04157041385769844
44,12,0.042165838181972504
44,13,0.0562250092625618
44,14,0.04859262704849243
44,15,0.047391779720783234
44,16,0.0440642274916172
44,17,0.04764145612716675
44,18,0.048590727150440216
44,19,0.04369571805000305
44,20,0.040319524705410004
44,21,0.04038424417376518
44,22,0.044579941779375076
44,23,0.04542163014411926
44,24,0.05972762033343315
44,25,0.04400819540023804
44,26,0.055701158940792084
44,27,0.04382851719856262
44,28,0.040938857942819595
44,29,0.040231768041849136
44,30,0.04139666631817818
44,31,0.03881647810339928
44,32,0.05181686952710152
44,33,0.047003764659166336
44,34,0.05194319039583206
44,35,0.05097471550107002
44,36,0.04674878716468811
44,37,0.044621288776397705
44,38,0.04313374683260918
44,39,0.042735353112220764
44,40,0.042705170810222626
44,41,0.04529030993580818
44,42,0.0456845685839653
44,43,0.04276881366968155
44,44,0.04980504512786865
44,45,0.055847521871328354
44,46,0.04842085391283035
44,47,0.04877385497093201
44,48,0.04461555927991867
44,49,0.0555557981133461
44,50,0.04993249103426933
44,51,0.05430758371949196
44,52,0.04511050507426262
44,53,0.04351489990949631
44,54,0.04985709488391876
44,55,0.04373892769217491
44,56,0.0460176020860672
44,57,0.038168150931596756
44,58,0.037615180015563965
44,59,0.040840405970811844
44,60,0.048687808215618134
44,61,0.03860238939523697
44,62,0.03895874321460724
44,63,0.044654108583927155
44,64,0.041366301476955414
44,65,0.038702450692653656
44,66,0.04191572591662407
44,67,0.048910707235336304
44,68,0.04639251530170441
44,69,0.057040341198444366
44,70,0.046443309634923935
44,71,0.040284544229507446
44,72,0.05421935021877289
44,73,0.04620245844125748
44,74,0.035256609320640564
44,75,0.050387993454933167
44,76,0.04605282098054886
45,1,0.05156845599412918
45,2,0.04034597426652908
45,3,0.04760926961898804
45,4,0.046879783272743225
45,5,0.04225394129753113
45,6,0.041447438299655914
45,7,0.042148739099502563
45,8,0.04256097227334976
45,9,0.04624968767166138
45,10,0.04426945000886917
45,11,0.0410306453704834
45,12,0.040911585092544556
45,13,0.04564438387751579
45,14,0.03935062140226364
45,15,0.04607295244932175
45,16,0.04855501651763916
45,17,0.043951768428087234
45,18,0.04975075274705887
45,19,0.041940703988075256
45,20,0.04894154518842697
45,21,0.050017498433589935
45,22,0.041062336415052414
45,23,0.04561292380094528
45,24,0.03888089954853058
45,25,0.0379667803645134
45,26,0.0490221306681633
45,27,0.04682603105902672
45,28,0.045352011919021606
45,29,0.04499392211437225
45,30,0.04250361770391464
45,31,0.038371119648218155
45,32,0.05251219496130943
45,33,0.045716531574726105
45,34,0.04521690309047699
45,35,0.04046709090471268
45,36,0.041687190532684326
45,37,0.03673030063509941
45,38,0.04478628188371658
45,39,0.03755868226289749
45,40,0.03941421955823898
45,41,0.043378204107284546
45,42,0.04616973549127579
45,43,0.041052140295505524
45,44,0.04138416424393654
45,45,0.044716499745845795
45,46,0.04858562350273132
45,47,0.034838996827602386
45,48,0.05646742880344391
45,49,0.0447877012193203
45,50,0.044246360659599304
45,51,0.051880285143852234
45,52,0.04277821630239487
45,53,0.043198198080062866
45,54,0.04616106301546097
45,55,0.04881031811237335
45,56,0.046346668154001236
45,57,0.047091975808143616
45,58,0.053883131593465805
45,59,0.047739431262016296
45,60,0.051937513053417206
45,61,0.04692469537258148
45,62,0.044489551335573196
45,63,0.038593560457229614
45,64,0.04740343987941742
45,65,0.0476459339261055
45,66,0.05247736722230911
45,67,0.04295503720641136
45,68,0.04373164102435112
45,69,0.04803455248475075
45,70,0.04827556014060974
45,71,0.051099807024002075
45,72,0.03974686563014984
45,73,0.044855836778879166
45,74,0.04381763935089111
45,75,0.04216756299138069
45,76,0.049054745584726334
46,1,0.04434160888195038
46,2,0.0473853163421154
46,3,0.03934357315301895
46,4,0.04575321078300476
46,5,0.047142717987298965
46,6,0.04681536555290222
46,7,0.05084775388240814
46,8,0.04369504749774933
46,9,0.04051704704761505
46,10,0.03996831178665161
46,11,0.04708464816212654
46,12,0.040966108441352844
46,13,0.043625712394714355
46,14,0.04481955245137215
46,15,0.040846604853868484
46,16,0.03708186000585556
46,17,0.04491144046187401
46,18,0.04339243471622467
46,19,0.041067078709602356
46,20,0.04674947261810303
46,21,0.04296480119228363
46,22,0.03666666895151138
46,23,0.04206489026546478
46,24,0.05602787435054779
46,25,0.054658398032188416
46,26,0.03844691067934036
46,27,0.03956952318549156
46,28,0.04230844974517822
46,29,0.047117143869400024
46,30,0.05472718924283981
46,31,0.05721167474985123
46,32,0.04431281238794327
46,33,0.04410957545042038
46,34,0.04048070311546326
46,35,0.047541797161102295
46,36,0.043502096086740494
46,37,0.042790018022060394
46,38,0.0432310588657856
46,39,0.05137446150183678
46,40,0.04185432195663452
46,41,0.04763859510421753
46,42,0.04567636549472809
46,43,0.04129626229405403
46,44,0.041658900678157806
46,45,0.04652508720755577
46,46,0.03918237239122391
46,47,0.0442701056599617
46,48,0.052583299577236176
46,49,0.0427059605717659
46,50,0.044198304414749146
46,51,0.04275881499052048
46,52,0.04621981829404831
46,53,0.04540799930691719
46,54,0.04717506468296051
46,55,0.03913974016904831
46,56,0.04515466094017029
46,57,0.04503142833709717
46,58,0.049673378467559814
46,59,0.04124227166175842
46,60,0.042360756546258926
46,61,0.04650645703077316
46,62,0.04877738654613495
46,63,0.04913493990898132
46,64,0.04462893307209015
46,65,0.050783656537532806
46,66,0.04444466531276703
46,67,0.039372194558382034
46,68,0.04520794004201889
46,69,0.04528813809156418
46,70,0.04568876326084137
46,71,0.05036616325378418
46,72,0.04263079911470413
46,73,0.04630262404680252
46,74,0.04202789440751076
46,75,0.03987602889537811
46,76,0.0473577082157135
47,1,0.041444793343544006
47,2,0.04246312379837036
47,3,0.03991818055510521
47,4,0.05779864639043808
47,5,0.03995499759912491
47,6,0.04102236032485962
47,7,0.04249360412359238
47,8,0.044455088675022125
47,9,0.0476638525724411
47,10,0.04009681195020676
47,11,0.04173858463764191
47,12,0.042701415717601776
47,13,0.04476878419518471
47,14,0.05024178326129913
47,15,0.04190831631422043
47,16,0.04923849552869797
47,17,0.05262161046266556
47,18,0.04480360075831413
47,19,0.036699824035167694
47,20,0.04621758311986923
47,21,0.055112630128860474
47,22,0.04250067472457886
47,23,0.04581737518310547
47,24,0.042061008512973785
47,25,0.04153689369559288
47,26,0.03914685547351837
47,27,0.047434352338314056
47,28,0.04644705355167389
47,29,0.04530327767133713
47,30,0.04177520424127579
47,31,0.04810907691717148
47,32,0.045202165842056274
47,33,0.04616425186395645
47,34,0.049159400165081024
47,35,0.04626528173685074
47,36,0.0440869964659214
47,37,0.04583768919110298
47,38,0.046756237745285034
47,39,0.05165807530283928
47,40,0.04430343955755234
47,41,0.04022365063428879
47,42,0.04945093393325806
47,43,0.04474940523505211
47,44,0.04232102632522583
47,45,0.04810268431901932
47,46,0.03808307275176048
47,47,0.045043304562568665
47,48,0.04456041380763054
47,49,0.040672414004802704
47,50,0.04483366012573242
47,51,0.037733230739831924
47,52,0.04792778193950653
47,53,0.05134141445159912
47,54,0.04086300730705261
47,55,0.042221881449222565
47,56,0.041830502450466156
47,57,0.03524034470319748
47,58,0.04993334785103798
47,59,0.041169922798871994
47,60,0.04719488322734833
47,61,0.05325472354888916
47,62,0.04609888046979904
47,63,0.04923045635223389
47,64,0.04349948465824127
47,65,0.029112791642546654
47,66,0.046202652156353
47,67,0.04537593573331833
47,68,0.03860988840460777
47,69,0.042996495962142944
47,70,0.04868078976869583
47,71,0.043348073959350586
47,72,0.03889530152082443
47,73,0.04005365073680878
47,74,0.03738724812865257
47,75,0.03588860481977463
47,76,0.04084109514951706
48,1,0.041888974606990814
48,2,0.05114211142063141
48,3,0.050946690142154694
48,4,0.038178447633981705
48,5,0.04817194491624832
48,6,0.0415029376745224
48,7,0.0391731821000576
48,8,0.04340573027729988
48,9,0.0421045757830143
48,10,0.04845024272799492
48,11,0.04536532610654831
48,12,0.04080849140882492
48,13,0.044121526181697845
48,14,0.044895071536302567
48,15,0.04347953200340271
48,16,0.045557789504528046
48,17,0.05223987624049187
48,18,0.05125688016414642
48,19,0.03926520794630051
48,20,0.04414992034435272
48,21,0.04071968048810959
48,22,0.04226652532815933
48,23,0.036460284143686295
48,24,0.03769662603735924
48,25,0.043015703558921814
48,26,0.0405128076672554
48,27,0.046154774725437164
48,28,0.034767888486385345
48,29,0.046536512672901154
48,30,0.040548183023929596
48,31,0.0389757938683033
48,32,0.05693050101399422
48,33,0.04093877971172333
48,34,0.03860354796051979
48,35,0.037333596497774124
48,36,0.035150524228811264
48,37,0.04130787402391434
48,38,0.04867265000939369
48,39,0.04378531128168106
48,40,0.04425946623086929
48,41,0.03816280886530876
48,42,0.046554677188396454
48,43,0.056068506091833115
48,44,0.03962714225053787
48,45,0.045792900025844574
48,46,0.044783443212509155
48,47,0.04131481051445007
48,48,0.041538454592227936
48,49,0.04352375864982605
48,50,0.03575211763381958
48,51,0.05016639083623886
48,52,0.04712262004613876
48,53,0.04486013948917389
48,54,0.04712356626987457
48,55,0.04341902583837509
48,56,0.03686177730560303
48,57,0.04405737295746803
48,58,0.050407856702804565
48,59,0.0394754633307457
48,60,0.04206471145153046
48,61,0.04293752461671829
48,62,0.05090489238500595
48,63,0.03964744508266449
48,64,0.04788098484277725
48,65,0.04390612989664078
48,66,0.03990287333726883
48,67,0.0431421622633934
48,68,0.03804013878107071
48,69,0.042006731033325195
48,70,0.04749251902103424
48,71,0.04539374262094498
48,72,0.04546754062175751
48,73,0.04231168329715729
48,74,0.0379633754491806
48,75,0.0405886135995388
48,76,0.04546412080526352
49,1,0.05300786346197128
49,2,0.04003479331731796
49,3,0.040730930864810944
49,4,0.03812355548143387
49,5,0.047639988362789154
49,6,0.03957793489098549
49,7,0.04077477008104324
49,8,0.04992509260773659
49,9,0.041056543588638306
49,10,0.040770456194877625
49,11,0.04612939432263374
49,12,0.05038483440876007
49,13,0.04520660638809204
49,14,0.04102020338177681
49,15,0.03945959359407425
49,16,0.045906271785497665
49,17,0.04242657870054245
49,18,0.047371797263622284
49,19,0.04301929101347923
49,20,0.038864776492118835
49,21,0.04378710314631462
49,22,0.04287998378276825
49,23,0.04378382861614227
49,24,0.04568624123930931
49,25,0.04045708104968071
49,26,0.04899401590228081
49,27,0.05070672556757927
49,28,0.04594263434410095
49,29,0.041707925498485565
49,30,0.047166500240564346
49,31,0.04530789703130722
49,32,0.050823722034692764
49,33,0.03489644080400467
49,34,0.039849039167165756
49,35,0.04434235394001007
49,36,0.044464826583862305
49,37,0.045690979808568954
49,38,0.04964488372206688
49,39,0.04210352525115013
49,40,0.05934010446071625
49,41,0.04796048253774643
49,42,0.04545840620994568
49,43,0.04430270195007324
49,44,0.04522600769996643
49,45,0.04654628410935402
49,46,0.0429520420730114
49,47,0.03768761828541756
49,48,0.04076726734638214
49,49,0.05368007719516754
49,50,0.03900204971432686
49,51,0.053153280168771744
49,52,0.045387305319309235
49,53,0.04521152377128601
49,54,0.04047570750117302
49,55,0.04295571148395538
49,56,0.04095398262143135
49,57,0.04940669238567352
49,58,0.05024520307779312
49,59,0.0365794375538826
49,60,0.043089594691991806
49,61,0.049946628510951996
49,62,0.04832896590232849
49,63,0.03883488476276398
49,64,0.04965890571475029
49,65,0.05729962885379791
49,66,0.047781046479940414
49,67,0.05077728256583214
49,68,0.04825011268258095
49,69,0.039329029619693756
49,70,0.04522638022899628
49,71,0.04225291311740875
49,72,0.04087628051638603
49,73,0.04195435717701912
49,74,0.045845601707696915
49,75,0.04626632481813431
49,76,0.044540125876665115
50,1,0.04300528019666672
50,2,0.03796224296092987
50,3,0.051251061260700226
50,4,0.037136465311050415
50,5,0.04520990699529648
50,6,0.05129152536392212
50,7,0.03870195150375366
50,8,0.05097528547048569
50,9,0.040884777903556824
50,10,0.06108439341187477
50,11,0.039288975298404694
50,12,0.04977734386920929
50,13,0.0481080561876297
50,14,0.045375630259513855
50,15,0.04456501454114914
50,16,0.04768134281039238
50,17,0.04378374665975571
50,18,0.05481380969285965
50,19,0.041938476264476776
50,20,0.0558575838804245
50,21,0.04484838992357254
50,22,0.04295273870229721
50,23,0.04098395258188248
50,24,0.04347889870405197
50,25,0.04897782951593399
50,26,0.04343992471694946
50,27,0.045804060995578766
50,28,0.04207254573702812
50,29,0.05190166085958481
50,30,0.04460833966732025
50,31,0.04416581243276596
50,32,0.04907143488526344
50,33,0.04475655406713486
50,34,0.045515939593315125
50,35,0.04263189435005188
50,36,0.04927191510796547
50,37,0.04629931598901749
50,38,0.039330191910266876
50,39,0.04250159114599228
50,40,0.04766911268234253
50,41,0.04544626921415329
50,42,0.04264019429683685
50,43,0.0422213077545166
50,44,0.04099991172552109
50,45,0.05050146207213402
50,46,0.042341023683547974
50,47,0.04054294526576996
50,48,0.04920995980501175
50,49,0.034983791410923004
50,50,0.04078209400177002
50,51,0.03952563554048538
50,52,0.051775574684143066
50,53,0.04561316967010498
50,54,0.0441015250980854
50,55,0.04332474619150162
50,56,0.05480821803212166
50,57,0.045997895300388336
50,58,0.03894511237740517
50,59,0.048550985753536224
50,60,0.053136371076107025
50,61,0.04613099992275238
50,62,0.046577319502830505
50,63,0.04482027143239975
50,64,0.05120674520730972
50,65,0.041764792054891586
50,66,0.042049504816532135
50,67,0.04917290806770325
50,68,0.04350850731134415
50,69,0.035832155495882034
50,70,0.041542522609233856
50,71,0.04770811274647713
50,72,0.046422675251960754
50,73,0.04906687140464783
50,74,0.04851792752742767
50,75,0.040918979793787
50,76,0.044349126517772675
