epoch,step,loss
1,1,4.8127593994140625
1,2,4.667198181152344
1,3,4.725776672363281
1,4,4.689735412597656
1,5,4.6495513916015625
1,6,4.605934143066406
2,1,4.2917327880859375
2,2,4.241058349609375
2,3,4.226417541503906
2,4,4.191253662109375
2,5,4.279472351074219
3,1,4.083717346191406
3,2,4.0420989990234375
3,3,4.018089294433594
3,4,4.020687103271484
3,5,3.952239990234375
4,1,3.9222145080566406
4,2,3.8714675903320312
4,3,3.6971397399902344
4,4,3.7124786376953125
4,5,3.781097412109375
5,1,3.60015869140625
5,2,3.5491371154785156
5,3,3.5636157989501953
5,4,3.5813827514648438
5,5,3.5376853942871094
6,1,3.366750717163086
6,2,3.277067184448242
6,3,3.41412353515625
6,4,3.3120651245117188
6,5,3.3208084106445312
7,1,3.2183566093444824
7,2,3.290925979614258
7,3,3.1488113403320312
7,4,3.1479568481445312
7,5,3.024594306945801
8,1,3.161764144897461
8,2,3.001239776611328
8,3,2.916473388671875
8,4,3.1816587448120117
8,5,2.935962677001953
9,1,2.914834976196289
9,2,2.908924102783203
9,3,2.7778568267822266
9,4,2.8600940704345703
9,5,2.8280935287475586
10,1,2.7414026260375977
10,2,2.787447929382324
10,3,2.907651901245117
10,4,2.7415270805358887
10,5,2.6533331871032715
11,1,2.564208984375
11,2,2.598313331604004
11,3,2.3116579055786133
11,4,2.6633424758911133
11,5,2.463534355163574
12,1,2.3117499351501465
12,2,2.373566150665283
12,3,2.4838216304779053
12,4,2.404958724975586
12,5,2.284317970275879
13,1,2.1575140953063965
13,2,2.1159768104553223
13,3,2.1238656044006348
13,4,2.215780735015869
13,5,2.2533059120178223
14,1,2.3149378299713135
14,2,2.071445941925049
14,3,2.274700164794922
14,4,2.0429649353027344
14,5,2.134570360183716
15,1,2.179588794708252
15,2,1.8856558799743652
15,3,2.079618453979492
15,4,1.8235154151916504
15,5,1.8391169309616089
16,1,1.8459744453430176
16,2,1.87744140625
16,3,1.6921195983886719
16,4,2.3074417114257812
16,5,1.8499622344970703
17,1,1.7075388431549072
17,2,1.816741943359375
17,3,1.9636099338531494
17,4,1.632795810699463
17,5,1.8458681106567383
18,1,1.563786506652832
18,2,1.6783915758132935
18,3,2.07513165473938
18,4,1.600332498550415
18,5,2.0328826904296875
19,1,1.5314018726348877
19,2,1.715876579284668
19,3,1.5472455024719238
19,4,1.4447340965270996
19,5,1.6911413669586182
20,1,1.2958025932312012
20,2,1.364634394645691
20,3,1.7936161756515503
20,4,2.0782501697540283
20,5,1.552851676940918
21,1,1.2588729858398438
21,2,1.3512794971466064
21,3,1.445686936378479
21,4,1.5171438455581665
21,5,1.384423017501831
22,1,1.5556397438049316
22,2,1.22110915184021
22,3,1.366033911705017
22,4,1.237565040588379
22,5,1.3026466369628906
23,1,1.0773847103118896
23,2,1.1335105895996094
23,3,1.5527994632720947
23,4,1.4479202032089233
23,5,1.0849692821502686
24,1,0.967460036277771
24,2,1.1721811294555664
24,3,0.9806255102157593
24,4,1.14487886428833
24,5,1.1529850959777832
25,1,1.0532050132751465
25,2,1.009669303894043
25,3,1.307867169380188
25,4,0.9798448085784912
25,5,1.074592113494873
26,1,1.2060762643814087
26,2,1.051645040512085
26,3,0.9537776708602905
26,4,1.2204375267028809
26,5,1.0268787145614624
27,1,0.7670665979385376
27,2,0.8907270431518555
27,3,0.8899455070495605
27,4,1.1619962453842163
27,5,0.7838830947875977
28,1,0.8597352504730225
28,2,0.9634379148483276
28,3,1.0651326179504395
28,4,0.778103232383728
28,5,0.9922622442245483
29,1,0.8400081396102905
29,2,0.8911821842193604
29,3,1.2963147163391113
29,4,0.7754548788070679
29,5,0.9507431983947754
30,1,1.1958346366882324
30,2,0.7597440481185913
30,3,0.7246251106262207
30,4,0.8386708498001099
30,5,0.7663666009902954
31,1,0.8595001697540283
31,2,0.7233075499534607
31,3,0.9555741548538208
31,4,1.1465400457382202
31,5,0.6570558547973633
32,1,0.6202701330184937
32,2,0.9316401481628418
32,3,0.6645406484603882
32,4,0.7815802693367004
32,5,0.6700711250305176
33,1,0.6742857694625854
33,2,1.1387619972229004
33,3,0.8886314034461975
33,4,1.0136977434158325
33,5,0.5578398704528809
34,1,0.6587681770324707
34,2,0.532260537147522
34,3,1.2410268783569336
34,4,1.016892671585083
34,5,0.590684175491333
35,1,0.49823492765426636
35,2,0.6291549801826477
35,3,0.8841986656188965
35,4,0.9868893623352051
35,5,0.49385976791381836
36,1,0.4933215379714966
36,2,0.6538724899291992
36,3,0.5745141506195068
36,4,0.9202262163162231
36,5,0.7737079858779907
37,1,0.4926367998123169
37,2,0.8055129051208496
37,3,1.1589783430099487
37,4,0.6720018982887268
37,5,0.518948495388031
38,1,0.7006510496139526
38,2,0.6655842065811157
38,3,0.43522119522094727
38,4,0.6120491027832031
38,5,0.8628696203231812
39,1,0.8039709329605103
39,2,0.708361804485321
39,3,0.4452677369117737
39,4,0.6689083576202393
39,5,0.456412672996521
40,1,0.40300703048706055
40,2,0.45078179240226746
40,3,0.4927598237991333
40,4,0.3887549042701721
40,5,0.7160793542861938
41,1,0.44363367557525635
41,2,0.37391984462738037
41,3,0.42003530263900757
41,4,0.9836999177932739
41,5,0.7262571454048157
42,1,0.8705158233642578
42,2,0.890803337097168
42,3,0.5860434770584106
42,4,0.8939124345779419
42,5,0.6372153759002686
43,1,0.3290404677391052
43,2,0.9097129106521606
43,3,0.5099299550056458
43,4,0.8704160451889038
43,5,0.3535711169242859
44,1,0.34494978189468384
44,2,0.49459731578826904
44,3,0.8390278816223145
44,4,0.44394463300704956
44,5,0.6177148818969727
45,1,0.34529173374176025
45,2,0.5712139010429382
45,3,0.7822024822235107
45,4,0.6580411791801453
45,5,0.8933179378509521
46,1,0.7612966299057007
46,2,0.38930732011795044
46,3,0.5591020584106445
46,4,0.4091545343399048
46,5,0.3395459055900574
47,1,1.080353021621704
47,2,0.6868820786476135
47,3,0.7168378829956055
47,4,0.308302104473114
47,5,0.4456019699573517
48,1,0.5898255109786987
48,2,0.4441688656806946
48,3,0.6764116287231445
48,4,0.31878072023391724
48,5,0.36852699518203735
49,1,0.32475489377975464
49,2,0.33166593313217163
49,3,0.49030351638793945
49,4,0.7555621862411499
49,5,0.3133257031440735
50,1,0.6081108450889587
50,2,0.5850309729576111
50,3,0.2680363655090332
50,4,0.4101036787033081
50,5,0.6327388286590576
51,1,0.5465951561927795
51,2,0.4724225103855133
51,3,0.4699144661426544
51,4,0.3314293622970581
51,5,0.8194262981414795
52,1,0.42062944173812866
52,2,0.7079930901527405
52,3,0.7751290798187256
52,4,0.2841525077819824
52,5,0.22293904423713684
53,1,0.6385005712509155
53,2,0.6776278614997864
53,3,0.3995528817176819
53,4,0.565719723701477
53,5,0.3980596363544464
54,1,0.25671371817588806
54,2,0.2981818914413452
54,3,0.2684788107872009
54,4,0.5743564963340759
54,5,0.8964011669158936
55,1,0.3015858232975006
55,2,0.3498777151107788
55,3,0.48620545864105225
55,4,0.21965637803077698
55,5,0.25343143939971924
56,1,0.6015995740890503
56,2,0.33079755306243896
56,3,0.26427656412124634
56,4,0.5176896452903748
56,5,0.3617262840270996
57,1,0.6162658333778381
57,2,0.7165341377258301
57,3,0.29492512345314026
57,4,0.3796491026878357
57,5,0.1883275806903839
58,1,0.5623736381530762
58,2,0.35420334339141846
58,3,0.31329745054244995
58,4,0.23894065618515015
58,5,0.59903883934021
59,1,0.43149295449256897
59,2,0.23209348320960999
59,3,0.28807246685028076
59,4,0.6636970043182373
59,5,0.32643359899520874
60,1,0.5594199895858765
60,2,0.24824675917625427
60,3,0.6502094268798828
60,4,0.32277703285217285
60,5,0.4514644145965576
61,1,0.1721876859664917
61,2,0.5691789984703064
61,3,0.5068612098693848
61,4,0.41515690088272095
61,5,0.5153039693832397
62,1,0.2560369670391083
62,2,0.2811536192893982
62,3,0.7179548740386963
62,4,0.2385716736316681
62,5,0.42629683017730713
63,1,0.1793901026248932
63,2,0.7034987211227417
63,3,0.5509576201438904
63,4,0.19315510988235474
63,5,0.18566331267356873
64,1,0.4073149263858795
64,2,0.32418563961982727
64,3,0.3234511613845825
64,4,0.3892214298248291
64,5,0.35871052742004395
65,1,0.3370814323425293
65,2,0.31233876943588257
65,3,0.8343620300292969
65,4,0.17181804776191711
65,5,0.6510302424430847
66,1,0.38629961013793945
66,2,0.2933190166950226
66,3,0.3641505241394043
66,4,0.2716297209262848
66,5,0.16269415616989136
67,1,0.21438808739185333
67,2,0.20989464223384857
67,3,0.19073572754859924
67,4,0.43127232789993286
67,5,0.448219358921051
68,1,0.24886083602905273
68,2,0.6877297163009644
68,3,0.3877819776535034
68,4,0.8565663695335388
68,5,0.29126492142677307
69,1,0.19555345177650452
69,2,0.3300110995769501
69,3,0.3863165080547333
69,4,0.35154789686203003
69,5,0.5177945494651794
70,1,0.744837760925293
70,2,0.32336699962615967
70,3,0.23964223265647888
70,4,0.28347885608673096
70,5,0.3154810965061188
71,1,0.4082329273223877
71,2,0.18200108408927917
71,3,0.4769957661628723
71,4,0.20824280381202698
71,5,0.3086182177066803
72,1,0.33051562309265137
72,2,0.4363424479961395
72,3,0.19872096180915833
72,4,0.2505858540534973
72,5,0.19287677109241486
73,1,0.3103351294994354
73,2,0.39451876282691956
73,3,0.5162297487258911
73,4,0.38218605518341064
73,5,0.17536789178848267
74,1,0.2535984516143799
74,2,0.2945556640625
74,3,0.27006590366363525
74,4,0.19861170649528503
74,5,0.17932987213134766
75,1,0.21581213176250458
75,2,0.5831725597381592
75,3,0.31886595487594604
75,4,0.2458641231060028
75,5,0.46968185901641846
76,1,0.4661847651004791
76,2,0.5925825238227844
76,3,0.35681450366973877
76,4,0.3078421354293823
76,5,0.35654422640800476
77,1,0.22369280457496643
77,2,0.14690887928009033
77,3,0.1332140564918518
77,4,0.38433462381362915
77,5,0.48182716965675354
78,1,0.16688385605812073
78,2,0.3746209144592285
78,3,0.17505007982254028
78,4,0.37525492906570435
78,5,0.12475574016571045
79,1,0.5159006118774414
79,2,0.287478506565094
79,3,0.32844454050064087
79,4,0.18681827187538147
79,5,0.4633612632751465
80,1,0.5021624565124512
80,2,0.4621785283088684
80,3,0.24833515286445618
80,4,0.7787572741508484
80,5,0.2931475341320038
81,1,0.7505592107772827
81,2,0.14561384916305542
81,3,0.44172513484954834
81,4,0.1353178173303604
81,5,0.1810571551322937
82,1,0.5818468332290649
82,2,0.4767647981643677
82,3,0.16439880430698395
82,4,0.18978667259216309
82,5,0.6810065507888794
83,1,0.1718142330646515
83,2,0.41339531540870667
83,3,0.1394183337688446
83,4,0.23229077458381653
83,5,0.2614530324935913
84,1,0.13072234392166138
84,2,0.26908087730407715
84,3,0.16103783249855042
84,4,0.5852305889129639
84,5,0.5528500080108643
85,1,0.2101791352033615
85,2,0.20420187711715698
85,3,0.4850071370601654
85,4,0.5344498157501221
85,5,0.2955555021762848
86,1,0.4697151184082031
86,2,0.5670913457870483
86,3,0.739276111125946
86,4,0.1527760624885559
86,5,0.13787540793418884
87,1,0.1554001271724701
87,2,0.4752090871334076
87,3,0.7951356172561646
87,4,0.1642337292432785
87,5,0.13426680862903595
88,1,0.15305942296981812
88,2,0.1624356061220169
88,3,0.1282687485218048
88,4,0.1442413628101349
88,5,0.6546556949615479
89,1,0.13782867789268494
89,2,0.15171945095062256
89,3,0.13893312215805054
89,4,0.24635261297225952
89,5,0.6535667181015015
90,1,0.2549423277378082
90,2,0.2284793108701706
90,3,0.12290152907371521
90,4,0.17530971765518188
90,5,0.31574293971061707
91,1,0.535500705242157
91,2,0.5298933982849121
91,3,0.4616020917892456
91,4,0.16792979836463928
91,5,0.40768104791641235
92,1,0.23930421471595764
92,2,0.5286993980407715
92,3,0.13215699791908264
92,4,1.057548999786377
92,5,0.4746231436729431
93,1,0.39939457178115845
93,2,0.40994498133659363
93,3,0.2966325283050537
93,4,0.6788185834884644
93,5,0.1728392094373703
94,1,0.7665759325027466
94,2,0.18493691086769104
94,3,0.12287837266921997
94,4,0.15454880893230438
94,5,0.4742642045021057
95,1,0.14782586693763733
95,2,0.31130653619766235
95,3,0.20099496841430664
95,4,0.15881623327732086
95,5,0.23356352746486664
96,1,0.2908898591995239
96,2,0.43389302492141724
96,3,0.3043227791786194
96,4,0.12260307371616364
96,5,0.3354693651199341
97,1,0.21336305141448975
97,2,0.592849850654602
97,3,0.48875224590301514
97,4,0.3498987853527069
97,5,0.305656373500824
98,1,0.15964074432849884
98,2,0.3848641514778137
98,3,0.3680141270160675
98,4,0.37879684567451477
98,5,0.3660568296909332
99,1,0.25036054849624634
99,2,0.1930534392595291
99,3,0.5952284336090088
99,4,0.33810701966285706
99,5,0.1260928213596344
100,1,0.43937718868255615
100,2,0.19004333019256592
100,3,0.20145219564437866
100,4,0.1297660619020462
100,5,0.17767049372196198
