epoch,step,loss
1,1,2.017810821533203
1,2,2.0054283142089844
1,3,1.5767545700073242
1,4,1.3108376264572144
1,5,1.119006633758545
1,6,1.0637905597686768
2,1,1.0655574798583984
2,2,1.080589771270752
2,3,1.028132438659668
2,4,0.9493709802627563
2,5,0.9870772361755371
3,1,0.979729175567627
3,2,0.9660487174987793
3,3,0.899238109588623
3,4,0.911475658416748
3,5,0.9232975244522095
4,1,0.9347844123840332
4,2,0.8250402212142944
4,3,0.8936493396759033
4,4,0.8529754877090454
4,5,0.8399328589439392
5,1,0.8121949434280396
5,2,0.8501805067062378
5,3,0.8731227517127991
5,4,0.7859978079795837
5,5,0.7593414783477783
6,1,0.8127791881561279
6,2,0.8551491498947144
6,3,0.6872155666351318
6,4,0.8298587203025818
6,5,0.7668814063072205
7,1,0.7196714282035828
7,2,0.732869565486908
7,3,0.8948513269424438
7,4,0.6850552558898926
7,5,0.6376051902770996
8,1,0.7528928518295288
8,2,0.6639164686203003
8,3,0.6761871576309204
8,4,0.6525359749794006
8,5,0.6784031987190247
9,1,0.9110549688339233
9,2,0.572180986404419
9,3,0.6615695953369141
9,4,0.6202473640441895
9,5,0.6927080154418945
10,1,0.6592883467674255
10,2,0.5992769002914429
10,3,0.6147611141204834
10,4,0.6384239196777344
10,5,0.654649019241333
11,1,0.6485134959220886
11,2,0.6562115550041199
11,3,0.6101066470146179
11,4,0.5887073874473572
11,5,0.580541729927063
12,1,0.5347811579704285
12,2,0.6525622606277466
12,3,0.5551842451095581
12,4,0.675193190574646
12,5,0.4921932518482208
13,1,0.5218445062637329
13,2,0.5136188268661499
13,3,0.5871431231498718
13,4,0.6376587152481079
13,5,0.5348537564277649
14,1,0.657476544380188
14,2,0.6022591590881348
14,3,0.5990010499954224
14,4,0.4730861186981201
14,5,0.5392249822616577
15,1,0.4436136782169342
15,2,0.5262504816055298
15,3,0.5032199025154114
15,4,0.560032844543457
15,5,0.5743346214294434
16,1,0.4861706495285034
16,2,0.5131152272224426
16,3,0.5052963495254517
16,4,0.5634217858314514
16,5,0.5896931290626526
17,1,0.3942178785800934
17,2,0.49383091926574707
17,3,0.38717755675315857
17,4,0.6824707388877869
17,5,0.4126892685890198
18,1,0.5640439391136169
18,2,0.4488718509674072
18,3,0.4584047198295593
18,4,0.4254806637763977
18,5,0.5252457857131958
19,1,0.41126549243927
19,2,0.5496127605438232
19,3,0.4476608335971832
19,4,0.38988858461380005
19,5,0.4703817665576935
20,1,0.46372151374816895
20,2,0.48146310448646545
20,3,0.5337939262390137
20,4,0.4291173219680786
20,5,0.443949818611145
21,1,0.33621945977211
21,2,0.5836054086685181
21,3,0.4756733775138855
21,4,0.33657902479171753
21,5,0.569551944732666
22,1,0.4855280816555023
22,2,0.5734223127365112
22,3,0.44189101457595825
22,4,0.5232266187667847
22,5,0.411998450756073
23,1,0.43031418323516846
23,2,0.2932446599006653
23,3,0.5667352676391602
23,4,0.3643796741962433
23,5,0.4124128520488739
24,1,0.3651248812675476
24,2,0.6166867017745972
24,3,0.47538119554519653
24,4,0.39638257026672363
24,5,0.3824107050895691
25,1,0.4155305027961731
25,2,0.33895301818847656
25,3,0.3253466486930847
25,4,0.3845108151435852
25,5,0.41797304153442383
26,1,0.5988022089004517
26,2,0.4260903596878052
26,3,0.35804325342178345
26,4,0.5184823870658875
26,5,0.342417448759079
27,1,0.3722077012062073
27,2,0.48617470264434814
27,3,0.4889805316925049
27,4,0.39908725023269653
27,5,0.3065943717956543
28,1,0.37548714876174927
28,2,0.40496814250946045
28,3,0.3715893626213074
28,4,0.49366524815559387
28,5,0.2532004117965698
29,1,0.4402622878551483
29,2,0.31153178215026855
29,3,0.34796738624572754
29,4,0.4721212387084961
29,5,0.4274105429649353
30,1,0.41461920738220215
30,2,0.31831979751586914
30,3,0.2992449104785919
30,4,0.41200876235961914
30,5,0.3458613455295563
31,1,0.40895402431488037
31,2,0.42045679688453674
31,3,0.6307932138442993
31,4,0.316903293132782
31,5,0.31729838252067566
32,1,0.38779905438423157
32,2,0.3584185540676117
32,3,0.43438780307769775
32,4,0.2132183015346527
32,5,0.3579915761947632
33,1,0.2968505918979645
33,2,0.37130430340766907
33,3,0.601313591003418
33,4,0.5679579377174377
33,5,0.3843913674354553
34,1,0.45750707387924194
34,2,0.30884385108947754
34,3,0.3452894687652588
34,4,0.5438089370727539
34,5,0.45138174295425415
35,1,0.33338111639022827
35,2,0.24903903901576996
35,3,0.30681371688842773
35,4,0.4552948474884033
35,5,0.28196996450424194
36,1,0.23197972774505615
36,2,0.30553075671195984
36,3,0.2932179272174835
36,4,0.49582526087760925
36,5,0.5778807401657104
37,1,0.24248400330543518
37,2,0.5476597547531128
37,3,0.26048675179481506
37,4,0.30402103066444397
37,5,0.46233293414115906
38,1,0.3272508382797241
38,2,0.4666654169559479
38,3,0.3763476610183716
38,4,0.22121500968933105
38,5,0.3110034763813019
39,1,0.40243974328041077
39,2,0.4167882800102234
39,3,0.26389482617378235
39,4,0.20112332701683044
39,5,0.26631051301956177
40,1,0.30144810676574707
40,2,0.20985352993011475
40,3,0.32584625482559204
40,4,0.2552598714828491
40,5,0.2190154641866684
41,1,0.37916797399520874
41,2,0.4541928768157959
41,3,0.31383180618286133
41,4,0.2716449201107025
41,5,0.31692278385162354
42,1,0.39888375997543335
42,2,0.3935137391090393
42,3,0.3388281464576721
42,4,0.4715694487094879
42,5,0.3669441342353821
43,1,0.3830890655517578
43,2,0.33752408623695374
43,3,0.17302116751670837
43,4,0.23386865854263306
43,5,0.257628858089447
44,1,0.3826462924480438
44,2,0.4974633753299713
44,3,0.2367258071899414
44,4,0.3777620792388916
44,5,0.333649605512619
45,1,0.30646854639053345
45,2,0.30285316705703735
45,3,0.3118906021118164
45,4,0.3918548822402954
45,5,0.14909255504608154
46,1,0.3590676784515381
46,2,0.17231573164463043
46,3,0.2304818034172058
46,4,0.29480239748954773
46,5,0.3869791030883789
47,1,0.3757864236831665
47,2,0.45693445205688477
47,3,0.14826521277427673
47,4,0.2671828269958496
47,5,0.4608284831047058
48,1,0.23125559091567993
48,2,0.19809086620807648
48,3,0.26578837633132935
48,4,0.19116970896720886
48,5,0.30262869596481323
49,1,0.3912718892097473
49,2,0.27754199504852295
49,3,0.31673258543014526
49,4,0.3504018485546112
49,5,0.338189959526062
50,1,0.2788528501987457
50,2,0.2662908136844635
50,3,0.4869230389595032
50,4,0.45530247688293457
50,5,0.22393983602523804
51,1,0.33385878801345825
51,2,0.5102217793464661
51,3,0.28206947445869446
51,4,0.1745370626449585
51,5,0.24977540969848633
52,1,0.3598543405532837
52,2,0.26758167147636414
52,3,0.38216903805732727
52,4,0.1538708359003067
52,5,0.2440778762102127
53,1,0.2964169681072235
53,2,0.3027803897857666
53,3,0.24958662688732147
53,4,0.31822142004966736
53,5,0.185164213180542
54,1,0.24267694354057312
54,2,0.24782827496528625
54,3,0.22741754353046417
54,4,0.40469950437545776
54,5,0.20614862442016602
55,1,0.35055893659591675
55,2,0.35831230878829956
55,3,0.2421180009841919
55,4,0.2894367575645447
55,5,0.2579214572906494
56,1,0.2818042039871216
56,2,0.24398453533649445
56,3,0.2209312617778778
56,4,0.16246415674686432
56,5,0.48213791847229004
57,1,0.10883646458387375
57,2,0.3258727192878723
57,3,0.2157607078552246
57,4,0.5156051516532898
57,5,0.2138420045375824
58,1,0.2382621169090271
58,2,0.20307070016860962
58,3,0.2759772539138794
58,4,0.15635259449481964
58,5,0.3446989059448242
59,1,0.38700857758522034
59,2,0.0801149532198906
59,3,0.32939332723617554
59,4,0.22330304980278015
59,5,0.27863478660583496
60,1,0.32760676741600037
60,2,0.27985095977783203
60,3,0.3702686131000519
60,4,0.3984336853027344
60,5,0.16523610055446625
61,1,0.3320236802101135
61,2,0.23950469493865967
61,3,0.1434132307767868
61,4,0.18438264727592468
61,5,0.22424910962581635
62,1,0.2302170842885971
62,2,0.19052919745445251
62,3,0.2950325310230255
62,4,0.13197073340415955
62,5,0.2110007107257843
63,1,0.49193835258483887
63,2,0.31977009773254395
63,3,0.4924691915512085
63,4,0.3526696562767029
63,5,0.17290574312210083
64,1,0.328493595123291
64,2,0.369351327419281
64,3,0.29696983098983765
64,4,0.18617820739746094
64,5,0.2523910403251648
65,1,0.19345369935035706
65,2,0.24847212433815002
65,3,0.1996767222881317
65,4,0.4393601715564728
65,5,0.2704850435256958
66,1,0.41321420669555664
66,2,0.16843783855438232
66,3,0.384455144405365
66,4,0.15911686420440674
66,5,0.26283520460128784
67,1,0.14892615377902985
67,2,0.22166916728019714
67,3,0.21665239334106445
67,4,0.11260804533958435
67,5,0.12534496188163757
68,1,0.11592717468738556
68,2,0.267585813999176
68,3,0.22801701724529266
68,4,0.14164547622203827
68,5,0.3773626685142517
69,1,0.5359467267990112
69,2,0.28068774938583374
69,3,0.26660364866256714
69,4,0.1984143704175949
69,5,0.20588915050029755
70,1,0.21439746022224426
70,2,0.156806081533432
70,3,0.0994475781917572
70,4,0.3397849202156067
70,5,0.44174474477767944
71,1,0.12537425756454468
71,2,0.24866455793380737
71,3,0.15205352008342743
71,4,0.15506692230701447
71,5,0.3217920660972595
72,1,0.18220606446266174
72,2,0.24597841501235962
72,3,0.2749634385108948
72,4,0.22483794391155243
72,5,0.2496923804283142
73,1,0.2618957757949829
73,2,0.26803719997406006
73,3,0.3058042526245117
73,4,0.411135196685791
73,5,0.35910093784332275
74,1,0.4150747060775757
74,2,0.19182848930358887
74,3,0.11199147254228592
74,4,0.4704335629940033
74,5,0.17349611222743988
75,1,0.4627888798713684
75,2,0.2519466280937195
75,3,0.19976288080215454
75,4,0.20278704166412354
75,5,0.17763759195804596
76,1,0.1501396894454956
76,2,0.17960579693317413
76,3,0.19930711388587952
76,4,0.2467680275440216
76,5,0.11505339294672012
77,1,0.16135525703430176
77,2,0.12269645929336548
77,3,0.4612947106361389
77,4,0.14628323912620544
77,5,0.47102272510528564
78,1,0.21579530835151672
78,2,0.3870474100112915
78,3,0.38481244444847107
78,4,0.20121335983276367
78,5,0.15885794162750244
79,1,0.21282169222831726
79,2,0.09845377504825592
79,3,0.2522279918193817
79,4,0.22404837608337402
79,5,0.10716193914413452
80,1,0.1257498860359192
80,2,0.1455901563167572
80,3,0.19510841369628906
80,4,0.17890048027038574
80,5,0.40045323967933655
81,1,0.0611400306224823
81,2,0.24536892771720886
81,3,0.21440424025058746
81,4,0.2112223505973816
81,5,0.1364556849002838
82,1,0.14793679118156433
82,2,0.4142830967903137
82,3,0.36364346742630005
82,4,0.2012142837047577
82,5,0.09680989384651184
83,1,0.11598186194896698
83,2,0.0954003557562828
83,3,0.11887846142053604
83,4,0.10926569253206253
83,5,0.3958893418312073
84,1,0.14346687495708466
84,2,0.3305935263633728
84,3,0.2376514971256256
84,4,0.2636469304561615
84,5,0.4132705330848694
85,1,0.13135284185409546
85,2,0.10010214149951935
85,3,0.3380051255226135
85,4,0.2252897471189499
85,5,0.0665993019938469
86,1,0.2982620596885681
86,2,0.10374310612678528
86,3,0.43531280755996704
86,4,0.3045450747013092
86,5,0.2932016849517822
87,1,0.06880663335323334
87,2,0.1261357069015503
87,3,0.2397593855857849
87,4,0.13389362394809723
87,5,0.17313122749328613
88,1,0.2150825411081314
88,2,0.14270415902137756
88,3,0.1653551459312439
88,4,0.13918304443359375
88,5,0.0843748077750206
89,1,0.35317057371139526
89,2,0.20024627447128296
89,3,0.253661572933197
89,4,0.08068688213825226
89,5,0.3329418897628784
90,1,0.23952507972717285
90,2,0.3884809613227844
90,3,0.16912183165550232
90,4,0.09634619951248169
90,5,0.20296710729599
91,1,0.22365376353263855
91,2,0.3335322439670563
91,3,0.13922514021396637
91,4,0.1771426796913147
91,5,0.2215147763490677
92,1,0.14287462830543518
92,2,0.09382136166095734
92,3,0.13276824355125427
92,4,0.17970311641693115
92,5,0.3004935085773468
93,1,0.14802369475364685
93,2,0.17175225913524628
93,3,0.17369283735752106
93,4,0.3788943290710449
93,5,0.24522730708122253
94,1,0.4087316393852234
94,2,0.25188881158828735
94,3,0.5125571489334106
94,4,0.1550132930278778
94,5,0.1755910962820053
95,1,0.15027672052383423
95,2,0.11341717839241028
95,3,0.3806370198726654
95,4,0.16827836632728577
95,5,0.2760045528411865
96,1,0.049348197877407074
96,2,0.12173449993133545
96,3,0.09947770088911057
96,4,0.20199716091156006
96,5,0.17881090939044952
97,1,0.2230965495109558
97,2,0.24931645393371582
97,3,0.2793705463409424
97,4,0.17790459096431732
97,5,0.3255070447921753
98,1,0.26587042212486267
98,2,0.058941952884197235
98,3,0.13949473202228546
98,4,0.16644322872161865
98,5,0.08743463456630707
99,1,0.20001015067100525
99,2,0.1376354843378067
99,3,0.25530722737312317
99,4,0.1737775057554245
99,5,0.10820399224758148
100,1,0.2805940508842468
100,2,0.28563129901885986
100,3,0.1163872480392456
100,4,0.37600648403167725
100,5,0.183230459690094
