epoch,step,loss
1,1,2.490753173828125
1,2,2.3768768310546875
1,3,2.248046875
2,1,1.9489059448242188
2,2,1.8098602294921875
3,1,1.6429672241210938
3,2,1.5696220397949219
4,1,1.4860401153564453
4,2,1.4629364013671875
5,1,1.321695327758789
5,2,1.1706132888793945
6,1,1.2463645935058594
6,2,1.0805892944335938
7,1,1.1706123352050781
7,2,0.8876047134399414
8,1,0.8281440734863281
8,2,0.8076448440551758
9,1,0.6782026290893555
9,2,0.7942538261413574
10,1,0.9567937850952148
10,2,0.8215318918228149
11,1,0.5855112075805664
11,2,0.5954434871673584
12,1,0.6309118270874023
12,2,0.540076732635498
13,1,0.501267671585083
13,2,0.40013599395751953
14,1,0.5836582183837891
14,2,0.35982584953308105
15,1,0.3675076961517334
15,2,0.29347747564315796
16,1,0.3384368419647217
16,2,0.34479308128356934
17,1,0.27915239334106445
17,2,0.3426332473754883
18,1,0.24065226316452026
18,2,0.32076823711395264
19,1,0.3490712642669678
19,2,0.32829123735427856
20,1,0.4422953128814697
20,2,0.2060679793357849
21,1,0.3103051781654358
21,2,0.1757412850856781
22,1,0.14462393522262573
22,2,0.24361956119537354
23,1,0.2573204040527344
23,2,0.46013784408569336
24,1,0.15055520832538605
24,2,0.2712353765964508
25,1,0.25469672679901123
25,2,0.188691183924675
26,1,0.2958112061023712
26,2,0.19733700156211853
27,1,0.1084991991519928
27,2,0.12399756908416748
28,1,0.13882553577423096
28,2,0.12385838478803635
29,1,0.07167109847068787
29,2,0.1754245162010193
30,1,0.16668269038200378
30,2,0.07903514802455902
31,1,0.10424511879682541
31,2,0.1133299171924591
32,1,0.052076078951358795
32,2,0.18123704195022583
33,1,0.07855802774429321
33,2,0.13869410753250122
34,1,0.07686372101306915
34,2,0.048399001359939575
35,1,0.153102844953537
35,2,0.10333390533924103
36,1,0.15606644749641418
36,2,0.2475602775812149
37,1,0.07972180098295212
37,2,0.07121902704238892
38,1,0.10075218975543976
38,2,0.041315093636512756
39,1,0.07886728644371033
39,2,0.08818407356739044
40,1,0.16011609137058258
40,2,0.23155201971530914
41,1,0.3241860568523407
41,2,0.04517534375190735
42,1,0.09174101799726486
42,2,0.07032151520252228
43,1,0.05083373188972473
43,2,0.07812284678220749
44,1,0.13274404406547546
44,2,0.0707821398973465
45,1,0.07529148459434509
45,2,0.1735619604587555
46,1,0.18910999596118927
46,2,0.05487939715385437
47,1,0.2390131950378418
47,2,0.0526912584900856
48,1,0.16018255054950714
48,2,0.07918564230203629
49,1,0.07009878754615784
49,2,0.02879095822572708
50,1,0.08386421203613281
50,2,0.05017423257231712
51,1,0.41441643238067627
51,2,0.11696513742208481
52,1,0.06539498269557953
52,2,0.14006106555461884
53,1,0.02949771285057068
53,2,0.051569707691669464
54,1,0.08847896754741669
54,2,0.03411364555358887
55,1,0.05145939439535141
55,2,0.045456662774086
56,1,0.05840618163347244
56,2,0.033031485974788666
57,1,0.0796089917421341
57,2,0.07905365526676178
58,1,0.09739643335342407
58,2,0.059801217168569565
59,1,0.09448285400867462
59,2,0.06323598325252533
60,1,0.08344727754592896
60,2,0.15130463242530823
61,1,0.0690816193819046
61,2,0.016461163759231567
62,1,0.334659218788147
62,2,0.14290529489517212
63,1,0.06424760073423386
63,2,0.030569927766919136
64,1,0.10262711346149445
64,2,0.13387508690357208
65,1,0.04289860278367996
65,2,0.13299775123596191
66,1,0.21985875070095062
66,2,0.07922221720218658
67,1,0.20644891262054443
67,2,0.17117345333099365
68,1,0.11191678792238235
68,2,0.07850894331932068
69,1,0.11133988201618195
69,2,0.061790719628334045
70,1,0.11998676508665085
70,2,0.2998897433280945
71,1,0.052184320986270905
71,2,0.06570862233638763
72,1,0.05052923038601875
72,2,0.04186246544122696
73,1,0.047171205282211304
73,2,0.03522414714097977
74,1,0.19435925781726837
74,2,0.07265816628932953
75,1,0.08162470161914825
75,2,0.05325641855597496
76,1,0.03485178202390671
76,2,0.5000835657119751
77,1,0.028982480987906456
77,2,0.049100153148174286
78,1,0.025055695325136185
78,2,0.03302835673093796
79,1,0.10293605923652649
79,2,0.12793685495853424
80,1,0.03501240164041519
80,2,0.04176883399486542
81,1,0.05564987659454346
81,2,0.03299185261130333
82,1,0.07361506670713425
82,2,0.2873638868331909
83,1,0.1346595585346222
83,2,0.14108029007911682
84,1,0.023356374353170395
84,2,0.02115722931921482
85,1,0.06340820342302322
85,2,0.04038010537624359
86,1,0.11197824776172638
86,2,0.1399313509464264
87,1,0.051262613385915756
87,2,0.0769893229007721
88,1,0.12544259428977966
88,2,0.041885700076818466
89,1,0.016901150345802307
89,2,0.01705881953239441
90,1,0.06784740090370178
90,2,0.0167522132396698
91,1,0.09733442962169647
91,2,0.07047964632511139
92,1,0.03586301952600479
92,2,0.06064131483435631
93,1,0.05142222344875336
93,2,0.09044027328491211
94,1,0.03637222945690155
94,2,0.08198341727256775
95,1,0.07256153225898743
95,2,0.13384562730789185
96,1,0.13594314455986023
96,2,0.20843839645385742
97,1,0.15582916140556335
97,2,0.07552006840705872
98,1,0.07540760189294815
98,2,0.034114859998226166
99,1,0.03474731743335724
99,2,0.12761881947517395
100,1,0.03018951043486595
100,2,0.02033623307943344
