epoch,step,loss
1,1,2.4271202087402344
1,2,2.1769561767578125
1,3,1.9812965393066406
1,4,1.8214111328125
1,5,1.5973930358886719
1,6,1.805803656578064
2,1,1.2983331680297852
2,2,1.3097271919250488
2,3,1.0848994255065918
2,4,1.0837980508804321
2,5,0.9336667060852051
3,1,0.8418612480163574
3,2,0.7352762818336487
3,3,0.7436208724975586
3,4,0.722251296043396
3,5,0.6688029766082764
4,1,0.564611554145813
4,2,0.594988226890564
4,3,0.5135987401008606
4,4,0.5053499937057495
4,5,0.43154510855674744
5,1,0.4142402708530426
5,2,0.4285368323326111
5,3,0.40664929151535034
5,4,0.4445076286792755
5,5,0.3449447751045227
6,1,0.3398680090904236
6,2,0.3723040521144867
6,3,0.3626829981803894
6,4,0.2976611852645874
6,5,0.28742220997810364
7,1,0.20974628627300262
7,2,0.29609277844429016
7,3,0.29993706941604614
7,4,0.3024424910545349
7,5,0.2184322476387024
8,1,0.29314732551574707
8,2,0.20693129301071167
8,3,0.27661073207855225
8,4,0.23496180772781372
8,5,0.2760768532752991
9,1,0.1974223256111145
9,2,0.26601266860961914
9,3,0.22601740062236786
9,4,0.15024155378341675
9,5,0.18091228604316711
10,1,0.17548087239265442
10,2,0.1731656789779663
10,3,0.21012616157531738
10,4,0.18969789147377014
10,5,0.17528830468654633
11,1,0.1693289875984192
11,2,0.15425753593444824
11,3,0.14753982424736023
11,4,0.11387085169553757
11,5,0.10776089131832123
12,1,0.11273354291915894
12,2,0.11985941231250763
12,3,0.1391441524028778
12,4,0.11237306892871857
12,5,0.0795731171965599
13,1,0.07678388059139252
13,2,0.08624057471752167
13,3,0.09385276585817337
13,4,0.10535815358161926
13,5,0.10284724086523056
14,1,0.18523724377155304
14,2,0.07523374259471893
14,3,0.07540684938430786
14,4,0.11139093339443207
14,5,0.13269764184951782
15,1,0.07066445052623749
15,2,0.0602269247174263
15,3,0.12600895762443542
15,4,0.07711417227983475
15,5,0.10182078182697296
16,1,0.06434080004692078
16,2,0.052805472165346146
16,3,0.205636128783226
16,4,0.13510772585868835
16,5,0.12694959342479706
17,1,0.089761883020401
17,2,0.04545372352004051
17,3,0.07611504942178726
17,4,0.057288721203804016
17,5,0.05233972519636154
18,1,0.0660841315984726
18,2,0.10081348568201065
18,3,0.09220673143863678
18,4,0.11252495646476746
18,5,0.04894556105136871
19,1,0.07853233814239502
19,2,0.061422452330589294
19,3,0.04062321037054062
19,4,0.12262751162052155
19,5,0.07316373288631439
20,1,0.08411611616611481
20,2,0.028158538043498993
20,3,0.09348617494106293
20,4,0.043442659080028534
20,5,0.055782467126846313
21,1,0.04176091030240059
21,2,0.030941445380449295
21,3,0.030009940266609192
21,4,0.057191573083400726
21,5,0.07252192497253418
22,1,0.04594937711954117
22,2,0.047974880784749985
22,3,0.03779415041208267
22,4,0.051428552716970444
22,5,0.05296900123357773
23,1,0.13880497217178345
23,2,0.031727105379104614
23,3,0.03197722136974335
23,4,0.025863192975521088
23,5,0.04316805675625801
24,1,0.0429086796939373
24,2,0.047788314521312714
24,3,0.028727546334266663
24,4,0.035961683839559555
24,5,0.15633341670036316
25,1,0.08632400631904602
25,2,0.03098415769636631
25,3,0.025408990681171417
25,4,0.08923190832138062
25,5,0.04181049019098282
26,1,0.044148776680231094
26,2,0.03707708418369293
26,3,0.03247755393385887
26,4,0.032676227390766144
26,5,0.029001908376812935
27,1,0.02213347889482975
27,2,0.11390279233455658
27,3,0.03222067281603813
27,4,0.044049110263586044
27,5,0.054635901004076004
28,1,0.08627301454544067
28,2,0.019298864528536797
28,3,0.10421136021614075
28,4,0.05299766734242439
28,5,0.024008341133594513
29,1,0.02587968483567238
29,2,0.07015693187713623
29,3,0.017859917134046555
29,4,0.013670321553945541
29,5,0.02384728193283081
30,1,0.059286221861839294
30,2,0.1357564926147461
30,3,0.02789650484919548
30,4,0.03225959092378616
30,5,0.024060484021902084
31,1,0.014945508912205696
31,2,0.056899458169937134
31,3,0.015013018622994423
31,4,0.04373009875416756
31,5,0.08088518679141998
32,1,0.07497875392436981
32,2,0.017185864970088005
32,3,0.0394560731947422
32,4,0.023754462599754333
32,5,0.025781231001019478
33,1,0.030059799551963806
33,2,0.024068135768175125
33,3,0.019358433783054352
33,4,0.029158156365156174
33,5,0.026363106444478035
34,1,0.015700964257121086
34,2,0.015533296391367912
34,3,0.021034153178334236
34,4,0.01440499722957611
34,5,0.042635612189769745
35,1,0.02786557376384735
35,2,0.023480162024497986
35,3,0.012569613754749298
35,4,0.013734015636146069
35,5,0.10987882316112518
36,1,0.01470979955047369
36,2,0.022866802290081978
36,3,0.0680185854434967
36,4,0.02286689728498459
36,5,0.01293005608022213
37,1,0.018683690577745438
37,2,0.032755590975284576
37,3,0.031571194529533386
37,4,0.02707735449075699
37,5,0.013700470328330994
38,1,0.012805648148059845
38,2,0.009641541168093681
38,3,0.017764383926987648
38,4,0.016299745067954063
38,5,0.02568204700946808
39,1,0.018166296184062958
39,2,0.034792907536029816
39,3,0.026688706129789352
39,4,0.02729758620262146
39,5,0.01165703497827053
40,1,0.015079254284501076
40,2,0.008936051279306412
40,3,0.050013020634651184
40,4,0.028002090752124786
40,5,0.04153352975845337
41,1,0.02732882834970951
41,2,0.020323973149061203
41,3,0.008642368018627167
41,4,0.010743055492639542
41,5,0.029402241110801697
42,1,0.030126318335533142
42,2,0.17995935678482056
42,3,0.027306798845529556
42,4,0.015320248901844025
42,5,0.016117099672555923
43,1,0.008647164329886436
43,2,0.027979083359241486
43,3,0.012938708066940308
43,4,0.017315037548542023
43,5,0.05607642978429794
44,1,0.005848189815878868
44,2,0.015256272628903389
44,3,0.05021600425243378
44,4,0.06785373389720917
44,5,0.05012056231498718
45,1,0.0427577942609787
45,2,0.02029670588672161
45,3,0.012614469975233078
45,4,0.10207396745681763
45,5,0.00969041045755148
46,1,0.012736627832055092
46,2,0.010087220929563046
46,3,0.0973653569817543
46,4,0.01985720358788967
46,5,0.0312364399433136
47,1,0.007710643112659454
47,2,0.13309834897518158
47,3,0.07503077387809753
47,4,0.018021520227193832
47,5,0.009437300264835358
48,1,0.1117885410785675
48,2,0.018620934337377548
48,3,0.014467675238847733
48,4,0.026176663115620613
48,5,0.05357137694954872
49,1,0.024949949234724045
49,2,0.015088529326021671
49,3,0.03895973041653633
49,4,0.010918591171503067
49,5,0.021120630204677582
50,1,0.008182281628251076
50,2,0.01242226455360651
50,3,0.13433466851711273
50,4,0.02567465603351593
50,5,0.014968650415539742
51,1,0.020084410905838013
51,2,0.04171605780720711
51,3,0.03868235647678375
51,4,0.015314219519495964
51,5,0.03913666307926178
52,1,0.027557047083973885
52,2,0.016241680830717087
52,3,0.08746792376041412
52,4,0.03916312754154205
52,5,0.03837130218744278
53,1,0.006264798808842897
53,2,0.015253194607794285
53,3,0.01310257613658905
53,4,0.024445105344057083
53,5,0.01876177452504635
54,1,0.016267767176032066
54,2,0.016852209344506264
54,3,0.013682717457413673
54,4,0.00928286463022232
54,5,0.028103675693273544
55,1,0.012702593579888344
55,2,0.006724232342094183
55,3,0.010977859608829021
55,4,0.0548439659178257
55,5,0.01894041895866394
56,1,0.019895508885383606
56,2,0.013630563393235207
56,3,0.01136996690183878
56,4,0.044859424233436584
56,5,0.012156868353486061
57,1,0.017151780426502228
57,2,0.03672858327627182
57,3,0.021256018429994583
57,4,0.03385510295629501
57,5,0.018521657213568687
58,1,0.008117185905575752
58,2,0.022772395983338356
58,3,0.010677805170416832
58,4,0.11345864087343216
58,5,0.02325962670147419
59,1,0.016282936558127403
59,2,0.009262467734515667
59,3,0.010383815504610538
59,4,0.008604684844613075
59,5,0.01878986693918705
60,1,0.007562440820038319
60,2,0.02541499398648739
60,3,0.12215108424425125
60,4,0.015413761138916016
60,5,0.04551777243614197
61,1,0.11926634609699249
61,2,0.00659003434702754
61,3,0.02305096760392189
61,4,0.007190374191850424
61,5,0.00962076336145401
62,1,0.05179668217897415
62,2,0.010190414264798164
62,3,0.010204748250544071
62,4,0.007333238609135151
62,5,0.06777773052453995
63,1,0.1129898652434349
63,2,0.00812908262014389
63,3,0.009592841379344463
63,4,0.012327512726187706
63,5,0.028020894154906273
64,1,0.02621685154736042
64,2,0.013155327178537846
64,3,0.007369617931544781
64,4,0.007257884368300438
64,5,0.010621316730976105
65,1,0.013827117159962654
65,2,0.014536253176629543
65,3,0.006040423177182674
65,4,0.017403271049261093
65,5,0.04205404594540596
66,1,0.006018565967679024
66,2,0.013923931866884232
66,3,0.007172001991420984
66,4,0.013419568538665771
66,5,0.007290602196007967
67,1,0.08995707333087921
67,2,0.03438927233219147
67,3,0.02967417612671852
67,4,0.026407204568386078
67,5,0.008455725386738777
68,1,0.013385651633143425
68,2,0.036775391548871994
68,3,0.025573883205652237
68,4,0.016449198126792908
68,5,0.04281502589583397
69,1,0.007983739487826824
69,2,0.0311970766633749
69,3,0.0744396299123764
69,4,0.06420515477657318
69,5,0.010911618359386921
70,1,0.018192708492279053
70,2,0.03201437368988991
70,3,0.025900226086378098
70,4,0.006533249747008085
70,5,0.027005020529031754
71,1,0.10581783950328827
71,2,0.01809006556868553
71,3,0.004304022062569857
71,4,0.011059870943427086
71,5,0.008839433081448078
72,1,0.006916719023138285
72,2,0.07252945005893707
72,3,0.019637461751699448
72,4,0.04459280148148537
72,5,0.005372120067477226
73,1,0.031817853450775146
73,2,0.005453546531498432
73,3,0.008277691900730133
73,4,0.013015389442443848
73,5,0.011168250814080238
74,1,0.009303632192313671
74,2,0.014473602175712585
74,3,0.02274235524237156
74,4,0.01323973573744297
74,5,0.007911201566457748
75,1,0.06847226619720459
75,2,0.014079337939620018
75,3,0.025218967348337173
75,4,0.04262850433588028
75,5,0.031619612127542496
76,1,0.004694949369877577
76,2,0.00534704839810729
76,3,0.01351914368569851
76,4,0.01659287139773369
76,5,0.009660138748586178
77,1,0.012085759080946445
77,2,0.015231138095259666
77,3,0.01247808150947094
77,4,0.011457208544015884
77,5,0.04777921736240387
78,1,0.029605239629745483
78,2,0.024919167160987854
78,3,0.03392786905169487
78,4,0.011704934760928154
78,5,0.014383232221007347
79,1,0.006212032865732908
79,2,0.014227906242012978
79,3,0.006843221839517355
79,4,0.014201588928699493
79,5,0.007986536249518394
80,1,0.023296555504202843
80,2,0.006228382233530283
80,3,0.014169290661811829
80,4,0.037027470767498016
80,5,0.010398621670901775
81,1,0.005627940408885479
81,2,0.0904550775885582
81,3,0.010866358876228333
81,4,0.007552670314908028
81,5,0.06376013904809952
82,1,0.009537160396575928
82,2,0.035665106028318405
82,3,0.005749116186052561
82,4,0.10267988592386246
82,5,0.013358373194932938
83,1,0.0036315121687948704
83,2,0.056015342473983765
83,3,0.0056693716906011105
83,4,0.006390675902366638
83,5,0.01609780266880989
84,1,0.006590267643332481
84,2,0.03547336533665657
84,3,0.011363629251718521
84,4,0.010620832443237305
84,5,0.030917730182409286
85,1,0.012660604901611805
85,2,0.009210450574755669
85,3,0.014171532355248928
85,4,0.006144821178168058
85,5,0.005586461164057255
86,1,0.03731885179877281
86,2,0.011558817699551582
86,3,0.05667648836970329
86,4,0.11783351004123688
86,5,0.007974321953952312
87,1,0.004863386508077383
87,2,0.05841799080371857
87,3,0.003732068929821253
87,4,0.008811241947114468
87,5,0.002935328520834446
88,1,0.02045309543609619
88,2,0.004951681941747665
88,3,0.008192995563149452
88,4,0.013332124799489975
88,5,0.020500775426626205
89,1,0.03166354447603226
89,2,0.013595907017588615
89,3,0.006336368154734373
89,4,0.011192667298018932
89,5,0.00856166984885931
90,1,0.02769389934837818
90,2,0.01344824768602848
90,3,0.005312091670930386
90,4,0.013409789651632309
90,5,0.04281774163246155
91,1,0.010958360508084297
91,2,0.0036148731596767902
91,3,0.011983026750385761
91,4,0.04186950623989105
91,5,0.0037694801576435566
92,1,0.07904519140720367
92,2,0.004445974715054035
92,3,0.02140841633081436
92,4,0.008645191788673401
92,5,0.00618327222764492
93,1,0.004033911507576704
93,2,0.05314243957400322
93,3,0.004405616782605648
93,4,0.005876775830984116
93,5,0.0572134405374527
94,1,0.03949044272303581
94,2,0.03853674232959747
94,3,0.03105233423411846
94,4,0.009825894609093666
94,5,0.008777009323239326
95,1,0.02068932354450226
95,2,0.004595682956278324
95,3,0.0088427122682333
95,4,0.011442132294178009
95,5,0.013452962040901184
96,1,0.0052306135185062885
96,2,0.03404909372329712
96,3,0.004787623416632414
96,4,0.011466503143310547
96,5,0.045107368379831314
97,1,0.00454740971326828
97,2,0.007336028851568699
97,3,0.09347767382860184
97,4,0.03911714628338814
97,5,0.052132748067379
98,1,0.0055083781480789185
98,2,0.0052263811230659485
98,3,0.012778041884303093
98,4,0.029111869633197784
98,5,0.005045266356319189
99,1,0.03544201701879501
99,2,0.00917738862335682
99,3,0.012153398245573044
99,4,0.0071726697497069836
99,5,0.008844618685543537
100,1,0.009652283042669296
100,2,0.008822472766041756
100,3,0.06224725395441055
100,4,0.03208771347999573
100,5,0.003402713220566511
