epoch,step,loss
1,1,1.1015949249267578
1,2,1.0763413906097412
1,3,1.0520466566085815
1,4,1.0382213592529297
1,5,1.0246130228042603
1,6,1.0083812475204468
1,7,0.9936924576759338
1,8,0.976931095123291
1,9,0.969461977481842
1,10,0.9514120817184448
1,11,0.9396513104438782
1,12,0.931991457939148
1,13,0.9190987348556519
1,14,0.8996854424476624
1,15,0.8982288241386414
1,16,0.8801543712615967
1,17,0.8634991645812988
1,18,0.8570225238800049
1,19,0.8519317507743835
1,20,0.8415244817733765
1,21,0.8281217813491821
1,22,0.8126928806304932
1,23,0.810908317565918
1,24,0.8069382905960083
1,25,0.7981899976730347
1,26,0.7863258123397827
1,27,0.7844088077545166
1,28,0.7782385349273682
2,1,0.7852784395217896
2,2,0.7631086111068726
2,3,0.7596189975738525
2,4,0.7490443587303162
2,5,0.7534712553024292
2,6,0.7546826004981995
2,7,0.7438810467720032
2,8,0.7363842129707336
2,9,0.748883843421936
2,10,0.7367209196090698
2,11,0.7397730350494385
2,12,0.7462674379348755
2,13,0.732657790184021
2,14,0.722854733467102
2,15,0.729651927947998
2,16,0.7294661402702332
2,17,0.7074838876724243
2,18,0.7108548283576965
2,19,0.7128990888595581
2,20,0.7217106819152832
2,21,0.7091158628463745
2,22,0.7185328006744385
2,23,0.7136019468307495
2,24,0.6909760236740112
2,25,0.7064403891563416
2,26,0.7093631029129028
2,27,0.7053191661834717
3,1,0.7074993848800659
3,2,0.6858593225479126
3,3,0.6836807131767273
3,4,0.6930062770843506
3,5,0.6809303164482117
3,6,0.6929099559783936
3,7,0.6858901977539062
3,8,0.6917955279350281
3,9,0.6808546781539917
3,10,0.6758759021759033
3,11,0.6644319295883179
3,12,0.6580370664596558
3,13,0.6764004230499268
3,14,0.6619600057601929
3,15,0.6486800909042358
3,16,0.6613750457763672
3,17,0.6713413000106812
3,18,0.6540318727493286
3,19,0.6745868921279907
3,20,0.668176531791687
3,21,0.6460450887680054
3,22,0.6518634557723999
3,23,0.6472198963165283
3,24,0.6557027697563171
3,25,0.6589202284812927
3,26,0.6411141753196716
3,27,0.656295895576477
4,1,0.6384354829788208
4,2,0.6424567699432373
4,3,0.644170880317688
4,4,0.637702465057373
4,5,0.6328212022781372
4,6,0.6442425847053528
4,7,0.6448559165000916
4,8,0.6237615346908569
4,9,0.6318778991699219
4,10,0.6302552819252014
4,11,0.6322691440582275
4,12,0.6384176015853882
4,13,0.6229538917541504
4,14,0.6268484592437744
4,15,0.6269444227218628
4,16,0.617467999458313
4,17,0.6033774614334106
4,18,0.6164283752441406
4,19,0.6098031997680664
4,20,0.608430027961731
4,21,0.6054971218109131
4,22,0.6002729535102844
4,23,0.5966790914535522
4,24,0.6098520755767822
4,25,0.6025979518890381
4,26,0.5880792737007141
4,27,0.5985934138298035
5,1,0.6030437350273132
5,2,0.6043404340744019
5,3,0.586365818977356
5,4,0.5857635736465454
5,5,0.5781283378601074
5,6,0.6099266409873962
5,7,0.5881112217903137
5,8,0.5899810791015625
5,9,0.5855180025100708
5,10,0.6005011200904846
5,11,0.5833220481872559
5,12,0.5837061405181885
5,13,0.5883047580718994
5,14,0.5817186832427979
5,15,0.5627899169921875
5,16,0.5794341564178467
5,17,0.5594720840454102
5,18,0.5762935280799866
5,19,0.5598000884056091
5,20,0.5726186037063599
5,21,0.5544778108596802
5,22,0.5839859247207642
5,23,0.5909153819084167
5,24,0.562364399433136
5,25,0.5598303079605103
5,26,0.5686286687850952
5,27,0.5698089003562927
6,1,0.560721218585968
6,2,0.5548866391181946
6,3,0.5599384307861328
6,4,0.5499706864356995
6,5,0.5505469441413879
6,6,0.5485358834266663
6,7,0.5497969388961792
6,8,0.5550044178962708
6,9,0.5476608276367188
6,10,0.5410526394844055
6,11,0.5530037879943848
6,12,0.5496756434440613
6,13,0.5509285926818848
6,14,0.5409172773361206
6,15,0.5350404381752014
6,16,0.5471872091293335
6,17,0.5442098379135132
6,18,0.5290158987045288
6,19,0.5359809398651123
6,20,0.5303267240524292
6,21,0.530929684638977
6,22,0.5259308815002441
6,23,0.529024064540863
6,24,0.5290992259979248
6,25,0.5306099653244019
6,26,0.5224132537841797
6,27,0.5299835205078125
7,1,0.5299049615859985
7,2,0.5192344188690186
7,3,0.5440117120742798
7,4,0.5226898193359375
7,5,0.5171789526939392
7,6,0.5188202857971191
7,7,0.5110067129135132
7,8,0.508327841758728
7,9,0.5079916715621948
7,10,0.5171435475349426
7,11,0.5186620950698853
7,12,0.5012423396110535
7,13,0.502119779586792
7,14,0.5171172618865967
7,15,0.5002842545509338
7,16,0.502601146697998
7,17,0.4927487373352051
7,18,0.4907847046852112
7,19,0.5012623071670532
7,20,0.4929578900337219
7,21,0.48128852248191833
7,22,0.4973025619983673
7,23,0.5050491094589233
7,24,0.4964600205421448
7,25,0.49213293194770813
7,26,0.48829811811447144
7,27,0.4929434657096863
8,1,0.4834417402744293
8,2,0.4882785677909851
8,3,0.4798121452331543
8,4,0.48083895444869995
8,5,0.48323875665664673
8,6,0.48721885681152344
8,7,0.4829947054386139
8,8,0.47035688161849976
8,9,0.4903550148010254
8,10,0.46951425075531006
8,11,0.46918758749961853
8,12,0.4853348731994629
8,13,0.4795842170715332
8,14,0.47410792112350464
8,15,0.48456236720085144
8,16,0.4698505401611328
8,17,0.4976149797439575
8,18,0.45961207151412964
8,19,0.46860748529434204
8,20,0.4892340302467346
8,21,0.4666920304298401
8,22,0.47099801898002625
8,23,0.4596818685531616
8,24,0.47527623176574707
8,25,0.45535147190093994
8,26,0.4716287851333618
8,27,0.46137040853500366
9,1,0.4730411767959595
9,2,0.4523051381111145
9,3,0.45697057247161865
9,4,0.4619954824447632
9,5,0.4490986466407776
9,6,0.4524458050727844
9,7,0.4505283236503601
9,8,0.44536322355270386
9,9,0.4547995328903198
9,10,0.4547630548477173
9,11,0.4469437301158905
9,12,0.4429085850715637
9,13,0.4589979648590088
9,14,0.4478876292705536
9,15,0.4574434459209442
9,16,0.46194136142730713
9,17,0.4541313648223877
9,18,0.44664469361305237
9,19,0.44541382789611816
9,20,0.45257508754730225
9,21,0.4417431950569153
9,22,0.45376619696617126
9,23,0.44331443309783936
9,24,0.4502648115158081
9,25,0.44452089071273804
9,26,0.4369928240776062
9,27,0.45295384526252747
10,1,0.44347065687179565
10,2,0.4418182671070099
10,3,0.43953338265419006
10,4,0.43217289447784424
10,5,0.42685335874557495
10,6,0.4311683177947998
10,7,0.43326690793037415
10,8,0.4418419897556305
10,9,0.41576194763183594
10,10,0.45232510566711426
10,11,0.44509100914001465
10,12,0.4316297769546509
10,13,0.4247547388076782
10,14,0.44124743342399597
10,15,0.4254966974258423
10,16,0.4229956269264221
10,17,0.41795507073402405
10,18,0.42090529203414917
10,19,0.43232208490371704
10,20,0.4260358512401581
10,21,0.4186623692512512
10,22,0.4345693588256836
10,23,0.41123467683792114
10,24,0.4129795432090759
10,25,0.4226098954677582
10,26,0.4171726107597351
10,27,0.4183483123779297
11,1,0.4270235300064087
11,2,0.40767449140548706
11,3,0.4178067743778229
11,4,0.409315824508667
11,5,0.4229508638381958
11,6,0.40355777740478516
11,7,0.4177743196487427
11,8,0.39980703592300415
11,9,0.4235613942146301
11,10,0.4034820795059204
11,11,0.3982759118080139
11,12,0.4139760732650757
11,13,0.40537384152412415
11,14,0.41243577003479004
11,15,0.40566062927246094
11,16,0.4048435091972351
11,17,0.398378849029541
11,18,0.4148505926132202
11,19,0.4094642400741577
11,20,0.40563952922821045
11,21,0.40452778339385986
11,22,0.39263463020324707
11,23,0.3960573077201843
11,24,0.40630561113357544
11,25,0.39616748690605164
11,26,0.3887619376182556
11,27,0.39444422721862793
12,1,0.38888514041900635
12,2,0.389680951833725
12,3,0.388957679271698
12,4,0.38801246881484985
12,5,0.3865055441856384
12,6,0.3908855617046356
12,7,0.3926568925380707
12,8,0.40265971422195435
12,9,0.3836545944213867
12,10,0.3808601498603821
12,11,0.385049045085907
12,12,0.39433497190475464
12,13,0.3813324570655823
12,14,0.38608595728874207
12,15,0.3859453797340393
12,16,0.38248658180236816
12,17,0.38291773200035095
12,18,0.37832534313201904
12,19,0.38548189401626587
12,20,0.3695814609527588
12,21,0.3884563148021698
12,22,0.38457998633384705
12,23,0.3793677091598511
12,24,0.40319693088531494
12,25,0.37695765495300293
12,26,0.3807442784309387
12,27,0.38106435537338257
13,1,0.3676784634590149
13,2,0.3711511194705963
13,3,0.355917751789093
13,4,0.39208826422691345
13,5,0.3900320529937744
13,6,0.377221941947937
13,7,0.36962878704071045
13,8,0.36437028646469116
13,9,0.3665381073951721
13,10,0.3806208074092865
13,11,0.36390048265457153
13,12,0.3638676702976227
13,13,0.35948050022125244
13,14,0.3703188896179199
13,15,0.36492055654525757
13,16,0.3754693269729614
13,17,0.3798244595527649
13,18,0.37153685092926025
13,19,0.3681715726852417
13,20,0.3791302442550659
13,21,0.3656698167324066
13,22,0.35411280393600464
13,23,0.3622346520423889
13,24,0.3531273603439331
13,25,0.375766396522522
13,26,0.37344443798065186
13,27,0.3664480149745941
14,1,0.35842499136924744
14,2,0.3535996079444885
14,3,0.36176273226737976
14,4,0.37574470043182373
14,5,0.34177184104919434
14,6,0.3532457947731018
14,7,0.36714082956314087
14,8,0.36880066990852356
14,9,0.3565176725387573
14,10,0.36460331082344055
14,11,0.34951284527778625
14,12,0.345751017332077
14,13,0.353322833776474
14,14,0.3670671582221985
14,15,0.35907313227653503
14,16,0.34304243326187134
14,17,0.34523534774780273
14,18,0.35901135206222534
14,19,0.3432729244232178
14,20,0.3383597135543823
14,21,0.35697537660598755
14,22,0.3515724837779999
14,23,0.342403382062912
14,24,0.3674689531326294
14,25,0.35068053007125854
14,26,0.33476153016090393
14,27,0.33514147996902466
15,1,0.3482327163219452
15,2,0.3658873438835144
15,3,0.33101117610931396
15,4,0.3374145030975342
15,5,0.3559013605117798
15,6,0.3445831537246704
15,7,0.33826637268066406
15,8,0.32834845781326294
15,9,0.34423917531967163
15,10,0.3545371890068054
15,11,0.32962149381637573
15,12,0.3281542658805847
15,13,0.33627647161483765
15,14,0.3326987028121948
15,15,0.3348914384841919
15,16,0.35288864374160767
15,17,0.3481336832046509
15,18,0.34509721398353577
15,19,0.3251710832118988
15,20,0.3362925946712494
15,21,0.32358652353286743
15,22,0.33788052201271057
15,23,0.3394524157047272
15,24,0.34055858850479126
15,25,0.3279196619987488
15,26,0.34960442781448364
15,27,0.3257691562175751
16,1,0.3390921354293823
16,2,0.33609646558761597
16,3,0.34940916299819946
16,4,0.3297324776649475
16,5,0.3358219265937805
16,6,0.32466453313827515
16,7,0.33064907789230347
16,8,0.3286714255809784
16,9,0.3237334191799164
16,10,0.3316304683685303
16,11,0.32740023732185364
16,12,0.3239416480064392
16,13,0.3193272054195404
16,14,0.32958322763442993
16,15,0.3383815288543701
16,16,0.33231329917907715
16,17,0.30644023418426514
16,18,0.3109760880470276
16,19,0.3077307939529419
16,20,0.30772894620895386
16,21,0.3224868178367615
16,22,0.31037425994873047
16,23,0.30823850631713867
16,24,0.325435996055603
16,25,0.314034640789032
16,26,0.31212741136550903
16,27,0.31288400292396545
17,1,0.31116414070129395
17,2,0.3397150933742523
17,3,0.30136388540267944
17,4,0.31837379932403564
17,5,0.32655656337738037
17,6,0.31150609254837036
17,7,0.3237423300743103
17,8,0.30282771587371826
17,9,0.30717048048973083
17,10,0.3147411048412323
17,11,0.3065022826194763
17,12,0.2921103239059448
17,13,0.3293303847312927
17,14,0.31358614563941956
17,15,0.3067578077316284
17,16,0.3035120368003845
17,17,0.3192405104637146
17,18,0.3172508478164673
17,19,0.32571130990982056
17,20,0.309992253780365
17,21,0.30308082699775696
17,22,0.3013527989387512
17,23,0.3097841143608093
17,24,0.3040105998516083
17,25,0.30443716049194336
17,26,0.31097087264060974
17,27,0.2986489534378052
18,1,0.3049318194389343
18,2,0.31230831146240234
18,3,0.30523818731307983
18,4,0.29363149404525757
18,5,0.3073422312736511
18,6,0.3100363314151764
18,7,0.321117103099823
18,8,0.33663931488990784
18,9,0.29778265953063965
18,10,0.3062290549278259
18,11,0.29974377155303955
18,12,0.3147050738334656
18,13,0.30032896995544434
18,14,0.31443101167678833
18,15,0.3047398030757904
18,16,0.2969247102737427
18,17,0.3091481626033783
18,18,0.3030295968055725
18,19,0.2978031635284424
18,20,0.2913888096809387
18,21,0.286731481552124
18,22,0.29251497983932495
18,23,0.2877705693244934
18,24,0.3174141049385071
18,25,0.2905315160751343
18,26,0.28853708505630493
18,27,0.30167579650878906
19,1,0.2957844138145447
19,2,0.28742802143096924
19,3,0.292463481426239
19,4,0.2865813374519348
19,5,0.2874831259250641
19,6,0.2919487953186035
19,7,0.2870945930480957
19,8,0.30523863434791565
19,9,0.29999029636383057
19,10,0.2920270562171936
19,11,0.28334110975265503
19,12,0.2944854199886322
19,13,0.2982631325721741
19,14,0.28558284044265747
19,15,0.2823294997215271
19,16,0.291329026222229
19,17,0.2958846092224121
19,18,0.28645235300064087
19,19,0.2907335162162781
19,20,0.281960129737854
19,21,0.29053500294685364
19,22,0.2826388478279114
19,23,0.2843153774738312
19,24,0.2751610577106476
19,25,0.2887738347053528
19,26,0.31383252143859863
19,27,0.2771790027618408
20,1,0.28387320041656494
20,2,0.27264124155044556
20,3,0.28843969106674194
20,4,0.2777351438999176
20,5,0.3065764307975769
20,6,0.28030863404273987
20,7,0.27405911684036255
20,8,0.2873417139053345
20,9,0.2811369299888611
20,10,0.28022846579551697
20,11,0.28408756852149963
20,12,0.2699822783470154
20,13,0.283535897731781
20,14,0.28387296199798584
20,15,0.2845250964164734
20,16,0.2764239013195038
20,17,0.2918688654899597
20,18,0.26802265644073486
20,19,0.2733628749847412
20,20,0.2747719883918762
20,21,0.28695154190063477
20,22,0.28190165758132935
20,23,0.2862177789211273
20,24,0.26929405331611633
20,25,0.280916303396225
20,26,0.2850964665412903
20,27,0.28517186641693115
21,1,0.2831265926361084
21,2,0.26003915071487427
21,3,0.27773958444595337
21,4,0.26724809408187866
21,5,0.25935083627700806
21,6,0.2759479880332947
21,7,0.27679359912872314
21,8,0.26966920495033264
21,9,0.2644014358520508
21,10,0.2680317163467407
21,11,0.2602563500404358
21,12,0.2629905939102173
21,13,0.26663732528686523
21,14,0.26346224546432495
21,15,0.26527148485183716
21,16,0.2661241292953491
21,17,0.2907479405403137
21,18,0.270942747592926
21,19,0.26499027013778687
21,20,0.28214767575263977
21,21,0.262102335691452
21,22,0.2701646089553833
21,23,0.2539219260215759
21,24,0.27803435921669006
21,25,0.2695614695549011
21,26,0.2841619849205017
21,27,0.262351393699646
22,1,0.264247328042984
22,2,0.2692054510116577
22,3,0.25651389360427856
22,4,0.26665133237838745
22,5,0.25792625546455383
22,6,0.26631200313568115
22,7,0.2587261199951172
22,8,0.26145321130752563
22,9,0.25572139024734497
22,10,0.2590111196041107
22,11,0.2622652053833008
22,12,0.26077836751937866
22,13,0.26051992177963257
22,14,0.2563272714614868
22,15,0.2594703137874603
22,16,0.248762845993042
22,17,0.24567484855651855
22,18,0.25801777839660645
22,19,0.26344016194343567
22,20,0.25945913791656494
22,21,0.2591475546360016
22,22,0.26130443811416626
22,23,0.25525450706481934
22,24,0.2545320391654968
22,25,0.2517097592353821
22,26,0.24764484167099
22,27,0.24408352375030518
23,1,0.25284677743911743
23,2,0.2485535740852356
23,3,0.261080801486969
23,4,0.25580042600631714
23,5,0.24432337284088135
23,6,0.2486974596977234
23,7,0.25386497378349304
23,8,0.2507551610469818
23,9,0.2459341585636139
23,10,0.2549824118614197
23,11,0.24843084812164307
23,12,0.25363004207611084
23,13,0.25062042474746704
23,14,0.241522878408432
23,15,0.2681262493133545
23,16,0.2504129111766815
23,17,0.24763303995132446
23,18,0.24420231580734253
23,19,0.24672497808933258
23,20,0.24465031921863556
23,21,0.24419622123241425
23,22,0.25085189938545227
23,23,0.26165175437927246
23,24,0.24544590711593628
23,25,0.24648959934711456
23,26,0.23954489827156067
23,27,0.24350795149803162
24,1,0.24207806587219238
24,2,0.24132975935935974
24,3,0.24225667119026184
24,4,0.23365822434425354
24,5,0.2449011206626892
24,6,0.24239787459373474
24,7,0.23288573324680328
24,8,0.24353863298892975
24,9,0.25875842571258545
24,10,0.23572465777397156
24,11,0.2371591329574585
24,12,0.24621009826660156
24,13,0.23022231459617615
24,14,0.23873549699783325
24,15,0.24524229764938354
24,16,0.2321673184633255
24,17,0.23655366897583008
24,18,0.2315640151500702
24,19,0.255149781703949
24,20,0.23689568042755127
24,21,0.2433774173259735
24,22,0.2618503272533417
24,23,0.23933517932891846
24,24,0.2345387041568756
24,25,0.24164648354053497
24,26,0.2292361557483673
24,27,0.23569461703300476
25,1,0.2282840758562088
25,2,0.2729896903038025
25,3,0.24059243500232697
25,4,0.24141983687877655
25,5,0.23914185166358948
25,6,0.23210301995277405
25,7,0.23504632711410522
25,8,0.22775641083717346
25,9,0.24509625136852264
25,10,0.23015959560871124
25,11,0.24000105261802673
25,12,0.22386330366134644
25,13,0.2427046000957489
25,14,0.2436632513999939
25,15,0.23796303570270538
25,16,0.23804906010627747
25,17,0.22270435094833374
25,18,0.22969314455986023
25,19,0.2667211592197418
25,20,0.2311404049396515
25,21,0.23444299399852753
25,22,0.23096700012683868
25,23,0.2195442169904709
25,24,0.23504804074764252
25,25,0.23151978850364685
25,26,0.22639724612236023
25,27,0.2341947853565216
26,1,0.22521764039993286
26,2,0.22624176740646362
26,3,0.2253330945968628
26,4,0.2345247119665146
26,5,0.22425782680511475
26,6,0.23635150492191315
26,7,0.22181853652000427
26,8,0.22035285830497742
26,9,0.2324633002281189
26,10,0.22423702478408813
26,11,0.23226073384284973
26,12,0.23200605809688568
26,13,0.22100001573562622
26,14,0.23523354530334473
26,15,0.24374501407146454
26,16,0.22617170214653015
26,17,0.22877302765846252
26,18,0.25382208824157715
26,19,0.2431461215019226
26,20,0.2291615605354309
26,21,0.22207845747470856
26,22,0.2207455337047577
26,23,0.23249250650405884
26,24,0.21719232201576233
26,25,0.22669506072998047
26,26,0.22017645835876465
26,27,0.22789135575294495
27,1,0.2304578721523285
27,2,0.2186254858970642
27,3,0.22254058718681335
27,4,0.2344687134027481
27,5,0.2201845347881317
27,6,0.21971404552459717
27,7,0.2268836796283722
27,8,0.23123231530189514
27,9,0.2192084789276123
27,10,0.2257034331560135
27,11,0.22253647446632385
27,12,0.22420918941497803
27,13,0.22130092978477478
27,14,0.21575796604156494
27,15,0.22271960973739624
27,16,0.2183344066143036
27,17,0.22220848500728607
27,18,0.23051460087299347
27,19,0.20851723849773407
27,20,0.2532442808151245
27,21,0.21449187397956848
27,22,0.22681866586208344
27,23,0.22268489003181458
27,24,0.22011031210422516
27,25,0.20826029777526855
27,26,0.2109694480895996
27,27,0.2166745364665985
28,1,0.20826175808906555
28,2,0.22173264622688293
28,3,0.21014314889907837
28,4,0.23058390617370605
28,5,0.2113005816936493
28,6,0.22136014699935913
28,7,0.2100827991962433
28,8,0.21392710506916046
28,9,0.21296578645706177
28,10,0.21034210920333862
28,11,0.2114814668893814
28,12,0.21668817102909088
28,13,0.21269145607948303
28,14,0.20300889015197754
28,15,0.217544287443161
28,16,0.21232928335666656
28,17,0.20329509675502777
28,18,0.21265532076358795
28,19,0.20905783772468567
28,20,0.21361714601516724
28,21,0.20072822272777557
28,22,0.20572024583816528
28,23,0.22245389223098755
28,24,0.21703797578811646
28,25,0.22075140476226807
28,26,0.2242366075515747
28,27,0.20885470509529114
29,1,0.22294043004512787
29,2,0.2168264538049698
29,3,0.20555797219276428
29,4,0.19919413328170776
29,5,0.2062118947505951
29,6,0.20441071689128876
29,7,0.21527111530303955
29,8,0.20896193385124207
29,9,0.2258325070142746
29,10,0.23143483698368073
29,11,0.21805639564990997
29,12,0.22394980490207672
29,13,0.21097007393836975
29,14,0.21006903052330017
29,15,0.20819257199764252
29,16,0.20845746994018555
29,17,0.20786717534065247
29,18,0.2011156678199768
29,19,0.20696157217025757
29,20,0.21150243282318115
29,21,0.20948299765586853
29,22,0.2205469161272049
29,23,0.20296961069107056
29,24,0.1949995756149292
29,25,0.1987849771976471
29,26,0.1943293958902359
29,27,0.21960115432739258
30,1,0.21444763243198395
30,2,0.19918707013130188
30,3,0.21047455072402954
30,4,0.21139192581176758
30,5,0.2055400013923645
30,6,0.19587549567222595
30,7,0.21047377586364746
30,8,0.1991000771522522
30,9,0.22107039391994476
30,10,0.22594726085662842
30,11,0.1980043351650238
30,12,0.20607149600982666
30,13,0.1998298019170761
30,14,0.19512826204299927
30,15,0.19970262050628662
30,16,0.20708401501178741
30,17,0.21728157997131348
30,18,0.20367172360420227
30,19,0.19946615397930145
30,20,0.19684270024299622
30,21,0.19855771958827972
30,22,0.21108025312423706
30,23,0.19167977571487427
30,24,0.2603793740272522
30,25,0.19365987181663513
30,26,0.20373743772506714
30,27,0.1924792230129242
31,1,0.2023361325263977
31,2,0.20438045263290405
31,3,0.2046939730644226
31,4,0.19901631772518158
31,5,0.1914704144001007
31,6,0.1913968324661255
31,7,0.19709452986717224
31,8,0.1971157193183899
31,9,0.22053641080856323
31,10,0.1933499574661255
31,11,0.1960013508796692
31,12,0.19243106245994568
31,13,0.19176480174064636
31,14,0.19403603672981262
31,15,0.20083634555339813
31,16,0.20003744959831238
31,17,0.19550049304962158
31,18,0.19310198724269867
31,19,0.20458243787288666
31,20,0.19974017143249512
31,21,0.20885321497917175
31,22,0.18665573000907898
31,23,0.19159112870693207
31,24,0.19987142086029053
31,25,0.18955670297145844
31,26,0.2018105536699295
31,27,0.1948833465576172
32,1,0.19400548934936523
32,2,0.20392465591430664
32,3,0.1939232349395752
32,4,0.19361811876296997
32,5,0.22142893075942993
32,6,0.19438472390174866
32,7,0.1982642561197281
32,8,0.21595042943954468
32,9,0.19071269035339355
32,10,0.1888180375099182
32,11,0.19162200391292572
32,12,0.19682034850120544
32,13,0.1929091066122055
32,14,0.1937481164932251
32,15,0.19488614797592163
32,16,0.18730005621910095
32,17,0.19322450459003448
32,18,0.19898635149002075
32,19,0.19024410843849182
32,20,0.20877298712730408
32,21,0.1818365752696991
32,22,0.1835969239473343
32,23,0.20084773004055023
32,24,0.17672426998615265
32,25,0.1946505606174469
32,26,0.19084317982196808
32,27,0.1862611025571823
33,1,0.1879718005657196
33,2,0.17766010761260986
33,3,0.19274042546749115
33,4,0.19816285371780396
33,5,0.18931284546852112
33,6,0.18934184312820435
33,7,0.1932467818260193
33,8,0.2003726065158844
33,9,0.1936579793691635
33,10,0.18434298038482666
33,11,0.18481381237506866
33,12,0.1933528184890747
33,13,0.18608060479164124
33,14,0.18208396434783936
33,15,0.1810305416584015
33,16,0.20076556503772736
33,17,0.19518548250198364
33,18,0.19249585270881653
33,19,0.1822185218334198
33,20,0.18915557861328125
33,21,0.19553500413894653
33,22,0.18166714906692505
33,23,0.1830768585205078
33,24,0.18324148654937744
33,25,0.196555495262146
33,26,0.18032953143119812
33,27,0.18027423322200775
34,1,0.1852429211139679
34,2,0.19029107689857483
34,3,0.19208335876464844
34,4,0.1922389715909958
34,5,0.1874256134033203
34,6,0.18087530136108398
34,7,0.1915656328201294
34,8,0.1795245260000229
34,9,0.18075346946716309
34,10,0.1892576515674591
34,11,0.1884959638118744
34,12,0.1808335930109024
34,13,0.1828630417585373
34,14,0.2016129046678543
34,15,0.18776530027389526
34,16,0.17721572518348694
34,17,0.18970918655395508
34,18,0.18315495550632477
34,19,0.18843677639961243
34,20,0.19214168190956116
34,21,0.1772790551185608
34,22,0.19630609452724457
34,23,0.17802934348583221
34,24,0.19087573885917664
34,25,0.17644129693508148
34,26,0.17477408051490784
34,27,0.1799386441707611
35,1,0.17822130024433136
35,2,0.18687564134597778
35,3,0.19113856554031372
35,4,0.17893368005752563
35,5,0.19137480854988098
35,6,0.17555119097232819
35,7,0.1703217774629593
35,8,0.18366988003253937
35,9,0.17428553104400635
35,10,0.19785842299461365
35,11,0.18858304619789124
35,12,0.1778048425912857
35,13,0.18210892379283905
35,14,0.2088245153427124
35,15,0.18903250992298126
35,16,0.19391080737113953
35,17,0.18314728140830994
35,18,0.18359792232513428
35,19,0.18096411228179932
35,20,0.18243736028671265
35,21,0.17768988013267517
35,22,0.17836007475852966
35,23,0.189419224858284
35,24,0.20622926950454712
35,25,0.1778649538755417
35,26,0.18692386150360107
35,27,0.18238621950149536
36,1,0.1805305778980255
36,2,0.19124875962734222
36,3,0.1807977557182312
36,4,0.17377948760986328
36,5,0.17477422952651978
36,6,0.18247100710868835
36,7,0.17626050114631653
36,8,0.17540967464447021
36,9,0.1832079440355301
36,10,0.1713089942932129
36,11,0.18329891562461853
36,12,0.18428602814674377
36,13,0.17068630456924438
36,14,0.1823357343673706
36,15,0.18536777794361115
36,16,0.16556662321090698
36,17,0.18022853136062622
36,18,0.170028418302536
36,19,0.17243225872516632
36,20,0.16719825565814972
36,21,0.17033252120018005
36,22,0.1741754114627838
36,23,0.1899046152830124
36,24,0.17622748017311096
36,25,0.17246323823928833
36,26,0.1748245805501938
36,27,0.16997891664505005
37,1,0.1716117262840271
37,2,0.17184242606163025
37,3,0.185549795627594
37,4,0.17466843128204346
37,5,0.1652575135231018
37,6,0.18873849511146545
37,7,0.16961878538131714
37,8,0.17410212755203247
37,9,0.18088307976722717
37,10,0.16582143306732178
37,11,0.18045228719711304
37,12,0.17487527430057526
37,13,0.1703788936138153
37,14,0.17890602350234985
37,15,0.17031607031822205
37,16,0.1670672595500946
37,17,0.17906025052070618
37,18,0.17462724447250366
37,19,0.16761276125907898
37,20,0.16525959968566895
37,21,0.16558870673179626
37,22,0.17257621884346008
37,23,0.18407458066940308
37,24,0.1796714961528778
37,25,0.18323996663093567
37,26,0.17552697658538818
37,27,0.16163581609725952
38,1,0.1716291308403015
38,2,0.1669079065322876
38,3,0.1717885434627533
38,4,0.1622629165649414
38,5,0.1632312536239624
38,6,0.16609987616539001
38,7,0.16641822457313538
38,8,0.17662250995635986
38,9,0.17808139324188232
38,10,0.17340099811553955
38,11,0.16453896462917328
38,12,0.16612179577350616
38,13,0.19162428379058838
38,14,0.17964434623718262
38,15,0.17334821820259094
38,16,0.16487374901771545
38,17,0.18072101473808289
38,18,0.16752150654792786
38,19,0.17199860513210297
38,20,0.1572493016719818
38,21,0.17814411222934723
38,22,0.15886634588241577
38,23,0.18698745965957642
38,24,0.16423270106315613
38,25,0.16539999842643738
38,26,0.1634615808725357
38,27,0.15778842568397522
39,1,0.1663419008255005
39,2,0.1577436327934265
39,3,0.1630849838256836
39,4,0.16454607248306274
39,5,0.15666943788528442
39,6,0.15908969938755035
39,7,0.1591235101222992
39,8,0.16852742433547974
39,9,0.16751116514205933
39,10,0.16487714648246765
39,11,0.16314883530139923
39,12,0.15759971737861633
39,13,0.16912296414375305
39,14,0.16513952612876892
39,15,0.17287856340408325
39,16,0.17685642838478088
39,17,0.1608712077140808
39,18,0.1670808345079422
39,19,0.15595272183418274
39,20,0.16128045320510864
39,21,0.18016593158245087
39,22,0.16342292726039886
39,23,0.15980228781700134
39,24,0.16574950516223907
39,25,0.164406880736351
39,26,0.15324535965919495
39,27,0.16008803248405457
40,1,0.169454425573349
40,2,0.1597168892621994
40,3,0.1548890918493271
40,4,0.17956310510635376
40,5,0.15716879069805145
40,6,0.15580600500106812
40,7,0.1630370318889618
40,8,0.15904274582862854
40,9,0.16282539069652557
40,10,0.16216197609901428
40,11,0.1641208529472351
40,12,0.1555832028388977
40,13,0.15606048703193665
40,14,0.17035990953445435
40,15,0.15727335214614868
40,16,0.15161988139152527
40,17,0.15611959993839264
40,18,0.16283246874809265
40,19,0.16398835182189941
40,20,0.1664489507675171
40,21,0.160081148147583
40,22,0.1551891565322876
40,23,0.15233740210533142
40,24,0.17082715034484863
40,25,0.1679084599018097
40,26,0.15506255626678467
40,27,0.15705406665802002
41,1,0.19392529129981995
41,2,0.16212084889411926
41,3,0.15588772296905518
41,4,0.16290977597236633
41,5,0.160745769739151
41,6,0.15503433346748352
41,7,0.16185297071933746
41,8,0.15685075521469116
41,9,0.16910189390182495
41,10,0.15319082140922546
41,11,0.15297120809555054
41,12,0.16458605229854584
41,13,0.14797265827655792
41,14,0.16413456201553345
41,15,0.1543525755405426
41,16,0.15757739543914795
41,17,0.16641514003276825
41,18,0.1530066877603531
41,19,0.15733996033668518
41,20,0.15182891488075256
41,21,0.16415518522262573
41,22,0.17153573036193848
41,23,0.15867115557193756
41,24,0.16452232003211975
41,25,0.15422864258289337
41,26,0.15449218451976776
41,27,0.15823262929916382
42,1,0.16336321830749512
42,2,0.15552419424057007
42,3,0.15404415130615234
42,4,0.1566774696111679
42,5,0.15929964184761047
42,6,0.16089235246181488
42,7,0.16769003868103027
42,8,0.15756726264953613
42,9,0.14819547533988953
42,10,0.15119537711143494
42,11,0.18917512893676758
42,12,0.17383705079555511
42,13,0.15675170719623566
42,14,0.16211223602294922
42,15,0.15549245476722717
42,16,0.14782750606536865
42,17,0.1443338394165039
42,18,0.15373960137367249
42,19,0.15065687894821167
42,20,0.14609065651893616
42,21,0.1509779989719391
42,22,0.1584617793560028
42,23,0.15281955897808075
42,24,0.14806878566741943
42,25,0.14472126960754395
42,26,0.14704887568950653
42,27,0.16523940861225128
43,1,0.1456248015165329
43,2,0.1684194803237915
43,3,0.1676667034626007
43,4,0.17189118266105652
43,5,0.15609027445316315
43,6,0.14499929547309875
43,7,0.15708047151565552
43,8,0.14827746152877808
43,9,0.15592601895332336
43,10,0.14828726649284363
43,11,0.14938226342201233
43,12,0.1615542769432068
43,13,0.15242931246757507
43,14,0.16376277804374695
43,15,0.14786387979984283
43,16,0.15805679559707642
43,17,0.1493217945098877
43,18,0.15086829662322998
43,19,0.15085215866565704
43,20,0.14895384013652802
43,21,0.14505602419376373
43,22,0.15336090326309204
43,23,0.14914944767951965
43,24,0.14717131853103638
43,25,0.16640619933605194
43,26,0.14918197691440582
43,27,0.149811252951622
44,1,0.165701225399971
44,2,0.15947164595127106
44,3,0.15176066756248474
44,4,0.15406645834445953
44,5,0.1624489277601242
44,6,0.1482393741607666
44,7,0.152653306722641
44,8,0.15269261598587036
44,9,0.14400961995124817
44,10,0.1551068127155304
44,11,0.16307082772254944
44,12,0.14811281859874725
44,13,0.14877836406230927
44,14,0.14415422081947327
44,15,0.15724198520183563
44,16,0.14564745128154755
44,17,0.15516573190689087
44,18,0.1602211445569992
44,19,0.1461058408021927
44,20,0.14636558294296265
44,21,0.15235626697540283
44,22,0.1398853361606598
44,23,0.14503911137580872
44,24,0.16139821708202362
44,25,0.14250098168849945
44,26,0.14204193651676178
44,27,0.14422902464866638
45,1,0.14185529947280884
45,2,0.1500767469406128
45,3,0.15258872509002686
45,4,0.1735195815563202
45,5,0.1442968249320984
45,6,0.14183777570724487
45,7,0.14024823904037476
45,8,0.16294322907924652
45,9,0.15274867415428162
45,10,0.1409343034029007
45,11,0.1579314023256302
45,12,0.14653100073337555
45,13,0.1488620787858963
45,14,0.15453661978244781
45,15,0.14634470641613007
45,16,0.14937809109687805
45,17,0.14318624138832092
45,18,0.1379595398902893
45,19,0.15409065783023834
45,20,0.16439145803451538
45,21,0.14281171560287476
45,22,0.13871419429779053
45,23,0.13739845156669617
45,24,0.15030619502067566
45,25,0.14336811006069183
45,26,0.142601877450943
45,27,0.14586421847343445
46,1,0.14478875696659088
46,2,0.14120788872241974
46,3,0.1420823633670807
46,4,0.1493983268737793
46,5,0.13774490356445312
46,6,0.140723317861557
46,7,0.13992801308631897
46,8,0.1526341289281845
46,9,0.1806376576423645
46,10,0.1593233048915863
46,11,0.14905181527137756
46,12,0.1863219290971756
46,13,0.13920624554157257
46,14,0.14100897312164307
46,15,0.14998984336853027
46,16,0.16926725208759308
46,17,0.1356317400932312
46,18,0.16431845724582672
46,19,0.14153338968753815
46,20,0.1390945315361023
46,21,0.15607501566410065
46,22,0.14176234602928162
46,23,0.13657689094543457
46,24,0.1425570845603943
46,25,0.15340837836265564
46,26,0.16113033890724182
46,27,0.13894610106945038
47,1,0.15144070982933044
47,2,0.1374434530735016
47,3,0.1536811739206314
47,4,0.15195432305335999
47,5,0.13821595907211304
47,6,0.14878125488758087
47,7,0.13922294974327087
47,8,0.1474151611328125
47,9,0.14047768712043762
47,10,0.14102914929389954
47,11,0.14505766332149506
47,12,0.13976150751113892
47,13,0.1344512403011322
47,14,0.13140468299388885
47,15,0.14404192566871643
47,16,0.13745859265327454
47,17,0.15012267231941223
47,18,0.16638904809951782
47,19,0.1337319016456604
47,20,0.14110879600048065
47,21,0.1375996172428131
47,22,0.1373639702796936
47,23,0.1437184065580368
47,24,0.14909127354621887
47,25,0.15415337681770325
47,26,0.1380077600479126
47,27,0.1456746757030487
48,1,0.135562926530838
48,2,0.14859238266944885
48,3,0.16038088500499725
48,4,0.13557426631450653
48,5,0.134245827794075
48,6,0.14118000864982605
48,7,0.14023053646087646
48,8,0.1529998481273651
48,9,0.13576829433441162
48,10,0.13849729299545288
48,11,0.13952012360095978
48,12,0.1513597071170807
48,13,0.14093251526355743
48,14,0.14250853657722473
48,15,0.1347840428352356
48,16,0.14977243542671204
48,17,0.15086930990219116
48,18,0.15396490693092346
48,19,0.13983340561389923
48,20,0.14389270544052124
48,21,0.14041094481945038
48,22,0.14558261632919312
48,23,0.13488000631332397
48,24,0.14874263107776642
48,25,0.13354972004890442
48,26,0.14563646912574768
48,27,0.13821391761302948
49,1,0.13739758729934692
49,2,0.14793246984481812
49,3,0.13394102454185486
49,4,0.1380315124988556
49,5,0.13364055752754211
49,6,0.14128297567367554
49,7,0.13150298595428467
49,8,0.14264778792858124
49,9,0.13550594449043274
49,10,0.15928778052330017
49,11,0.15131023526191711
49,12,0.14673534035682678
49,13,0.1323499232530594
49,14,0.13981498777866364
49,15,0.13810613751411438
49,16,0.14369964599609375
49,17,0.13440924882888794
49,18,0.147634819149971
49,19,0.13204209506511688
49,20,0.13510863482952118
49,21,0.1308131068944931
49,22,0.149919331073761
49,23,0.14834867417812347
49,24,0.1366143822669983
49,25,0.1496223658323288
49,26,0.12958627939224243
49,27,0.13412488996982574
50,1,0.13655948638916016
50,2,0.14168745279312134
50,3,0.13423237204551697
50,4,0.13096153736114502
50,5,0.13031888008117676
50,6,0.12936760485172272
50,7,0.14466656744480133
50,8,0.1313440352678299
50,9,0.1352439522743225
50,10,0.136704683303833
50,11,0.13528817892074585
50,12,0.1359565258026123
50,13,0.13140639662742615
50,14,0.13785643875598907
50,15,0.13576309382915497
50,16,0.13119366765022278
50,17,0.1360676884651184
50,18,0.13226951658725739
50,19,0.12642833590507507
50,20,0.133683443069458
50,21,0.1309664249420166
50,22,0.1496923416852951
50,23,0.12938745319843292
50,24,0.12937313318252563
50,25,0.14034190773963928
50,26,0.12903258204460144
50,27,0.13338327407836914
