epoch,step,loss
1,1,1.5345619916915894
1,2,1.472324252128601
1,3,1.4027611017227173
1,4,1.345001220703125
1,5,1.3050296306610107
1,6,1.2666206359863281
1,7,1.2395128011703491
1,8,1.216174602508545
1,9,1.1884331703186035
1,10,1.1661996841430664
1,11,1.1431314945220947
1,12,1.1191649436950684
1,13,1.100567102432251
1,14,1.088057279586792
1,15,1.0710408687591553
1,16,1.0572590827941895
2,1,1.0383460521697998
2,2,1.023249864578247
2,3,1.0120466947555542
2,4,0.9988329410552979
2,5,0.9854723811149597
2,6,0.9692903161048889
2,7,0.9579005241394043
2,8,0.9446429014205933
2,9,0.935448944568634
2,10,0.9206027984619141
2,11,0.9200178384780884
2,12,0.9036380052566528
2,13,0.8936532139778137
2,14,0.8850092887878418
2,15,0.8585348725318909
3,1,0.8521645665168762
3,2,0.8459417819976807
3,3,0.8354712724685669
3,4,0.8305681943893433
3,5,0.824425220489502
3,6,0.8057662844657898
3,7,0.7913315296173096
3,8,0.7870886325836182
3,9,0.7738500237464905
3,10,0.7699815034866333
3,11,0.7525058388710022
3,12,0.7502586245536804
3,13,0.7425750494003296
3,14,0.7396995425224304
3,15,0.7226610779762268
4,1,0.7214963436126709
4,2,0.7123851776123047
4,3,0.6991466283798218
4,4,0.698005199432373
4,5,0.6866258382797241
4,6,0.6730579733848572
4,7,0.6659613847732544
4,8,0.6695865392684937
4,9,0.6551369428634644
4,10,0.6448427438735962
4,11,0.64693683385849
4,12,0.6373452544212341
4,13,0.6296983361244202
4,14,0.636611819267273
4,15,0.6213607788085938
5,1,0.6086962223052979
5,2,0.6189895868301392
5,3,0.6013075113296509
5,4,0.5995607972145081
5,5,0.5882782340049744
5,6,0.5707824230194092
5,7,0.5845823287963867
5,8,0.5773718357086182
5,9,0.5585811138153076
5,10,0.5570753216743469
5,11,0.5649499297142029
5,12,0.5501013398170471
5,13,0.5486471652984619
5,14,0.5459960699081421
5,15,0.5369218587875366
6,1,0.5307555794715881
6,2,0.5316619873046875
6,3,0.525100588798523
6,4,0.5301560163497925
6,5,0.5203225612640381
6,6,0.5132496356964111
6,7,0.5115368366241455
6,8,0.4939916133880615
6,9,0.4932587146759033
6,10,0.49088600277900696
6,11,0.4937278628349304
6,12,0.4914301931858063
6,13,0.4866286516189575
6,14,0.4801636338233948
6,15,0.47646957635879517
7,1,0.4726805090904236
7,2,0.45526111125946045
7,3,0.4834878444671631
7,4,0.44702085852622986
7,5,0.4565142095088959
7,6,0.45286017656326294
7,7,0.4645867347717285
7,8,0.44510647654533386
7,9,0.43826496601104736
7,10,0.43456318974494934
7,11,0.45552071928977966
7,12,0.4305356740951538
7,13,0.4359489679336548
7,14,0.4219277799129486
7,15,0.4247024953365326
8,1,0.41856175661087036
8,2,0.43387070298194885
8,3,0.41061002016067505
8,4,0.41695523262023926
8,5,0.4002218246459961
8,6,0.414259672164917
8,7,0.39586251974105835
8,8,0.4081982374191284
8,9,0.4113849997520447
8,10,0.40464404225349426
8,11,0.38975757360458374
8,12,0.3855145275592804
8,13,0.3833109736442566
8,14,0.3747488260269165
8,15,0.37777411937713623
9,1,0.3799569010734558
9,2,0.3934982419013977
9,3,0.36745351552963257
9,4,0.3643445670604706
9,5,0.36837995052337646
9,6,0.36503690481185913
9,7,0.36697399616241455
9,8,0.3600398302078247
9,9,0.3557009994983673
9,10,0.35591191053390503
9,11,0.34859758615493774
9,12,0.34977978467941284
9,13,0.35817915201187134
9,14,0.3484959602355957
9,15,0.3439744710922241
10,1,0.3528899550437927
10,2,0.34323132038116455
10,3,0.33714771270751953
10,4,0.34338343143463135
10,5,0.334313303232193
10,6,0.32374733686447144
10,7,0.32618725299835205
10,8,0.33383670449256897
10,9,0.32744529843330383
10,10,0.3238247334957123
10,11,0.3280029892921448
10,12,0.3189980685710907
10,13,0.33179232478141785
10,14,0.3221275210380554
10,15,0.3048548400402069
11,1,0.3198288679122925
11,2,0.3046923279762268
11,3,0.29503151774406433
11,4,0.32484593987464905
11,5,0.3186178207397461
11,6,0.29662615060806274
11,7,0.296041339635849
11,8,0.29747074842453003
11,9,0.2968719005584717
11,10,0.2974546253681183
11,11,0.29206356406211853
11,12,0.2963472604751587
11,13,0.29319125413894653
11,14,0.2809094786643982
11,15,0.2963173985481262
12,1,0.2742711901664734
12,2,0.2752000689506531
12,3,0.32631486654281616
12,4,0.2877766191959381
12,5,0.2765517234802246
12,6,0.2710726261138916
12,7,0.28525981307029724
12,8,0.2769485414028168
12,9,0.2723449468612671
12,10,0.2713540196418762
12,11,0.2774684727191925
12,12,0.260274201631546
12,13,0.27032339572906494
12,14,0.270389199256897
12,15,0.27378907799720764
13,1,0.26094913482666016
13,2,0.26108813285827637
13,3,0.27134016156196594
13,4,0.26055383682250977
13,5,0.25046324729919434
13,6,0.2523616552352905
13,7,0.2492794245481491
13,8,0.2715148329734802
13,9,0.2516171336174011
13,10,0.2503933906555176
13,11,0.2558463215827942
13,12,0.26106128096580505
13,13,0.24240446090698242
13,14,0.255171537399292
13,15,0.24545785784721375
14,1,0.24297428131103516
14,2,0.24774077534675598
14,3,0.23655544221401215
14,4,0.23632332682609558
14,5,0.24884064495563507
14,6,0.2590784430503845
14,7,0.2388615608215332
14,8,0.24947801232337952
14,9,0.2323915809392929
14,10,0.2349865734577179
14,11,0.2399536520242691
14,12,0.2549458146095276
14,13,0.2511703670024872
14,14,0.2248918116092682
14,15,0.25278401374816895
15,1,0.25687599182128906
15,2,0.22582672536373138
15,3,0.24338829517364502
15,4,0.22474345564842224
15,5,0.2563454508781433
15,6,0.2464650273323059
15,7,0.23030991852283478
15,8,0.2373664379119873
15,9,0.24753005802631378
15,10,0.22441309690475464
15,11,0.22651435434818268
15,12,0.22765804827213287
15,13,0.22420312464237213
15,14,0.2324892282485962
15,15,0.23458896577358246
16,1,0.22572121024131775
16,2,0.22549697756767273
16,3,0.22580906748771667
16,4,0.21354158222675323
16,5,0.23027265071868896
16,6,0.22768345475196838
16,7,0.22524571418762207
16,8,0.22517013549804688
16,9,0.20844599604606628
16,10,0.2252860814332962
16,11,0.21599793434143066
16,12,0.20298102498054504
16,13,0.2135249525308609
16,14,0.20647601783275604
16,15,0.202827587723732
17,1,0.21947725117206573
17,2,0.2091163992881775
17,3,0.2100670486688614
17,4,0.22635622322559357
17,5,0.1987568438053131
17,6,0.20039865374565125
17,7,0.20040743052959442
17,8,0.1977563202381134
17,9,0.20111221075057983
17,10,0.22461269795894623
17,11,0.20126128196716309
17,12,0.22769807279109955
17,13,0.21342486143112183
17,14,0.19166067242622375
17,15,0.20379361510276794
18,1,0.20542386174201965
18,2,0.19897370040416718
18,3,0.20387960970401764
18,4,0.189634308218956
18,5,0.2071758359670639
18,6,0.20959119498729706
18,7,0.20532920956611633
18,8,0.19852957129478455
18,9,0.1901564598083496
18,10,0.1936214566230774
18,11,0.18684785068035126
18,12,0.19924823939800262
18,13,0.20768296718597412
18,14,0.19564971327781677
18,15,0.18832927942276
19,1,0.18135595321655273
19,2,0.18711033463478088
19,3,0.19578817486763
19,4,0.19444534182548523
19,5,0.18900929391384125
19,6,0.18759573996067047
19,7,0.19396695494651794
19,8,0.1767892837524414
19,9,0.17105193436145782
19,10,0.18737390637397766
19,11,0.18466833233833313
19,12,0.2118811160326004
19,13,0.18566972017288208
19,14,0.2068738490343094
19,15,0.1847287118434906
20,1,0.1808752417564392
20,2,0.17711880803108215
20,3,0.17548105120658875
20,4,0.17969593405723572
20,5,0.18356338143348694
20,6,0.19341102242469788
20,7,0.17522349953651428
20,8,0.19069990515708923
20,9,0.181456059217453
20,10,0.18020540475845337
20,11,0.1814315766096115
20,12,0.18783944845199585
20,13,0.17349889874458313
20,14,0.18207894265651703
20,15,0.17348934710025787
21,1,0.1749107539653778
21,2,0.16042712330818176
21,3,0.17248308658599854
21,4,0.16467240452766418
21,5,0.17529666423797607
21,6,0.17594949901103973
21,7,0.16701024770736694
21,8,0.17101846635341644
21,9,0.17566271126270294
21,10,0.1741616278886795
21,11,0.1620820015668869
21,12,0.16627225279808044
21,13,0.16905568540096283
21,14,0.1776951253414154
21,15,0.17015361785888672
22,1,0.1686491221189499
22,2,0.17600533366203308
22,3,0.16618379950523376
22,4,0.16837525367736816
22,5,0.17637038230895996
22,6,0.16402533650398254
22,7,0.169780433177948
22,8,0.1664782166481018
22,9,0.17096582055091858
22,10,0.17693868279457092
22,11,0.1674652248620987
22,12,0.18449780344963074
22,13,0.163395494222641
22,14,0.15873491764068604
22,15,0.17111361026763916
23,1,0.17474715411663055
23,2,0.16629867255687714
23,3,0.16462060809135437
23,4,0.15919849276542664
23,5,0.16891276836395264
23,6,0.16256380081176758
23,7,0.15300041437149048
23,8,0.1629168689250946
23,9,0.1584530621767044
23,10,0.17183725535869598
23,11,0.1626548320055008
23,12,0.1469181776046753
23,13,0.14907023310661316
23,14,0.16932162642478943
23,15,0.15235641598701477
24,1,0.15560537576675415
24,2,0.15961474180221558
24,3,0.1506391018629074
24,4,0.1529773622751236
24,5,0.15401867032051086
24,6,0.1478559523820877
24,7,0.1655668020248413
24,8,0.15085963904857635
24,9,0.15638113021850586
24,10,0.15312671661376953
24,11,0.16786406934261322
24,12,0.15609902143478394
24,13,0.15666711330413818
24,14,0.1466190218925476
24,15,0.1482315957546234
25,1,0.17275568842887878
25,2,0.1518990844488144
25,3,0.1410948932170868
25,4,0.14725837111473083
25,5,0.1559484899044037
25,6,0.14239715039730072
25,7,0.1483839750289917
25,8,0.16237451136112213
25,9,0.1525099277496338
25,10,0.15419748425483704
25,11,0.14816273748874664
25,12,0.16166523098945618
25,13,0.16351544857025146
25,14,0.16892674565315247
25,15,0.14935652911663055
26,1,0.1616641879081726
26,2,0.15763866901397705
26,3,0.15313111245632172
26,4,0.14471228420734406
26,5,0.14481785893440247
26,6,0.15719139575958252
26,7,0.1503572016954422
26,8,0.14672550559043884
26,9,0.15212278068065643
26,10,0.15172918140888214
26,11,0.13931715488433838
26,12,0.14013516902923584
26,13,0.1473541259765625
26,14,0.14374378323554993
26,15,0.13563741743564606
27,1,0.1477942317724228
27,2,0.14971435070037842
27,3,0.13023585081100464
27,4,0.13695017993450165
27,5,0.14892350137233734
27,6,0.15103276073932648
27,7,0.13680484890937805
27,8,0.13583680987358093
27,9,0.14389550685882568
27,10,0.14250564575195312
27,11,0.147784024477005
27,12,0.1384986937046051
27,13,0.13604995608329773
27,14,0.13468149304389954
27,15,0.14848826825618744
28,1,0.1469871997833252
28,2,0.1477227658033371
28,3,0.15111830830574036
28,4,0.1410825252532959
28,5,0.1539192497730255
28,6,0.13231724500656128
28,7,0.14338630437850952
28,8,0.14677776396274567
28,9,0.127760648727417
28,10,0.13944800198078156
28,11,0.1303105354309082
28,12,0.13583961129188538
28,13,0.1365305781364441
28,14,0.13544434309005737
28,15,0.13399392366409302
29,1,0.13936835527420044
29,2,0.12749752402305603
29,3,0.13405349850654602
29,4,0.13525614142417908
29,5,0.14634007215499878
29,6,0.13678611814975739
29,7,0.13695436716079712
29,8,0.14069627225399017
29,9,0.12771573662757874
29,10,0.13550424575805664
29,11,0.1261868178844452
29,12,0.13404497504234314
29,13,0.14151978492736816
29,14,0.12722207605838776
29,15,0.1366426646709442
30,1,0.13072523474693298
30,2,0.14002372324466705
30,3,0.12549015879631042
30,4,0.1287718266248703
30,5,0.13551923632621765
30,6,0.13120871782302856
30,7,0.13356749713420868
30,8,0.1348659098148346
30,9,0.13036109507083893
30,10,0.15253397822380066
30,11,0.1350567489862442
30,12,0.13417425751686096
30,13,0.1305341124534607
30,14,0.13319751620292664
30,15,0.12354063987731934
31,1,0.1304018497467041
31,2,0.13950571417808533
31,3,0.1294393241405487
31,4,0.12247539311647415
31,5,0.12203673273324966
31,6,0.12779110670089722
31,7,0.13097774982452393
31,8,0.12465541064739227
31,9,0.13680262863636017
31,10,0.13624307513237
31,11,0.12387452274560928
31,12,0.12220494449138641
31,13,0.1405504047870636
31,14,0.14270581305027008
31,15,0.12851417064666748
32,1,0.12784582376480103
32,2,0.11793497949838638
32,3,0.12608101963996887
32,4,0.1133759617805481
32,5,0.12538698315620422
32,6,0.12619668245315552
32,7,0.12553222477436066
32,8,0.1345093846321106
32,9,0.12114717066287994
32,10,0.12270685285329819
32,11,0.12962111830711365
32,12,0.12669731676578522
32,13,0.12698951363563538
32,14,0.13094526529312134
32,15,0.11895516514778137
33,1,0.13669975101947784
33,2,0.1359066665172577
33,3,0.13638463616371155
33,4,0.12061936408281326
33,5,0.1259441375732422
33,6,0.11920858919620514
33,7,0.13600127398967743
33,8,0.1301697939634323
33,9,0.12876299023628235
33,10,0.11856359988451004
33,11,0.11771771311759949
33,12,0.12912264466285706
33,13,0.12417840957641602
33,14,0.12390384823083878
33,15,0.11407255381345749
34,1,0.11228149384260178
34,2,0.11613573133945465
34,3,0.12074970453977585
34,4,0.11952356994152069
34,5,0.11238377541303635
34,6,0.13463491201400757
34,7,0.12083214521408081
34,8,0.12498851865530014
34,9,0.12342095375061035
34,10,0.12834778428077698
34,11,0.12246321141719818
34,12,0.11487467586994171
34,13,0.12902897596359253
34,14,0.12558308243751526
34,15,0.1215498149394989
35,1,0.13270080089569092
35,2,0.11911836266517639
35,3,0.11150409281253815
35,4,0.12765730917453766
35,5,0.11706817895174026
35,6,0.12253694236278534
35,7,0.11857685446739197
35,8,0.11169037222862244
35,9,0.11391158401966095
35,10,0.12226133793592453
35,11,0.12078797817230225
35,12,0.125327467918396
35,13,0.12161006778478622
35,14,0.10976937413215637
35,15,0.11717411875724792
36,1,0.11746677756309509
36,2,0.1219562441110611
36,3,0.11348404735326767
36,4,0.11776828020811081
36,5,0.1230778694152832
36,6,0.12619547545909882
36,7,0.1255195289850235
36,8,0.12776421010494232
36,9,0.12377633899450302
36,10,0.11141444742679596
36,11,0.11560728400945663
36,12,0.11702744662761688
36,13,0.11348220705986023
36,14,0.12263709306716919
36,15,0.11498478055000305
37,1,0.1223423182964325
37,2,0.13351011276245117
37,3,0.11683470010757446
37,4,0.11541098356246948
37,5,0.11622880399227142
37,6,0.12523037195205688
37,7,0.1131022572517395
37,8,0.11322878301143646
37,9,0.11631905287504196
37,10,0.1178361028432846
37,11,0.11259999871253967
37,12,0.11206851899623871
37,13,0.12575557827949524
37,14,0.11305579543113708
37,15,0.1100306361913681
38,1,0.1155039370059967
38,2,0.11045239865779877
38,3,0.110137440264225
38,4,0.11611545085906982
38,5,0.13716718554496765
38,6,0.1235712319612503
38,7,0.11106798052787781
38,8,0.12037444114685059
38,9,0.12085947394371033
38,10,0.12863343954086304
38,11,0.10963588953018188
38,12,0.12104445695877075
38,13,0.1193028911948204
38,14,0.11903359740972519
38,15,0.12834294140338898
39,1,0.11812078207731247
39,2,0.12199711799621582
39,3,0.1249619647860527
39,4,0.11366070061922073
39,5,0.11295850574970245
39,6,0.13815873861312866
39,7,0.10461100935935974
39,8,0.12145140767097473
39,9,0.11436299979686737
39,10,0.11473493278026581
39,11,0.11140371114015579
39,12,0.11587368696928024
39,13,0.1297849416732788
39,14,0.11220580339431763
39,15,0.11945973336696625
40,1,0.11297491192817688
40,2,0.11711803078651428
40,3,0.1103680282831192
40,4,0.1095430850982666
40,5,0.11536736786365509
40,6,0.11881942301988602
40,7,0.11096253246068954
40,8,0.11922663450241089
40,9,0.12793368101119995
40,10,0.1087920069694519
40,11,0.10811607539653778
40,12,0.13270744681358337
40,13,0.11205536872148514
40,14,0.11225680261850357
40,15,0.11747509241104126
41,1,0.11107223480939865
41,2,0.1049816757440567
41,3,0.10345061123371124
41,4,0.11949107050895691
41,5,0.1075698733329773
41,6,0.10577916353940964
41,7,0.11302722990512848
41,8,0.11241284012794495
41,9,0.12572184205055237
41,10,0.10903728753328323
41,11,0.11469815671443939
41,12,0.10735896229743958
41,13,0.11779321730136871
41,14,0.11011120676994324
41,15,0.10884155333042145
42,1,0.10787846148014069
42,2,0.1123366728425026
42,3,0.10122895240783691
42,4,0.10848095268011093
42,5,0.10918854176998138
42,6,0.10941692441701889
42,7,0.10595642030239105
42,8,0.11200550198554993
42,9,0.11240695416927338
42,10,0.11002553999423981
42,11,0.10872194170951843
42,12,0.11502927541732788
42,13,0.11238116770982742
42,14,0.10444892197847366
42,15,0.11371326446533203
43,1,0.1034189909696579
43,2,0.11478552222251892
43,3,0.11609295755624771
43,4,0.10493667423725128
43,5,0.11603610217571259
43,6,0.10757386684417725
43,7,0.10342683643102646
43,8,0.11254136264324188
43,9,0.10846609622240067
43,10,0.1151142567396164
43,11,0.12983939051628113
43,12,0.10574671626091003
43,13,0.11808104813098907
43,14,0.11519373208284378
43,15,0.11755324900150299
44,1,0.11738071590662003
44,2,0.09986075758934021
44,3,0.10169428586959839
44,4,0.10030563175678253
44,5,0.11317621916532516
44,6,0.10799416899681091
44,7,0.10375359654426575
44,8,0.1060795933008194
44,9,0.11464118212461472
44,10,0.11218079179525375
44,11,0.10590994358062744
44,12,0.11476533859968185
44,13,0.10311944782733917
44,14,0.11075272411108017
44,15,0.11561555415391922
45,1,0.10014873743057251
45,2,0.11538910865783691
45,3,0.10838424414396286
45,4,0.1169290542602539
45,5,0.12315090000629425
45,6,0.10157230496406555
45,7,0.10257942974567413
45,8,0.09457628428936005
45,9,0.09863097965717316
45,10,0.10622948408126831
45,11,0.10488498210906982
45,12,0.10768544673919678
45,13,0.1006818413734436
45,14,0.1086370125412941
45,15,0.10366777330636978
46,1,0.10966147482395172
46,2,0.11916026473045349
46,3,0.10035581886768341
46,4,0.11709435284137726
46,5,0.10380961000919342
46,6,0.11050908267498016
46,7,0.10795947909355164
46,8,0.10938951373100281
46,9,0.10175560414791107
46,10,0.11847764253616333
46,11,0.10458400100469589
46,12,0.09789794683456421
46,13,0.10287634283304214
46,14,0.10354188829660416
46,15,0.10607870668172836
47,1,0.10566393285989761
47,2,0.10609886050224304
47,3,0.09788408875465393
47,4,0.10149495303630829
47,5,0.10256553441286087
47,6,0.09604877978563309
47,7,0.11035361140966415
47,8,0.10316057503223419
47,9,0.0969507247209549
47,10,0.10213792324066162
47,11,0.10758624970912933
47,12,0.10016679763793945
47,13,0.09593462198972702
47,14,0.09681573510169983
47,15,0.1035148948431015
48,1,0.09757833182811737
48,2,0.1109500378370285
48,3,0.10966047644615173
48,4,0.1024315133690834
48,5,0.11105579137802124
48,6,0.10525338351726532
48,7,0.11004047840833664
48,8,0.10363031923770905
48,9,0.09875261783599854
48,10,0.1042264774441719
48,11,0.10165216028690338
48,12,0.10083159804344177
48,13,0.10839226841926575
48,14,0.10404161363840103
48,15,0.10769005119800568
49,1,0.10492096841335297
49,2,0.09824906289577484
49,3,0.10290297120809555
49,4,0.10389073193073273
49,5,0.10489584505558014
49,6,0.117116279900074
49,7,0.1037670224905014
49,8,0.10446400940418243
49,9,0.10013033449649811
49,10,0.11543869972229004
49,11,0.10791459679603577
49,12,0.10642445832490921
49,13,0.10128659009933472
49,14,0.0957958996295929
49,15,0.10269565880298615
50,1,0.1221393346786499
50,2,0.1006438210606575
50,3,0.09792598336935043
50,4,0.10119426995515823
50,5,0.10675746202468872
50,6,0.09969370812177658
50,7,0.09784737229347229
50,8,0.09743496775627136
50,9,0.10113643109798431
50,10,0.09155049920082092
50,11,0.09672509133815765
50,12,0.10496626049280167
50,13,0.1136823445558548
50,14,0.10440535843372345
50,15,0.09724995493888855
