epoch,step,loss
1,1,4.789276123046875
1,2,4.721366882324219
1,3,4.743965148925781
1,4,4.6718292236328125
1,5,4.655052185058594
1,6,4.493117809295654
2,1,4.583087921142578
2,2,4.517753601074219
2,3,4.5945892333984375
2,4,4.53814697265625
2,5,4.5482330322265625
3,1,4.501472473144531
3,2,4.464118957519531
3,3,4.497795104980469
3,4,4.5605010986328125
3,5,4.514293670654297
4,1,4.47509765625
4,2,4.5042877197265625
4,3,4.422573089599609
4,4,4.477104187011719
4,5,4.457740783691406
5,1,4.463470458984375
5,2,4.392505645751953
5,3,4.407207489013672
5,4,4.429351806640625
5,5,4.4171905517578125
6,1,4.357505798339844
6,2,4.388484954833984
6,3,4.458015441894531
6,4,4.4086456298828125
6,5,4.3947601318359375
7,1,4.367265701293945
7,2,4.363674163818359
7,3,4.35687255859375
7,4,4.4210052490234375
7,5,4.4722747802734375
8,1,4.37921142578125
8,2,4.3161773681640625
8,3,4.323162078857422
8,4,4.3470916748046875
8,5,4.351661682128906
9,1,4.3424835205078125
9,2,4.369316101074219
9,3,4.375204086303711
9,4,4.332206726074219
9,5,4.362030029296875
10,1,4.268215179443359
10,2,4.299095153808594
10,3,4.282756805419922
10,4,4.304454803466797
10,5,4.3723297119140625
11,1,4.268363952636719
11,2,4.297573089599609
11,3,4.291999816894531
11,4,4.271209716796875
11,5,4.364719390869141
12,1,4.221765518188477
12,2,4.2151641845703125
12,3,4.248683929443359
12,4,4.281251907348633
12,5,4.301977157592773
13,1,4.221808910369873
13,2,4.268028259277344
13,3,4.155337333679199
13,4,4.190193176269531
13,5,4.230232238769531
14,1,4.164453506469727
14,2,4.273904800415039
14,3,4.223514556884766
14,4,4.134714126586914
14,5,4.1923675537109375
15,1,4.244921684265137
15,2,4.213459014892578
15,3,4.163422107696533
15,4,4.0782060623168945
15,5,4.230714797973633
16,1,4.013450622558594
16,2,4.194230556488037
16,3,4.123073101043701
16,4,4.045248031616211
16,5,4.2114176750183105
17,1,4.120306015014648
17,2,4.113664150238037
17,3,4.140315055847168
17,4,4.0253143310546875
17,5,4.007004261016846
18,1,4.090184211730957
18,2,3.931722402572632
18,3,3.956512451171875
18,4,4.163482666015625
18,5,4.092982292175293
19,1,4.084445953369141
19,2,3.9631309509277344
19,3,3.9514808654785156
19,4,3.9991424083709717
19,5,4.03045654296875
20,1,3.9685611724853516
20,2,3.989593505859375
20,3,3.996166229248047
20,4,3.9472386837005615
20,5,3.9759368896484375
21,1,3.912059783935547
21,2,3.876197099685669
21,3,3.90938663482666
21,4,4.011460781097412
21,5,3.9977893829345703
22,1,3.8855514526367188
22,2,3.9371986389160156
22,3,3.8295154571533203
22,4,3.7682864665985107
22,5,3.873621940612793
23,1,3.7629871368408203
23,2,3.8394546508789062
23,3,3.8367390632629395
23,4,3.832937240600586
23,5,3.901370048522949
24,1,3.7591681480407715
24,2,3.8279638290405273
24,3,3.855255603790283
24,4,3.7749505043029785
24,5,3.8223190307617188
25,1,3.728321075439453
25,2,3.7370033264160156
25,3,3.799406051635742
25,4,3.767197608947754
25,5,3.859773635864258
26,1,3.751498222351074
26,2,3.937911033630371
26,3,3.768587112426758
26,4,3.7711639404296875
26,5,3.6307334899902344
27,1,3.802432060241699
27,2,3.7449302673339844
27,3,3.53366756439209
27,4,3.831007957458496
27,5,3.6842117309570312
28,1,3.75531005859375
28,2,3.7971951961517334
28,3,3.5605812072753906
28,4,3.6407241821289062
28,5,3.664478302001953
29,1,3.662954330444336
29,2,3.6653575897216797
29,3,3.7240142822265625
29,4,3.642536163330078
29,5,3.7188854217529297
30,1,3.6464900970458984
30,2,3.5773353576660156
30,3,3.7489871978759766
30,4,3.62398624420166
30,5,3.6397018432617188
31,1,3.593165397644043
31,2,3.6051559448242188
31,3,3.648794174194336
31,4,3.512350082397461
31,5,3.7407455444335938
32,1,3.5347042083740234
32,2,3.5144004821777344
32,3,3.7171154022216797
32,4,3.616072654724121
32,5,3.5110578536987305
33,1,3.5253524780273438
33,2,3.344533920288086
33,3,3.5218124389648438
33,4,3.765897750854492
33,5,3.606356620788574
34,1,3.503847599029541
34,2,3.605234146118164
34,3,3.6066508293151855
34,4,3.460287094116211
34,5,3.39260196685791
35,1,3.581624984741211
35,2,3.567218780517578
35,3,3.5545787811279297
35,4,3.5553274154663086
35,5,3.4757347106933594
36,1,3.319753646850586
36,2,3.460434913635254
36,3,3.4434194564819336
36,4,3.492034912109375
36,5,3.5751266479492188
37,1,3.440260887145996
37,2,3.3341493606567383
37,3,3.653156280517578
37,4,3.286614418029785
37,5,3.3745574951171875
38,1,3.376903533935547
38,2,3.488442897796631
38,3,3.469027519226074
38,4,3.294687271118164
38,5,3.514486789703369
39,1,3.334514617919922
39,2,3.5346317291259766
39,3,3.516834259033203
39,4,3.4603209495544434
39,5,3.3524703979492188
40,1,3.412464141845703
40,2,3.4101271629333496
40,3,3.5769424438476562
40,4,3.4404144287109375
40,5,3.2845993041992188
41,1,3.302503824234009
41,2,3.4780941009521484
41,3,3.2644946575164795
41,4,3.2908878326416016
41,5,3.5309619903564453
42,1,3.3331642150878906
42,2,3.2988080978393555
42,3,3.5793981552124023
42,4,3.3986454010009766
42,5,3.281827449798584
43,1,3.371340751647949
43,2,3.430776596069336
43,3,3.5163278579711914
43,4,3.3765182495117188
43,5,3.2613449096679688
44,1,3.48500919342041
44,2,3.3290605545043945
44,3,3.194629192352295
44,4,3.3327159881591797
44,5,3.1931753158569336
45,1,3.40085506439209
45,2,3.2584404945373535
45,3,3.2166271209716797
45,4,3.291483163833618
45,5,3.230757713317871
46,1,3.314335346221924
46,2,3.3226470947265625
46,3,3.2638511657714844
46,4,3.2292041778564453
46,5,3.2497661113739014
47,1,3.4723546504974365
47,2,3.1273765563964844
47,3,3.3020925521850586
47,4,3.355428695678711
47,5,3.3602027893066406
48,1,3.3260087966918945
48,2,3.3292016983032227
48,3,3.3251633644104004
48,4,3.30191707611084
48,5,3.312124252319336
49,1,3.488431930541992
49,2,3.3389947414398193
49,3,3.4055004119873047
49,4,3.042943000793457
49,5,3.335681915283203
50,1,3.1008200645446777
50,2,3.26300048828125
50,3,3.245589256286621
50,4,3.164043426513672
50,5,3.2191696166992188
51,1,3.074284076690674
51,2,3.17327880859375
51,3,3.1616291999816895
51,4,3.215510368347168
51,5,3.210869789123535
52,1,3.2942776679992676
52,2,3.1680397987365723
52,3,3.359893798828125
52,4,3.3510427474975586
52,5,3.2271499633789062
53,1,3.14821720123291
53,2,3.4438419342041016
53,3,3.133690357208252
53,4,3.267892837524414
53,5,3.237183094024658
54,1,3.2663862705230713
54,2,3.124591827392578
54,3,3.23175048828125
54,4,3.491973876953125
54,5,3.2859935760498047
55,1,3.180445671081543
55,2,3.3495397567749023
55,3,3.1111507415771484
55,4,3.0961828231811523
55,5,3.144528388977051
56,1,2.957874298095703
56,2,3.2381420135498047
56,3,3.1860365867614746
56,4,3.177689552307129
56,5,3.323737144470215
57,1,3.258175849914551
57,2,3.147768020629883
57,3,3.0432229042053223
57,4,3.298741340637207
57,5,3.234259605407715
58,1,3.066725254058838
58,2,3.113205909729004
58,3,3.02020263671875
58,4,3.243809700012207
58,5,3.13936710357666
59,1,3.0772881507873535
59,2,3.1122310161590576
59,3,3.2846364974975586
59,4,3.0091896057128906
59,5,3.04172945022583
60,1,2.9523520469665527
60,2,3.515434980392456
60,3,2.9881935119628906
60,4,3.252408981323242
60,5,3.338336944580078
61,1,3.08902645111084
61,2,3.264667510986328
61,3,3.23237943649292
61,4,3.110124111175537
61,5,3.058237075805664
62,1,3.255901336669922
62,2,3.265798568725586
62,3,3.2357044219970703
62,4,2.9936399459838867
62,5,3.072504997253418
63,1,3.0207386016845703
63,2,3.0843892097473145
63,3,3.042536735534668
63,4,3.100883960723877
63,5,3.2702293395996094
64,1,2.940763473510742
64,2,3.1090612411499023
64,3,2.9824466705322266
64,4,3.232283353805542
64,5,3.07753849029541
65,1,3.1026201248168945
65,2,3.1585731506347656
65,3,3.0287089347839355
65,4,2.939554214477539
65,5,2.9712533950805664
66,1,2.798341751098633
66,2,3.0803704261779785
66,3,2.9659481048583984
66,4,3.10614013671875
66,5,2.974198818206787
67,1,3.143165111541748
67,2,3.0876245498657227
67,3,3.0492191314697266
67,4,2.982231616973877
67,5,2.9707400798797607
68,1,2.9613161087036133
68,2,3.067957878112793
68,3,3.019476890563965
68,4,2.8513426780700684
68,5,3.0272860527038574
69,1,3.1398561000823975
69,2,2.8722829818725586
69,3,3.017666816711426
69,4,3.2968554496765137
69,5,3.0081682205200195
70,1,3.108642578125
70,2,3.108248233795166
70,3,3.064363479614258
70,4,2.867307662963867
70,5,3.0460166931152344
71,1,3.23459792137146
71,2,3.0436625480651855
71,3,3.2035770416259766
71,4,2.9881575107574463
71,5,3.0452637672424316
72,1,3.13877534866333
72,2,3.104422092437744
72,3,3.028676986694336
72,4,2.87772536277771
72,5,2.8192124366760254
73,1,3.272810935974121
73,2,3.022819995880127
73,3,3.1737399101257324
73,4,2.915382146835327
73,5,2.911555290222168
74,1,3.083523750305176
74,2,3.020008087158203
74,3,3.071652412414551
74,4,3.1532645225524902
74,5,2.9995031356811523
75,1,3.03780460357666
75,2,2.9581241607666016
75,3,3.0249948501586914
75,4,3.020923614501953
75,5,3.2430105209350586
76,1,3.1678810119628906
76,2,3.119849681854248
76,3,2.99025297164917
76,4,2.901052951812744
76,5,2.9877281188964844
77,1,3.1480512619018555
77,2,3.197932243347168
77,3,3.0313870906829834
77,4,3.100252151489258
77,5,2.937175750732422
78,1,3.1451520919799805
78,2,2.904755115509033
78,3,2.999703884124756
78,4,3.0159215927124023
78,5,2.8710885047912598
79,1,3.2146782875061035
79,2,2.9714133739471436
79,3,2.7446069717407227
79,4,3.292586326599121
79,5,3.109922409057617
80,1,3.0968375205993652
80,2,3.0200395584106445
80,3,2.8919620513916016
80,4,3.162937879562378
80,5,3.0037145614624023
81,1,3.0225086212158203
81,2,2.953662872314453
81,3,2.922999858856201
81,4,3.0382795333862305
81,5,2.925225257873535
82,1,2.9053454399108887
82,2,2.8355467319488525
82,3,3.1280016899108887
82,4,3.166182518005371
82,5,3.1705119609832764
83,1,3.0542783737182617
83,2,2.8941054344177246
83,3,3.0374703407287598
83,4,3.035926342010498
83,5,2.9422659873962402
84,1,2.977222442626953
84,2,3.048985004425049
84,3,2.8439836502075195
84,4,2.9526419639587402
84,5,2.9888124465942383
85,1,3.159158706665039
85,2,2.737791061401367
85,3,3.0738306045532227
85,4,3.241260528564453
85,5,2.913691520690918
86,1,2.9672183990478516
86,2,3.0450797080993652
86,3,2.868842601776123
86,4,3.0276341438293457
86,5,3.0545787811279297
87,1,3.1017842292785645
87,2,2.9534506797790527
87,3,2.883795738220215
87,4,2.796719551086426
87,5,2.8234214782714844
88,1,2.978886604309082
88,2,2.8654088973999023
88,3,3.0624756813049316
88,4,3.1340389251708984
88,5,2.921293258666992
89,1,2.900073528289795
89,2,2.8584232330322266
89,3,3.1345510482788086
89,4,2.9206643104553223
89,5,2.9703168869018555
90,1,2.953489303588867
90,2,2.9910759925842285
90,3,2.893136501312256
90,4,3.007056713104248
90,5,2.9469661712646484
91,1,2.9015703201293945
91,2,2.9652256965637207
91,3,2.8271751403808594
91,4,3.1020452976226807
91,5,3.2191052436828613
92,1,3.1378700733184814
92,2,2.889737606048584
92,3,3.0270862579345703
92,4,2.9270477294921875
92,5,3.0313925743103027
93,1,3.129800796508789
93,2,2.920229911804199
93,3,3.169623374938965
93,4,2.986786365509033
93,5,2.9652881622314453
94,1,2.9897103309631348
94,2,2.929692268371582
94,3,2.893901824951172
94,4,3.002418041229248
94,5,2.9304919242858887
95,1,2.9234743118286133
95,2,2.79380464553833
95,3,3.1060433387756348
95,4,2.9143710136413574
95,5,2.816427230834961
96,1,2.770564079284668
96,2,3.083984375
96,3,2.8677916526794434
96,4,3.179421901702881
96,5,2.7665340900421143
97,1,2.9632012844085693
97,2,2.8517026901245117
97,3,2.8599801063537598
97,4,2.7138595581054688
97,5,2.7915163040161133
98,1,2.668595314025879
98,2,2.9637434482574463
98,3,2.9131808280944824
98,4,3.0858516693115234
98,5,3.038456916809082
99,1,2.8930792808532715
99,2,3.0879030227661133
99,3,2.9560317993164062
99,4,2.717228889465332
99,5,3.1394100189208984
100,1,2.964430332183838
100,2,2.962000846862793
100,3,3.0586862564086914
100,4,2.8344779014587402
100,5,3.0476741790771484
